[1711854000] LOG ROTATION: DAILY
[1711854000] LOG VERSION: 2.0
[1711854000] CURRENT HOST STATE: ADL Diagnostic;UP;HARD;1;PING OK - Packet loss = 0%, RTA = 34.76 ms
[1711854000] CURRENT HOST STATE: Blueshell;UP;HARD;1;PING OK - Packet loss = 0%, RTA = 3.16 ms
[1711854000] CURRENT HOST STATE: Cass Entel;UP;HARD;1;PING OK - Packet loss = 0%, RTA = 0.63 ms
[1711854000] CURRENT HOST STATE: Cass Telsur;UP;HARD;1;PING OK - Packet loss = 44%, RTA = 1.14 ms
[1711854000] CURRENT HOST STATE: Clinica PV Movistar;UP;HARD;1;PING OK - Packet loss = 0%, RTA = 31.65 ms
[1711854000] CURRENT HOST STATE: Clinica PV Telsur;UP;HARD;1;PING OK - Packet loss = 0%, RTA = 1.43 ms
[1711854000] CURRENT HOST STATE: Confe;UP;HARD;1;PING OK - Packet loss = 0%, RTA = 38.40 ms
[1711854000] CURRENT HOST STATE: Electric Works;UP;HARD;1;PING OK - Packet loss = 0%, RTA = 32.99 ms
[1711854000] CURRENT HOST STATE: Exper03.exxperience.cl;UP;HARD;1;PING OK - Packet loss = 0%, RTA = 1.83 ms
[1711854000] CURRENT HOST STATE: Ext Entel;UP;HARD;1;PING OK - Packet loss = 0%, RTA = 0.64 ms
[1711854000] CURRENT HOST STATE: Ext Telsur;UP;HARD;1;PING OK - Packet loss = 0%, RTA = 1.21 ms
[1711854000] CURRENT HOST STATE: FW ADL Diagnostic;UP;HARD;1;PING OK - Packet loss = 0%, RTA = 33.81 ms
[1711854000] CURRENT HOST STATE: FW Blueshell;UP;HARD;1;PING OK - Packet loss = 0%, RTA = 3.24 ms
[1711854000] CURRENT HOST STATE: FW Cass Entel;UP;HARD;1;PING OK - Packet loss = 16%, RTA = 33.93 ms
[1711854000] CURRENT HOST STATE: FW Cass Telsur;UP;HARD;1;PING OK - Packet loss = 0%, RTA = 0.59 ms
[1711854000] CURRENT HOST STATE: FW Clinica PV Movistar;UP;HARD;1;PING OK - Packet loss = 0%, RTA = 33.95 ms
[1711854000] CURRENT HOST STATE: FW Clinica PV Telsur;UP;HARD;1;PING OK - Packet loss = 0%, RTA = 1.49 ms
[1711854000] CURRENT HOST STATE: FW Confe;UP;HARD;1;PING OK - Packet loss = 0%, RTA = 38.25 ms
[1711854000] CURRENT HOST STATE: FW Electric Works;UP;HARD;1;PING OK - Packet loss = 0%, RTA = 34.15 ms
[1711854000] CURRENT HOST STATE: FW Gore Los Lagos;UP;HARD;1;PING OK - Packet loss = 0%, RTA = 1.23 ms
[1711854000] CURRENT HOST STATE: FW OyC;UP;HARD;1;PING OK - Packet loss = 0%, RTA = 48.39 ms
[1711854000] CURRENT HOST STATE: FW Pasmar;UP;HARD;1;PING OK - Packet loss = 0%, RTA = 3.20 ms
[1711854000] CURRENT HOST STATE: Gore Los Lagos;UP;HARD;1;PING OK - Packet loss = 0%, RTA = 1.24 ms
[1711854000] CURRENT HOST STATE: Host-10.0.0.120;UP;HARD;1;PING OK - Packet loss = 0%, RTA = 0.50 ms
[1711854000] CURRENT HOST STATE: Host-10.0.0.121;UP;HARD;1;PING OK - Packet loss = 0%, RTA = 0.67 ms
[1711854000] CURRENT HOST STATE: Host-10.0.0.124;UP;HARD;1;PING OK - Packet loss = 0%, RTA = 0.56 ms
[1711854000] CURRENT HOST STATE: Internet;UP;HARD;1;PING OK - Packet loss = 0%, RTA = 17.13 ms
[1711854000] CURRENT HOST STATE: OyC Entel;UP;HARD;1;PING OK - Packet loss = 0%, RTA = 38.73 ms
[1711854000] CURRENT HOST STATE: OyC Teledata;UP;HARD;1;PING OK - Packet loss = 16%, RTA = 43.08 ms
[1711854000] CURRENT HOST STATE: Pasmar;UP;HARD;1;PING OK - Packet loss = 0%, RTA = 1.32 ms
[1711854000] CURRENT HOST STATE: Qnap NAS;UP;HARD;1;PING OK - Packet loss = 0%, RTA = 0.31 ms
[1711854000] CURRENT HOST STATE: SRV01USER_cass.cl;UP;HARD;1;PING OK - Packet loss = 0%, RTA = 2.22 ms
[1711854000] CURRENT HOST STATE: SRV04AD01.cass.cl;UP;HARD;1;PING OK - Packet loss = 0%, RTA = 0.83 ms
[1711854000] CURRENT HOST STATE: SRV05AD02_cass.cl;UP;HARD;1;PING OK - Packet loss = 0%, RTA = 1.47 ms
[1711854000] CURRENT HOST STATE: SRV05AD2_cass.pmc;UP;HARD;1;PING OK - Packet loss = 0%, RTA = 2.27 ms
[1711854000] CURRENT HOST STATE: SRV11VIBE_cass.cl;UP;HARD;1;PING OK - Packet loss = 0%, RTA = 0.99 ms
[1711854000] CURRENT HOST STATE: SRVAD1.cass.pmc;UP;HARD;1;PING OK - Packet loss = 0%, RTA = 1.94 ms
[1711854000] CURRENT HOST STATE: SRVAD2.cass.pmc;UP;HARD;1;PING OK - Packet loss = 0%, RTA = 1.58 ms
[1711854000] CURRENT HOST STATE: SRVADMIN.cass.pmc;UP;HARD;1;PING OK - Packet loss = 0%, RTA = 1.68 ms
[1711854000] CURRENT HOST STATE: SRVCONT.cass.cl;UP;HARD;1;PING OK - Packet loss = 0%, RTA = 3.11 ms
[1711854000] CURRENT HOST STATE: SRVDC01_cass.pmc;UP;HARD;1;PING OK - Packet loss = 0%, RTA = 1.81 ms
[1711854000] CURRENT HOST STATE: SRVDC1.cass.pmc;UP;HARD;1;PING OK - Packet loss = 0%, RTA = 1.88 ms
[1711854000] CURRENT HOST STATE: SRVDNS;UP;HARD;1;PING OK - Packet loss = 0%, RTA = 1.20 ms
[1711854000] CURRENT HOST STATE: SRVWEB_cass.cl;UP;HARD;1;PING OK - Packet loss = 0%, RTA = 1.04 ms
[1711854000] CURRENT HOST STATE: SRV_Cfiler.cass.cl;UP;HARD;1;PING OK - Packet loss = 0%, RTA = 0.63 ms
[1711854000] CURRENT HOST STATE: SRV_GLPI;UP;HARD;1;PING OK - Packet loss = 0%, RTA = 0.53 ms
[1711854000] CURRENT HOST STATE: SRV_GXConsultores;UP;HARD;1;PING OK - Packet loss = 0%, RTA = 1.08 ms
[1711854000] CURRENT HOST STATE: SRV_Oraculo_cass.cl;UP;HARD;1;PING OK - Packet loss = 0%, RTA = 1.16 ms
[1711854000] CURRENT HOST STATE: SRV_Prometheus;UP;HARD;1;PING OK - Packet loss = 0%, RTA = 0.64 ms
[1711854000] CURRENT HOST STATE: SRV_SOS2021.cass.cl;UP;HARD;1;PING OK - Packet loss = 0%, RTA = 0.66 ms
[1711854000] CURRENT HOST STATE: SRV_SUM;UP;HARD;1;PING OK - Packet loss = 0%, RTA = 0.69 ms
[1711854000] CURRENT HOST STATE: SRV_Sharepoint;UP;HARD;1;PING OK - Packet loss = 0%, RTA = 1.19 ms
[1711854000] CURRENT HOST STATE: SRV_Soporte;UP;HARD;1;PING OK - Packet loss = 0%, RTA = 2.38 ms
[1711854000] CURRENT HOST STATE: SRV_VeeamOne;DOWN;HARD;10;CRITICAL - Host Unreachable (10.0.0.101)
[1711854000] CURRENT HOST STATE: SRV_chat.cass.cl;UP;HARD;1;PING OK - Packet loss = 0%, RTA = 0.56 ms
[1711854000] CURRENT HOST STATE: SRV_email.cass.cl;UP;HARD;1;PING OK - Packet loss = 0%, RTA = 1.38 ms
[1711854000] CURRENT HOST STATE: SRV_nagios;UP;HARD;1;PING OK - Packet loss = 0%, RTA = 0.08 ms
[1711854000] CURRENT HOST STATE: SRV_sync.cass.cl;UP;HARD;1;PING OK - Packet loss = 0%, RTA = 1.03 ms
[1711854000] CURRENT HOST STATE: Servidor Vcenter;UP;HARD;1;PING OK - Packet loss = 0%, RTA = 0.63 ms
[1711854000] CURRENT HOST STATE: Servidores CASS;UP;HARD;1;PING OK - Packet loss = 0%, RTA = 1.20 ms
[1711854000] CURRENT HOST STATE: Ups Principal;UP;HARD;1;PING OK - Packet loss = 0%, RTA = 1.00 ms
[1711854000] CURRENT HOST STATE: Veeam2023.cass.pmc;UP;HARD;1;PING OK - Packet loss = 0%, RTA = 2.51 ms
[1711854000] CURRENT HOST STATE: web_cass_cl;UP;HARD;1;PING OK - Packet loss = 0%, RTA = 0.63 ms
[1711854000] CURRENT SERVICE STATE: ADL Diagnostic;Ping;OK;HARD;1;PING OK - Packet loss = 0%, RTA = 34.94 ms
[1711854000] CURRENT SERVICE STATE: Blueshell;Ping;OK;HARD;1;PING OK - Packet loss = 0%, RTA = 3.19 ms
[1711854000] CURRENT SERVICE STATE: Clinica PV Movistar;Ping;OK;HARD;1;PING OK - Packet loss = 0%, RTA = 31.68 ms
[1711854000] CURRENT SERVICE STATE: Confe;Ping;OK;HARD;1;PING OK - Packet loss = 0%, RTA = 59.51 ms
[1711854000] CURRENT SERVICE STATE: Electric Works;Ping;OK;HARD;1;PING OK - Packet loss = 0%, RTA = 33.02 ms
[1711854000] CURRENT SERVICE STATE: Ext Telsur;Ping;OK;HARD;1;PING OK - Packet loss = 0%, RTA = 1.12 ms
[1711854000] CURRENT SERVICE STATE: FW ADL Diagnostic;Ping;OK;HARD;1;PING OK - Packet loss = 0%, RTA = 33.86 ms
[1711854000] CURRENT SERVICE STATE: FW Blueshell;Ping;OK;HARD;1;PING OK - Packet loss = 28%, RTA = 5.01 ms
[1711854000] CURRENT SERVICE STATE: FW Cass Entel;Ping;OK;HARD;1;PING OK - Packet loss = 0%, RTA = 33.98 ms
[1711854000] CURRENT SERVICE STATE: FW Cass Telsur;Ancho de Banda DMZ;OK;HARD;1;OK - Average IN: 7.16KB (0.01%), Average OUT: 4.58KB (0.00%)Total RX: 61.72GBytes, Total TX: 28.15GBytes
[1711854000] CURRENT SERVICE STATE: FW Cass Telsur;Ancho de Banda LAN;OK;HARD;1;OK - Average IN: 1.87KB (0.00%), Average OUT: 36.11KB (0.03%)Total RX: 633.77GBytes, Total TX: 704.19GBytes
[1711854000] CURRENT SERVICE STATE: FW Cass Telsur;Ancho de Banda WAN;OK;HARD;1;OK - Average IN: 306.87B (0.00%), Average OUT: 96.30B (0.00%)Total RX: 4570.52GBytes, Total TX: 4919.35GBytes
[1711854000] CURRENT SERVICE STATE: FW Cass Telsur;Estado Puerto DMZ;OK;HARD;1;OK: Interface eth2 (index 4) is up.
[1711854000] CURRENT SERVICE STATE: FW Cass Telsur;Estado Puerto LAN;OK;HARD;1;OK: Interface eth0 (index 2) is up.
[1711854000] CURRENT SERVICE STATE: FW Cass Telsur;Estado Puerto WAN;OK;HARD;1;OK: Interface eth1 (index 3) is up.
[1711854000] CURRENT SERVICE STATE: FW Cass Telsur;Estado TCP Sophos;OK;HARD;1;TCP OK - 0.001 second response time on 201.220.96.34 port 4444
[1711854000] CURRENT SERVICE STATE: FW Cass Telsur;Ping;OK;HARD;1;PING OK - Packet loss = 0%, RTA = 0.61 ms
[1711854000] CURRENT SERVICE STATE: FW Cass Telsur;Tiempo Activo;OK;HARD;1;SNMP OK - Timeticks: (90648937) 10 days, 11:48:09.37
[1711854000] CURRENT SERVICE STATE: FW Clinica PV Movistar;Ping;OK;HARD;1;PING OK - Packet loss = 0%, RTA = 34.01 ms
[1711854000] CURRENT SERVICE STATE: FW Confe;Ping;OK;HARD;1;PING OK - Packet loss = 0%, RTA = 38.29 ms
[1711854000] CURRENT SERVICE STATE: FW Electric Works;Ping;OK;HARD;1;PING OK - Packet loss = 0%, RTA = 34.00 ms
[1711854000] CURRENT SERVICE STATE: FW Gore Los Lagos;Ping;OK;HARD;1;PING OK - Packet loss = 0%, RTA = 1.27 ms
[1711854000] CURRENT SERVICE STATE: FW Pasmar;Ping;OK;HARD;1;PING OK - Packet loss = 0%, RTA = 1.55 ms
[1711854000] CURRENT SERVICE STATE: Gore Los Lagos;Ping;OK;HARD;1;PING OK - Packet loss = 0%, RTA = 1.27 ms
[1711854000] CURRENT SERVICE STATE: Host-10.0.0.120;Ping;OK;HARD;1;PING OK - Packet loss = 0%, RTA = 0.40 ms
[1711854000] CURRENT SERVICE STATE: Host-10.0.0.121;Ping;OK;HARD;1;PING OK - Packet loss = 0%, RTA = 0.45 ms
[1711854000] CURRENT SERVICE STATE: Pasmar;Ping;OK;HARD;1;PING OK - Packet loss = 0%, RTA = 1.31 ms
[1711854000] CURRENT SERVICE STATE: Qnap NAS;Almacenamiento;OK;HARD;1;OK: Total:50TB - Used:36TB - Free:14TB - Used Space: 71%
[1711854000] CURRENT SERVICE STATE: Qnap NAS;Estado;OK;HARD;1;Power Supply #1 - OK: GOOD
[1711854000] CURRENT SERVICE STATE: Qnap NAS;Memoria;OK;HARD;1;OK: Total:3830MB - Used:1300MB - Free:2530MB = 34%
[1711854000] CURRENT SERVICE STATE: Qnap NAS;Sysinfo;OK;HARD;1;NAS Cloud, Model TS-879U-RP, Firmware 4.3.6, Max HD number 8, No. Volume 2
[1711854000] CURRENT SERVICE STATE: Qnap NAS;Temperatura;OK;HARD;1;OK: Temperature=36C
[1711854000] CURRENT SERVICE STATE: Qnap NAS;Tiempo Activo;OK;HARD;1;SNMP OK - Timeticks: (30500277) 3 days, 12:43:22.77
[1711854000] CURRENT SERVICE STATE: SRV01USER_cass.cl;Actualizacion;OK;HARD;1;OK - no pending updates.
[1711854000] CURRENT SERVICE STATE: SRV01USER_cass.cl;Almacenamiento C;WARNING;HARD;3;c:\ - total: 119.40 Gb - used: 99.21 Gb (83%) - free 20.19 Gb (17%)
[1711854000] CURRENT SERVICE STATE: SRV01USER_cass.cl;Almacenamiento U;OK;HARD;1;u:\ - total: 1023.98 Gb - used: 226.99 Gb (22%) - free 797.00 Gb (78%)
[1711854000] CURRENT SERVICE STATE: SRV01USER_cass.cl;CPU;OK;HARD;1;CPU Load 2% (5 min average)
[1711854000] CURRENT SERVICE STATE: SRV01USER_cass.cl;Memoria;OK;HARD;1;Memory usage: total:23551.21 MB - used: 10032.68 MB (43%) - free: 13518.53 MB (57%)
[1711854000] CURRENT SERVICE STATE: SRV01USER_cass.cl;Ping;OK;HARD;1;PING OK - Packet loss = 0%, RTA = 2.64 ms
[1711854000] CURRENT SERVICE STATE: SRV01USER_cass.cl;Tiempo Activo;OK;HARD;1;System Uptime - 6 day(s) 15 hour(s) 53 minute(s)
[1711854000] CURRENT SERVICE STATE: SRV04AD01.cass.cl;Ping;OK;HARD;1;PING OK - Packet loss = 0%, RTA = 1.30 ms
[1711854000] CURRENT SERVICE STATE: SRV05AD02_cass.cl;Ping;OK;HARD;1;PING OK - Packet loss = 0%, RTA = 1.33 ms
[1711854000] CURRENT SERVICE STATE: SRV11VIBE_cass.cl;Actualizacion;CRITICAL;HARD;3;Updates CRITICAL : discontinued OS Release SLE 15.1: At least one of your Repositories might be out of date. Please run "zypper refresh" as root to update it.  3 security update(s): 1 recommended update(s):  2 package update(s):
[1711854000] CURRENT SERVICE STATE: SRV11VIBE_cass.cl;Almacenamiento /;OK;HARD;1;DISK OK - free space: /var/tmp 78573 MiB (85.73% inode=-):
[1711854000] CURRENT SERVICE STATE: SRV11VIBE_cass.cl;CPU;OK;HARD;1;OK - load average per CPU: 0.01, 0.01, 0.00
[1711854000] CURRENT SERVICE STATE: SRV11VIBE_cass.cl;Memoria;OK;HARD;1;[MEMORY] Total: 7693 MB - Used: 3312 MB - 43% [SWAP] Total: 7944 MB - Used: 14 MB - 0%
[1711854000] CURRENT SERVICE STATE: SRV11VIBE_cass.cl;Ping;OK;HARD;1;PING OK - Packet loss = 0%, RTA = 1.26 ms
[1711854000] CURRENT SERVICE STATE: SRV11VIBE_cass.cl;Proceso Vibe;OK;HARD;1;PROCS OK: 0 processes with command name 'vibe'
[1711854000] CURRENT SERVICE STATE: SRV11VIBE_cass.cl;Procesos;OK;HARD;1;PROCS OK: 309 processes
[1711854000] CURRENT SERVICE STATE: SRV11VIBE_cass.cl;Procesos Zombies;OK;HARD;1;PROCS OK: 0 processes with STATE = Z
[1711854000] CURRENT SERVICE STATE: SRV11VIBE_cass.cl;Puerto HTTP;OK;HARD;1;TCP OK - 0.001 second response time on 10.0.2.13 port 80
[1711854000] CURRENT SERVICE STATE: SRV11VIBE_cass.cl;Puerto HTTPS;OK;HARD;1;TCP OK - 0.001 second response time on 10.0.2.13 port 443
[1711854000] CURRENT SERVICE STATE: SRV11VIBE_cass.cl;Servicio Vibe;OK;HARD;1;OK: Service vibe is running!
[1711854000] CURRENT SERVICE STATE: SRV11VIBE_cass.cl;Tiempo Activo;OK;HARD;1;Uptime OK: 22 day(s) 8 hour(s) 19 minute(s)
[1711854000] CURRENT SERVICE STATE: SRV11VIBE_cass.cl;Usuarios Login;OK;HARD;1;USERS OK - 2 users currently logged in
[1711854000] CURRENT SERVICE STATE: SRVAD1.cass.pmc;Ping;OK;HARD;1;PING OK - Packet loss = 0%, RTA = 1.78 ms
[1711854000] CURRENT SERVICE STATE: SRVAD2.cass.pmc;Ping;OK;HARD;1;PING OK - Packet loss = 0%, RTA = 1.64 ms
[1711854000] CURRENT SERVICE STATE: SRVADMIN.cass.pmc;Actualizacion;OK;HARD;1;OK - no pending updates.
[1711854000] CURRENT SERVICE STATE: SRVADMIN.cass.pmc;Almacenamiento;OK;HARD;1;c:\ - total: 299.66 Gb - used: 161.59 Gb (54%) - free 138.06 Gb (46%)
[1711854000] CURRENT SERVICE STATE: SRVADMIN.cass.pmc;CPU;OK;HARD;1;CPU Load 1% (5 min average)
[1711854000] CURRENT SERVICE STATE: SRVADMIN.cass.pmc;Memoria;OK;HARD;1;Memory usage: total:16319.56 MB - used: 9741.23 MB (60%) - free: 6578.33 MB (40%)
[1711854000] CURRENT SERVICE STATE: SRVADMIN.cass.pmc;Ping;OK;HARD;1;PING OK - Packet loss = 0%, RTA = 1.58 ms
[1711854000] CURRENT SERVICE STATE: SRVADMIN.cass.pmc;Tiempo Activo;OK;HARD;1;System Uptime - 20 day(s) 15 hour(s) 8 minute(s)
[1711854000] CURRENT SERVICE STATE: SRVCONT.cass.cl;Actualizacion;OK;HARD;1;OK - no pending updates.
[1711854000] CURRENT SERVICE STATE: SRVCONT.cass.cl;Almacenamiento;OK;HARD;1;c:\ - total: 299.33 Gb - used: 57.10 Gb (19%) - free 242.23 Gb (81%)
[1711854000] CURRENT SERVICE STATE: SRVCONT.cass.cl;CPU;OK;HARD;1;CPU Load 20% (5 min average)
[1711854000] CURRENT SERVICE STATE: SRVCONT.cass.cl;Memoria;OK;HARD;1;Memory usage: total:16702.07 MB - used: 9144.13 MB (55%) - free: 7557.93 MB (45%)
[1711854000] CURRENT SERVICE STATE: SRVCONT.cass.cl;Ping;OK;HARD;1;PING OK - Packet loss = 0%, RTA = 3.21 ms
[1711854000] CURRENT SERVICE STATE: SRVCONT.cass.cl;Tiempo Activo;OK;HARD;1;System Uptime - 11 day(s) 23 hour(s) 50 minute(s)
[1711854000] CURRENT SERVICE STATE: SRVDC1.cass.pmc;Ping;OK;HARD;1;PING OK - Packet loss = 0%, RTA = 1.38 ms
[1711854000] CURRENT SERVICE STATE: SRVDNS;Ping;OK;HARD;1;PING OK - Packet loss = 0%, RTA = 1.08 ms
[1711854000] CURRENT SERVICE STATE: SRVWEB_cass.cl;Ping;OK;HARD;1;PING OK - Packet loss = 0%, RTA = 1.11 ms
[1711854000] CURRENT SERVICE STATE: SRV_Cfiler.cass.cl;Actualizacion;OK;HARD;1;Updates OK : no updates available
[1711854000] CURRENT SERVICE STATE: SRV_Cfiler.cass.cl;Almacenamiento /;OK;HARD;1;DISK OK - free space: / 2388876 MB (71% inode=-):
[1711854000] CURRENT SERVICE STATE: SRV_Cfiler.cass.cl;CPU;OK;HARD;1;OK - load average: 0.23, 0.18, 0.11
[1711854000] CURRENT SERVICE STATE: SRV_Cfiler.cass.cl;Http;OK;HARD;1;TCP OK - 0.000 second response time on port 80
[1711854000] CURRENT SERVICE STATE: SRV_Cfiler.cass.cl;Https;OK;HARD;1;TCP OK - 0.001 second response time on port 443
[1711854000] CURRENT SERVICE STATE: SRV_Cfiler.cass.cl;Memoria;OK;HARD;1;[MEMORY] Total: 3893 MB - Used: 1179 MB - 30% [SWAP] Total: 2047 MB - Used: 129 MB - 6%
[1711854000] CURRENT SERVICE STATE: SRV_Cfiler.cass.cl;Procesos;OK;HARD;1;PROCS OK: 309 processes
[1711854000] CURRENT SERVICE STATE: SRV_Cfiler.cass.cl;Procesos Zombies;OK;HARD;1;PROCS OK: 0 processes with STATE = Z
[1711854000] CURRENT SERVICE STATE: SRV_Cfiler.cass.cl;Procs Apache;OK;HARD;1;PROCS OK: 8 processes with args 'apache2'
[1711854000] CURRENT SERVICE STATE: SRV_Cfiler.cass.cl;Serv Apache;OK;HARD;1;OK: Service apache is running!
[1711854000] CURRENT SERVICE STATE: SRV_Cfiler.cass.cl;Servicio General;OK;HARD;1;PING OK - Packet loss = 0%, RTA = 1.44 ms
[1711854000] CURRENT SERVICE STATE: SRV_Cfiler.cass.cl;Tiempo Activo;OK;HARD;1;Uptime OK: 22 day(s) 15 hour(s) 23 minute(s)
[1711854000] CURRENT SERVICE STATE: SRV_Cfiler.cass.cl;Usuarios Login;OK;HARD;1;USERS OK - 1 users currently logged in
[1711854000] CURRENT SERVICE STATE: SRV_GLPI;Agentes;OK;HARD;1;OK: Agent_version was ['3.0.1']
[1711854000] CURRENT SERVICE STATE: SRV_GLPI;CPU;OK;HARD;1;OK: Percent was 0.00 %
[1711854000] CURRENT SERVICE STATE: SRV_GLPI;Http;OK;HARD;1;HTTP OK: HTTP/1.1 301 Moved Permanently - 364 bytes in 0.002 second response time
[1711854000] CURRENT SERVICE STATE: SRV_GLPI;Memoria;OK;HARD;1;OK: Memory usage was 14.10 % (Available: 14.41 GB, Total: 16.78 GB, Free: 3.19 GB, Used: 1.87 GB)
[1711854000] CURRENT SERVICE STATE: SRV_GLPI;Usuarios Login;OK;HARD;1;USERS OK - 1 users currently logged in
[1711854000] CURRENT SERVICE STATE: SRV_Oraculo_cass.cl;Ping;OK;HARD;1;PING OK - Packet loss = 0%, RTA = 0.95 ms
[1711854000] CURRENT SERVICE STATE: SRV_SOS2021.cass.cl;Actualizacion;OK;HARD;1;Updates OK : no updates available
[1711854000] CURRENT SERVICE STATE: SRV_SOS2021.cass.cl;Almacenamiento /;OK;HARD;1;DISK OK - free space: /var/tmp 118337 MiB (91.07% inode=-):
[1711854000] CURRENT SERVICE STATE: SRV_SOS2021.cass.cl;CPU;OK;HARD;1;OK - load average per CPU: 0.01, 0.01, 0.01
[1711854000] CURRENT SERVICE STATE: SRV_SOS2021.cass.cl;Memoria;OK;HARD;1;[MEMORY] Total: 7946 MB - Used: 985 MB - 12% [SWAP] Total: 10239 MB - Used: 0 MB - 0%
[1711854000] CURRENT SERVICE STATE: SRV_SOS2021.cass.cl;Ping;OK;HARD;1;PING OK - Packet loss = 0%, RTA = 0.70 ms
[1711854000] CURRENT SERVICE STATE: SRV_SOS2021.cass.cl;Procesos;OK;HARD;1;PROCS OK: 311 processes
[1711854000] CURRENT SERVICE STATE: SRV_SOS2021.cass.cl;Procesos Zombies;OK;HARD;1;PROCS OK: 0 processes with STATE = Z
[1711854000] CURRENT SERVICE STATE: SRV_SOS2021.cass.cl;Tiempo Activo;OK;HARD;1;Uptime OK: 22 day(s) 15 hour(s) 33 minute(s)
[1711854000] CURRENT SERVICE STATE: SRV_SOS2021.cass.cl;Usuarios Login;OK;HARD;1;USERS OK - 0 users currently logged in
[1711854000] CURRENT SERVICE STATE: SRV_SUM;Ping;OK;HARD;1;PING OK - Packet loss = 0%, RTA = 0.66 ms
[1711854000] CURRENT SERVICE STATE: SRV_Soporte;Actualizacion;CRITICAL;HARD;3;Hay 5 actualizaciones pendientes.
[1711854000] CURRENT SERVICE STATE: SRV_Soporte;Agentes;OK;HARD;1;OK: Agent_version was ['3.0.1']
[1711854000] CURRENT SERVICE STATE: SRV_Soporte;CPU;OK;HARD;1;OK: Percent was 31.82 %
[1711854000] CURRENT SERVICE STATE: SRV_Soporte;Memoria;OK;HARD;1;OK: Memory usage was 61.80 % (Available: 6.57 GB, Total: 17.18 GB, Free: 6.60 GB, Used: 10.56 GB)
[1711854000] CURRENT SERVICE STATE: SRV_chat.cass.cl;Actualizacion;OK;HARD;1;Updates OK : no updates available
[1711854000] CURRENT SERVICE STATE: SRV_chat.cass.cl;Almacenamiento /;OK;HARD;1;DISK OK - free space: /var/tmp 932598 MiB (89.21% inode=-):
[1711854000] CURRENT SERVICE STATE: SRV_chat.cass.cl;CPU;OK;HARD;1;OK - load average per CPU: 0.10, 0.09, 0.09
[1711854000] CURRENT SERVICE STATE: SRV_chat.cass.cl;Memoria;OK;HARD;1;[MEMORY] Total: 7919 MB - Used: 3241 MB - 40% [SWAP] Total: 2048 MB - Used: 329 MB - 16%
[1711854000] CURRENT SERVICE STATE: SRV_chat.cass.cl;Ping;OK;HARD;1;PING OK - Packet loss = 0%, RTA = 0.52 ms
[1711854000] CURRENT SERVICE STATE: SRV_chat.cass.cl;Proceso Docker;OK;HARD;1;PROCS OK: 0 processes with command name 'docker'
[1711854000] CURRENT SERVICE STATE: SRV_chat.cass.cl;Proceso Nginx;OK;HARD;1;PROCS OK: 3 processes with command name 'nginx'
[1711854000] CURRENT SERVICE STATE: SRV_chat.cass.cl;Procesos;OK;HARD;1;PROCS OK: 277 processes
[1711854000] CURRENT SERVICE STATE: SRV_chat.cass.cl;Procesos Zombies;OK;HARD;1;PROCS OK: 0 processes with STATE = Z
[1711854000] CURRENT SERVICE STATE: SRV_chat.cass.cl;Puerto Contenedor;OK;HARD;1;TCP OK - 0.000 second response time on port 8000
[1711854000] CURRENT SERVICE STATE: SRV_chat.cass.cl;Puerto HTTP;OK;HARD;1;TCP OK - 0.000 second response time on port 80
[1711854000] CURRENT SERVICE STATE: SRV_chat.cass.cl;Puerto HTTPS;OK;HARD;1;TCP OK - 0.000 second response time on port 443
[1711854000] CURRENT SERVICE STATE: SRV_chat.cass.cl;Puerto Portainer;OK;HARD;1;TCP OK - 0.001 second response time on port 9443
[1711854000] CURRENT SERVICE STATE: SRV_chat.cass.cl;Servicio Docker;OK;HARD;1;OK: Service docker is running!
[1711854000] CURRENT SERVICE STATE: SRV_chat.cass.cl;Servicio Nginx;OK;HARD;1;OK: Service nginx is running!
[1711854000] CURRENT SERVICE STATE: SRV_chat.cass.cl;Usuarios Login;OK;HARD;1;USERS OK - 0 users currently logged in
[1711854000] CURRENT SERVICE STATE: SRV_email.cass.cl;Actualizacion;OK;HARD;1;Updates OK : no updates available
[1711854000] CURRENT SERVICE STATE: SRV_email.cass.cl;Almacenamiento /;OK;HARD;1;DISK OK - free space: /var/tmp 459717 MiB (90.72% inode=-):
[1711854000] CURRENT SERVICE STATE: SRV_email.cass.cl;Almacenamiento Mail;OK;HARD;1;DISK OK - free space: /mail 1785251 MiB (91.16% inode=99%):
[1711854000] CURRENT SERVICE STATE: SRV_email.cass.cl;Almacenamiento Mail2;OK;HARD;1;DISK OK - free space: /mail2 474012 MiB (99.32% inode=100%):
[1711854000] CURRENT SERVICE STATE: SRV_email.cass.cl;CPU;OK;HARD;1;OK - load average per CPU: 0.03, 0.02, 0.02
[1711854000] CURRENT SERVICE STATE: SRV_email.cass.cl;Correo Pop;OK;HARD;1;POP OK - 0.001 second response time on 10.0.2.25 port 110 [+OK GroupWise POP3 server ready]
[1711854000] CURRENT SERVICE STATE: SRV_email.cass.cl;Correo Smtp;OK;HARD;1;SMTP OK - 0.004 sec. response time
[1711854000] CURRENT SERVICE STATE: SRV_email.cass.cl;Memoria;OK;HARD;1;[MEMORY] Total: 11939 MB - Used: 2780 MB - 23% [SWAP] Total: 2048 MB - Used: 2 MB - 0%
[1711854000] CURRENT SERVICE STATE: SRV_email.cass.cl;Ping;OK;HARD;1;PING OK - Packet loss = 0%, RTA = 1.31 ms
[1711854000] CURRENT SERVICE STATE: SRV_email.cass.cl;Procesos;OK;HARD;1;PROCS OK: 300 processes
[1711854000] CURRENT SERVICE STATE: SRV_email.cass.cl;Procesos Zombies;OK;HARD;1;PROCS OK: 0 processes with STATE = Z
[1711854000] CURRENT SERVICE STATE: SRV_email.cass.cl;Tiempo Activo;OK;HARD;1;Uptime OK: 22 day(s) 15 hour(s) 37 minute(s)
[1711854000] CURRENT SERVICE STATE: SRV_email.cass.cl;Usuarios Login;OK;HARD;1;USERS OK - 0 users currently logged in
[1711854000] CURRENT SERVICE STATE: SRV_nagios;Actualizacion;CRITICAL;HARD;4;YUM CRITICAL: 29 Updates Available
[1711854000] CURRENT SERVICE STATE: SRV_nagios;CPU;OK;HARD;1;OK - load average: 0.03, 0.06, 0.11
[1711854000] CURRENT SERVICE STATE: SRV_nagios;Memoria;OK;HARD;1;[MEMORY] Total: 7740 MB - Used: 474 MB - 6% [SWAP] Total: 7935 MB - Used: 0 MB - 0%
[1711854000] CURRENT SERVICE STATE: SRV_nagios;PING;OK;HARD;1;PING OK - Packet loss = 0%, RTA = 0.08 ms
[1711854000] CURRENT SERVICE STATE: SRV_nagios;Procesos;OK;HARD;1;PROCS OK: 64 processes with STATE = RSZDT
[1711854000] CURRENT SERVICE STATE: SRV_nagios;Usarios Login;OK;HARD;1;USERS OK - 0 users currently logged in
[1711854000] CURRENT SERVICE STATE: SRV_sync.cass.cl;Ping;OK;HARD;1;PING OK - Packet loss = 0%, RTA = 1.04 ms
[1711854000] CURRENT SERVICE STATE: Servidor Vcenter;Ping;OK;HARD;1;PING OK - Packet loss = 0%, RTA = 0.53 ms
[1711854000] CURRENT SERVICE STATE: Servidores CASS;Ancho de Banda GE/1/0/3;OK;HARD;1;OK - Average IN: 46.82KB (0.04%), Average OUT: 10.99KB (0.01%)Total RX: 10114.05GBytes, Total TX: 39369.85GBytes
[1711854000] CURRENT SERVICE STATE: Servidores CASS;Estado Puerto 3;OK;HARD;1;OK: Interface GigabitEthernet1/0/3 (index 3) is up.
[1711854000] CURRENT SERVICE STATE: Servidores CASS;Estado Puerto 80;OK;HARD;1;TCP OK - 0.002 second response time on 10.0.0.17 port 80
[1711854000] CURRENT SERVICE STATE: Servidores CASS;Ping;OK;HARD;1;PING OK - Packet loss = 0%, RTA = 1.39 ms
[1711854000] CURRENT SERVICE STATE: Servidores CASS;Tiempo Activo;OK;HARD;1;SNMP OK - Timeticks: (195784478) 22 days, 15:50:44.78
[1711854000] CURRENT SERVICE STATE: Ups Principal;Carga;OK;HARD;1;OK: Estimated battery charge 100%, approximately 0 minutes runtime remaining.
[1711854000] CURRENT SERVICE STATE: Ups Principal;Estado;OK;HARD;1;OK: Battery Status Normal.
[1711854000] CURRENT SERVICE STATE: Ups Principal;Ping;OK;HARD;1;PING OK - Packet loss = 0%, RTA = 0.93 ms
[1711854000] CURRENT SERVICE STATE: Ups Principal;Temperatura;OK;HARD;1;OK: Battery Temperature is 28 degrees C (82.4 degrees F).
[1711854000] CURRENT SERVICE STATE: Ups Principal;Tiempo Activo;OK;HARD;1;SNMP OK - Timeticks: (8860273) 1 day, 0:36:42.73
[1711854000] CURRENT SERVICE STATE: Veeam2023.cass.pmc;Actualizacion;CRITICAL;HARD;3;Updates: 3 critical, 0 optional
[1711854000] CURRENT SERVICE STATE: Veeam2023.cass.pmc;Almacenamiento;OK;HARD;1;c:\ - total: 99.33 Gb - used: 63.05 Gb (63%) - free 36.28 Gb (37%)
[1711854000] CURRENT SERVICE STATE: Veeam2023.cass.pmc;CPU;OK;HARD;1;CPU Load 10% (5 min average)
[1711854000] CURRENT SERVICE STATE: Veeam2023.cass.pmc;Memoria;OK;HARD;1;Memory usage: total:28252.82 MB - used: 19406.83 MB (69%) - free: 8845.99 MB (31%)
[1711854000] CURRENT SERVICE STATE: Veeam2023.cass.pmc;Ping;OK;HARD;1;PING OK - Packet loss = 0%, RTA = 2.50 ms
[1711854000] CURRENT SERVICE STATE: Veeam2023.cass.pmc;Tiempo Activo;OK;HARD;1;System Uptime - 15 day(s) 11 hour(s) 24 minute(s)
[1711854000] CURRENT SERVICE STATE: web_cass_cl;Certificado;OK;HARD;1;SSL OK - Certificate '*.cass.cl' will expire in 278 days on 2025-01-03 20:59 -0300/-03.
[1711854000] CURRENT SERVICE STATE: web_cass_cl;HTTP;OK;HARD;1;HTTP OK: HTTP/1.1 302 Found - 1075 bytes in 0.209 second response time
[1711856204] SERVICE ALERT: SRVCONT.cass.cl;Actualizacion;CRITICAL;SOFT;1;CHECK_NRPE STATE CRITICAL: Socket timeout after 30 seconds.
[1711856325] SERVICE ALERT: SRVCONT.cass.cl;Actualizacion;OK;SOFT;2;OK - no pending updates.
[1711856881] SERVICE ALERT: SRV_Soporte;CPU;WARNING;SOFT;1;WARNING: Percent was 60.92 %
[1711857002] SERVICE ALERT: SRV_Soporte;CPU;OK;SOFT;2;OK: Percent was 28.90 %
[1711857176] Auto-save of retention data completed successfully.
[1711857602] SERVICE ALERT: SRV_Soporte;CPU;WARNING;SOFT;1;WARNING: Percent was 60.15 %
[1711857723] SERVICE ALERT: SRV_Soporte;CPU;OK;SOFT;2;OK: Percent was 40.62 %
[1711858444] SERVICE ALERT: SRV_Soporte;CPU;WARNING;SOFT;1;WARNING: Percent was 68.75 %
[1711858565] SERVICE ALERT: SRV_Soporte;CPU;WARNING;SOFT;2;WARNING: Percent was 66.38 %
[1711858685] SERVICE ALERT: SRV_Soporte;CPU;OK;SOFT;3;OK: Percent was 28.10 %
[1711860776] Auto-save of retention data completed successfully.
[1711861206] SERVICE ALERT: SRV_Soporte;CPU;WARNING;SOFT;1;WARNING: Percent was 62.50 %
[1711861326] SERVICE ALERT: SRV_Soporte;CPU;OK;SOFT;2;OK: Percent was 40.62 %
[1711861370] SERVICE ALERT: SRV_GLPI;CPU;CRITICAL;SOFT;1;CRITICAL: Percent was 95.95 %
[1711861491] SERVICE ALERT: SRV_GLPI;CPU;OK;SOFT;2;OK: Percent was 0.50 %
[1711861567] SERVICE ALERT: SRV_Soporte;CPU;WARNING;SOFT;1;WARNING: Percent was 67.97 %
[1711861688] SERVICE ALERT: SRV_Soporte;CPU;OK;SOFT;2;OK: Percent was 32.03 %
[1711864376] Auto-save of retention data completed successfully.
[1711864847] SERVICE ALERT: FW Gore Los Lagos;Ping;WARNING;SOFT;1;PING WARNING - Packet loss = 90%, RTA = 1.36 ms
[1711864859] wproc: Core Worker 1159: job 1033310 (pid=31854) timed out. Killing it
[1711864859] wproc: CHECK job 1033310 from worker Core Worker 1159 timed out after 30.01s
[1711864859] wproc:   host=FW Gore Los Lagos; service=(null);
[1711864859] wproc:   early_timeout=1; exited_ok=0; wait_status=0; error_code=62;
[1711864859] Warning: Check of host 'FW Gore Los Lagos' timed out after 30.01 seconds
[1711864859] HOST ALERT: FW Gore Los Lagos;DOWN;SOFT;1;(Host check timed out after 30.01 seconds)
[1711864859] wproc: Core Worker 1159: job 1033310 (pid=31854): Dormant child reaped
[1711864871] SERVICE ALERT: Gore Los Lagos;Ping;CRITICAL;SOFT;1;PING CRITICAL - Packet loss = 100%
[1711864876] wproc: Core Worker 1157: job 1033328 (pid=31975) timed out. Killing it
[1711864876] wproc: CHECK job 1033328 from worker Core Worker 1157 timed out after 30.01s
[1711864876] wproc:   host=Gore Los Lagos; service=(null);
[1711864876] wproc:   early_timeout=1; exited_ok=0; wait_status=0; error_code=62;
[1711864876] Warning: Check of host 'Gore Los Lagos' timed out after 30.01 seconds
[1711864876] HOST ALERT: Gore Los Lagos;DOWN;SOFT;1;(Host check timed out after 30.01 seconds)
[1711864876] wproc: Core Worker 1157: job 1033328 (pid=31975): Dormant child reaped
[1711864893] HOST ALERT: FW Gore Los Lagos;UP;SOFT;1;PING OK - Packet loss = 72%, RTA = 1.31 ms
[1711864935] HOST ALERT: Gore Los Lagos;UP;SOFT;1;PING OK - Packet loss = 0%, RTA = 1.33 ms
[1711864971] SERVICE ALERT: FW Gore Los Lagos;Ping;OK;SOFT;2;PING OK - Packet loss = 0%, RTA = 0.99 ms
[1711864995] SERVICE ALERT: Gore Los Lagos;Ping;OK;SOFT;2;PING OK - Packet loss = 0%, RTA = 1.31 ms
[1711865649] SERVICE ALERT: SRV_Soporte;CPU;WARNING;SOFT;1;WARNING: Percent was 64.85 %
[1711865770] SERVICE ALERT: SRV_Soporte;CPU;OK;SOFT;2;OK: Percent was 39.85 %
[1711867631] SERVICE ALERT: SRV_Soporte;CPU;WARNING;SOFT;1;WARNING: Percent was 63.30 %
[1711867751] SERVICE ALERT: SRV_Soporte;CPU;OK;SOFT;2;OK: Percent was 37.50 %
[1711867976] Auto-save of retention data completed successfully.
[1711871576] Auto-save of retention data completed successfully.
[1711875176] Auto-save of retention data completed successfully.
[1711878776] Auto-save of retention data completed successfully.
[1711882376] Auto-save of retention data completed successfully.
[1711883185] SERVICE ALERT: SRV01USER_cass.cl;Actualizacion;CRITICAL;SOFT;1;(No output on stdout) stderr: connect to address 10.0.0.12 port 5666: Connection refused
[1711883186] SERVICE ALERT: SRV01USER_cass.cl;Almacenamiento U;CRITICAL;SOFT;1;connect to address 10.0.0.12 and port 12489: Connection refused
[1711883205] SERVICE ALERT: SRV01USER_cass.cl;CPU;CRITICAL;SOFT;1;connect to address 10.0.0.12 and port 12489: Connection refused
[1711883205] SERVICE ALERT: SRV01USER_cass.cl;Memoria;CRITICAL;SOFT;1;connect to address 10.0.0.12 and port 12489: Connection refused
[1711883206] SERVICE ALERT: SRV01USER_cass.cl;Tiempo Activo;CRITICAL;SOFT;1;connect to address 10.0.0.12 and port 12489: Connection refused
[1711883206] SERVICE ALERT: SRV01USER_cass.cl;Almacenamiento C;CRITICAL;HARD;3;connect to address 10.0.0.12 and port 12489: Connection refused
[1711883266] SERVICE ALERT: SRV01USER_cass.cl;Almacenamiento C;WARNING;HARD;3;c:\ - total: 119.40 Gb - used: 98.34 Gb (82%) - free 21.06 Gb (18%)
[1711883306] SERVICE ALERT: SRV01USER_cass.cl;Almacenamiento U;OK;SOFT;2;u:\ - total: 1023.98 Gb - used: 226.99 Gb (22%) - free 797.00 Gb (78%)
[1711883319] SERVICE ALERT: SRV01USER_cass.cl;Actualizacion;OK;SOFT;2;OK - no pending updates.
[1711883325] SERVICE ALERT: SRV01USER_cass.cl;Memoria;OK;SOFT;2;Memory usage: total:23551.21 MB - used: 1871.88 MB (8%) - free: 21679.34 MB (92%)
[1711883325] SERVICE ALERT: SRV01USER_cass.cl;CPU;OK;SOFT;2;CPU Load 1% (5 min average)
[1711883326] SERVICE ALERT: SRV01USER_cass.cl;Tiempo Activo;OK;SOFT;2;System Uptime - 0 day(s) 0 hour(s) 2 minute(s)
[1711883772] SERVICE ALERT: SRV_Soporte;CPU;WARNING;SOFT;1;WARNING: Percent was 60.15 %
[1711883893] SERVICE ALERT: SRV_Soporte;CPU;WARNING;SOFT;2;WARNING: Percent was 60.15 %
[1711884013] SERVICE ALERT: SRV_Soporte;CPU;OK;SOFT;3;OK: Percent was 28.90 %
[1711884669] SERVICE ALERT: SRV01USER_cass.cl;Actualizacion;CRITICAL;SOFT;1;CHECK_NRPE STATE CRITICAL: Socket timeout after 30 seconds.
[1711884791] SERVICE ALERT: SRV01USER_cass.cl;Actualizacion;OK;SOFT;2;OK - no pending updates.
[1711885976] Auto-save of retention data completed successfully.
[1711889114] SERVICE ALERT: SRV_Soporte;CPU;WARNING;SOFT;1;WARNING: Percent was 68.75 %
[1711889235] SERVICE ALERT: SRV_Soporte;CPU;OK;SOFT;2;OK: Percent was 50.00 %
[1711889576] Auto-save of retention data completed successfully.
[1711890736] SERVICE ALERT: SRV_Soporte;CPU;WARNING;SOFT;1;WARNING: Percent was 66.38 %
[1711890857] SERVICE ALERT: SRV_Soporte;CPU;OK;SOFT;2;OK: Percent was 32.82 %
[1711890978] SERVICE ALERT: SRV_Soporte;CPU;WARNING;SOFT;1;WARNING: Percent was 62.50 %
[1711891099] SERVICE ALERT: SRV_Soporte;CPU;OK;SOFT;2;OK: Percent was 45.30 %
[1711891340] SERVICE ALERT: SRV_Soporte;CPU;CRITICAL;SOFT;1;CRITICAL: Percent was 78.12 %
[1711891461] SERVICE ALERT: SRV_Soporte;CPU;OK;SOFT;2;OK: Percent was 50.00 %
[1711891731] SERVICE ALERT: SRV_GLPI;CPU;CRITICAL;SOFT;1;CRITICAL: Percent was 99.50 %
[1711891852] SERVICE ALERT: SRV_GLPI;CPU;OK;SOFT;2;OK: Percent was 1.50 %
[1711892722] SERVICE ALERT: SRV_Soporte;CPU;WARNING;SOFT;1;WARNING: Percent was 67.95 %
[1711892842] SERVICE ALERT: SRV_Soporte;CPU;OK;SOFT;2;OK: Percent was 34.08 %
[1711893176] Auto-save of retention data completed successfully.
[1711893863] SERVICE ALERT: SRV_Soporte;CPU;WARNING;SOFT;1;WARNING: Percent was 65.62 %
[1711893984] SERVICE ALERT: SRV_Soporte;CPU;WARNING;SOFT;2;WARNING: Percent was 67.95 %
[1711894105] SERVICE ALERT: SRV_Soporte;CPU;OK;SOFT;3;OK: Percent was 32.75 %
[1711896776] Auto-save of retention data completed successfully.
[1711896925] SERVICE ALERT: SRV_Soporte;CPU;WARNING;SOFT;1;WARNING: Percent was 62.52 %
[1711897046] SERVICE ALERT: SRV_Soporte;CPU;OK;SOFT;2;OK: Percent was 27.32 %
[1711900376] Auto-save of retention data completed successfully.
[1711901607] SERVICE ALERT: SRV_Soporte;CPU;CRITICAL;SOFT;1;CRITICAL: Percent was 72.20 %
[1711901728] SERVICE ALERT: SRV_Soporte;CPU;OK;SOFT;2;OK: Percent was 42.17 %
[1711902688] SERVICE ALERT: SRV_Soporte;CPU;WARNING;SOFT;1;WARNING: Percent was 68.75 %
[1711902809] SERVICE ALERT: SRV_Soporte;CPU;CRITICAL;SOFT;2;CRITICAL: Percent was 78.10 %
[1711902930] SERVICE ALERT: SRV_Soporte;CPU;OK;SOFT;3;OK: Percent was 49.33 %
[1711903351] SERVICE ALERT: SRV_Soporte;CPU;WARNING;SOFT;1;WARNING: Percent was 65.62 %
[1711903471] SERVICE ALERT: SRV_Soporte;CPU;OK;SOFT;2;OK: Percent was 32.83 %
[1711903976] Auto-save of retention data completed successfully.
[1711907576] Auto-save of retention data completed successfully.
[1711908271] SERVICE ALERT: SRV_Soporte;CPU;WARNING;SOFT;1;WARNING: Percent was 62.50 %
[1711908392] SERVICE ALERT: SRV_Soporte;CPU;OK;SOFT;2;OK: Percent was 33.58 %
[1711911176] Auto-save of retention data completed successfully.
[1711912472] SERVICE ALERT: SRV_Soporte;CPU;WARNING;SOFT;1;WARNING: Percent was 69.53 %
[1711912593] SERVICE ALERT: SRV_Soporte;CPU;OK;SOFT;2;OK: Percent was 39.08 %
[1711913014] SERVICE ALERT: SRV_Soporte;CPU;WARNING;SOFT;1;WARNING: Percent was 66.38 %
[1711913135] SERVICE ALERT: SRV_Soporte;CPU;OK;SOFT;2;OK: Percent was 35.12 %
[1711913496] SERVICE ALERT: SRV_Soporte;CPU;CRITICAL;SOFT;1;CRITICAL: Percent was 71.10 %
[1711913617] SERVICE ALERT: SRV_Soporte;CPU;OK;SOFT;2;OK: Percent was 38.30 %
[1711914398] SERVICE ALERT: SRV_Soporte;CPU;CRITICAL;SOFT;1;CRITICAL: Percent was 72.62 %
[1711914519] SERVICE ALERT: SRV_Soporte;CPU;OK;SOFT;2;OK: Percent was 34.35 %
[1711914776] Auto-save of retention data completed successfully.
[1711915540] SERVICE ALERT: SRV_Soporte;CPU;WARNING;SOFT;1;WARNING: Percent was 64.08 %
[1711915661] SERVICE ALERT: SRV_Soporte;CPU;OK;SOFT;2;OK: Percent was 45.30 %
[1711915782] SERVICE ALERT: SRV_Soporte;CPU;WARNING;SOFT;1;WARNING: Percent was 64.88 %
[1711915903] SERVICE ALERT: SRV_Soporte;CPU;OK;SOFT;2;OK: Percent was 29.67 %
[1711918376] Auto-save of retention data completed successfully.
[1711919024] SERVICE ALERT: SRV_Soporte;CPU;WARNING;SOFT;1;WARNING: Percent was 61.70 %
[1711919144] SERVICE ALERT: SRV_Soporte;CPU;WARNING;SOFT;2;WARNING: Percent was 61.42 %
[1711919265] SERVICE ALERT: SRV_Soporte;CPU;OK;SOFT;3;OK: Percent was 28.15 %
[1711921252] SERVICE ALERT: SRV_GLPI;CPU;CRITICAL;SOFT;1;CRITICAL: Percent was 93.92 %
[1711921373] SERVICE ALERT: SRV_GLPI;CPU;OK;SOFT;2;OK: Percent was 0.00 %
[1711921976] Auto-save of retention data completed successfully.
[1711922746] SERVICE ALERT: SRV_Soporte;CPU;WARNING;SOFT;1;WARNING: Percent was 61.15 %
[1711922867] SERVICE ALERT: SRV_Soporte;CPU;OK;SOFT;2;OK: Percent was 29.70 %
[1711924547] SERVICE ALERT: SRV_Soporte;CPU;WARNING;SOFT;1;WARNING: Percent was 68.22 %
[1711924668] SERVICE ALERT: SRV_Soporte;CPU;OK;SOFT;2;OK: Percent was 36.72 %
[1711925576] Auto-save of retention data completed successfully.
[1711927248] SERVICE ALERT: SRV_Soporte;CPU;WARNING;SOFT;1;WARNING: Percent was 62.03 %
[1711927369] SERVICE ALERT: SRV_Soporte;CPU;OK;SOFT;2;OK: Percent was 39.88 %
[1711927850] SERVICE ALERT: SRV_Soporte;CPU;WARNING;SOFT;1;WARNING: Percent was 65.62 %
[1711927970] SERVICE ALERT: SRV_Soporte;CPU;OK;SOFT;2;OK: Percent was 59.38 %
[1711928451] SERVICE ALERT: SRV_Soporte;CPU;WARNING;SOFT;1;WARNING: Percent was 60.92 %
[1711928572] SERVICE ALERT: SRV_Soporte;CPU;OK;SOFT;2;OK: Percent was 32.83 %
[1711928813] SERVICE ALERT: SRV_Soporte;CPU;WARNING;SOFT;1;WARNING: Percent was 66.40 %
[1711928934] SERVICE ALERT: SRV_Soporte;CPU;OK;SOFT;2;OK: Percent was 43.95 %
[1711929176] Auto-save of retention data completed successfully.
[1711930855] SERVICE ALERT: SRV_Soporte;CPU;WARNING;SOFT;1;WARNING: Percent was 65.97 %
[1711930976] SERVICE ALERT: SRV_Soporte;CPU;OK;SOFT;2;OK: Percent was 43.77 %
[1711932776] Auto-save of retention data completed successfully.
[1711934517] SERVICE ALERT: SRV_Soporte;CPU;CRITICAL;SOFT;1;CRITICAL: Percent was 72.65 %
[1711934638] SERVICE ALERT: SRV_Soporte;CPU;OK;SOFT;2;OK: Percent was 59.77 %
[1711935419] SERVICE ALERT: SRV_Soporte;CPU;WARNING;SOFT;1;WARNING: Percent was 62.50 %
[1711935539] SERVICE ALERT: SRV_Soporte;CPU;OK;SOFT;2;OK: Percent was 26.58 %
[1711935603] SERVICE ALERT: SRV_email.cass.cl;Correo Pop;CRITICAL;SOFT;1;CHECK_NRPE: Error - Could not connect to 10.0.2.25. Check system logs on 10.0.2.25
[1711935723] SERVICE ALERT: SRV_email.cass.cl;Correo Pop;OK;SOFT;2;POP OK - 0.001 second response time on 10.0.2.25 port 110 [+OK GroupWise POP3 server ready]
[1711936376] Auto-save of retention data completed successfully.
[1711938540] SERVICE ALERT: SRV_Soporte;CPU;WARNING;SOFT;1;WARNING: Percent was 63.30 %
[1711938660] SERVICE ALERT: SRV_Soporte;CPU;OK;SOFT;2;OK: Percent was 28.93 %
[1711939976] Auto-save of retention data completed successfully.
