[1688875200] LOG ROTATION: DAILY
[1688875200] LOG VERSION: 2.0
[1688875200] CURRENT HOST STATE: ADL Diagnostic;UP;HARD;1;PING OK - Packet loss = 0%, RTA = 36.39 ms
[1688875200] CURRENT HOST STATE: Blueshell;UP;HARD;1;PING OK - Packet loss = 0%, RTA = 3.07 ms
[1688875200] CURRENT HOST STATE: Cass Entel;UP;HARD;1;PING OK - Packet loss = 0%, RTA = 0.34 ms
[1688875200] CURRENT HOST STATE: Cass Telsur;UP;HARD;1;PING OK - Packet loss = 0%, RTA = 0.84 ms
[1688875200] CURRENT HOST STATE: Clinica PV Movistar;UP;HARD;1;PING OK - Packet loss = 0%, RTA = 31.15 ms
[1688875200] CURRENT HOST STATE: Clinica PV Telsur;UP;HARD;1;PING OK - Packet loss = 0%, RTA = 1.15 ms
[1688875200] CURRENT HOST STATE: Confe;UP;HARD;1;PING OK - Packet loss = 0%, RTA = 41.78 ms
[1688875200] CURRENT HOST STATE: Electric Works;UP;HARD;1;PING OK - Packet loss = 0%, RTA = 33.14 ms
[1688875200] CURRENT HOST STATE: Ext Entel;UP;HARD;1;PING OK - Packet loss = 0%, RTA = 0.35 ms
[1688875200] CURRENT HOST STATE: Ext Telsur;UP;HARD;1;PING OK - Packet loss = 0%, RTA = 1.12 ms
[1688875200] CURRENT HOST STATE: FW ADL Diagnostic;UP;HARD;1;PING OK - Packet loss = 0%, RTA = 37.59 ms
[1688875200] CURRENT HOST STATE: FW Blueshell;UP;HARD;1;PING OK - Packet loss = 0%, RTA = 2.82 ms
[1688875200] CURRENT HOST STATE: FW Cass Entel;UP;HARD;1;PING OK - Packet loss = 0%, RTA = 37.65 ms
[1688875200] CURRENT HOST STATE: FW Cass Telsur;UP;HARD;1;PING OK - Packet loss = 0%, RTA = 0.57 ms
[1688875200] CURRENT HOST STATE: FW Clinica PV Movistar;UP;HARD;1;PING OK - Packet loss = 0%, RTA = 38.77 ms
[1688875200] CURRENT HOST STATE: FW Clinica PV Telsur;UP;HARD;1;PING OK - Packet loss = 0%, RTA = 1.27 ms
[1688875200] CURRENT HOST STATE: FW Confe;UP;HARD;1;PING OK - Packet loss = 0%, RTA = 40.72 ms
[1688875200] CURRENT HOST STATE: FW Electric Works;UP;HARD;1;PING OK - Packet loss = 16%, RTA = 37.39 ms
[1688875200] CURRENT HOST STATE: FW Gore Los Lagos;UP;HARD;1;PING OK - Packet loss = 0%, RTA = 1.21 ms
[1688875200] CURRENT HOST STATE: FW Pasmar;UP;HARD;1;PING OK - Packet loss = 0%, RTA = 1.23 ms
[1688875200] CURRENT HOST STATE: Gore Los Lagos;UP;HARD;1;PING OK - Packet loss = 0%, RTA = 1.31 ms
[1688875200] CURRENT HOST STATE: Host-10.0.0.120;UP;HARD;1;PING OK - Packet loss = 0%, RTA = 0.51 ms
[1688875200] CURRENT HOST STATE: Host-10.0.0.121;UP;HARD;1;PING OK - Packet loss = 0%, RTA = 0.42 ms
[1688875200] CURRENT HOST STATE: Internet;UP;HARD;1;PING OK - Packet loss = 0%, RTA = 19.53 ms
[1688875200] CURRENT HOST STATE: Pasmar;UP;HARD;1;PING OK - Packet loss = 0%, RTA = 0.94 ms
[1688875200] CURRENT HOST STATE: Qnap NAS;UP;HARD;1;PING OK - Packet loss = 0%, RTA = 0.30 ms
[1688875200] CURRENT HOST STATE: SRV01USER_cass.cl;UP;HARD;1;PING OK - Packet loss = 0%, RTA = 2.30 ms
[1688875200] CURRENT HOST STATE: SRV04AD01.cass.cl;UP;HARD;1;PING OK - Packet loss = 0%, RTA = 1.89 ms
[1688875200] CURRENT HOST STATE: SRV05AD02_cass.cl;UP;HARD;1;PING OK - Packet loss = 0%, RTA = 1.62 ms
[1688875200] CURRENT HOST STATE: SRV11VIBE_cass.cl;UP;HARD;1;PING OK - Packet loss = 0%, RTA = 0.73 ms
[1688875200] CURRENT HOST STATE: SRV12WEB_cass.cl;UP;HARD;1;PING OK - Packet loss = 0%, RTA = 0.85 ms
[1688875200] CURRENT HOST STATE: SRVAD1.cass.pmc;UP;HARD;1;PING OK - Packet loss = 0%, RTA = 1.67 ms
[1688875200] CURRENT HOST STATE: SRVAD2.cass.pmc;UP;HARD;1;PING OK - Packet loss = 0%, RTA = 1.49 ms
[1688875200] CURRENT HOST STATE: SRVADMIN.cass.pmc;UP;HARD;1;PING OK - Packet loss = 0%, RTA = 1.25 ms
[1688875200] CURRENT HOST STATE: SRVCONT.cass.cl;UP;HARD;1;PING OK - Packet loss = 0%, RTA = 3.10 ms
[1688875200] CURRENT HOST STATE: SRVDC1.cass.pmc;UP;HARD;1;PING OK - Packet loss = 0%, RTA = 1.74 ms
[1688875200] CURRENT HOST STATE: SRVDNS;UP;HARD;1;PING OK - Packet loss = 0%, RTA = 0.91 ms
[1688875200] CURRENT HOST STATE: SRVMFSD;UP;HARD;1;PING OK - Packet loss = 0%, RTA = 1.31 ms
[1688875200] CURRENT HOST STATE: SRV_Cfiler.cass.cl;UP;HARD;1;PING OK - Packet loss = 0%, RTA = 0.63 ms
[1688875200] CURRENT HOST STATE: SRV_Oraculo_cass.cl;UP;HARD;1;PING OK - Packet loss = 0%, RTA = 1.46 ms
[1688875200] CURRENT HOST STATE: SRV_SOS2021.cass.cl;UP;HARD;1;PING OK - Packet loss = 0%, RTA = 0.57 ms
[1688875200] CURRENT HOST STATE: SRV_SUM;UP;HARD;1;PING OK - Packet loss = 0%, RTA = 0.53 ms
[1688875200] CURRENT HOST STATE: SRV_chat.cass.cl;UP;HARD;1;PING OK - Packet loss = 0%, RTA = 0.57 ms
[1688875200] CURRENT HOST STATE: SRV_email.cass.cl;UP;HARD;1;PING OK - Packet loss = 0%, RTA = 1.07 ms
[1688875200] CURRENT HOST STATE: SRV_nagios;UP;HARD;1;PING OK - Packet loss = 0%, RTA = 0.08 ms
[1688875200] CURRENT HOST STATE: SRV_sync.cass.cl;UP;HARD;1;PING OK - Packet loss = 0%, RTA = 0.85 ms
[1688875200] CURRENT HOST STATE: Servidor Vcenter;UP;HARD;1;PING OK - Packet loss = 0%, RTA = 0.52 ms
[1688875200] CURRENT HOST STATE: Servidores CASS;UP;HARD;1;PING OK - Packet loss = 0%, RTA = 3.83 ms
[1688875200] CURRENT HOST STATE: Ups Principal;UP;HARD;1;PING OK - Packet loss = 0%, RTA = 0.77 ms
[1688875200] CURRENT HOST STATE: Veeam2023.cass.pmc;UP;HARD;1;PING OK - Packet loss = 0%, RTA = 1.42 ms
[1688875200] CURRENT HOST STATE: web_cass_cl;UP;HARD;1;PING OK - Packet loss = 0%, RTA = 0.64 ms
[1688875200] CURRENT SERVICE STATE: ADL Diagnostic;Ping;OK;HARD;1;PING OK - Packet loss = 0%, RTA = 36.74 ms
[1688875200] CURRENT SERVICE STATE: Blueshell;Ping;OK;HARD;1;PING OK - Packet loss = 0%, RTA = 2.88 ms
[1688875200] CURRENT SERVICE STATE: Clinica PV Movistar;Ping;OK;HARD;1;PING OK - Packet loss = 0%, RTA = 31.23 ms
[1688875200] CURRENT SERVICE STATE: Confe;Ping;CRITICAL;HARD;1;PING CRITICAL - Packet loss = 100%
[1688875200] CURRENT SERVICE STATE: Electric Works;Ping;OK;HARD;1;PING OK - Packet loss = 0%, RTA = 33.29 ms
[1688875200] CURRENT SERVICE STATE: Ext Telsur;Ping;OK;HARD;1;PING OK - Packet loss = 0%, RTA = 0.95 ms
[1688875200] CURRENT SERVICE STATE: FW ADL Diagnostic;Ping;OK;HARD;1;PING OK - Packet loss = 0%, RTA = 37.64 ms
[1688875200] CURRENT SERVICE STATE: FW Blueshell;Ping;OK;HARD;1;PING OK - Packet loss = 0%, RTA = 3.10 ms
[1688875200] CURRENT SERVICE STATE: FW Cass Entel;Ping;OK;HARD;1;PING OK - Packet loss = 0%, RTA = 37.66 ms
[1688875200] CURRENT SERVICE STATE: FW Cass Telsur;Ancho de Banda DMZ;OK;HARD;1;OK - Average IN: 3.52KB (0.00%), Average OUT: 5.20KB (0.00%)Total RX: 4.60GBytes, Total TX: 39.35GBytes
[1688875200] CURRENT SERVICE STATE: FW Cass Telsur;Ancho de Banda LAN;OK;HARD;1;OK - Average IN: 655.72B (0.00%), Average OUT: 964.45B (0.00%)Total RX: 84.82GBytes, Total TX: 55.96GBytes
[1688875200] CURRENT SERVICE STATE: FW Cass Telsur;Ancho de Banda WAN;OK;HARD;1;OK - Average IN: 237.22B (0.00%), Average OUT: 103.33B (0.00%)Total RX: 431.23GBytes, Total TX: 784.29GBytes
[1688875200] CURRENT SERVICE STATE: FW Cass Telsur;Estado Puerto DMZ;OK;HARD;1;OK: Interface eth2 (index 4) is up.
[1688875200] CURRENT SERVICE STATE: FW Cass Telsur;Estado Puerto LAN;OK;HARD;1;OK: Interface eth0 (index 2) is up.
[1688875200] CURRENT SERVICE STATE: FW Cass Telsur;Estado Puerto WAN;OK;HARD;1;OK: Interface eth1 (index 3) is up.
[1688875200] CURRENT SERVICE STATE: FW Cass Telsur;Estado TCP Sophos;OK;HARD;1;TCP OK - 0.000 second response time on 201.220.96.34 port 4444
[1688875200] CURRENT SERVICE STATE: FW Cass Telsur;Ping;OK;HARD;1;PING OK - Packet loss = 0%, RTA = 0.42 ms
[1688875200] CURRENT SERVICE STATE: FW Cass Telsur;Tiempo Activo;OK;HARD;1;SNMP OK - Timeticks: (34297873) 3 days, 23:16:18.73
[1688875200] CURRENT SERVICE STATE: FW Clinica PV Movistar;Ping;OK;HARD;1;PING OK - Packet loss = 0%, RTA = 38.69 ms
[1688875200] CURRENT SERVICE STATE: FW Confe;Ping;OK;HARD;1;PING OK - Packet loss = 0%, RTA = 40.84 ms
[1688875200] CURRENT SERVICE STATE: FW Electric Works;Ping;OK;HARD;1;PING OK - Packet loss = 0%, RTA = 37.68 ms
[1688875200] CURRENT SERVICE STATE: FW Gore Los Lagos;Ping;OK;HARD;1;PING OK - Packet loss = 0%, RTA = 0.96 ms
[1688875200] CURRENT SERVICE STATE: FW Pasmar;Ping;OK;HARD;1;PING OK - Packet loss = 0%, RTA = 1.26 ms
[1688875200] CURRENT SERVICE STATE: Gore Los Lagos;Ping;OK;HARD;1;PING OK - Packet loss = 0%, RTA = 1.33 ms
[1688875200] CURRENT SERVICE STATE: Host-10.0.0.120;Ping;OK;HARD;1;PING OK - Packet loss = 0%, RTA = 0.51 ms
[1688875200] CURRENT SERVICE STATE: Host-10.0.0.121;Ping;OK;HARD;1;PING OK - Packet loss = 0%, RTA = 1.13 ms
[1688875200] CURRENT SERVICE STATE: Pasmar;Ping;OK;HARD;1;PING OK - Packet loss = 0%, RTA = 1.39 ms
[1688875200] CURRENT SERVICE STATE: Qnap NAS;Almacenamiento;OK;HARD;1;OK: Total:50TB - Used:28TB - Free:21TB - Used Space: 57%
[1688875200] CURRENT SERVICE STATE: Qnap NAS;Estado;OK;HARD;1;Power Supply #1 - OK: GOOD
[1688875200] CURRENT SERVICE STATE: Qnap NAS;Memoria;OK;HARD;1;OK: Total:3830MB - Used:1295MB - Free:2535MB = 34%
[1688875200] CURRENT SERVICE STATE: Qnap NAS;Sysinfo;OK;HARD;1;NAS Cloud, Model TS-879U-RP, Firmware 4.3.6, Max HD number 8, No. Volume 1
[1688875200] CURRENT SERVICE STATE: Qnap NAS;Temperatura;OK;HARD;1;OK: Temperature=34C
[1688875200] CURRENT SERVICE STATE: Qnap NAS;Tiempo Activo;OK;HARD;1;SNMP OK - Timeticks: (90208737) 10 days, 10:34:47.37
[1688875200] CURRENT SERVICE STATE: SRV01USER_cass.cl;Actualizacion;OK;HARD;1;OK - no pending updates.
[1688875200] CURRENT SERVICE STATE: SRV01USER_cass.cl;Almacenamiento C;OK;HARD;1;c:\ - total: 119.40 Gb - used: 89.13 Gb (75%) - free 30.26 Gb (25%)
[1688875200] CURRENT SERVICE STATE: SRV01USER_cass.cl;Almacenamiento U;OK;HARD;1;u:\ - total: 1023.98 Gb - used: 180.11 Gb (18%) - free 843.87 Gb (82%)
[1688875200] CURRENT SERVICE STATE: SRV01USER_cass.cl;CPU;OK;HARD;1;CPU Load 1% (5 min average)
[1688875200] CURRENT SERVICE STATE: SRV01USER_cass.cl;Memoria;OK;HARD;1;Memory usage: total:23551.21 MB - used: 14916.75 MB (63%) - free: 8634.46 MB (37%)
[1688875200] CURRENT SERVICE STATE: SRV01USER_cass.cl;Ping;OK;HARD;1;PING OK - Packet loss = 0%, RTA = 2.22 ms
[1688875200] CURRENT SERVICE STATE: SRV01USER_cass.cl;Tiempo Activo;OK;HARD;1;System Uptime - 13 day(s) 15 hour(s) 57 minute(s)
[1688875200] CURRENT SERVICE STATE: SRV04AD01.cass.cl;Ping;OK;HARD;1;PING OK - Packet loss = 0%, RTA = 1.90 ms
[1688875200] CURRENT SERVICE STATE: SRV05AD02_cass.cl;Ping;OK;HARD;1;PING OK - Packet loss = 0%, RTA = 2.67 ms
[1688875200] CURRENT SERVICE STATE: SRV11VIBE_cass.cl;Actualizacion;CRITICAL;HARD;3;Updates CRITICAL : discontinued OS Release SLE 15.1: At least one of your Repositories might be out of date. Please run "zypper refresh" as root to update it.  1 security update(s): 1 recommended update(s):  1 package update(s):
[1688875200] CURRENT SERVICE STATE: SRV11VIBE_cass.cl;Almacenamiento /;OK;HARD;1;DISK OK - free space: /var/tmp 78650 MiB (85.84% inode=-):
[1688875200] CURRENT SERVICE STATE: SRV11VIBE_cass.cl;CPU;OK;HARD;1;OK - load average per CPU: 0.04, 0.03, 0.01
[1688875200] CURRENT SERVICE STATE: SRV11VIBE_cass.cl;Memoria;OK;HARD;1;[MEMORY] Total: 7693 MB - Used: 4107 MB - 53% [SWAP] Total: 7944 MB - Used: 4 MB - 0%
[1688875200] CURRENT SERVICE STATE: SRV11VIBE_cass.cl;Ping;OK;HARD;1;PING OK - Packet loss = 0%, RTA = 0.90 ms
[1688875200] CURRENT SERVICE STATE: SRV11VIBE_cass.cl;Proceso Vibe;OK;HARD;1;PROCS OK: 0 processes with command name 'vibe'
[1688875200] CURRENT SERVICE STATE: SRV11VIBE_cass.cl;Procesos;OK;HARD;1;PROCS OK: 312 processes
[1688875200] CURRENT SERVICE STATE: SRV11VIBE_cass.cl;Procesos Zombies;OK;HARD;1;PROCS OK: 0 processes with STATE = Z
[1688875200] CURRENT SERVICE STATE: SRV11VIBE_cass.cl;Puerto HTTP;OK;HARD;1;TCP OK - 0.001 second response time on 10.0.2.13 port 80
[1688875200] CURRENT SERVICE STATE: SRV11VIBE_cass.cl;Puerto HTTPS;OK;HARD;1;TCP OK - 0.000 second response time on 10.0.2.13 port 443
[1688875200] CURRENT SERVICE STATE: SRV11VIBE_cass.cl;Servicio Vibe;OK;HARD;1;OK: Service vibe is running!
[1688875200] CURRENT SERVICE STATE: SRV11VIBE_cass.cl;Tiempo Activo;WARNING;HARD;3;Uptime WARNING: 78 day(s) 14 hour(s) 15 minute(s)
[1688875200] CURRENT SERVICE STATE: SRV11VIBE_cass.cl;Usuarios Login;OK;HARD;1;USERS OK - 2 users currently logged in
[1688875200] CURRENT SERVICE STATE: SRV12WEB_cass.cl;Ping;OK;HARD;1;PING OK - Packet loss = 0%, RTA = 1.15 ms
[1688875200] CURRENT SERVICE STATE: SRVAD1.cass.pmc;Ping;OK;HARD;1;PING OK - Packet loss = 0%, RTA = 1.80 ms
[1688875200] CURRENT SERVICE STATE: SRVAD2.cass.pmc;Ping;OK;HARD;1;PING OK - Packet loss = 0%, RTA = 1.31 ms
[1688875200] CURRENT SERVICE STATE: SRVADMIN.cass.pmc;Actualizacion;OK;HARD;1;OK - no pending updates.
[1688875200] CURRENT SERVICE STATE: SRVADMIN.cass.pmc;Almacenamiento;OK;HARD;1;c:\ - total: 299.66 Gb - used: 154.31 Gb (51%) - free 145.34 Gb (49%)
[1688875200] CURRENT SERVICE STATE: SRVADMIN.cass.pmc;CPU;OK;HARD;1;CPU Load 0% (5 min average)
[1688875200] CURRENT SERVICE STATE: SRVADMIN.cass.pmc;Memoria;OK;HARD;1;Memory usage: total:15291.55 MB - used: 11103.22 MB (73%) - free: 4188.33 MB (27%)
[1688875200] CURRENT SERVICE STATE: SRVADMIN.cass.pmc;Ping;OK;HARD;1;PING OK - Packet loss = 0%, RTA = 1.29 ms
[1688875200] CURRENT SERVICE STATE: SRVADMIN.cass.pmc;Tiempo Activo;OK;HARD;1;System Uptime - 1 day(s) 21 hour(s) 54 minute(s)
[1688875200] CURRENT SERVICE STATE: SRVCONT.cass.cl;Actualizacion;CRITICAL;HARD;3;Updates: 1 critical, 0 optional
[1688875200] CURRENT SERVICE STATE: SRVCONT.cass.cl;Almacenamiento;OK;HARD;1;c:\ - total: 299.33 Gb - used: 42.52 Gb (14%) - free 256.81 Gb (86%)
[1688875200] CURRENT SERVICE STATE: SRVCONT.cass.cl;CPU;OK;HARD;1;CPU Load 2% (5 min average)
[1688875200] CURRENT SERVICE STATE: SRVCONT.cass.cl;Memoria;OK;HARD;1;Memory usage: total:14143.13 MB - used: 3889.83 MB (28%) - free: 10253.30 MB (72%)
[1688875200] CURRENT SERVICE STATE: SRVCONT.cass.cl;Ping;OK;HARD;1;PING OK - Packet loss = 0%, RTA = 3.33 ms
[1688875200] CURRENT SERVICE STATE: SRVCONT.cass.cl;Tiempo Activo;OK;HARD;1;System Uptime - 23 day(s) 2 hour(s) 8 minute(s)
[1688875200] CURRENT SERVICE STATE: SRVDC1.cass.pmc;Ping;OK;HARD;1;PING OK - Packet loss = 0%, RTA = 1.32 ms
[1688875200] CURRENT SERVICE STATE: SRVDNS;Ping;OK;HARD;1;PING OK - Packet loss = 0%, RTA = 1.79 ms
[1688875200] CURRENT SERVICE STATE: SRVMFSD;Ping;OK;HARD;1;PING OK - Packet loss = 0%, RTA = 1.05 ms
[1688875200] CURRENT SERVICE STATE: SRV_Cfiler.cass.cl;Actualizacion;OK;HARD;1;Updates OK : no updates available
[1688875200] CURRENT SERVICE STATE: SRV_Cfiler.cass.cl;Almacenamiento /;OK;HARD;1;DISK OK - free space: / 2478978 MB (73% inode=-):
[1688875200] CURRENT SERVICE STATE: SRV_Cfiler.cass.cl;CPU;OK;HARD;1;OK - load average: 0.10, 0.09, 0.09
[1688875200] CURRENT SERVICE STATE: SRV_Cfiler.cass.cl;Http;OK;HARD;1;TCP OK - 0.000 second response time on port 80
[1688875200] CURRENT SERVICE STATE: SRV_Cfiler.cass.cl;Https;OK;HARD;1;TCP OK - 0.000 second response time on port 443
[1688875200] CURRENT SERVICE STATE: SRV_Cfiler.cass.cl;Memoria;OK;HARD;1;[MEMORY] Total: 3893 MB - Used: 1027 MB - 26% [SWAP] Total: 2047 MB - Used: 326 MB - 15%
[1688875200] CURRENT SERVICE STATE: SRV_Cfiler.cass.cl;Procesos;OK;HARD;1;PROCS OK: 302 processes
[1688875200] CURRENT SERVICE STATE: SRV_Cfiler.cass.cl;Procesos Zombies;OK;HARD;1;PROCS OK: 0 processes with STATE = Z
[1688875200] CURRENT SERVICE STATE: SRV_Cfiler.cass.cl;Procs Apache;OK;HARD;1;PROCS OK: 11 processes with args 'apache2'
[1688875200] CURRENT SERVICE STATE: SRV_Cfiler.cass.cl;Serv Apache;OK;HARD;1;OK: Service apache is running!
[1688875200] CURRENT SERVICE STATE: SRV_Cfiler.cass.cl;Servicio General;OK;HARD;1;PING OK - Packet loss = 0%, RTA = 0.70 ms
[1688875200] CURRENT SERVICE STATE: SRV_Cfiler.cass.cl;Tiempo Activo;WARNING;HARD;3;Uptime WARNING: 81 day(s) 2 hour(s) 3 minute(s)
[1688875200] CURRENT SERVICE STATE: SRV_Cfiler.cass.cl;Usuarios Login;OK;HARD;1;USERS OK - 1 users currently logged in
[1688875200] CURRENT SERVICE STATE: SRV_Oraculo_cass.cl;Ping;OK;HARD;1;PING OK - Packet loss = 0%, RTA = 1.24 ms
[1688875200] CURRENT SERVICE STATE: SRV_SOS2021.cass.cl;Actualizacion;OK;HARD;1;Updates OK : no updates available
[1688875200] CURRENT SERVICE STATE: SRV_SOS2021.cass.cl;Almacenamiento /;OK;HARD;1;DISK OK - free space: /var/tmp 118422 MiB (91.21% inode=-):
[1688875200] CURRENT SERVICE STATE: SRV_SOS2021.cass.cl;CPU;OK;HARD;1;OK - load average per CPU: 0.01, 0.01, 0.01
[1688875200] CURRENT SERVICE STATE: SRV_SOS2021.cass.cl;Memoria;OK;HARD;1;[MEMORY] Total: 7946 MB - Used: 1694 MB - 21% [SWAP] Total: 10239 MB - Used: 0 MB - 0%
[1688875200] CURRENT SERVICE STATE: SRV_SOS2021.cass.cl;Ping;OK;HARD;1;PING OK - Packet loss = 0%, RTA = 0.59 ms
[1688875200] CURRENT SERVICE STATE: SRV_SOS2021.cass.cl;Procesos;OK;HARD;1;PROCS OK: 313 processes
[1688875200] CURRENT SERVICE STATE: SRV_SOS2021.cass.cl;Procesos Zombies;OK;HARD;1;PROCS OK: 0 processes with STATE = Z
[1688875200] CURRENT SERVICE STATE: SRV_SOS2021.cass.cl;Tiempo Activo;OK;HARD;1;Uptime OK: 108 day(s) 11 hour(s) 37 minute(s)
[1688875200] CURRENT SERVICE STATE: SRV_SOS2021.cass.cl;Usuarios Login;OK;HARD;1;USERS OK - 0 users currently logged in
[1688875200] CURRENT SERVICE STATE: SRV_SUM;Ping;OK;HARD;1;PING OK - Packet loss = 0%, RTA = 0.83 ms
[1688875200] CURRENT SERVICE STATE: SRV_chat.cass.cl;Actualizacion;OK;HARD;1;Updates OK : no updates available
[1688875200] CURRENT SERVICE STATE: SRV_chat.cass.cl;Almacenamiento /;OK;HARD;1;DISK OK - free space: /var/tmp 972451 MiB (93.04% inode=-):
[1688875200] CURRENT SERVICE STATE: SRV_chat.cass.cl;CPU;OK;HARD;1;OK - load average per CPU: 0.06, 0.06, 0.04
[1688875200] CURRENT SERVICE STATE: SRV_chat.cass.cl;Memoria;OK;HARD;1;[MEMORY] Total: 7919 MB - Used: 2870 MB - 36% [SWAP] Total: 2048 MB - Used: 89 MB - 4%
[1688875200] CURRENT SERVICE STATE: SRV_chat.cass.cl;Ping;OK;HARD;1;PING OK - Packet loss = 0%, RTA = 0.54 ms
[1688875200] CURRENT SERVICE STATE: SRV_chat.cass.cl;Proceso Docker;OK;HARD;1;PROCS OK: 0 processes with command name 'docker'
[1688875200] CURRENT SERVICE STATE: SRV_chat.cass.cl;Proceso Nginx;OK;HARD;1;PROCS OK: 3 processes with command name 'nginx'
[1688875200] CURRENT SERVICE STATE: SRV_chat.cass.cl;Procesos;OK;HARD;1;PROCS OK: 271 processes
[1688875200] CURRENT SERVICE STATE: SRV_chat.cass.cl;Procesos Zombies;OK;HARD;1;PROCS OK: 0 processes with STATE = Z
[1688875200] CURRENT SERVICE STATE: SRV_chat.cass.cl;Puerto Contenedor;OK;HARD;1;TCP OK - 0.001 second response time on port 8000
[1688875200] CURRENT SERVICE STATE: SRV_chat.cass.cl;Puerto HTTP;OK;HARD;1;TCP OK - 0.000 second response time on port 80
[1688875200] CURRENT SERVICE STATE: SRV_chat.cass.cl;Puerto HTTPS;OK;HARD;1;TCP OK - 0.000 second response time on port 443
[1688875200] CURRENT SERVICE STATE: SRV_chat.cass.cl;Puerto Portainer;OK;HARD;1;TCP OK - 0.000 second response time on port 9443
[1688875200] CURRENT SERVICE STATE: SRV_chat.cass.cl;Servicio Docker;OK;HARD;1;OK: Service docker is running!
[1688875200] CURRENT SERVICE STATE: SRV_chat.cass.cl;Servicio Nginx;OK;HARD;1;OK: Service nginx is running!
[1688875200] CURRENT SERVICE STATE: SRV_chat.cass.cl;Usuarios Login;OK;HARD;1;USERS OK - 0 users currently logged in
[1688875200] CURRENT SERVICE STATE: SRV_email.cass.cl;Actualizacion;OK;HARD;1;Updates OK : no updates available
[1688875200] CURRENT SERVICE STATE: SRV_email.cass.cl;Almacenamiento /;OK;HARD;1;DISK OK - free space: /var/tmp 476358 MiB (94.03% inode=-):
[1688875200] CURRENT SERVICE STATE: SRV_email.cass.cl;Almacenamiento Mail;OK;HARD;1;DISK OK - free space: /mail 1812553 MiB (92.55% inode=99%):
[1688875200] CURRENT SERVICE STATE: SRV_email.cass.cl;Almacenamiento Mail2;OK;HARD;1;DISK OK - free space: /mail2 476625 MiB (99.86% inode=100%):
[1688875200] CURRENT SERVICE STATE: SRV_email.cass.cl;CPU;OK;HARD;1;OK - load average per CPU: 0.02, 0.02, 0.01
[1688875200] CURRENT SERVICE STATE: SRV_email.cass.cl;Correo Pop;OK;HARD;1;POP OK - 0.000 second response time on 10.0.2.25 port 110 [+OK GroupWise POP3 server ready]
[1688875200] CURRENT SERVICE STATE: SRV_email.cass.cl;Correo Smtp;OK;HARD;1;SMTP OK - 0.005 sec. response time
[1688875200] CURRENT SERVICE STATE: SRV_email.cass.cl;Memoria;OK;HARD;1;[MEMORY] Total: 11939 MB - Used: 2616 MB - 21% [SWAP] Total: 2048 MB - Used: 321 MB - 15%
[1688875200] CURRENT SERVICE STATE: SRV_email.cass.cl;Ping;OK;HARD;1;PING OK - Packet loss = 0%, RTA = 0.88 ms
[1688875200] CURRENT SERVICE STATE: SRV_email.cass.cl;Procesos;OK;HARD;1;PROCS OK: 309 processes
[1688875200] CURRENT SERVICE STATE: SRV_email.cass.cl;Procesos Zombies;OK;HARD;1;PROCS OK: 0 processes with STATE = Z
[1688875200] CURRENT SERVICE STATE: SRV_email.cass.cl;Tiempo Activo;OK;HARD;1;Uptime OK: 93 day(s) 10 hour(s) 46 minute(s)
[1688875200] CURRENT SERVICE STATE: SRV_email.cass.cl;Usuarios Login;OK;HARD;1;USERS OK - 1 users currently logged in
[1688875200] CURRENT SERVICE STATE: SRV_nagios;Actualizacion;OK;HARD;1;YUM OK: 0 Updates Available
[1688875200] CURRENT SERVICE STATE: SRV_nagios;CPU;OK;HARD;1;OK - load average: 0.06, 0.09, 0.05
[1688875200] CURRENT SERVICE STATE: SRV_nagios;Memoria;OK;HARD;1;[MEMORY] Total: 7740 MB - Used: 741 MB - 9% [SWAP] Total: 7935 MB - Used: 0 MB - 0%
[1688875200] CURRENT SERVICE STATE: SRV_nagios;PING;OK;HARD;1;PING OK - Packet loss = 0%, RTA = 0.08 ms
[1688875200] CURRENT SERVICE STATE: SRV_nagios;Procesos;OK;HARD;1;PROCS OK: 69 processes with STATE = RSZDT
[1688875200] CURRENT SERVICE STATE: SRV_nagios;Usarios Login;OK;HARD;1;USERS OK - 0 users currently logged in
[1688875200] CURRENT SERVICE STATE: SRV_sync.cass.cl;Ping;OK;HARD;1;PING OK - Packet loss = 0%, RTA = 0.76 ms
[1688875200] CURRENT SERVICE STATE: Servidor Vcenter;Ping;OK;HARD;1;PING OK - Packet loss = 0%, RTA = 0.51 ms
[1688875200] CURRENT SERVICE STATE: Servidores CASS;Ancho de Banda GE/1/0/3;OK;HARD;1;OK - Average IN: 7.26KB (0.01%), Average OUT: 8.70KB (0.01%)Total RX: 30163.79GBytes, Total TX: 68501.36GBytes
[1688875200] CURRENT SERVICE STATE: Servidores CASS;Estado Puerto 3;OK;HARD;1;OK: Interface GigabitEthernet1/0/3 (index 3) is up.
[1688875200] CURRENT SERVICE STATE: Servidores CASS;Estado Puerto 80;OK;HARD;1;TCP OK - 0.002 second response time on 10.0.0.17 port 80
[1688875200] CURRENT SERVICE STATE: Servidores CASS;Ping;OK;HARD;1;PING OK - Packet loss = 0%, RTA = 1.20 ms
[1688875200] CURRENT SERVICE STATE: Servidores CASS;Tiempo Activo;OK;HARD;1;SNMP OK - Timeticks: (937403849) 108 days, 11:53:58.49
[1688875200] CURRENT SERVICE STATE: Ups Principal;Carga;OK;HARD;1;OK: Estimated battery charge 100%, approximately 0 minutes runtime remaining.
[1688875200] CURRENT SERVICE STATE: Ups Principal;Estado;OK;HARD;1;OK: Battery Status Normal.
[1688875200] CURRENT SERVICE STATE: Ups Principal;Ping;OK;HARD;1;PING OK - Packet loss = 0%, RTA = 0.78 ms
[1688875200] CURRENT SERVICE STATE: Ups Principal;Temperatura;OK;HARD;1;OK: Battery Temperature is 22 degrees C (71.6 degrees F).
[1688875200] CURRENT SERVICE STATE: Ups Principal;Tiempo Activo;OK;HARD;1;SNMP OK - Timeticks: (125705396) 14 days, 13:10:53.96
[1688875200] CURRENT SERVICE STATE: Veeam2023.cass.pmc;Actualizacion;CRITICAL;HARD;3;Updates: 1 critical, 0 optional
[1688875200] CURRENT SERVICE STATE: Veeam2023.cass.pmc;Almacenamiento;OK;HARD;1;c:\ - total: 99.33 Gb - used: 60.22 Gb (61%) - free 39.11 Gb (39%)
[1688875200] CURRENT SERVICE STATE: Veeam2023.cass.pmc;CPU;OK;HARD;1;CPU Load 10% (5 min average)
[1688875200] CURRENT SERVICE STATE: Veeam2023.cass.pmc;Memoria;OK;HARD;1;Memory usage: total:19740.04 MB - used: 15732.30 MB (80%) - free: 4007.75 MB (20%)
[1688875200] CURRENT SERVICE STATE: Veeam2023.cass.pmc;Ping;OK;HARD;1;PING OK - Packet loss = 0%, RTA = 1.63 ms
[1688875200] CURRENT SERVICE STATE: Veeam2023.cass.pmc;Tiempo Activo;OK;HARD;1;System Uptime - 11 day(s) 8 hour(s) 11 minute(s)
[1688875200] CURRENT SERVICE STATE: web_cass_cl;Certificado;OK;HARD;1;SSL OK - Certificate '*.cass.cl' will expire in 170 days on 2023-12-26 20:59 -0300/-03.
[1688875200] CURRENT SERVICE STATE: web_cass_cl;HTTP;OK;HARD;1;HTTP OK: HTTP/1.1 302 Found - 1075 bytes in 0.209 second response time
[1688878231] Auto-save of retention data completed successfully.
[1688881818] SERVICE ALERT: SRV11VIBE_cass.cl;CPU;CRITICAL;SOFT;1;(No output on stdout) stderr: connect to address 10.0.2.13 port 5666: Connection refused
[1688881831] Auto-save of retention data completed successfully.
[1688881938] SERVICE ALERT: SRV11VIBE_cass.cl;CPU;OK;SOFT;2;OK - load average per CPU: 0.04, 0.04, 0.02
[1688884818] SERVICE ALERT: SRV11VIBE_cass.cl;CPU;CRITICAL;SOFT;1;(No output on stdout) stderr: connect to address 10.0.2.13 port 5666: Connection refused
[1688884938] SERVICE ALERT: SRV11VIBE_cass.cl;CPU;OK;SOFT;2;OK - load average per CPU: 0.01, 0.01, 0.00
[1688885431] Auto-save of retention data completed successfully.
[1688886041] SERVICE ALERT: FW Gore Los Lagos;Ping;CRITICAL;SOFT;1;PING CRITICAL - Packet loss = 100%
[1688886070] SERVICE ALERT: Gore Los Lagos;Ping;CRITICAL;SOFT;1;PING CRITICAL - Packet loss = 100%
[1688886070] wproc: Core Worker 11599: job 3232082 (pid=10544) timed out. Killing it
[1688886070] wproc: CHECK job 3232082 from worker Core Worker 11599 timed out after 30.01s
[1688886070] wproc:   host=FW Gore Los Lagos; service=(null);
[1688886070] wproc:   early_timeout=1; exited_ok=0; wait_status=0; error_code=62;
[1688886070] Warning: Check of host 'FW Gore Los Lagos' timed out after 30.01 seconds
[1688886070] HOST ALERT: FW Gore Los Lagos;DOWN;SOFT;1;(Host check timed out after 30.01 seconds)
[1688886070] wproc: Core Worker 11599: job 3232082 (pid=10544): Dormant child reaped
[1688886072] wproc: Core Worker 11599: job 3232083 (pid=10550) timed out. Killing it
[1688886072] wproc: CHECK job 3232083 from worker Core Worker 11599 timed out after 30.01s
[1688886072] wproc:   host=Gore Los Lagos; service=(null);
[1688886072] wproc:   early_timeout=1; exited_ok=0; wait_status=0; error_code=62;
[1688886072] Warning: Check of host 'Gore Los Lagos' timed out after 30.01 seconds
[1688886072] HOST ALERT: Gore Los Lagos;DOWN;SOFT;1;(Host check timed out after 30.01 seconds)
[1688886072] wproc: Core Worker 11599: job 3232083 (pid=10550): Dormant child reaped
[1688886080] HOST ALERT: FW Gore Los Lagos;UP;SOFT;1;PING OK - Packet loss = 44%, RTA = 1.19 ms
[1688886134] HOST ALERT: Gore Los Lagos;UP;SOFT;1;PING OK - Packet loss = 0%, RTA = 1.09 ms
[1688886165] SERVICE ALERT: FW Gore Los Lagos;Ping;OK;SOFT;2;PING OK - Packet loss = 0%, RTA = 1.26 ms
[1688886194] SERVICE ALERT: Gore Los Lagos;Ping;OK;SOFT;2;PING OK - Packet loss = 0%, RTA = 1.13 ms
[1688889031] Auto-save of retention data completed successfully.
[1688892631] Auto-save of retention data completed successfully.
[1688896231] Auto-save of retention data completed successfully.
[1688896818] SERVICE ALERT: SRV11VIBE_cass.cl;Procesos;CRITICAL;SOFT;1;(No output on stdout) stderr: connect to address 10.0.2.13 port 5666: Connection refused
[1688896827] SERVICE ALERT: SRV_nagios;Actualizacion;CRITICAL;SOFT;1;YUM CRITICAL: Yum nagios plugin has self terminated after exceeding the timeout (30 seconds)
[1688896889] SERVICE ALERT: SRV_nagios;Actualizacion;OK;SOFT;2;YUM OK: 0 Updates Available
[1688896938] SERVICE ALERT: SRV11VIBE_cass.cl;Procesos;OK;SOFT;2;PROCS OK: 312 processes
[1688897418] SERVICE ALERT: SRV11VIBE_cass.cl;CPU;UNKNOWN;SOFT;1;CHECK_NRPE: Receive header underflow - only 0 bytes received (4 expected).
[1688897538] SERVICE ALERT: SRV11VIBE_cass.cl;CPU;OK;SOFT;2;OK - load average per CPU: 0.02, 0.03, 0.02
[1688898618] SERVICE ALERT: SRV11VIBE_cass.cl;CPU;CRITICAL;SOFT;1;(No output on stdout) stderr: connect to address 10.0.2.13 port 5666: Connection refused
[1688898738] SERVICE ALERT: SRV11VIBE_cass.cl;CPU;OK;SOFT;2;OK - load average per CPU: 0.00, 0.01, 0.01
[1688899818] SERVICE ALERT: SRV11VIBE_cass.cl;CPU;CRITICAL;SOFT;1;(No output on stdout) stderr: connect to address 10.0.2.13 port 5666: Connection refused
[1688899818] SERVICE ALERT: SRV11VIBE_cass.cl;Procesos;CRITICAL;SOFT;1;(No output on stdout) stderr: connect to address 10.0.2.13 port 5666: Connection refused
[1688899831] Auto-save of retention data completed successfully.
[1688899938] SERVICE ALERT: SRV11VIBE_cass.cl;CPU;OK;SOFT;2;OK - load average per CPU: 0.05, 0.04, 0.01
[1688899938] SERVICE ALERT: SRV11VIBE_cass.cl;Procesos;OK;SOFT;2;PROCS OK: 313 processes
[1688903431] Auto-save of retention data completed successfully.
[1688905818] SERVICE ALERT: SRV11VIBE_cass.cl;CPU;CRITICAL;SOFT;1;(No output on stdout) stderr: connect to address 10.0.2.13 port 5666: Connection refused
[1688905938] SERVICE ALERT: SRV11VIBE_cass.cl;CPU;OK;SOFT;2;OK - load average per CPU: 0.03, 0.02, 0.01
[1688907018] SERVICE ALERT: SRV11VIBE_cass.cl;CPU;CRITICAL;SOFT;1;(No output on stdout) stderr: connect to address 10.0.2.13 port 5666: Connection refused
[1688907018] SERVICE ALERT: SRV11VIBE_cass.cl;Procesos;CRITICAL;SOFT;1;(No output on stdout) stderr: connect to address 10.0.2.13 port 5666: Connection refused
[1688907031] Auto-save of retention data completed successfully.
[1688907138] SERVICE ALERT: SRV11VIBE_cass.cl;CPU;OK;SOFT;2;OK - load average per CPU: 0.01, 0.01, 0.01
[1688907138] SERVICE ALERT: SRV11VIBE_cass.cl;Procesos;OK;SOFT;2;PROCS OK: 313 processes
[1688910018] SERVICE ALERT: SRV11VIBE_cass.cl;Procesos;CRITICAL;SOFT;1;(No output on stdout) stderr: connect to address 10.0.2.13 port 5666: Connection refused
[1688910138] SERVICE ALERT: SRV11VIBE_cass.cl;Procesos;OK;SOFT;2;PROCS OK: 313 processes
[1688910631] Auto-save of retention data completed successfully.
[1688913018] SERVICE ALERT: SRV11VIBE_cass.cl;Procesos;CRITICAL;SOFT;1;(No output on stdout) stderr: connect to address 10.0.2.13 port 5666: Connection refused
[1688913138] SERVICE ALERT: SRV11VIBE_cass.cl;Procesos;OK;SOFT;2;PROCS OK: 314 processes
[1688914214] SERVICE ALERT: SRV01USER_cass.cl;Actualizacion;CRITICAL;SOFT;1;CHECK_NRPE STATE CRITICAL: Socket timeout after 30 seconds.
[1688914231] Auto-save of retention data completed successfully.
[1688914337] SERVICE ALERT: SRV01USER_cass.cl;Actualizacion;CRITICAL;SOFT;2;Updates: 1 critical, 0 optional
[1688914459] SERVICE NOTIFICATION: nagiosadmin;SRV01USER_cass.cl;Actualizacion;CRITICAL;notify-service-by-email;Updates: 1 critical, 0 optional
[1688914459] SERVICE NOTIFICATION: andresnavarro;SRV01USER_cass.cl;Actualizacion;CRITICAL;notify-service-by-email;Updates: 1 critical, 0 optional
[1688914459] SERVICE NOTIFICATION: soporteti;SRV01USER_cass.cl;Actualizacion;CRITICAL;notify-service-by-telegram;Updates: 1 critical, 0 optional
[1688914459] SERVICE NOTIFICATION: soporteti;SRV01USER_cass.cl;Actualizacion;CRITICAL;notify-service-by-email;Updates: 1 critical, 0 optional
[1688914459] SERVICE NOTIFICATION: carlosstange;SRV01USER_cass.cl;Actualizacion;CRITICAL;notify-service-by-telegram;Updates: 1 critical, 0 optional
[1688914459] SERVICE NOTIFICATION: carlosstange;SRV01USER_cass.cl;Actualizacion;CRITICAL;notify-service-by-email;Updates: 1 critical, 0 optional
[1688914459] SERVICE ALERT: SRV01USER_cass.cl;Actualizacion;CRITICAL;HARD;3;Updates: 1 critical, 0 optional
[1688915616] SERVICE ALERT: Veeam2023.cass.pmc;Actualizacion;UNKNOWN;HARD;3;CHECK_NRPE: Receive header underflow - only 0 bytes received (4 expected).
[1688915678] SERVICE ALERT: Veeam2023.cass.pmc;Actualizacion;CRITICAL;HARD;3;Updates: 1 critical, 0 optional
[1688916018] SERVICE ALERT: SRV11VIBE_cass.cl;Procesos;CRITICAL;SOFT;1;(No output on stdout) stderr: connect to address 10.0.2.13 port 5666: Connection refused
[1688916138] SERVICE ALERT: SRV11VIBE_cass.cl;Procesos;OK;SOFT;2;PROCS OK: 312 processes
[1688916601] SERVICE ALERT: SRV_SOS2021.cass.cl;Almacenamiento /;CRITICAL;SOFT;1;(No output on stdout) stderr: connect to address 10.0.0.16 port 5666: Connection refused
[1688916721] SERVICE ALERT: SRV_SOS2021.cass.cl;Almacenamiento /;OK;SOFT;2;DISK OK - free space: /var/tmp 118433 MiB (91.22% inode=-):
[1688917818] SERVICE ALERT: SRV11VIBE_cass.cl;CPU;CRITICAL;SOFT;1;(No output on stdout) stderr: connect to address 10.0.2.13 port 5666: Connection refused
[1688917831] Auto-save of retention data completed successfully.
[1688917938] SERVICE ALERT: SRV11VIBE_cass.cl;CPU;OK;SOFT;2;OK - load average per CPU: 0.02, 0.01, 0.00
[1688919618] SERVICE ALERT: SRV11VIBE_cass.cl;Procesos;UNKNOWN;SOFT;1;CHECK_NRPE: Receive header underflow - only 0 bytes received (4 expected).
[1688919738] SERVICE ALERT: SRV11VIBE_cass.cl;Procesos;OK;SOFT;2;PROCS OK: 312 processes
[1688920818] SERVICE ALERT: SRV11VIBE_cass.cl;CPU;CRITICAL;SOFT;1;(No output on stdout) stderr: connect to address 10.0.2.13 port 5666: Connection refused
[1688920938] SERVICE ALERT: SRV11VIBE_cass.cl;CPU;OK;SOFT;2;OK - load average per CPU: 0.01, 0.01, 0.00
[1688921431] Auto-save of retention data completed successfully.
[1688922018] SERVICE ALERT: SRV11VIBE_cass.cl;CPU;CRITICAL;SOFT;1;(No output on stdout) stderr: connect to address 10.0.2.13 port 5666: Connection refused
[1688922138] SERVICE ALERT: SRV11VIBE_cass.cl;CPU;OK;SOFT;2;OK - load average per CPU: 0.01, 0.01, 0.00
[1688925031] Auto-save of retention data completed successfully.
[1688928631] Auto-save of retention data completed successfully.
[1688931002] SERVICE ALERT: SRV_SOS2021.cass.cl;Almacenamiento /;CRITICAL;SOFT;1;(No output on stdout) stderr: connect to address 10.0.0.16 port 5666: Connection refused
[1688931122] SERVICE ALERT: SRV_SOS2021.cass.cl;Almacenamiento /;OK;SOFT;2;DISK OK - free space: /var/tmp 118430 MiB (91.22% inode=-):
[1688932231] Auto-save of retention data completed successfully.
[1688932818] SERVICE ALERT: SRV11VIBE_cass.cl;Procesos;CRITICAL;SOFT;1;(No output on stdout) stderr: connect to address 10.0.2.13 port 5666: Connection refused
[1688932938] SERVICE ALERT: SRV11VIBE_cass.cl;Procesos;OK;SOFT;2;PROCS OK: 312 processes
[1688933418] SERVICE ALERT: SRV11VIBE_cass.cl;CPU;CRITICAL;SOFT;1;(No output on stdout) stderr: connect to address 10.0.2.13 port 5666: Connection refused
[1688933538] SERVICE ALERT: SRV11VIBE_cass.cl;CPU;OK;SOFT;2;OK - load average per CPU: 0.02, 0.01, 0.00
[1688935745] SERVICE ALERT: SRVADMIN.cass.pmc;Actualizacion;UNKNOWN;SOFT;1;The command (check_updates) returned an invalid return code: 255
[1688935831] Auto-save of retention data completed successfully.
[1688935867] SERVICE ALERT: SRVADMIN.cass.pmc;Actualizacion;OK;SOFT;2;OK - no pending updates.
[1688937018] SERVICE ALERT: SRV11VIBE_cass.cl;Procesos;UNKNOWN;SOFT;1;CHECK_NRPE: Receive header underflow - only 0 bytes received (4 expected).
[1688937138] SERVICE ALERT: SRV11VIBE_cass.cl;Procesos;OK;SOFT;2;PROCS OK: 313 processes
[1688939431] Auto-save of retention data completed successfully.
[1688940018] SERVICE ALERT: SRV11VIBE_cass.cl;Procesos;CRITICAL;SOFT;1;(No output on stdout) stderr: connect to address 10.0.2.13 port 5666: Connection refused
[1688940139] SERVICE ALERT: SRV11VIBE_cass.cl;Procesos;OK;SOFT;2;PROCS OK: 312 processes
[1688943018] SERVICE ALERT: SRV11VIBE_cass.cl;CPU;UNKNOWN;SOFT;1;CHECK_NRPE: Receive header underflow - only 0 bytes received (4 expected).
[1688943031] Auto-save of retention data completed successfully.
[1688943138] SERVICE ALERT: SRV11VIBE_cass.cl;CPU;OK;SOFT;2;OK - load average per CPU: 0.03, 0.03, 0.01
[1688946631] Auto-save of retention data completed successfully.
[1688949019] SERVICE ALERT: SRV11VIBE_cass.cl;CPU;CRITICAL;SOFT;1;(No output on stdout) stderr: connect to address 10.0.2.13 port 5666: Connection refused
[1688949139] SERVICE ALERT: SRV11VIBE_cass.cl;CPU;OK;SOFT;2;OK - load average per CPU: 0.01, 0.01, 0.00
[1688950231] Auto-save of retention data completed successfully.
[1688950378] SERVICE ALERT: SRV_chat.cass.cl;Actualizacion;CRITICAL;SOFT;1;CHECK_NRPE STATE CRITICAL: Socket timeout after 30 seconds.
[1688950510] SERVICE ALERT: SRV_chat.cass.cl;Actualizacion;OK;SOFT;2;Updates OK : no updates available
[1688953219] SERVICE ALERT: SRV11VIBE_cass.cl;CPU;CRITICAL;SOFT;1;(No output on stdout) stderr: connect to address 10.0.2.13 port 5666: Connection refused
[1688953339] SERVICE ALERT: SRV11VIBE_cass.cl;CPU;OK;SOFT;2;OK - load average per CPU: 0.00, 0.01, 0.00
[1688953831] Auto-save of retention data completed successfully.
[1688955602] SERVICE ALERT: SRV_Cfiler.cass.cl;Procesos;CRITICAL;SOFT;1;(No output on stdout) stderr: connect to address 10.0.0.20 port 5666: Connection refused
[1688955722] SERVICE ALERT: SRV_Cfiler.cass.cl;Procesos;OK;SOFT;2;PROCS OK: 305 processes
[1688957401] SERVICE ALERT: SRV_SOS2021.cass.cl;Almacenamiento /;CRITICAL;SOFT;1;(No output on stdout) stderr: connect to address 10.0.0.16 port 5666: Connection refused
[1688957431] Auto-save of retention data completed successfully.
[1688957521] SERVICE ALERT: SRV_SOS2021.cass.cl;Almacenamiento /;OK;SOFT;2;DISK OK - free space: /var/tmp 118426 MiB (91.22% inode=-):
[1688959201] SERVICE ALERT: SRV_SOS2021.cass.cl;Almacenamiento /;CRITICAL;SOFT;1;CHECK_NRPE: Error - Could not connect to 10.0.0.16. Check system logs on 10.0.0.16
[1688959321] SERVICE ALERT: SRV_SOS2021.cass.cl;Almacenamiento /;OK;SOFT;2;DISK OK - free space: /var/tmp 118426 MiB (91.22% inode=-):
[1688961031] Auto-save of retention data completed successfully.
[1688961160] SERVICE ALERT: SRV_chat.cass.cl;Actualizacion;CRITICAL;SOFT;1;CHECK_NRPE STATE CRITICAL: Socket timeout after 30 seconds.
[1688961164] SERVICE ALERT: SRV_SOS2021.cass.cl;Actualizacion;CRITICAL;SOFT;1;CHECK_NRPE STATE CRITICAL: Socket timeout after 30 seconds.
[1688961165] SERVICE ALERT: SRV_Cfiler.cass.cl;Actualizacion;CRITICAL;SOFT;1;CHECK_NRPE STATE CRITICAL: Socket timeout after 30 seconds.
[1688961225] SERVICE ALERT: SRV_email.cass.cl;Actualizacion;CRITICAL;SOFT;1;CHECK_NRPE STATE CRITICAL: Socket timeout after 30 seconds.
[1688961291] SERVICE ALERT: SRV_chat.cass.cl;Actualizacion;OK;SOFT;2;Updates OK : no updates available
[1688961296] SERVICE ALERT: SRV_SOS2021.cass.cl;Actualizacion;OK;SOFT;2;Updates OK : no updates available
[1688961296] SERVICE ALERT: SRV_Cfiler.cass.cl;Actualizacion;OK;SOFT;2;Updates OK : no updates available
[1688961357] SERVICE ALERT: SRV_email.cass.cl;Actualizacion;OK;SOFT;2;Updates OK : no updates available
