[1690516800] LOG ROTATION: DAILY
[1690516800] LOG VERSION: 2.0
[1690516800] CURRENT HOST STATE: ADL Diagnostic;UP;HARD;1;PING OK - Packet loss = 0%, RTA = 32.21 ms
[1690516800] CURRENT HOST STATE: Blueshell;UP;HARD;1;PING OK - Packet loss = 0%, RTA = 3.26 ms
[1690516800] CURRENT HOST STATE: Cass Entel;UP;HARD;1;PING OK - Packet loss = 0%, RTA = 0.65 ms
[1690516800] CURRENT HOST STATE: Cass Telsur;UP;HARD;1;PING OK - Packet loss = 0%, RTA = 0.91 ms
[1690516800] CURRENT HOST STATE: Clinica PV Movistar;UP;HARD;1;PING OK - Packet loss = 0%, RTA = 39.74 ms
[1690516800] CURRENT HOST STATE: Clinica PV Telsur;UP;HARD;1;PING OK - Packet loss = 0%, RTA = 0.99 ms
[1690516800] CURRENT HOST STATE: Confe;UP;HARD;1;PING OK - Packet loss = 0%, RTA = 36.44 ms
[1690516800] CURRENT HOST STATE: Electric Works;UP;HARD;1;PING OK - Packet loss = 0%, RTA = 40.89 ms
[1690516800] CURRENT HOST STATE: Ext Entel;UP;HARD;1;PING OK - Packet loss = 0%, RTA = 0.44 ms
[1690516800] CURRENT HOST STATE: Ext Telsur;UP;HARD;1;PING OK - Packet loss = 0%, RTA = 0.89 ms
[1690516800] CURRENT HOST STATE: FW ADL Diagnostic;UP;HARD;1;PING OK - Packet loss = 0%, RTA = 37.33 ms
[1690516800] CURRENT HOST STATE: FW Blueshell;UP;HARD;1;PING OK - Packet loss = 0%, RTA = 3.28 ms
[1690516800] CURRENT HOST STATE: FW Cass Entel;UP;HARD;1;PING OK - Packet loss = 0%, RTA = 37.12 ms
[1690516800] CURRENT HOST STATE: FW Cass Telsur;UP;HARD;1;PING OK - Packet loss = 0%, RTA = 0.52 ms
[1690516800] CURRENT HOST STATE: FW Clinica PV Movistar;UP;HARD;1;PING OK - Packet loss = 0%, RTA = 36.81 ms
[1690516800] CURRENT HOST STATE: FW Clinica PV Telsur;UP;HARD;1;PING OK - Packet loss = 0%, RTA = 1.30 ms
[1690516800] CURRENT HOST STATE: FW Confe;UP;HARD;1;PING OK - Packet loss = 0%, RTA = 35.19 ms
[1690516800] CURRENT HOST STATE: FW Electric Works;UP;HARD;1;PING OK - Packet loss = 0%, RTA = 34.83 ms
[1690516800] CURRENT HOST STATE: FW Gore Los Lagos;UP;HARD;1;PING OK - Packet loss = 0%, RTA = 1.07 ms
[1690516800] CURRENT HOST STATE: FW Pasmar;UP;HARD;1;PING OK - Packet loss = 0%, RTA = 1.12 ms
[1690516800] CURRENT HOST STATE: Gore Los Lagos;UP;HARD;1;PING OK - Packet loss = 0%, RTA = 1.01 ms
[1690516800] CURRENT HOST STATE: Host-10.0.0.120;UP;HARD;1;PING OK - Packet loss = 0%, RTA = 0.53 ms
[1690516800] CURRENT HOST STATE: Host-10.0.0.121;UP;HARD;1;PING OK - Packet loss = 0%, RTA = 0.55 ms
[1690516800] CURRENT HOST STATE: Internet;UP;HARD;1;PING OK - Packet loss = 0%, RTA = 14.91 ms
[1690516800] CURRENT HOST STATE: Pasmar;UP;HARD;1;PING OK - Packet loss = 0%, RTA = 1.29 ms
[1690516800] CURRENT HOST STATE: Qnap NAS;UP;HARD;1;PING OK - Packet loss = 0%, RTA = 0.32 ms
[1690516800] CURRENT HOST STATE: SRV01USER_cass.cl;UP;HARD;1;PING OK - Packet loss = 0%, RTA = 2.06 ms
[1690516800] CURRENT HOST STATE: SRV04AD01.cass.cl;UP;HARD;1;PING OK - Packet loss = 0%, RTA = 1.58 ms
[1690516800] CURRENT HOST STATE: SRV05AD02_cass.cl;UP;HARD;1;PING OK - Packet loss = 0%, RTA = 1.63 ms
[1690516800] CURRENT HOST STATE: SRV11VIBE_cass.cl;UP;HARD;1;PING OK - Packet loss = 16%, RTA = 1.12 ms
[1690516800] CURRENT HOST STATE: SRV12WEB_cass.cl;UP;HARD;1;PING OK - Packet loss = 0%, RTA = 0.95 ms
[1690516800] CURRENT HOST STATE: SRVAD1.cass.pmc;UP;HARD;1;PING OK - Packet loss = 0%, RTA = 1.51 ms
[1690516800] CURRENT HOST STATE: SRVAD2.cass.pmc;UP;HARD;1;PING OK - Packet loss = 0%, RTA = 1.22 ms
[1690516800] CURRENT HOST STATE: SRVADMIN.cass.pmc;UP;HARD;1;PING OK - Packet loss = 0%, RTA = 1.72 ms
[1690516800] CURRENT HOST STATE: SRVCONT.cass.cl;UP;HARD;1;PING OK - Packet loss = 0%, RTA = 3.04 ms
[1690516800] CURRENT HOST STATE: SRVDC1.cass.pmc;UP;HARD;1;PING OK - Packet loss = 0%, RTA = 1.67 ms
[1690516800] CURRENT HOST STATE: SRVDNS;UP;HARD;1;PING OK - Packet loss = 0%, RTA = 1.18 ms
[1690516800] CURRENT HOST STATE: SRVMFSD;UP;HARD;1;PING OK - Packet loss = 0%, RTA = 0.95 ms
[1690516800] CURRENT HOST STATE: SRV_Cfiler.cass.cl;UP;HARD;1;PING OK - Packet loss = 0%, RTA = 0.73 ms
[1690516800] CURRENT HOST STATE: SRV_Oraculo_cass.cl;UP;HARD;1;PING OK - Packet loss = 0%, RTA = 1.31 ms
[1690516800] CURRENT HOST STATE: SRV_SOS2021.cass.cl;UP;HARD;1;PING OK - Packet loss = 0%, RTA = 0.62 ms
[1690516800] CURRENT HOST STATE: SRV_SUM;UP;HARD;1;PING OK - Packet loss = 0%, RTA = 0.59 ms
[1690516800] CURRENT HOST STATE: SRV_chat.cass.cl;UP;HARD;1;PING OK - Packet loss = 0%, RTA = 0.48 ms
[1690516800] CURRENT HOST STATE: SRV_email.cass.cl;UP;HARD;1;PING OK - Packet loss = 0%, RTA = 0.90 ms
[1690516800] CURRENT HOST STATE: SRV_nagios;UP;HARD;1;PING OK - Packet loss = 0%, RTA = 0.07 ms
[1690516800] CURRENT HOST STATE: SRV_sync.cass.cl;UP;HARD;1;PING OK - Packet loss = 0%, RTA = 1.07 ms
[1690516800] CURRENT HOST STATE: Servidor Vcenter;UP;HARD;1;PING OK - Packet loss = 0%, RTA = 0.47 ms
[1690516800] CURRENT HOST STATE: Servidores CASS;UP;HARD;1;PING OK - Packet loss = 0%, RTA = 1.22 ms
[1690516800] CURRENT HOST STATE: Ups Principal;UP;HARD;1;PING OK - Packet loss = 0%, RTA = 0.75 ms
[1690516800] CURRENT HOST STATE: Veeam2023.cass.pmc;UP;HARD;1;PING OK - Packet loss = 0%, RTA = 1.85 ms
[1690516800] CURRENT HOST STATE: web_cass_cl;UP;HARD;1;PING OK - Packet loss = 0%, RTA = 0.51 ms
[1690516800] CURRENT SERVICE STATE: ADL Diagnostic;Ping;OK;HARD;1;PING OK - Packet loss = 0%, RTA = 32.14 ms
[1690516800] CURRENT SERVICE STATE: Blueshell;Ping;OK;HARD;1;PING OK - Packet loss = 0%, RTA = 2.90 ms
[1690516800] CURRENT SERVICE STATE: Clinica PV Movistar;Ping;OK;HARD;1;PING OK - Packet loss = 0%, RTA = 39.77 ms
[1690516800] CURRENT SERVICE STATE: Confe;Ping;CRITICAL;HARD;1;PING CRITICAL - Packet loss = 100%
[1690516800] CURRENT SERVICE STATE: Electric Works;Ping;OK;HARD;1;PING OK - Packet loss = 0%, RTA = 40.85 ms
[1690516800] CURRENT SERVICE STATE: Ext Telsur;Ping;OK;HARD;1;PING OK - Packet loss = 0%, RTA = 0.90 ms
[1690516800] CURRENT SERVICE STATE: FW ADL Diagnostic;Ping;OK;HARD;1;PING OK - Packet loss = 0%, RTA = 36.94 ms
[1690516800] CURRENT SERVICE STATE: FW Blueshell;Ping;OK;HARD;1;PING OK - Packet loss = 0%, RTA = 3.16 ms
[1690516800] CURRENT SERVICE STATE: FW Cass Entel;Ping;OK;HARD;1;PING OK - Packet loss = 0%, RTA = 37.19 ms
[1690516800] CURRENT SERVICE STATE: FW Cass Telsur;Ancho de Banda DMZ;OK;HARD;1;OK - Average IN: 2.99KB (0.00%), Average OUT: 4.87KB (0.00%)Total RX: 29.01GBytes, Total TX: 61.58GBytes
[1690516800] CURRENT SERVICE STATE: FW Cass Telsur;Ancho de Banda LAN;OK;HARD;1;OK - Average IN: 822.14B (0.00%), Average OUT: 1.08KB (0.00%)Total RX: 424.83GBytes, Total TX: 378.55GBytes
[1690516800] CURRENT SERVICE STATE: FW Cass Telsur;Ancho de Banda WAN;OK;HARD;1;OK - Average IN: 49.70B (0.00%), Average OUT: 14.00B (0.00%)Total RX: 2307.52GBytes, Total TX: 4287.91GBytes
[1690516800] CURRENT SERVICE STATE: FW Cass Telsur;Estado Puerto DMZ;OK;HARD;1;OK: Interface eth2 (index 4) is up.
[1690516800] CURRENT SERVICE STATE: FW Cass Telsur;Estado Puerto LAN;OK;HARD;1;OK: Interface eth0 (index 2) is up.
[1690516800] CURRENT SERVICE STATE: FW Cass Telsur;Estado Puerto WAN;OK;HARD;1;OK: Interface eth1 (index 3) is up.
[1690516800] CURRENT SERVICE STATE: FW Cass Telsur;Estado TCP Sophos;OK;HARD;1;TCP OK - 0.000 second response time on 201.220.96.34 port 4444
[1690516800] CURRENT SERVICE STATE: FW Cass Telsur;Ping;OK;HARD;1;PING OK - Packet loss = 0%, RTA = 0.46 ms
[1690516800] CURRENT SERVICE STATE: FW Cass Telsur;Tiempo Activo;OK;HARD;1;SNMP OK - Timeticks: (198456338) 22 days, 23:16:03.38
[1690516800] CURRENT SERVICE STATE: FW Clinica PV Movistar;Ping;OK;HARD;1;PING OK - Packet loss = 0%, RTA = 36.91 ms
[1690516800] CURRENT SERVICE STATE: FW Confe;Ping;OK;HARD;1;PING OK - Packet loss = 0%, RTA = 35.56 ms
[1690516800] CURRENT SERVICE STATE: FW Electric Works;Ping;OK;HARD;1;PING OK - Packet loss = 0%, RTA = 35.01 ms
[1690516800] CURRENT SERVICE STATE: FW Gore Los Lagos;Ping;OK;HARD;1;PING OK - Packet loss = 0%, RTA = 1.19 ms
[1690516800] CURRENT SERVICE STATE: FW Pasmar;Ping;OK;HARD;1;PING OK - Packet loss = 0%, RTA = 1.05 ms
[1690516800] CURRENT SERVICE STATE: Gore Los Lagos;Ping;OK;HARD;1;PING OK - Packet loss = 0%, RTA = 1.19 ms
[1690516800] CURRENT SERVICE STATE: Host-10.0.0.120;Ping;OK;HARD;1;PING OK - Packet loss = 0%, RTA = 0.46 ms
[1690516800] CURRENT SERVICE STATE: Host-10.0.0.121;Ping;OK;HARD;1;PING OK - Packet loss = 0%, RTA = 0.56 ms
[1690516800] CURRENT SERVICE STATE: Pasmar;Ping;OK;HARD;1;PING OK - Packet loss = 0%, RTA = 1.22 ms
[1690516800] CURRENT SERVICE STATE: Qnap NAS;Almacenamiento;OK;HARD;1;OK: Total:50TB - Used:29TB - Free:20TB - Used Space: 59%
[1690516800] CURRENT SERVICE STATE: Qnap NAS;Estado;OK;HARD;1;Power Supply #1 - OK: GOOD
[1690516800] CURRENT SERVICE STATE: Qnap NAS;Memoria;OK;HARD;1;OK: Total:3830MB - Used:1266MB - Free:2564MB = 34%
[1690516800] CURRENT SERVICE STATE: Qnap NAS;Sysinfo;OK;HARD;1;NAS Cloud, Model TS-879U-RP, Firmware 4.3.6, Max HD number 8, No. Volume 1
[1690516800] CURRENT SERVICE STATE: Qnap NAS;Temperatura;OK;HARD;1;OK: Temperature=37C
[1690516800] CURRENT SERVICE STATE: Qnap NAS;Tiempo Activo;OK;HARD;1;SNMP OK - Timeticks: (22666771) 2 days, 14:57:47.71
[1690516800] CURRENT SERVICE STATE: SRV01USER_cass.cl;Actualizacion;CRITICAL;HARD;3;Updates: 1 critical, 0 optional
[1690516800] CURRENT SERVICE STATE: SRV01USER_cass.cl;Almacenamiento C;OK;HARD;1;c:\ - total: 119.40 Gb - used: 92.11 Gb (77%) - free 27.29 Gb (23%)
[1690516800] CURRENT SERVICE STATE: SRV01USER_cass.cl;Almacenamiento U;OK;HARD;1;u:\ - total: 1023.98 Gb - used: 180.82 Gb (18%) - free 843.16 Gb (82%)
[1690516800] CURRENT SERVICE STATE: SRV01USER_cass.cl;CPU;OK;HARD;1;CPU Load 1% (5 min average)
[1690516800] CURRENT SERVICE STATE: SRV01USER_cass.cl;Memoria;OK;HARD;1;Memory usage: total:23551.21 MB - used: 13674.63 MB (58%) - free: 9876.59 MB (42%)
[1690516800] CURRENT SERVICE STATE: SRV01USER_cass.cl;Ping;OK;HARD;1;PING OK - Packet loss = 0%, RTA = 2.52 ms
[1690516800] CURRENT SERVICE STATE: SRV01USER_cass.cl;Tiempo Activo;OK;HARD;1;System Uptime - 9 day(s) 4 hour(s) 7 minute(s)
[1690516800] CURRENT SERVICE STATE: SRV04AD01.cass.cl;Ping;OK;HARD;1;PING OK - Packet loss = 0%, RTA = 1.70 ms
[1690516800] CURRENT SERVICE STATE: SRV05AD02_cass.cl;Ping;OK;HARD;1;PING OK - Packet loss = 0%, RTA = 1.52 ms
[1690516800] CURRENT SERVICE STATE: SRV11VIBE_cass.cl;Actualizacion;CRITICAL;HARD;3;Updates CRITICAL : discontinued OS Release SLE 15.1: At least one of your Repositories might be out of date. Please run "zypper refresh" as root to update it.  1 security update(s): 1 recommended update(s):  1 package update(s):
[1690516800] CURRENT SERVICE STATE: SRV11VIBE_cass.cl;Almacenamiento /;OK;HARD;1;DISK OK - free space: /var/tmp 78647 MiB (85.82% inode=-):
[1690516800] CURRENT SERVICE STATE: SRV11VIBE_cass.cl;CPU;OK;HARD;1;OK - load average per CPU: 0.02, 0.01, 0.01
[1690516800] CURRENT SERVICE STATE: SRV11VIBE_cass.cl;Memoria;OK;HARD;1;[MEMORY] Total: 7693 MB - Used: 4614 MB - 59% [SWAP] Total: 7944 MB - Used: 60 MB - 0%
[1690516800] CURRENT SERVICE STATE: SRV11VIBE_cass.cl;Ping;OK;HARD;1;PING OK - Packet loss = 0%, RTA = 1.06 ms
[1690516800] CURRENT SERVICE STATE: SRV11VIBE_cass.cl;Proceso Vibe;OK;HARD;1;PROCS OK: 0 processes with command name 'vibe'
[1690516800] CURRENT SERVICE STATE: SRV11VIBE_cass.cl;Procesos;OK;HARD;1;PROCS OK: 312 processes
[1690516800] CURRENT SERVICE STATE: SRV11VIBE_cass.cl;Procesos Zombies;OK;HARD;1;PROCS OK: 0 processes with STATE = Z
[1690516800] CURRENT SERVICE STATE: SRV11VIBE_cass.cl;Puerto HTTP;OK;HARD;1;TCP OK - 0.001 second response time on 10.0.2.13 port 80
[1690516800] CURRENT SERVICE STATE: SRV11VIBE_cass.cl;Puerto HTTPS;OK;HARD;1;TCP OK - 0.001 second response time on 10.0.2.13 port 443
[1690516800] CURRENT SERVICE STATE: SRV11VIBE_cass.cl;Servicio Vibe;OK;HARD;1;OK: Service vibe is running!
[1690516800] CURRENT SERVICE STATE: SRV11VIBE_cass.cl;Tiempo Activo;WARNING;HARD;3;Uptime WARNING: 97 day(s) 14 hour(s) 15 minute(s)
[1690516800] CURRENT SERVICE STATE: SRV11VIBE_cass.cl;Usuarios Login;OK;HARD;1;USERS OK - 2 users currently logged in
[1690516800] CURRENT SERVICE STATE: SRV12WEB_cass.cl;Ping;OK;HARD;1;PING OK - Packet loss = 0%, RTA = 1.08 ms
[1690516800] CURRENT SERVICE STATE: SRVAD1.cass.pmc;Ping;OK;HARD;1;PING OK - Packet loss = 0%, RTA = 1.59 ms
[1690516800] CURRENT SERVICE STATE: SRVAD2.cass.pmc;Ping;OK;HARD;1;PING OK - Packet loss = 0%, RTA = 1.35 ms
[1690516800] CURRENT SERVICE STATE: SRVADMIN.cass.pmc;Actualizacion;OK;HARD;1;OK - no pending updates.
[1690516800] CURRENT SERVICE STATE: SRVADMIN.cass.pmc;Almacenamiento;OK;HARD;1;c:\ - total: 299.66 Gb - used: 155.64 Gb (52%) - free 144.02 Gb (48%)
[1690516800] CURRENT SERVICE STATE: SRVADMIN.cass.pmc;CPU;OK;HARD;1;CPU Load 0% (5 min average)
[1690516800] CURRENT SERVICE STATE: SRVADMIN.cass.pmc;Memoria;OK;HARD;1;Memory usage: total:16012.88 MB - used: 13109.36 MB (82%) - free: 2903.52 MB (18%)
[1690516800] CURRENT SERVICE STATE: SRVADMIN.cass.pmc;Ping;OK;HARD;1;PING OK - Packet loss = 0%, RTA = 1.48 ms
[1690516800] CURRENT SERVICE STATE: SRVADMIN.cass.pmc;Tiempo Activo;OK;HARD;1;System Uptime - 9 day(s) 3 hour(s) 16 minute(s)
[1690516800] CURRENT SERVICE STATE: SRVCONT.cass.cl;Actualizacion;CRITICAL;HARD;3;Updates: 1 critical, 0 optional
[1690516800] CURRENT SERVICE STATE: SRVCONT.cass.cl;Almacenamiento;OK;HARD;1;c:\ - total: 299.33 Gb - used: 43.16 Gb (14%) - free 256.17 Gb (86%)
[1690516800] CURRENT SERVICE STATE: SRVCONT.cass.cl;CPU;OK;HARD;1;CPU Load 2% (5 min average)
[1690516800] CURRENT SERVICE STATE: SRVCONT.cass.cl;Memoria;OK;HARD;1;Memory usage: total:14143.13 MB - used: 2681.90 MB (19%) - free: 11461.23 MB (81%)
[1690516800] CURRENT SERVICE STATE: SRVCONT.cass.cl;Ping;OK;HARD;1;PING OK - Packet loss = 0%, RTA = 3.28 ms
[1690516800] CURRENT SERVICE STATE: SRVCONT.cass.cl;Tiempo Activo;OK;HARD;1;System Uptime - 9 day(s) 3 hour(s) 19 minute(s)
[1690516800] CURRENT SERVICE STATE: SRVDC1.cass.pmc;Ping;OK;HARD;1;PING OK - Packet loss = 0%, RTA = 1.55 ms
[1690516800] CURRENT SERVICE STATE: SRVDNS;Ping;OK;HARD;1;PING OK - Packet loss = 0%, RTA = 0.97 ms
[1690516800] CURRENT SERVICE STATE: SRVMFSD;Ping;OK;HARD;1;PING OK - Packet loss = 0%, RTA = 0.83 ms
[1690516800] CURRENT SERVICE STATE: SRV_Cfiler.cass.cl;Actualizacion;OK;HARD;1;Updates OK : no updates available
[1690516800] CURRENT SERVICE STATE: SRV_Cfiler.cass.cl;Almacenamiento /;OK;HARD;1;DISK OK - free space: / 2474311 MB (73% inode=-):
[1690516800] CURRENT SERVICE STATE: SRV_Cfiler.cass.cl;CPU;OK;HARD;1;OK - load average: 0.11, 0.11, 0.09
[1690516800] CURRENT SERVICE STATE: SRV_Cfiler.cass.cl;Http;OK;HARD;1;TCP OK - 0.000 second response time on port 80
[1690516800] CURRENT SERVICE STATE: SRV_Cfiler.cass.cl;Https;OK;HARD;1;TCP OK - 0.000 second response time on port 443
[1690516800] CURRENT SERVICE STATE: SRV_Cfiler.cass.cl;Memoria;OK;HARD;1;[MEMORY] Total: 3893 MB - Used: 1015 MB - 26% [SWAP] Total: 2047 MB - Used: 354 MB - 17%
[1690516800] CURRENT SERVICE STATE: SRV_Cfiler.cass.cl;Procesos;OK;HARD;1;PROCS OK: 303 processes
[1690516800] CURRENT SERVICE STATE: SRV_Cfiler.cass.cl;Procesos Zombies;OK;HARD;1;PROCS OK: 0 processes with STATE = Z
[1690516800] CURRENT SERVICE STATE: SRV_Cfiler.cass.cl;Procs Apache;OK;HARD;1;PROCS OK: 11 processes with args 'apache2'
[1690516800] CURRENT SERVICE STATE: SRV_Cfiler.cass.cl;Serv Apache;OK;HARD;1;OK: Service apache is running!
[1690516800] CURRENT SERVICE STATE: SRV_Cfiler.cass.cl;Servicio General;OK;HARD;1;PING OK - Packet loss = 0%, RTA = 0.61 ms
[1690516800] CURRENT SERVICE STATE: SRV_Cfiler.cass.cl;Tiempo Activo;WARNING;HARD;3;Uptime WARNING: 100 day(s) 2 hour(s) 3 minute(s)
[1690516800] CURRENT SERVICE STATE: SRV_Cfiler.cass.cl;Usuarios Login;OK;HARD;1;USERS OK - 1 users currently logged in
[1690516800] CURRENT SERVICE STATE: SRV_Oraculo_cass.cl;Ping;OK;HARD;1;PING OK - Packet loss = 0%, RTA = 1.26 ms
[1690516800] CURRENT SERVICE STATE: SRV_SOS2021.cass.cl;Actualizacion;OK;HARD;1;Updates OK : no updates available
[1690516800] CURRENT SERVICE STATE: SRV_SOS2021.cass.cl;Almacenamiento /;OK;HARD;1;DISK OK - free space: /var/tmp 118385 MiB (91.18% inode=-):
[1690516800] CURRENT SERVICE STATE: SRV_SOS2021.cass.cl;CPU;OK;HARD;1;OK - load average per CPU: 0.02, 0.01, 0.01
[1690516800] CURRENT SERVICE STATE: SRV_SOS2021.cass.cl;Memoria;OK;HARD;1;[MEMORY] Total: 7946 MB - Used: 1892 MB - 23% [SWAP] Total: 10239 MB - Used: 0 MB - 0%
[1690516800] CURRENT SERVICE STATE: SRV_SOS2021.cass.cl;Ping;OK;HARD;1;PING OK - Packet loss = 0%, RTA = 0.69 ms
[1690516800] CURRENT SERVICE STATE: SRV_SOS2021.cass.cl;Procesos;OK;HARD;1;PROCS OK: 308 processes
[1690516800] CURRENT SERVICE STATE: SRV_SOS2021.cass.cl;Procesos Zombies;OK;HARD;1;PROCS OK: 0 processes with STATE = Z
[1690516800] CURRENT SERVICE STATE: SRV_SOS2021.cass.cl;Tiempo Activo;OK;HARD;1;Uptime OK: 127 day(s) 11 hour(s) 37 minute(s)
[1690516800] CURRENT SERVICE STATE: SRV_SOS2021.cass.cl;Usuarios Login;OK;HARD;1;USERS OK - 0 users currently logged in
[1690516800] CURRENT SERVICE STATE: SRV_SUM;Ping;OK;HARD;1;PING OK - Packet loss = 0%, RTA = 0.64 ms
[1690516800] CURRENT SERVICE STATE: SRV_chat.cass.cl;Actualizacion;OK;HARD;1;Updates OK : no updates available
[1690516800] CURRENT SERVICE STATE: SRV_chat.cass.cl;Almacenamiento /;OK;HARD;1;DISK OK - free space: /var/tmp 972381 MiB (93.04% inode=-):
[1690516800] CURRENT SERVICE STATE: SRV_chat.cass.cl;CPU;OK;HARD;1;OK - load average per CPU: 0.12, 0.08, 0.05
[1690516800] CURRENT SERVICE STATE: SRV_chat.cass.cl;Memoria;OK;HARD;1;[MEMORY] Total: 7919 MB - Used: 3203 MB - 40% [SWAP] Total: 2048 MB - Used: 453 MB - 22%
[1690516800] CURRENT SERVICE STATE: SRV_chat.cass.cl;Ping;OK;HARD;1;PING OK - Packet loss = 0%, RTA = 0.48 ms
[1690516800] CURRENT SERVICE STATE: SRV_chat.cass.cl;Proceso Docker;OK;HARD;1;PROCS OK: 0 processes with command name 'docker'
[1690516800] CURRENT SERVICE STATE: SRV_chat.cass.cl;Proceso Nginx;OK;HARD;1;PROCS OK: 3 processes with command name 'nginx'
[1690516800] CURRENT SERVICE STATE: SRV_chat.cass.cl;Procesos;OK;HARD;1;PROCS OK: 305 processes
[1690516800] CURRENT SERVICE STATE: SRV_chat.cass.cl;Procesos Zombies;OK;HARD;1;PROCS OK: 1 process with STATE = Z
[1690516800] CURRENT SERVICE STATE: SRV_chat.cass.cl;Puerto Contenedor;OK;HARD;1;TCP OK - 0.000 second response time on port 8000
[1690516800] CURRENT SERVICE STATE: SRV_chat.cass.cl;Puerto HTTP;OK;HARD;1;TCP OK - 0.000 second response time on port 80
[1690516800] CURRENT SERVICE STATE: SRV_chat.cass.cl;Puerto HTTPS;OK;HARD;1;TCP OK - 0.000 second response time on port 443
[1690516800] CURRENT SERVICE STATE: SRV_chat.cass.cl;Puerto Portainer;OK;HARD;1;TCP OK - 0.001 second response time on port 9443
[1690516800] CURRENT SERVICE STATE: SRV_chat.cass.cl;Servicio Docker;OK;HARD;1;OK: Service docker is running!
[1690516800] CURRENT SERVICE STATE: SRV_chat.cass.cl;Servicio Nginx;OK;HARD;1;OK: Service nginx is running!
[1690516800] CURRENT SERVICE STATE: SRV_chat.cass.cl;Usuarios Login;OK;HARD;1;USERS OK - 2 users currently logged in
[1690516800] CURRENT SERVICE STATE: SRV_email.cass.cl;Actualizacion;OK;HARD;1;Updates OK : no updates available
[1690516800] CURRENT SERVICE STATE: SRV_email.cass.cl;Almacenamiento /;OK;HARD;1;DISK OK - free space: /var/tmp 476350 MiB (94.02% inode=-):
[1690516800] CURRENT SERVICE STATE: SRV_email.cass.cl;Almacenamiento Mail;OK;HARD;1;DISK OK - free space: /mail 1810316 MiB (92.44% inode=99%):
[1690516800] CURRENT SERVICE STATE: SRV_email.cass.cl;Almacenamiento Mail2;OK;HARD;1;DISK OK - free space: /mail2 476537 MiB (99.85% inode=100%):
[1690516800] CURRENT SERVICE STATE: SRV_email.cass.cl;CPU;OK;HARD;1;OK - load average per CPU: 0.01, 0.01, 0.01
[1690516800] CURRENT SERVICE STATE: SRV_email.cass.cl;Correo Pop;OK;HARD;1;POP OK - 0.000 second response time on 10.0.2.25 port 110 [+OK GroupWise POP3 server ready]
[1690516800] CURRENT SERVICE STATE: SRV_email.cass.cl;Correo Smtp;OK;HARD;1;SMTP OK - 0.064 sec. response time
[1690516800] CURRENT SERVICE STATE: SRV_email.cass.cl;Memoria;OK;HARD;1;[MEMORY] Total: 11939 MB - Used: 2638 MB - 22% [SWAP] Total: 2048 MB - Used: 421 MB - 20%
[1690516800] CURRENT SERVICE STATE: SRV_email.cass.cl;Ping;OK;HARD;1;PING OK - Packet loss = 0%, RTA = 0.86 ms
[1690516800] CURRENT SERVICE STATE: SRV_email.cass.cl;Procesos;OK;HARD;1;PROCS OK: 304 processes
[1690516800] CURRENT SERVICE STATE: SRV_email.cass.cl;Procesos Zombies;OK;HARD;1;PROCS OK: 0 processes with STATE = Z
[1690516800] CURRENT SERVICE STATE: SRV_email.cass.cl;Tiempo Activo;OK;HARD;1;Uptime OK: 112 day(s) 10 hour(s) 46 minute(s)
[1690516800] CURRENT SERVICE STATE: SRV_email.cass.cl;Usuarios Login;OK;HARD;1;USERS OK - 1 users currently logged in
[1690516800] CURRENT SERVICE STATE: SRV_nagios;Actualizacion;OK;HARD;1;YUM OK: 0 Updates Available
[1690516800] CURRENT SERVICE STATE: SRV_nagios;CPU;OK;HARD;1;OK - load average: 0.10, 0.09, 0.12
[1690516800] CURRENT SERVICE STATE: SRV_nagios;Memoria;OK;HARD;1;[MEMORY] Total: 7740 MB - Used: 703 MB - 9% [SWAP] Total: 7935 MB - Used: 0 MB - 0%
[1690516800] CURRENT SERVICE STATE: SRV_nagios;PING;OK;HARD;1;PING OK - Packet loss = 0%, RTA = 0.09 ms
[1690516800] CURRENT SERVICE STATE: SRV_nagios;Procesos;OK;HARD;1;PROCS OK: 57 processes with STATE = RSZDT
[1690516800] CURRENT SERVICE STATE: SRV_nagios;Usarios Login;OK;HARD;1;USERS OK - 0 users currently logged in
[1690516800] CURRENT SERVICE STATE: SRV_sync.cass.cl;Ping;OK;HARD;1;PING OK - Packet loss = 0%, RTA = 0.88 ms
[1690516800] CURRENT SERVICE STATE: Servidor Vcenter;Ping;OK;HARD;1;PING OK - Packet loss = 0%, RTA = 0.52 ms
[1690516800] CURRENT SERVICE STATE: Servidores CASS;Ancho de Banda GE/1/0/3;OK;HARD;1;OK - Average IN: 9.27KB (0.01%), Average OUT: 13.18KB (0.01%)Total RX: 31421.98GBytes, Total TX: 72179.55GBytes
[1690516800] CURRENT SERVICE STATE: Servidores CASS;Estado Puerto 3;OK;HARD;1;OK: Interface GigabitEthernet1/0/3 (index 3) is up.
[1690516800] CURRENT SERVICE STATE: Servidores CASS;Estado Puerto 80;OK;HARD;1;TCP OK - 0.002 second response time on 10.0.0.17 port 80
[1690516800] CURRENT SERVICE STATE: Servidores CASS;Ping;OK;HARD;1;PING OK - Packet loss = 0%, RTA = 1.20 ms
[1690516800] CURRENT SERVICE STATE: Servidores CASS;Tiempo Activo;OK;HARD;1;SNMP OK - Timeticks: (1101558054) 127 days, 11:53:00.54
[1690516800] CURRENT SERVICE STATE: Ups Principal;Carga;OK;HARD;1;OK: Estimated battery charge 98%, approximately 0 minutes runtime remaining.
[1690516800] CURRENT SERVICE STATE: Ups Principal;Estado;OK;HARD;1;OK: Battery Status Normal.
[1690516800] CURRENT SERVICE STATE: Ups Principal;Ping;OK;HARD;1;PING OK - Packet loss = 0%, RTA = 0.70 ms
[1690516800] CURRENT SERVICE STATE: Ups Principal;Temperatura;OK;HARD;1;OK: Battery Temperature is 24 degrees C (75.2 degrees F).
[1690516800] CURRENT SERVICE STATE: Ups Principal;Tiempo Activo;OK;HARD;1;SNMP OK - Timeticks: (81983619) 9 days, 11:43:56.19
[1690516800] CURRENT SERVICE STATE: Veeam2023.cass.pmc;Actualizacion;CRITICAL;HARD;3;Updates: 1 critical, 0 optional
[1690516800] CURRENT SERVICE STATE: Veeam2023.cass.pmc;Almacenamiento;OK;HARD;1;c:\ - total: 99.33 Gb - used: 87.40 Gb (88%) - free 11.93 Gb (12%)
[1690516800] CURRENT SERVICE STATE: Veeam2023.cass.pmc;CPU;OK;HARD;1;CPU Load 13% (5 min average)
[1690516800] CURRENT SERVICE STATE: Veeam2023.cass.pmc;Memoria;OK;HARD;1;Memory usage: total:18943.17 MB - used: 13436.60 MB (71%) - free: 5506.57 MB (29%)
[1690516800] CURRENT SERVICE STATE: Veeam2023.cass.pmc;Ping;OK;HARD;1;PING OK - Packet loss = 0%, RTA = 1.80 ms
[1690516800] CURRENT SERVICE STATE: Veeam2023.cass.pmc;Tiempo Activo;OK;HARD;1;System Uptime - 13 day(s) 7 hour(s) 5 minute(s)
[1690516800] CURRENT SERVICE STATE: web_cass_cl;Certificado;OK;HARD;1;SSL OK - Certificate '*.cass.cl' will expire in 151 days on 2023-12-26 20:59 -0300/-03.
[1690516800] CURRENT SERVICE STATE: web_cass_cl;HTTP;OK;HARD;1;HTTP OK: HTTP/1.1 302 Found - 1079 bytes in 0.190 second response time
[1690518369] SERVICE ALERT: SRV_chat.cass.cl;Actualizacion;CRITICAL;SOFT;1;CHECK_NRPE STATE CRITICAL: Socket timeout after 30 seconds.
[1690518369] SERVICE ALERT: SRV_email.cass.cl;Actualizacion;CRITICAL;SOFT;1;CHECK_NRPE STATE CRITICAL: Socket timeout after 30 seconds.
[1690518500] SERVICE ALERT: SRV_chat.cass.cl;Actualizacion;OK;SOFT;2;Updates OK : no updates available
[1690518501] SERVICE ALERT: SRV_email.cass.cl;Actualizacion;OK;SOFT;2;Updates OK : no updates available
[1690519831] Auto-save of retention data completed successfully.
[1690519833] SERVICE ALERT: SRV11VIBE_cass.cl;Memoria;CRITICAL;SOFT;1;(No output on stdout) stderr: connect to address 10.0.2.13 port 5666: Connection refused
[1690519953] SERVICE ALERT: SRV11VIBE_cass.cl;Memoria;OK;SOFT;2;[MEMORY] Total: 7693 MB - Used: 4613 MB - 59% [SWAP] Total: 7944 MB - Used: 60 MB - 0%
[1690523431] Auto-save of retention data completed successfully.
[1690527031] Auto-save of retention data completed successfully.
[1690530631] Auto-save of retention data completed successfully.
[1690531233] SERVICE ALERT: SRV11VIBE_cass.cl;Memoria;UNKNOWN;SOFT;1;CHECK_NRPE: Receive header underflow - only 0 bytes received (4 expected).
[1690531353] SERVICE ALERT: SRV11VIBE_cass.cl;Memoria;OK;SOFT;2;[MEMORY] Total: 7693 MB - Used: 4607 MB - 59% [SWAP] Total: 7944 MB - Used: 67 MB - 0%
[1690532691] SERVICE ALERT: SRV_email.cass.cl;Actualizacion;CRITICAL;SOFT;1;CHECK_NRPE STATE CRITICAL: Socket timeout after 30 seconds.
[1690532745] SERVICE ALERT: SRV_SOS2021.cass.cl;Actualizacion;CRITICAL;SOFT;1;CHECK_NRPE STATE CRITICAL: Socket timeout after 30 seconds.
[1690532750] SERVICE ALERT: SRV_chat.cass.cl;Actualizacion;CRITICAL;SOFT;1;CHECK_NRPE STATE CRITICAL: Socket timeout after 30 seconds.
[1690532823] SERVICE ALERT: SRV_email.cass.cl;Actualizacion;OK;SOFT;2;Updates OK : no updates available
[1690532877] SERVICE ALERT: SRV_SOS2021.cass.cl;Actualizacion;OK;SOFT;2;Updates OK : no updates available
[1690532883] SERVICE ALERT: SRV_chat.cass.cl;Actualizacion;OK;SOFT;2;Updates OK : no updates available
[1690533002] SERVICE ALERT: SRV_SOS2021.cass.cl;Actualizacion;UNKNOWN;SOFT;1;CHECK_NRPE: Receive header underflow - only 0 bytes received (4 expected).
[1690533134] SERVICE ALERT: SRV_SOS2021.cass.cl;Actualizacion;OK;SOFT;2;Updates OK : no updates available
[1690534231] Auto-save of retention data completed successfully.
[1690535176] SERVICE ALERT: SRV_nagios;Actualizacion;CRITICAL;SOFT;1;YUM CRITICAL: Yum nagios plugin has self terminated after exceeding the timeout (30 seconds)
[1690535239] SERVICE ALERT: SRV_nagios;Actualizacion;OK;SOFT;2;YUM OK: 0 Updates Available
[1690536633] SERVICE ALERT: SRV11VIBE_cass.cl;Memoria;CRITICAL;SOFT;1;(No output on stdout) stderr: connect to address 10.0.2.13 port 5666: Connection refused
[1690536753] SERVICE ALERT: SRV11VIBE_cass.cl;Memoria;OK;SOFT;2;[MEMORY] Total: 7693 MB - Used: 4607 MB - 59% [SWAP] Total: 7944 MB - Used: 67 MB - 0%
[1690537831] Auto-save of retention data completed successfully.
[1690541431] Auto-save of retention data completed successfully.
[1690543233] SERVICE ALERT: SRV11VIBE_cass.cl;Memoria;CRITICAL;SOFT;1;(No output on stdout) stderr: connect to address 10.0.2.13 port 5666: Connection refused
[1690543353] SERVICE ALERT: SRV11VIBE_cass.cl;Memoria;OK;SOFT;2;[MEMORY] Total: 7693 MB - Used: 4604 MB - 59% [SWAP] Total: 7944 MB - Used: 67 MB - 0%
[1690545031] Auto-save of retention data completed successfully.
[1690547126] SERVICE ALERT: SRVADMIN.cass.pmc;Actualizacion;UNKNOWN;SOFT;1;The command (check_updates) returned an invalid return code: 255
[1690547248] SERVICE ALERT: SRVADMIN.cass.pmc;Actualizacion;OK;SOFT;2;OK - no pending updates.
[1690548224] SERVICE ALERT: FW Cass Telsur;Ancho de Banda LAN;CRITICAL;SOFT;1;CRITICAL - OUT bandwidth (207850633192.57%) too high
[1690548344] SERVICE ALERT: FW Cass Telsur;Ancho de Banda LAN;CRITICAL;SOFT;2;CRITICAL - OUT bandwidth (2520.32%) too high
[1690548474] SERVICE ALERT: FW Cass Telsur;Ancho de Banda WAN;CRITICAL;SOFT;1;(No output on stdout) stderr:
[1690548474] SERVICE ALERT: FW Cass Telsur;Ancho de Banda LAN;OK;SOFT;3;OK - Average IN: 38.43KB (0.03%), Average OUT: 391.60KB (0.31%)Total RX: 424.99GBytes, Total TX: 380.23GBytes
[1690548541] SERVICE ALERT: Gore Los Lagos;Ping;WARNING;SOFT;1;PING WARNING - Packet loss = 90%, RTA = 20.91 ms
[1690548594] SERVICE ALERT: FW Cass Telsur;Ancho de Banda WAN;OK;SOFT;2;OK - Average IN: 5.98MB (4.79%), Average OUT: 6.12MB (4.89%)Total RX: 2373.42GBytes, Total TX: 4425.98GBytes
[1690548631] Auto-save of retention data completed successfully.
[1690548665] SERVICE ALERT: Gore Los Lagos;Ping;OK;SOFT;2;PING OK - Packet loss = 0%, RTA = 15.69 ms
[1690549692] SERVICE ALERT: FW Cass Telsur;Tiempo Activo;CRITICAL;SOFT;1;CRITICAL - Plugin timed out while executing system call
[1690549812] SERVICE ALERT: FW Cass Telsur;Tiempo Activo;OK;SOFT;2;SNMP OK - Timeticks: (201763472) 23 days, 8:27:14.72
[1690551365] SERVICE ALERT: FW Cass Telsur;Ancho de Banda WAN;CRITICAL;SOFT;1;(No output on stdout) stderr:
[1690551485] SERVICE ALERT: FW Cass Telsur;Ancho de Banda WAN;OK;SOFT;2;OK - Average IN: 1.73MB (1.38%), Average OUT: 1.72MB (1.38%)Total RX: 2386.09GBytes, Total TX: 4441.43GBytes
[1690551856] SERVICE ALERT: FW Cass Telsur;Ancho de Banda WAN;CRITICAL;SOFT;1;(No output on stdout) stderr:
[1690551976] SERVICE ALERT: FW Cass Telsur;Ancho de Banda WAN;OK;SOFT;2;OK - Average IN: 2.21MB (1.77%), Average OUT: 2.22MB (1.77%)Total RX: 2387.20GBytes, Total TX: 4442.54GBytes
[1690552231] Auto-save of retention data completed successfully.
[1690552248] SERVICE ALERT: FW Cass Telsur;Ancho de Banda DMZ;CRITICAL;SOFT;1;(No output on stdout) stderr:
[1690552373] SERVICE ALERT: FW Cass Telsur;Ancho de Banda DMZ;OK;SOFT;2;OK - Average IN: 18.74KB (0.01%), Average OUT: 17.71KB (0.01%)Total RX: 29.33GBytes, Total TX: 61.84GBytes
[1690552802] SERVICE ALERT: SRV_chat.cass.cl;Proceso Nginx;CRITICAL;SOFT;1;(No output on stdout) stderr: connect to address 10.0.0.92 port 5666: Connection refused
[1690552802] SERVICE ALERT: SRV_chat.cass.cl;Procesos;CRITICAL;SOFT;1;(No output on stdout) stderr: connect to address 10.0.0.92 port 5666: Connection refused
[1690552922] SERVICE ALERT: SRV_chat.cass.cl;Proceso Nginx;OK;SOFT;2;PROCS OK: 3 processes with command name 'nginx'
[1690552922] SERVICE ALERT: SRV_chat.cass.cl;Procesos;OK;SOFT;2;PROCS OK: 307 processes
[1690553123] SERVICE ALERT: FW Cass Telsur;Estado Puerto LAN;WARNING;SOFT;1;WARNING: SNMP error: No response from remote host "201.220.96.34"
[1690553243] SERVICE ALERT: FW Cass Telsur;Estado Puerto LAN;OK;SOFT;2;OK: Interface eth0 (index 2) is up.
[1690553944] SERVICE ALERT: FW Cass Telsur;Ancho de Banda DMZ;CRITICAL;SOFT;1;(No output on stdout) stderr:
[1690553944] SERVICE ALERT: FW Cass Telsur;Ancho de Banda LAN;CRITICAL;SOFT;1;(No output on stdout) stderr:
[1690554033] SERVICE ALERT: SRV11VIBE_cass.cl;Memoria;UNKNOWN;SOFT;1;CHECK_NRPE: Receive header underflow - only -1 bytes received (4 expected).
[1690554064] SERVICE ALERT: FW Cass Telsur;Ancho de Banda DMZ;OK;SOFT;2;OK - Average IN: 6.00KB (0.00%), Average OUT: 9.77KB (0.01%)Total RX: 29.35GBytes, Total TX: 61.85GBytes
[1690554064] SERVICE ALERT: FW Cass Telsur;Ancho de Banda LAN;OK;SOFT;2;OK - Average IN: 42.47KB (0.03%), Average OUT: 452.62KB (0.36%)Total RX: 425.20GBytes, Total TX: 382.93GBytes
[1690554153] SERVICE ALERT: SRV11VIBE_cass.cl;Memoria;OK;SOFT;2;[MEMORY] Total: 7693 MB - Used: 4614 MB - 59% [SWAP] Total: 7944 MB - Used: 67 MB - 0%
[1690555831] Auto-save of retention data completed successfully.
[1690558046] SERVICE ALERT: FW Cass Telsur;Ancho de Banda WAN;CRITICAL;SOFT;1;(No output on stdout) stderr:
[1690558166] SERVICE ALERT: FW Cass Telsur;Ancho de Banda WAN;OK;SOFT;2;OK - Average IN: 349.54B (0.00%), Average OUT: 139.47B (0.00%)Total RX: 2388.38GBytes, Total TX: 4443.92GBytes
[1690558994] SERVICE ALERT: FW Cass Telsur;Ancho de Banda LAN;UNKNOWN;SOFT;1;UNKNOWN: Improper interface status, status received: DNE - No response from remote host "201.220.96.34"
[1690559114] SERVICE ALERT: FW Cass Telsur;Ancho de Banda LAN;OK;SOFT;2;OK - Average IN: 30.17KB (0.02%), Average OUT: 414.49KB (0.33%)Total RX: 425.37GBytes, Total TX: 385.75GBytes
[1690559431] Auto-save of retention data completed successfully.
[1690561801] SERVICE ALERT: SRV_email.cass.cl;Correo Smtp;CRITICAL;SOFT;1;CHECK_NRPE: Error - Could not connect to 10.0.2.25. Check system logs on 10.0.2.25
[1690561921] SERVICE ALERT: SRV_email.cass.cl;Correo Smtp;OK;SOFT;2;SMTP OK - 0.027 sec. response time
[1690563031] Auto-save of retention data completed successfully.
[1690563996] SERVICE ALERT: FW Cass Telsur;Ancho de Banda WAN;CRITICAL;SOFT;1;(No output on stdout) stderr:
[1690564116] SERVICE ALERT: FW Cass Telsur;Ancho de Banda WAN;OK;SOFT;2;OK - Average IN: 285.19B (0.00%), Average OUT: 176.84B (0.00%)Total RX: 2388.39GBytes, Total TX: 4443.92GBytes
[1690564715] SERVICE ALERT: Gore Los Lagos;Ping;WARNING;SOFT;1;PING WARNING - Packet loss = 93%, RTA = 0.94 ms
[1690564839] SERVICE ALERT: Gore Los Lagos;Ping;OK;SOFT;2;PING OK - Packet loss = 0%, RTA = 1.13 ms
[1690565206] SERVICE ALERT: FW Cass Telsur;Ancho de Banda WAN;CRITICAL;SOFT;1;(No output on stdout) stderr:
[1690565326] SERVICE ALERT: FW Cass Telsur;Ancho de Banda WAN;OK;SOFT;2;OK - Average IN: 149.99B (0.00%), Average OUT: 57.93B (0.00%)Total RX: 2388.39GBytes, Total TX: 4443.92GBytes
[1690566631] Auto-save of retention data completed successfully.
[1690568401] SERVICE ALERT: SRV_email.cass.cl;Correo Smtp;CRITICAL;SOFT;1;(No output on stdout) stderr: connect to address 10.0.2.25 port 5666: Connection refused
[1690568521] SERVICE ALERT: SRV_email.cass.cl;Correo Smtp;OK;SOFT;2;SMTP OK - 0.005 sec. response time
[1690569033] SERVICE ALERT: SRV11VIBE_cass.cl;Memoria;CRITICAL;SOFT;1;(No output on stdout) stderr: connect to address 10.0.2.13 port 5666: Connection refused
[1690569153] SERVICE ALERT: SRV11VIBE_cass.cl;Memoria;OK;SOFT;2;[MEMORY] Total: 7693 MB - Used: 4590 MB - 59% [SWAP] Total: 7944 MB - Used: 81 MB - 1%
[1690570201] SERVICE ALERT: SRV_email.cass.cl;Correo Smtp;UNKNOWN;SOFT;1;CHECK_NRPE: Receive header underflow - only 0 bytes received (4 expected).
[1690570231] Auto-save of retention data completed successfully.
[1690570322] SERVICE ALERT: SRV_email.cass.cl;Correo Smtp;OK;SOFT;2;SMTP OK - 0.037 sec. response time
[1690570801] SERVICE ALERT: SRV_chat.cass.cl;Procesos;CRITICAL;SOFT;1;(No output on stdout) stderr: connect to address 10.0.0.92 port 5666: Connection refused
[1690570921] SERVICE ALERT: SRV_chat.cass.cl;Procesos;OK;SOFT;2;PROCS OK: 303 processes
[1690571964] SERVICE ALERT: FW Cass Telsur;Ancho de Banda LAN;CRITICAL;SOFT;1;(No output on stdout) stderr:
[1690571973] SERVICE ALERT: FW Cass Telsur;Estado Puerto LAN;WARNING;SOFT;1;WARNING: SNMP error: No response from remote host "201.220.96.34"
[1690571996] SERVICE ALERT: FW Cass Telsur;Ancho de Banda WAN;CRITICAL;SOFT;1;(No output on stdout) stderr:
[1690572094] SERVICE ALERT: FW Cass Telsur;Estado Puerto LAN;OK;SOFT;2;OK: Interface eth0 (index 2) is up.
[1690572094] SERVICE ALERT: FW Cass Telsur;Ancho de Banda LAN;OK;SOFT;2;OK - Average IN: 63.63KB (0.05%), Average OUT: 390.30KB (0.31%)Total RX: 425.79GBytes, Total TX: 391.86GBytes
[1690572116] SERVICE ALERT: FW Cass Telsur;Ancho de Banda WAN;OK;SOFT;2;OK - Average IN: 161.73B (0.00%), Average OUT: 62.10B (0.00%)Total RX: 2389.12GBytes, Total TX: 4445.82GBytes
[1690573831] Auto-save of retention data completed successfully.
[1690574653] SERVICE ALERT: FW Cass Telsur;Ancho de Banda DMZ;CRITICAL;SOFT;1;(No output on stdout) stderr:
[1690574773] SERVICE ALERT: FW Cass Telsur;Ancho de Banda DMZ;OK;SOFT;2;OK - Average IN: 5.63KB (0.00%), Average OUT: 6.81KB (0.01%)Total RX: 29.64GBytes, Total TX: 62.13GBytes
[1690576103] SERVICE ALERT: FW Cass Telsur;Ancho de Banda DMZ;CRITICAL;SOFT;1;(No output on stdout) stderr:
[1690576223] SERVICE ALERT: FW Cass Telsur;Ancho de Banda DMZ;OK;SOFT;2;OK - Average IN: 4.97KB (0.00%), Average OUT: 6.91KB (0.01%)Total RX: 29.66GBytes, Total TX: 62.21GBytes
[1690576233] SERVICE ALERT: SRV11VIBE_cass.cl;Memoria;UNKNOWN;SOFT;1;CHECK_NRPE: Receive header underflow - only 0 bytes received (4 expected).
[1690576353] SERVICE ALERT: SRV11VIBE_cass.cl;Memoria;OK;SOFT;2;[MEMORY] Total: 7693 MB - Used: 4593 MB - 59% [SWAP] Total: 7944 MB - Used: 81 MB - 1%
[1690576724] SERVICE ALERT: FW Cass Telsur;Ancho de Banda LAN;CRITICAL;SOFT;1;(No output on stdout) stderr:
[1690576844] SERVICE ALERT: FW Cass Telsur;Ancho de Banda LAN;OK;SOFT;2;OK - Average IN: 38.57KB (0.03%), Average OUT: 597.25KB (0.48%)Total RX: 426.05GBytes, Total TX: 394.51GBytes
[1690577431] Auto-save of retention data completed successfully.
[1690577433] SERVICE ALERT: SRV11VIBE_cass.cl;Memoria;CRITICAL;SOFT;1;(No output on stdout) stderr: connect to address 10.0.2.13 port 5666: Connection refused
[1690577553] SERVICE ALERT: SRV11VIBE_cass.cl;Memoria;OK;SOFT;2;[MEMORY] Total: 7693 MB - Used: 4595 MB - 59% [SWAP] Total: 7944 MB - Used: 81 MB - 1%
[1690578033] SERVICE ALERT: SRV_email.cass.cl;Actualizacion;CRITICAL;SOFT;1;CHECK_NRPE STATE CRITICAL: Socket timeout after 30 seconds.
[1690578043] SERVICE ALERT: SRV_Cfiler.cass.cl;Actualizacion;CRITICAL;SOFT;1;CHECK_NRPE STATE CRITICAL: Socket timeout after 30 seconds.
[1690578044] SERVICE ALERT: SRV_SOS2021.cass.cl;Actualizacion;CRITICAL;SOFT;1;CHECK_NRPE STATE CRITICAL: Socket timeout after 30 seconds.
[1690578165] SERVICE ALERT: SRV_email.cass.cl;Actualizacion;OK;SOFT;2;Updates OK : no updates available
[1690578175] SERVICE ALERT: SRV_Cfiler.cass.cl;Actualizacion;OK;SOFT;2;Updates OK : no updates available
[1690578176] SERVICE ALERT: SRV_SOS2021.cass.cl;Actualizacion;OK;SOFT;2;Updates OK : no updates available
[1690578486] SERVICE ALERT: FW Cass Telsur;Ancho de Banda WAN;CRITICAL;SOFT;1;(No output on stdout) stderr:
[1690578602] SERVICE ALERT: SRV_Cfiler.cass.cl;Actualizacion;UNKNOWN;SOFT;1;CHECK_NRPE: Receive header underflow - only 0 bytes received (4 expected).
[1690578602] SERVICE ALERT: SRV_SOS2021.cass.cl;Almacenamiento /;CRITICAL;SOFT;1;(No output on stdout) stderr: connect to address 10.0.0.16 port 5666: Connection refused
[1690578602] SERVICE ALERT: SRV_SOS2021.cass.cl;Actualizacion;UNKNOWN;SOFT;1;CHECK_NRPE: Receive header underflow - only 0 bytes received (4 expected).
[1690578606] SERVICE ALERT: FW Cass Telsur;Ancho de Banda WAN;OK;SOFT;2;OK - Average IN: 48.97B (0.00%), Average OUT: 80.97B (0.00%)Total RX: 2389.48GBytes, Total TX: 4454.98GBytes
[1690578722] SERVICE ALERT: SRV_SOS2021.cass.cl;Almacenamiento /;OK;SOFT;2;DISK OK - free space: /var/tmp 118396 MiB (91.19% inode=-):
[1690578734] SERVICE ALERT: SRV_Cfiler.cass.cl;Actualizacion;OK;SOFT;2;Updates OK : no updates available
[1690578734] SERVICE ALERT: SRV_SOS2021.cass.cl;Actualizacion;OK;SOFT;2;Updates OK : no updates available
[1690578813] SERVICE ALERT: FW Cass Telsur;Ancho de Banda DMZ;CRITICAL;SOFT;1;(No output on stdout) stderr:
[1690578948] SERVICE ALERT: FW Cass Telsur;Ancho de Banda DMZ;OK;SOFT;2;(No output on stdout) stderr:
[1690579031] SERVICE ALERT: FW Cass Telsur;Estado Puerto WAN;WARNING;SOFT;1;WARNING: SNMP error: No response from remote host "201.220.96.34"
[1690579096] SERVICE ALERT: FW Cass Telsur;Ancho de Banda WAN;CRITICAL;SOFT;1;(No output on stdout) stderr:
[1690579124] SERVICE ALERT: FW Cass Telsur;Estado Puerto LAN;WARNING;SOFT;1;WARNING: SNMP error: No response from remote host "201.220.96.34"
[1690579134] SERVICE ALERT: FW Cass Telsur;Ancho de Banda LAN;UNKNOWN;SOFT;1;UNKNOWN: Improper interface status, status received: DNE - No response from remote host "201.220.96.34"
[1690579151] SERVICE ALERT: FW Cass Telsur;Estado Puerto WAN;OK;SOFT;2;OK: Interface eth1 (index 3) is up.
[1690579202] SERVICE ALERT: SRV_SOS2021.cass.cl;Almacenamiento /;UNKNOWN;SOFT;1;CHECK_NRPE: Receive header underflow - only 0 bytes received (4 expected).
[1690579216] SERVICE ALERT: FW Cass Telsur;Ancho de Banda WAN;OK;SOFT;2;OK - Average IN: 66.70B (0.00%), Average OUT: 13.23B (0.00%)Total RX: 2389.48GBytes, Total TX: 4454.98GBytes
[1690579244] SERVICE ALERT: FW Cass Telsur;Estado Puerto LAN;OK;SOFT;2;OK: Interface eth0 (index 2) is up.
[1690579264] SERVICE ALERT: FW Cass Telsur;Ancho de Banda LAN;CRITICAL;SOFT;2;(No output on stdout) stderr:
[1690579322] SERVICE ALERT: SRV_SOS2021.cass.cl;Almacenamiento /;OK;SOFT;2;DISK OK - free space: /var/tmp 118395 MiB (91.19% inode=-):
[1690579385] SERVICE ALERT: FW Cass Telsur;Ancho de Banda LAN;OK;SOFT;3;OK - Average IN: 67.12KB (0.05%), Average OUT: 490.77KB (0.39%)Total RX: 426.19GBytes, Total TX: 395.82GBytes
[1690580214] SERVICE ALERT: FW Cass Telsur;Estado Puerto LAN;WARNING;SOFT;1;WARNING: SNMP error: No response from remote host "201.220.96.34"
[1690580334] SERVICE ALERT: FW Cass Telsur;Estado Puerto LAN;OK;SOFT;2;OK: Interface eth0 (index 2) is up.
[1690581031] Auto-save of retention data completed successfully.
[1690582319] SERVICE ALERT: FW Cass Telsur;Ancho de Banda DMZ;CRITICAL;SOFT;1;(No output on stdout) stderr:
[1690582439] SERVICE ALERT: FW Cass Telsur;Ancho de Banda DMZ;OK;SOFT;2;OK - Average IN: 5.32KB (0.00%), Average OUT: 6.80KB (0.01%)Total RX: 29.74GBytes, Total TX: 62.38GBytes
[1690584631] Auto-save of retention data completed successfully.
[1690584851] wproc: Core Worker 11601: job 4621789 (pid=10845) timed out. Killing it
[1690584851] wproc: CHECK job 4621789 from worker Core Worker 11601 timed out after 30.01s
[1690584851] wproc:   host=FW Clinica PV Telsur; service=(null);
[1690584851] wproc:   early_timeout=1; exited_ok=0; wait_status=0; error_code=62;
[1690584851] Warning: Check of host 'FW Clinica PV Telsur' timed out after 30.01 seconds
[1690584851] HOST ALERT: FW Clinica PV Telsur;DOWN;SOFT;1;(Host check timed out after 30.01 seconds)
[1690584851] wproc: Core Worker 11601: job 4621789 (pid=10845): Dormant child reaped
[1690584854] wproc: Core Worker 11600: job 4621792 (pid=10860) timed out. Killing it
[1690584854] wproc: CHECK job 4621792 from worker Core Worker 11600 timed out after 30.01s
[1690584854] wproc:   host=FW Clinica PV Movistar; service=(null);
[1690584854] wproc:   early_timeout=1; exited_ok=0; wait_status=0; error_code=62;
[1690584854] Warning: Check of host 'FW Clinica PV Movistar' timed out after 30.01 seconds
[1690584854] HOST ALERT: FW Clinica PV Movistar;DOWN;SOFT;1;(Host check timed out after 30.01 seconds)
[1690584854] wproc: Core Worker 11600: job 4621792 (pid=10860): Dormant child reaped
[1690584863] SERVICE ALERT: FW Clinica PV Movistar;Ping;CRITICAL;HARD;1;PING CRITICAL - Packet loss = 100%
[1690584941] wproc: Core Worker 11600: job 4621861 (pid=11645) timed out. Killing it
[1690584941] wproc: CHECK job 4621861 from worker Core Worker 11600 timed out after 30.01s
[1690584941] wproc:   host=FW Clinica PV Telsur; service=(null);
[1690584941] wproc:   early_timeout=1; exited_ok=0; wait_status=0; error_code=62;
[1690584941] wproc:   stdout line 01: PING CRITICAL - Packet loss = 100%|rta=5000.000000ms;3000.000000;5000.000000;0.000000 pl=100%;80;100;0
[1690584941] Warning: Check of host 'FW Clinica PV Telsur' timed out after 30.01 seconds
[1690584941] HOST ALERT: FW Clinica PV Telsur;DOWN;SOFT;2;(Host check timed out after 30.01 seconds)
[1690584941] wproc: Core Worker 11600: job 4621861 (pid=11645): Dormant child reaped
[1690584944] wproc: Core Worker 11600: job 4621864 (pid=11665) timed out. Killing it
[1690584944] wproc: CHECK job 4621864 from worker Core Worker 11600 timed out after 30.01s
[1690584944] wproc:   host=FW Clinica PV Movistar; service=(null);
[1690584944] wproc:   early_timeout=1; exited_ok=0; wait_status=0; error_code=62;
[1690584944] Warning: Check of host 'FW Clinica PV Movistar' timed out after 30.01 seconds
[1690584944] HOST ALERT: FW Clinica PV Movistar;DOWN;SOFT;2;(Host check timed out after 30.01 seconds)
[1690584944] wproc: Core Worker 11600: job 4621864 (pid=11665): Dormant child reaped
[1690585031] wproc: Core Worker 11600: job 4621936 (pid=12392) timed out. Killing it
[1690585031] wproc: CHECK job 4621936 from worker Core Worker 11600 timed out after 30.01s
[1690585031] wproc:   host=FW Clinica PV Telsur; service=(null);
[1690585031] wproc:   early_timeout=1; exited_ok=0; wait_status=0; error_code=62;
[1690585031] Warning: Check of host 'FW Clinica PV Telsur' timed out after 30.01 seconds
[1690585031] HOST ALERT: FW Clinica PV Telsur;DOWN;SOFT;3;(Host check timed out after 30.01 seconds)
[1690585031] wproc: Core Worker 11600: job 4621936 (pid=12392): Dormant child reaped
[1690585034] wproc: Core Worker 11601: job 4621937 (pid=12405) timed out. Killing it
[1690585034] wproc: CHECK job 4621937 from worker Core Worker 11601 timed out after 30.01s
[1690585034] wproc:   host=FW Clinica PV Movistar; service=(null);
[1690585034] wproc:   early_timeout=1; exited_ok=0; wait_status=0; error_code=62;
[1690585034] Warning: Check of host 'FW Clinica PV Movistar' timed out after 30.01 seconds
[1690585034] HOST ALERT: FW Clinica PV Movistar;DOWN;SOFT;3;(Host check timed out after 30.01 seconds)
[1690585034] wproc: Core Worker 11601: job 4621937 (pid=12405): Dormant child reaped
[1690585121] wproc: Core Worker 11600: job 4622008 (pid=13205) timed out. Killing it
[1690585121] wproc: CHECK job 4622008 from worker Core Worker 11600 timed out after 30.01s
[1690585121] wproc:   host=FW Clinica PV Telsur; service=(null);
[1690585121] wproc:   early_timeout=1; exited_ok=0; wait_status=0; error_code=62;
[1690585121] Warning: Check of host 'FW Clinica PV Telsur' timed out after 30.01 seconds
[1690585121] HOST ALERT: FW Clinica PV Telsur;DOWN;SOFT;4;(Host check timed out after 30.01 seconds)
[1690585121] wproc: Core Worker 11600: job 4622008 (pid=13205): Dormant child reaped
[1690585124] wproc: Core Worker 11599: job 4622011 (pid=13230) timed out. Killing it
[1690585124] wproc: CHECK job 4622011 from worker Core Worker 11599 timed out after 30.01s
[1690585124] wproc:   host=FW Clinica PV Movistar; service=(null);
[1690585124] wproc:   early_timeout=1; exited_ok=0; wait_status=0; error_code=62;
[1690585124] Warning: Check of host 'FW Clinica PV Movistar' timed out after 30.01 seconds
[1690585124] HOST ALERT: FW Clinica PV Movistar;DOWN;SOFT;4;(Host check timed out after 30.01 seconds)
[1690585124] wproc: Core Worker 11599: job 4622011 (pid=13230): Dormant child reaped
[1690585211] wproc: Core Worker 11600: job 4622083 (pid=13967) timed out. Killing it
[1690585211] wproc: CHECK job 4622083 from worker Core Worker 11600 timed out after 30.01s
[1690585211] wproc:   host=FW Clinica PV Telsur; service=(null);
[1690585211] wproc:   early_timeout=1; exited_ok=0; wait_status=0; error_code=62;
[1690585211] Warning: Check of host 'FW Clinica PV Telsur' timed out after 30.01 seconds
[1690585211] HOST ALERT: FW Clinica PV Telsur;DOWN;SOFT;5;(Host check timed out after 30.01 seconds)
[1690585211] wproc: Core Worker 11600: job 4622083 (pid=13967): Dormant child reaped
[1690585214] wproc: Core Worker 11599: job 4622085 (pid=13982) timed out. Killing it
[1690585214] wproc: CHECK job 4622085 from worker Core Worker 11599 timed out after 30.01s
[1690585214] wproc:   host=FW Clinica PV Movistar; service=(null);
[1690585214] wproc:   early_timeout=1; exited_ok=0; wait_status=0; error_code=62;
[1690585214] Warning: Check of host 'FW Clinica PV Movistar' timed out after 30.01 seconds
[1690585214] HOST ALERT: FW Clinica PV Movistar;DOWN;SOFT;5;(Host check timed out after 30.01 seconds)
[1690585214] wproc: Core Worker 11599: job 4622085 (pid=13982): Dormant child reaped
[1690585301] wproc: Core Worker 11600: job 4622153 (pid=14778) timed out. Killing it
[1690585301] wproc: CHECK job 4622153 from worker Core Worker 11600 timed out after 30.01s
[1690585301] wproc:   host=FW Clinica PV Telsur; service=(null);
[1690585301] wproc:   early_timeout=1; exited_ok=0; wait_status=0; error_code=62;
[1690585301] Warning: Check of host 'FW Clinica PV Telsur' timed out after 30.01 seconds
[1690585301] HOST ALERT: FW Clinica PV Telsur;DOWN;SOFT;6;(Host check timed out after 30.01 seconds)
[1690585301] wproc: Core Worker 11600: job 4622153 (pid=14778): Dormant child reaped
[1690585304] wproc: Core Worker 11599: job 4622157 (pid=14809) timed out. Killing it
[1690585304] wproc: CHECK job 4622157 from worker Core Worker 11599 timed out after 30.01s
[1690585304] wproc:   host=FW Clinica PV Movistar; service=(null);
[1690585304] wproc:   early_timeout=1; exited_ok=0; wait_status=0; error_code=62;
[1690585304] Warning: Check of host 'FW Clinica PV Movistar' timed out after 30.01 seconds
[1690585304] HOST ALERT: FW Clinica PV Movistar;DOWN;SOFT;6;(Host check timed out after 30.01 seconds)
[1690585304] wproc: Core Worker 11599: job 4622157 (pid=14809): Dormant child reaped
[1690585391] wproc: Core Worker 11599: job 4622230 (pid=15551) timed out. Killing it
[1690585391] wproc: CHECK job 4622230 from worker Core Worker 11599 timed out after 30.01s
[1690585391] wproc:   host=FW Clinica PV Telsur; service=(null);
[1690585391] wproc:   early_timeout=1; exited_ok=0; wait_status=0; error_code=62;
[1690585391] Warning: Check of host 'FW Clinica PV Telsur' timed out after 30.01 seconds
[1690585391] HOST ALERT: FW Clinica PV Telsur;DOWN;SOFT;7;(Host check timed out after 30.01 seconds)
[1690585391] wproc: Core Worker 11599: job 4622230 (pid=15551): Dormant child reaped
[1690585394] wproc: Core Worker 11601: job 4622232 (pid=15567) timed out. Killing it
[1690585394] wproc: CHECK job 4622232 from worker Core Worker 11601 timed out after 30.01s
[1690585394] wproc:   host=FW Clinica PV Movistar; service=(null);
[1690585394] wproc:   early_timeout=1; exited_ok=0; wait_status=0; error_code=62;
[1690585394] Warning: Check of host 'FW Clinica PV Movistar' timed out after 30.01 seconds
[1690585394] HOST ALERT: FW Clinica PV Movistar;DOWN;SOFT;7;(Host check timed out after 30.01 seconds)
[1690585394] wproc: Core Worker 11601: job 4622232 (pid=15567): Dormant child reaped
[1690585481] wproc: Core Worker 11601: job 4622300 (pid=16341) timed out. Killing it
[1690585481] wproc: CHECK job 4622300 from worker Core Worker 11601 timed out after 30.01s
[1690585481] wproc:   host=FW Clinica PV Telsur; service=(null);
[1690585481] wproc:   early_timeout=1; exited_ok=0; wait_status=0; error_code=62;
[1690585481] Warning: Check of host 'FW Clinica PV Telsur' timed out after 30.01 seconds
[1690585481] HOST ALERT: FW Clinica PV Telsur;DOWN;SOFT;8;(Host check timed out after 30.01 seconds)
[1690585481] wproc: Core Worker 11601: job 4622300 (pid=16341): Dormant child reaped
[1690585484] wproc: Core Worker 11600: job 4622305 (pid=16371) timed out. Killing it
[1690585484] wproc: CHECK job 4622305 from worker Core Worker 11600 timed out after 30.01s
[1690585484] wproc:   host=FW Clinica PV Movistar; service=(null);
[1690585484] wproc:   early_timeout=1; exited_ok=0; wait_status=0; error_code=62;
[1690585484] Warning: Check of host 'FW Clinica PV Movistar' timed out after 30.01 seconds
[1690585484] HOST ALERT: FW Clinica PV Movistar;DOWN;SOFT;8;(Host check timed out after 30.01 seconds)
[1690585484] wproc: Core Worker 11600: job 4622305 (pid=16371): Dormant child reaped
[1690585571] wproc: Core Worker 11598: job 4622376 (pid=17095) timed out. Killing it
[1690585571] wproc: CHECK job 4622376 from worker Core Worker 11598 timed out after 30.01s
[1690585571] wproc:   host=FW Clinica PV Telsur; service=(null);
[1690585571] wproc:   early_timeout=1; exited_ok=0; wait_status=0; error_code=62;
[1690585571] Warning: Check of host 'FW Clinica PV Telsur' timed out after 30.01 seconds
[1690585571] HOST ALERT: FW Clinica PV Telsur;DOWN;SOFT;9;(Host check timed out after 30.01 seconds)
[1690585571] wproc: Core Worker 11598: job 4622376 (pid=17095): Dormant child reaped
[1690585574] wproc: Core Worker 11600: job 4622378 (pid=17106) timed out. Killing it
[1690585574] wproc: CHECK job 4622378 from worker Core Worker 11600 timed out after 30.01s
[1690585574] wproc:   host=FW Clinica PV Movistar; service=(null);
[1690585574] wproc:   early_timeout=1; exited_ok=0; wait_status=0; error_code=62;
[1690585574] Warning: Check of host 'FW Clinica PV Movistar' timed out after 30.01 seconds
[1690585574] HOST ALERT: FW Clinica PV Movistar;DOWN;SOFT;9;(Host check timed out after 30.01 seconds)
[1690585574] wproc: Core Worker 11600: job 4622378 (pid=17106): Dormant child reaped
[1690585661] wproc: Core Worker 11598: job 4622447 (pid=17892) timed out. Killing it
[1690585661] wproc: CHECK job 4622447 from worker Core Worker 11598 timed out after 30.01s
[1690585661] wproc:   host=FW Clinica PV Telsur; service=(null);
[1690585661] wproc:   early_timeout=1; exited_ok=0; wait_status=0; error_code=62;
[1690585661] Warning: Check of host 'FW Clinica PV Telsur' timed out after 30.01 seconds
[1690585661] HOST NOTIFICATION: nagiosadmin;FW Clinica PV Telsur;DOWN;notify-host-by-email;(Host check timed out after 30.01 seconds)
[1690585661] HOST NOTIFICATION: andresnavarro;FW Clinica PV Telsur;DOWN;notify-host-by-email;(Host check timed out after 30.01 seconds)
[1690585661] HOST NOTIFICATION: soporteti;FW Clinica PV Telsur;DOWN;notify-host-by-telegram;(Host check timed out after 30.01 seconds)
[1690585661] HOST NOTIFICATION: soporteti;FW Clinica PV Telsur;DOWN;notify-host-by-email;(Host check timed out after 30.01 seconds)
[1690585661] HOST NOTIFICATION: carlosstange;FW Clinica PV Telsur;DOWN;notify-host-by-telegram;(Host check timed out after 30.01 seconds)
[1690585661] HOST NOTIFICATION: carlosstange;FW Clinica PV Telsur;DOWN;notify-host-by-email;(Host check timed out after 30.01 seconds)
[1690585661] HOST ALERT: FW Clinica PV Telsur;DOWN;HARD;10;(Host check timed out after 30.01 seconds)
[1690585661] wproc: Core Worker 11598: job 4622447 (pid=17892): Dormant child reaped
[1690585664] wproc: Core Worker 11598: job 4622451 (pid=17922) timed out. Killing it
[1690585664] wproc: CHECK job 4622451 from worker Core Worker 11598 timed out after 30.01s
[1690585664] wproc:   host=FW Clinica PV Movistar; service=(null);
[1690585664] wproc:   early_timeout=1; exited_ok=0; wait_status=0; error_code=62;
[1690585664] Warning: Check of host 'FW Clinica PV Movistar' timed out after 30.01 seconds
[1690585664] HOST NOTIFICATION: nagiosadmin;FW Clinica PV Movistar;DOWN;notify-host-by-email;(Host check timed out after 30.01 seconds)
[1690585664] HOST NOTIFICATION: andresnavarro;FW Clinica PV Movistar;DOWN;notify-host-by-email;(Host check timed out after 30.01 seconds)
[1690585664] HOST NOTIFICATION: soporteti;FW Clinica PV Movistar;DOWN;notify-host-by-telegram;(Host check timed out after 30.01 seconds)
[1690585664] HOST NOTIFICATION: soporteti;FW Clinica PV Movistar;DOWN;notify-host-by-email;(Host check timed out after 30.01 seconds)
[1690585664] HOST NOTIFICATION: carlosstange;FW Clinica PV Movistar;DOWN;notify-host-by-telegram;(Host check timed out after 30.01 seconds)
[1690585664] HOST NOTIFICATION: carlosstange;FW Clinica PV Movistar;DOWN;notify-host-by-email;(Host check timed out after 30.01 seconds)
[1690585664] HOST ALERT: FW Clinica PV Movistar;DOWN;HARD;10;(Host check timed out after 30.01 seconds)
[1690585664] wproc: Core Worker 11598: job 4622451 (pid=17922): Dormant child reaped
[1690585751] wproc: Core Worker 11600: job 4622527 (pid=18705) timed out. Killing it
[1690585751] wproc: CHECK job 4622527 from worker Core Worker 11600 timed out after 30.01s
[1690585751] wproc:   host=FW Clinica PV Telsur; service=(null);
[1690585751] wproc:   early_timeout=1; exited_ok=0; wait_status=0; error_code=62;
[1690585751] Warning: Check of host 'FW Clinica PV Telsur' timed out after 30.01 seconds
[1690585751] wproc: Core Worker 11600: job 4622527 (pid=18705): Dormant child reaped
[1690585754] wproc: Core Worker 11598: job 4622528 (pid=18720) timed out. Killing it
[1690585754] wproc: CHECK job 4622528 from worker Core Worker 11598 timed out after 30.01s
[1690585754] wproc:   host=FW Clinica PV Movistar; service=(null);
[1690585754] wproc:   early_timeout=1; exited_ok=0; wait_status=0; error_code=62;
[1690585754] Warning: Check of host 'FW Clinica PV Movistar' timed out after 30.01 seconds
[1690585754] wproc: Core Worker 11598: job 4622528 (pid=18720): Dormant child reaped
[1690585811] wproc: Core Worker 11601: job 4622575 (pid=19218) timed out. Killing it
[1690585811] wproc: CHECK job 4622575 from worker Core Worker 11601 timed out after 30.01s
[1690585811] wproc:   host=FW Clinica PV Telsur; service=(null);
[1690585811] wproc:   early_timeout=1; exited_ok=0; wait_status=0; error_code=62;
[1690585811] Warning: Check of host 'FW Clinica PV Telsur' timed out after 30.01 seconds
[1690585811] wproc: Core Worker 11601: job 4622575 (pid=19218): Dormant child reaped
[1690585814] wproc: Core Worker 11599: job 4622577 (pid=19233) timed out. Killing it
[1690585814] wproc: CHECK job 4622577 from worker Core Worker 11599 timed out after 30.01s
[1690585814] wproc:   host=FW Clinica PV Movistar; service=(null);
[1690585814] wproc:   early_timeout=1; exited_ok=0; wait_status=0; error_code=62;
[1690585814] Warning: Check of host 'FW Clinica PV Movistar' timed out after 30.01 seconds
[1690585814] wproc: Core Worker 11599: job 4622577 (pid=19233): Dormant child reaped
[1690585871] wproc: Core Worker 11599: job 4622624 (pid=19743) timed out. Killing it
[1690585871] wproc: CHECK job 4622624 from worker Core Worker 11599 timed out after 30.01s
[1690585871] wproc:   host=FW Clinica PV Telsur; service=(null);
[1690585871] wproc:   early_timeout=1; exited_ok=0; wait_status=0; error_code=62;
[1690585871] Warning: Check of host 'FW Clinica PV Telsur' timed out after 30.01 seconds
[1690585871] wproc: Core Worker 11599: job 4622624 (pid=19743): Dormant child reaped
[1690585874] wproc: Core Worker 11599: job 4622626 (pid=19760) timed out. Killing it
[1690585874] wproc: CHECK job 4622626 from worker Core Worker 11599 timed out after 30.01s
[1690585874] wproc:   host=FW Clinica PV Movistar; service=(null);
[1690585874] wproc:   early_timeout=1; exited_ok=0; wait_status=0; error_code=62;
[1690585874] Warning: Check of host 'FW Clinica PV Movistar' timed out after 30.01 seconds
[1690585874] wproc: Core Worker 11599: job 4622626 (pid=19760): Dormant child reaped
[1690585931] wproc: Core Worker 11598: job 4622673 (pid=20260) timed out. Killing it
[1690585931] wproc: CHECK job 4622673 from worker Core Worker 11598 timed out after 30.01s
[1690585931] wproc:   host=FW Clinica PV Telsur; service=(null);
[1690585931] wproc:   early_timeout=1; exited_ok=0; wait_status=0; error_code=62;
[1690585931] Warning: Check of host 'FW Clinica PV Telsur' timed out after 30.01 seconds
[1690585931] wproc: Core Worker 11598: job 4622673 (pid=20260): Dormant child reaped
[1690585934] wproc: Core Worker 11598: job 4622675 (pid=20278) timed out. Killing it
[1690585934] wproc: CHECK job 4622675 from worker Core Worker 11598 timed out after 30.01s
[1690585934] wproc:   host=FW Clinica PV Movistar; service=(null);
[1690585934] wproc:   early_timeout=1; exited_ok=0; wait_status=0; error_code=62;
[1690585934] Warning: Check of host 'FW Clinica PV Movistar' timed out after 30.01 seconds
[1690585934] wproc: Core Worker 11598: job 4622675 (pid=20278): Dormant child reaped
[1690585991] wproc: Core Worker 11599: job 4622723 (pid=20788) timed out. Killing it
[1690585991] wproc: CHECK job 4622723 from worker Core Worker 11599 timed out after 30.00s
[1690585991] wproc:   host=FW Clinica PV Telsur; service=(null);
[1690585991] wproc:   early_timeout=1; exited_ok=0; wait_status=0; error_code=62;
[1690585991] Warning: Check of host 'FW Clinica PV Telsur' timed out after 30.00 seconds
[1690585991] wproc: Core Worker 11599: job 4622723 (pid=20788): Dormant child reaped
[1690585994] wproc: Core Worker 11599: job 4622725 (pid=20806) timed out. Killing it
[1690585994] wproc: CHECK job 4622725 from worker Core Worker 11599 timed out after 30.01s
[1690585994] wproc:   host=FW Clinica PV Movistar; service=(null);
[1690585994] wproc:   early_timeout=1; exited_ok=0; wait_status=0; error_code=62;
[1690585994] Warning: Check of host 'FW Clinica PV Movistar' timed out after 30.01 seconds
[1690585994] wproc: Core Worker 11599: job 4622725 (pid=20806): Dormant child reaped
[1690586051] wproc: Core Worker 11599: job 4622772 (pid=21361) timed out. Killing it
[1690586051] wproc: CHECK job 4622772 from worker Core Worker 11599 timed out after 30.01s
[1690586051] wproc:   host=FW Clinica PV Telsur; service=(null);
[1690586051] wproc:   early_timeout=1; exited_ok=0; wait_status=0; error_code=62;
[1690586051] Warning: Check of host 'FW Clinica PV Telsur' timed out after 30.01 seconds
[1690586051] wproc: Core Worker 11599: job 4622772 (pid=21361): Dormant child reaped
[1690586054] wproc: Core Worker 11599: job 4622774 (pid=21379) timed out. Killing it
[1690586054] wproc: CHECK job 4622774 from worker Core Worker 11599 timed out after 30.01s
[1690586054] wproc:   host=FW Clinica PV Movistar; service=(null);
[1690586054] wproc:   early_timeout=1; exited_ok=0; wait_status=0; error_code=62;
[1690586054] Warning: Check of host 'FW Clinica PV Movistar' timed out after 30.01 seconds
[1690586054] wproc: Core Worker 11599: job 4622774 (pid=21379): Dormant child reaped
[1690586107] HOST NOTIFICATION: nagiosadmin;FW Clinica PV Telsur;UP;notify-host-by-email;PING WARNING - Packet loss = 81%, RTA = 1.36 ms
[1690586107] HOST NOTIFICATION: andresnavarro;FW Clinica PV Telsur;UP;notify-host-by-email;PING WARNING - Packet loss = 81%, RTA = 1.36 ms
[1690586107] HOST NOTIFICATION: soporteti;FW Clinica PV Telsur;UP;notify-host-by-telegram;PING WARNING - Packet loss = 81%, RTA = 1.36 ms
[1690586107] HOST NOTIFICATION: soporteti;FW Clinica PV Telsur;UP;notify-host-by-email;PING WARNING - Packet loss = 81%, RTA = 1.36 ms
[1690586107] HOST NOTIFICATION: carlosstange;FW Clinica PV Telsur;UP;notify-host-by-telegram;PING WARNING - Packet loss = 81%, RTA = 1.36 ms
[1690586107] HOST NOTIFICATION: carlosstange;FW Clinica PV Telsur;UP;notify-host-by-email;PING WARNING - Packet loss = 81%, RTA = 1.36 ms
[1690586107] HOST ALERT: FW Clinica PV Telsur;UP;HARD;1;PING WARNING - Packet loss = 81%, RTA = 1.36 ms
[1690586114] wproc: Core Worker 11600: job 4622823 (pid=21893) timed out. Killing it
[1690586114] wproc: CHECK job 4622823 from worker Core Worker 11600 timed out after 30.01s
[1690586114] wproc:   host=FW Clinica PV Movistar; service=(null);
[1690586114] wproc:   early_timeout=1; exited_ok=0; wait_status=0; error_code=62;
[1690586114] Warning: Check of host 'FW Clinica PV Movistar' timed out after 30.01 seconds
[1690586114] wproc: Core Worker 11600: job 4622823 (pid=21893): Dormant child reaped
[1690586148] HOST NOTIFICATION: nagiosadmin;FW Clinica PV Movistar;UP;notify-host-by-email;PING OK - Packet loss = 0%, RTA = 32.50 ms
[1690586148] HOST NOTIFICATION: andresnavarro;FW Clinica PV Movistar;UP;notify-host-by-email;PING OK - Packet loss = 0%, RTA = 32.50 ms
[1690586148] HOST NOTIFICATION: soporteti;FW Clinica PV Movistar;UP;notify-host-by-telegram;PING OK - Packet loss = 0%, RTA = 32.50 ms
[1690586148] HOST NOTIFICATION: soporteti;FW Clinica PV Movistar;UP;notify-host-by-email;PING OK - Packet loss = 0%, RTA = 32.50 ms
[1690586148] HOST NOTIFICATION: carlosstange;FW Clinica PV Movistar;UP;notify-host-by-telegram;PING OK - Packet loss = 0%, RTA = 32.50 ms
[1690586148] HOST NOTIFICATION: carlosstange;FW Clinica PV Movistar;UP;notify-host-by-email;PING OK - Packet loss = 0%, RTA = 32.50 ms
[1690586148] HOST ALERT: FW Clinica PV Movistar;UP;HARD;1;PING OK - Packet loss = 0%, RTA = 32.50 ms
[1690586157] SERVICE ALERT: FW Clinica PV Movistar;Ping;OK;HARD;1;PING OK - Packet loss = 0%, RTA = 32.44 ms
[1690586433] SERVICE ALERT: SRV11VIBE_cass.cl;Memoria;CRITICAL;SOFT;1;(No output on stdout) stderr: connect to address 10.0.2.13 port 5666: Connection refused
[1690586553] SERVICE ALERT: SRV11VIBE_cass.cl;Memoria;OK;SOFT;2;[MEMORY] Total: 7693 MB - Used: 4593 MB - 59% [SWAP] Total: 7944 MB - Used: 83 MB - 1%
[1690588231] Auto-save of retention data completed successfully.
[1690589401] SERVICE ALERT: SRV_chat.cass.cl;Procesos;UNKNOWN;SOFT;1;CHECK_NRPE: Receive header underflow - only 0 bytes received (4 expected).
[1690589521] SERVICE ALERT: SRV_chat.cass.cl;Procesos;OK;SOFT;2;PROCS OK: 302 processes
[1690590033] SERVICE ALERT: SRV11VIBE_cass.cl;Memoria;CRITICAL;SOFT;1;(No output on stdout) stderr: connect to address 10.0.2.13 port 5666: Connection refused
[1690590153] SERVICE ALERT: SRV11VIBE_cass.cl;Memoria;OK;SOFT;2;[MEMORY] Total: 7693 MB - Used: 4602 MB - 59% [SWAP] Total: 7944 MB - Used: 83 MB - 1%
[1690591335] SERVICE ALERT: SRV_email.cass.cl;Actualizacion;CRITICAL;SOFT;1;CHECK_NRPE STATE CRITICAL: Socket timeout after 30 seconds.
[1690591469] SERVICE ALERT: SRV_email.cass.cl;Actualizacion;OK;SOFT;2;Updates OK : no updates available
[1690591831] Auto-save of retention data completed successfully.
[1690593118] SERVICE ALERT: SRVADMIN.cass.pmc;Actualizacion;CRITICAL;SOFT;1;CHECK_NRPE STATE CRITICAL: Socket timeout after 30 seconds.
[1690593239] SERVICE ALERT: SRVADMIN.cass.pmc;Actualizacion;OK;SOFT;2;OK - no pending updates.
[1690593633] SERVICE ALERT: SRV11VIBE_cass.cl;Memoria;CRITICAL;SOFT;1;(No output on stdout) stderr: connect to address 10.0.2.13 port 5666: Connection refused
[1690593753] SERVICE ALERT: SRV11VIBE_cass.cl;Memoria;OK;SOFT;2;[MEMORY] Total: 7693 MB - Used: 4600 MB - 59% [SWAP] Total: 7944 MB - Used: 83 MB - 1%
[1690595431] Auto-save of retention data completed successfully.
[1690596601] SERVICE ALERT: SRV_chat.cass.cl;Proceso Nginx;UNKNOWN;SOFT;1;CHECK_NRPE: Receive header underflow - only 0 bytes received (4 expected).
[1690596721] SERVICE ALERT: SRV_chat.cass.cl;Proceso Nginx;OK;SOFT;2;PROCS OK: 3 processes with command name 'nginx'
[1690599031] Auto-save of retention data completed successfully.
[1690600801] SERVICE ALERT: SRV_chat.cass.cl;Proceso Nginx;CRITICAL;SOFT;1;CHECK_NRPE: Error - Could not connect to 10.0.0.92: Connection reset by peer
[1690600921] SERVICE ALERT: SRV_chat.cass.cl;Proceso Nginx;OK;SOFT;2;PROCS OK: 3 processes with command name 'nginx'
[1690602631] Auto-save of retention data completed successfully.
