[1688184000] LOG ROTATION: DAILY
[1688184000] LOG VERSION: 2.0
[1688184000] CURRENT HOST STATE: ADL Diagnostic;UP;HARD;1;PING OK - Packet loss = 44%, RTA = 34.23 ms
[1688184000] CURRENT HOST STATE: Blueshell;UP;HARD;1;PING OK - Packet loss = 16%, RTA = 3.20 ms
[1688184000] CURRENT HOST STATE: Cass Entel;UP;HARD;1;PING OK - Packet loss = 0%, RTA = 0.57 ms
[1688184000] CURRENT HOST STATE: Cass Telsur;UP;HARD;1;PING OK - Packet loss = 16%, RTA = 1.31 ms
[1688184000] CURRENT HOST STATE: Clinica PV Movistar;UP;HARD;1;PING OK - Packet loss = 0%, RTA = 31.43 ms
[1688184000] CURRENT HOST STATE: Clinica PV Telsur;UP;HARD;1;PING OK - Packet loss = 66%, RTA = 1.34 ms
[1688184000] CURRENT HOST STATE: Confe;UP;HARD;1;PING OK - Packet loss = 0%, RTA = 40.19 ms
[1688184000] CURRENT HOST STATE: Electric Works;UP;HARD;1;PING OK - Packet loss = 0%, RTA = 34.42 ms
[1688184000] CURRENT HOST STATE: Ext Entel;UP;HARD;1;PING OK - Packet loss = 0%, RTA = 0.42 ms
[1688184000] CURRENT HOST STATE: Ext Telsur;UP;HARD;1;PING OK - Packet loss = 0%, RTA = 1.27 ms
[1688184000] CURRENT HOST STATE: FW ADL Diagnostic;UP;HARD;1;PING OK - Packet loss = 54%, RTA = 35.28 ms
[1688184000] CURRENT HOST STATE: FW Blueshell;UP;HARD;1;PING OK - Packet loss = 16%, RTA = 3.23 ms
[1688184000] CURRENT HOST STATE: FW Cass Entel;UP;HARD;1;PING OK - Packet loss = 0%, RTA = 35.59 ms
[1688184000] CURRENT HOST STATE: FW Cass Telsur;UP;HARD;1;PING OK - Packet loss = 0%, RTA = 0.42 ms
[1688184000] CURRENT HOST STATE: FW Clinica PV Movistar;UP;HARD;1;PING OK - Packet loss = 0%, RTA = 34.79 ms
[1688184000] CURRENT HOST STATE: FW Clinica PV Telsur;UP;HARD;1;PING OK - Packet loss = 0%, RTA = 1.32 ms
[1688184000] CURRENT HOST STATE: FW Confe;UP;HARD;1;PING OK - Packet loss = 0%, RTA = 40.21 ms
[1688184000] CURRENT HOST STATE: FW Electric Works;UP;HARD;1;PING OK - Packet loss = 0%, RTA = 33.39 ms
[1688184000] CURRENT HOST STATE: FW Gore Los Lagos;UP;HARD;1;PING OK - Packet loss = 61%, RTA = 1.37 ms
[1688184000] CURRENT HOST STATE: FW Pasmar;UP;HARD;1;PING OK - Packet loss = 44%, RTA = 1.31 ms
[1688184000] CURRENT HOST STATE: Gore Los Lagos;UP;HARD;1;PING OK - Packet loss = 16%, RTA = 1.36 ms
[1688184000] CURRENT HOST STATE: Host-10.0.0.120;UP;HARD;1;PING OK - Packet loss = 0%, RTA = 0.46 ms
[1688184000] CURRENT HOST STATE: Host-10.0.0.121;UP;HARD;1;PING OK - Packet loss = 0%, RTA = 0.58 ms
[1688184000] CURRENT HOST STATE: Internet;UP;HARD;1;PING OK - Packet loss = 58%, RTA = 19.51 ms
[1688184000] CURRENT HOST STATE: Pasmar;UP;HARD;1;PING OK - Packet loss = 64%, RTA = 1.43 ms
[1688184000] CURRENT HOST STATE: Qnap NAS;UP;HARD;1;PING OK - Packet loss = 0%, RTA = 0.39 ms
[1688184000] CURRENT HOST STATE: SRV01USER_cass.cl;UP;HARD;1;PING OK - Packet loss = 0%, RTA = 2.37 ms
[1688184000] CURRENT HOST STATE: SRV04AD01.cass.cl;UP;HARD;1;PING OK - Packet loss = 0%, RTA = 2.19 ms
[1688184000] CURRENT HOST STATE: SRV05AD02_cass.cl;UP;HARD;1;PING OK - Packet loss = 0%, RTA = 4.12 ms
[1688184000] CURRENT HOST STATE: SRV11VIBE_cass.cl;UP;HARD;1;PING OK - Packet loss = 37%, RTA = 1.19 ms
[1688184000] CURRENT HOST STATE: SRV12WEB_cass.cl;UP;HARD;1;PING OK - Packet loss = 0%, RTA = 1.10 ms
[1688184000] CURRENT HOST STATE: SRVAD1.cass.pmc;UP;HARD;1;PING OK - Packet loss = 0%, RTA = 1.34 ms
[1688184000] CURRENT HOST STATE: SRVAD2.cass.pmc;UP;HARD;1;PING OK - Packet loss = 0%, RTA = 2.85 ms
[1688184000] CURRENT HOST STATE: SRVADMIN.cass.pmc;UP;HARD;1;PING OK - Packet loss = 0%, RTA = 1.43 ms
[1688184000] CURRENT HOST STATE: SRVCONT.cass.cl;UP;HARD;1;PING OK - Packet loss = 0%, RTA = 3.97 ms
[1688184000] CURRENT HOST STATE: SRVDC1.cass.pmc;UP;HARD;1;PING OK - Packet loss = 0%, RTA = 1.29 ms
[1688184000] CURRENT HOST STATE: SRVDNS;UP;HARD;1;PING OK - Packet loss = 0%, RTA = 0.79 ms
[1688184000] CURRENT HOST STATE: SRVMFSD;UP;HARD;1;PING OK - Packet loss = 0%, RTA = 1.26 ms
[1688184000] CURRENT HOST STATE: SRV_Cfiler.cass.cl;UP;HARD;1;PING OK - Packet loss = 0%, RTA = 0.65 ms
[1688184000] CURRENT HOST STATE: SRV_Oraculo_cass.cl;UP;HARD;1;PING OK - Packet loss = 0%, RTA = 0.87 ms
[1688184000] CURRENT HOST STATE: SRV_SOS2021.cass.cl;UP;HARD;1;PING OK - Packet loss = 0%, RTA = 0.53 ms
[1688184000] CURRENT HOST STATE: SRV_SUM;UP;HARD;1;PING OK - Packet loss = 0%, RTA = 0.63 ms
[1688184000] CURRENT HOST STATE: SRV_chat.cass.cl;UP;HARD;1;PING OK - Packet loss = 0%, RTA = 0.51 ms
[1688184000] CURRENT HOST STATE: SRV_email.cass.cl;UP;HARD;1;PING OK - Packet loss = 0%, RTA = 1.36 ms
[1688184000] CURRENT HOST STATE: SRV_nagios;UP;HARD;1;PING OK - Packet loss = 0%, RTA = 0.07 ms
[1688184000] CURRENT HOST STATE: SRV_sync.cass.cl;UP;HARD;1;PING OK - Packet loss = 0%, RTA = 1.30 ms
[1688184000] CURRENT HOST STATE: Servidor Vcenter;UP;HARD;1;PING OK - Packet loss = 0%, RTA = 0.92 ms
[1688184000] CURRENT HOST STATE: Servidores CASS;UP;HARD;1;PING OK - Packet loss = 0%, RTA = 4.06 ms
[1688184000] CURRENT HOST STATE: Ups Principal;UP;HARD;1;PING OK - Packet loss = 0%, RTA = 0.88 ms
[1688184000] CURRENT HOST STATE: Veeam2023.cass.pmc;UP;HARD;1;PING OK - Packet loss = 0%, RTA = 2.89 ms
[1688184000] CURRENT HOST STATE: web_cass_cl;UP;HARD;1;PING OK - Packet loss = 0%, RTA = 0.87 ms
[1688184000] CURRENT SERVICE STATE: ADL Diagnostic;Ping;OK;HARD;1;PING OK - Packet loss = 0%, RTA = 34.27 ms
[1688184000] CURRENT SERVICE STATE: Blueshell;Ping;OK;HARD;1;PING OK - Packet loss = 0%, RTA = 3.26 ms
[1688184000] CURRENT SERVICE STATE: Clinica PV Movistar;Ping;OK;HARD;1;PING OK - Packet loss = 16%, RTA = 31.50 ms
[1688184000] CURRENT SERVICE STATE: Confe;Ping;OK;HARD;1;PING OK - Packet loss = 50%, RTA = 39.81 ms
[1688184000] CURRENT SERVICE STATE: Electric Works;Ping;OK;HARD;1;PING OK - Packet loss = 68%, RTA = 34.57 ms
[1688184000] CURRENT SERVICE STATE: Ext Telsur;Ping;OK;HARD;1;PING OK - Packet loss = 0%, RTA = 0.94 ms
[1688184000] CURRENT SERVICE STATE: FW ADL Diagnostic;Ping;OK;HARD;1;PING OK - Packet loss = 16%, RTA = 35.49 ms
[1688184000] CURRENT SERVICE STATE: FW Blueshell;Ping;OK;HARD;1;PING OK - Packet loss = 37%, RTA = 3.36 ms
[1688184000] CURRENT SERVICE STATE: FW Cass Entel;Ping;OK;HARD;1;PING OK - Packet loss = 0%, RTA = 35.56 ms
[1688184000] CURRENT SERVICE STATE: FW Cass Telsur;Ancho de Banda DMZ;OK;HARD;1;OK - Average IN: 3.48KB (0.00%), Average OUT: 5.30KB (0.00%)Total RX: 3.95GBytes, Total TX: 6.14GBytes
[1688184000] CURRENT SERVICE STATE: FW Cass Telsur;Ancho de Banda LAN;OK;HARD;1;OK - Average IN: 770.92B (0.00%), Average OUT: 969.35B (0.00%)Total RX: 161.51GBytes, Total TX: 59.03GBytes
[1688184000] CURRENT SERVICE STATE: FW Cass Telsur;Ancho de Banda WAN;OK;HARD;1;OK - Average IN: 230.97B (0.00%), Average OUT: 89.90B (0.00%)Total RX: 288.81GBytes, Total TX: 576.24GBytes
[1688184000] CURRENT SERVICE STATE: FW Cass Telsur;Estado Puerto DMZ;OK;HARD;1;OK: Interface eth2 (index 4) is up.
[1688184000] CURRENT SERVICE STATE: FW Cass Telsur;Estado Puerto LAN;OK;HARD;1;OK: Interface eth0 (index 2) is up.
[1688184000] CURRENT SERVICE STATE: FW Cass Telsur;Estado Puerto WAN;OK;HARD;1;OK: Interface eth1 (index 3) is up.
[1688184000] CURRENT SERVICE STATE: FW Cass Telsur;Estado TCP Sophos;OK;HARD;1;TCP OK - 0.001 second response time on 201.220.96.34 port 4444
[1688184000] CURRENT SERVICE STATE: FW Cass Telsur;Ping;OK;HARD;1;PING OK - Packet loss = 0%, RTA = 0.57 ms
[1688184000] CURRENT SERVICE STATE: FW Cass Telsur;Tiempo Activo;OK;HARD;1;SNMP OK - Timeticks: (26709076) 3 days, 2:11:30.76
[1688184000] CURRENT SERVICE STATE: FW Clinica PV Movistar;Ping;OK;HARD;1;PING OK - Packet loss = 0%, RTA = 34.85 ms
[1688184000] CURRENT SERVICE STATE: FW Confe;Ping;OK;HARD;1;PING OK - Packet loss = 0%, RTA = 39.42 ms
[1688184000] CURRENT SERVICE STATE: FW Electric Works;Ping;OK;HARD;1;PING OK - Packet loss = 0%, RTA = 33.45 ms
[1688184000] CURRENT SERVICE STATE: FW Gore Los Lagos;Ping;OK;HARD;1;PING OK - Packet loss = 37%, RTA = 1.27 ms
[1688184000] CURRENT SERVICE STATE: FW Pasmar;Ping;OK;HARD;1;PING OK - Packet loss = 0%, RTA = 1.37 ms
[1688184000] CURRENT SERVICE STATE: Gore Los Lagos;Ping;OK;HARD;1;PING OK - Packet loss = 0%, RTA = 1.10 ms
[1688184000] CURRENT SERVICE STATE: Host-10.0.0.120;Ping;OK;HARD;1;PING OK - Packet loss = 0%, RTA = 1.22 ms
[1688184000] CURRENT SERVICE STATE: Host-10.0.0.121;Ping;OK;HARD;1;PING OK - Packet loss = 0%, RTA = 0.65 ms
[1688184000] CURRENT SERVICE STATE: Pasmar;Ping;OK;HARD;1;PING OK - Packet loss = 0%, RTA = 1.39 ms
[1688184000] CURRENT SERVICE STATE: Qnap NAS;Almacenamiento;OK;HARD;1;OK: Total:50TB - Used:30TB - Free:20TB - Used Space: 60%
[1688184000] CURRENT SERVICE STATE: Qnap NAS;Estado;OK;HARD;1;Power Supply #1 - OK: GOOD
[1688184000] CURRENT SERVICE STATE: Qnap NAS;Memoria;OK;HARD;1;OK: Total:3830MB - Used:1297MB - Free:2533MB = 34%
[1688184000] CURRENT SERVICE STATE: Qnap NAS;Sysinfo;OK;HARD;1;NAS Cloud, Model TS-879U-RP, Firmware 4.3.6, Max HD number 8, No. Volume 1
[1688184000] CURRENT SERVICE STATE: Qnap NAS;Temperatura;OK;HARD;1;OK: Temperature=38C
[1688184000] CURRENT SERVICE STATE: Qnap NAS;Tiempo Activo;OK;HARD;1;SNMP OK - Timeticks: (21089137) 2 days, 10:34:51.37
[1688184000] CURRENT SERVICE STATE: SRV01USER_cass.cl;Actualizacion;CRITICAL;HARD;3;Updates: 1 critical, 0 optional
[1688184000] CURRENT SERVICE STATE: SRV01USER_cass.cl;Almacenamiento C;OK;HARD;1;c:\ - total: 119.40 Gb - used: 88.79 Gb (74%) - free 30.60 Gb (26%)
[1688184000] CURRENT SERVICE STATE: SRV01USER_cass.cl;Almacenamiento U;OK;HARD;1;u:\ - total: 1023.98 Gb - used: 179.93 Gb (18%) - free 844.05 Gb (82%)
[1688184000] CURRENT SERVICE STATE: SRV01USER_cass.cl;CPU;OK;HARD;1;CPU Load 1% (5 min average)
[1688184000] CURRENT SERVICE STATE: SRV01USER_cass.cl;Memoria;OK;HARD;1;Memory usage: total:23551.21 MB - used: 12101.30 MB (51%) - free: 11449.91 MB (49%)
[1688184000] CURRENT SERVICE STATE: SRV01USER_cass.cl;Ping;OK;HARD;1;PING OK - Packet loss = 0%, RTA = 2.35 ms
[1688184000] CURRENT SERVICE STATE: SRV01USER_cass.cl;Tiempo Activo;OK;HARD;1;System Uptime - 5 day(s) 15 hour(s) 57 minute(s)
[1688184000] CURRENT SERVICE STATE: SRV04AD01.cass.cl;Ping;OK;HARD;1;PING OK - Packet loss = 0%, RTA = 2.20 ms
[1688184000] CURRENT SERVICE STATE: SRV05AD02_cass.cl;Ping;OK;HARD;1;PING OK - Packet loss = 0%, RTA = 2.53 ms
[1688184000] CURRENT SERVICE STATE: SRV11VIBE_cass.cl;Actualizacion;CRITICAL;HARD;3;Updates CRITICAL : discontinued OS Release SLE 15.1: no updates available
[1688184000] CURRENT SERVICE STATE: SRV11VIBE_cass.cl;Almacenamiento /;OK;HARD;1;DISK OK - free space: /var/tmp 78739 MiB (85.96% inode=-):
[1688184000] CURRENT SERVICE STATE: SRV11VIBE_cass.cl;CPU;OK;HARD;1;OK - load average per CPU: 0.01, 0.01, 0.02
[1688184000] CURRENT SERVICE STATE: SRV11VIBE_cass.cl;Memoria;OK;HARD;1;[MEMORY] Total: 7693 MB - Used: 3407 MB - 44% [SWAP] Total: 7944 MB - Used: 4 MB - 0%
[1688184000] CURRENT SERVICE STATE: SRV11VIBE_cass.cl;Ping;OK;HARD;1;PING OK - Packet loss = 0%, RTA = 1.23 ms
[1688184000] CURRENT SERVICE STATE: SRV11VIBE_cass.cl;Proceso Vibe;OK;HARD;1;PROCS OK: 0 processes with command name 'vibe'
[1688184000] CURRENT SERVICE STATE: SRV11VIBE_cass.cl;Procesos;OK;HARD;1;PROCS OK: 312 processes
[1688184000] CURRENT SERVICE STATE: SRV11VIBE_cass.cl;Procesos Zombies;OK;HARD;1;PROCS OK: 0 processes with STATE = Z
[1688184000] CURRENT SERVICE STATE: SRV11VIBE_cass.cl;Puerto HTTP;OK;HARD;1;TCP OK - 0.001 second response time on 10.0.2.13 port 80
[1688184000] CURRENT SERVICE STATE: SRV11VIBE_cass.cl;Puerto HTTPS;OK;HARD;1;TCP OK - 0.001 second response time on 10.0.2.13 port 443
[1688184000] CURRENT SERVICE STATE: SRV11VIBE_cass.cl;Servicio Vibe;OK;HARD;1;OK: Service vibe is running!
[1688184000] CURRENT SERVICE STATE: SRV11VIBE_cass.cl;Tiempo Activo;WARNING;HARD;3;Uptime WARNING: 70 day(s) 14 hour(s) 15 minute(s)
[1688184000] CURRENT SERVICE STATE: SRV11VIBE_cass.cl;Usuarios Login;OK;HARD;1;USERS OK - 2 users currently logged in
[1688184000] CURRENT SERVICE STATE: SRV12WEB_cass.cl;Ping;OK;HARD;1;PING OK - Packet loss = 0%, RTA = 1.13 ms
[1688184000] CURRENT SERVICE STATE: SRVAD1.cass.pmc;Ping;OK;HARD;1;PING OK - Packet loss = 0%, RTA = 1.78 ms
[1688184000] CURRENT SERVICE STATE: SRVAD2.cass.pmc;Ping;OK;HARD;1;PING OK - Packet loss = 0%, RTA = 4.03 ms
[1688184000] CURRENT SERVICE STATE: SRVADMIN.cass.pmc;Actualizacion;OK;HARD;1;OK - no pending updates.
[1688184000] CURRENT SERVICE STATE: SRVADMIN.cass.pmc;Almacenamiento;OK;HARD;1;c:\ - total: 299.66 Gb - used: 156.97 Gb (52%) - free 142.68 Gb (48%)
[1688184000] CURRENT SERVICE STATE: SRVADMIN.cass.pmc;CPU;OK;HARD;1;CPU Load 1% (5 min average)
[1688184000] CURRENT SERVICE STATE: SRVADMIN.cass.pmc;Memoria;OK;HARD;1;Memory usage: total:18171.58 MB - used: 12866.77 MB (71%) - free: 5304.81 MB (29%)
[1688184000] CURRENT SERVICE STATE: SRVADMIN.cass.pmc;Ping;OK;HARD;1;PING OK - Packet loss = 0%, RTA = 1.41 ms
[1688184000] CURRENT SERVICE STATE: SRVADMIN.cass.pmc;Tiempo Activo;OK;HARD;1;System Uptime - 9 day(s) 5 hour(s) 9 minute(s)
[1688184000] CURRENT SERVICE STATE: SRVCONT.cass.cl;Actualizacion;CRITICAL;HARD;3;Updates: 1 critical, 0 optional
[1688184000] CURRENT SERVICE STATE: SRVCONT.cass.cl;Almacenamiento;OK;HARD;1;c:\ - total: 299.33 Gb - used: 42.47 Gb (14%) - free 256.86 Gb (86%)
[1688184000] CURRENT SERVICE STATE: SRVCONT.cass.cl;CPU;OK;HARD;1;CPU Load 2% (5 min average)
[1688184000] CURRENT SERVICE STATE: SRVCONT.cass.cl;Memoria;OK;HARD;1;Memory usage: total:14143.13 MB - used: 3584.13 MB (25%) - free: 10559.00 MB (75%)
[1688184000] CURRENT SERVICE STATE: SRVCONT.cass.cl;Ping;OK;HARD;1;PING OK - Packet loss = 0%, RTA = 4.23 ms
[1688184000] CURRENT SERVICE STATE: SRVCONT.cass.cl;Tiempo Activo;OK;HARD;1;System Uptime - 15 day(s) 2 hour(s) 8 minute(s)
[1688184000] CURRENT SERVICE STATE: SRVDC1.cass.pmc;Ping;OK;HARD;1;PING OK - Packet loss = 0%, RTA = 1.27 ms
[1688184000] CURRENT SERVICE STATE: SRVDNS;Ping;OK;HARD;1;PING OK - Packet loss = 0%, RTA = 1.08 ms
[1688184000] CURRENT SERVICE STATE: SRVMFSD;Ping;OK;HARD;1;PING OK - Packet loss = 0%, RTA = 1.24 ms
[1688184000] CURRENT SERVICE STATE: SRV_Cfiler.cass.cl;Actualizacion;OK;HARD;1;Updates OK : no updates available
[1688184000] CURRENT SERVICE STATE: SRV_Cfiler.cass.cl;Almacenamiento /;OK;HARD;1;DISK OK - free space: / 2479113 MB (73% inode=-):
[1688184000] CURRENT SERVICE STATE: SRV_Cfiler.cass.cl;CPU;OK;HARD;1;OK - load average: 0.11, 0.18, 0.12
[1688184000] CURRENT SERVICE STATE: SRV_Cfiler.cass.cl;Http;OK;HARD;1;TCP OK - 0.000 second response time on port 80
[1688184000] CURRENT SERVICE STATE: SRV_Cfiler.cass.cl;Https;OK;HARD;1;TCP OK - 0.000 second response time on port 443
[1688184000] CURRENT SERVICE STATE: SRV_Cfiler.cass.cl;Memoria;OK;HARD;1;[MEMORY] Total: 3893 MB - Used: 1054 MB - 27% [SWAP] Total: 2047 MB - Used: 311 MB - 15%
[1688184000] CURRENT SERVICE STATE: SRV_Cfiler.cass.cl;Procesos;OK;HARD;1;PROCS OK: 301 processes
[1688184000] CURRENT SERVICE STATE: SRV_Cfiler.cass.cl;Procesos Zombies;OK;HARD;1;PROCS OK: 0 processes with STATE = Z
[1688184000] CURRENT SERVICE STATE: SRV_Cfiler.cass.cl;Procs Apache;OK;HARD;1;PROCS OK: 11 processes with args 'apache2'
[1688184000] CURRENT SERVICE STATE: SRV_Cfiler.cass.cl;Serv Apache;OK;HARD;1;OK: Service apache is running!
[1688184000] CURRENT SERVICE STATE: SRV_Cfiler.cass.cl;Servicio General;OK;HARD;1;PING OK - Packet loss = 0%, RTA = 0.66 ms
[1688184000] CURRENT SERVICE STATE: SRV_Cfiler.cass.cl;Tiempo Activo;WARNING;HARD;3;Uptime WARNING: 73 day(s) 2 hour(s) 3 minute(s)
[1688184000] CURRENT SERVICE STATE: SRV_Cfiler.cass.cl;Usuarios Login;OK;HARD;1;USERS OK - 1 users currently logged in
[1688184000] CURRENT SERVICE STATE: SRV_Oraculo_cass.cl;Ping;OK;HARD;1;PING OK - Packet loss = 0%, RTA = 1.18 ms
[1688184000] CURRENT SERVICE STATE: SRV_SOS2021.cass.cl;Actualizacion;OK;HARD;1;Updates OK : no updates available
[1688184000] CURRENT SERVICE STATE: SRV_SOS2021.cass.cl;Almacenamiento /;OK;HARD;1;DISK OK - free space: /var/tmp 118423 MiB (91.21% inode=-):
[1688184000] CURRENT SERVICE STATE: SRV_SOS2021.cass.cl;CPU;OK;HARD;1;OK - load average per CPU: 0.04, 0.02, 0.02
[1688184000] CURRENT SERVICE STATE: SRV_SOS2021.cass.cl;Memoria;OK;HARD;1;[MEMORY] Total: 7946 MB - Used: 1630 MB - 20% [SWAP] Total: 10239 MB - Used: 0 MB - 0%
[1688184000] CURRENT SERVICE STATE: SRV_SOS2021.cass.cl;Ping;OK;HARD;1;PING OK - Packet loss = 0%, RTA = 0.84 ms
[1688184000] CURRENT SERVICE STATE: SRV_SOS2021.cass.cl;Procesos;OK;HARD;1;PROCS OK: 314 processes
[1688184000] CURRENT SERVICE STATE: SRV_SOS2021.cass.cl;Procesos Zombies;OK;HARD;1;PROCS OK: 0 processes with STATE = Z
[1688184000] CURRENT SERVICE STATE: SRV_SOS2021.cass.cl;Tiempo Activo;OK;HARD;1;Uptime OK: 100 day(s) 11 hour(s) 37 minute(s)
[1688184000] CURRENT SERVICE STATE: SRV_SOS2021.cass.cl;Usuarios Login;OK;HARD;1;USERS OK - 0 users currently logged in
[1688184000] CURRENT SERVICE STATE: SRV_SUM;Ping;OK;HARD;1;PING OK - Packet loss = 0%, RTA = 0.68 ms
[1688184000] CURRENT SERVICE STATE: SRV_chat.cass.cl;Actualizacion;OK;HARD;1;Updates OK : no updates available
[1688184000] CURRENT SERVICE STATE: SRV_chat.cass.cl;Almacenamiento /;OK;HARD;1;DISK OK - free space: /var/tmp 972467 MiB (93.05% inode=-):
[1688184000] CURRENT SERVICE STATE: SRV_chat.cass.cl;CPU;OK;HARD;1;OK - load average per CPU: 0.05, 0.06, 0.07
[1688184000] CURRENT SERVICE STATE: SRV_chat.cass.cl;Memoria;OK;HARD;1;[MEMORY] Total: 7919 MB - Used: 3110 MB - 39% [SWAP] Total: 2048 MB - Used: 482 MB - 23%
[1688184000] CURRENT SERVICE STATE: SRV_chat.cass.cl;Ping;OK;HARD;1;PING OK - Packet loss = 0%, RTA = 0.60 ms
[1688184000] CURRENT SERVICE STATE: SRV_chat.cass.cl;Proceso Docker;OK;HARD;1;PROCS OK: 0 processes with command name 'docker'
[1688184000] CURRENT SERVICE STATE: SRV_chat.cass.cl;Proceso Nginx;OK;HARD;1;PROCS OK: 3 processes with command name 'nginx'
[1688184000] CURRENT SERVICE STATE: SRV_chat.cass.cl;Procesos;OK;HARD;1;PROCS OK: 299 processes
[1688184000] CURRENT SERVICE STATE: SRV_chat.cass.cl;Procesos Zombies;OK;HARD;1;PROCS OK: 0 processes with STATE = Z
[1688184000] CURRENT SERVICE STATE: SRV_chat.cass.cl;Puerto Contenedor;OK;HARD;1;TCP OK - 0.000 second response time on port 8000
[1688184000] CURRENT SERVICE STATE: SRV_chat.cass.cl;Puerto HTTP;OK;HARD;1;TCP OK - 0.000 second response time on port 80
[1688184000] CURRENT SERVICE STATE: SRV_chat.cass.cl;Puerto HTTPS;OK;HARD;1;TCP OK - 0.000 second response time on port 443
[1688184000] CURRENT SERVICE STATE: SRV_chat.cass.cl;Puerto Portainer;OK;HARD;1;TCP OK - 0.001 second response time on port 9443
[1688184000] CURRENT SERVICE STATE: SRV_chat.cass.cl;Servicio Docker;OK;HARD;1;OK: Service docker is running!
[1688184000] CURRENT SERVICE STATE: SRV_chat.cass.cl;Servicio Nginx;OK;HARD;1;OK: Service nginx is running!
[1688184000] CURRENT SERVICE STATE: SRV_chat.cass.cl;Usuarios Login;OK;HARD;1;USERS OK - 2 users currently logged in
[1688184000] CURRENT SERVICE STATE: SRV_email.cass.cl;Actualizacion;OK;HARD;1;Updates OK : no updates available
[1688184000] CURRENT SERVICE STATE: SRV_email.cass.cl;Almacenamiento /;OK;HARD;1;DISK OK - free space: /var/tmp 476360 MiB (94.03% inode=-):
[1688184000] CURRENT SERVICE STATE: SRV_email.cass.cl;Almacenamiento Mail;OK;HARD;1;DISK OK - free space: /mail 1813382 MiB (92.60% inode=99%):
[1688184000] CURRENT SERVICE STATE: SRV_email.cass.cl;Almacenamiento Mail2;OK;HARD;1;DISK OK - free space: /mail2 476646 MiB (99.87% inode=100%):
[1688184000] CURRENT SERVICE STATE: SRV_email.cass.cl;CPU;OK;HARD;1;OK - load average per CPU: 0.01, 0.01, 0.01
[1688184000] CURRENT SERVICE STATE: SRV_email.cass.cl;Correo Pop;OK;HARD;1;POP OK - 0.001 second response time on 10.0.2.25 port 110 [+OK GroupWise POP3 server ready]
[1688184000] CURRENT SERVICE STATE: SRV_email.cass.cl;Correo Smtp;OK;HARD;1;SMTP OK - 0.015 sec. response time
[1688184000] CURRENT SERVICE STATE: SRV_email.cass.cl;Memoria;OK;HARD;1;[MEMORY] Total: 11939 MB - Used: 2599 MB - 21% [SWAP] Total: 2048 MB - Used: 225 MB - 10%
[1688184000] CURRENT SERVICE STATE: SRV_email.cass.cl;Ping;OK;HARD;1;PING OK - Packet loss = 16%, RTA = 1.21 ms
[1688184000] CURRENT SERVICE STATE: SRV_email.cass.cl;Procesos;OK;HARD;1;PROCS OK: 310 processes
[1688184000] CURRENT SERVICE STATE: SRV_email.cass.cl;Procesos Zombies;OK;HARD;1;PROCS OK: 0 processes with STATE = Z
[1688184000] CURRENT SERVICE STATE: SRV_email.cass.cl;Tiempo Activo;OK;HARD;1;Uptime OK: 85 day(s) 10 hour(s) 46 minute(s)
[1688184000] CURRENT SERVICE STATE: SRV_email.cass.cl;Usuarios Login;OK;HARD;1;USERS OK - 1 users currently logged in
[1688184000] CURRENT SERVICE STATE: SRV_nagios;Actualizacion;CRITICAL;HARD;4;YUM CRITICAL: 12 Updates Available
[1688184000] CURRENT SERVICE STATE: SRV_nagios;CPU;OK;HARD;1;OK - load average: 0.10, 0.11, 0.07
[1688184000] CURRENT SERVICE STATE: SRV_nagios;Memoria;OK;HARD;1;[MEMORY] Total: 7740 MB - Used: 682 MB - 8% [SWAP] Total: 7935 MB - Used: 0 MB - 0%
[1688184000] CURRENT SERVICE STATE: SRV_nagios;PING;OK;HARD;1;PING OK - Packet loss = 0%, RTA = 0.09 ms
[1688184000] CURRENT SERVICE STATE: SRV_nagios;Procesos;OK;HARD;1;PROCS OK: 64 processes with STATE = RSZDT
[1688184000] CURRENT SERVICE STATE: SRV_nagios;Usarios Login;OK;HARD;1;USERS OK - 0 users currently logged in
[1688184000] CURRENT SERVICE STATE: SRV_sync.cass.cl;Ping;OK;HARD;1;PING OK - Packet loss = 0%, RTA = 1.21 ms
[1688184000] CURRENT SERVICE STATE: Servidor Vcenter;Ping;OK;HARD;1;PING OK - Packet loss = 0%, RTA = 0.55 ms
[1688184000] CURRENT SERVICE STATE: Servidores CASS;Ancho de Banda GE/1/0/3;OK;HARD;1;OK - Average IN: 52.69MB (42.16%), Average OUT: 48.67MB (38.94%)Total RX: 26979.94GBytes, Total TX: 62900.65GBytes
[1688184000] CURRENT SERVICE STATE: Servidores CASS;Estado Puerto 3;OK;HARD;1;OK: Interface GigabitEthernet1/0/3 (index 3) is up.
[1688184000] CURRENT SERVICE STATE: Servidores CASS;Estado Puerto 80;OK;HARD;1;TCP OK - 0.002 second response time on 10.0.0.17 port 80
[1688184000] CURRENT SERVICE STATE: Servidores CASS;Ping;OK;HARD;1;PING OK - Packet loss = 0%, RTA = 1.27 ms
[1688184000] CURRENT SERVICE STATE: Servidores CASS;Tiempo Activo;OK;HARD;1;SNMP OK - Timeticks: (868280766) 100 days, 11:53:27.66
[1688184000] CURRENT SERVICE STATE: Ups Principal;Carga;OK;HARD;1;OK: Estimated battery charge 100%, approximately 0 minutes runtime remaining.
[1688184000] CURRENT SERVICE STATE: Ups Principal;Estado;OK;HARD;1;OK: Battery Status Normal.
[1688184000] CURRENT SERVICE STATE: Ups Principal;Ping;OK;HARD;1;PING OK - Packet loss = 0%, RTA = 2.42 ms
[1688184000] CURRENT SERVICE STATE: Ups Principal;Temperatura;OK;HARD;1;OK: Battery Temperature is 24 degrees C (75.2 degrees F).
[1688184000] CURRENT SERVICE STATE: Ups Principal;Tiempo Activo;OK;HARD;1;SNMP OK - Timeticks: (56590970) 6 days, 13:11:49.70
[1688184000] CURRENT SERVICE STATE: Veeam2023.cass.pmc;Actualizacion;CRITICAL;HARD;3;Updates: 1 critical, 0 optional
[1688184000] CURRENT SERVICE STATE: Veeam2023.cass.pmc;Almacenamiento;OK;HARD;1;c:\ - total: 99.33 Gb - used: 59.14 Gb (60%) - free 40.19 Gb (40%)
[1688184000] CURRENT SERVICE STATE: Veeam2023.cass.pmc;CPU;OK;HARD;1;CPU Load 45% (5 min average)
[1688184000] CURRENT SERVICE STATE: Veeam2023.cass.pmc;Memoria;OK;HARD;1;Memory usage: total:18815.17 MB - used: 15533.17 MB (83%) - free: 3282.00 MB (17%)
[1688184000] CURRENT SERVICE STATE: Veeam2023.cass.pmc;Ping;OK;HARD;1;PING OK - Packet loss = 0%, RTA = 1.76 ms
[1688184000] CURRENT SERVICE STATE: Veeam2023.cass.pmc;Tiempo Activo;OK;HARD;1;System Uptime - 3 day(s) 8 hour(s) 11 minute(s)
[1688184000] CURRENT SERVICE STATE: web_cass_cl;Certificado;OK;HARD;1;SSL OK - Certificate '*.cass.cl' will expire in 178 days on 2023-12-26 20:59 -0300/-03.
[1688184000] CURRENT SERVICE STATE: web_cass_cl;HTTP;OK;HARD;1;HTTP OK: HTTP/1.1 302 Found - 1081 bytes in 0.193 second response time
[1688184604] SERVICE ALERT: SRV_chat.cass.cl;Puerto HTTP;CRITICAL;SOFT;1;(No output on stdout) stderr: connect to address 10.0.0.92 port 5666: Connection refused
[1688184604] SERVICE ALERT: SRV_chat.cass.cl;Servicio Nginx;CRITICAL;SOFT;1;(No output on stdout) stderr: connect to address 10.0.0.92 port 5666: Connection refused
[1688184604] SERVICE ALERT: SRV_chat.cass.cl;Proceso Nginx;CRITICAL;SOFT;1;(No output on stdout) stderr: connect to address 10.0.0.92 port 5666: Connection refused
[1688184604] SERVICE ALERT: SRV_Cfiler.cass.cl;Procesos;CRITICAL;SOFT;1;(No output on stdout) stderr: connect to address 10.0.0.20 port 5666: Connection refused
[1688184605] SERVICE ALERT: SRV_chat.cass.cl;Procesos;CRITICAL;SOFT;1;(No output on stdout) stderr: connect to address 10.0.0.92 port 5666: Connection refused
[1688184724] SERVICE ALERT: SRV_chat.cass.cl;Puerto HTTP;OK;SOFT;2;TCP OK - 0.000 second response time on port 80
[1688184724] SERVICE ALERT: SRV_chat.cass.cl;Servicio Nginx;OK;SOFT;2;OK: Service nginx is running!
[1688184724] SERVICE ALERT: SRV_chat.cass.cl;Proceso Nginx;OK;SOFT;2;PROCS OK: 3 processes with command name 'nginx'
[1688184725] SERVICE ALERT: SRV_Cfiler.cass.cl;Procesos;OK;SOFT;2;PROCS OK: 306 processes
[1688184725] SERVICE ALERT: SRV_chat.cass.cl;Procesos;OK;SOFT;2;PROCS OK: 307 processes
[1688184934] SERVICE ALERT: SRVADMIN.cass.pmc;Tiempo Activo;CRITICAL;SOFT;1;connect to address 10.0.0.109 and port 12489: No route to host
[1688184934] SERVICE ALERT: SRVADMIN.cass.pmc;Almacenamiento;CRITICAL;SOFT;1;connect to address 10.0.0.109 and port 12489: No route to host
[1688184934] SERVICE ALERT: SRVADMIN.cass.pmc;CPU;CRITICAL;SOFT;1;connect to address 10.0.0.109 and port 12489: No route to host
[1688184934] SERVICE ALERT: SRVADMIN.cass.pmc;Memoria;CRITICAL;SOFT;1;connect to address 10.0.0.109 and port 12489: No route to host
[1688184934] SERVICE ALERT: SRVADMIN.cass.pmc;Ping;CRITICAL;SOFT;1;CRITICAL - Host Unreachable (10.0.0.109)
[1688184937] HOST ALERT: SRVADMIN.cass.pmc;DOWN;SOFT;1;CRITICAL - Host Unreachable (10.0.0.109)
[1688184955] SERVICE ALERT: SRVADMIN.cass.pmc;Actualizacion;CRITICAL;HARD;1;(No output on stdout) stderr: connect to address 10.0.0.109 port 5666: No route to host
[1688184998] HOST ALERT: SRVADMIN.cass.pmc;UP;SOFT;1;PING OK - Packet loss = 0%, RTA = 1.67 ms
[1688185013] SERVICE ALERT: SRVADMIN.cass.pmc;Actualizacion;OK;HARD;1;OK - no pending updates.
[1688185054] SERVICE ALERT: SRVADMIN.cass.pmc;Almacenamiento;OK;SOFT;2;c:\ - total: 299.66 Gb - used: 156.97 Gb (52%) - free 142.68 Gb (48%)
[1688185054] SERVICE ALERT: SRVADMIN.cass.pmc;Tiempo Activo;OK;SOFT;2;System Uptime - 9 day(s) 5 hour(s) 27 minute(s)
[1688185054] SERVICE ALERT: SRVADMIN.cass.pmc;CPU;OK;SOFT;2;CPU Load 5% (5 min average)
[1688185054] SERVICE ALERT: SRVADMIN.cass.pmc;Memoria;OK;SOFT;2;Memory usage: total:18171.58 MB - used: 12935.57 MB (71%) - free: 5236.01 MB (29%)
[1688185058] SERVICE ALERT: SRVADMIN.cass.pmc;Ping;OK;SOFT;2;PING OK - Packet loss = 0%, RTA = 1.59 ms
[1688185605] SERVICE ALERT: SRV_Cfiler.cass.cl;Actualizacion;CRITICAL;SOFT;1;CHECK_NRPE STATE CRITICAL: Socket timeout after 30 seconds.
[1688185738] SERVICE ALERT: SRV_Cfiler.cass.cl;Actualizacion;OK;SOFT;2;Updates OK : no updates available
[1688186090] SERVICE NOTIFICATION: nagiosadmin;SRV_nagios;Actualizacion;CRITICAL;notify-service-by-email;YUM CRITICAL: 12 Updates Available
[1688186090] SERVICE NOTIFICATION: andresnavarro;SRV_nagios;Actualizacion;CRITICAL;notify-service-by-email;YUM CRITICAL: 12 Updates Available
[1688186090] SERVICE NOTIFICATION: soporteti;SRV_nagios;Actualizacion;CRITICAL;notify-service-by-telegram;YUM CRITICAL: 12 Updates Available
[1688186090] SERVICE NOTIFICATION: soporteti;SRV_nagios;Actualizacion;CRITICAL;notify-service-by-email;YUM CRITICAL: 12 Updates Available
[1688186090] SERVICE NOTIFICATION: carlosstange;SRV_nagios;Actualizacion;CRITICAL;notify-service-by-telegram;YUM CRITICAL: 12 Updates Available
[1688186090] SERVICE NOTIFICATION: carlosstange;SRV_nagios;Actualizacion;CRITICAL;notify-service-by-email;YUM CRITICAL: 12 Updates Available
[1688186401] SERVICE ALERT: SRV_Cfiler.cass.cl;Actualizacion;UNKNOWN;SOFT;1;CHECK_NRPE: Receive header underflow - only 0 bytes received (4 expected).
[1688186527] SERVICE ALERT: SRV_Cfiler.cass.cl;Actualizacion;OK;SOFT;2;Updates OK : no updates available
[1688187031] Auto-save of retention data completed successfully.
[1688188212] SERVICE ALERT: SRV11VIBE_cass.cl;Servicio Vibe;CRITICAL;SOFT;1;(No output on stdout) stderr: connect to address 10.0.2.13 port 5666: Connection refused
[1688188332] SERVICE ALERT: SRV11VIBE_cass.cl;Servicio Vibe;OK;SOFT;2;OK: Service vibe is running!
[1688189690] SERVICE NOTIFICATION: nagiosadmin;SRV_nagios;Actualizacion;CRITICAL;notify-service-by-email;YUM CRITICAL: 12 Updates Available
[1688189690] SERVICE NOTIFICATION: andresnavarro;SRV_nagios;Actualizacion;CRITICAL;notify-service-by-email;YUM CRITICAL: 12 Updates Available
[1688189690] SERVICE NOTIFICATION: soporteti;SRV_nagios;Actualizacion;CRITICAL;notify-service-by-telegram;YUM CRITICAL: 12 Updates Available
[1688189690] SERVICE NOTIFICATION: soporteti;SRV_nagios;Actualizacion;CRITICAL;notify-service-by-email;YUM CRITICAL: 12 Updates Available
[1688189690] SERVICE NOTIFICATION: carlosstange;SRV_nagios;Actualizacion;CRITICAL;notify-service-by-telegram;YUM CRITICAL: 12 Updates Available
[1688189690] SERVICE NOTIFICATION: carlosstange;SRV_nagios;Actualizacion;CRITICAL;notify-service-by-email;YUM CRITICAL: 12 Updates Available
[1688190631] Auto-save of retention data completed successfully.
[1688193291] SERVICE NOTIFICATION: nagiosadmin;SRV_nagios;Actualizacion;CRITICAL;notify-service-by-email;YUM CRITICAL: 12 Updates Available
[1688193291] SERVICE NOTIFICATION: andresnavarro;SRV_nagios;Actualizacion;CRITICAL;notify-service-by-email;YUM CRITICAL: 12 Updates Available
[1688193291] SERVICE NOTIFICATION: soporteti;SRV_nagios;Actualizacion;CRITICAL;notify-service-by-telegram;YUM CRITICAL: 12 Updates Available
[1688193291] SERVICE NOTIFICATION: soporteti;SRV_nagios;Actualizacion;CRITICAL;notify-service-by-email;YUM CRITICAL: 12 Updates Available
[1688193291] SERVICE NOTIFICATION: carlosstange;SRV_nagios;Actualizacion;CRITICAL;notify-service-by-telegram;YUM CRITICAL: 12 Updates Available
[1688193291] SERVICE NOTIFICATION: carlosstange;SRV_nagios;Actualizacion;CRITICAL;notify-service-by-email;YUM CRITICAL: 12 Updates Available
[1688194231] Auto-save of retention data completed successfully.
[1688197191] SERVICE NOTIFICATION: nagiosadmin;SRV_nagios;Actualizacion;CRITICAL;notify-service-by-email;YUM CRITICAL: 12 Updates Available
[1688197191] SERVICE NOTIFICATION: andresnavarro;SRV_nagios;Actualizacion;CRITICAL;notify-service-by-email;YUM CRITICAL: 12 Updates Available
[1688197191] SERVICE NOTIFICATION: soporteti;SRV_nagios;Actualizacion;CRITICAL;notify-service-by-telegram;YUM CRITICAL: 12 Updates Available
[1688197191] SERVICE NOTIFICATION: soporteti;SRV_nagios;Actualizacion;CRITICAL;notify-service-by-email;YUM CRITICAL: 12 Updates Available
[1688197191] SERVICE NOTIFICATION: carlosstange;SRV_nagios;Actualizacion;CRITICAL;notify-service-by-telegram;YUM CRITICAL: 12 Updates Available
[1688197191] SERVICE NOTIFICATION: carlosstange;SRV_nagios;Actualizacion;CRITICAL;notify-service-by-email;YUM CRITICAL: 12 Updates Available
[1688197831] Auto-save of retention data completed successfully.
[1688201091] SERVICE NOTIFICATION: nagiosadmin;SRV_nagios;Actualizacion;CRITICAL;notify-service-by-email;YUM CRITICAL: 12 Updates Available
[1688201091] SERVICE NOTIFICATION: andresnavarro;SRV_nagios;Actualizacion;CRITICAL;notify-service-by-email;YUM CRITICAL: 12 Updates Available
[1688201091] SERVICE NOTIFICATION: soporteti;SRV_nagios;Actualizacion;CRITICAL;notify-service-by-telegram;YUM CRITICAL: 12 Updates Available
[1688201091] SERVICE NOTIFICATION: soporteti;SRV_nagios;Actualizacion;CRITICAL;notify-service-by-email;YUM CRITICAL: 12 Updates Available
[1688201091] SERVICE NOTIFICATION: carlosstange;SRV_nagios;Actualizacion;CRITICAL;notify-service-by-telegram;YUM CRITICAL: 12 Updates Available
[1688201091] SERVICE NOTIFICATION: carlosstange;SRV_nagios;Actualizacion;CRITICAL;notify-service-by-email;YUM CRITICAL: 12 Updates Available
[1688201431] Auto-save of retention data completed successfully.
[1688204412] SERVICE ALERT: SRV11VIBE_cass.cl;Servicio Vibe;CRITICAL;SOFT;1;(No output on stdout) stderr: connect to address 10.0.2.13 port 5666: Connection refused
[1688204532] SERVICE ALERT: SRV11VIBE_cass.cl;Servicio Vibe;OK;SOFT;2;OK: Service vibe is running!
[1688204583] SERVICE ALERT: Servidores CASS;Ancho de Banda GE/1/0/3;WARNING;SOFT;1;WARNING - OUT bandwidth (85.19%) too high
[1688204703] SERVICE ALERT: Servidores CASS;Ancho de Banda GE/1/0/3;OK;SOFT;2;OK - Average IN: 14.75MB (11.80%), Average OUT: 88.44MB (70.75%)Total RX: 27851.85GBytes, Total TX: 64133.78GBytes
[1688204991] SERVICE NOTIFICATION: nagiosadmin;SRV_nagios;Actualizacion;CRITICAL;notify-service-by-email;YUM CRITICAL: 12 Updates Available
[1688204991] SERVICE NOTIFICATION: andresnavarro;SRV_nagios;Actualizacion;CRITICAL;notify-service-by-email;YUM CRITICAL: 12 Updates Available
[1688204991] SERVICE NOTIFICATION: soporteti;SRV_nagios;Actualizacion;CRITICAL;notify-service-by-telegram;YUM CRITICAL: 12 Updates Available
[1688204991] SERVICE NOTIFICATION: soporteti;SRV_nagios;Actualizacion;CRITICAL;notify-service-by-email;YUM CRITICAL: 12 Updates Available
[1688204991] SERVICE NOTIFICATION: carlosstange;SRV_nagios;Actualizacion;CRITICAL;notify-service-by-telegram;YUM CRITICAL: 12 Updates Available
[1688204991] SERVICE NOTIFICATION: carlosstange;SRV_nagios;Actualizacion;CRITICAL;notify-service-by-email;YUM CRITICAL: 12 Updates Available
[1688205031] Auto-save of retention data completed successfully.
[1688208631] Auto-save of retention data completed successfully.
[1688208891] SERVICE NOTIFICATION: nagiosadmin;SRV_nagios;Actualizacion;CRITICAL;notify-service-by-email;YUM CRITICAL: 12 Updates Available
[1688208891] SERVICE NOTIFICATION: andresnavarro;SRV_nagios;Actualizacion;CRITICAL;notify-service-by-email;YUM CRITICAL: 12 Updates Available
[1688208891] SERVICE NOTIFICATION: soporteti;SRV_nagios;Actualizacion;CRITICAL;notify-service-by-telegram;YUM CRITICAL: 12 Updates Available
[1688208891] SERVICE NOTIFICATION: soporteti;SRV_nagios;Actualizacion;CRITICAL;notify-service-by-email;YUM CRITICAL: 12 Updates Available
[1688208891] SERVICE NOTIFICATION: carlosstange;SRV_nagios;Actualizacion;CRITICAL;notify-service-by-telegram;YUM CRITICAL: 12 Updates Available
[1688208891] SERVICE NOTIFICATION: carlosstange;SRV_nagios;Actualizacion;CRITICAL;notify-service-by-email;YUM CRITICAL: 12 Updates Available
[1688209812] SERVICE ALERT: SRV11VIBE_cass.cl;Servicio Vibe;CRITICAL;SOFT;1;(No output on stdout) stderr: connect to address 10.0.2.13 port 5666: Connection refused
[1688209932] SERVICE ALERT: SRV11VIBE_cass.cl;Servicio Vibe;OK;SOFT;2;OK: Service vibe is running!
[1688210137] SERVICE ALERT: SRV_Cfiler.cass.cl;Actualizacion;CRITICAL;SOFT;1;CHECK_NRPE STATE CRITICAL: Socket timeout after 30 seconds.
[1688210270] SERVICE ALERT: SRV_Cfiler.cass.cl;Actualizacion;OK;SOFT;2;Updates OK : no updates available
[1688210401] SERVICE ALERT: SRV_Cfiler.cass.cl;Actualizacion;UNKNOWN;SOFT;1;CHECK_NRPE: Receive header underflow - only 0 bytes received (4 expected).
[1688210534] SERVICE ALERT: SRV_Cfiler.cass.cl;Actualizacion;OK;SOFT;2;Updates OK : no updates available
[1688212231] Auto-save of retention data completed successfully.
[1688212491] SERVICE NOTIFICATION: nagiosadmin;SRV_nagios;Actualizacion;CRITICAL;notify-service-by-email;YUM CRITICAL: 12 Updates Available
[1688212491] SERVICE NOTIFICATION: andresnavarro;SRV_nagios;Actualizacion;CRITICAL;notify-service-by-email;YUM CRITICAL: 12 Updates Available
[1688212491] SERVICE NOTIFICATION: soporteti;SRV_nagios;Actualizacion;CRITICAL;notify-service-by-telegram;YUM CRITICAL: 12 Updates Available
[1688212491] SERVICE NOTIFICATION: soporteti;SRV_nagios;Actualizacion;CRITICAL;notify-service-by-email;YUM CRITICAL: 12 Updates Available
[1688212491] SERVICE NOTIFICATION: carlosstange;SRV_nagios;Actualizacion;CRITICAL;notify-service-by-telegram;YUM CRITICAL: 12 Updates Available
[1688212491] SERVICE NOTIFICATION: carlosstange;SRV_nagios;Actualizacion;CRITICAL;notify-service-by-email;YUM CRITICAL: 12 Updates Available
[1688215212] SERVICE ALERT: SRV11VIBE_cass.cl;Servicio Vibe;CRITICAL;SOFT;1;(No output on stdout) stderr: connect to address 10.0.2.13 port 5666: Connection refused
[1688215332] SERVICE ALERT: SRV11VIBE_cass.cl;Servicio Vibe;OK;SOFT;2;OK: Service vibe is running!
[1688215831] Auto-save of retention data completed successfully.
[1688216091] SERVICE NOTIFICATION: nagiosadmin;SRV_nagios;Actualizacion;CRITICAL;notify-service-by-email;YUM CRITICAL: 12 Updates Available
[1688216091] SERVICE NOTIFICATION: andresnavarro;SRV_nagios;Actualizacion;CRITICAL;notify-service-by-email;YUM CRITICAL: 12 Updates Available
[1688216091] SERVICE NOTIFICATION: soporteti;SRV_nagios;Actualizacion;CRITICAL;notify-service-by-telegram;YUM CRITICAL: 12 Updates Available
[1688216091] SERVICE NOTIFICATION: soporteti;SRV_nagios;Actualizacion;CRITICAL;notify-service-by-email;YUM CRITICAL: 12 Updates Available
[1688216091] SERVICE NOTIFICATION: carlosstange;SRV_nagios;Actualizacion;CRITICAL;notify-service-by-telegram;YUM CRITICAL: 12 Updates Available
[1688216091] SERVICE NOTIFICATION: carlosstange;SRV_nagios;Actualizacion;CRITICAL;notify-service-by-email;YUM CRITICAL: 12 Updates Available
[1688219431] Auto-save of retention data completed successfully.
[1688219691] SERVICE NOTIFICATION: nagiosadmin;SRV_nagios;Actualizacion;CRITICAL;notify-service-by-email;YUM CRITICAL: 12 Updates Available
[1688219691] SERVICE NOTIFICATION: andresnavarro;SRV_nagios;Actualizacion;CRITICAL;notify-service-by-email;YUM CRITICAL: 12 Updates Available
[1688219691] SERVICE NOTIFICATION: soporteti;SRV_nagios;Actualizacion;CRITICAL;notify-service-by-telegram;YUM CRITICAL: 12 Updates Available
[1688219691] SERVICE NOTIFICATION: soporteti;SRV_nagios;Actualizacion;CRITICAL;notify-service-by-email;YUM CRITICAL: 12 Updates Available
[1688219691] SERVICE NOTIFICATION: carlosstange;SRV_nagios;Actualizacion;CRITICAL;notify-service-by-telegram;YUM CRITICAL: 12 Updates Available
[1688219691] SERVICE NOTIFICATION: carlosstange;SRV_nagios;Actualizacion;CRITICAL;notify-service-by-email;YUM CRITICAL: 12 Updates Available
[1688220004] SERVICE ALERT: SRV_email.cass.cl;Procesos Zombies;UNKNOWN;SOFT;1;CHECK_NRPE: Receive header underflow - only 0 bytes received (4 expected).
[1688220004] SERVICE ALERT: SRV_email.cass.cl;Correo Pop;CRITICAL;SOFT;1;(No output on stdout) stderr: connect to address 10.0.2.25 port 5666: Connection refused
[1688220004] SERVICE ALERT: SRV_email.cass.cl;Almacenamiento Mail;CRITICAL;SOFT;1;(No output on stdout) stderr: connect to address 10.0.2.25 port 5666: Connection refused
[1688220012] SERVICE ALERT: SRV11VIBE_cass.cl;Servicio Vibe;CRITICAL;SOFT;1;(No output on stdout) stderr: connect to address 10.0.2.13 port 5666: Connection refused
[1688220124] SERVICE ALERT: SRV_email.cass.cl;Almacenamiento Mail;OK;SOFT;2;DISK OK - free space: /mail 1813381 MiB (92.60% inode=99%):
[1688220124] SERVICE ALERT: SRV_email.cass.cl;Correo Pop;OK;SOFT;2;POP OK - 0.001 second response time on 10.0.2.25 port 110 [+OK GroupWise POP3 server ready]
[1688220124] SERVICE ALERT: SRV_email.cass.cl;Procesos Zombies;OK;SOFT;2;PROCS OK: 0 processes with STATE = Z
[1688220132] SERVICE ALERT: SRV11VIBE_cass.cl;Servicio Vibe;OK;SOFT;2;OK: Service vibe is running!
[1688220668] SERVICE ALERT: SRVCONT.cass.cl;Actualizacion;UNKNOWN;HARD;3;CHECK_NRPE: Receive header underflow - only 0 bytes received (4 expected).
[1688220729] SERVICE ALERT: SRVCONT.cass.cl;Actualizacion;CRITICAL;HARD;3;Updates: 1 critical, 0 optional
[1688223031] Auto-save of retention data completed successfully.
[1688223292] SERVICE NOTIFICATION: nagiosadmin;SRV_nagios;Actualizacion;CRITICAL;notify-service-by-email;YUM CRITICAL: 12 Updates Available
[1688223292] SERVICE NOTIFICATION: andresnavarro;SRV_nagios;Actualizacion;CRITICAL;notify-service-by-email;YUM CRITICAL: 12 Updates Available
[1688223292] SERVICE NOTIFICATION: soporteti;SRV_nagios;Actualizacion;CRITICAL;notify-service-by-telegram;YUM CRITICAL: 12 Updates Available
[1688223292] SERVICE NOTIFICATION: soporteti;SRV_nagios;Actualizacion;CRITICAL;notify-service-by-email;YUM CRITICAL: 12 Updates Available
[1688223292] SERVICE NOTIFICATION: carlosstange;SRV_nagios;Actualizacion;CRITICAL;notify-service-by-telegram;YUM CRITICAL: 12 Updates Available
[1688223292] SERVICE NOTIFICATION: carlosstange;SRV_nagios;Actualizacion;CRITICAL;notify-service-by-email;YUM CRITICAL: 12 Updates Available
[1688224004] SERVICE ALERT: SRV_SOS2021.cass.cl;Actualizacion;CRITICAL;SOFT;1;CHECK_NRPE STATE CRITICAL: Socket timeout after 30 seconds.
[1688224004] SERVICE ALERT: SRV_email.cass.cl;Actualizacion;CRITICAL;SOFT;1;CHECK_NRPE STATE CRITICAL: Socket timeout after 30 seconds.
[1688224135] SERVICE ALERT: SRV_SOS2021.cass.cl;Actualizacion;OK;SOFT;2;Updates OK : no updates available
[1688224137] SERVICE ALERT: SRV_email.cass.cl;Actualizacion;OK;SOFT;2;Updates OK : no updates available
[1688224802] SERVICE ALERT: SRV_email.cass.cl;Actualizacion;UNKNOWN;SOFT;1;CHECK_NRPE: Receive header underflow - only 0 bytes received (4 expected).
[1688224802] SERVICE ALERT: SRV_SOS2021.cass.cl;Actualizacion;UNKNOWN;SOFT;1;CHECK_NRPE: Receive header underflow - only 0 bytes received (4 expected).
[1688224934] SERVICE ALERT: SRV_email.cass.cl;Actualizacion;OK;SOFT;2;Updates OK : no updates available
[1688224934] SERVICE ALERT: SRV_SOS2021.cass.cl;Actualizacion;OK;SOFT;2;Updates OK : no updates available
[1688226631] Auto-save of retention data completed successfully.
[1688227190] SERVICE NOTIFICATION: nagiosadmin;SRV_nagios;Actualizacion;CRITICAL;notify-service-by-email;YUM CRITICAL: 12 Updates Available
[1688227190] SERVICE NOTIFICATION: andresnavarro;SRV_nagios;Actualizacion;CRITICAL;notify-service-by-email;YUM CRITICAL: 12 Updates Available
[1688227190] SERVICE NOTIFICATION: soporteti;SRV_nagios;Actualizacion;CRITICAL;notify-service-by-telegram;YUM CRITICAL: 12 Updates Available
[1688227190] SERVICE NOTIFICATION: soporteti;SRV_nagios;Actualizacion;CRITICAL;notify-service-by-email;YUM CRITICAL: 12 Updates Available
[1688227190] SERVICE NOTIFICATION: carlosstange;SRV_nagios;Actualizacion;CRITICAL;notify-service-by-telegram;YUM CRITICAL: 12 Updates Available
[1688227190] SERVICE NOTIFICATION: carlosstange;SRV_nagios;Actualizacion;CRITICAL;notify-service-by-email;YUM CRITICAL: 12 Updates Available
[1688228412] SERVICE ALERT: SRV11VIBE_cass.cl;Servicio Vibe;CRITICAL;SOFT;1;(No output on stdout) stderr: connect to address 10.0.2.13 port 5666: Connection refused
[1688228532] SERVICE ALERT: SRV11VIBE_cass.cl;Servicio Vibe;OK;SOFT;2;OK: Service vibe is running!
[1688230231] Auto-save of retention data completed successfully.
[1688230791] SERVICE NOTIFICATION: nagiosadmin;SRV_nagios;Actualizacion;CRITICAL;notify-service-by-email;YUM CRITICAL: 12 Updates Available
[1688230791] SERVICE NOTIFICATION: andresnavarro;SRV_nagios;Actualizacion;CRITICAL;notify-service-by-email;YUM CRITICAL: 12 Updates Available
[1688230791] SERVICE NOTIFICATION: soporteti;SRV_nagios;Actualizacion;CRITICAL;notify-service-by-telegram;YUM CRITICAL: 12 Updates Available
[1688230791] SERVICE NOTIFICATION: soporteti;SRV_nagios;Actualizacion;CRITICAL;notify-service-by-email;YUM CRITICAL: 12 Updates Available
[1688230791] SERVICE NOTIFICATION: carlosstange;SRV_nagios;Actualizacion;CRITICAL;notify-service-by-telegram;YUM CRITICAL: 12 Updates Available
[1688230791] SERVICE NOTIFICATION: carlosstange;SRV_nagios;Actualizacion;CRITICAL;notify-service-by-email;YUM CRITICAL: 12 Updates Available
[1688231412] SERVICE ALERT: SRV11VIBE_cass.cl;Servicio Vibe;CRITICAL;SOFT;1;(No output on stdout) stderr: connect to address 10.0.2.13 port 5666: Connection refused
[1688231532] SERVICE ALERT: SRV11VIBE_cass.cl;Servicio Vibe;OK;SOFT;2;OK: Service vibe is running!
[1688233831] Auto-save of retention data completed successfully.
[1688234691] SERVICE NOTIFICATION: nagiosadmin;SRV_nagios;Actualizacion;CRITICAL;notify-service-by-email;YUM CRITICAL: 12 Updates Available
[1688234691] SERVICE NOTIFICATION: andresnavarro;SRV_nagios;Actualizacion;CRITICAL;notify-service-by-email;YUM CRITICAL: 12 Updates Available
[1688234691] SERVICE NOTIFICATION: soporteti;SRV_nagios;Actualizacion;CRITICAL;notify-service-by-telegram;YUM CRITICAL: 12 Updates Available
[1688234691] SERVICE NOTIFICATION: soporteti;SRV_nagios;Actualizacion;CRITICAL;notify-service-by-email;YUM CRITICAL: 12 Updates Available
[1688234691] SERVICE NOTIFICATION: carlosstange;SRV_nagios;Actualizacion;CRITICAL;notify-service-by-telegram;YUM CRITICAL: 12 Updates Available
[1688234691] SERVICE NOTIFICATION: carlosstange;SRV_nagios;Actualizacion;CRITICAL;notify-service-by-email;YUM CRITICAL: 12 Updates Available
[1688234709] SERVICE ALERT: SRVDNS;Ping;WARNING;SOFT;1;PING WARNING - Packet loss = 82%, RTA = 0.98 ms
[1688234715] wproc: Core Worker 11601: job 2697307 (pid=31425) timed out. Killing it
[1688234715] wproc: CHECK job 2697307 from worker Core Worker 11601 timed out after 30.01s
[1688234715] wproc:   host=SRVDNS; service=(null);
[1688234715] wproc:   early_timeout=1; exited_ok=0; wait_status=0; error_code=62;
[1688234715] Warning: Check of host 'SRVDNS' timed out after 30.01 seconds
[1688234715] HOST ALERT: SRVDNS;DOWN;SOFT;1;(Host check timed out after 30.01 seconds)
[1688234715] wproc: Core Worker 11601: job 2697307 (pid=31425): Dormant child reaped
[1688234775] HOST ALERT: SRVDNS;UP;SOFT;1;PING OK - Packet loss = 28%, RTA = 0.98 ms
[1688234833] SERVICE ALERT: SRVDNS;Ping;OK;SOFT;2;PING OK - Packet loss = 0%, RTA = 1.21 ms
[1688236212] SERVICE ALERT: SRV11VIBE_cass.cl;Servicio Vibe;CRITICAL;SOFT;1;(No output on stdout) stderr: connect to address 10.0.2.13 port 5666: Connection refused
[1688236244] SERVICE ALERT: SRV_email.cass.cl;Actualizacion;CRITICAL;SOFT;1;CHECK_NRPE STATE CRITICAL: Socket timeout after 30 seconds.
[1688236303] SERVICE ALERT: SRV_chat.cass.cl;Actualizacion;CRITICAL;SOFT;1;CHECK_NRPE STATE CRITICAL: Socket timeout after 30 seconds.
[1688236304] SERVICE ALERT: SRV_Cfiler.cass.cl;Actualizacion;CRITICAL;SOFT;1;CHECK_NRPE STATE CRITICAL: Socket timeout after 30 seconds.
[1688236304] SERVICE ALERT: SRV_SOS2021.cass.cl;Actualizacion;CRITICAL;SOFT;1;CHECK_NRPE STATE CRITICAL: Socket timeout after 30 seconds.
[1688236332] SERVICE ALERT: SRV11VIBE_cass.cl;Servicio Vibe;OK;SOFT;2;OK: Service vibe is running!
[1688236378] SERVICE ALERT: SRV_email.cass.cl;Actualizacion;OK;SOFT;2;Updates OK : no updates available
[1688236436] SERVICE ALERT: SRV_chat.cass.cl;Actualizacion;OK;SOFT;2;Updates OK : no updates available
[1688236436] SERVICE ALERT: SRV_Cfiler.cass.cl;Actualizacion;OK;SOFT;2;Updates OK : no updates available
[1688236436] SERVICE ALERT: SRV_SOS2021.cass.cl;Actualizacion;OK;SOFT;2;Updates OK : no updates available
[1688236801] SERVICE ALERT: SRV_chat.cass.cl;Actualizacion;UNKNOWN;SOFT;1;CHECK_NRPE: Receive header underflow - only 0 bytes received (4 expected).
[1688236801] SERVICE ALERT: SRV_email.cass.cl;Actualizacion;UNKNOWN;SOFT;1;CHECK_NRPE: Receive header underflow - only 0 bytes received (4 expected).
[1688236801] SERVICE ALERT: SRV_Cfiler.cass.cl;Actualizacion;UNKNOWN;SOFT;1;CHECK_NRPE: Receive header underflow - only 0 bytes received (4 expected).
[1688236802] SERVICE ALERT: SRV_SOS2021.cass.cl;Actualizacion;UNKNOWN;SOFT;1;CHECK_NRPE: Receive header underflow - only 0 bytes received (4 expected).
[1688236933] SERVICE ALERT: SRV_chat.cass.cl;Actualizacion;OK;SOFT;2;Updates OK : no updates available
[1688236934] SERVICE ALERT: SRV_SOS2021.cass.cl;Actualizacion;OK;SOFT;2;Updates OK : no updates available
[1688236934] SERVICE ALERT: SRV_email.cass.cl;Actualizacion;OK;SOFT;2;Updates OK : no updates available
[1688236934] SERVICE ALERT: SRV_Cfiler.cass.cl;Actualizacion;OK;SOFT;2;Updates OK : no updates available
[1688237431] Auto-save of retention data completed successfully.
[1688238590] SERVICE NOTIFICATION: nagiosadmin;SRV_nagios;Actualizacion;CRITICAL;notify-service-by-email;YUM CRITICAL: 12 Updates Available
[1688238590] SERVICE NOTIFICATION: andresnavarro;SRV_nagios;Actualizacion;CRITICAL;notify-service-by-email;YUM CRITICAL: 12 Updates Available
[1688238590] SERVICE NOTIFICATION: soporteti;SRV_nagios;Actualizacion;CRITICAL;notify-service-by-telegram;YUM CRITICAL: 12 Updates Available
[1688238590] SERVICE NOTIFICATION: soporteti;SRV_nagios;Actualizacion;CRITICAL;notify-service-by-email;YUM CRITICAL: 12 Updates Available
[1688238590] SERVICE NOTIFICATION: carlosstange;SRV_nagios;Actualizacion;CRITICAL;notify-service-by-telegram;YUM CRITICAL: 12 Updates Available
[1688238590] SERVICE NOTIFICATION: carlosstange;SRV_nagios;Actualizacion;CRITICAL;notify-service-by-email;YUM CRITICAL: 12 Updates Available
[1688238643] SERVICE ALERT: SRVDNS;Ping;CRITICAL;SOFT;1;PING CRITICAL - Packet loss = 100%
[1688238767] SERVICE ALERT: SRVDNS;Ping;OK;SOFT;2;PING OK - Packet loss = 0%, RTA = 1.12 ms
[1688241031] Auto-save of retention data completed successfully.
[1688242190] SERVICE NOTIFICATION: nagiosadmin;SRV_nagios;Actualizacion;CRITICAL;notify-service-by-email;YUM CRITICAL: 12 Updates Available
[1688242190] SERVICE NOTIFICATION: andresnavarro;SRV_nagios;Actualizacion;CRITICAL;notify-service-by-email;YUM CRITICAL: 12 Updates Available
[1688242190] SERVICE NOTIFICATION: soporteti;SRV_nagios;Actualizacion;CRITICAL;notify-service-by-telegram;YUM CRITICAL: 12 Updates Available
[1688242190] SERVICE NOTIFICATION: soporteti;SRV_nagios;Actualizacion;CRITICAL;notify-service-by-email;YUM CRITICAL: 12 Updates Available
[1688242190] SERVICE NOTIFICATION: carlosstange;SRV_nagios;Actualizacion;CRITICAL;notify-service-by-telegram;YUM CRITICAL: 12 Updates Available
[1688242190] SERVICE NOTIFICATION: carlosstange;SRV_nagios;Actualizacion;CRITICAL;notify-service-by-email;YUM CRITICAL: 12 Updates Available
[1688244612] SERVICE ALERT: SRV11VIBE_cass.cl;Servicio Vibe;CRITICAL;SOFT;1;(No output on stdout) stderr: connect to address 10.0.2.13 port 5666: Connection refused
[1688244631] Auto-save of retention data completed successfully.
[1688244732] SERVICE ALERT: SRV11VIBE_cass.cl;Servicio Vibe;OK;SOFT;2;OK: Service vibe is running!
[1688245790] SERVICE NOTIFICATION: nagiosadmin;SRV_nagios;Actualizacion;CRITICAL;notify-service-by-email;YUM CRITICAL: 12 Updates Available
[1688245790] SERVICE NOTIFICATION: andresnavarro;SRV_nagios;Actualizacion;CRITICAL;notify-service-by-email;YUM CRITICAL: 12 Updates Available
[1688245790] SERVICE NOTIFICATION: soporteti;SRV_nagios;Actualizacion;CRITICAL;notify-service-by-telegram;YUM CRITICAL: 12 Updates Available
[1688245790] SERVICE NOTIFICATION: soporteti;SRV_nagios;Actualizacion;CRITICAL;notify-service-by-email;YUM CRITICAL: 12 Updates Available
[1688245790] SERVICE NOTIFICATION: carlosstange;SRV_nagios;Actualizacion;CRITICAL;notify-service-by-telegram;YUM CRITICAL: 12 Updates Available
[1688245790] SERVICE NOTIFICATION: carlosstange;SRV_nagios;Actualizacion;CRITICAL;notify-service-by-email;YUM CRITICAL: 12 Updates Available
[1688248231] Auto-save of retention data completed successfully.
[1688249390] SERVICE NOTIFICATION: nagiosadmin;SRV_nagios;Actualizacion;CRITICAL;notify-service-by-email;YUM CRITICAL: 12 Updates Available
[1688249390] SERVICE NOTIFICATION: andresnavarro;SRV_nagios;Actualizacion;CRITICAL;notify-service-by-email;YUM CRITICAL: 12 Updates Available
[1688249390] SERVICE NOTIFICATION: soporteti;SRV_nagios;Actualizacion;CRITICAL;notify-service-by-telegram;YUM CRITICAL: 12 Updates Available
[1688249390] SERVICE NOTIFICATION: soporteti;SRV_nagios;Actualizacion;CRITICAL;notify-service-by-email;YUM CRITICAL: 12 Updates Available
[1688249390] SERVICE NOTIFICATION: carlosstange;SRV_nagios;Actualizacion;CRITICAL;notify-service-by-telegram;YUM CRITICAL: 12 Updates Available
[1688249390] SERVICE NOTIFICATION: carlosstange;SRV_nagios;Actualizacion;CRITICAL;notify-service-by-email;YUM CRITICAL: 12 Updates Available
[1688250253] wproc: Core Worker 11601: job 2710089 (pid=6077) timed out. Killing it
[1688250253] wproc: CHECK job 2710089 from worker Core Worker 11601 timed out after 30.01s
[1688250253] wproc:   host=SRVDNS; service=(null);
[1688250253] wproc:   early_timeout=1; exited_ok=0; wait_status=0; error_code=62;
[1688250253] Warning: Check of host 'SRVDNS' timed out after 30.01 seconds
[1688250253] HOST ALERT: SRVDNS;DOWN;SOFT;1;(Host check timed out after 30.01 seconds)
[1688250253] wproc: Core Worker 11601: job 2710089 (pid=6077): Dormant child reaped
[1688250257] SERVICE ALERT: SRVDNS;Ping;CRITICAL;HARD;1;PING CRITICAL - Packet loss = 100%
[1688250291] SERVICE ALERT: SRVDNS;Ping;OK;HARD;1;PING OK - Packet loss = 0%, RTA = 1.00 ms
[1688250295] HOST ALERT: SRVDNS;UP;SOFT;1;PING OK - Packet loss = 0%, RTA = 1.03 ms
[1688251831] Auto-save of retention data completed successfully.
[1688251941] wproc: Core Worker 11601: job 2711475 (pid=20745) timed out. Killing it
[1688251941] wproc: CHECK job 2711475 from worker Core Worker 11601 timed out after 30.01s
[1688251941] wproc:   host=SRVDNS; service=(null);
[1688251941] wproc:   early_timeout=1; exited_ok=0; wait_status=0; error_code=62;
[1688251941] Warning: Check of host 'SRVDNS' timed out after 30.01 seconds
[1688251941] HOST ALERT: SRVDNS;DOWN;SOFT;1;(Host check timed out after 30.01 seconds)
[1688251941] wproc: Core Worker 11601: job 2711475 (pid=20745): Dormant child reaped
[1688251976] HOST ALERT: SRVDNS;UP;SOFT;1;PING OK - Packet loss = 16%, RTA = 1.19 ms
[1688252990] SERVICE NOTIFICATION: nagiosadmin;SRV_nagios;Actualizacion;CRITICAL;notify-service-by-email;YUM CRITICAL: 12 Updates Available
[1688252990] SERVICE NOTIFICATION: andresnavarro;SRV_nagios;Actualizacion;CRITICAL;notify-service-by-email;YUM CRITICAL: 12 Updates Available
[1688252990] SERVICE NOTIFICATION: soporteti;SRV_nagios;Actualizacion;CRITICAL;notify-service-by-telegram;YUM CRITICAL: 12 Updates Available
[1688252990] SERVICE NOTIFICATION: soporteti;SRV_nagios;Actualizacion;CRITICAL;notify-service-by-email;YUM CRITICAL: 12 Updates Available
[1688252990] SERVICE NOTIFICATION: carlosstange;SRV_nagios;Actualizacion;CRITICAL;notify-service-by-telegram;YUM CRITICAL: 12 Updates Available
[1688252990] SERVICE NOTIFICATION: carlosstange;SRV_nagios;Actualizacion;CRITICAL;notify-service-by-email;YUM CRITICAL: 12 Updates Available
[1688253012] SERVICE ALERT: SRV11VIBE_cass.cl;Servicio Vibe;UNKNOWN;SOFT;1;CHECK_NRPE: Receive header underflow - only 0 bytes received (4 expected).
[1688253132] SERVICE ALERT: SRV11VIBE_cass.cl;Servicio Vibe;OK;SOFT;2;OK: Service vibe is running!
[1688255431] Auto-save of retention data completed successfully.
[1688256591] SERVICE NOTIFICATION: nagiosadmin;SRV_nagios;Actualizacion;CRITICAL;notify-service-by-email;YUM CRITICAL: 12 Updates Available
[1688256591] SERVICE NOTIFICATION: andresnavarro;SRV_nagios;Actualizacion;CRITICAL;notify-service-by-email;YUM CRITICAL: 12 Updates Available
[1688256591] SERVICE NOTIFICATION: soporteti;SRV_nagios;Actualizacion;CRITICAL;notify-service-by-telegram;YUM CRITICAL: 12 Updates Available
[1688256591] SERVICE NOTIFICATION: soporteti;SRV_nagios;Actualizacion;CRITICAL;notify-service-by-email;YUM CRITICAL: 12 Updates Available
[1688256591] SERVICE NOTIFICATION: carlosstange;SRV_nagios;Actualizacion;CRITICAL;notify-service-by-telegram;YUM CRITICAL: 12 Updates Available
[1688256591] SERVICE NOTIFICATION: carlosstange;SRV_nagios;Actualizacion;CRITICAL;notify-service-by-email;YUM CRITICAL: 12 Updates Available
[1688259031] Auto-save of retention data completed successfully.
[1688259787] SERVICE ALERT: FW Confe;Ping;CRITICAL;SOFT;1;PING CRITICAL - Packet loss = 61%, RTA = 5003.98 ms
[1688259789] SERVICE ALERT: Confe;Ping;WARNING;SOFT;1;PING WARNING - Packet loss = 44%, RTA = 3125.45 ms
[1688259914] SERVICE ALERT: Confe;Ping;OK;SOFT;2;PING OK - Packet loss = 16%, RTA = 2549.26 ms
[1688259920] SERVICE ALERT: FW Confe;Ping;OK;SOFT;2;PING OK - Packet loss = 64%, RTA = 654.35 ms
[1688260044] HOST ALERT: Confe;DOWN;SOFT;1;PING CRITICAL - Packet loss = 75%, RTA = 5124.30 ms
[1688260046] SERVICE ALERT: Confe;Ping;CRITICAL;HARD;1;PING CRITICAL - Packet loss = 61%, RTA = 5749.26 ms
[1688260099] SERVICE ALERT: Confe;Ping;OK;HARD;1;PING OK - Packet loss = 0%, RTA = 196.12 ms
[1688260103] HOST ALERT: Confe;UP;SOFT;1;PING OK - Packet loss = 0%, RTA = 170.22 ms
[1688260491] SERVICE NOTIFICATION: nagiosadmin;SRV_nagios;Actualizacion;CRITICAL;notify-service-by-email;YUM CRITICAL: 12 Updates Available
[1688260491] SERVICE NOTIFICATION: andresnavarro;SRV_nagios;Actualizacion;CRITICAL;notify-service-by-email;YUM CRITICAL: 12 Updates Available
[1688260491] SERVICE NOTIFICATION: soporteti;SRV_nagios;Actualizacion;CRITICAL;notify-service-by-telegram;YUM CRITICAL: 12 Updates Available
[1688260491] SERVICE NOTIFICATION: soporteti;SRV_nagios;Actualizacion;CRITICAL;notify-service-by-email;YUM CRITICAL: 12 Updates Available
[1688260491] SERVICE NOTIFICATION: carlosstange;SRV_nagios;Actualizacion;CRITICAL;notify-service-by-telegram;YUM CRITICAL: 12 Updates Available
[1688260491] SERVICE NOTIFICATION: carlosstange;SRV_nagios;Actualizacion;CRITICAL;notify-service-by-email;YUM CRITICAL: 12 Updates Available
[1688261412] SERVICE ALERT: SRV11VIBE_cass.cl;Servicio Vibe;CRITICAL;SOFT;1;(No output on stdout) stderr: connect to address 10.0.2.13 port 5666: Connection refused
[1688261532] SERVICE ALERT: SRV11VIBE_cass.cl;Servicio Vibe;OK;SOFT;2;OK: Service vibe is running!
[1688262612] SERVICE ALERT: SRV11VIBE_cass.cl;Servicio Vibe;CRITICAL;SOFT;1;(No output on stdout) stderr: connect to address 10.0.2.13 port 5666: Connection refused
[1688262631] Auto-save of retention data completed successfully.
[1688262732] SERVICE ALERT: SRV11VIBE_cass.cl;Servicio Vibe;OK;SOFT;2;OK: Service vibe is running!
[1688264391] SERVICE NOTIFICATION: nagiosadmin;SRV_nagios;Actualizacion;CRITICAL;notify-service-by-email;YUM CRITICAL: 12 Updates Available
[1688264391] SERVICE NOTIFICATION: andresnavarro;SRV_nagios;Actualizacion;CRITICAL;notify-service-by-email;YUM CRITICAL: 12 Updates Available
[1688264391] SERVICE NOTIFICATION: soporteti;SRV_nagios;Actualizacion;CRITICAL;notify-service-by-telegram;YUM CRITICAL: 12 Updates Available
[1688264391] SERVICE NOTIFICATION: soporteti;SRV_nagios;Actualizacion;CRITICAL;notify-service-by-email;YUM CRITICAL: 12 Updates Available
[1688264391] SERVICE NOTIFICATION: carlosstange;SRV_nagios;Actualizacion;CRITICAL;notify-service-by-telegram;YUM CRITICAL: 12 Updates Available
[1688264391] SERVICE NOTIFICATION: carlosstange;SRV_nagios;Actualizacion;CRITICAL;notify-service-by-email;YUM CRITICAL: 12 Updates Available
[1688264777] SERVICE ALERT: SRVDNS;Ping;WARNING;SOFT;1;PING WARNING - Packet loss = 83%, RTA = 0.98 ms
[1688264901] SERVICE ALERT: SRVDNS;Ping;OK;SOFT;2;PING OK - Packet loss = 0%, RTA = 0.77 ms
[1688265612] SERVICE ALERT: SRV11VIBE_cass.cl;Servicio Vibe;CRITICAL;SOFT;1;(No output on stdout) stderr: connect to address 10.0.2.13 port 5666: Connection refused
[1688265732] SERVICE ALERT: SRV11VIBE_cass.cl;Servicio Vibe;OK;SOFT;2;OK: Service vibe is running!
[1688266231] Auto-save of retention data completed successfully.
[1688267991] SERVICE NOTIFICATION: nagiosadmin;SRV_nagios;Actualizacion;CRITICAL;notify-service-by-email;YUM CRITICAL: 12 Updates Available
[1688267991] SERVICE NOTIFICATION: andresnavarro;SRV_nagios;Actualizacion;CRITICAL;notify-service-by-email;YUM CRITICAL: 12 Updates Available
[1688267991] SERVICE NOTIFICATION: soporteti;SRV_nagios;Actualizacion;CRITICAL;notify-service-by-telegram;YUM CRITICAL: 12 Updates Available
[1688267991] SERVICE NOTIFICATION: soporteti;SRV_nagios;Actualizacion;CRITICAL;notify-service-by-email;YUM CRITICAL: 12 Updates Available
[1688267991] SERVICE NOTIFICATION: carlosstange;SRV_nagios;Actualizacion;CRITICAL;notify-service-by-telegram;YUM CRITICAL: 12 Updates Available
[1688267991] SERVICE NOTIFICATION: carlosstange;SRV_nagios;Actualizacion;CRITICAL;notify-service-by-email;YUM CRITICAL: 12 Updates Available
[1688269831] Auto-save of retention data completed successfully.
