[1683518400] LOG ROTATION: DAILY
[1683518400] LOG VERSION: 2.0
[1683518400] CURRENT HOST STATE: ADL Diagnostic;UP;HARD;1;PING OK - Packet loss = 0%, RTA = 39.32 ms
[1683518400] CURRENT HOST STATE: Blueshell;UP;HARD;1;PING OK - Packet loss = 0%, RTA = 7.84 ms
[1683518400] CURRENT HOST STATE: Cass Entel;UP;HARD;1;PING OK - Packet loss = 0%, RTA = 0.53 ms
[1683518400] CURRENT HOST STATE: Cass Telsur;UP;HARD;1;PING OK - Packet loss = 0%, RTA = 1.37 ms
[1683518400] CURRENT HOST STATE: Clinica PV Movistar;UP;HARD;1;PING OK - Packet loss = 0%, RTA = 35.91 ms
[1683518400] CURRENT HOST STATE: Clinica PV Telsur;UP;HARD;1;PING OK - Packet loss = 0%, RTA = 4.42 ms
[1683518400] CURRENT HOST STATE: Confe;UP;HARD;1;PING OK - Packet loss = 0%, RTA = 60.41 ms
[1683518400] CURRENT HOST STATE: Electric Works;UP;HARD;1;PING OK - Packet loss = 0%, RTA = 36.68 ms
[1683518400] CURRENT HOST STATE: Ext Entel;UP;HARD;1;PING OK - Packet loss = 0%, RTA = 0.40 ms
[1683518400] CURRENT HOST STATE: Ext Telsur;UP;HARD;1;PING OK - Packet loss = 0%, RTA = 2.96 ms
[1683518400] CURRENT HOST STATE: FW ADL Diagnostic;UP;HARD;1;PING OK - Packet loss = 0%, RTA = 38.97 ms
[1683518400] CURRENT HOST STATE: FW Blueshell;UP;HARD;1;PING OK - Packet loss = 0%, RTA = 7.15 ms
[1683518400] CURRENT HOST STATE: FW Cass Entel;UP;HARD;1;PING OK - Packet loss = 0%, RTA = 38.57 ms
[1683518400] CURRENT HOST STATE: FW Cass Telsur;UP;HARD;1;PING OK - Packet loss = 0%, RTA = 0.39 ms
[1683518400] CURRENT HOST STATE: FW Clinica PV Movistar;UP;HARD;1;PING OK - Packet loss = 0%, RTA = 36.87 ms
[1683518400] CURRENT HOST STATE: FW Clinica PV Telsur;UP;HARD;1;PING OK - Packet loss = 0%, RTA = 4.46 ms
[1683518400] CURRENT HOST STATE: FW Confe;UP;HARD;1;PING OK - Packet loss = 0%, RTA = 44.81 ms
[1683518400] CURRENT HOST STATE: FW Electric Works;UP;HARD;1;PING OK - Packet loss = 0%, RTA = 37.12 ms
[1683518400] CURRENT HOST STATE: FW Gore Los Lagos;UP;HARD;1;PING OK - Packet loss = 0%, RTA = 5.74 ms
[1683518400] CURRENT HOST STATE: FW Pasmar;UP;HARD;1;PING OK - Packet loss = 0%, RTA = 4.67 ms
[1683518400] CURRENT HOST STATE: Gore Los Lagos;UP;HARD;1;PING OK - Packet loss = 0%, RTA = 4.52 ms
[1683518400] CURRENT HOST STATE: Host-10.0.0.120;UP;HARD;1;PING OK - Packet loss = 0%, RTA = 1.44 ms
[1683518400] CURRENT HOST STATE: Host-10.0.0.121;UP;HARD;1;PING OK - Packet loss = 0%, RTA = 0.42 ms
[1683518400] CURRENT HOST STATE: Internet;UP;HARD;1;PING OK - Packet loss = 0%, RTA = 20.98 ms
[1683518400] CURRENT HOST STATE: Pasmar;UP;HARD;1;PING OK - Packet loss = 0%, RTA = 7.18 ms
[1683518400] CURRENT HOST STATE: Qnap NAS;UP;HARD;1;PING OK - Packet loss = 0%, RTA = 0.30 ms
[1683518400] CURRENT HOST STATE: SRV01USER_cass.cl;UP;HARD;1;PING OK - Packet loss = 0%, RTA = 2.26 ms
[1683518400] CURRENT HOST STATE: SRV04AD01.cass.cl;UP;HARD;1;PING OK - Packet loss = 0%, RTA = 1.45 ms
[1683518400] CURRENT HOST STATE: SRV05AD02_cass.cl;UP;HARD;1;PING OK - Packet loss = 0%, RTA = 2.24 ms
[1683518400] CURRENT HOST STATE: SRV11VIBE_cass.cl;UP;HARD;1;PING OK - Packet loss = 0%, RTA = 0.74 ms
[1683518400] CURRENT HOST STATE: SRV12WEB_cass.cl;UP;HARD;1;PING OK - Packet loss = 0%, RTA = 0.79 ms
[1683518400] CURRENT HOST STATE: SRVAD1.cass.pmc;UP;HARD;1;PING OK - Packet loss = 0%, RTA = 1.43 ms
[1683518400] CURRENT HOST STATE: SRVAD2.cass.pmc;UP;HARD;1;PING OK - Packet loss = 0%, RTA = 2.60 ms
[1683518400] CURRENT HOST STATE: SRVADMIN.cass.pmc;UP;HARD;1;PING OK - Packet loss = 0%, RTA = 1.76 ms
[1683518400] CURRENT HOST STATE: SRVCONT.cass.cl;UP;HARD;1;PING OK - Packet loss = 0%, RTA = 3.12 ms
[1683518400] CURRENT HOST STATE: SRVDC1.cass.pmc;UP;HARD;1;PING OK - Packet loss = 0%, RTA = 1.68 ms
[1683518400] CURRENT HOST STATE: SRVDNS;UP;HARD;1;PING OK - Packet loss = 0%, RTA = 0.62 ms
[1683518400] CURRENT HOST STATE: SRVMFSD;UP;HARD;1;PING OK - Packet loss = 0%, RTA = 0.79 ms
[1683518400] CURRENT HOST STATE: SRV_Cfiler.cass.cl;UP;HARD;1;PING OK - Packet loss = 0%, RTA = 0.60 ms
[1683518400] CURRENT HOST STATE: SRV_Oraculo_cass.cl;UP;HARD;1;PING OK - Packet loss = 0%, RTA = 0.81 ms
[1683518400] CURRENT HOST STATE: SRV_SOS2021.cass.cl;UP;HARD;1;PING OK - Packet loss = 0%, RTA = 0.69 ms
[1683518400] CURRENT HOST STATE: SRV_SUM;UP;HARD;1;PING OK - Packet loss = 0%, RTA = 1.70 ms
[1683518400] CURRENT HOST STATE: SRV_chat.cass.cl;UP;HARD;1;PING OK - Packet loss = 0%, RTA = 0.54 ms
[1683518400] CURRENT HOST STATE: SRV_email.cass.cl;UP;HARD;1;PING OK - Packet loss = 0%, RTA = 0.95 ms
[1683518400] CURRENT HOST STATE: SRV_nagios;UP;HARD;1;PING OK - Packet loss = 0%, RTA = 0.09 ms
[1683518400] CURRENT HOST STATE: SRV_sync.cass.cl;UP;HARD;1;PING OK - Packet loss = 0%, RTA = 0.58 ms
[1683518400] CURRENT HOST STATE: Servidor Vcenter;UP;HARD;1;PING OK - Packet loss = 0%, RTA = 0.54 ms
[1683518400] CURRENT HOST STATE: Servidores CASS;UP;HARD;1;PING OK - Packet loss = 0%, RTA = 1.22 ms
[1683518400] CURRENT HOST STATE: Ups Principal;UP;HARD;1;PING OK - Packet loss = 0%, RTA = 0.75 ms
[1683518400] CURRENT HOST STATE: Veeam2023.cass.pmc;UP;HARD;1;PING OK - Packet loss = 0%, RTA = 2.35 ms
[1683518400] CURRENT HOST STATE: web_cass_cl;UP;HARD;1;PING OK - Packet loss = 0%, RTA = 0.62 ms
[1683518400] CURRENT SERVICE STATE: ADL Diagnostic;Ping;OK;HARD;1;PING OK - Packet loss = 0%, RTA = 33.81 ms
[1683518400] CURRENT SERVICE STATE: Blueshell;Ping;OK;HARD;1;PING OK - Packet loss = 0%, RTA = 7.84 ms
[1683518400] CURRENT SERVICE STATE: Clinica PV Movistar;Ping;OK;HARD;1;PING OK - Packet loss = 0%, RTA = 34.10 ms
[1683518400] CURRENT SERVICE STATE: Confe;Ping;OK;HARD;1;PING OK - Packet loss = 0%, RTA = 44.21 ms
[1683518400] CURRENT SERVICE STATE: Electric Works;Ping;OK;HARD;1;PING OK - Packet loss = 0%, RTA = 37.40 ms
[1683518400] CURRENT SERVICE STATE: Ext Telsur;Ping;OK;HARD;1;PING OK - Packet loss = 0%, RTA = 4.06 ms
[1683518400] CURRENT SERVICE STATE: FW ADL Diagnostic;Ping;OK;HARD;1;PING OK - Packet loss = 0%, RTA = 37.76 ms
[1683518400] CURRENT SERVICE STATE: FW Blueshell;Ping;OK;HARD;1;PING OK - Packet loss = 0%, RTA = 4.22 ms
[1683518400] CURRENT SERVICE STATE: FW Cass Entel;Ping;OK;HARD;1;PING OK - Packet loss = 0%, RTA = 37.00 ms
[1683518400] CURRENT SERVICE STATE: FW Cass Telsur;Ancho de Banda DMZ;OK;HARD;1;OK - Average IN: 3.49KB (0.00%), Average OUT: 4.82KB (0.00%)Total RX: 38.62GBytes, Total TX: 20.42GBytes
[1683518400] CURRENT SERVICE STATE: FW Cass Telsur;Ancho de Banda LAN;OK;HARD;1;OK - Average IN: 671.50B (0.00%), Average OUT: 988.43B (0.00%)Total RX: 621.14GBytes, Total TX: 546.65GBytes
[1683518400] CURRENT SERVICE STATE: FW Cass Telsur;Ancho de Banda WAN;OK;HARD;1;OK - Average IN: 11.00MB (8.80%), Average OUT: 187.67KB (0.15%)Total RX: 12492.53GBytes, Total TX: 7515.27GBytes
[1683518400] CURRENT SERVICE STATE: FW Cass Telsur;Estado Puerto DMZ;OK;HARD;1;OK: Interface eth2 (index 4) is up.
[1683518400] CURRENT SERVICE STATE: FW Cass Telsur;Estado Puerto LAN;OK;HARD;1;OK: Interface eth0 (index 2) is up.
[1683518400] CURRENT SERVICE STATE: FW Cass Telsur;Estado Puerto WAN;OK;HARD;1;OK: Interface eth1 (index 3) is up.
[1683518400] CURRENT SERVICE STATE: FW Cass Telsur;Estado TCP Sophos;OK;HARD;1;TCP OK - 0.000 second response time on 201.220.96.34 port 4444
[1683518400] CURRENT SERVICE STATE: FW Cass Telsur;Ping;OK;HARD;1;PING OK - Packet loss = 0%, RTA = 0.36 ms
[1683518400] CURRENT SERVICE STATE: FW Cass Telsur;Tiempo Activo;OK;HARD;1;SNMP OK - Timeticks: (285447240) 33 days, 0:54:32.40
[1683518400] CURRENT SERVICE STATE: FW Clinica PV Movistar;Ping;OK;HARD;1;PING OK - Packet loss = 0%, RTA = 38.40 ms
[1683518400] CURRENT SERVICE STATE: FW Confe;Ping;OK;HARD;1;PING OK - Packet loss = 0%, RTA = 44.27 ms
[1683518400] CURRENT SERVICE STATE: FW Electric Works;Ping;OK;HARD;1;PING OK - Packet loss = 0%, RTA = 37.09 ms
[1683518400] CURRENT SERVICE STATE: FW Gore Los Lagos;Ping;OK;HARD;1;PING OK - Packet loss = 0%, RTA = 2.82 ms
[1683518400] CURRENT SERVICE STATE: FW Pasmar;Ping;OK;HARD;1;PING OK - Packet loss = 0%, RTA = 2.26 ms
[1683518400] CURRENT SERVICE STATE: Gore Los Lagos;Ping;OK;HARD;1;PING OK - Packet loss = 0%, RTA = 3.02 ms
[1683518400] CURRENT SERVICE STATE: Host-10.0.0.120;Ping;OK;HARD;1;PING OK - Packet loss = 0%, RTA = 1.77 ms
[1683518400] CURRENT SERVICE STATE: Host-10.0.0.121;Ping;OK;HARD;1;PING OK - Packet loss = 0%, RTA = 0.39 ms
[1683518400] CURRENT SERVICE STATE: Pasmar;Ping;OK;HARD;1;PING OK - Packet loss = 0%, RTA = 5.88 ms
[1683518400] CURRENT SERVICE STATE: Qnap NAS;Almacenamiento;OK;HARD;1;OK: Total:50TB - Used:29TB - Free:20TB - Used Space: 58%
[1683518400] CURRENT SERVICE STATE: Qnap NAS;Estado;OK;HARD;1;Power Supply #1 - OK: GOOD
[1683518400] CURRENT SERVICE STATE: Qnap NAS;Memoria;OK;HARD;1;OK: Total:3830MB - Used:1293MB - Free:2537MB = 34%
[1683518400] CURRENT SERVICE STATE: Qnap NAS;Sysinfo;OK;HARD;1;NAS Cloud, Model TS-879U-RP, Firmware 4.3.6, Max HD number 8, No. Volume 1
[1683518400] CURRENT SERVICE STATE: Qnap NAS;Temperatura;OK;HARD;1;OK: Temperature=37C
[1683518400] CURRENT SERVICE STATE: Qnap NAS;Tiempo Activo;OK;HARD;1;SNMP OK - Timeticks: (201188472) 23 days, 6:51:24.72
[1683518400] CURRENT SERVICE STATE: SRV01USER_cass.cl;Actualizacion;OK;HARD;1;OK - no pending updates.
[1683518400] CURRENT SERVICE STATE: SRV01USER_cass.cl;Almacenamiento C;OK;HARD;1;c:\ - total: 119.40 Gb - used: 85.85 Gb (72%) - free 33.54 Gb (28%)
[1683518400] CURRENT SERVICE STATE: SRV01USER_cass.cl;Almacenamiento U;OK;HARD;1;u:\ - total: 1023.98 Gb - used: 178.60 Gb (17%) - free 845.39 Gb (83%)
[1683518400] CURRENT SERVICE STATE: SRV01USER_cass.cl;CPU;OK;HARD;1;CPU Load 3% (5 min average)
[1683518400] CURRENT SERVICE STATE: SRV01USER_cass.cl;Memoria;OK;HARD;1;Memory usage: total:23551.21 MB - used: 8968.81 MB (38%) - free: 14582.41 MB (62%)
[1683518400] CURRENT SERVICE STATE: SRV01USER_cass.cl;Ping;OK;HARD;1;PING OK - Packet loss = 0%, RTA = 2.43 ms
[1683518400] CURRENT SERVICE STATE: SRV01USER_cass.cl;Tiempo Activo;OK;HARD;1;System Uptime - 3 day(s) 13 hour(s) 23 minute(s)
[1683518400] CURRENT SERVICE STATE: SRV04AD01.cass.cl;Ping;OK;HARD;1;PING OK - Packet loss = 0%, RTA = 1.22 ms
[1683518400] CURRENT SERVICE STATE: SRV05AD02_cass.cl;Ping;OK;HARD;1;PING OK - Packet loss = 0%, RTA = 2.53 ms
[1683518400] CURRENT SERVICE STATE: SRV11VIBE_cass.cl;Actualizacion;CRITICAL;HARD;3;Updates CRITICAL : discontinued OS Release SLE 15.1: no updates available
[1683518400] CURRENT SERVICE STATE: SRV11VIBE_cass.cl;Almacenamiento /;OK;HARD;1;DISK OK - free space: /var/tmp 78767 MiB (85.99% inode=-):
[1683518400] CURRENT SERVICE STATE: SRV11VIBE_cass.cl;CPU;OK;HARD;1;OK - load average per CPU: 0.02, 0.01, 0.00
[1683518400] CURRENT SERVICE STATE: SRV11VIBE_cass.cl;Memoria;OK;HARD;1;[MEMORY] Total: 7693 MB - Used: 2515 MB - 32% [SWAP] Total: 7944 MB - Used: 0 MB - 0%
[1683518400] CURRENT SERVICE STATE: SRV11VIBE_cass.cl;Ping;OK;HARD;1;PING OK - Packet loss = 0%, RTA = 1.05 ms
[1683518400] CURRENT SERVICE STATE: SRV11VIBE_cass.cl;Proceso Vibe;OK;HARD;1;PROCS OK: 0 processes with command name 'vibe'
[1683518400] CURRENT SERVICE STATE: SRV11VIBE_cass.cl;Procesos;OK;HARD;1;PROCS OK: 311 processes
[1683518400] CURRENT SERVICE STATE: SRV11VIBE_cass.cl;Procesos Zombies;OK;HARD;1;PROCS OK: 0 processes with STATE = Z
[1683518400] CURRENT SERVICE STATE: SRV11VIBE_cass.cl;Puerto HTTP;OK;HARD;1;TCP OK - 0.001 second response time on 10.0.2.13 port 80
[1683518400] CURRENT SERVICE STATE: SRV11VIBE_cass.cl;Puerto HTTPS;OK;HARD;1;TCP OK - 0.001 second response time on 10.0.2.13 port 443
[1683518400] CURRENT SERVICE STATE: SRV11VIBE_cass.cl;Servicio Vibe;OK;HARD;1;OK: Service vibe is running!
[1683518400] CURRENT SERVICE STATE: SRV11VIBE_cass.cl;Tiempo Activo;OK;HARD;1;Uptime OK: 16 day(s) 14 hour(s) 16 minute(s)
[1683518400] CURRENT SERVICE STATE: SRV11VIBE_cass.cl;Usuarios Login;OK;HARD;1;USERS OK - 2 users currently logged in
[1683518400] CURRENT SERVICE STATE: SRV12WEB_cass.cl;Ping;OK;HARD;1;PING OK - Packet loss = 0%, RTA = 0.78 ms
[1683518400] CURRENT SERVICE STATE: SRVAD1.cass.pmc;Ping;OK;HARD;1;PING OK - Packet loss = 0%, RTA = 1.49 ms
[1683518400] CURRENT SERVICE STATE: SRVAD2.cass.pmc;Ping;OK;HARD;1;PING OK - Packet loss = 0%, RTA = 1.93 ms
[1683518400] CURRENT SERVICE STATE: SRVADMIN.cass.pmc;Actualizacion;OK;HARD;1;OK - no pending updates.
[1683518400] CURRENT SERVICE STATE: SRVADMIN.cass.pmc;Almacenamiento;OK;HARD;1;c:\ - total: 299.66 Gb - used: 155.93 Gb (52%) - free 143.73 Gb (48%)
[1683518400] CURRENT SERVICE STATE: SRVADMIN.cass.pmc;CPU;OK;HARD;1;CPU Load 13% (5 min average)
[1683518400] CURRENT SERVICE STATE: SRVADMIN.cass.pmc;Memoria;OK;HARD;1;Memory usage: total:16123.56 MB - used: 13550.26 MB (84%) - free: 2573.30 MB (16%)
[1683518400] CURRENT SERVICE STATE: SRVADMIN.cass.pmc;Ping;OK;HARD;1;PING OK - Packet loss = 0%, RTA = 1.72 ms
[1683518400] CURRENT SERVICE STATE: SRVADMIN.cass.pmc;Tiempo Activo;OK;HARD;1;System Uptime - 12 day(s) 1 hour(s) 48 minute(s)
[1683518400] CURRENT SERVICE STATE: SRVCONT.cass.cl;Actualizacion;CRITICAL;HARD;3;Updates: 1 critical, 0 optional
[1683518400] CURRENT SERVICE STATE: SRVCONT.cass.cl;Almacenamiento;OK;HARD;1;c:\ - total: 299.33 Gb - used: 40.35 Gb (13%) - free 258.98 Gb (87%)
[1683518400] CURRENT SERVICE STATE: SRVCONT.cass.cl;CPU;OK;HARD;1;CPU Load 20% (5 min average)
[1683518400] CURRENT SERVICE STATE: SRVCONT.cass.cl;Memoria;OK;HARD;1;Memory usage: total:14374.11 MB - used: 6346.45 MB (44%) - free: 8027.66 MB (56%)
[1683518400] CURRENT SERVICE STATE: SRVCONT.cass.cl;Ping;OK;HARD;1;PING OK - Packet loss = 0%, RTA = 3.65 ms
[1683518400] CURRENT SERVICE STATE: SRVCONT.cass.cl;Tiempo Activo;OK;HARD;1;System Uptime - 17 day(s) 0 hour(s) 17 minute(s)
[1683518400] CURRENT SERVICE STATE: SRVDC1.cass.pmc;Ping;OK;HARD;1;PING OK - Packet loss = 0%, RTA = 2.86 ms
[1683518400] CURRENT SERVICE STATE: SRVDNS;Ping;OK;HARD;1;PING OK - Packet loss = 0%, RTA = 0.66 ms
[1683518400] CURRENT SERVICE STATE: SRVMFSD;Ping;OK;HARD;1;PING OK - Packet loss = 0%, RTA = 1.32 ms
[1683518400] CURRENT SERVICE STATE: SRV_Cfiler.cass.cl;Actualizacion;OK;HARD;1;Updates OK : no updates available
[1683518400] CURRENT SERVICE STATE: SRV_Cfiler.cass.cl;Almacenamiento /;OK;HARD;1;DISK OK - free space: / 2489601 MB (74% inode=-):
[1683518400] CURRENT SERVICE STATE: SRV_Cfiler.cass.cl;CPU;OK;HARD;1;OK - load average: 0.19, 0.15, 0.11
[1683518400] CURRENT SERVICE STATE: SRV_Cfiler.cass.cl;Http;OK;HARD;1;TCP OK - 0.000 second response time on port 80
[1683518400] CURRENT SERVICE STATE: SRV_Cfiler.cass.cl;Https;OK;HARD;1;TCP OK - 0.000 second response time on port 443
[1683518400] CURRENT SERVICE STATE: SRV_Cfiler.cass.cl;Memoria;OK;HARD;1;[MEMORY] Total: 3893 MB - Used: 1096 MB - 28% [SWAP] Total: 2047 MB - Used: 157 MB - 7%
[1683518400] CURRENT SERVICE STATE: SRV_Cfiler.cass.cl;Procesos;OK;HARD;1;PROCS OK: 301 processes
[1683518400] CURRENT SERVICE STATE: SRV_Cfiler.cass.cl;Procesos Zombies;OK;HARD;1;PROCS OK: 0 processes with STATE = Z
[1683518400] CURRENT SERVICE STATE: SRV_Cfiler.cass.cl;Procs Apache;OK;HARD;1;PROCS OK: 11 processes with args 'apache2'
[1683518400] CURRENT SERVICE STATE: SRV_Cfiler.cass.cl;Serv Apache;OK;HARD;1;OK: Service apache is running!
[1683518400] CURRENT SERVICE STATE: SRV_Cfiler.cass.cl;Servicio General;OK;HARD;1;PING OK - Packet loss = 0%, RTA = 0.76 ms
[1683518400] CURRENT SERVICE STATE: SRV_Cfiler.cass.cl;Tiempo Activo;OK;HARD;1;Uptime OK: 19 day(s) 2 hour(s) 8 minute(s)
[1683518400] CURRENT SERVICE STATE: SRV_Cfiler.cass.cl;Usuarios Login;OK;HARD;1;USERS OK - 1 users currently logged in
[1683518400] CURRENT SERVICE STATE: SRV_Oraculo_cass.cl;Ping;OK;HARD;1;PING OK - Packet loss = 0%, RTA = 0.92 ms
[1683518400] CURRENT SERVICE STATE: SRV_SOS2021.cass.cl;Actualizacion;OK;HARD;1;Updates OK : no updates available
[1683518400] CURRENT SERVICE STATE: SRV_SOS2021.cass.cl;Almacenamiento /;OK;HARD;1;DISK OK - free space: /var/tmp 118479 MiB (91.26% inode=-):
[1683518400] CURRENT SERVICE STATE: SRV_SOS2021.cass.cl;CPU;OK;HARD;1;OK - load average per CPU: 0.02, 0.01, 0.01
[1683518400] CURRENT SERVICE STATE: SRV_SOS2021.cass.cl;Memoria;OK;HARD;1;[MEMORY] Total: 7946 MB - Used: 1073 MB - 13% [SWAP] Total: 10239 MB - Used: 0 MB - 0%
[1683518400] CURRENT SERVICE STATE: SRV_SOS2021.cass.cl;Ping;OK;HARD;1;PING OK - Packet loss = 0%, RTA = 0.84 ms
[1683518400] CURRENT SERVICE STATE: SRV_SOS2021.cass.cl;Procesos;OK;HARD;1;PROCS OK: 307 processes
[1683518400] CURRENT SERVICE STATE: SRV_SOS2021.cass.cl;Procesos Zombies;OK;HARD;1;PROCS OK: 0 processes with STATE = Z
[1683518400] CURRENT SERVICE STATE: SRV_SOS2021.cass.cl;Tiempo Activo;OK;HARD;1;Uptime OK: 46 day(s) 11 hour(s) 39 minute(s)
[1683518400] CURRENT SERVICE STATE: SRV_SOS2021.cass.cl;Usuarios Login;OK;HARD;1;USERS OK - 0 users currently logged in
[1683518400] CURRENT SERVICE STATE: SRV_SUM;Ping;OK;HARD;1;PING OK - Packet loss = 0%, RTA = 2.11 ms
[1683518400] CURRENT SERVICE STATE: SRV_chat.cass.cl;Actualizacion;OK;HARD;1;Updates OK : no updates available
[1683518400] CURRENT SERVICE STATE: SRV_chat.cass.cl;Almacenamiento /;OK;HARD;1;DISK OK - free space: /var/tmp 989660 MiB (94.70% inode=-):
[1683518400] CURRENT SERVICE STATE: SRV_chat.cass.cl;CPU;OK;HARD;1;OK - load average per CPU: 0.06, 0.04, 0.04
[1683518400] CURRENT SERVICE STATE: SRV_chat.cass.cl;Memoria;OK;HARD;1;[MEMORY] Total: 7919 MB - Used: 2584 MB - 32% [SWAP] Total: 2048 MB - Used: 379 MB - 18%
[1683518400] CURRENT SERVICE STATE: SRV_chat.cass.cl;Ping;OK;HARD;1;PING OK - Packet loss = 0%, RTA = 0.57 ms
[1683518400] CURRENT SERVICE STATE: SRV_chat.cass.cl;Proceso Docker;OK;HARD;1;PROCS OK: 0 processes with command name 'docker'
[1683518400] CURRENT SERVICE STATE: SRV_chat.cass.cl;Proceso Nginx;OK;HARD;1;PROCS OK: 3 processes with command name 'nginx'
[1683518400] CURRENT SERVICE STATE: SRV_chat.cass.cl;Procesos;OK;HARD;1;PROCS OK: 292 processes
[1683518400] CURRENT SERVICE STATE: SRV_chat.cass.cl;Procesos Zombies;OK;HARD;1;PROCS OK: 0 processes with STATE = Z
[1683518400] CURRENT SERVICE STATE: SRV_chat.cass.cl;Puerto Contenedor;OK;HARD;1;TCP OK - 0.000 second response time on port 8000
[1683518400] CURRENT SERVICE STATE: SRV_chat.cass.cl;Puerto HTTP;OK;HARD;1;TCP OK - 0.000 second response time on port 80
[1683518400] CURRENT SERVICE STATE: SRV_chat.cass.cl;Puerto HTTPS;OK;HARD;1;TCP OK - 0.000 second response time on port 443
[1683518400] CURRENT SERVICE STATE: SRV_chat.cass.cl;Puerto Portainer;OK;HARD;1;TCP OK - 0.001 second response time on port 9443
[1683518400] CURRENT SERVICE STATE: SRV_chat.cass.cl;Servicio Docker;OK;HARD;1;OK: Service docker is running!
[1683518400] CURRENT SERVICE STATE: SRV_chat.cass.cl;Servicio Nginx;OK;HARD;1;OK: Service nginx is running!
[1683518400] CURRENT SERVICE STATE: SRV_chat.cass.cl;Usuarios Login;OK;HARD;1;USERS OK - 2 users currently logged in
[1683518400] CURRENT SERVICE STATE: SRV_email.cass.cl;Actualizacion;OK;HARD;1;Updates OK : no updates available
[1683518400] CURRENT SERVICE STATE: SRV_email.cass.cl;Almacenamiento /;OK;HARD;1;DISK OK - free space: /var/tmp 478595 MiB (94.42% inode=-):
[1683518400] CURRENT SERVICE STATE: SRV_email.cass.cl;Almacenamiento Mail;OK;HARD;1;DISK OK - free space: /mail 1818996 MiB (92.88% inode=99%):
[1683518400] CURRENT SERVICE STATE: SRV_email.cass.cl;Almacenamiento Mail2;OK;HARD;1;DISK OK - free space: /mail2 476695 MiB (99.88% inode=100%):
[1683518400] CURRENT SERVICE STATE: SRV_email.cass.cl;CPU;OK;HARD;1;OK - load average per CPU: 0.02, 0.02, 0.02
[1683518400] CURRENT SERVICE STATE: SRV_email.cass.cl;Correo Pop;OK;HARD;1;POP OK - 0.001 second response time on 10.0.2.25 port 110 [+OK GroupWise POP3 server ready]
[1683518400] CURRENT SERVICE STATE: SRV_email.cass.cl;Correo Smtp;OK;HARD;1;SMTP OK - 0.041 sec. response time
[1683518400] CURRENT SERVICE STATE: SRV_email.cass.cl;Memoria;OK;HARD;1;[MEMORY] Total: 11939 MB - Used: 2335 MB - 19% [SWAP] Total: 2048 MB - Used: 24 MB - 1%
[1683518400] CURRENT SERVICE STATE: SRV_email.cass.cl;Ping;OK;HARD;1;PING OK - Packet loss = 0%, RTA = 0.64 ms
[1683518400] CURRENT SERVICE STATE: SRV_email.cass.cl;Procesos;OK;HARD;1;PROCS OK: 288 processes
[1683518400] CURRENT SERVICE STATE: SRV_email.cass.cl;Procesos Zombies;OK;HARD;1;PROCS OK: 0 processes with STATE = Z
[1683518400] CURRENT SERVICE STATE: SRV_email.cass.cl;Tiempo Activo;OK;HARD;1;Uptime OK: 31 day(s) 10 hour(s) 51 minute(s)
[1683518400] CURRENT SERVICE STATE: SRV_email.cass.cl;Usuarios Login;OK;HARD;1;USERS OK - 0 users currently logged in
[1683518400] CURRENT SERVICE STATE: SRV_nagios;Actualizacion;OK;HARD;1;YUM OK: 0 Updates Available
[1683518400] CURRENT SERVICE STATE: SRV_nagios;CPU;OK;HARD;1;OK - load average: 0.05, 0.06, 0.08
[1683518400] CURRENT SERVICE STATE: SRV_nagios;Memoria;OK;HARD;1;[MEMORY] Total: 7740 MB - Used: 590 MB - 7% [SWAP] Total: 7935 MB - Used: 0 MB - 0%
[1683518400] CURRENT SERVICE STATE: SRV_nagios;PING;OK;HARD;1;PING OK - Packet loss = 0%, RTA = 0.09 ms
[1683518400] CURRENT SERVICE STATE: SRV_nagios;Procesos;OK;HARD;1;PROCS OK: 79 processes with STATE = RSZDT
[1683518400] CURRENT SERVICE STATE: SRV_nagios;Usarios Login;OK;HARD;1;USERS OK - 0 users currently logged in
[1683518400] CURRENT SERVICE STATE: SRV_sync.cass.cl;Ping;OK;HARD;1;PING OK - Packet loss = 0%, RTA = 0.69 ms
[1683518400] CURRENT SERVICE STATE: Servidor Vcenter;Ping;OK;HARD;1;PING OK - Packet loss = 0%, RTA = 0.77 ms
[1683518400] CURRENT SERVICE STATE: Servidores CASS;Ancho de Banda GE/1/0/3;OK;HARD;1;OK - Average IN: 40.25MB (32.20%), Average OUT: 41.40MB (33.12%)Total RX: 12120.55GBytes, Total TX: 37942.94GBytes
[1683518400] CURRENT SERVICE STATE: Servidores CASS;Estado Puerto 3;OK;HARD;1;OK: Interface GigabitEthernet1/0/3 (index 3) is up.
[1683518400] CURRENT SERVICE STATE: Servidores CASS;Estado Puerto 80;OK;HARD;1;TCP OK - 0.002 second response time on 10.0.0.17 port 80
[1683518400] CURRENT SERVICE STATE: Servidores CASS;Ping;OK;HARD;1;PING OK - Packet loss = 0%, RTA = 1.20 ms
[1683518400] CURRENT SERVICE STATE: Servidores CASS;Tiempo Activo;OK;HARD;1;SNMP OK - Timeticks: (401721818) 46 days, 11:53:38.18
[1683518400] CURRENT SERVICE STATE: Ups Principal;Carga;OK;HARD;1;OK: Estimated battery charge 98%, approximately 0 minutes runtime remaining.
[1683518400] CURRENT SERVICE STATE: Ups Principal;Estado;OK;HARD;1;OK: Battery Status Normal.
[1683518400] CURRENT SERVICE STATE: Ups Principal;Ping;OK;HARD;1;PING OK - Packet loss = 0%, RTA = 0.79 ms
[1683518400] CURRENT SERVICE STATE: Ups Principal;Temperatura;OK;HARD;1;OK: Battery Temperature is 23 degrees C (73.4 degrees F).
[1683518400] CURRENT SERVICE STATE: Ups Principal;Tiempo Activo;OK;HARD;1;SNMP OK - Timeticks: (38691436) 4 days, 11:28:34.36
[1683518400] CURRENT SERVICE STATE: Veeam2023.cass.pmc;Actualizacion;OK;HARD;1;OK - no pending updates.
[1683518400] CURRENT SERVICE STATE: Veeam2023.cass.pmc;Almacenamiento;OK;HARD;1;c:\ - total: 99.33 Gb - used: 81.41 Gb (82%) - free 17.92 Gb (18%)
[1683518400] CURRENT SERVICE STATE: Veeam2023.cass.pmc;CPU;OK;HARD;1;CPU Load 26% (5 min average)
[1683518400] CURRENT SERVICE STATE: Veeam2023.cass.pmc;Memoria;OK;HARD;1;Memory usage: total:18815.17 MB - used: 7078.38 MB (38%) - free: 11736.79 MB (62%)
[1683518400] CURRENT SERVICE STATE: Veeam2023.cass.pmc;Ping;OK;HARD;1;PING OK - Packet loss = 0%, RTA = 1.37 ms
[1683518400] CURRENT SERVICE STATE: Veeam2023.cass.pmc;Tiempo Activo;OK;HARD;1;System Uptime - 3 day(s) 12 hour(s) 16 minute(s)
[1683518400] CURRENT SERVICE STATE: web_cass_cl;Certificado;OK;HARD;1;SSL OK - Certificate '*.cass.cl' will expire in 232 days on 2023-12-26 20:59 -0300/-03.
[1683518400] CURRENT SERVICE STATE: web_cass_cl;HTTP;OK;HARD;1;HTTP OK: HTTP/1.1 302 Found - 1075 bytes in 0.178 second response time
[1683521117] Auto-save of retention data completed successfully.
[1683524717] Auto-save of retention data completed successfully.
[1683528317] Auto-save of retention data completed successfully.
[1683531917] Auto-save of retention data completed successfully.
[1683535517] Auto-save of retention data completed successfully.
[1683539117] Auto-save of retention data completed successfully.
[1683542717] Auto-save of retention data completed successfully.
[1683546317] Auto-save of retention data completed successfully.
[1683549917] Auto-save of retention data completed successfully.
[1683550652] SERVICE ALERT: FW Cass Telsur;Estado Puerto WAN;WARNING;SOFT;1;WARNING: SNMP error: No response from remote host "201.220.96.34"
[1683550772] SERVICE ALERT: FW Cass Telsur;Estado Puerto WAN;OK;SOFT;2;OK: Interface eth1 (index 3) is up.
[1683553517] Auto-save of retention data completed successfully.
[1683555314] EXTERNAL COMMAND: ENABLE_SVC_NOTIFICATIONS;SRV_SOS2021.cass.cl;Procesos
[1683555364] EXTERNAL COMMAND: ENABLE_SVC_NOTIFICATIONS;Blueshell;Ping
[1683555380] EXTERNAL COMMAND: ENABLE_HOST_SVC_NOTIFICATIONS;Blueshell
[1683555399] EXTERNAL COMMAND: ENABLE_HOST_NOTIFICATIONS;Blueshell
[1683555424] EXTERNAL COMMAND: ENABLE_HOST_NOTIFICATIONS;FW Blueshell
[1683555433] EXTERNAL COMMAND: ENABLE_HOST_SVC_NOTIFICATIONS;FW Blueshell
[1683555471] EXTERNAL COMMAND: ENABLE_HOST_SVC_NOTIFICATIONS;FW Cass Telsur
[1683555484] EXTERNAL COMMAND: ENABLE_HOST_SVC_CHECKS;FW Cass Telsur
[1683555503] EXTERNAL COMMAND: ENABLE_HOST_SVC_NOTIFICATIONS;Qnap NAS
[1683555523] EXTERNAL COMMAND: ENABLE_HOST_SVC_NOTIFICATIONS;SRV01USER_cass.cl
[1683555566] EXTERNAL COMMAND: ENABLE_HOST_SVC_CHECKS;SRV01USER_cass.cl
[1683555604] EXTERNAL COMMAND: ENABLE_HOST_SVC_NOTIFICATIONS;SRVADMIN.cass.pmc
[1683555610] EXTERNAL COMMAND: ENABLE_HOST_SVC_CHECKS;SRVADMIN.cass.pmc
[1683555745] EXTERNAL COMMAND: ENABLE_SVC_NOTIFICATIONS;SRVCONT.cass.cl;Actualizacion
[1683555771] SERVICE NOTIFICATION: nagiosadmin;SRVCONT.cass.cl;Actualizacion;CRITICAL;notify-service-by-email;Updates: 1 critical, 0 optional
[1683555771] SERVICE NOTIFICATION: andresnavarro;SRVCONT.cass.cl;Actualizacion;CRITICAL;notify-service-by-email;Updates: 1 critical, 0 optional
[1683555771] SERVICE NOTIFICATION: soporteti;SRVCONT.cass.cl;Actualizacion;CRITICAL;notify-service-by-telegram;Updates: 1 critical, 0 optional
[1683555771] SERVICE NOTIFICATION: soporteti;SRVCONT.cass.cl;Actualizacion;CRITICAL;notify-service-by-email;Updates: 1 critical, 0 optional
[1683555771] SERVICE NOTIFICATION: carlosstange;SRVCONT.cass.cl;Actualizacion;CRITICAL;notify-service-by-telegram;Updates: 1 critical, 0 optional
[1683555771] SERVICE NOTIFICATION: carlosstange;SRVCONT.cass.cl;Actualizacion;CRITICAL;notify-service-by-email;Updates: 1 critical, 0 optional
[1683555808] EXTERNAL COMMAND: ENABLE_HOST_SVC_NOTIFICATIONS;SRV_Cfiler.cass.cl
[1683555813] EXTERNAL COMMAND: ENABLE_HOST_SVC_CHECKS;SRV_Cfiler.cass.cl
[1683555836] EXTERNAL COMMAND: DISABLE_SVC_NOTIFICATIONS;SRVCONT.cass.cl;Actualizacion
[1683555873] EXTERNAL COMMAND: ENABLE_HOST_SVC_CHECKS;SRV_chat.cass.cl
[1683555877] EXTERNAL COMMAND: ENABLE_HOST_SVC_NOTIFICATIONS;SRV_chat.cass.cl
[1683555900] EXTERNAL COMMAND: ENABLE_HOST_SVC_NOTIFICATIONS;SRV_chat.cass.cl
[1683555904] EXTERNAL COMMAND: ENABLE_HOST_SVC_CHECKS;SRV_chat.cass.cl
[1683555923] EXTERNAL COMMAND: ENABLE_HOST_SVC_NOTIFICATIONS;SRV_email.cass.cl
[1683555927] EXTERNAL COMMAND: ENABLE_HOST_SVC_CHECKS;SRV_email.cass.cl
[1683555928] SERVICE ALERT: FW Cass Telsur;Ancho de Banda LAN;CRITICAL;SOFT;1;(No output on stdout) stderr:
[1683555944] EXTERNAL COMMAND: ENABLE_HOST_SVC_NOTIFICATIONS;SRV_nagios
[1683555948] EXTERNAL COMMAND: ENABLE_HOST_SVC_CHECKS;SRV_nagios
[1683555958] EXTERNAL COMMAND: SCHEDULE_FORCED_SVC_CHECK;FW Cass Telsur;Ancho de Banda LAN;1683555957
[1683555958] SERVICE ALERT: FW Cass Telsur;Ancho de Banda LAN;OK;SOFT;2;OK - Average IN: 73.03KB (0.06%), Average OUT: 653.80KB (0.52%)Total RX: 621.65GBytes, Total TX: 552.63GBytes
[1683555962] EXTERNAL COMMAND: SCHEDULE_FORCED_SVC_CHECK;FW Cass Telsur;Ancho de Banda LAN;1683555961
[1683555966] EXTERNAL COMMAND: SCHEDULE_FORCED_SVC_CHECK;FW Cass Telsur;Ancho de Banda LAN;1683555965
[1683556061] SERVICE ALERT: SRV_SOS2021.cass.cl;Actualizacion;CRITICAL;SOFT;1;CHECK_NRPE STATE CRITICAL: Socket timeout after 30 seconds.
[1683556062] SERVICE ALERT: SRV_Cfiler.cass.cl;Actualizacion;CRITICAL;SOFT;1;CHECK_NRPE STATE CRITICAL: Socket timeout after 30 seconds.
[1683556064] SERVICE ALERT: SRV_email.cass.cl;Actualizacion;CRITICAL;SOFT;1;CHECK_NRPE STATE CRITICAL: Socket timeout after 30 seconds.
[1683556064] SERVICE ALERT: SRV_chat.cass.cl;Actualizacion;CRITICAL;SOFT;1;CHECK_NRPE STATE CRITICAL: Socket timeout after 30 seconds.
[1683556194] SERVICE ALERT: SRV_SOS2021.cass.cl;Actualizacion;OK;SOFT;2;Updates OK : no updates available
[1683556194] SERVICE ALERT: SRV_Cfiler.cass.cl;Actualizacion;OK;SOFT;2;Updates OK : no updates available
[1683556197] SERVICE ALERT: SRV_email.cass.cl;Actualizacion;OK;SOFT;2;Updates OK : no updates available
[1683556197] SERVICE ALERT: SRV_chat.cass.cl;Actualizacion;OK;SOFT;2;Updates OK : no updates available
[1683556797] EXTERNAL COMMAND: ENABLE_SVC_CHECK;Veeam2023.cass.pmc;Actualizacion
[1683556801] SERVICE ALERT: SRV_Cfiler.cass.cl;Actualizacion;UNKNOWN;SOFT;1;CHECK_NRPE: Receive header underflow - only 0 bytes received (4 expected).
[1683556802] SERVICE ALERT: SRV_SOS2021.cass.cl;Actualizacion;UNKNOWN;SOFT;1;CHECK_NRPE: Receive header underflow - only 0 bytes received (4 expected).
[1683556802] SERVICE ALERT: SRV_email.cass.cl;Actualizacion;UNKNOWN;SOFT;1;CHECK_NRPE: Receive header underflow - only 0 bytes received (4 expected).
[1683556802] SERVICE ALERT: SRV_chat.cass.cl;Actualizacion;UNKNOWN;SOFT;1;CHECK_NRPE: Receive header underflow - only 0 bytes received (4 expected).
[1683556806] EXTERNAL COMMAND: ENABLE_SVC_NOTIFICATIONS;Veeam2023.cass.pmc;Actualizacion
[1683556821] EXTERNAL COMMAND: SCHEDULE_FORCED_SVC_CHECK;SRV_email.cass.cl;Actualizacion;1683556819
[1683556827] SERVICE ALERT: Veeam2023.cass.pmc;Actualizacion;UNKNOWN;SOFT;1;CHECK_NRPE: Receive header underflow - only 0 bytes received (4 expected).
[1683556828] EXTERNAL COMMAND: SCHEDULE_FORCED_SVC_CHECK;SRV_email.cass.cl;Actualizacion;1683556826
[1683556833] SERVICE ALERT: SRV_email.cass.cl;Actualizacion;OK;SOFT;2;Updates OK : no updates available
[1683556860] EXTERNAL COMMAND: SCHEDULE_FORCED_SVC_CHECK;SRV_chat.cass.cl;Actualizacion;1683556858
[1683556866] EXTERNAL COMMAND: SCHEDULE_FORCED_SVC_CHECK;SRV_chat.cass.cl;Actualizacion;1683556865
[1683556872] EXTERNAL COMMAND: SCHEDULE_FORCED_SVC_CHECK;SRV_chat.cass.cl;Actualizacion;1683556870
[1683556872] SERVICE ALERT: SRV_chat.cass.cl;Actualizacion;OK;SOFT;2;Updates OK : no updates available
[1683556878] EXTERNAL COMMAND: SCHEDULE_FORCED_SVC_CHECK;SRV_chat.cass.cl;Actualizacion;1683556877
[1683556890] EXTERNAL COMMAND: SCHEDULE_FORCED_SVC_CHECK;SRV_SOS2021.cass.cl;Actualizacion;1683556889
[1683556896] EXTERNAL COMMAND: SCHEDULE_FORCED_SVC_CHECK;SRV_SOS2021.cass.cl;Actualizacion;1683556895
[1683556901] EXTERNAL COMMAND: SCHEDULE_FORCED_SVC_CHECK;SRV_SOS2021.cass.cl;Actualizacion;1683556899
[1683556902] SERVICE ALERT: SRV_SOS2021.cass.cl;Actualizacion;OK;SOFT;2;Updates OK : no updates available
[1683556908] EXTERNAL COMMAND: SCHEDULE_FORCED_SVC_CHECK;SRV_SOS2021.cass.cl;Actualizacion;1683556904
[1683556921] EXTERNAL COMMAND: SCHEDULE_FORCED_SVC_CHECK;SRV_Cfiler.cass.cl;Actualizacion;1683556919
[1683556926] EXTERNAL COMMAND: SCHEDULE_FORCED_SVC_CHECK;SRV_Cfiler.cass.cl;Actualizacion;1683556924
[1683556930] EXTERNAL COMMAND: SCHEDULE_FORCED_SVC_CHECK;SRV_Cfiler.cass.cl;Actualizacion;1683556929
[1683556933] SERVICE ALERT: SRV_Cfiler.cass.cl;Actualizacion;OK;SOFT;2;Updates OK : no updates available
[1683556937] EXTERNAL COMMAND: SCHEDULE_FORCED_SVC_CHECK;SRV_Cfiler.cass.cl;Actualizacion;1683556935
[1683556948] SERVICE ALERT: Veeam2023.cass.pmc;Actualizacion;CRITICAL;SOFT;2;Updates: 1 critical, 0 optional
[1683556950] EXTERNAL COMMAND: SCHEDULE_FORCED_SVC_CHECK;Veeam2023.cass.pmc;Actualizacion;1683556948
[1683556951] SERVICE NOTIFICATION: nagiosadmin;Veeam2023.cass.pmc;Actualizacion;CRITICAL;notify-service-by-email;Updates: 1 critical, 0 optional
[1683556951] SERVICE NOTIFICATION: andresnavarro;Veeam2023.cass.pmc;Actualizacion;CRITICAL;notify-service-by-email;Updates: 1 critical, 0 optional
[1683556951] SERVICE NOTIFICATION: soporteti;Veeam2023.cass.pmc;Actualizacion;CRITICAL;notify-service-by-telegram;Updates: 1 critical, 0 optional
[1683556951] SERVICE NOTIFICATION: soporteti;Veeam2023.cass.pmc;Actualizacion;CRITICAL;notify-service-by-email;Updates: 1 critical, 0 optional
[1683556951] SERVICE NOTIFICATION: carlosstange;Veeam2023.cass.pmc;Actualizacion;CRITICAL;notify-service-by-telegram;Updates: 1 critical, 0 optional
[1683556951] SERVICE NOTIFICATION: carlosstange;Veeam2023.cass.pmc;Actualizacion;CRITICAL;notify-service-by-email;Updates: 1 critical, 0 optional
[1683556951] SERVICE ALERT: Veeam2023.cass.pmc;Actualizacion;CRITICAL;HARD;3;Updates: 1 critical, 0 optional
[1683556956] EXTERNAL COMMAND: SCHEDULE_FORCED_SVC_CHECK;Veeam2023.cass.pmc;Actualizacion;1683556953
[1683557117] Auto-save of retention data completed successfully.
[1683557161] EXTERNAL COMMAND: SCHEDULE_FORCED_SVC_CHECK;Veeam2023.cass.pmc;Actualizacion;1683557160
[1683557167] EXTERNAL COMMAND: SCHEDULE_FORCED_SVC_CHECK;Veeam2023.cass.pmc;Actualizacion;1683557165
[1683557184] EXTERNAL COMMAND: DISABLE_SVC_NOTIFICATIONS;Veeam2023.cass.pmc;Actualizacion
[1683560518] SERVICE ALERT: SRV_email.cass.cl;Actualizacion;CRITICAL;SOFT;1;CHECK_NRPE STATE CRITICAL: Socket timeout after 30 seconds.
[1683560526] SERVICE ALERT: SRV_SOS2021.cass.cl;Actualizacion;CRITICAL;SOFT;1;CHECK_NRPE STATE CRITICAL: Socket timeout after 30 seconds.
[1683560651] SERVICE ALERT: SRV_email.cass.cl;Actualizacion;OK;SOFT;2;Updates OK : no updates available
[1683560659] SERVICE ALERT: SRV_SOS2021.cass.cl;Actualizacion;OK;SOFT;2;Updates OK : no updates available
[1683560717] Auto-save of retention data completed successfully.
[1683561292] SERVICE ALERT: FW Cass Telsur;Ancho de Banda DMZ;CRITICAL;SOFT;1;(No output on stdout) stderr:
[1683561412] SERVICE ALERT: FW Cass Telsur;Ancho de Banda DMZ;OK;SOFT;2;OK - Average IN: 5.43KB (0.00%), Average OUT: 7.30KB (0.01%)Total RX: 39.01GBytes, Total TX: 20.73GBytes
[1683564317] Auto-save of retention data completed successfully.
[1683564797] SERVICE ALERT: FW Cass Telsur;Ancho de Banda LAN;CRITICAL;SOFT;1;(No output on stdout) stderr:
[1683564880] EXTERNAL COMMAND: SCHEDULE_FORCED_SVC_CHECK;FW Cass Telsur;Ancho de Banda LAN;1683564879
[1683564880] SERVICE ALERT: FW Cass Telsur;Ancho de Banda LAN;OK;SOFT;2;OK - Average IN: 56.52KB (0.05%), Average OUT: 460.03KB (0.37%)Total RX: 622.22GBytes, Total TX: 558.79GBytes
[1683564887] EXTERNAL COMMAND: SCHEDULE_FORCED_SVC_CHECK;FW Cass Telsur;Ancho de Banda LAN;1683564885
[1683566401] SERVICE ALERT: SRV_chat.cass.cl;Puerto Portainer;CRITICAL;SOFT;1;(No output on stdout) stderr: connect to address 10.0.0.92 port 5666: Connection refused
[1683566521] SERVICE ALERT: SRV_chat.cass.cl;Puerto Portainer;OK;SOFT;2;TCP OK - 0.001 second response time on port 9443
[1683566738] SERVICE ALERT: FW Cass Telsur;Ancho de Banda WAN;CRITICAL;SOFT;1;(No output on stdout) stderr:
[1683566818] SERVICE ALERT: FW Cass Telsur;Ancho de Banda LAN;CRITICAL;SOFT;1;(No output on stdout) stderr:
[1683566858] SERVICE ALERT: FW Cass Telsur;Ancho de Banda WAN;OK;SOFT;2;OK - Average IN: 11.28MB (9.02%), Average OUT: 190.78KB (0.15%)Total RX: 13022.20GBytes, Total TX: 7647.72GBytes
[1683566938] SERVICE ALERT: FW Cass Telsur;Ancho de Banda LAN;OK;SOFT;2;OK - Average IN: 50.00KB (0.04%), Average OUT: 393.17KB (0.31%)Total RX: 622.32GBytes, Total TX: 559.67GBytes
[1683567917] Auto-save of retention data completed successfully.
[1683570549] SERVICE ALERT: FW Cass Telsur;Estado Puerto DMZ;WARNING;SOFT;1;WARNING: SNMP error: No response from remote host "201.220.96.34"
[1683570670] SERVICE ALERT: FW Cass Telsur;Estado Puerto DMZ;OK;SOFT;2;OK: Interface eth2 (index 4) is up.
[1683571296] SERVICE ALERT: SRV_Cfiler.cass.cl;Actualizacion;CRITICAL;SOFT;1;CHECK_NRPE STATE CRITICAL: Socket timeout after 30 seconds.
[1683571301] SERVICE ALERT: SRV_email.cass.cl;Actualizacion;CRITICAL;SOFT;1;CHECK_NRPE STATE CRITICAL: Socket timeout after 30 seconds.
[1683571302] SERVICE ALERT: SRV_chat.cass.cl;Actualizacion;CRITICAL;SOFT;1;CHECK_NRPE STATE CRITICAL: Socket timeout after 30 seconds.
[1683571309] SERVICE ALERT: SRV_SOS2021.cass.cl;Actualizacion;CRITICAL;SOFT;1;CHECK_NRPE STATE CRITICAL: Socket timeout after 30 seconds.
[1683571429] SERVICE ALERT: SRV_Cfiler.cass.cl;Actualizacion;OK;SOFT;2;Updates OK : no updates available
[1683571434] SERVICE ALERT: SRV_email.cass.cl;Actualizacion;OK;SOFT;2;Updates OK : no updates available
[1683571435] SERVICE ALERT: SRV_chat.cass.cl;Actualizacion;OK;SOFT;2;Updates OK : no updates available
[1683571441] SERVICE ALERT: SRV_SOS2021.cass.cl;Actualizacion;OK;SOFT;2;Updates OK : no updates available
[1683571517] Auto-save of retention data completed successfully.
[1683571802] SERVICE ALERT: SRV_email.cass.cl;Actualizacion;UNKNOWN;SOFT;1;CHECK_NRPE: Receive header underflow - only 0 bytes received (4 expected).
[1683571802] SERVICE ALERT: SRV_Cfiler.cass.cl;Actualizacion;UNKNOWN;SOFT;1;CHECK_NRPE: Receive header underflow - only 0 bytes received (4 expected).
[1683571802] SERVICE ALERT: SRV_chat.cass.cl;Actualizacion;UNKNOWN;SOFT;1;CHECK_NRPE: Receive header underflow - only 0 bytes received (4 expected).
[1683571934] SERVICE ALERT: SRV_chat.cass.cl;Actualizacion;OK;SOFT;2;Updates OK : no updates available
[1683571935] SERVICE ALERT: SRV_email.cass.cl;Actualizacion;OK;SOFT;2;Updates OK : no updates available
[1683571935] SERVICE ALERT: SRV_Cfiler.cass.cl;Actualizacion;OK;SOFT;2;Updates OK : no updates available
[1683573002] SERVICE ALERT: SRV_SOS2021.cass.cl;Actualizacion;UNKNOWN;SOFT;1;CHECK_NRPE: Receive header underflow - only 0 bytes received (4 expected).
[1683573134] SERVICE ALERT: SRV_SOS2021.cass.cl;Actualizacion;OK;SOFT;2;Updates OK : no updates available
[1683575117] Auto-save of retention data completed successfully.
[1683578717] Auto-save of retention data completed successfully.
[1683582317] Auto-save of retention data completed successfully.
[1683585068] SERVICE ALERT: FW Cass Telsur;Ancho de Banda LAN;CRITICAL;SOFT;1;(No output on stdout) stderr:
[1683585140] SERVICE ALERT: FW Cass Telsur;Estado Puerto DMZ;WARNING;SOFT;1;WARNING: SNMP error: No response from remote host "201.220.96.34"
[1683585188] SERVICE ALERT: FW Cass Telsur;Ancho de Banda LAN;OK;SOFT;2;OK - Average IN: 52.67KB (0.04%), Average OUT: 339.04KB (0.27%)Total RX: 623.53GBytes, Total TX: 565.33GBytes
[1683585260] SERVICE ALERT: FW Cass Telsur;Estado Puerto DMZ;OK;SOFT;2;OK: Interface eth2 (index 4) is up.
[1683585917] Auto-save of retention data completed successfully.
[1683589517] Auto-save of retention data completed successfully.
[1683592904] SERVICE ALERT: SRV_chat.cass.cl;Actualizacion;CRITICAL;SOFT;1;CHECK_NRPE STATE CRITICAL: Socket timeout after 30 seconds.
[1683592904] SERVICE ALERT: SRV_SOS2021.cass.cl;Actualizacion;CRITICAL;SOFT;1;CHECK_NRPE STATE CRITICAL: Socket timeout after 30 seconds.
[1683592905] SERVICE ALERT: SRV_email.cass.cl;Actualizacion;CRITICAL;SOFT;1;CHECK_NRPE STATE CRITICAL: Socket timeout after 30 seconds.
[1683592905] SERVICE ALERT: SRV_Cfiler.cass.cl;Actualizacion;CRITICAL;SOFT;1;CHECK_NRPE STATE CRITICAL: Socket timeout after 30 seconds.
[1683593036] SERVICE ALERT: SRV_SOS2021.cass.cl;Actualizacion;OK;SOFT;2;Updates OK : no updates available
[1683593037] SERVICE ALERT: SRV_chat.cass.cl;Actualizacion;OK;SOFT;2;Updates OK : no updates available
[1683593038] SERVICE ALERT: SRV_Cfiler.cass.cl;Actualizacion;OK;SOFT;2;Updates OK : no updates available
[1683593039] SERVICE ALERT: SRV_email.cass.cl;Actualizacion;OK;SOFT;2;Updates OK : no updates available
[1683593117] Auto-save of retention data completed successfully.
[1683593401] SERVICE ALERT: SRV_SOS2021.cass.cl;Actualizacion;UNKNOWN;SOFT;1;CHECK_NRPE: Receive header underflow - only 0 bytes received (4 expected).
[1683593401] SERVICE ALERT: SRV_Cfiler.cass.cl;Actualizacion;UNKNOWN;SOFT;1;CHECK_NRPE: Receive header underflow - only 0 bytes received (4 expected).
[1683593402] SERVICE ALERT: SRV_chat.cass.cl;Actualizacion;UNKNOWN;SOFT;1;CHECK_NRPE: Receive header underflow - only 0 bytes received (4 expected).
[1683593402] SERVICE ALERT: SRV_email.cass.cl;Actualizacion;UNKNOWN;SOFT;1;CHECK_NRPE: Receive header underflow - only 0 bytes received (4 expected).
[1683593533] SERVICE ALERT: SRV_SOS2021.cass.cl;Actualizacion;OK;SOFT;2;Updates OK : no updates available
[1683593534] SERVICE ALERT: SRV_chat.cass.cl;Actualizacion;OK;SOFT;2;Updates OK : no updates available
[1683593535] SERVICE ALERT: SRV_Cfiler.cass.cl;Actualizacion;OK;SOFT;2;Updates OK : no updates available
[1683593535] SERVICE ALERT: SRV_email.cass.cl;Actualizacion;OK;SOFT;2;Updates OK : no updates available
[1683594001] SERVICE ALERT: SRV_chat.cass.cl;Puerto Portainer;UNKNOWN;SOFT;1;CHECK_NRPE: Receive header underflow - only 0 bytes received (4 expected).
[1683594121] SERVICE ALERT: SRV_chat.cass.cl;Puerto Portainer;OK;SOFT;2;TCP OK - 0.001 second response time on port 9443
[1683595201] SERVICE ALERT: SRV_chat.cass.cl;Puerto Portainer;CRITICAL;SOFT;1;(No output on stdout) stderr: connect to address 10.0.0.92 port 5666: Connection refused
[1683595321] SERVICE ALERT: SRV_chat.cass.cl;Puerto Portainer;OK;SOFT;2;TCP OK - 0.000 second response time on port 9443
[1683596717] Auto-save of retention data completed successfully.
[1683598022] SERVICE ALERT: Veeam2023.cass.pmc;CPU;WARNING;SOFT;1;CPU Load 97% (5 min average)
[1683598142] SERVICE ALERT: Veeam2023.cass.pmc;CPU;WARNING;SOFT;2;CPU Load 99% (5 min average)
[1683598262] SERVICE NOTIFICATION: nagiosadmin;Veeam2023.cass.pmc;CPU;WARNING;notify-service-by-email;CPU Load 99% (5 min average)
[1683598262] SERVICE NOTIFICATION: andresnavarro;Veeam2023.cass.pmc;CPU;WARNING;notify-service-by-email;CPU Load 99% (5 min average)
[1683598262] SERVICE NOTIFICATION: soporteti;Veeam2023.cass.pmc;CPU;WARNING;notify-service-by-telegram;CPU Load 99% (5 min average)
[1683598262] SERVICE NOTIFICATION: soporteti;Veeam2023.cass.pmc;CPU;WARNING;notify-service-by-email;CPU Load 99% (5 min average)
[1683598262] SERVICE NOTIFICATION: carlosstange;Veeam2023.cass.pmc;CPU;WARNING;notify-service-by-telegram;CPU Load 99% (5 min average)
[1683598262] SERVICE NOTIFICATION: carlosstange;Veeam2023.cass.pmc;CPU;WARNING;notify-service-by-email;CPU Load 99% (5 min average)
[1683598262] SERVICE ALERT: Veeam2023.cass.pmc;CPU;WARNING;HARD;3;CPU Load 99% (5 min average)
[1683598742] SERVICE NOTIFICATION: nagiosadmin;Veeam2023.cass.pmc;CPU;OK;notify-service-by-email;CPU Load 79% (5 min average)
[1683598742] SERVICE NOTIFICATION: andresnavarro;Veeam2023.cass.pmc;CPU;OK;notify-service-by-email;CPU Load 79% (5 min average)
[1683598742] SERVICE NOTIFICATION: soporteti;Veeam2023.cass.pmc;CPU;OK;notify-service-by-telegram;CPU Load 79% (5 min average)
[1683598742] SERVICE NOTIFICATION: soporteti;Veeam2023.cass.pmc;CPU;OK;notify-service-by-email;CPU Load 79% (5 min average)
[1683598742] SERVICE NOTIFICATION: carlosstange;Veeam2023.cass.pmc;CPU;OK;notify-service-by-telegram;CPU Load 79% (5 min average)
[1683598742] SERVICE NOTIFICATION: carlosstange;Veeam2023.cass.pmc;CPU;OK;notify-service-by-email;CPU Load 79% (5 min average)
[1683598742] SERVICE ALERT: Veeam2023.cass.pmc;CPU;OK;HARD;1;CPU Load 79% (5 min average)
[1683599083] SERVICE ALERT: SRV_SOS2021.cass.cl;Actualizacion;CRITICAL;SOFT;1;CHECK_NRPE STATE CRITICAL: Socket timeout after 30 seconds.
[1683599084] SERVICE ALERT: SRV_chat.cass.cl;Actualizacion;CRITICAL;SOFT;1;CHECK_NRPE STATE CRITICAL: Socket timeout after 30 seconds.
[1683599085] SERVICE ALERT: SRV_email.cass.cl;Actualizacion;CRITICAL;SOFT;1;CHECK_NRPE STATE CRITICAL: Socket timeout after 30 seconds.
[1683599085] SERVICE ALERT: SRV_Cfiler.cass.cl;Actualizacion;CRITICAL;SOFT;1;CHECK_NRPE STATE CRITICAL: Socket timeout after 30 seconds.
[1683599217] SERVICE ALERT: SRV_SOS2021.cass.cl;Actualizacion;OK;SOFT;2;Updates OK : no updates available
[1683599218] SERVICE ALERT: SRV_chat.cass.cl;Actualizacion;OK;SOFT;2;Updates OK : no updates available
[1683599218] SERVICE ALERT: SRV_Cfiler.cass.cl;Actualizacion;OK;SOFT;2;Updates OK : no updates available
[1683599220] SERVICE ALERT: SRV_email.cass.cl;Actualizacion;OK;SOFT;2;Updates OK : no updates available
[1683599401] SERVICE ALERT: SRV_SOS2021.cass.cl;Actualizacion;UNKNOWN;SOFT;1;CHECK_NRPE: Receive header underflow - only 0 bytes received (4 expected).
[1683599401] SERVICE ALERT: SRV_Cfiler.cass.cl;Actualizacion;UNKNOWN;SOFT;1;CHECK_NRPE: Receive header underflow - only 0 bytes received (4 expected).
[1683599402] SERVICE ALERT: SRV_chat.cass.cl;Actualizacion;UNKNOWN;SOFT;1;CHECK_NRPE: Receive header underflow - only 0 bytes received (4 expected).
[1683599402] SERVICE ALERT: SRV_email.cass.cl;Actualizacion;UNKNOWN;SOFT;1;CHECK_NRPE: Receive header underflow - only 0 bytes received (4 expected).
[1683599533] SERVICE ALERT: SRV_SOS2021.cass.cl;Actualizacion;OK;SOFT;2;Updates OK : no updates available
[1683599534] SERVICE ALERT: SRV_chat.cass.cl;Actualizacion;OK;SOFT;2;Updates OK : no updates available
[1683599535] SERVICE ALERT: SRV_Cfiler.cass.cl;Actualizacion;OK;SOFT;2;Updates OK : no updates available
[1683599535] SERVICE ALERT: SRV_email.cass.cl;Actualizacion;OK;SOFT;2;Updates OK : no updates available
[1683600317] Auto-save of retention data completed successfully.
[1683603001] SERVICE ALERT: SRV_chat.cass.cl;Puerto Portainer;UNKNOWN;SOFT;1;CHECK_NRPE: Receive header underflow - only 0 bytes received (4 expected).
[1683603121] SERVICE ALERT: SRV_chat.cass.cl;Puerto Portainer;OK;SOFT;2;TCP OK - 0.000 second response time on port 9443
[1683603917] Auto-save of retention data completed successfully.
[1683604201] SERVICE ALERT: SRV_chat.cass.cl;Puerto Portainer;CRITICAL;SOFT;1;(No output on stdout) stderr: connect to address 10.0.0.92 port 5666: Connection refused
[1683604321] SERVICE ALERT: SRV_chat.cass.cl;Puerto Portainer;OK;SOFT;2;TCP OK - 0.000 second response time on port 9443
