[1684036800] LOG ROTATION: DAILY
[1684036800] LOG VERSION: 2.0
[1684036800] CURRENT HOST STATE: ADL Diagnostic;UP;HARD;1;PING OK - Packet loss = 0%, RTA = 36.59 ms
[1684036800] CURRENT HOST STATE: Blueshell;UP;HARD;1;PING OK - Packet loss = 0%, RTA = 3.19 ms
[1684036800] CURRENT HOST STATE: Cass Entel;UP;HARD;1;PING OK - Packet loss = 0%, RTA = 0.67 ms
[1684036800] CURRENT HOST STATE: Cass Telsur;UP;HARD;1;PING OK - Packet loss = 0%, RTA = 1.25 ms
[1684036800] CURRENT HOST STATE: Clinica PV Movistar;UP;HARD;1;PING OK - Packet loss = 0%, RTA = 33.30 ms
[1684036800] CURRENT HOST STATE: Clinica PV Telsur;UP;HARD;1;PING OK - Packet loss = 0%, RTA = 1.13 ms
[1684036800] CURRENT HOST STATE: Confe;UP;HARD;1;PING OK - Packet loss = 0%, RTA = 36.35 ms
[1684036800] CURRENT HOST STATE: Electric Works;UP;HARD;1;PING OK - Packet loss = 0%, RTA = 32.07 ms
[1684036800] CURRENT HOST STATE: Ext Entel;UP;HARD;1;PING OK - Packet loss = 0%, RTA = 0.66 ms
[1684036800] CURRENT HOST STATE: Ext Telsur;UP;HARD;1;PING OK - Packet loss = 0%, RTA = 1.31 ms
[1684036800] CURRENT HOST STATE: FW ADL Diagnostic;UP;HARD;1;PING OK - Packet loss = 0%, RTA = 35.07 ms
[1684036800] CURRENT HOST STATE: FW Blueshell;UP;HARD;1;PING OK - Packet loss = 0%, RTA = 3.34 ms
[1684036800] CURRENT HOST STATE: FW Cass Entel;UP;HARD;1;PING OK - Packet loss = 0%, RTA = 35.29 ms
[1684036800] CURRENT HOST STATE: FW Cass Telsur;UP;HARD;1;PING OK - Packet loss = 0%, RTA = 0.69 ms
[1684036800] CURRENT HOST STATE: FW Clinica PV Movistar;UP;HARD;1;PING OK - Packet loss = 0%, RTA = 32.66 ms
[1684036800] CURRENT HOST STATE: FW Clinica PV Telsur;UP;HARD;1;PING OK - Packet loss = 0%, RTA = 1.41 ms
[1684036800] CURRENT HOST STATE: FW Confe;UP;HARD;1;PING OK - Packet loss = 0%, RTA = 35.99 ms
[1684036800] CURRENT HOST STATE: FW Electric Works;UP;HARD;1;PING OK - Packet loss = 0%, RTA = 35.46 ms
[1684036800] CURRENT HOST STATE: FW Gore Los Lagos;UP;HARD;1;PING OK - Packet loss = 0%, RTA = 1.46 ms
[1684036800] CURRENT HOST STATE: FW Pasmar;UP;HARD;1;PING OK - Packet loss = 0%, RTA = 1.30 ms
[1684036800] CURRENT HOST STATE: Gore Los Lagos;UP;HARD;1;PING OK - Packet loss = 0%, RTA = 1.30 ms
[1684036800] CURRENT HOST STATE: Host-10.0.0.120;UP;HARD;1;PING OK - Packet loss = 0%, RTA = 0.92 ms
[1684036800] CURRENT HOST STATE: Host-10.0.0.121;UP;HARD;1;PING OK - Packet loss = 0%, RTA = 0.44 ms
[1684036800] CURRENT HOST STATE: Internet;UP;HARD;1;PING OK - Packet loss = 0%, RTA = 15.54 ms
[1684036800] CURRENT HOST STATE: Pasmar;UP;HARD;1;PING OK - Packet loss = 0%, RTA = 1.33 ms
[1684036800] CURRENT HOST STATE: Qnap NAS;UP;HARD;1;PING OK - Packet loss = 0%, RTA = 0.33 ms
[1684036800] CURRENT HOST STATE: SRV01USER_cass.cl;UP;HARD;1;PING OK - Packet loss = 0%, RTA = 1.57 ms
[1684036800] CURRENT HOST STATE: SRV04AD01.cass.cl;UP;HARD;1;PING OK - Packet loss = 0%, RTA = 1.55 ms
[1684036800] CURRENT HOST STATE: SRV05AD02_cass.cl;UP;HARD;1;PING OK - Packet loss = 0%, RTA = 1.51 ms
[1684036800] CURRENT HOST STATE: SRV11VIBE_cass.cl;UP;HARD;1;PING OK - Packet loss = 0%, RTA = 1.13 ms
[1684036800] CURRENT HOST STATE: SRV12WEB_cass.cl;UP;HARD;1;PING OK - Packet loss = 0%, RTA = 1.14 ms
[1684036800] CURRENT HOST STATE: SRVAD1.cass.pmc;UP;HARD;1;PING OK - Packet loss = 0%, RTA = 1.57 ms
[1684036800] CURRENT HOST STATE: SRVAD2.cass.pmc;UP;HARD;1;PING OK - Packet loss = 0%, RTA = 1.48 ms
[1684036800] CURRENT HOST STATE: SRVADMIN.cass.pmc;UP;HARD;1;PING OK - Packet loss = 0%, RTA = 1.56 ms
[1684036800] CURRENT HOST STATE: SRVCONT.cass.cl;UP;HARD;1;PING OK - Packet loss = 0%, RTA = 2.88 ms
[1684036800] CURRENT HOST STATE: SRVDC1.cass.pmc;UP;HARD;1;PING OK - Packet loss = 0%, RTA = 1.39 ms
[1684036800] CURRENT HOST STATE: SRVDNS;UP;HARD;1;PING OK - Packet loss = 0%, RTA = 0.99 ms
[1684036800] CURRENT HOST STATE: SRVMFSD;UP;HARD;1;PING OK - Packet loss = 0%, RTA = 1.22 ms
[1684036800] CURRENT HOST STATE: SRV_Cfiler.cass.cl;UP;HARD;1;PING OK - Packet loss = 0%, RTA = 0.63 ms
[1684036800] CURRENT HOST STATE: SRV_Oraculo_cass.cl;UP;HARD;1;PING OK - Packet loss = 0%, RTA = 1.01 ms
[1684036800] CURRENT HOST STATE: SRV_SOS2021.cass.cl;UP;HARD;1;PING OK - Packet loss = 0%, RTA = 0.57 ms
[1684036800] CURRENT HOST STATE: SRV_SUM;UP;HARD;1;PING OK - Packet loss = 0%, RTA = 0.54 ms
[1684036800] CURRENT HOST STATE: SRV_chat.cass.cl;UP;HARD;1;PING OK - Packet loss = 0%, RTA = 0.58 ms
[1684036800] CURRENT HOST STATE: SRV_email.cass.cl;UP;HARD;1;PING OK - Packet loss = 0%, RTA = 1.21 ms
[1684036800] CURRENT HOST STATE: SRV_nagios;UP;HARD;1;PING OK - Packet loss = 0%, RTA = 0.09 ms
[1684036800] CURRENT HOST STATE: SRV_sync.cass.cl;UP;HARD;1;PING OK - Packet loss = 0%, RTA = 1.14 ms
[1684036800] CURRENT HOST STATE: Servidor Vcenter;UP;HARD;1;PING OK - Packet loss = 0%, RTA = 0.49 ms
[1684036800] CURRENT HOST STATE: Servidores CASS;UP;HARD;1;PING OK - Packet loss = 0%, RTA = 1.39 ms
[1684036800] CURRENT HOST STATE: Ups Principal;UP;HARD;1;PING OK - Packet loss = 0%, RTA = 1.01 ms
[1684036800] CURRENT HOST STATE: Veeam2023.cass.pmc;UP;HARD;1;PING OK - Packet loss = 0%, RTA = 1.56 ms
[1684036800] CURRENT HOST STATE: web_cass_cl;UP;HARD;1;PING OK - Packet loss = 0%, RTA = 0.51 ms
[1684036800] CURRENT SERVICE STATE: ADL Diagnostic;Ping;OK;HARD;1;PING OK - Packet loss = 0%, RTA = 36.54 ms
[1684036800] CURRENT SERVICE STATE: Blueshell;Ping;OK;HARD;1;PING OK - Packet loss = 0%, RTA = 3.12 ms
[1684036800] CURRENT SERVICE STATE: Clinica PV Movistar;Ping;OK;HARD;1;PING OK - Packet loss = 0%, RTA = 33.31 ms
[1684036800] CURRENT SERVICE STATE: Confe;Ping;OK;HARD;1;PING OK - Packet loss = 0%, RTA = 39.91 ms
[1684036800] CURRENT SERVICE STATE: Electric Works;Ping;OK;HARD;1;PING OK - Packet loss = 0%, RTA = 31.97 ms
[1684036800] CURRENT SERVICE STATE: Ext Telsur;Ping;OK;HARD;1;PING OK - Packet loss = 0%, RTA = 1.23 ms
[1684036800] CURRENT SERVICE STATE: FW ADL Diagnostic;Ping;OK;HARD;1;PING OK - Packet loss = 0%, RTA = 34.70 ms
[1684036800] CURRENT SERVICE STATE: FW Blueshell;Ping;OK;HARD;1;PING OK - Packet loss = 0%, RTA = 3.27 ms
[1684036800] CURRENT SERVICE STATE: FW Cass Entel;Ping;OK;HARD;1;PING OK - Packet loss = 0%, RTA = 35.03 ms
[1684036800] CURRENT SERVICE STATE: FW Cass Telsur;Ancho de Banda DMZ;OK;HARD;1;OK - Average IN: 2.68KB (0.00%), Average OUT: 4.54KB (0.00%)Total RX: 46.06GBytes, Total TX: 24.70GBytes
[1684036800] CURRENT SERVICE STATE: FW Cass Telsur;Ancho de Banda LAN;OK;HARD;1;OK - Average IN: 710.23B (0.00%), Average OUT: 799.95B (0.00%)Total RX: 638.55GBytes, Total TX: 637.75GBytes
[1684036800] CURRENT SERVICE STATE: FW Cass Telsur;Ancho de Banda WAN;OK;HARD;1;OK - Average IN: 31.33B (0.00%), Average OUT: 11.88B (0.00%)Total RX: 14132.88GBytes, Total TX: 8618.60GBytes
[1684036800] CURRENT SERVICE STATE: FW Cass Telsur;Estado Puerto DMZ;OK;HARD;1;OK: Interface eth2 (index 4) is up.
[1684036800] CURRENT SERVICE STATE: FW Cass Telsur;Estado Puerto LAN;OK;HARD;1;OK: Interface eth0 (index 2) is up.
[1684036800] CURRENT SERVICE STATE: FW Cass Telsur;Estado Puerto WAN;OK;HARD;1;OK: Interface eth1 (index 3) is up.
[1684036800] CURRENT SERVICE STATE: FW Cass Telsur;Estado TCP Sophos;OK;HARD;1;TCP OK - 0.001 second response time on 201.220.96.34 port 4444
[1684036800] CURRENT SERVICE STATE: FW Cass Telsur;Ping;OK;HARD;1;PING OK - Packet loss = 0%, RTA = 0.60 ms
[1684036800] CURRENT SERVICE STATE: FW Cass Telsur;Tiempo Activo;OK;HARD;1;SNMP OK - Timeticks: (337283765) 39 days, 0:53:57.65
[1684036800] CURRENT SERVICE STATE: FW Clinica PV Movistar;Ping;OK;HARD;1;PING OK - Packet loss = 0%, RTA = 32.70 ms
[1684036800] CURRENT SERVICE STATE: FW Confe;Ping;OK;HARD;1;PING OK - Packet loss = 0%, RTA = 36.17 ms
[1684036800] CURRENT SERVICE STATE: FW Electric Works;Ping;OK;HARD;1;PING OK - Packet loss = 0%, RTA = 35.39 ms
[1684036800] CURRENT SERVICE STATE: FW Gore Los Lagos;Ping;OK;HARD;1;PING OK - Packet loss = 0%, RTA = 1.33 ms
[1684036800] CURRENT SERVICE STATE: FW Pasmar;Ping;OK;HARD;1;PING OK - Packet loss = 0%, RTA = 1.45 ms
[1684036800] CURRENT SERVICE STATE: Gore Los Lagos;Ping;OK;HARD;1;PING OK - Packet loss = 0%, RTA = 1.96 ms
[1684036800] CURRENT SERVICE STATE: Host-10.0.0.120;Ping;OK;HARD;1;PING OK - Packet loss = 0%, RTA = 0.93 ms
[1684036800] CURRENT SERVICE STATE: Host-10.0.0.121;Ping;OK;HARD;1;PING OK - Packet loss = 0%, RTA = 0.45 ms
[1684036800] CURRENT SERVICE STATE: Pasmar;Ping;OK;HARD;1;PING OK - Packet loss = 0%, RTA = 0.91 ms
[1684036800] CURRENT SERVICE STATE: Qnap NAS;Almacenamiento;OK;HARD;1;OK: Total:50TB - Used:28TB - Free:21TB - Used Space: 56%
[1684036800] CURRENT SERVICE STATE: Qnap NAS;Estado;OK;HARD;1;Power Supply #1 - OK: GOOD
[1684036800] CURRENT SERVICE STATE: Qnap NAS;Memoria;OK;HARD;1;OK: Total:3830MB - Used:1287MB - Free:2543MB = 34%
[1684036800] CURRENT SERVICE STATE: Qnap NAS;Sysinfo;OK;HARD;1;NAS Cloud, Model TS-879U-RP, Firmware 4.3.6, Max HD number 8, No. Volume 1
[1684036800] CURRENT SERVICE STATE: Qnap NAS;Temperatura;OK;HARD;1;OK: Temperature=40C
[1684036800] CURRENT SERVICE STATE: Qnap NAS;Tiempo Activo;OK;HARD;1;SNMP OK - Timeticks: (22275395) 2 days, 13:52:33.95
[1684036800] CURRENT SERVICE STATE: SRV01USER_cass.cl;Actualizacion;CRITICAL;HARD;3;Updates: 5 critical, 0 optional
[1684036800] CURRENT SERVICE STATE: SRV01USER_cass.cl;Almacenamiento C;OK;HARD;1;c:\ - total: 119.40 Gb - used: 88.15 Gb (74%) - free 31.25 Gb (26%)
[1684036800] CURRENT SERVICE STATE: SRV01USER_cass.cl;Almacenamiento U;OK;HARD;1;u:\ - total: 1023.98 Gb - used: 178.74 Gb (17%) - free 845.24 Gb (83%)
[1684036800] CURRENT SERVICE STATE: SRV01USER_cass.cl;CPU;OK;HARD;1;CPU Load 1% (5 min average)
[1684036800] CURRENT SERVICE STATE: SRV01USER_cass.cl;Memoria;OK;HARD;1;Memory usage: total:23551.21 MB - used: 14560.91 MB (62%) - free: 8990.30 MB (38%)
[1684036800] CURRENT SERVICE STATE: SRV01USER_cass.cl;Ping;OK;HARD;1;PING OK - Packet loss = 0%, RTA = 2.53 ms
[1684036800] CURRENT SERVICE STATE: SRV01USER_cass.cl;Tiempo Activo;OK;HARD;1;System Uptime - 9 day(s) 13 hour(s) 23 minute(s)
[1684036800] CURRENT SERVICE STATE: SRV04AD01.cass.cl;Ping;OK;HARD;1;PING OK - Packet loss = 0%, RTA = 1.59 ms
[1684036800] CURRENT SERVICE STATE: SRV05AD02_cass.cl;Ping;OK;HARD;1;PING OK - Packet loss = 0%, RTA = 1.61 ms
[1684036800] CURRENT SERVICE STATE: SRV11VIBE_cass.cl;Actualizacion;CRITICAL;HARD;3;Updates CRITICAL : discontinued OS Release SLE 15.1: no updates available
[1684036800] CURRENT SERVICE STATE: SRV11VIBE_cass.cl;Almacenamiento /;OK;HARD;1;DISK OK - free space: /var/tmp 78765 MiB (85.99% inode=-):
[1684036800] CURRENT SERVICE STATE: SRV11VIBE_cass.cl;CPU;OK;HARD;1;OK - load average per CPU: 0.00, 0.00, 0.00
[1684036800] CURRENT SERVICE STATE: SRV11VIBE_cass.cl;Memoria;OK;HARD;1;[MEMORY] Total: 7693 MB - Used: 2581 MB - 33% [SWAP] Total: 7944 MB - Used: 0 MB - 0%
[1684036800] CURRENT SERVICE STATE: SRV11VIBE_cass.cl;Ping;OK;HARD;1;PING OK - Packet loss = 0%, RTA = 0.79 ms
[1684036800] CURRENT SERVICE STATE: SRV11VIBE_cass.cl;Proceso Vibe;OK;HARD;1;PROCS OK: 0 processes with command name 'vibe'
[1684036800] CURRENT SERVICE STATE: SRV11VIBE_cass.cl;Procesos;OK;HARD;1;PROCS OK: 318 processes
[1684036800] CURRENT SERVICE STATE: SRV11VIBE_cass.cl;Procesos Zombies;OK;HARD;1;PROCS OK: 0 processes with STATE = Z
[1684036800] CURRENT SERVICE STATE: SRV11VIBE_cass.cl;Puerto HTTP;OK;HARD;1;TCP OK - 0.001 second response time on 10.0.2.13 port 80
[1684036800] CURRENT SERVICE STATE: SRV11VIBE_cass.cl;Puerto HTTPS;OK;HARD;1;TCP OK - 0.001 second response time on 10.0.2.13 port 443
[1684036800] CURRENT SERVICE STATE: SRV11VIBE_cass.cl;Servicio Vibe;OK;HARD;1;OK: Service vibe is running!
[1684036800] CURRENT SERVICE STATE: SRV11VIBE_cass.cl;Tiempo Activo;OK;HARD;1;Uptime OK: 22 day(s) 14 hour(s) 16 minute(s)
[1684036800] CURRENT SERVICE STATE: SRV11VIBE_cass.cl;Usuarios Login;OK;HARD;1;USERS OK - 2 users currently logged in
[1684036800] CURRENT SERVICE STATE: SRV12WEB_cass.cl;Ping;OK;HARD;1;PING OK - Packet loss = 0%, RTA = 1.21 ms
[1684036800] CURRENT SERVICE STATE: SRVAD1.cass.pmc;Ping;OK;HARD;1;PING OK - Packet loss = 0%, RTA = 1.57 ms
[1684036800] CURRENT SERVICE STATE: SRVAD2.cass.pmc;Ping;OK;HARD;1;PING OK - Packet loss = 0%, RTA = 1.38 ms
[1684036800] CURRENT SERVICE STATE: SRVADMIN.cass.pmc;Actualizacion;CRITICAL;HARD;3;Updates: 2 critical, 0 optional
[1684036800] CURRENT SERVICE STATE: SRVADMIN.cass.pmc;Almacenamiento;OK;HARD;1;c:\ - total: 299.66 Gb - used: 157.48 Gb (53%) - free 142.18 Gb (47%)
[1684036800] CURRENT SERVICE STATE: SRVADMIN.cass.pmc;CPU;OK;HARD;1;CPU Load 4% (5 min average)
[1684036800] CURRENT SERVICE STATE: SRVADMIN.cass.pmc;Memoria;OK;HARD;1;Memory usage: total:17163.29 MB - used: 14406.56 MB (84%) - free: 2756.73 MB (16%)
[1684036800] CURRENT SERVICE STATE: SRVADMIN.cass.pmc;Ping;OK;HARD;1;PING OK - Packet loss = 0%, RTA = 1.50 ms
[1684036800] CURRENT SERVICE STATE: SRVADMIN.cass.pmc;Tiempo Activo;OK;HARD;1;System Uptime - 18 day(s) 1 hour(s) 48 minute(s)
[1684036800] CURRENT SERVICE STATE: SRVCONT.cass.cl;Actualizacion;CRITICAL;HARD;3;Updates: 3 critical, 0 optional
[1684036800] CURRENT SERVICE STATE: SRVCONT.cass.cl;Almacenamiento;OK;HARD;1;c:\ - total: 299.33 Gb - used: 40.52 Gb (14%) - free 258.81 Gb (86%)
[1684036800] CURRENT SERVICE STATE: SRVCONT.cass.cl;CPU;OK;HARD;1;CPU Load 21% (5 min average)
[1684036800] CURRENT SERVICE STATE: SRVCONT.cass.cl;Memoria;OK;HARD;1;Memory usage: total:15469.70 MB - used: 7514.49 MB (49%) - free: 7955.21 MB (51%)
[1684036800] CURRENT SERVICE STATE: SRVCONT.cass.cl;Ping;OK;HARD;1;PING OK - Packet loss = 0%, RTA = 3.09 ms
[1684036800] CURRENT SERVICE STATE: SRVCONT.cass.cl;Tiempo Activo;OK;HARD;1;System Uptime - 23 day(s) 0 hour(s) 17 minute(s)
[1684036800] CURRENT SERVICE STATE: SRVDC1.cass.pmc;Ping;OK;HARD;1;PING OK - Packet loss = 0%, RTA = 1.30 ms
[1684036800] CURRENT SERVICE STATE: SRVDNS;Ping;OK;HARD;1;PING OK - Packet loss = 0%, RTA = 1.00 ms
[1684036800] CURRENT SERVICE STATE: SRVMFSD;Ping;OK;HARD;1;PING OK - Packet loss = 0%, RTA = 1.19 ms
[1684036800] CURRENT SERVICE STATE: SRV_Cfiler.cass.cl;Actualizacion;OK;HARD;1;Updates OK : no updates available
[1684036800] CURRENT SERVICE STATE: SRV_Cfiler.cass.cl;Almacenamiento /;OK;HARD;1;DISK OK - free space: / 2487959 MB (74% inode=-):
[1684036800] CURRENT SERVICE STATE: SRV_Cfiler.cass.cl;CPU;OK;HARD;1;OK - load average: 0.12, 0.12, 0.09
[1684036800] CURRENT SERVICE STATE: SRV_Cfiler.cass.cl;Http;OK;HARD;1;TCP OK - 0.000 second response time on port 80
[1684036800] CURRENT SERVICE STATE: SRV_Cfiler.cass.cl;Https;OK;HARD;1;TCP OK - 0.000 second response time on port 443
[1684036800] CURRENT SERVICE STATE: SRV_Cfiler.cass.cl;Memoria;OK;HARD;1;[MEMORY] Total: 3893 MB - Used: 1076 MB - 27% [SWAP] Total: 2047 MB - Used: 175 MB - 8%
[1684036800] CURRENT SERVICE STATE: SRV_Cfiler.cass.cl;Procesos;OK;HARD;1;PROCS OK: 306 processes
[1684036800] CURRENT SERVICE STATE: SRV_Cfiler.cass.cl;Procesos Zombies;OK;HARD;1;PROCS OK: 0 processes with STATE = Z
[1684036800] CURRENT SERVICE STATE: SRV_Cfiler.cass.cl;Procs Apache;OK;HARD;1;PROCS OK: 11 processes with args 'apache2'
[1684036800] CURRENT SERVICE STATE: SRV_Cfiler.cass.cl;Serv Apache;OK;HARD;1;OK: Service apache is running!
[1684036800] CURRENT SERVICE STATE: SRV_Cfiler.cass.cl;Servicio General;OK;HARD;1;PING OK - Packet loss = 0%, RTA = 0.63 ms
[1684036800] CURRENT SERVICE STATE: SRV_Cfiler.cass.cl;Tiempo Activo;OK;HARD;1;Uptime OK: 25 day(s) 2 hour(s) 8 minute(s)
[1684036800] CURRENT SERVICE STATE: SRV_Cfiler.cass.cl;Usuarios Login;OK;HARD;1;USERS OK - 1 users currently logged in
[1684036800] CURRENT SERVICE STATE: SRV_Oraculo_cass.cl;Ping;OK;HARD;1;PING OK - Packet loss = 0%, RTA = 1.62 ms
[1684036800] CURRENT SERVICE STATE: SRV_SOS2021.cass.cl;Actualizacion;OK;HARD;1;Updates OK : no updates available
[1684036800] CURRENT SERVICE STATE: SRV_SOS2021.cass.cl;Almacenamiento /;OK;HARD;1;DISK OK - free space: /var/tmp 118473 MiB (91.26% inode=-):
[1684036800] CURRENT SERVICE STATE: SRV_SOS2021.cass.cl;CPU;OK;HARD;1;OK - load average per CPU: 0.04, 0.02, 0.02
[1684036800] CURRENT SERVICE STATE: SRV_SOS2021.cass.cl;Memoria;OK;HARD;1;[MEMORY] Total: 7946 MB - Used: 1132 MB - 14% [SWAP] Total: 10239 MB - Used: 0 MB - 0%
[1684036800] CURRENT SERVICE STATE: SRV_SOS2021.cass.cl;Ping;OK;HARD;1;PING OK - Packet loss = 0%, RTA = 0.55 ms
[1684036800] CURRENT SERVICE STATE: SRV_SOS2021.cass.cl;Procesos;OK;HARD;1;PROCS OK: 310 processes
[1684036800] CURRENT SERVICE STATE: SRV_SOS2021.cass.cl;Procesos Zombies;OK;HARD;1;PROCS OK: 0 processes with STATE = Z
[1684036800] CURRENT SERVICE STATE: SRV_SOS2021.cass.cl;Tiempo Activo;OK;HARD;1;Uptime OK: 52 day(s) 11 hour(s) 39 minute(s)
[1684036800] CURRENT SERVICE STATE: SRV_SOS2021.cass.cl;Usuarios Login;OK;HARD;1;USERS OK - 0 users currently logged in
[1684036800] CURRENT SERVICE STATE: SRV_SUM;Ping;OK;HARD;1;PING OK - Packet loss = 0%, RTA = 0.60 ms
[1684036800] CURRENT SERVICE STATE: SRV_chat.cass.cl;Actualizacion;OK;HARD;1;Updates OK : no updates available
[1684036800] CURRENT SERVICE STATE: SRV_chat.cass.cl;Almacenamiento /;OK;HARD;1;DISK OK - free space: /var/tmp 987824 MiB (94.50% inode=-):
[1684036800] CURRENT SERVICE STATE: SRV_chat.cass.cl;CPU;OK;HARD;1;OK - load average per CPU: 0.12, 0.09, 0.07
[1684036800] CURRENT SERVICE STATE: SRV_chat.cass.cl;Memoria;OK;HARD;1;[MEMORY] Total: 7919 MB - Used: 2652 MB - 33% [SWAP] Total: 2048 MB - Used: 371 MB - 18%
[1684036800] CURRENT SERVICE STATE: SRV_chat.cass.cl;Ping;OK;HARD;1;PING OK - Packet loss = 0%, RTA = 0.76 ms
[1684036800] CURRENT SERVICE STATE: SRV_chat.cass.cl;Proceso Docker;OK;HARD;1;PROCS OK: 0 processes with command name 'docker'
[1684036800] CURRENT SERVICE STATE: SRV_chat.cass.cl;Proceso Nginx;OK;HARD;1;PROCS OK: 3 processes with command name 'nginx'
[1684036800] CURRENT SERVICE STATE: SRV_chat.cass.cl;Procesos;OK;HARD;1;PROCS OK: 293 processes
[1684036800] CURRENT SERVICE STATE: SRV_chat.cass.cl;Procesos Zombies;OK;HARD;1;PROCS OK: 0 processes with STATE = Z
[1684036800] CURRENT SERVICE STATE: SRV_chat.cass.cl;Puerto Contenedor;OK;HARD;1;TCP OK - 0.001 second response time on port 8000
[1684036800] CURRENT SERVICE STATE: SRV_chat.cass.cl;Puerto HTTP;OK;HARD;1;TCP OK - 0.000 second response time on port 80
[1684036800] CURRENT SERVICE STATE: SRV_chat.cass.cl;Puerto HTTPS;OK;HARD;1;TCP OK - 0.000 second response time on port 443
[1684036800] CURRENT SERVICE STATE: SRV_chat.cass.cl;Puerto Portainer;OK;HARD;1;TCP OK - 0.001 second response time on port 9443
[1684036800] CURRENT SERVICE STATE: SRV_chat.cass.cl;Servicio Docker;OK;HARD;1;OK: Service docker is running!
[1684036800] CURRENT SERVICE STATE: SRV_chat.cass.cl;Servicio Nginx;OK;HARD;1;OK: Service nginx is running!
[1684036800] CURRENT SERVICE STATE: SRV_chat.cass.cl;Usuarios Login;OK;HARD;1;USERS OK - 2 users currently logged in
[1684036800] CURRENT SERVICE STATE: SRV_email.cass.cl;Actualizacion;OK;HARD;1;Updates OK : no updates available
[1684036800] CURRENT SERVICE STATE: SRV_email.cass.cl;Almacenamiento /;OK;HARD;1;DISK OK - free space: /var/tmp 478578 MiB (94.42% inode=-):
[1684036800] CURRENT SERVICE STATE: SRV_email.cass.cl;Almacenamiento Mail;OK;HARD;1;DISK OK - free space: /mail 1817908 MiB (92.83% inode=99%):
[1684036800] CURRENT SERVICE STATE: SRV_email.cass.cl;Almacenamiento Mail2;OK;HARD;1;DISK OK - free space: /mail2 476654 MiB (99.87% inode=100%):
[1684036800] CURRENT SERVICE STATE: SRV_email.cass.cl;CPU;OK;HARD;1;OK - load average per CPU: 0.02, 0.02, 0.02
[1684036800] CURRENT SERVICE STATE: SRV_email.cass.cl;Correo Pop;OK;HARD;1;POP OK - 0.000 second response time on 10.0.2.25 port 110 [+OK GroupWise POP3 server ready]
[1684036800] CURRENT SERVICE STATE: SRV_email.cass.cl;Correo Smtp;OK;HARD;1;SMTP OK - 0.032 sec. response time
[1684036800] CURRENT SERVICE STATE: SRV_email.cass.cl;Memoria;OK;HARD;1;[MEMORY] Total: 11939 MB - Used: 2472 MB - 20% [SWAP] Total: 2048 MB - Used: 20 MB - 1%
[1684036800] CURRENT SERVICE STATE: SRV_email.cass.cl;Ping;OK;HARD;1;PING OK - Packet loss = 0%, RTA = 1.04 ms
[1684036800] CURRENT SERVICE STATE: SRV_email.cass.cl;Procesos;OK;HARD;1;PROCS OK: 291 processes
[1684036800] CURRENT SERVICE STATE: SRV_email.cass.cl;Procesos Zombies;OK;HARD;1;PROCS OK: 0 processes with STATE = Z
[1684036800] CURRENT SERVICE STATE: SRV_email.cass.cl;Tiempo Activo;OK;HARD;1;Uptime OK: 37 day(s) 10 hour(s) 51 minute(s)
[1684036800] CURRENT SERVICE STATE: SRV_email.cass.cl;Usuarios Login;OK;HARD;1;USERS OK - 0 users currently logged in
[1684036800] CURRENT SERVICE STATE: SRV_nagios;Actualizacion;OK;HARD;1;YUM OK: 0 Updates Available
[1684036800] CURRENT SERVICE STATE: SRV_nagios;CPU;OK;HARD;1;OK - load average: 0.05, 0.10, 0.13
[1684036800] CURRENT SERVICE STATE: SRV_nagios;Memoria;OK;HARD;1;[MEMORY] Total: 7740 MB - Used: 606 MB - 7% [SWAP] Total: 7935 MB - Used: 0 MB - 0%
[1684036800] CURRENT SERVICE STATE: SRV_nagios;PING;OK;HARD;1;PING OK - Packet loss = 0%, RTA = 0.08 ms
[1684036800] CURRENT SERVICE STATE: SRV_nagios;Procesos;OK;HARD;1;PROCS OK: 86 processes with STATE = RSZDT
[1684036800] CURRENT SERVICE STATE: SRV_nagios;Usarios Login;OK;HARD;1;USERS OK - 0 users currently logged in
[1684036800] CURRENT SERVICE STATE: SRV_sync.cass.cl;Ping;OK;HARD;1;PING OK - Packet loss = 0%, RTA = 1.12 ms
[1684036800] CURRENT SERVICE STATE: Servidor Vcenter;Ping;OK;HARD;1;PING OK - Packet loss = 0%, RTA = 0.56 ms
[1684036800] CURRENT SERVICE STATE: Servidores CASS;Ancho de Banda GE/1/0/3;OK;HARD;1;OK - Average IN: 6.54KB (0.01%), Average OUT: 6.94KB (0.01%)Total RX: 13562.24GBytes, Total TX: 42395.13GBytes
[1684036800] CURRENT SERVICE STATE: Servidores CASS;Estado Puerto 3;OK;HARD;1;OK: Interface GigabitEthernet1/0/3 (index 3) is up.
[1684036800] CURRENT SERVICE STATE: Servidores CASS;Estado Puerto 80;OK;HARD;1;TCP OK - 0.002 second response time on 10.0.0.17 port 80
[1684036800] CURRENT SERVICE STATE: Servidores CASS;Ping;OK;HARD;1;PING OK - Packet loss = 0%, RTA = 1.61 ms
[1684036800] CURRENT SERVICE STATE: Servidores CASS;Tiempo Activo;OK;HARD;1;SNMP OK - Timeticks: (453561600) 52 days, 11:53:36.00
[1684036800] CURRENT SERVICE STATE: Ups Principal;Carga;OK;HARD;1;OK: Estimated battery charge 98%, approximately 0 minutes runtime remaining.
[1684036800] CURRENT SERVICE STATE: Ups Principal;Estado;OK;HARD;1;OK: Battery Status Normal.
[1684036800] CURRENT SERVICE STATE: Ups Principal;Ping;OK;HARD;1;PING OK - Packet loss = 0%, RTA = 1.09 ms
[1684036800] CURRENT SERVICE STATE: Ups Principal;Temperatura;OK;HARD;1;OK: Battery Temperature is 26 degrees C (78.8 degrees F).
[1684036800] CURRENT SERVICE STATE: Ups Principal;Tiempo Activo;OK;HARD;1;SNMP OK - Timeticks: (90530477) 10 days, 11:28:24.77
[1684036800] CURRENT SERVICE STATE: Veeam2023.cass.pmc;Actualizacion;CRITICAL;HARD;3;Updates: 1 critical, 0 optional
[1684036800] CURRENT SERVICE STATE: Veeam2023.cass.pmc;Almacenamiento;OK;HARD;1;c:\ - total: 99.33 Gb - used: 81.81 Gb (82%) - free 17.52 Gb (18%)
[1684036800] CURRENT SERVICE STATE: Veeam2023.cass.pmc;CPU;OK;HARD;1;CPU Load 7% (5 min average)
[1684036800] CURRENT SERVICE STATE: Veeam2023.cass.pmc;Memoria;OK;HARD;1;Memory usage: total:18815.17 MB - used: 6665.80 MB (35%) - free: 12149.37 MB (65%)
[1684036800] CURRENT SERVICE STATE: Veeam2023.cass.pmc;Ping;OK;HARD;1;PING OK - Packet loss = 0%, RTA = 1.35 ms
[1684036800] CURRENT SERVICE STATE: Veeam2023.cass.pmc;Tiempo Activo;OK;HARD;1;System Uptime - 3 day(s) 12 hour(s) 23 minute(s)
[1684036800] CURRENT SERVICE STATE: web_cass_cl;Certificado;OK;HARD;1;SSL OK - Certificate '*.cass.cl' will expire in 226 days on 2023-12-26 20:59 -0300/-03.
[1684036800] CURRENT SERVICE STATE: web_cass_cl;HTTP;OK;HARD;1;HTTP OK: HTTP/1.1 302 Found - 1073 bytes in 0.193 second response time
[1684039450] SERVICE ALERT: SRV11VIBE_cass.cl;Memoria;CRITICAL;SOFT;1;(No output on stdout) stderr: connect to address 10.0.2.13 port 5666: Connection refused
[1684039570] SERVICE ALERT: SRV11VIBE_cass.cl;Memoria;OK;SOFT;2;[MEMORY] Total: 7693 MB - Used: 2582 MB - 33% [SWAP] Total: 7944 MB - Used: 0 MB - 0%
[1684039918] Auto-save of retention data completed successfully.
[1684043518] Auto-save of retention data completed successfully.
[1684047118] Auto-save of retention data completed successfully.
[1684047631] HOST ALERT: FW Gore Los Lagos;DOWN;SOFT;1;CRITICAL - Time to live exceeded (190.121.2.51)
[1684047658] SERVICE ALERT: FW Gore Los Lagos;Ping;CRITICAL;HARD;1;CRITICAL - Time to live exceeded (190.121.2.51)
[1684047658] HOST ALERT: Gore Los Lagos;DOWN;SOFT;1;CRITICAL - Time to live exceeded (190.121.2.50)
[1684047658] HOST ALERT: FW Gore Los Lagos;UNREACHABLE;SOFT;2;CRITICAL - Time to live exceeded (190.121.2.51)
[1684047658] SERVICE ALERT: Gore Los Lagos;Ping;CRITICAL;HARD;1;CRITICAL - Time to live exceeded (190.121.2.50)
[1684047702] SERVICE ALERT: Gore Los Lagos;Ping;OK;HARD;1;PING OK - Packet loss = 0%, RTA = 1.21 ms
[1684047706] HOST ALERT: Gore Los Lagos;UP;SOFT;1;PING OK - Packet loss = 0%, RTA = 1.30 ms
[1684047710] HOST ALERT: FW Gore Los Lagos;UP;SOFT;1;PING OK - Packet loss = 0%, RTA = 1.28 ms
[1684047711] SERVICE ALERT: FW Gore Los Lagos;Ping;OK;HARD;1;PING OK - Packet loss = 0%, RTA = 1.22 ms
[1684049402] SERVICE ALERT: SRV_chat.cass.cl;Puerto Portainer;CRITICAL;SOFT;1;CHECK_NRPE: Error - Could not connect to 10.0.0.92: Connection reset by peer
[1684049522] SERVICE ALERT: SRV_chat.cass.cl;Puerto Portainer;OK;SOFT;2;TCP OK - 0.000 second response time on port 9443
[1684049650] SERVICE ALERT: SRV11VIBE_cass.cl;Memoria;UNKNOWN;SOFT;1;CHECK_NRPE: Receive header underflow - only 0 bytes received (4 expected).
[1684049770] SERVICE ALERT: SRV11VIBE_cass.cl;Memoria;OK;SOFT;2;[MEMORY] Total: 7693 MB - Used: 2583 MB - 33% [SWAP] Total: 7944 MB - Used: 0 MB - 0%
[1684050718] Auto-save of retention data completed successfully.
[1684054318] Auto-save of retention data completed successfully.
[1684055402] SERVICE ALERT: SRV_chat.cass.cl;Puerto Portainer;CRITICAL;SOFT;1;(No output on stdout) stderr: connect to address 10.0.0.92 port 5666: Connection refused
[1684055522] SERVICE ALERT: SRV_chat.cass.cl;Puerto Portainer;OK;SOFT;2;TCP OK - 0.000 second response time on port 9443
[1684056850] SERVICE ALERT: SRV11VIBE_cass.cl;Memoria;UNKNOWN;SOFT;1;CHECK_NRPE: Receive header underflow - only 0 bytes received (4 expected).
[1684056970] SERVICE ALERT: SRV11VIBE_cass.cl;Memoria;OK;SOFT;2;[MEMORY] Total: 7693 MB - Used: 2571 MB - 33% [SWAP] Total: 7944 MB - Used: 0 MB - 0%
[1684057918] Auto-save of retention data completed successfully.
[1684058743] SERVICE ALERT: SRV_nagios;Actualizacion;CRITICAL;SOFT;1;YUM CRITICAL: Yum nagios plugin has self terminated after exceeding the timeout (30 seconds)
[1684058805] SERVICE ALERT: SRV_nagios;Actualizacion;OK;SOFT;2;YUM OK: 0 Updates Available
[1684061518] Auto-save of retention data completed successfully.
[1684065118] Auto-save of retention data completed successfully.
[1684065755] SERVICE ALERT: SRV01USER_cass.cl;Memoria;CRITICAL;SOFT;1;CRITICAL - Socket timeout
[1684065757] SERVICE ALERT: SRV01USER_cass.cl;CPU;CRITICAL;SOFT;1;CRITICAL - Socket timeout
[1684065759] SERVICE ALERT: SRV01USER_cass.cl;Tiempo Activo;CRITICAL;SOFT;1;CRITICAL - Socket timeout
[1684065759] SERVICE ALERT: SRV01USER_cass.cl;Almacenamiento U;CRITICAL;SOFT;1;CRITICAL - Socket timeout
[1684065759] SERVICE ALERT: SRV01USER_cass.cl;Almacenamiento C;CRITICAL;SOFT;1;connect to address 10.0.0.12 and port 12489: No route to host
[1684065759] HOST ALERT: SRV01USER_cass.cl;DOWN;SOFT;1;CRITICAL - Host Unreachable (10.0.0.12)
[1684065759] SERVICE ALERT: SRV01USER_cass.cl;Ping;CRITICAL;HARD;1;CRITICAL - Host Unreachable (10.0.0.12)
[1684065815] SERVICE ALERT: SRV01USER_cass.cl;Ping;OK;HARD;1;PING OK - Packet loss = 0%, RTA = 2.60 ms
[1684065819] HOST ALERT: SRV01USER_cass.cl;UP;SOFT;1;PING OK - Packet loss = 0%, RTA = 1.64 ms
[1684065875] SERVICE ALERT: SRV01USER_cass.cl;Memoria;OK;SOFT;2;Memory usage: total:23551.21 MB - used: 1699.35 MB (7%) - free: 21851.87 MB (93%)
[1684065877] SERVICE ALERT: SRV01USER_cass.cl;CPU;OK;SOFT;2;CPU Load 0% (5 min average)
[1684065879] SERVICE ALERT: SRV01USER_cass.cl;Tiempo Activo;OK;SOFT;2;System Uptime - 0 day(s) 0 hour(s) 2 minute(s)
[1684065879] SERVICE ALERT: SRV01USER_cass.cl;Almacenamiento C;OK;SOFT;2;c:\ - total: 119.40 Gb - used: 87.65 Gb (73%) - free 31.75 Gb (27%)
[1684065879] SERVICE ALERT: SRV01USER_cass.cl;Almacenamiento U;OK;SOFT;2;u:\ - total: 1023.98 Gb - used: 178.74 Gb (17%) - free 845.24 Gb (83%)
[1684067050] SERVICE ALERT: SRV11VIBE_cass.cl;Memoria;CRITICAL;SOFT;1;(No output on stdout) stderr: connect to address 10.0.2.13 port 5666: Connection refused
[1684067170] SERVICE ALERT: SRV11VIBE_cass.cl;Memoria;OK;SOFT;2;[MEMORY] Total: 7693 MB - Used: 2579 MB - 33% [SWAP] Total: 7944 MB - Used: 0 MB - 0%
[1684068718] Auto-save of retention data completed successfully.
[1684072318] Auto-save of retention data completed successfully.
[1684075918] Auto-save of retention data completed successfully.
[1684076650] SERVICE ALERT: SRV11VIBE_cass.cl;Memoria;UNKNOWN;SOFT;1;CHECK_NRPE: Receive header underflow - only 0 bytes received (4 expected).
[1684076770] SERVICE ALERT: SRV11VIBE_cass.cl;Memoria;OK;SOFT;2;[MEMORY] Total: 7693 MB - Used: 2581 MB - 33% [SWAP] Total: 7944 MB - Used: 0 MB - 0%
[1684079518] Auto-save of retention data completed successfully.
[1684082050] SERVICE ALERT: SRV11VIBE_cass.cl;Memoria;CRITICAL;SOFT;1;(No output on stdout) stderr: connect to address 10.0.2.13 port 5666: Connection refused
[1684082170] SERVICE ALERT: SRV11VIBE_cass.cl;Memoria;OK;SOFT;2;[MEMORY] Total: 7693 MB - Used: 2582 MB - 33% [SWAP] Total: 7944 MB - Used: 0 MB - 0%
[1684083118] Auto-save of retention data completed successfully.
[1684086718] Auto-save of retention data completed successfully.
[1684090318] Auto-save of retention data completed successfully.
[1684093918] Auto-save of retention data completed successfully.
[1684097518] Auto-save of retention data completed successfully.
[1684098250] SERVICE ALERT: SRV11VIBE_cass.cl;Memoria;UNKNOWN;SOFT;1;CHECK_NRPE: Receive header underflow - only 0 bytes received (4 expected).
[1684098370] SERVICE ALERT: SRV11VIBE_cass.cl;Memoria;OK;SOFT;2;[MEMORY] Total: 7693 MB - Used: 2577 MB - 33% [SWAP] Total: 7944 MB - Used: 0 MB - 0%
[1684101118] Auto-save of retention data completed successfully.
[1684104718] Auto-save of retention data completed successfully.
[1684108318] Auto-save of retention data completed successfully.
[1684111918] Auto-save of retention data completed successfully.
[1684113850] SERVICE ALERT: SRV11VIBE_cass.cl;Memoria;UNKNOWN;SOFT;1;CHECK_NRPE: Receive header underflow - only 0 bytes received (4 expected).
[1684113970] SERVICE ALERT: SRV11VIBE_cass.cl;Memoria;OK;SOFT;2;[MEMORY] Total: 7693 MB - Used: 2591 MB - 33% [SWAP] Total: 7944 MB - Used: 0 MB - 0%
[1684115518] Auto-save of retention data completed successfully.
[1684119118] Auto-save of retention data completed successfully.
[1684122718] Auto-save of retention data completed successfully.
