[1688011200] LOG ROTATION: DAILY
[1688011200] LOG VERSION: 2.0
[1688011200] CURRENT HOST STATE: ADL Diagnostic;UP;HARD;1;PING OK - Packet loss = 16%, RTA = 36.83 ms
[1688011200] CURRENT HOST STATE: Blueshell;UP;HARD;1;PING OK - Packet loss = 0%, RTA = 3.26 ms
[1688011200] CURRENT HOST STATE: Cass Entel;UP;HARD;1;PING OK - Packet loss = 0%, RTA = 0.58 ms
[1688011200] CURRENT HOST STATE: Cass Telsur;UP;HARD;1;PING OK - Packet loss = 0%, RTA = 1.29 ms
[1688011200] CURRENT HOST STATE: Clinica PV Movistar;UP;HARD;1;PING OK - Packet loss = 0%, RTA = 31.43 ms
[1688011200] CURRENT HOST STATE: Clinica PV Telsur;UP;HARD;1;PING OK - Packet loss = 0%, RTA = 1.45 ms
[1688011200] CURRENT HOST STATE: Confe;UP;HARD;1;PING OK - Packet loss = 16%, RTA = 40.09 ms
[1688011200] CURRENT HOST STATE: Electric Works;UP;HARD;1;PING OK - Packet loss = 0%, RTA = 31.75 ms
[1688011200] CURRENT HOST STATE: Ext Entel;UP;HARD;1;PING OK - Packet loss = 0%, RTA = 0.63 ms
[1688011200] CURRENT HOST STATE: Ext Telsur;UP;HARD;1;PING OK - Packet loss = 0%, RTA = 1.36 ms
[1688011200] CURRENT HOST STATE: FW ADL Diagnostic;UP;HARD;1;PING OK - Packet loss = 0%, RTA = 35.58 ms
[1688011200] CURRENT HOST STATE: FW Blueshell;UP;HARD;1;PING OK - Packet loss = 0%, RTA = 3.26 ms
[1688011200] CURRENT HOST STATE: FW Cass Entel;UP;HARD;1;PING OK - Packet loss = 0%, RTA = 35.43 ms
[1688011200] CURRENT HOST STATE: FW Cass Telsur;UP;HARD;1;PING OK - Packet loss = 0%, RTA = 0.69 ms
[1688011200] CURRENT HOST STATE: FW Clinica PV Movistar;UP;HARD;1;PING OK - Packet loss = 61%, RTA = 39.18 ms
[1688011200] CURRENT HOST STATE: FW Clinica PV Telsur;UP;HARD;1;PING OK - Packet loss = 16%, RTA = 1.36 ms
[1688011200] CURRENT HOST STATE: FW Confe;UP;HARD;1;PING OK - Packet loss = 0%, RTA = 41.74 ms
[1688011200] CURRENT HOST STATE: FW Electric Works;UP;HARD;1;PING OK - Packet loss = 0%, RTA = 38.90 ms
[1688011200] CURRENT HOST STATE: FW Gore Los Lagos;UP;HARD;1;PING OK - Packet loss = 37%, RTA = 1.30 ms
[1688011200] CURRENT HOST STATE: FW Pasmar;UP;HARD;1;PING OK - Packet loss = 54%, RTA = 1.29 ms
[1688011200] CURRENT HOST STATE: Gore Los Lagos;UP;HARD;1;PING OK - Packet loss = 44%, RTA = 0.99 ms
[1688011200] CURRENT HOST STATE: Host-10.0.0.120;UP;HARD;1;PING OK - Packet loss = 0%, RTA = 0.48 ms
[1688011200] CURRENT HOST STATE: Host-10.0.0.121;UP;HARD;1;PING OK - Packet loss = 0%, RTA = 0.44 ms
[1688011200] CURRENT HOST STATE: Internet;UP;HARD;1;PING OK - Packet loss = 54%, RTA = 19.57 ms
[1688011200] CURRENT HOST STATE: Pasmar;UP;HARD;1;PING OK - Packet loss = 0%, RTA = 1.39 ms
[1688011200] CURRENT HOST STATE: Qnap NAS;UP;HARD;1;PING OK - Packet loss = 0%, RTA = 0.30 ms
[1688011200] CURRENT HOST STATE: SRV01USER_cass.cl;UP;HARD;1;PING OK - Packet loss = 0%, RTA = 2.42 ms
[1688011200] CURRENT HOST STATE: SRV04AD01.cass.cl;UP;HARD;1;PING OK - Packet loss = 0%, RTA = 1.82 ms
[1688011200] CURRENT HOST STATE: SRV05AD02_cass.cl;UP;HARD;1;PING OK - Packet loss = 0%, RTA = 1.36 ms
[1688011200] CURRENT HOST STATE: SRV11VIBE_cass.cl;UP;HARD;1;PING OK - Packet loss = 0%, RTA = 1.15 ms
[1688011200] CURRENT HOST STATE: SRV12WEB_cass.cl;UP;HARD;1;PING OK - Packet loss = 0%, RTA = 1.31 ms
[1688011200] CURRENT HOST STATE: SRVAD1.cass.pmc;UP;HARD;1;PING OK - Packet loss = 0%, RTA = 1.79 ms
[1688011200] CURRENT HOST STATE: SRVAD2.cass.pmc;UP;HARD;1;PING OK - Packet loss = 0%, RTA = 1.51 ms
[1688011200] CURRENT HOST STATE: SRVADMIN.cass.pmc;UP;HARD;1;PING OK - Packet loss = 0%, RTA = 1.68 ms
[1688011200] CURRENT HOST STATE: SRVCONT.cass.cl;UP;HARD;1;PING OK - Packet loss = 0%, RTA = 3.35 ms
[1688011200] CURRENT HOST STATE: SRVDC1.cass.pmc;DOWN;HARD;10;CRITICAL - Host Unreachable (10.0.0.123)
[1688011200] CURRENT HOST STATE: SRVDNS;UP;HARD;1;PING OK - Packet loss = 0%, RTA = 1.08 ms
[1688011200] CURRENT HOST STATE: SRVMFSD;UP;HARD;1;PING OK - Packet loss = 0%, RTA = 1.33 ms
[1688011200] CURRENT HOST STATE: SRV_Cfiler.cass.cl;UP;HARD;1;PING OK - Packet loss = 0%, RTA = 0.68 ms
[1688011200] CURRENT HOST STATE: SRV_Oraculo_cass.cl;DOWN;HARD;10;CRITICAL - Host Unreachable (10.0.2.6)
[1688011200] CURRENT HOST STATE: SRV_SOS2021.cass.cl;UP;HARD;1;PING OK - Packet loss = 0%, RTA = 0.55 ms
[1688011200] CURRENT HOST STATE: SRV_SUM;UP;HARD;1;PING OK - Packet loss = 0%, RTA = 0.74 ms
[1688011200] CURRENT HOST STATE: SRV_chat.cass.cl;UP;HARD;1;PING OK - Packet loss = 0%, RTA = 0.50 ms
[1688011200] CURRENT HOST STATE: SRV_email.cass.cl;UP;HARD;1;PING OK - Packet loss = 0%, RTA = 1.29 ms
[1688011200] CURRENT HOST STATE: SRV_nagios;UP;HARD;1;PING OK - Packet loss = 0%, RTA = 0.08 ms
[1688011200] CURRENT HOST STATE: SRV_sync.cass.cl;UP;HARD;1;PING OK - Packet loss = 0%, RTA = 1.11 ms
[1688011200] CURRENT HOST STATE: Servidor Vcenter;UP;HARD;1;PING OK - Packet loss = 0%, RTA = 0.58 ms
[1688011200] CURRENT HOST STATE: Servidores CASS;UP;HARD;1;PING OK - Packet loss = 0%, RTA = 1.22 ms
[1688011200] CURRENT HOST STATE: Ups Principal;UP;HARD;1;PING OK - Packet loss = 0%, RTA = 0.83 ms
[1688011200] CURRENT HOST STATE: Veeam2023.cass.pmc;UP;HARD;1;PING OK - Packet loss = 0%, RTA = 1.55 ms
[1688011200] CURRENT HOST STATE: web_cass_cl;UP;HARD;1;PING OK - Packet loss = 0%, RTA = 0.65 ms
[1688011200] CURRENT SERVICE STATE: ADL Diagnostic;Ping;OK;HARD;1;PING OK - Packet loss = 0%, RTA = 36.74 ms
[1688011200] CURRENT SERVICE STATE: Blueshell;Ping;OK;HARD;1;PING OK - Packet loss = 0%, RTA = 3.16 ms
[1688011200] CURRENT SERVICE STATE: Clinica PV Movistar;Ping;OK;HARD;1;PING OK - Packet loss = 16%, RTA = 31.40 ms
[1688011200] CURRENT SERVICE STATE: Confe;Ping;OK;HARD;1;PING OK - Packet loss = 0%, RTA = 50.58 ms
[1688011200] CURRENT SERVICE STATE: Electric Works;Ping;OK;HARD;1;PING OK - Packet loss = 16%, RTA = 31.77 ms
[1688011200] CURRENT SERVICE STATE: Ext Telsur;Ping;OK;HARD;1;PING OK - Packet loss = 0%, RTA = 1.17 ms
[1688011200] CURRENT SERVICE STATE: FW ADL Diagnostic;Ping;OK;HARD;1;PING OK - Packet loss = 0%, RTA = 35.65 ms
[1688011200] CURRENT SERVICE STATE: FW Blueshell;Ping;OK;HARD;1;PING OK - Packet loss = 54%, RTA = 3.27 ms
[1688011200] CURRENT SERVICE STATE: FW Cass Entel;Ping;OK;HARD;1;PING OK - Packet loss = 0%, RTA = 35.37 ms
[1688011200] CURRENT SERVICE STATE: FW Cass Telsur;Ancho de Banda DMZ;OK;HARD;1;OK - Average IN: 3.28KB (0.00%), Average OUT: 5.86KB (0.00%)Total RX: 1.36GBytes, Total TX: 2.26GBytes
[1688011200] CURRENT SERVICE STATE: FW Cass Telsur;Ancho de Banda LAN;OK;HARD;1;OK - Average IN: 1.59KB (0.00%), Average OUT: 2.91KB (0.00%)Total RX: 33.50GBytes, Total TX: 22.46GBytes
[1688011200] CURRENT SERVICE STATE: FW Cass Telsur;Ancho de Banda WAN;OK;HARD;1;OK - Average IN: 441.47B (0.00%), Average OUT: 187.67B (0.00%)Total RX: 102.95GBytes, Total TX: 196.45GBytes
[1688011200] CURRENT SERVICE STATE: FW Cass Telsur;Estado Puerto DMZ;OK;HARD;1;OK: Interface eth2 (index 4) is up.
[1688011200] CURRENT SERVICE STATE: FW Cass Telsur;Estado Puerto LAN;OK;HARD;1;OK: Interface eth0 (index 2) is up.
[1688011200] CURRENT SERVICE STATE: FW Cass Telsur;Estado Puerto WAN;OK;HARD;1;OK: Interface eth1 (index 3) is up.
[1688011200] CURRENT SERVICE STATE: FW Cass Telsur;Estado TCP Sophos;OK;HARD;1;TCP OK - 0.001 second response time on 201.220.96.34 port 4444
[1688011200] CURRENT SERVICE STATE: FW Cass Telsur;Ping;OK;HARD;1;PING OK - Packet loss = 0%, RTA = 0.59 ms
[1688011200] CURRENT SERVICE STATE: FW Cass Telsur;Tiempo Activo;OK;HARD;1;SNMP OK - Timeticks: (9428027) 1 day, 2:11:20.27
[1688011200] CURRENT SERVICE STATE: FW Clinica PV Movistar;Ping;OK;HARD;1;PING OK - Packet loss = 28%, RTA = 39.22 ms
[1688011200] CURRENT SERVICE STATE: FW Confe;Ping;OK;HARD;1;PING OK - Packet loss = 0%, RTA = 40.08 ms
[1688011200] CURRENT SERVICE STATE: FW Electric Works;Ping;OK;HARD;1;PING OK - Packet loss = 0%, RTA = 38.95 ms
[1688011200] CURRENT SERVICE STATE: FW Gore Los Lagos;Ping;OK;HARD;1;PING OK - Packet loss = 58%, RTA = 1.35 ms
[1688011200] CURRENT SERVICE STATE: FW Pasmar;Ping;OK;HARD;1;PING OK - Packet loss = 0%, RTA = 1.41 ms
[1688011200] CURRENT SERVICE STATE: Gore Los Lagos;Ping;OK;HARD;1;PING OK - Packet loss = 0%, RTA = 1.13 ms
[1688011200] CURRENT SERVICE STATE: Host-10.0.0.120;Ping;OK;HARD;1;PING OK - Packet loss = 0%, RTA = 0.59 ms
[1688011200] CURRENT SERVICE STATE: Host-10.0.0.121;Ping;OK;HARD;1;PING OK - Packet loss = 0%, RTA = 0.41 ms
[1688011200] CURRENT SERVICE STATE: Pasmar;Ping;OK;HARD;1;PING OK - Packet loss = 0%, RTA = 1.41 ms
[1688011200] CURRENT SERVICE STATE: Qnap NAS;Almacenamiento;OK;HARD;1;OK: Total:50TB - Used:28TB - Free:21TB - Used Space: 57%
[1688011200] CURRENT SERVICE STATE: Qnap NAS;Estado;OK;HARD;1;Power Supply #1 - OK: GOOD
[1688011200] CURRENT SERVICE STATE: Qnap NAS;Memoria;OK;HARD;1;OK: Total:3830MB - Used:1303MB - Free:2527MB = 35%
[1688011200] CURRENT SERVICE STATE: Qnap NAS;Sysinfo;OK;HARD;1;NAS Cloud, Model TS-879U-RP, Firmware 4.3.6, Max HD number 8, No. Volume 1
[1688011200] CURRENT SERVICE STATE: Qnap NAS;Temperatura;OK;HARD;1;OK: Temperature=36C
[1688011200] CURRENT SERVICE STATE: Qnap NAS;Tiempo Activo;OK;HARD;1;SNMP OK - Timeticks: (3809146) 10:34:51.46
[1688011200] CURRENT SERVICE STATE: SRV01USER_cass.cl;Actualizacion;CRITICAL;HARD;3;Updates: 1 critical, 0 optional
[1688011200] CURRENT SERVICE STATE: SRV01USER_cass.cl;Almacenamiento C;OK;HARD;1;c:\ - total: 119.40 Gb - used: 89.18 Gb (75%) - free 30.22 Gb (25%)
[1688011200] CURRENT SERVICE STATE: SRV01USER_cass.cl;Almacenamiento U;OK;HARD;1;u:\ - total: 1023.98 Gb - used: 179.87 Gb (18%) - free 844.11 Gb (82%)
[1688011200] CURRENT SERVICE STATE: SRV01USER_cass.cl;CPU;OK;HARD;1;CPU Load 1% (5 min average)
[1688011200] CURRENT SERVICE STATE: SRV01USER_cass.cl;Memoria;OK;HARD;1;Memory usage: total:23551.21 MB - used: 9923.14 MB (42%) - free: 13628.07 MB (58%)
[1688011200] CURRENT SERVICE STATE: SRV01USER_cass.cl;Ping;OK;HARD;1;PING OK - Packet loss = 0%, RTA = 2.57 ms
[1688011200] CURRENT SERVICE STATE: SRV01USER_cass.cl;Tiempo Activo;OK;HARD;1;System Uptime - 3 day(s) 15 hour(s) 57 minute(s)
[1688011200] CURRENT SERVICE STATE: SRV04AD01.cass.cl;Ping;OK;HARD;1;PING OK - Packet loss = 0%, RTA = 1.92 ms
[1688011200] CURRENT SERVICE STATE: SRV05AD02_cass.cl;Ping;OK;HARD;1;PING OK - Packet loss = 0%, RTA = 1.52 ms
[1688011200] CURRENT SERVICE STATE: SRV11VIBE_cass.cl;Actualizacion;CRITICAL;HARD;3;Updates CRITICAL : discontinued OS Release SLE 15.1: no updates available
[1688011200] CURRENT SERVICE STATE: SRV11VIBE_cass.cl;Almacenamiento /;OK;HARD;1;DISK OK - free space: /var/tmp 78751 MiB (85.97% inode=-):
[1688011200] CURRENT SERVICE STATE: SRV11VIBE_cass.cl;CPU;OK;HARD;1;OK - load average per CPU: 0.00, 0.01, 0.00
[1688011200] CURRENT SERVICE STATE: SRV11VIBE_cass.cl;Memoria;OK;HARD;1;[MEMORY] Total: 7693 MB - Used: 3011 MB - 39% [SWAP] Total: 7944 MB - Used: 4 MB - 0%
[1688011200] CURRENT SERVICE STATE: SRV11VIBE_cass.cl;Ping;OK;HARD;1;PING OK - Packet loss = 0%, RTA = 1.09 ms
[1688011200] CURRENT SERVICE STATE: SRV11VIBE_cass.cl;Proceso Vibe;OK;HARD;1;PROCS OK: 0 processes with command name 'vibe'
[1688011200] CURRENT SERVICE STATE: SRV11VIBE_cass.cl;Procesos;OK;HARD;1;PROCS OK: 313 processes
[1688011200] CURRENT SERVICE STATE: SRV11VIBE_cass.cl;Procesos Zombies;OK;HARD;1;PROCS OK: 0 processes with STATE = Z
[1688011200] CURRENT SERVICE STATE: SRV11VIBE_cass.cl;Puerto HTTP;OK;HARD;1;TCP OK - 0.001 second response time on 10.0.2.13 port 80
[1688011200] CURRENT SERVICE STATE: SRV11VIBE_cass.cl;Puerto HTTPS;OK;HARD;1;TCP OK - 0.001 second response time on 10.0.2.13 port 443
[1688011200] CURRENT SERVICE STATE: SRV11VIBE_cass.cl;Servicio Vibe;OK;HARD;1;OK: Service vibe is running!
[1688011200] CURRENT SERVICE STATE: SRV11VIBE_cass.cl;Tiempo Activo;OK;HARD;1;Uptime OK: 68 day(s) 14 hour(s) 15 minute(s)
[1688011200] CURRENT SERVICE STATE: SRV11VIBE_cass.cl;Usuarios Login;OK;HARD;1;USERS OK - 2 users currently logged in
[1688011200] CURRENT SERVICE STATE: SRV12WEB_cass.cl;Ping;OK;HARD;1;PING OK - Packet loss = 0%, RTA = 1.08 ms
[1688011200] CURRENT SERVICE STATE: SRVAD1.cass.pmc;Ping;OK;HARD;1;PING OK - Packet loss = 0%, RTA = 1.68 ms
[1688011200] CURRENT SERVICE STATE: SRVAD2.cass.pmc;Ping;OK;HARD;1;PING OK - Packet loss = 0%, RTA = 1.33 ms
[1688011200] CURRENT SERVICE STATE: SRVADMIN.cass.pmc;Actualizacion;OK;HARD;1;OK - no pending updates.
[1688011200] CURRENT SERVICE STATE: SRVADMIN.cass.pmc;Almacenamiento;OK;HARD;1;c:\ - total: 299.66 Gb - used: 156.95 Gb (52%) - free 142.70 Gb (48%)
[1688011200] CURRENT SERVICE STATE: SRVADMIN.cass.pmc;CPU;OK;HARD;1;CPU Load 1% (5 min average)
[1688011200] CURRENT SERVICE STATE: SRVADMIN.cass.pmc;Memoria;OK;HARD;1;Memory usage: total:18171.58 MB - used: 12616.87 MB (69%) - free: 5554.71 MB (31%)
[1688011200] CURRENT SERVICE STATE: SRVADMIN.cass.pmc;Ping;OK;HARD;1;PING OK - Packet loss = 0%, RTA = 1.46 ms
[1688011200] CURRENT SERVICE STATE: SRVADMIN.cass.pmc;Tiempo Activo;OK;HARD;1;System Uptime - 7 day(s) 5 hour(s) 9 minute(s)
[1688011200] CURRENT SERVICE STATE: SRVCONT.cass.cl;Actualizacion;CRITICAL;HARD;3;Updates: 1 critical, 0 optional
[1688011200] CURRENT SERVICE STATE: SRVCONT.cass.cl;Almacenamiento;OK;HARD;1;c:\ - total: 299.33 Gb - used: 42.53 Gb (14%) - free 256.80 Gb (86%)
[1688011200] CURRENT SERVICE STATE: SRVCONT.cass.cl;CPU;OK;HARD;1;CPU Load 2% (5 min average)
[1688011200] CURRENT SERVICE STATE: SRVCONT.cass.cl;Memoria;OK;HARD;1;Memory usage: total:14143.13 MB - used: 3511.08 MB (25%) - free: 10632.05 MB (75%)
[1688011200] CURRENT SERVICE STATE: SRVCONT.cass.cl;Ping;OK;HARD;1;PING OK - Packet loss = 0%, RTA = 3.25 ms
[1688011200] CURRENT SERVICE STATE: SRVCONT.cass.cl;Tiempo Activo;OK;HARD;1;System Uptime - 13 day(s) 2 hour(s) 8 minute(s)
[1688011200] CURRENT SERVICE STATE: SRVDC1.cass.pmc;Ping;CRITICAL;HARD;1;CRITICAL - Host Unreachable (10.0.0.123)
[1688011200] CURRENT SERVICE STATE: SRVDNS;Ping;OK;HARD;1;PING OK - Packet loss = 0%, RTA = 1.10 ms
[1688011200] CURRENT SERVICE STATE: SRVMFSD;Ping;OK;HARD;1;PING OK - Packet loss = 37%, RTA = 1.32 ms
[1688011200] CURRENT SERVICE STATE: SRV_Cfiler.cass.cl;Actualizacion;OK;HARD;1;Updates OK : no updates available
[1688011200] CURRENT SERVICE STATE: SRV_Cfiler.cass.cl;Almacenamiento /;OK;HARD;1;DISK OK - free space: / 2479314 MB (73% inode=-):
[1688011200] CURRENT SERVICE STATE: SRV_Cfiler.cass.cl;CPU;OK;HARD;1;OK - load average: 0.11, 0.08, 0.09
[1688011200] CURRENT SERVICE STATE: SRV_Cfiler.cass.cl;Http;OK;HARD;1;TCP OK - 0.000 second response time on port 80
[1688011200] CURRENT SERVICE STATE: SRV_Cfiler.cass.cl;Https;OK;HARD;1;TCP OK - 0.000 second response time on port 443
[1688011200] CURRENT SERVICE STATE: SRV_Cfiler.cass.cl;Memoria;OK;HARD;1;[MEMORY] Total: 3893 MB - Used: 1025 MB - 26% [SWAP] Total: 2047 MB - Used: 315 MB - 15%
[1688011200] CURRENT SERVICE STATE: SRV_Cfiler.cass.cl;Procesos;OK;HARD;1;PROCS OK: 303 processes
[1688011200] CURRENT SERVICE STATE: SRV_Cfiler.cass.cl;Procesos Zombies;OK;HARD;1;PROCS OK: 0 processes with STATE = Z
[1688011200] CURRENT SERVICE STATE: SRV_Cfiler.cass.cl;Procs Apache;OK;HARD;1;PROCS OK: 11 processes with args 'apache2'
[1688011200] CURRENT SERVICE STATE: SRV_Cfiler.cass.cl;Serv Apache;OK;HARD;1;OK: Service apache is running!
[1688011200] CURRENT SERVICE STATE: SRV_Cfiler.cass.cl;Servicio General;OK;HARD;1;PING OK - Packet loss = 0%, RTA = 0.62 ms
[1688011200] CURRENT SERVICE STATE: SRV_Cfiler.cass.cl;Tiempo Activo;WARNING;HARD;3;Uptime WARNING: 71 day(s) 2 hour(s) 3 minute(s)
[1688011200] CURRENT SERVICE STATE: SRV_Cfiler.cass.cl;Usuarios Login;OK;HARD;1;USERS OK - 1 users currently logged in
[1688011200] CURRENT SERVICE STATE: SRV_Oraculo_cass.cl;Ping;CRITICAL;HARD;1;CRITICAL - Host Unreachable (10.0.2.6)
[1688011200] CURRENT SERVICE STATE: SRV_SOS2021.cass.cl;Actualizacion;OK;HARD;1;Updates OK : no updates available
[1688011200] CURRENT SERVICE STATE: SRV_SOS2021.cass.cl;Almacenamiento /;OK;HARD;1;DISK OK - free space: /var/tmp 118420 MiB (91.21% inode=-):
[1688011200] CURRENT SERVICE STATE: SRV_SOS2021.cass.cl;CPU;OK;HARD;1;OK - load average per CPU: 0.01, 0.01, 0.01
[1688011200] CURRENT SERVICE STATE: SRV_SOS2021.cass.cl;Memoria;OK;HARD;1;[MEMORY] Total: 7946 MB - Used: 1590 MB - 20% [SWAP] Total: 10239 MB - Used: 0 MB - 0%
[1688011200] CURRENT SERVICE STATE: SRV_SOS2021.cass.cl;Ping;OK;HARD;1;PING OK - Packet loss = 0%, RTA = 0.60 ms
[1688011200] CURRENT SERVICE STATE: SRV_SOS2021.cass.cl;Procesos;OK;HARD;1;PROCS OK: 324 processes
[1688011200] CURRENT SERVICE STATE: SRV_SOS2021.cass.cl;Procesos Zombies;OK;HARD;1;PROCS OK: 0 processes with STATE = Z
[1688011200] CURRENT SERVICE STATE: SRV_SOS2021.cass.cl;Tiempo Activo;OK;HARD;1;Uptime OK: 98 day(s) 11 hour(s) 37 minute(s)
[1688011200] CURRENT SERVICE STATE: SRV_SOS2021.cass.cl;Usuarios Login;OK;HARD;1;USERS OK - 0 users currently logged in
[1688011200] CURRENT SERVICE STATE: SRV_SUM;Ping;OK;HARD;1;PING OK - Packet loss = 0%, RTA = 0.68 ms
[1688011200] CURRENT SERVICE STATE: SRV_chat.cass.cl;Actualizacion;OK;HARD;1;Updates OK : no updates available
[1688011200] CURRENT SERVICE STATE: SRV_chat.cass.cl;Almacenamiento /;OK;HARD;1;DISK OK - free space: /var/tmp 972508 MiB (93.05% inode=-):
[1688011200] CURRENT SERVICE STATE: SRV_chat.cass.cl;CPU;OK;HARD;1;OK - load average per CPU: 0.10, 0.08, 0.06
[1688011200] CURRENT SERVICE STATE: SRV_chat.cass.cl;Memoria;OK;HARD;1;[MEMORY] Total: 7919 MB - Used: 2916 MB - 36% [SWAP] Total: 2048 MB - Used: 485 MB - 23%
[1688011200] CURRENT SERVICE STATE: SRV_chat.cass.cl;Ping;OK;HARD;1;PING OK - Packet loss = 0%, RTA = 0.54 ms
[1688011200] CURRENT SERVICE STATE: SRV_chat.cass.cl;Proceso Docker;OK;HARD;1;PROCS OK: 0 processes with command name 'docker'
[1688011200] CURRENT SERVICE STATE: SRV_chat.cass.cl;Proceso Nginx;OK;HARD;1;PROCS OK: 3 processes with command name 'nginx'
[1688011200] CURRENT SERVICE STATE: SRV_chat.cass.cl;Procesos;OK;HARD;1;PROCS OK: 299 processes
[1688011200] CURRENT SERVICE STATE: SRV_chat.cass.cl;Procesos Zombies;OK;HARD;1;PROCS OK: 0 processes with STATE = Z
[1688011200] CURRENT SERVICE STATE: SRV_chat.cass.cl;Puerto Contenedor;OK;HARD;1;TCP OK - 0.000 second response time on port 8000
[1688011200] CURRENT SERVICE STATE: SRV_chat.cass.cl;Puerto HTTP;OK;HARD;1;TCP OK - 0.000 second response time on port 80
[1688011200] CURRENT SERVICE STATE: SRV_chat.cass.cl;Puerto HTTPS;OK;HARD;1;TCP OK - 0.000 second response time on port 443
[1688011200] CURRENT SERVICE STATE: SRV_chat.cass.cl;Puerto Portainer;OK;HARD;1;TCP OK - 0.000 second response time on port 9443
[1688011200] CURRENT SERVICE STATE: SRV_chat.cass.cl;Servicio Docker;OK;HARD;1;OK: Service docker is running!
[1688011200] CURRENT SERVICE STATE: SRV_chat.cass.cl;Servicio Nginx;OK;HARD;1;OK: Service nginx is running!
[1688011200] CURRENT SERVICE STATE: SRV_chat.cass.cl;Usuarios Login;OK;HARD;1;USERS OK - 2 users currently logged in
[1688011200] CURRENT SERVICE STATE: SRV_email.cass.cl;Actualizacion;OK;HARD;1;Updates OK : no updates available
[1688011200] CURRENT SERVICE STATE: SRV_email.cass.cl;Almacenamiento /;OK;HARD;1;DISK OK - free space: /var/tmp 476345 MiB (94.02% inode=-):
[1688011200] CURRENT SERVICE STATE: SRV_email.cass.cl;Almacenamiento Mail;OK;HARD;1;DISK OK - free space: /mail 1813688 MiB (92.61% inode=99%):
[1688011200] CURRENT SERVICE STATE: SRV_email.cass.cl;Almacenamiento Mail2;OK;HARD;1;DISK OK - free space: /mail2 476658 MiB (99.87% inode=100%):
[1688011200] CURRENT SERVICE STATE: SRV_email.cass.cl;CPU;OK;HARD;1;OK - load average per CPU: 0.02, 0.02, 0.01
[1688011200] CURRENT SERVICE STATE: SRV_email.cass.cl;Correo Pop;OK;HARD;1;POP OK - 0.000 second response time on 10.0.2.25 port 110 [+OK GroupWise POP3 server ready]
[1688011200] CURRENT SERVICE STATE: SRV_email.cass.cl;Correo Smtp;OK;HARD;1;SMTP OK - 0.036 sec. response time
[1688011200] CURRENT SERVICE STATE: SRV_email.cass.cl;Memoria;OK;HARD;1;[MEMORY] Total: 11939 MB - Used: 2551 MB - 21% [SWAP] Total: 2048 MB - Used: 211 MB - 10%
[1688011200] CURRENT SERVICE STATE: SRV_email.cass.cl;Ping;OK;HARD;1;PING OK - Packet loss = 37%, RTA = 1.23 ms
[1688011200] CURRENT SERVICE STATE: SRV_email.cass.cl;Procesos;OK;HARD;1;PROCS OK: 304 processes
[1688011200] CURRENT SERVICE STATE: SRV_email.cass.cl;Procesos Zombies;OK;HARD;1;PROCS OK: 0 processes with STATE = Z
[1688011200] CURRENT SERVICE STATE: SRV_email.cass.cl;Tiempo Activo;OK;HARD;1;Uptime OK: 83 day(s) 10 hour(s) 46 minute(s)
[1688011200] CURRENT SERVICE STATE: SRV_email.cass.cl;Usuarios Login;OK;HARD;1;USERS OK - 1 users currently logged in
[1688011200] CURRENT SERVICE STATE: SRV_nagios;Actualizacion;CRITICAL;HARD;4;YUM CRITICAL: 12 Updates Available
[1688011200] CURRENT SERVICE STATE: SRV_nagios;CPU;OK;HARD;1;OK - load average: 0.05, 0.04, 0.05
[1688011200] CURRENT SERVICE STATE: SRV_nagios;Memoria;OK;HARD;1;[MEMORY] Total: 7740 MB - Used: 660 MB - 8% [SWAP] Total: 7935 MB - Used: 0 MB - 0%
[1688011200] CURRENT SERVICE STATE: SRV_nagios;PING;OK;HARD;1;PING OK - Packet loss = 0%, RTA = 0.09 ms
[1688011200] CURRENT SERVICE STATE: SRV_nagios;Procesos;OK;HARD;1;PROCS OK: 62 processes with STATE = RSZDT
[1688011200] CURRENT SERVICE STATE: SRV_nagios;Usarios Login;OK;HARD;1;USERS OK - 0 users currently logged in
[1688011200] CURRENT SERVICE STATE: SRV_sync.cass.cl;Ping;OK;HARD;1;PING OK - Packet loss = 0%, RTA = 1.52 ms
[1688011200] CURRENT SERVICE STATE: Servidor Vcenter;Ping;OK;HARD;1;PING OK - Packet loss = 0%, RTA = 0.55 ms
[1688011200] CURRENT SERVICE STATE: Servidores CASS;Ancho de Banda GE/1/0/3;OK;HARD;1;OK - Average IN: 5.56KB (0.00%), Average OUT: 5.94KB (0.00%)Total RX: 24890.60GBytes, Total TX: 58686.18GBytes
[1688011200] CURRENT SERVICE STATE: Servidores CASS;Estado Puerto 3;OK;HARD;1;OK: Interface GigabitEthernet1/0/3 (index 3) is up.
[1688011200] CURRENT SERVICE STATE: Servidores CASS;Estado Puerto 80;OK;HARD;1;TCP OK - 0.002 second response time on 10.0.0.17 port 80
[1688011200] CURRENT SERVICE STATE: Servidores CASS;Ping;OK;HARD;1;PING OK - Packet loss = 0%, RTA = 1.20 ms
[1688011200] CURRENT SERVICE STATE: Servidores CASS;Tiempo Activo;OK;HARD;1;SNMP OK - Timeticks: (851000909) 98 days, 11:53:29.09
[1688011200] CURRENT SERVICE STATE: Ups Principal;Carga;OK;HARD;1;OK: Estimated battery charge 100%, approximately 0 minutes runtime remaining.
[1688011200] CURRENT SERVICE STATE: Ups Principal;Estado;OK;HARD;1;OK: Battery Status Normal.
[1688011200] CURRENT SERVICE STATE: Ups Principal;Ping;OK;HARD;1;PING OK - Packet loss = 44%, RTA = 1.11 ms
[1688011200] CURRENT SERVICE STATE: Ups Principal;Temperatura;OK;HARD;1;OK: Battery Temperature is 23 degrees C (73.4 degrees F).
[1688011200] CURRENT SERVICE STATE: Ups Principal;Tiempo Activo;OK;HARD;1;SNMP OK - Timeticks: (39311218) 4 days, 13:11:52.18
[1688011200] CURRENT SERVICE STATE: Veeam2023.cass.pmc;Actualizacion;CRITICAL;HARD;3;Updates: 1 critical, 0 optional
[1688011200] CURRENT SERVICE STATE: Veeam2023.cass.pmc;Almacenamiento;OK;HARD;1;c:\ - total: 99.33 Gb - used: 57.48 Gb (58%) - free 41.85 Gb (42%)
[1688011200] CURRENT SERVICE STATE: Veeam2023.cass.pmc;CPU;OK;HARD;1;CPU Load 11% (5 min average)
[1688011200] CURRENT SERVICE STATE: Veeam2023.cass.pmc;Memoria;OK;HARD;1;Memory usage: total:18815.17 MB - used: 10626.07 MB (56%) - free: 8189.10 MB (44%)
[1688011200] CURRENT SERVICE STATE: Veeam2023.cass.pmc;Ping;OK;HARD;1;PING OK - Packet loss = 0%, RTA = 1.58 ms
[1688011200] CURRENT SERVICE STATE: Veeam2023.cass.pmc;Tiempo Activo;OK;HARD;1;System Uptime - 1 day(s) 8 hour(s) 11 minute(s)
[1688011200] CURRENT SERVICE STATE: web_cass_cl;Certificado;OK;HARD;1;SSL OK - Certificate '*.cass.cl' will expire in 180 days on 2023-12-26 20:59 -0300/-03.
[1688011200] CURRENT SERVICE STATE: web_cass_cl;HTTP;OK;HARD;1;HTTP OK: HTTP/1.1 302 Found - 1069 bytes in 0.169 second response time
[1688012391] SERVICE NOTIFICATION: nagiosadmin;SRV_nagios;Actualizacion;CRITICAL;notify-service-by-email;YUM CRITICAL: 12 Updates Available
[1688012391] SERVICE NOTIFICATION: andresnavarro;SRV_nagios;Actualizacion;CRITICAL;notify-service-by-email;YUM CRITICAL: 12 Updates Available
[1688012391] SERVICE NOTIFICATION: soporteti;SRV_nagios;Actualizacion;CRITICAL;notify-service-by-telegram;YUM CRITICAL: 12 Updates Available
[1688012391] SERVICE NOTIFICATION: soporteti;SRV_nagios;Actualizacion;CRITICAL;notify-service-by-email;YUM CRITICAL: 12 Updates Available
[1688012391] SERVICE NOTIFICATION: carlosstange;SRV_nagios;Actualizacion;CRITICAL;notify-service-by-telegram;YUM CRITICAL: 12 Updates Available
[1688012391] SERVICE NOTIFICATION: carlosstange;SRV_nagios;Actualizacion;CRITICAL;notify-service-by-email;YUM CRITICAL: 12 Updates Available
[1688012401] SERVICE ALERT: SRV_chat.cass.cl;Servicio Nginx;CRITICAL;SOFT;1;(No output on stdout) stderr: connect to address 10.0.0.92 port 5666: Connection refused
[1688012521] SERVICE ALERT: SRV_chat.cass.cl;Servicio Nginx;OK;SOFT;2;OK: Service nginx is running!
[1688013601] SERVICE ALERT: SRV_chat.cass.cl;Proceso Nginx;CRITICAL;SOFT;1;(No output on stdout) stderr: connect to address 10.0.0.92 port 5666: Connection refused
[1688013721] SERVICE ALERT: SRV_chat.cass.cl;Proceso Nginx;OK;SOFT;2;PROCS OK: 3 processes with command name 'nginx'
[1688014231] Auto-save of retention data completed successfully.
[1688016291] SERVICE NOTIFICATION: nagiosadmin;SRV_nagios;Actualizacion;CRITICAL;notify-service-by-email;YUM CRITICAL: 12 Updates Available
[1688016291] SERVICE NOTIFICATION: andresnavarro;SRV_nagios;Actualizacion;CRITICAL;notify-service-by-email;YUM CRITICAL: 12 Updates Available
[1688016291] SERVICE NOTIFICATION: soporteti;SRV_nagios;Actualizacion;CRITICAL;notify-service-by-telegram;YUM CRITICAL: 12 Updates Available
[1688016291] SERVICE NOTIFICATION: soporteti;SRV_nagios;Actualizacion;CRITICAL;notify-service-by-email;YUM CRITICAL: 12 Updates Available
[1688016291] SERVICE NOTIFICATION: carlosstange;SRV_nagios;Actualizacion;CRITICAL;notify-service-by-telegram;YUM CRITICAL: 12 Updates Available
[1688016291] SERVICE NOTIFICATION: carlosstange;SRV_nagios;Actualizacion;CRITICAL;notify-service-by-email;YUM CRITICAL: 12 Updates Available
[1688016601] SERVICE ALERT: SRV_Cfiler.cass.cl;Procesos;CRITICAL;SOFT;1;CHECK_NRPE: Error - Could not connect to 10.0.0.20: Connection reset by peer
[1688016601] SERVICE ALERT: SRV_chat.cass.cl;Proceso Nginx;CRITICAL;SOFT;1;(No output on stdout) stderr: connect to address 10.0.0.92 port 5666: Connection refused
[1688016721] SERVICE ALERT: SRV_Cfiler.cass.cl;Procesos;OK;SOFT;2;PROCS OK: 301 processes
[1688016721] SERVICE ALERT: SRV_chat.cass.cl;Proceso Nginx;OK;SOFT;2;PROCS OK: 3 processes with command name 'nginx'
[1688017831] Auto-save of retention data completed successfully.
[1688019891] SERVICE NOTIFICATION: nagiosadmin;SRV_nagios;Actualizacion;CRITICAL;notify-service-by-email;YUM CRITICAL: 12 Updates Available
[1688019891] SERVICE NOTIFICATION: andresnavarro;SRV_nagios;Actualizacion;CRITICAL;notify-service-by-email;YUM CRITICAL: 12 Updates Available
[1688019891] SERVICE NOTIFICATION: soporteti;SRV_nagios;Actualizacion;CRITICAL;notify-service-by-telegram;YUM CRITICAL: 12 Updates Available
[1688019891] SERVICE NOTIFICATION: soporteti;SRV_nagios;Actualizacion;CRITICAL;notify-service-by-email;YUM CRITICAL: 12 Updates Available
[1688019891] SERVICE NOTIFICATION: carlosstange;SRV_nagios;Actualizacion;CRITICAL;notify-service-by-telegram;YUM CRITICAL: 12 Updates Available
[1688019891] SERVICE NOTIFICATION: carlosstange;SRV_nagios;Actualizacion;CRITICAL;notify-service-by-email;YUM CRITICAL: 12 Updates Available
[1688021402] SERVICE ALERT: SRV_email.cass.cl;Correo Pop;UNKNOWN;SOFT;1;CHECK_NRPE: Receive header underflow - only 0 bytes received (4 expected).
[1688021431] Auto-save of retention data completed successfully.
[1688021522] SERVICE ALERT: SRV_email.cass.cl;Correo Pop;OK;SOFT;2;POP OK - 0.001 second response time on 10.0.2.25 port 110 [+OK GroupWise POP3 server ready]
[1688021586] SERVICE ALERT: SRV_chat.cass.cl;Actualizacion;CRITICAL;SOFT;1;CHECK_NRPE STATE CRITICAL: Socket timeout after 30 seconds.
[1688021589] SERVICE ALERT: SRV_Cfiler.cass.cl;Actualizacion;CRITICAL;SOFT;1;CHECK_NRPE STATE CRITICAL: Socket timeout after 30 seconds.
[1688021591] SERVICE ALERT: SRV_SOS2021.cass.cl;Actualizacion;CRITICAL;SOFT;1;CHECK_NRPE STATE CRITICAL: Socket timeout after 30 seconds.
[1688021718] SERVICE ALERT: SRV_chat.cass.cl;Actualizacion;OK;SOFT;2;Updates OK : no updates available
[1688021722] SERVICE ALERT: SRV_Cfiler.cass.cl;Actualizacion;OK;SOFT;2;Updates OK : no updates available
[1688021723] SERVICE ALERT: SRV_SOS2021.cass.cl;Actualizacion;OK;SOFT;2;Updates OK : no updates available
[1688023491] SERVICE NOTIFICATION: nagiosadmin;SRV_nagios;Actualizacion;CRITICAL;notify-service-by-email;YUM CRITICAL: 12 Updates Available
[1688023491] SERVICE NOTIFICATION: andresnavarro;SRV_nagios;Actualizacion;CRITICAL;notify-service-by-email;YUM CRITICAL: 12 Updates Available
[1688023491] SERVICE NOTIFICATION: soporteti;SRV_nagios;Actualizacion;CRITICAL;notify-service-by-telegram;YUM CRITICAL: 12 Updates Available
[1688023491] SERVICE NOTIFICATION: soporteti;SRV_nagios;Actualizacion;CRITICAL;notify-service-by-email;YUM CRITICAL: 12 Updates Available
[1688023491] SERVICE NOTIFICATION: carlosstange;SRV_nagios;Actualizacion;CRITICAL;notify-service-by-telegram;YUM CRITICAL: 12 Updates Available
[1688023491] SERVICE NOTIFICATION: carlosstange;SRV_nagios;Actualizacion;CRITICAL;notify-service-by-email;YUM CRITICAL: 12 Updates Available
[1688025031] Auto-save of retention data completed successfully.
[1688027091] SERVICE NOTIFICATION: nagiosadmin;SRV_nagios;Actualizacion;CRITICAL;notify-service-by-email;YUM CRITICAL: 12 Updates Available
[1688027091] SERVICE NOTIFICATION: andresnavarro;SRV_nagios;Actualizacion;CRITICAL;notify-service-by-email;YUM CRITICAL: 12 Updates Available
[1688027091] SERVICE NOTIFICATION: soporteti;SRV_nagios;Actualizacion;CRITICAL;notify-service-by-telegram;YUM CRITICAL: 12 Updates Available
[1688027091] SERVICE NOTIFICATION: soporteti;SRV_nagios;Actualizacion;CRITICAL;notify-service-by-email;YUM CRITICAL: 12 Updates Available
[1688027091] SERVICE NOTIFICATION: carlosstange;SRV_nagios;Actualizacion;CRITICAL;notify-service-by-telegram;YUM CRITICAL: 12 Updates Available
[1688027091] SERVICE NOTIFICATION: carlosstange;SRV_nagios;Actualizacion;CRITICAL;notify-service-by-email;YUM CRITICAL: 12 Updates Available
[1688028631] Auto-save of retention data completed successfully.
[1688028985] SERVICE ALERT: SRV_SOS2021.cass.cl;Actualizacion;UNKNOWN;SOFT;1;Updates UNKNOWN : UNKNOWN: Error message: Recv failure: Connection reset by peer
[1688028985] SERVICE ALERT: SRV_Cfiler.cass.cl;Actualizacion;UNKNOWN;SOFT;1;Updates UNKNOWN : UNKNOWN: Error message: Failed to connect to download.opensuse.org port 80: Connection refused
[1688029008] SERVICE ALERT: SRV_email.cass.cl;Actualizacion;CRITICAL;SOFT;1;CHECK_NRPE STATE CRITICAL: Socket timeout after 30 seconds.
[1688029068] SERVICE ALERT: SRV_chat.cass.cl;Actualizacion;CRITICAL;SOFT;1;CHECK_NRPE STATE CRITICAL: Socket timeout after 30 seconds.
[1688029118] SERVICE ALERT: SRV_SOS2021.cass.cl;Actualizacion;OK;SOFT;2;Updates OK : no updates available
[1688029120] SERVICE ALERT: SRV_Cfiler.cass.cl;Actualizacion;OK;SOFT;2;Updates OK : no updates available
[1688029141] SERVICE ALERT: SRV_email.cass.cl;Actualizacion;OK;SOFT;2;Updates OK : no updates available
[1688029200] SERVICE ALERT: SRV_chat.cass.cl;Actualizacion;OK;SOFT;2;Updates OK : no updates available
[1688029801] SERVICE ALERT: SRV_chat.cass.cl;Proceso Nginx;CRITICAL;SOFT;1;(No output on stdout) stderr: connect to address 10.0.0.92 port 5666: Connection refused
[1688029801] SERVICE ALERT: SRV_email.cass.cl;Actualizacion;UNKNOWN;SOFT;1;CHECK_NRPE: Receive header underflow - only 0 bytes received (4 expected).
[1688029801] SERVICE ALERT: SRV_chat.cass.cl;Servicio Nginx;CRITICAL;SOFT;1;(No output on stdout) stderr: connect to address 10.0.0.92 port 5666: Connection refused
[1688029801] SERVICE ALERT: SRV_chat.cass.cl;Actualizacion;UNKNOWN;SOFT;1;CHECK_NRPE: Receive header underflow - only 0 bytes received (4 expected).
[1688029921] SERVICE ALERT: SRV_chat.cass.cl;Proceso Nginx;OK;SOFT;2;PROCS OK: 3 processes with command name 'nginx'
[1688029921] SERVICE ALERT: SRV_chat.cass.cl;Servicio Nginx;OK;SOFT;2;OK: Service nginx is running!
[1688029934] SERVICE ALERT: SRV_chat.cass.cl;Actualizacion;OK;SOFT;2;Updates OK : no updates available
[1688029934] SERVICE ALERT: SRV_email.cass.cl;Actualizacion;OK;SOFT;2;Updates OK : no updates available
[1688030691] SERVICE NOTIFICATION: nagiosadmin;SRV_nagios;Actualizacion;CRITICAL;notify-service-by-email;YUM CRITICAL: 12 Updates Available
[1688030691] SERVICE NOTIFICATION: andresnavarro;SRV_nagios;Actualizacion;CRITICAL;notify-service-by-email;YUM CRITICAL: 12 Updates Available
[1688030691] SERVICE NOTIFICATION: soporteti;SRV_nagios;Actualizacion;CRITICAL;notify-service-by-telegram;YUM CRITICAL: 12 Updates Available
[1688030691] SERVICE NOTIFICATION: soporteti;SRV_nagios;Actualizacion;CRITICAL;notify-service-by-email;YUM CRITICAL: 12 Updates Available
[1688030691] SERVICE NOTIFICATION: carlosstange;SRV_nagios;Actualizacion;CRITICAL;notify-service-by-telegram;YUM CRITICAL: 12 Updates Available
[1688030691] SERVICE NOTIFICATION: carlosstange;SRV_nagios;Actualizacion;CRITICAL;notify-service-by-email;YUM CRITICAL: 12 Updates Available
[1688032231] Auto-save of retention data completed successfully.
[1688032801] SERVICE ALERT: SRV_chat.cass.cl;Servicio Nginx;CRITICAL;SOFT;1;(No output on stdout) stderr: connect to address 10.0.0.92 port 5666: Connection refused
[1688032921] SERVICE ALERT: SRV_chat.cass.cl;Servicio Nginx;OK;SOFT;2;OK: Service nginx is running!
[1688034591] SERVICE NOTIFICATION: nagiosadmin;SRV_nagios;Actualizacion;CRITICAL;notify-service-by-email;YUM CRITICAL: 12 Updates Available
[1688034591] SERVICE NOTIFICATION: andresnavarro;SRV_nagios;Actualizacion;CRITICAL;notify-service-by-email;YUM CRITICAL: 12 Updates Available
[1688034591] SERVICE NOTIFICATION: soporteti;SRV_nagios;Actualizacion;CRITICAL;notify-service-by-telegram;YUM CRITICAL: 12 Updates Available
[1688034591] SERVICE NOTIFICATION: soporteti;SRV_nagios;Actualizacion;CRITICAL;notify-service-by-email;YUM CRITICAL: 12 Updates Available
[1688034591] SERVICE NOTIFICATION: carlosstange;SRV_nagios;Actualizacion;CRITICAL;notify-service-by-telegram;YUM CRITICAL: 12 Updates Available
[1688034591] SERVICE NOTIFICATION: carlosstange;SRV_nagios;Actualizacion;CRITICAL;notify-service-by-email;YUM CRITICAL: 12 Updates Available
[1688035201] SERVICE ALERT: SRV_chat.cass.cl;Proceso Nginx;CRITICAL;SOFT;1;(No output on stdout) stderr: connect to address 10.0.0.92 port 5666: Connection refused
[1688035321] SERVICE ALERT: SRV_chat.cass.cl;Proceso Nginx;OK;SOFT;2;PROCS OK: 3 processes with command name 'nginx'
[1688035831] Auto-save of retention data completed successfully.
[1688038491] SERVICE NOTIFICATION: nagiosadmin;SRV_nagios;Actualizacion;CRITICAL;notify-service-by-email;YUM CRITICAL: 12 Updates Available
[1688038491] SERVICE NOTIFICATION: andresnavarro;SRV_nagios;Actualizacion;CRITICAL;notify-service-by-email;YUM CRITICAL: 12 Updates Available
[1688038491] SERVICE NOTIFICATION: soporteti;SRV_nagios;Actualizacion;CRITICAL;notify-service-by-telegram;YUM CRITICAL: 12 Updates Available
[1688038491] SERVICE NOTIFICATION: soporteti;SRV_nagios;Actualizacion;CRITICAL;notify-service-by-email;YUM CRITICAL: 12 Updates Available
[1688038491] SERVICE NOTIFICATION: carlosstange;SRV_nagios;Actualizacion;CRITICAL;notify-service-by-telegram;YUM CRITICAL: 12 Updates Available
[1688038491] SERVICE NOTIFICATION: carlosstange;SRV_nagios;Actualizacion;CRITICAL;notify-service-by-email;YUM CRITICAL: 12 Updates Available
[1688039431] Auto-save of retention data completed successfully.
[1688039719] HOST NOTIFICATION: nagiosadmin;SRVDC1.cass.pmc;UP;notify-host-by-email;PING OK - Packet loss = 0%, RTA = 1.40 ms
[1688039719] HOST NOTIFICATION: andresnavarro;SRVDC1.cass.pmc;UP;notify-host-by-email;PING OK - Packet loss = 0%, RTA = 1.40 ms
[1688039719] HOST NOTIFICATION: soporteti;SRVDC1.cass.pmc;UP;notify-host-by-telegram;PING OK - Packet loss = 0%, RTA = 1.40 ms
[1688039719] HOST NOTIFICATION: soporteti;SRVDC1.cass.pmc;UP;notify-host-by-email;PING OK - Packet loss = 0%, RTA = 1.40 ms
[1688039719] HOST NOTIFICATION: carlosstange;SRVDC1.cass.pmc;UP;notify-host-by-telegram;PING OK - Packet loss = 0%, RTA = 1.40 ms
[1688039719] HOST NOTIFICATION: carlosstange;SRVDC1.cass.pmc;UP;notify-host-by-email;PING OK - Packet loss = 0%, RTA = 1.40 ms
[1688039719] HOST ALERT: SRVDC1.cass.pmc;UP;HARD;1;PING OK - Packet loss = 0%, RTA = 1.40 ms
[1688039735] SERVICE ALERT: SRVDC1.cass.pmc;Ping;OK;HARD;1;PING OK - Packet loss = 0%, RTA = 1.09 ms
[1688041042] SERVICE ALERT: Veeam2023.cass.pmc;Almacenamiento;WARNING;SOFT;1;c:\ - total: 99.33 Gb - used: 89.52 Gb (90%) - free 9.81 Gb (10%)
[1688041165] SERVICE ALERT: Veeam2023.cass.pmc;Almacenamiento;WARNING;SOFT;2;c:\ - total: 99.33 Gb - used: 89.54 Gb (90%) - free 9.79 Gb (10%)
[1688041285] SERVICE NOTIFICATION: nagiosadmin;Veeam2023.cass.pmc;Almacenamiento;WARNING;notify-service-by-email;c:\ - total: 99.33 Gb - used: 89.53 Gb (90%) - free 9.80 Gb (10%)
[1688041285] SERVICE NOTIFICATION: andresnavarro;Veeam2023.cass.pmc;Almacenamiento;WARNING;notify-service-by-email;c:\ - total: 99.33 Gb - used: 89.53 Gb (90%) - free 9.80 Gb (10%)
[1688041285] SERVICE NOTIFICATION: soporteti;Veeam2023.cass.pmc;Almacenamiento;WARNING;notify-service-by-telegram;c:\ - total: 99.33 Gb - used: 89.53 Gb (90%) - free 9.80 Gb (10%)
[1688041285] SERVICE NOTIFICATION: soporteti;Veeam2023.cass.pmc;Almacenamiento;WARNING;notify-service-by-email;c:\ - total: 99.33 Gb - used: 89.53 Gb (90%) - free 9.80 Gb (10%)
[1688041285] SERVICE NOTIFICATION: carlosstange;Veeam2023.cass.pmc;Almacenamiento;WARNING;notify-service-by-telegram;c:\ - total: 99.33 Gb - used: 89.53 Gb (90%) - free 9.80 Gb (10%)
[1688041285] SERVICE NOTIFICATION: carlosstange;Veeam2023.cass.pmc;Almacenamiento;WARNING;notify-service-by-email;c:\ - total: 99.33 Gb - used: 89.53 Gb (90%) - free 9.80 Gb (10%)
[1688041285] SERVICE ALERT: Veeam2023.cass.pmc;Almacenamiento;WARNING;HARD;3;c:\ - total: 99.33 Gb - used: 89.53 Gb (90%) - free 9.80 Gb (10%)
[1688041318] SERVICE ALERT: Servidores CASS;Ancho de Banda GE/1/0/3;WARNING;SOFT;1;WARNING - OUT bandwidth (88.81%) too high
[1688041438] SERVICE ALERT: Servidores CASS;Ancho de Banda GE/1/0/3;OK;SOFT;2;OK - Average IN: 144.05KB (0.12%), Average OUT: 56.55MB (45.24%)Total RX: 24893.50GBytes, Total TX: 58728.03GBytes
[1688042091] SERVICE NOTIFICATION: nagiosadmin;SRV_nagios;Actualizacion;CRITICAL;notify-service-by-email;YUM CRITICAL: 12 Updates Available
[1688042091] SERVICE NOTIFICATION: andresnavarro;SRV_nagios;Actualizacion;CRITICAL;notify-service-by-email;YUM CRITICAL: 12 Updates Available
[1688042091] SERVICE NOTIFICATION: soporteti;SRV_nagios;Actualizacion;CRITICAL;notify-service-by-telegram;YUM CRITICAL: 12 Updates Available
[1688042091] SERVICE NOTIFICATION: soporteti;SRV_nagios;Actualizacion;CRITICAL;notify-service-by-email;YUM CRITICAL: 12 Updates Available
[1688042091] SERVICE NOTIFICATION: carlosstange;SRV_nagios;Actualizacion;CRITICAL;notify-service-by-telegram;YUM CRITICAL: 12 Updates Available
[1688042091] SERVICE NOTIFICATION: carlosstange;SRV_nagios;Actualizacion;CRITICAL;notify-service-by-email;YUM CRITICAL: 12 Updates Available
[1688042665] SERVICE NOTIFICATION: nagiosadmin;Veeam2023.cass.pmc;Almacenamiento;OK;notify-service-by-email;c:\ - total: 99.33 Gb - used: 58.55 Gb (59%) - free 40.78 Gb (41%)
[1688042665] SERVICE NOTIFICATION: andresnavarro;Veeam2023.cass.pmc;Almacenamiento;OK;notify-service-by-email;c:\ - total: 99.33 Gb - used: 58.55 Gb (59%) - free 40.78 Gb (41%)
[1688042665] SERVICE NOTIFICATION: soporteti;Veeam2023.cass.pmc;Almacenamiento;OK;notify-service-by-telegram;c:\ - total: 99.33 Gb - used: 58.55 Gb (59%) - free 40.78 Gb (41%)
[1688042665] SERVICE NOTIFICATION: soporteti;Veeam2023.cass.pmc;Almacenamiento;OK;notify-service-by-email;c:\ - total: 99.33 Gb - used: 58.55 Gb (59%) - free 40.78 Gb (41%)
[1688042665] SERVICE NOTIFICATION: carlosstange;Veeam2023.cass.pmc;Almacenamiento;OK;notify-service-by-telegram;c:\ - total: 99.33 Gb - used: 58.55 Gb (59%) - free 40.78 Gb (41%)
[1688042665] SERVICE NOTIFICATION: carlosstange;Veeam2023.cass.pmc;Almacenamiento;OK;notify-service-by-email;c:\ - total: 99.33 Gb - used: 58.55 Gb (59%) - free 40.78 Gb (41%)
[1688042665] SERVICE ALERT: Veeam2023.cass.pmc;Almacenamiento;OK;HARD;1;c:\ - total: 99.33 Gb - used: 58.55 Gb (59%) - free 40.78 Gb (41%)
[1688043031] Auto-save of retention data completed successfully.
[1688044201] SERVICE ALERT: SRV_chat.cass.cl;Servicio Nginx;CRITICAL;SOFT;1;(No output on stdout) stderr: connect to address 10.0.0.92 port 5666: Connection refused
[1688044201] SERVICE ALERT: SRV_chat.cass.cl;Proceso Nginx;CRITICAL;SOFT;1;(No output on stdout) stderr: connect to address 10.0.0.92 port 5666: Connection refused
[1688044321] SERVICE ALERT: SRV_chat.cass.cl;Servicio Nginx;OK;SOFT;2;OK: Service nginx is running!
[1688044321] SERVICE ALERT: SRV_chat.cass.cl;Proceso Nginx;OK;SOFT;2;PROCS OK: 3 processes with command name 'nginx'
[1688044378] SERVICE ALERT: Servidores CASS;Ancho de Banda GE/1/0/3;WARNING;SOFT;1;WARNING - IN bandwidth (85.56%) too high
[1688044499] SERVICE ALERT: Servidores CASS;Ancho de Banda GE/1/0/3;OK;SOFT;2;OK - Average IN: 5.27MB (4.21%), Average OUT: 5.08MB (4.06%)Total RX: 24907.27GBytes, Total TX: 58742.90GBytes
[1688044850] SERVICE ALERT: FW Cass Telsur;Ancho de Banda DMZ;UNKNOWN;SOFT;1;UNKNOWN: Improper interface status, status received: DNE - No response from remote host "201.220.96.34"
[1688044970] SERVICE ALERT: FW Cass Telsur;Ancho de Banda DMZ;OK;SOFT;2;OK - Average IN: 17.38KB (0.01%), Average OUT: 11.01KB (0.01%)Total RX: 1.66GBytes, Total TX: 2.50GBytes
[1688045991] SERVICE NOTIFICATION: nagiosadmin;SRV_nagios;Actualizacion;CRITICAL;notify-service-by-email;YUM CRITICAL: 12 Updates Available
[1688045991] SERVICE NOTIFICATION: andresnavarro;SRV_nagios;Actualizacion;CRITICAL;notify-service-by-email;YUM CRITICAL: 12 Updates Available
[1688045991] SERVICE NOTIFICATION: soporteti;SRV_nagios;Actualizacion;CRITICAL;notify-service-by-telegram;YUM CRITICAL: 12 Updates Available
[1688045991] SERVICE NOTIFICATION: soporteti;SRV_nagios;Actualizacion;CRITICAL;notify-service-by-email;YUM CRITICAL: 12 Updates Available
[1688045991] SERVICE NOTIFICATION: carlosstange;SRV_nagios;Actualizacion;CRITICAL;notify-service-by-telegram;YUM CRITICAL: 12 Updates Available
[1688045991] SERVICE NOTIFICATION: carlosstange;SRV_nagios;Actualizacion;CRITICAL;notify-service-by-email;YUM CRITICAL: 12 Updates Available
[1688046001] SERVICE ALERT: SRV_chat.cass.cl;Servicio Nginx;CRITICAL;SOFT;1;(No output on stdout) stderr: connect to address 10.0.0.92 port 5666: Connection refused
[1688046121] SERVICE ALERT: SRV_chat.cass.cl;Servicio Nginx;OK;SOFT;2;OK: Service nginx is running!
[1688046130] SERVICE ALERT: SRV_Cfiler.cass.cl;Actualizacion;CRITICAL;SOFT;1;CHECK_NRPE STATE CRITICAL: Socket timeout after 30 seconds.
[1688046184] wproc: Core Worker 11599: job 2542267 (pid=27034) timed out. Killing it
[1688046184] wproc: CHECK job 2542267 from worker Core Worker 11599 timed out after 30.01s
[1688046184] wproc:   host=SRVDNS; service=(null);
[1688046184] wproc:   early_timeout=1; exited_ok=0; wait_status=0; error_code=62;
[1688046184] Warning: Check of host 'SRVDNS' timed out after 30.01 seconds
[1688046184] HOST ALERT: SRVDNS;DOWN;SOFT;1;(Host check timed out after 30.01 seconds)
[1688046184] wproc: Core Worker 11599: job 2542267 (pid=27034): Dormant child reaped
[1688046205] HOST ALERT: SRVDNS;UP;SOFT;1;PING OK - Packet loss = 16%, RTA = 1.04 ms
[1688046262] SERVICE ALERT: SRV_Cfiler.cass.cl;Actualizacion;OK;SOFT;2;Updates OK : no updates available
[1688046601] SERVICE ALERT: SRV_chat.cass.cl;Proceso Nginx;CRITICAL;SOFT;1;(No output on stdout) stderr: connect to address 10.0.0.92 port 5666: Connection refused
[1688046631] Auto-save of retention data completed successfully.
[1688046721] SERVICE ALERT: SRV_chat.cass.cl;Proceso Nginx;OK;SOFT;2;PROCS OK: 3 processes with command name 'nginx'
[1688046946] SERVICE ALERT: FW Cass Telsur;Ancho de Banda WAN;CRITICAL;SOFT;1;(No output on stdout) stderr:
[1688047020] SERVICE ALERT: FW Cass Telsur;Ancho de Banda DMZ;CRITICAL;SOFT;1;(No output on stdout) stderr:
[1688047067] SERVICE ALERT: FW Cass Telsur;Ancho de Banda WAN;OK;SOFT;2;OK - Average IN: 220.14B (0.00%), Average OUT: 85.92B (0.00%)Total RX: 173.04GBytes, Total TX: 337.16GBytes
[1688047140] SERVICE ALERT: FW Cass Telsur;Ancho de Banda DMZ;OK;SOFT;2;OK - Average IN: 5.82KB (0.00%), Average OUT: 11.78KB (0.01%)Total RX: 1.74GBytes, Total TX: 2.52GBytes
[1688047388] SERVICE ALERT: SRV_SOS2021.cass.cl;Actualizacion;CRITICAL;SOFT;1;CHECK_NRPE STATE CRITICAL: Socket timeout after 30 seconds.
[1688047521] SERVICE ALERT: SRV_SOS2021.cass.cl;Actualizacion;OK;SOFT;2;Updates OK : no updates available
[1688047784] SERVICE ALERT: SRV_email.cass.cl;Actualizacion;CRITICAL;SOFT;1;CHECK_NRPE STATE CRITICAL: Socket timeout after 30 seconds.
[1688047801] SERVICE ALERT: SRV_Cfiler.cass.cl;Procesos;UNKNOWN;SOFT;1;CHECK_NRPE: Receive header underflow - only 0 bytes received (4 expected).
[1688047916] SERVICE ALERT: SRV_email.cass.cl;Actualizacion;OK;SOFT;2;Updates OK : no updates available
[1688047921] SERVICE ALERT: SRV_Cfiler.cass.cl;Procesos;OK;SOFT;2;PROCS OK: 304 processes
[1688047990] SERVICE ALERT: FW Cass Telsur;Ancho de Banda DMZ;CRITICAL;SOFT;1;(No output on stdout) stderr:
[1688048097] SERVICE ALERT: FW Cass Telsur;Ancho de Banda WAN;CRITICAL;SOFT;1;(No output on stdout) stderr:
[1688048120] SERVICE ALERT: FW Cass Telsur;Ancho de Banda DMZ;CRITICAL;SOFT;2;(No output on stdout) stderr:
[1688048217] SERVICE ALERT: FW Cass Telsur;Ancho de Banda WAN;OK;SOFT;2;OK - Average IN: 281.42B (0.00%), Average OUT: 111.07B (0.00%)Total RX: 173.04GBytes, Total TX: 337.16GBytes
[1688048241] SERVICE ALERT: FW Cass Telsur;Ancho de Banda DMZ;OK;SOFT;3;OK - Average IN: 11.89KB (0.01%), Average OUT: 7.87KB (0.01%)Total RX: 1.75GBytes, Total TX: 2.54GBytes
[1688048401] SERVICE ALERT: SRV_email.cass.cl;Actualizacion;UNKNOWN;SOFT;1;CHECK_NRPE: Receive header underflow - only 0 bytes received (4 expected).
[1688048452] SERVICE ALERT: SRV_Cfiler.cass.cl;Actualizacion;CRITICAL;SOFT;1;CHECK_NRPE STATE CRITICAL: Socket timeout after 30 seconds.
[1688048534] SERVICE ALERT: SRV_email.cass.cl;Actualizacion;OK;SOFT;2;Updates OK : no updates available
[1688048584] SERVICE ALERT: SRV_Cfiler.cass.cl;Actualizacion;OK;SOFT;2;Updates OK : no updates available
[1688048707] SERVICE ALERT: FW Cass Telsur;Ancho de Banda WAN;CRITICAL;SOFT;1;(No output on stdout) stderr:
[1688048827] SERVICE ALERT: FW Cass Telsur;Ancho de Banda WAN;OK;SOFT;2;OK - Average IN: 286.84B (0.00%), Average OUT: 111.07B (0.00%)Total RX: 173.04GBytes, Total TX: 337.16GBytes
[1688049092] SERVICE ALERT: FW Cass Telsur;Ancho de Banda DMZ;CRITICAL;SOFT;1;(No output on stdout) stderr:
[1688049217] SERVICE ALERT: FW Cass Telsur;Ancho de Banda DMZ;OK;SOFT;2;OK - Average IN: 11.01KB (0.01%), Average OUT: 10.09KB (0.01%)Total RX: 1.77GBytes, Total TX: 2.55GBytes
[1688049344] SERVICE ALERT: SRV_chat.cass.cl;Actualizacion;CRITICAL;SOFT;1;CHECK_NRPE STATE CRITICAL: Socket timeout after 30 seconds.
[1688049476] SERVICE ALERT: SRV_chat.cass.cl;Actualizacion;OK;SOFT;2;Updates OK : no updates available
[1688049601] SERVICE ALERT: SRV_chat.cass.cl;Servicio Nginx;CRITICAL;SOFT;1;(No output on stdout) stderr: connect to address 10.0.0.92 port 5666: Connection refused
[1688049602] SERVICE ALERT: SRV_chat.cass.cl;Actualizacion;UNKNOWN;SOFT;1;CHECK_NRPE: Receive header underflow - only 0 bytes received (4 expected).
[1688049722] SERVICE ALERT: SRV_chat.cass.cl;Servicio Nginx;OK;SOFT;2;OK: Service nginx is running!
[1688049733] SERVICE ALERT: SRV_chat.cass.cl;Actualizacion;OK;SOFT;2;Updates OK : no updates available
[1688049755] SERVICE ALERT: FW Cass Telsur;Estado Puerto WAN;WARNING;SOFT;1;WARNING: SNMP error: No response from remote host "201.220.96.34"
[1688049829] SERVICE ALERT: FW Cass Telsur;Estado Puerto DMZ;WARNING;SOFT;1;WARNING: SNMP error: No response from remote host "201.220.96.34"
[1688049875] SERVICE ALERT: FW Cass Telsur;Estado Puerto WAN;OK;SOFT;2;OK: Interface eth1 (index 3) is up.
[1688049881] SERVICE ALERT: FW Cass Telsur;Ancho de Banda LAN;CRITICAL;SOFT;1;(No output on stdout) stderr:
[1688049894] SERVICE NOTIFICATION: nagiosadmin;SRV_nagios;Actualizacion;CRITICAL;notify-service-by-email;YUM CRITICAL: 12 Updates Available
[1688049894] SERVICE NOTIFICATION: andresnavarro;SRV_nagios;Actualizacion;CRITICAL;notify-service-by-email;YUM CRITICAL: 12 Updates Available
[1688049894] SERVICE NOTIFICATION: soporteti;SRV_nagios;Actualizacion;CRITICAL;notify-service-by-telegram;YUM CRITICAL: 12 Updates Available
[1688049894] SERVICE NOTIFICATION: soporteti;SRV_nagios;Actualizacion;CRITICAL;notify-service-by-email;YUM CRITICAL: 12 Updates Available
[1688049894] SERVICE NOTIFICATION: carlosstange;SRV_nagios;Actualizacion;CRITICAL;notify-service-by-telegram;YUM CRITICAL: 12 Updates Available
[1688049894] SERVICE NOTIFICATION: carlosstange;SRV_nagios;Actualizacion;CRITICAL;notify-service-by-email;YUM CRITICAL: 12 Updates Available
[1688049949] SERVICE ALERT: FW Cass Telsur;Estado Puerto DMZ;OK;SOFT;2;OK: Interface eth2 (index 4) is up.
[1688050001] SERVICE ALERT: FW Cass Telsur;Ancho de Banda LAN;OK;SOFT;2;OK - Average IN: 59.45KB (0.05%), Average OUT: 436.05KB (0.35%)Total RX: 47.62GBytes, Total TX: 27.62GBytes
[1688050231] Auto-save of retention data completed successfully.
[1688050728] SERVICE ALERT: FW Cass Telsur;Ancho de Banda DMZ;CRITICAL;SOFT;1;(No output on stdout) stderr:
[1688050786] SERVICE ALERT: FW Cass Telsur;Estado Puerto WAN;WARNING;SOFT;1;WARNING: SNMP error: No response from remote host "201.220.96.34"
[1688050848] SERVICE ALERT: FW Cass Telsur;Ancho de Banda DMZ;OK;SOFT;2;OK - Average IN: 65.60KB (0.05%), Average OUT: 10.18KB (0.01%)Total RX: 1.84GBytes, Total TX: 2.60GBytes
[1688050906] SERVICE ALERT: FW Cass Telsur;Estado Puerto WAN;OK;SOFT;2;OK: Interface eth1 (index 3) is up.
[1688051237] SERVICE ALERT: FW Cass Telsur;Ancho de Banda WAN;CRITICAL;SOFT;1;(No output on stdout) stderr:
[1688051357] SERVICE ALERT: FW Cass Telsur;Ancho de Banda WAN;OK;SOFT;2;OK - Average IN: 150.24B (0.00%), Average OUT: 57.40B (0.00%)Total RX: 173.04GBytes, Total TX: 337.16GBytes
[1688052051] SERVICE ALERT: SRV_SOS2021.cass.cl;Actualizacion;CRITICAL;SOFT;1;CHECK_NRPE STATE CRITICAL: Socket timeout after 30 seconds.
[1688052184] SERVICE ALERT: SRV_SOS2021.cass.cl;Actualizacion;OK;SOFT;2;Updates OK : no updates available
[1688052405] wproc: Core Worker 11600: job 2547374 (pid=16829) timed out. Killing it
[1688052405] wproc: CHECK job 2547374 from worker Core Worker 11600 timed out after 30.01s
[1688052405] wproc:   host=SRVDC1.cass.pmc; service=(null);
[1688052405] wproc:   early_timeout=1; exited_ok=0; wait_status=0; error_code=62;
[1688052405] Warning: Check of host 'SRVDC1.cass.pmc' timed out after 30.01 seconds
[1688052405] HOST ALERT: SRVDC1.cass.pmc;DOWN;SOFT;1;(Host check timed out after 30.01 seconds)
[1688052405] wproc: Core Worker 11600: job 2547374 (pid=16829): Dormant child reaped
[1688052406] SERVICE ALERT: SRVDC1.cass.pmc;Ping;CRITICAL;HARD;1;CRITICAL - Host Unreachable (10.0.0.123)
[1688052495] wproc: Core Worker 11601: job 2547445 (pid=17562) timed out. Killing it
[1688052495] wproc: CHECK job 2547445 from worker Core Worker 11601 timed out after 30.01s
[1688052495] wproc:   host=SRVDC1.cass.pmc; service=(null);
[1688052495] wproc:   early_timeout=1; exited_ok=0; wait_status=0; error_code=62;
[1688052495] Warning: Check of host 'SRVDC1.cass.pmc' timed out after 30.01 seconds
[1688052495] HOST ALERT: SRVDC1.cass.pmc;DOWN;SOFT;2;(Host check timed out after 30.01 seconds)
[1688052495] wproc: Core Worker 11601: job 2547445 (pid=17562): Dormant child reaped
[1688052585] wproc: Core Worker 11599: job 2547522 (pid=18393) timed out. Killing it
[1688052585] wproc: CHECK job 2547522 from worker Core Worker 11599 timed out after 30.01s
[1688052585] wproc:   host=SRVDC1.cass.pmc; service=(null);
[1688052585] wproc:   early_timeout=1; exited_ok=0; wait_status=0; error_code=62;
[1688052585] Warning: Check of host 'SRVDC1.cass.pmc' timed out after 30.01 seconds
[1688052585] HOST ALERT: SRVDC1.cass.pmc;DOWN;SOFT;3;(Host check timed out after 30.01 seconds)
[1688052585] wproc: Core Worker 11599: job 2547522 (pid=18393): Dormant child reaped
[1688052648] HOST ALERT: SRVDC1.cass.pmc;DOWN;SOFT;4;CRITICAL - Host Unreachable (10.0.0.123)
[1688052711] HOST ALERT: SRVDC1.cass.pmc;DOWN;SOFT;5;CRITICAL - Host Unreachable (10.0.0.123)
[1688052774] HOST ALERT: SRVDC1.cass.pmc;DOWN;SOFT;6;CRITICAL - Host Unreachable (10.0.0.123)
[1688052864] wproc: Core Worker 11600: job 2547746 (pid=20759) timed out. Killing it
[1688052864] wproc: CHECK job 2547746 from worker Core Worker 11600 timed out after 30.01s
[1688052864] wproc:   host=SRVDC1.cass.pmc; service=(null);
[1688052864] wproc:   early_timeout=1; exited_ok=0; wait_status=0; error_code=62;
[1688052864] Warning: Check of host 'SRVDC1.cass.pmc' timed out after 30.01 seconds
[1688052864] HOST ALERT: SRVDC1.cass.pmc;DOWN;SOFT;7;(Host check timed out after 30.01 seconds)
[1688052864] wproc: Core Worker 11600: job 2547746 (pid=20759): Dormant child reaped
[1688052927] HOST ALERT: SRVDC1.cass.pmc;DOWN;SOFT;8;CRITICAL - Host Unreachable (10.0.0.123)
[1688052990] HOST ALERT: SRVDC1.cass.pmc;DOWN;SOFT;9;CRITICAL - Host Unreachable (10.0.0.123)
[1688053066] HOST NOTIFICATION: nagiosadmin;SRVDC1.cass.pmc;DOWN;notify-host-by-email;CRITICAL - Host Unreachable (10.0.0.123)
[1688053066] HOST NOTIFICATION: andresnavarro;SRVDC1.cass.pmc;DOWN;notify-host-by-email;CRITICAL - Host Unreachable (10.0.0.123)
[1688053066] HOST NOTIFICATION: soporteti;SRVDC1.cass.pmc;DOWN;notify-host-by-telegram;CRITICAL - Host Unreachable (10.0.0.123)
[1688053066] HOST NOTIFICATION: soporteti;SRVDC1.cass.pmc;DOWN;notify-host-by-email;CRITICAL - Host Unreachable (10.0.0.123)
[1688053066] HOST NOTIFICATION: carlosstange;SRVDC1.cass.pmc;DOWN;notify-host-by-telegram;CRITICAL - Host Unreachable (10.0.0.123)
[1688053066] HOST NOTIFICATION: carlosstange;SRVDC1.cass.pmc;DOWN;notify-host-by-email;CRITICAL - Host Unreachable (10.0.0.123)
[1688053066] HOST ALERT: SRVDC1.cass.pmc;DOWN;HARD;10;CRITICAL - Host Unreachable (10.0.0.123)
[1688053276] wproc: Core Worker 11599: job 2548088 (pid=24418) timed out. Killing it
[1688053276] wproc: CHECK job 2548088 from worker Core Worker 11599 timed out after 30.00s
[1688053276] wproc:   host=SRVDC1.cass.pmc; service=(null);
[1688053276] wproc:   early_timeout=1; exited_ok=0; wait_status=0; error_code=62;
[1688053276] Warning: Check of host 'SRVDC1.cass.pmc' timed out after 30.00 seconds
[1688053276] wproc: Core Worker 11599: job 2548088 (pid=24418): Dormant child reaped
[1688053336] wproc: Core Worker 11600: job 2548138 (pid=24940) timed out. Killing it
[1688053336] wproc: CHECK job 2548138 from worker Core Worker 11600 timed out after 30.01s
[1688053336] wproc:   host=SRVDC1.cass.pmc; service=(null);
[1688053336] wproc:   early_timeout=1; exited_ok=0; wait_status=0; error_code=62;
[1688053336] Warning: Check of host 'SRVDC1.cass.pmc' timed out after 30.01 seconds
[1688053336] wproc: Core Worker 11600: job 2548138 (pid=24940): Dormant child reaped
[1688053430] HOST NOTIFICATION: nagiosadmin;SRVDC1.cass.pmc;UP;notify-host-by-email;PING OK - Packet loss = 0%, RTA = 202.24 ms
[1688053430] HOST NOTIFICATION: andresnavarro;SRVDC1.cass.pmc;UP;notify-host-by-email;PING OK - Packet loss = 0%, RTA = 202.24 ms
[1688053430] HOST NOTIFICATION: soporteti;SRVDC1.cass.pmc;UP;notify-host-by-telegram;PING OK - Packet loss = 0%, RTA = 202.24 ms
[1688053430] HOST NOTIFICATION: soporteti;SRVDC1.cass.pmc;UP;notify-host-by-email;PING OK - Packet loss = 0%, RTA = 202.24 ms
[1688053430] HOST NOTIFICATION: carlosstange;SRVDC1.cass.pmc;UP;notify-host-by-telegram;PING OK - Packet loss = 0%, RTA = 202.24 ms
[1688053430] HOST NOTIFICATION: carlosstange;SRVDC1.cass.pmc;UP;notify-host-by-email;PING OK - Packet loss = 0%, RTA = 202.24 ms
[1688053430] HOST ALERT: SRVDC1.cass.pmc;UP;HARD;1;PING OK - Packet loss = 0%, RTA = 202.24 ms
[1688053475] SERVICE ALERT: SRVDC1.cass.pmc;Ping;OK;HARD;1;PING OK - Packet loss = 0%, RTA = 1.25 ms
[1688053790] SERVICE NOTIFICATION: nagiosadmin;SRV_nagios;Actualizacion;CRITICAL;notify-service-by-email;YUM CRITICAL: 12 Updates Available
[1688053790] SERVICE NOTIFICATION: andresnavarro;SRV_nagios;Actualizacion;CRITICAL;notify-service-by-email;YUM CRITICAL: 12 Updates Available
[1688053790] SERVICE NOTIFICATION: soporteti;SRV_nagios;Actualizacion;CRITICAL;notify-service-by-telegram;YUM CRITICAL: 12 Updates Available
[1688053790] SERVICE NOTIFICATION: soporteti;SRV_nagios;Actualizacion;CRITICAL;notify-service-by-email;YUM CRITICAL: 12 Updates Available
[1688053790] SERVICE NOTIFICATION: carlosstange;SRV_nagios;Actualizacion;CRITICAL;notify-service-by-telegram;YUM CRITICAL: 12 Updates Available
[1688053790] SERVICE NOTIFICATION: carlosstange;SRV_nagios;Actualizacion;CRITICAL;notify-service-by-email;YUM CRITICAL: 12 Updates Available
[1688053801] SERVICE ALERT: SRV_chat.cass.cl;Proceso Nginx;UNKNOWN;SOFT;1;CHECK_NRPE: Receive header underflow - only 0 bytes received (4 expected).
[1688053831] Auto-save of retention data completed successfully.
[1688053921] SERVICE ALERT: SRV_chat.cass.cl;Proceso Nginx;OK;SOFT;2;PROCS OK: 3 processes with command name 'nginx'
[1688054401] SERVICE ALERT: SRV_Cfiler.cass.cl;Procesos;CRITICAL;SOFT;1;CHECK_NRPE: Error - Could not connect to 10.0.0.20. Check system logs on 10.0.0.20
[1688054521] SERVICE ALERT: SRV_Cfiler.cass.cl;Procesos;OK;SOFT;2;PROCS OK: 303 processes
[1688054811] SERVICE ALERT: FW Cass Telsur;Ancho de Banda LAN;CRITICAL;SOFT;1;(No output on stdout) stderr:
[1688054931] SERVICE ALERT: FW Cass Telsur;Ancho de Banda LAN;OK;SOFT;2;OK - Average IN: 92.44KB (0.07%), Average OUT: 491.20KB (0.39%)Total RX: 158.19GBytes, Total TX: 29.93GBytes
[1688055401] SERVICE ALERT: SRVDNS;Ping;WARNING;SOFT;1;PING WARNING - Packet loss = 81%, RTA = 1.04 ms
[1688055528] SERVICE ALERT: SRVDNS;Ping;OK;SOFT;2;PING OK - Packet loss = 37%, RTA = 0.92 ms
[1688055659] SERVICE ALERT: FW Cass Telsur;Estado Puerto DMZ;WARNING;SOFT;1;WARNING: SNMP error: No response from remote host "201.220.96.34"
[1688055779] SERVICE ALERT: FW Cass Telsur;Estado Puerto DMZ;OK;SOFT;2;OK: Interface eth2 (index 4) is up.
[1688056516] SERVICE ALERT: SRVDNS;Ping;WARNING;SOFT;1;PING WARNING - Packet loss = 82%, RTA = 0.73 ms
[1688056594] SERVICE ALERT: SRV_SOS2021.cass.cl;Actualizacion;CRITICAL;SOFT;1;CHECK_NRPE STATE CRITICAL: Socket timeout after 30 seconds.
[1688056640] SERVICE ALERT: SRVDNS;Ping;OK;SOFT;2;PING OK - Packet loss = 0%, RTA = 0.61 ms
[1688056726] SERVICE ALERT: SRV_SOS2021.cass.cl;Actualizacion;OK;SOFT;2;Updates OK : no updates available
[1688056749] SERVICE ALERT: FW Cass Telsur;Estado Puerto DMZ;WARNING;SOFT;1;WARNING: SNMP error: No response from remote host "201.220.96.34"
[1688056801] SERVICE ALERT: FW Cass Telsur;Ancho de Banda LAN;CRITICAL;SOFT;1;(No output on stdout) stderr:
[1688056869] SERVICE ALERT: FW Cass Telsur;Estado Puerto DMZ;OK;SOFT;2;OK: Interface eth2 (index 4) is up.
[1688056921] SERVICE ALERT: FW Cass Telsur;Ancho de Banda LAN;OK;SOFT;2;OK - Average IN: 144.77KB (0.12%), Average OUT: 374.96KB (0.30%)Total RX: 158.44GBytes, Total TX: 30.88GBytes
[1688057391] SERVICE NOTIFICATION: nagiosadmin;SRV_nagios;Actualizacion;CRITICAL;notify-service-by-email;YUM CRITICAL: 12 Updates Available
[1688057391] SERVICE NOTIFICATION: andresnavarro;SRV_nagios;Actualizacion;CRITICAL;notify-service-by-email;YUM CRITICAL: 12 Updates Available
[1688057391] SERVICE NOTIFICATION: soporteti;SRV_nagios;Actualizacion;CRITICAL;notify-service-by-telegram;YUM CRITICAL: 12 Updates Available
[1688057391] SERVICE NOTIFICATION: soporteti;SRV_nagios;Actualizacion;CRITICAL;notify-service-by-email;YUM CRITICAL: 12 Updates Available
[1688057391] SERVICE NOTIFICATION: carlosstange;SRV_nagios;Actualizacion;CRITICAL;notify-service-by-telegram;YUM CRITICAL: 12 Updates Available
[1688057391] SERVICE NOTIFICATION: carlosstange;SRV_nagios;Actualizacion;CRITICAL;notify-service-by-email;YUM CRITICAL: 12 Updates Available
[1688057411] SERVICE ALERT: FW Cass Telsur;Ancho de Banda LAN;UNKNOWN;SOFT;1;UNKNOWN: Improper interface status, status received: DNE - No response from remote host "201.220.96.34"
[1688057431] Auto-save of retention data completed successfully.
[1688057531] SERVICE ALERT: FW Cass Telsur;Ancho de Banda LAN;OK;SOFT;2;OK - Average IN: 272.90KB (0.22%), Average OUT: 1.04MB (0.83%)Total RX: 158.55GBytes, Total TX: 31.26GBytes
[1688058440] SERVICE ALERT: FW Cass Telsur;Estado Puerto LAN;WARNING;SOFT;1;WARNING: SNMP error: No response from remote host "201.220.96.34"
[1688058560] SERVICE ALERT: FW Cass Telsur;Estado Puerto LAN;OK;SOFT;2;OK: Interface eth0 (index 2) is up.
[1688058561] SERVICE ALERT: FW Cass Telsur;Ancho de Banda LAN;CRITICAL;SOFT;1;(No output on stdout) stderr:
[1688058601] SERVICE ALERT: SRV_chat.cass.cl;Proceso Nginx;CRITICAL;SOFT;1;(No output on stdout) stderr: connect to address 10.0.0.92 port 5666: Connection refused
[1688058682] SERVICE ALERT: FW Cass Telsur;Ancho de Banda LAN;OK;SOFT;2;OK - Average IN: 66.12KB (0.05%), Average OUT: 545.30KB (0.44%)Total RX: 158.68GBytes, Total TX: 31.86GBytes
[1688058722] SERVICE ALERT: SRV_chat.cass.cl;Proceso Nginx;OK;SOFT;2;PROCS OK: 3 processes with command name 'nginx'
[1688058796] SERVICE ALERT: SRV_SOS2021.cass.cl;Actualizacion;CRITICAL;SOFT;1;CHECK_NRPE STATE CRITICAL: Socket timeout after 30 seconds.
[1688058928] SERVICE ALERT: SRV_SOS2021.cass.cl;Actualizacion;OK;SOFT;2;Updates OK : no updates available
[1688060991] SERVICE NOTIFICATION: nagiosadmin;SRV_nagios;Actualizacion;CRITICAL;notify-service-by-email;YUM CRITICAL: 12 Updates Available
[1688060991] SERVICE NOTIFICATION: andresnavarro;SRV_nagios;Actualizacion;CRITICAL;notify-service-by-email;YUM CRITICAL: 12 Updates Available
[1688060991] SERVICE NOTIFICATION: soporteti;SRV_nagios;Actualizacion;CRITICAL;notify-service-by-telegram;YUM CRITICAL: 12 Updates Available
[1688060991] SERVICE NOTIFICATION: soporteti;SRV_nagios;Actualizacion;CRITICAL;notify-service-by-email;YUM CRITICAL: 12 Updates Available
[1688060991] SERVICE NOTIFICATION: carlosstange;SRV_nagios;Actualizacion;CRITICAL;notify-service-by-telegram;YUM CRITICAL: 12 Updates Available
[1688060991] SERVICE NOTIFICATION: carlosstange;SRV_nagios;Actualizacion;CRITICAL;notify-service-by-email;YUM CRITICAL: 12 Updates Available
[1688061031] Auto-save of retention data completed successfully.
[1688061658] SERVICE ALERT: FW Cass Telsur;Ancho de Banda DMZ;UNKNOWN;SOFT;1;UNKNOWN: Improper interface status, status received: DNE - No response from remote host "201.220.96.34"
[1688061778] SERVICE ALERT: FW Cass Telsur;Ancho de Banda DMZ;OK;SOFT;2;OK - Average IN: 4.34KB (0.00%), Average OUT: 6.53KB (0.01%)Total RX: 2.05GBytes, Total TX: 2.72GBytes
[1688061873] SERVICE ALERT: FW Cass Telsur;Ancho de Banda LAN;CRITICAL;SOFT;1;(No output on stdout) stderr:
[1688061990] SERVICE ALERT: FW Cass Telsur;Estado Puerto LAN;WARNING;SOFT;1;WARNING: SNMP error: No response from remote host "201.220.96.34"
[1688062008] SERVICE ALERT: FW Cass Telsur;Ancho de Banda LAN;OK;SOFT;2;(No output on stdout) stderr:
[1688062110] SERVICE ALERT: FW Cass Telsur;Estado Puerto LAN;OK;SOFT;2;OK: Interface eth0 (index 2) is up.
[1688064594] SERVICE NOTIFICATION: nagiosadmin;SRV_nagios;Actualizacion;CRITICAL;notify-service-by-email;YUM CRITICAL: 12 Updates Available
[1688064594] SERVICE NOTIFICATION: andresnavarro;SRV_nagios;Actualizacion;CRITICAL;notify-service-by-email;YUM CRITICAL: 12 Updates Available
[1688064594] SERVICE NOTIFICATION: soporteti;SRV_nagios;Actualizacion;CRITICAL;notify-service-by-telegram;YUM CRITICAL: 12 Updates Available
[1688064594] SERVICE NOTIFICATION: soporteti;SRV_nagios;Actualizacion;CRITICAL;notify-service-by-email;YUM CRITICAL: 12 Updates Available
[1688064594] SERVICE NOTIFICATION: carlosstange;SRV_nagios;Actualizacion;CRITICAL;notify-service-by-telegram;YUM CRITICAL: 12 Updates Available
[1688064594] SERVICE NOTIFICATION: carlosstange;SRV_nagios;Actualizacion;CRITICAL;notify-service-by-email;YUM CRITICAL: 12 Updates Available
[1688064631] Auto-save of retention data completed successfully.
[1688064643] SERVICE ALERT: SRV_chat.cass.cl;Actualizacion;CRITICAL;SOFT;1;CHECK_NRPE STATE CRITICAL: Socket timeout after 30 seconds.
[1688064774] SERVICE ALERT: SRV_chat.cass.cl;Actualizacion;OK;SOFT;2;Updates OK : no updates available
[1688065174] SERVICE ALERT: SRV_Cfiler.cass.cl;Actualizacion;CRITICAL;SOFT;1;CHECK_NRPE STATE CRITICAL: Socket timeout after 30 seconds.
[1688065202] SERVICE ALERT: SRV_chat.cass.cl;Actualizacion;UNKNOWN;SOFT;1;CHECK_NRPE: Receive header underflow - only 0 bytes received (4 expected).
[1688065306] SERVICE ALERT: SRV_Cfiler.cass.cl;Actualizacion;OK;SOFT;2;Updates OK : no updates available
[1688065333] SERVICE ALERT: SRV_chat.cass.cl;Actualizacion;OK;SOFT;2;Updates OK : no updates available
[1688067524] SERVICE ALERT: SRV_email.cass.cl;Actualizacion;CRITICAL;SOFT;1;CHECK_NRPE STATE CRITICAL: Socket timeout after 30 seconds.
[1688067656] SERVICE ALERT: SRV_email.cass.cl;Actualizacion;OK;SOFT;2;Updates OK : no updates available
[1688068201] SERVICE ALERT: SRV_email.cass.cl;Actualizacion;UNKNOWN;SOFT;1;CHECK_NRPE: Receive header underflow - only 0 bytes received (4 expected).
[1688068231] Auto-save of retention data completed successfully.
[1688068333] SERVICE ALERT: SRV_email.cass.cl;Actualizacion;OK;SOFT;2;Updates OK : no updates available
[1688068490] SERVICE NOTIFICATION: nagiosadmin;SRV_nagios;Actualizacion;CRITICAL;notify-service-by-email;YUM CRITICAL: 12 Updates Available
[1688068490] SERVICE NOTIFICATION: andresnavarro;SRV_nagios;Actualizacion;CRITICAL;notify-service-by-email;YUM CRITICAL: 12 Updates Available
[1688068490] SERVICE NOTIFICATION: soporteti;SRV_nagios;Actualizacion;CRITICAL;notify-service-by-telegram;YUM CRITICAL: 12 Updates Available
[1688068490] SERVICE NOTIFICATION: soporteti;SRV_nagios;Actualizacion;CRITICAL;notify-service-by-email;YUM CRITICAL: 12 Updates Available
[1688068490] SERVICE NOTIFICATION: carlosstange;SRV_nagios;Actualizacion;CRITICAL;notify-service-by-telegram;YUM CRITICAL: 12 Updates Available
[1688068490] SERVICE NOTIFICATION: carlosstange;SRV_nagios;Actualizacion;CRITICAL;notify-service-by-email;YUM CRITICAL: 12 Updates Available
[1688069083] SERVICE ALERT: SRV_email.cass.cl;Actualizacion;CRITICAL;SOFT;1;CHECK_NRPE STATE CRITICAL: Socket timeout after 30 seconds.
[1688069215] SERVICE ALERT: SRV_email.cass.cl;Actualizacion;OK;SOFT;2;Updates OK : no updates available
[1688069216] EXTERNAL COMMAND: DISABLE_HOST_SVC_NOTIFICATIONS;SRV_Oraculo_cass.cl
[1688069228] EXTERNAL COMMAND: DISABLE_HOST_SVC_NOTIFICATIONS;SRV_Oraculo_cass.cl
[1688069365] HOST NOTIFICATION: nagiosadmin;SRV_Oraculo_cass.cl;UP;notify-host-by-email;PING OK - Packet loss = 0%, RTA = 98.63 ms
[1688069365] HOST NOTIFICATION: andresnavarro;SRV_Oraculo_cass.cl;UP;notify-host-by-email;PING OK - Packet loss = 0%, RTA = 98.63 ms
[1688069365] HOST NOTIFICATION: soporteti;SRV_Oraculo_cass.cl;UP;notify-host-by-telegram;PING OK - Packet loss = 0%, RTA = 98.63 ms
[1688069365] HOST NOTIFICATION: soporteti;SRV_Oraculo_cass.cl;UP;notify-host-by-email;PING OK - Packet loss = 0%, RTA = 98.63 ms
[1688069365] HOST NOTIFICATION: carlosstange;SRV_Oraculo_cass.cl;UP;notify-host-by-telegram;PING OK - Packet loss = 0%, RTA = 98.63 ms
[1688069365] HOST NOTIFICATION: carlosstange;SRV_Oraculo_cass.cl;UP;notify-host-by-email;PING OK - Packet loss = 0%, RTA = 98.63 ms
[1688069365] HOST ALERT: SRV_Oraculo_cass.cl;UP;HARD;1;PING OK - Packet loss = 0%, RTA = 98.63 ms
[1688069386] SERVICE ALERT: SRV_Oraculo_cass.cl;Ping;OK;HARD;1;PING OK - Packet loss = 0%, RTA = 1.08 ms
[1688069401] SERVICE ALERT: SRV_email.cass.cl;Correo Pop;CRITICAL;SOFT;1;(No output on stdout) stderr: connect to address 10.0.2.25 port 5666: Connection refused
[1688069401] SERVICE ALERT: SRV_email.cass.cl;Actualizacion;UNKNOWN;SOFT;1;CHECK_NRPE: Receive header underflow - only 0 bytes received (4 expected).
[1688069521] SERVICE ALERT: SRV_email.cass.cl;Correo Pop;OK;SOFT;2;POP OK - 0.001 second response time on 10.0.2.25 port 110 [+OK GroupWise POP3 server ready]
[1688069534] SERVICE ALERT: SRV_email.cass.cl;Actualizacion;OK;SOFT;2;Updates OK : no updates available
[1688069685] SERVICE ALERT: SRVDNS;Ping;WARNING;SOFT;1;PING WARNING - Packet loss = 80%, RTA = 0.75 ms
[1688069809] SERVICE ALERT: SRVDNS;Ping;OK;SOFT;2;PING OK - Packet loss = 0%, RTA = 0.57 ms
[1688071138] SERVICE ALERT: SRV_SOS2021.cass.cl;Actualizacion;CRITICAL;SOFT;1;CHECK_NRPE STATE CRITICAL: Socket timeout after 30 seconds.
[1688071270] SERVICE ALERT: SRV_SOS2021.cass.cl;Actualizacion;OK;SOFT;2;Updates OK : no updates available
[1688071801] SERVICE ALERT: SRV_Cfiler.cass.cl;Procesos;CRITICAL;SOFT;1;(No output on stdout) stderr: connect to address 10.0.0.20 port 5666: Connection refused
[1688071831] Auto-save of retention data completed successfully.
[1688071921] SERVICE ALERT: SRV_Cfiler.cass.cl;Procesos;OK;SOFT;2;PROCS OK: 300 processes
[1688071995] wproc: Core Worker 11598: job 2563481 (pid=27031) timed out. Killing it
[1688071995] wproc: CHECK job 2563481 from worker Core Worker 11598 timed out after 30.01s
[1688071995] wproc:   host=SRVDNS; service=(null);
[1688071995] wproc:   early_timeout=1; exited_ok=0; wait_status=0; error_code=62;
[1688071995] wproc:   stdout line 01: PING CRITICAL - Packet loss = 100%|rta=5000.000000ms;3000.000000;5000.000000;0.000000 pl=100%;80;100;0
[1688071995] Warning: Check of host 'SRVDNS' timed out after 30.01 seconds
[1688071995] HOST ALERT: SRVDNS;DOWN;SOFT;1;(Host check timed out after 30.01 seconds)
[1688071995] wproc: Core Worker 11598: job 2563481 (pid=27031): Dormant child reaped
[1688071998] SERVICE ALERT: SRVDNS;Ping;WARNING;HARD;1;PING WARNING - Packet loss = 83%, RTA = 1.20 ms
[1688072036] SERVICE ALERT: SRVDNS;Ping;OK;HARD;1;PING OK - Packet loss = 37%, RTA = 1.01 ms
[1688072042] HOST ALERT: SRVDNS;UP;SOFT;1;PING OK - Packet loss = 28%, RTA = 0.86 ms
[1688072090] SERVICE NOTIFICATION: nagiosadmin;SRV_nagios;Actualizacion;CRITICAL;notify-service-by-email;YUM CRITICAL: 12 Updates Available
[1688072090] SERVICE NOTIFICATION: andresnavarro;SRV_nagios;Actualizacion;CRITICAL;notify-service-by-email;YUM CRITICAL: 12 Updates Available
[1688072090] SERVICE NOTIFICATION: soporteti;SRV_nagios;Actualizacion;CRITICAL;notify-service-by-telegram;YUM CRITICAL: 12 Updates Available
[1688072090] SERVICE NOTIFICATION: soporteti;SRV_nagios;Actualizacion;CRITICAL;notify-service-by-email;YUM CRITICAL: 12 Updates Available
[1688072090] SERVICE NOTIFICATION: carlosstange;SRV_nagios;Actualizacion;CRITICAL;notify-service-by-telegram;YUM CRITICAL: 12 Updates Available
[1688072090] SERVICE NOTIFICATION: carlosstange;SRV_nagios;Actualizacion;CRITICAL;notify-service-by-email;YUM CRITICAL: 12 Updates Available
[1688072320] SERVICE ALERT: SRV_SOS2021.cass.cl;Actualizacion;CRITICAL;SOFT;1;CHECK_NRPE STATE CRITICAL: Socket timeout after 30 seconds.
[1688072452] SERVICE ALERT: SRV_SOS2021.cass.cl;Actualizacion;OK;SOFT;2;Updates OK : no updates available
[1688072683] SERVICE ALERT: SRV_chat.cass.cl;Actualizacion;CRITICAL;SOFT;1;CHECK_NRPE STATE CRITICAL: Socket timeout after 30 seconds.
[1688072787] SERVICE ALERT: FW Cass Telsur;Ancho de Banda WAN;CRITICAL;SOFT;1;(No output on stdout) stderr:
[1688072815] SERVICE ALERT: SRV_chat.cass.cl;Actualizacion;OK;SOFT;2;Updates OK : no updates available
[1688072907] SERVICE ALERT: FW Cass Telsur;Ancho de Banda WAN;OK;SOFT;2;OK - Average IN: 154.56B (0.00%), Average OUT: 61.09B (0.00%)Total RX: 174.54GBytes, Total TX: 348.34GBytes
[1688073001] SERVICE ALERT: SRV_chat.cass.cl;Actualizacion;UNKNOWN;SOFT;1;CHECK_NRPE: Receive header underflow - only 0 bytes received (4 expected).
[1688073001] SERVICE ALERT: SRV_SOS2021.cass.cl;Actualizacion;UNKNOWN;SOFT;1;CHECK_NRPE: Receive header underflow - only 0 bytes received (4 expected).
[1688073133] SERVICE ALERT: SRV_chat.cass.cl;Actualizacion;OK;SOFT;2;Updates OK : no updates available
[1688073133] SERVICE ALERT: SRV_SOS2021.cass.cl;Actualizacion;OK;SOFT;2;Updates OK : no updates available
[1688073601] SERVICE ALERT: SRV_email.cass.cl;Correo Pop;CRITICAL;SOFT;1;CHECK_NRPE: Error - Could not connect to 10.0.2.25. Check system logs on 10.0.2.25
[1688073618] SERVICE ALERT: SRVDNS;Ping;WARNING;SOFT;1;PING WARNING - Packet loss = 83%, RTA = 0.75 ms
[1688073626] wproc: Core Worker 11601: job 2564819 (pid=9109) timed out. Killing it
[1688073626] wproc: CHECK job 2564819 from worker Core Worker 11601 timed out after 30.01s
[1688073626] wproc:   host=SRVDNS; service=(null);
[1688073626] wproc:   early_timeout=1; exited_ok=0; wait_status=0; error_code=62;
[1688073626] Warning: Check of host 'SRVDNS' timed out after 30.01 seconds
[1688073626] HOST ALERT: SRVDNS;DOWN;SOFT;1;(Host check timed out after 30.01 seconds)
[1688073626] wproc: Core Worker 11601: job 2564819 (pid=9109): Dormant child reaped
[1688073683] HOST ALERT: SRVDNS;UP;SOFT;1;PING OK - Packet loss = 16%, RTA = 0.80 ms
[1688073721] SERVICE ALERT: SRV_email.cass.cl;Correo Pop;OK;SOFT;2;POP OK - 0.001 second response time on 10.0.2.25 port 110 [+OK GroupWise POP3 server ready]
[1688073745] SERVICE ALERT: SRVDNS;Ping;OK;SOFT;2;PING OK - Packet loss = 37%, RTA = 1.03 ms
[1688074029] SERVICE ALERT: FW Cass Telsur;Ancho de Banda DMZ;UNKNOWN;SOFT;1;UNKNOWN: Improper interface status, status received: DNE - No response from remote host "201.220.96.34"
[1688074149] SERVICE ALERT: FW Cass Telsur;Ancho de Banda DMZ;OK;SOFT;2;OK - Average IN: 20.50KB (0.02%), Average OUT: 312.59KB (0.25%)Total RX: 2.21GBytes, Total TX: 4.24GBytes
[1688074802] SERVICE ALERT: SRV_chat.cass.cl;Servicio Nginx;CRITICAL;SOFT;1;(No output on stdout) stderr: connect to address 10.0.0.92 port 5666: Connection refused
[1688074922] SERVICE ALERT: SRV_chat.cass.cl;Servicio Nginx;OK;SOFT;2;OK: Service nginx is running!
[1688075338] SERVICE ALERT: FW Cass Telsur;Ancho de Banda LAN;CRITICAL;SOFT;1;(No output on stdout) stderr:
[1688075431] Auto-save of retention data completed successfully.
[1688075458] SERVICE ALERT: FW Cass Telsur;Ancho de Banda LAN;OK;SOFT;2;OK - Average IN: 52.17KB (0.04%), Average OUT: 373.03KB (0.30%)Total RX: 159.44GBytes, Total TX: 41.05GBytes
[1688075688] wproc: Core Worker 11599: job 2566518 (pid=27368) timed out. Killing it
[1688075689] wproc: CHECK job 2566518 from worker Core Worker 11599 timed out after 30.01s
[1688075689] wproc:   host=SRVDNS; service=(null);
[1688075689] wproc:   early_timeout=1; exited_ok=0; wait_status=0; error_code=62;
[1688075689] Warning: Check of host 'SRVDNS' timed out after 30.01 seconds
[1688075689] HOST ALERT: SRVDNS;DOWN;SOFT;1;(Host check timed out after 30.01 seconds)
[1688075689] wproc: Core Worker 11599: job 2566518 (pid=27368): Dormant child reaped
[1688075691] SERVICE NOTIFICATION: nagiosadmin;SRV_nagios;Actualizacion;CRITICAL;notify-service-by-email;YUM CRITICAL: 12 Updates Available
[1688075691] SERVICE NOTIFICATION: andresnavarro;SRV_nagios;Actualizacion;CRITICAL;notify-service-by-email;YUM CRITICAL: 12 Updates Available
[1688075691] SERVICE NOTIFICATION: soporteti;SRV_nagios;Actualizacion;CRITICAL;notify-service-by-telegram;YUM CRITICAL: 12 Updates Available
[1688075691] SERVICE NOTIFICATION: soporteti;SRV_nagios;Actualizacion;CRITICAL;notify-service-by-email;YUM CRITICAL: 12 Updates Available
[1688075691] SERVICE NOTIFICATION: carlosstange;SRV_nagios;Actualizacion;CRITICAL;notify-service-by-telegram;YUM CRITICAL: 12 Updates Available
[1688075691] SERVICE NOTIFICATION: carlosstange;SRV_nagios;Actualizacion;CRITICAL;notify-service-by-email;YUM CRITICAL: 12 Updates Available
[1688075737] HOST ALERT: SRVDNS;UP;SOFT;1;PING OK - Packet loss = 16%, RTA = 0.90 ms
[1688077042] SERVICE ALERT: SRV_email.cass.cl;Procesos;WARNING;SOFT;1;PROCS WARNING: 366 processes
[1688077163] SERVICE ALERT: SRV_email.cass.cl;Procesos;WARNING;SOFT;2;PROCS WARNING: 353 processes
[1688077283] SERVICE NOTIFICATION: nagiosadmin;SRV_email.cass.cl;Procesos;WARNING;notify-service-by-email;PROCS WARNING: 352 processes
[1688077283] SERVICE NOTIFICATION: andresnavarro;SRV_email.cass.cl;Procesos;WARNING;notify-service-by-email;PROCS WARNING: 352 processes
[1688077283] SERVICE NOTIFICATION: soporteti;SRV_email.cass.cl;Procesos;WARNING;notify-service-by-telegram;PROCS WARNING: 352 processes
[1688077283] SERVICE NOTIFICATION: soporteti;SRV_email.cass.cl;Procesos;WARNING;notify-service-by-email;PROCS WARNING: 352 processes
[1688077283] SERVICE NOTIFICATION: carlosstange;SRV_email.cass.cl;Procesos;WARNING;notify-service-by-telegram;PROCS WARNING: 352 processes
[1688077283] SERVICE NOTIFICATION: carlosstange;SRV_email.cass.cl;Procesos;WARNING;notify-service-by-email;PROCS WARNING: 352 processes
[1688077283] SERVICE ALERT: SRV_email.cass.cl;Procesos;WARNING;HARD;3;PROCS WARNING: 352 processes
[1688077343] SERVICE NOTIFICATION: nagiosadmin;SRV_email.cass.cl;Procesos;OK;notify-service-by-email;PROCS OK: 309 processes
[1688077343] SERVICE NOTIFICATION: andresnavarro;SRV_email.cass.cl;Procesos;OK;notify-service-by-email;PROCS OK: 309 processes
[1688077343] SERVICE NOTIFICATION: soporteti;SRV_email.cass.cl;Procesos;OK;notify-service-by-telegram;PROCS OK: 309 processes
[1688077343] SERVICE NOTIFICATION: soporteti;SRV_email.cass.cl;Procesos;OK;notify-service-by-email;PROCS OK: 309 processes
[1688077343] SERVICE NOTIFICATION: carlosstange;SRV_email.cass.cl;Procesos;OK;notify-service-by-telegram;PROCS OK: 309 processes
[1688077343] SERVICE NOTIFICATION: carlosstange;SRV_email.cass.cl;Procesos;OK;notify-service-by-email;PROCS OK: 309 processes
[1688077343] SERVICE ALERT: SRV_email.cass.cl;Procesos;OK;HARD;1;PROCS OK: 309 processes
[1688079031] Auto-save of retention data completed successfully.
[1688079591] SERVICE NOTIFICATION: nagiosadmin;SRV_nagios;Actualizacion;CRITICAL;notify-service-by-email;YUM CRITICAL: 12 Updates Available
[1688079591] SERVICE NOTIFICATION: andresnavarro;SRV_nagios;Actualizacion;CRITICAL;notify-service-by-email;YUM CRITICAL: 12 Updates Available
[1688079591] SERVICE NOTIFICATION: soporteti;SRV_nagios;Actualizacion;CRITICAL;notify-service-by-telegram;YUM CRITICAL: 12 Updates Available
[1688079591] SERVICE NOTIFICATION: soporteti;SRV_nagios;Actualizacion;CRITICAL;notify-service-by-email;YUM CRITICAL: 12 Updates Available
[1688079591] SERVICE NOTIFICATION: carlosstange;SRV_nagios;Actualizacion;CRITICAL;notify-service-by-telegram;YUM CRITICAL: 12 Updates Available
[1688079591] SERVICE NOTIFICATION: carlosstange;SRV_nagios;Actualizacion;CRITICAL;notify-service-by-email;YUM CRITICAL: 12 Updates Available
[1688080201] SERVICE ALERT: SRV_email.cass.cl;Correo Pop;CRITICAL;SOFT;1;(No output on stdout) stderr: connect to address 10.0.2.25 port 5666: Connection refused
[1688080321] SERVICE ALERT: SRV_email.cass.cl;Correo Pop;OK;SOFT;2;POP OK - 0.002 second response time on 10.0.2.25 port 110 [+OK GroupWise POP3 server ready]
[1688081176] SERVICE ALERT: SRV_Cfiler.cass.cl;Actualizacion;CRITICAL;SOFT;1;CHECK_NRPE STATE CRITICAL: Socket timeout after 30 seconds.
[1688081309] SERVICE ALERT: SRV_Cfiler.cass.cl;Actualizacion;OK;SOFT;2;Updates OK : no updates available
[1688082631] Auto-save of retention data completed successfully.
[1688083491] SERVICE NOTIFICATION: nagiosadmin;SRV_nagios;Actualizacion;CRITICAL;notify-service-by-email;YUM CRITICAL: 12 Updates Available
[1688083491] SERVICE NOTIFICATION: andresnavarro;SRV_nagios;Actualizacion;CRITICAL;notify-service-by-email;YUM CRITICAL: 12 Updates Available
[1688083491] SERVICE NOTIFICATION: soporteti;SRV_nagios;Actualizacion;CRITICAL;notify-service-by-telegram;YUM CRITICAL: 12 Updates Available
[1688083491] SERVICE NOTIFICATION: soporteti;SRV_nagios;Actualizacion;CRITICAL;notify-service-by-email;YUM CRITICAL: 12 Updates Available
[1688083491] SERVICE NOTIFICATION: carlosstange;SRV_nagios;Actualizacion;CRITICAL;notify-service-by-telegram;YUM CRITICAL: 12 Updates Available
[1688083491] SERVICE NOTIFICATION: carlosstange;SRV_nagios;Actualizacion;CRITICAL;notify-service-by-email;YUM CRITICAL: 12 Updates Available
[1688084510] SERVICE ALERT: SRVDNS;Ping;WARNING;SOFT;1;PING WARNING - Packet loss = 80%, RTA = 0.70 ms
[1688084521] wproc: Core Worker 11598: job 2573787 (pid=7928) timed out. Killing it
[1688084521] wproc: CHECK job 2573787 from worker Core Worker 11598 timed out after 30.01s
[1688084521] wproc:   host=SRVDNS; service=(null);
[1688084521] wproc:   early_timeout=1; exited_ok=0; wait_status=0; error_code=62;
[1688084521] Warning: Check of host 'SRVDNS' timed out after 30.01 seconds
[1688084521] HOST ALERT: SRVDNS;DOWN;SOFT;1;(Host check timed out after 30.01 seconds)
[1688084521] wproc: Core Worker 11598: job 2573787 (pid=7928): Dormant child reaped
[1688084574] HOST ALERT: SRVDNS;UP;SOFT;1;PING OK - Packet loss = 0%, RTA = 0.72 ms
[1688084635] SERVICE ALERT: SRVDNS;Ping;OK;SOFT;2;PING OK - Packet loss = 16%, RTA = 0.98 ms
[1688084702] SERVICE ALERT: SRV11VIBE_cass.cl;Tiempo Activo;WARNING;SOFT;1;Uptime WARNING: 69 day(s) 10 hour(s) 41 minute(s)
[1688084822] SERVICE ALERT: SRV11VIBE_cass.cl;Tiempo Activo;WARNING;SOFT;2;Uptime WARNING: 69 day(s) 10 hour(s) 43 minute(s)
[1688084942] SERVICE NOTIFICATION: nagiosadmin;SRV11VIBE_cass.cl;Tiempo Activo;WARNING;notify-service-by-email;Uptime WARNING: 69 day(s) 10 hour(s) 45 minute(s)
[1688084942] SERVICE NOTIFICATION: andresnavarro;SRV11VIBE_cass.cl;Tiempo Activo;WARNING;notify-service-by-email;Uptime WARNING: 69 day(s) 10 hour(s) 45 minute(s)
[1688084942] SERVICE NOTIFICATION: soporteti;SRV11VIBE_cass.cl;Tiempo Activo;WARNING;notify-service-by-telegram;Uptime WARNING: 69 day(s) 10 hour(s) 45 minute(s)
[1688084942] SERVICE NOTIFICATION: soporteti;SRV11VIBE_cass.cl;Tiempo Activo;WARNING;notify-service-by-email;Uptime WARNING: 69 day(s) 10 hour(s) 45 minute(s)
[1688084942] SERVICE NOTIFICATION: carlosstange;SRV11VIBE_cass.cl;Tiempo Activo;WARNING;notify-service-by-telegram;Uptime WARNING: 69 day(s) 10 hour(s) 45 minute(s)
[1688084942] SERVICE NOTIFICATION: carlosstange;SRV11VIBE_cass.cl;Tiempo Activo;WARNING;notify-service-by-email;Uptime WARNING: 69 day(s) 10 hour(s) 45 minute(s)
[1688084942] SERVICE ALERT: SRV11VIBE_cass.cl;Tiempo Activo;WARNING;HARD;3;Uptime WARNING: 69 day(s) 10 hour(s) 45 minute(s)
[1688085505] SERVICE ALERT: SRVDNS;Ping;WARNING;SOFT;1;PING WARNING - Packet loss = 86%, RTA = 0.75 ms
[1688085629] SERVICE ALERT: SRVDNS;Ping;OK;SOFT;2;PING OK - Packet loss = 0%, RTA = 1.14 ms
[1688086231] Auto-save of retention data completed successfully.
[1688087323] SERVICE ALERT: SRV_SOS2021.cass.cl;Actualizacion;CRITICAL;SOFT;1;CHECK_NRPE STATE CRITICAL: Socket timeout after 30 seconds.
[1688087391] SERVICE NOTIFICATION: nagiosadmin;SRV_nagios;Actualizacion;CRITICAL;notify-service-by-email;YUM CRITICAL: 12 Updates Available
[1688087391] SERVICE NOTIFICATION: andresnavarro;SRV_nagios;Actualizacion;CRITICAL;notify-service-by-email;YUM CRITICAL: 12 Updates Available
[1688087391] SERVICE NOTIFICATION: soporteti;SRV_nagios;Actualizacion;CRITICAL;notify-service-by-telegram;YUM CRITICAL: 12 Updates Available
[1688087391] SERVICE NOTIFICATION: soporteti;SRV_nagios;Actualizacion;CRITICAL;notify-service-by-email;YUM CRITICAL: 12 Updates Available
[1688087391] SERVICE NOTIFICATION: carlosstange;SRV_nagios;Actualizacion;CRITICAL;notify-service-by-telegram;YUM CRITICAL: 12 Updates Available
[1688087391] SERVICE NOTIFICATION: carlosstange;SRV_nagios;Actualizacion;CRITICAL;notify-service-by-email;YUM CRITICAL: 12 Updates Available
[1688087455] SERVICE ALERT: SRV_SOS2021.cass.cl;Actualizacion;OK;SOFT;2;Updates OK : no updates available
[1688087579] SERVICE ALERT: SRV_Cfiler.cass.cl;Actualizacion;CRITICAL;SOFT;1;CHECK_NRPE STATE CRITICAL: Socket timeout after 30 seconds.
[1688087683] SERVICE ALERT: SRV_chat.cass.cl;Actualizacion;CRITICAL;SOFT;1;CHECK_NRPE STATE CRITICAL: Socket timeout after 30 seconds.
[1688087711] SERVICE ALERT: SRV_Cfiler.cass.cl;Actualizacion;OK;SOFT;2;Updates OK : no updates available
[1688087815] SERVICE ALERT: SRV_chat.cass.cl;Actualizacion;OK;SOFT;2;Updates OK : no updates available
[1688088001] SERVICE ALERT: SRV_chat.cass.cl;Actualizacion;UNKNOWN;SOFT;1;CHECK_NRPE: Receive header underflow - only 0 bytes received (4 expected).
[1688088002] SERVICE ALERT: SRV_SOS2021.cass.cl;Actualizacion;UNKNOWN;SOFT;1;CHECK_NRPE: Receive header underflow - only 0 bytes received (4 expected).
[1688088101] SERVICE ALERT: SRV_Cfiler.cass.cl;Actualizacion;CRITICAL;SOFT;1;CHECK_NRPE STATE CRITICAL: Socket timeout after 30 seconds.
[1688088133] SERVICE ALERT: SRV_chat.cass.cl;Actualizacion;OK;SOFT;2;Updates OK : no updates available
[1688088134] SERVICE ALERT: SRV_SOS2021.cass.cl;Actualizacion;OK;SOFT;2;Updates OK : no updates available
[1688088233] SERVICE ALERT: SRV_Cfiler.cass.cl;Actualizacion;OK;SOFT;2;Updates OK : no updates available
[1688088542] SERVICE NOTIFICATION: nagiosadmin;SRV11VIBE_cass.cl;Tiempo Activo;WARNING;notify-service-by-email;Uptime WARNING: 69 day(s) 11 hour(s) 45 minute(s)
[1688088542] SERVICE NOTIFICATION: andresnavarro;SRV11VIBE_cass.cl;Tiempo Activo;WARNING;notify-service-by-email;Uptime WARNING: 69 day(s) 11 hour(s) 45 minute(s)
[1688088542] SERVICE NOTIFICATION: soporteti;SRV11VIBE_cass.cl;Tiempo Activo;WARNING;notify-service-by-telegram;Uptime WARNING: 69 day(s) 11 hour(s) 45 minute(s)
[1688088542] SERVICE NOTIFICATION: soporteti;SRV11VIBE_cass.cl;Tiempo Activo;WARNING;notify-service-by-email;Uptime WARNING: 69 day(s) 11 hour(s) 45 minute(s)
[1688088542] SERVICE NOTIFICATION: carlosstange;SRV11VIBE_cass.cl;Tiempo Activo;WARNING;notify-service-by-telegram;Uptime WARNING: 69 day(s) 11 hour(s) 45 minute(s)
[1688088542] SERVICE NOTIFICATION: carlosstange;SRV11VIBE_cass.cl;Tiempo Activo;WARNING;notify-service-by-email;Uptime WARNING: 69 day(s) 11 hour(s) 45 minute(s)
[1688088601] SERVICE ALERT: SRV_Cfiler.cass.cl;Actualizacion;UNKNOWN;SOFT;1;CHECK_NRPE: Receive header underflow - only 0 bytes received (4 expected).
[1688088733] SERVICE ALERT: SRV_Cfiler.cass.cl;Actualizacion;OK;SOFT;2;Updates OK : no updates available
[1688089483] SERVICE ALERT: SRV_Cfiler.cass.cl;Actualizacion;CRITICAL;SOFT;1;CHECK_NRPE STATE CRITICAL: Socket timeout after 30 seconds.
[1688089615] SERVICE ALERT: SRV_Cfiler.cass.cl;Actualizacion;OK;SOFT;2;Updates OK : no updates available
[1688089723] SERVICE ALERT: SRV_chat.cass.cl;Actualizacion;CRITICAL;SOFT;1;CHECK_NRPE STATE CRITICAL: Socket timeout after 30 seconds.
[1688089801] SERVICE ALERT: SRV_Cfiler.cass.cl;Actualizacion;UNKNOWN;SOFT;1;CHECK_NRPE: Receive header underflow - only 0 bytes received (4 expected).
[1688089831] Auto-save of retention data completed successfully.
[1688089855] SERVICE ALERT: SRV_chat.cass.cl;Actualizacion;OK;SOFT;2;Updates OK : no updates available
[1688089933] SERVICE ALERT: SRV_Cfiler.cass.cl;Actualizacion;OK;SOFT;2;Updates OK : no updates available
[1688090402] SERVICE ALERT: SRV_chat.cass.cl;Actualizacion;UNKNOWN;SOFT;1;CHECK_NRPE: Receive header underflow - only 0 bytes received (4 expected).
[1688090533] SERVICE ALERT: SRV_chat.cass.cl;Actualizacion;OK;SOFT;2;Updates OK : no updates available
[1688090991] SERVICE NOTIFICATION: nagiosadmin;SRV_nagios;Actualizacion;CRITICAL;notify-service-by-email;YUM CRITICAL: 12 Updates Available
[1688090991] SERVICE NOTIFICATION: andresnavarro;SRV_nagios;Actualizacion;CRITICAL;notify-service-by-email;YUM CRITICAL: 12 Updates Available
[1688090991] SERVICE NOTIFICATION: soporteti;SRV_nagios;Actualizacion;CRITICAL;notify-service-by-telegram;YUM CRITICAL: 12 Updates Available
[1688090991] SERVICE NOTIFICATION: soporteti;SRV_nagios;Actualizacion;CRITICAL;notify-service-by-email;YUM CRITICAL: 12 Updates Available
[1688090991] SERVICE NOTIFICATION: carlosstange;SRV_nagios;Actualizacion;CRITICAL;notify-service-by-telegram;YUM CRITICAL: 12 Updates Available
[1688090991] SERVICE NOTIFICATION: carlosstange;SRV_nagios;Actualizacion;CRITICAL;notify-service-by-email;YUM CRITICAL: 12 Updates Available
[1688091001] SERVICE ALERT: SRV_email.cass.cl;Correo Pop;CRITICAL;SOFT;1;CHECK_NRPE: Error - Could not connect to 10.0.2.25: Connection reset by peer
[1688091121] SERVICE ALERT: SRV_email.cass.cl;Correo Pop;OK;SOFT;2;POP OK - 0.001 second response time on 10.0.2.25 port 110 [+OK GroupWise POP3 server ready]
[1688092142] SERVICE NOTIFICATION: nagiosadmin;SRV11VIBE_cass.cl;Tiempo Activo;WARNING;notify-service-by-email;Uptime WARNING: 69 day(s) 12 hour(s) 45 minute(s)
[1688092142] SERVICE NOTIFICATION: andresnavarro;SRV11VIBE_cass.cl;Tiempo Activo;WARNING;notify-service-by-email;Uptime WARNING: 69 day(s) 12 hour(s) 45 minute(s)
[1688092142] SERVICE NOTIFICATION: soporteti;SRV11VIBE_cass.cl;Tiempo Activo;WARNING;notify-service-by-telegram;Uptime WARNING: 69 day(s) 12 hour(s) 45 minute(s)
[1688092142] SERVICE NOTIFICATION: soporteti;SRV11VIBE_cass.cl;Tiempo Activo;WARNING;notify-service-by-email;Uptime WARNING: 69 day(s) 12 hour(s) 45 minute(s)
[1688092142] SERVICE NOTIFICATION: carlosstange;SRV11VIBE_cass.cl;Tiempo Activo;WARNING;notify-service-by-telegram;Uptime WARNING: 69 day(s) 12 hour(s) 45 minute(s)
[1688092142] SERVICE NOTIFICATION: carlosstange;SRV11VIBE_cass.cl;Tiempo Activo;WARNING;notify-service-by-email;Uptime WARNING: 69 day(s) 12 hour(s) 45 minute(s)
[1688092184] SERVICE ALERT: SRV_SOS2021.cass.cl;Actualizacion;CRITICAL;SOFT;1;CHECK_NRPE STATE CRITICAL: Socket timeout after 30 seconds.
[1688092201] SERVICE ALERT: SRV_Cfiler.cass.cl;Procesos;UNKNOWN;SOFT;1;CHECK_NRPE: Receive header underflow - only 0 bytes received (4 expected).
[1688092201] SERVICE ALERT: SRV_email.cass.cl;Correo Pop;CRITICAL;SOFT;1;(No output on stdout) stderr: connect to address 10.0.2.25 port 5666: Connection refused
[1688092317] SERVICE ALERT: SRV_SOS2021.cass.cl;Actualizacion;OK;SOFT;2;Updates OK : no updates available
[1688092321] SERVICE ALERT: SRV_Cfiler.cass.cl;Procesos;OK;SOFT;2;PROCS OK: 303 processes
[1688092321] SERVICE ALERT: SRV_email.cass.cl;Correo Pop;OK;SOFT;2;POP OK - 0.001 second response time on 10.0.2.25 port 110 [+OK GroupWise POP3 server ready]
[1688092371] SERVICE ALERT: SRVADMIN.cass.pmc;Actualizacion;UNKNOWN;SOFT;1;CHECK_NRPE: Receive header underflow - only 0 bytes received (4 expected).
[1688092492] SERVICE ALERT: SRVADMIN.cass.pmc;Actualizacion;OK;SOFT;2;OK - no pending updates.
[1688092801] SERVICE ALERT: SRV_SOS2021.cass.cl;Actualizacion;UNKNOWN;SOFT;1;CHECK_NRPE: Receive header underflow - only 0 bytes received (4 expected).
[1688092933] SERVICE ALERT: SRV_SOS2021.cass.cl;Actualizacion;OK;SOFT;2;Updates OK : no updates available
[1688093335] wproc: Core Worker 11600: job 2581037 (pid=23062) timed out. Killing it
[1688093335] wproc: CHECK job 2581037 from worker Core Worker 11600 timed out after 30.01s
[1688093335] wproc:   host=SRVDNS; service=(null);
[1688093335] wproc:   early_timeout=1; exited_ok=0; wait_status=0; error_code=62;
[1688093335] Warning: Check of host 'SRVDNS' timed out after 30.01 seconds
[1688093335] HOST ALERT: SRVDNS;DOWN;SOFT;1;(Host check timed out after 30.01 seconds)
[1688093335] wproc: Core Worker 11600: job 2581037 (pid=23062): Dormant child reaped
[1688093384] HOST ALERT: SRVDNS;UP;SOFT;1;PING OK - Packet loss = 44%, RTA = 0.83 ms
[1688093431] Auto-save of retention data completed successfully.
[1688094891] SERVICE NOTIFICATION: nagiosadmin;SRV_nagios;Actualizacion;CRITICAL;notify-service-by-email;YUM CRITICAL: 12 Updates Available
[1688094891] SERVICE NOTIFICATION: andresnavarro;SRV_nagios;Actualizacion;CRITICAL;notify-service-by-email;YUM CRITICAL: 12 Updates Available
[1688094891] SERVICE NOTIFICATION: soporteti;SRV_nagios;Actualizacion;CRITICAL;notify-service-by-telegram;YUM CRITICAL: 12 Updates Available
[1688094891] SERVICE NOTIFICATION: soporteti;SRV_nagios;Actualizacion;CRITICAL;notify-service-by-email;YUM CRITICAL: 12 Updates Available
[1688094891] SERVICE NOTIFICATION: carlosstange;SRV_nagios;Actualizacion;CRITICAL;notify-service-by-telegram;YUM CRITICAL: 12 Updates Available
[1688094891] SERVICE NOTIFICATION: carlosstange;SRV_nagios;Actualizacion;CRITICAL;notify-service-by-email;YUM CRITICAL: 12 Updates Available
[1688094895] SERVICE ALERT: Veeam2023.cass.pmc;Actualizacion;UNKNOWN;HARD;3;CHECK_NRPE: Receive header underflow - only 0 bytes received (4 expected).
[1688094956] SERVICE ALERT: Veeam2023.cass.pmc;Actualizacion;CRITICAL;HARD;3;Updates: 1 critical, 0 optional
[1688095243] SERVICE ALERT: SRV_chat.cass.cl;Actualizacion;CRITICAL;SOFT;1;CHECK_NRPE STATE CRITICAL: Socket timeout after 30 seconds.
[1688095374] SERVICE ALERT: SRV_chat.cass.cl;Actualizacion;OK;SOFT;2;Updates OK : no updates available
[1688095538] SERVICE NOTIFICATION: nagiosadmin;SRV01USER_cass.cl;Actualizacion;UNKNOWN;notify-service-by-email;CHECK_NRPE: Receive header underflow - only 0 bytes received (4 expected).
[1688095538] SERVICE NOTIFICATION: soporteti;SRV01USER_cass.cl;Actualizacion;UNKNOWN;notify-service-by-telegram;CHECK_NRPE: Receive header underflow - only 0 bytes received (4 expected).
[1688095538] SERVICE NOTIFICATION: soporteti;SRV01USER_cass.cl;Actualizacion;UNKNOWN;notify-service-by-email;CHECK_NRPE: Receive header underflow - only 0 bytes received (4 expected).
[1688095538] SERVICE NOTIFICATION: carlosstange;SRV01USER_cass.cl;Actualizacion;UNKNOWN;notify-service-by-telegram;CHECK_NRPE: Receive header underflow - only 0 bytes received (4 expected).
[1688095538] SERVICE NOTIFICATION: carlosstange;SRV01USER_cass.cl;Actualizacion;UNKNOWN;notify-service-by-email;CHECK_NRPE: Receive header underflow - only 0 bytes received (4 expected).
[1688095538] SERVICE ALERT: SRV01USER_cass.cl;Actualizacion;UNKNOWN;HARD;3;CHECK_NRPE: Receive header underflow - only 0 bytes received (4 expected).
[1688095600] SERVICE NOTIFICATION: nagiosadmin;SRV01USER_cass.cl;Actualizacion;CRITICAL;notify-service-by-email;Updates: 1 critical, 0 optional
[1688095600] SERVICE NOTIFICATION: andresnavarro;SRV01USER_cass.cl;Actualizacion;CRITICAL;notify-service-by-email;Updates: 1 critical, 0 optional
[1688095600] SERVICE NOTIFICATION: soporteti;SRV01USER_cass.cl;Actualizacion;CRITICAL;notify-service-by-telegram;Updates: 1 critical, 0 optional
[1688095600] SERVICE NOTIFICATION: soporteti;SRV01USER_cass.cl;Actualizacion;CRITICAL;notify-service-by-email;Updates: 1 critical, 0 optional
[1688095600] SERVICE NOTIFICATION: carlosstange;SRV01USER_cass.cl;Actualizacion;CRITICAL;notify-service-by-telegram;Updates: 1 critical, 0 optional
[1688095600] SERVICE NOTIFICATION: carlosstange;SRV01USER_cass.cl;Actualizacion;CRITICAL;notify-service-by-email;Updates: 1 critical, 0 optional
[1688095600] SERVICE ALERT: SRV01USER_cass.cl;Actualizacion;CRITICAL;HARD;3;Updates: 1 critical, 0 optional
[1688095742] SERVICE NOTIFICATION: nagiosadmin;SRV11VIBE_cass.cl;Tiempo Activo;WARNING;notify-service-by-email;Uptime WARNING: 69 day(s) 13 hour(s) 45 minute(s)
[1688095742] SERVICE NOTIFICATION: andresnavarro;SRV11VIBE_cass.cl;Tiempo Activo;WARNING;notify-service-by-email;Uptime WARNING: 69 day(s) 13 hour(s) 45 minute(s)
[1688095742] SERVICE NOTIFICATION: soporteti;SRV11VIBE_cass.cl;Tiempo Activo;WARNING;notify-service-by-telegram;Uptime WARNING: 69 day(s) 13 hour(s) 45 minute(s)
[1688095742] SERVICE NOTIFICATION: soporteti;SRV11VIBE_cass.cl;Tiempo Activo;WARNING;notify-service-by-email;Uptime WARNING: 69 day(s) 13 hour(s) 45 minute(s)
[1688095742] SERVICE NOTIFICATION: carlosstange;SRV11VIBE_cass.cl;Tiempo Activo;WARNING;notify-service-by-telegram;Uptime WARNING: 69 day(s) 13 hour(s) 45 minute(s)
[1688095742] SERVICE NOTIFICATION: carlosstange;SRV11VIBE_cass.cl;Tiempo Activo;WARNING;notify-service-by-email;Uptime WARNING: 69 day(s) 13 hour(s) 45 minute(s)
[1688095801] SERVICE ALERT: SRV_chat.cass.cl;Actualizacion;UNKNOWN;SOFT;1;CHECK_NRPE: Receive header underflow - only 0 bytes received (4 expected).
[1688095933] SERVICE ALERT: SRV_chat.cass.cl;Actualizacion;OK;SOFT;2;Updates OK : no updates available
[1688097031] Auto-save of retention data completed successfully.
