[1695524400] LOG ROTATION: DAILY
[1695524400] LOG VERSION: 2.0
[1695524400] CURRENT HOST STATE: ADL Diagnostic;UP;HARD;1;PING OK - Packet loss = 0%, RTA = 36.63 ms
[1695524400] CURRENT HOST STATE: Blueshell;UP;HARD;1;PING OK - Packet loss = 0%, RTA = 3.29 ms
[1695524400] CURRENT HOST STATE: Cass Entel;UP;HARD;1;PING OK - Packet loss = 0%, RTA = 0.67 ms
[1695524400] CURRENT HOST STATE: Cass Telsur;UP;HARD;1;PING OK - Packet loss = 0%, RTA = 1.19 ms
[1695524400] CURRENT HOST STATE: Clinica PV Movistar;UP;HARD;1;PING OK - Packet loss = 0%, RTA = 31.64 ms
[1695524400] CURRENT HOST STATE: Clinica PV Telsur;UP;HARD;1;PING OK - Packet loss = 0%, RTA = 1.38 ms
[1695524400] CURRENT HOST STATE: Confe;UP;HARD;1;PING OK - Packet loss = 0%, RTA = 38.38 ms
[1695524400] CURRENT HOST STATE: Electric Works;UP;HARD;1;PING OK - Packet loss = 0%, RTA = 34.69 ms
[1695524400] CURRENT HOST STATE: Exper03.exxperience.cl;UP;HARD;1;PING OK - Packet loss = 0%, RTA = 1.70 ms
[1695524400] CURRENT HOST STATE: Ext Entel;UP;HARD;1;PING OK - Packet loss = 0%, RTA = 0.66 ms
[1695524400] CURRENT HOST STATE: Ext Telsur;UP;HARD;1;PING OK - Packet loss = 0%, RTA = 1.31 ms
[1695524400] CURRENT HOST STATE: FW ADL Diagnostic;UP;HARD;1;PING OK - Packet loss = 0%, RTA = 35.22 ms
[1695524400] CURRENT HOST STATE: FW Blueshell;UP;HARD;1;PING OK - Packet loss = 0%, RTA = 3.18 ms
[1695524400] CURRENT HOST STATE: FW Cass Entel;UP;HARD;1;PING OK - Packet loss = 0%, RTA = 35.25 ms
[1695524400] CURRENT HOST STATE: FW Cass Telsur;UP;HARD;1;PING OK - Packet loss = 0%, RTA = 0.60 ms
[1695524400] CURRENT HOST STATE: FW Clinica PV Movistar;UP;HARD;1;PING OK - Packet loss = 0%, RTA = 36.28 ms
[1695524400] CURRENT HOST STATE: FW Clinica PV Telsur;UP;HARD;1;PING OK - Packet loss = 0%, RTA = 1.36 ms
[1695524400] CURRENT HOST STATE: FW Confe;UP;HARD;1;PING OK - Packet loss = 0%, RTA = 37.94 ms
[1695524400] CURRENT HOST STATE: FW Electric Works;UP;HARD;1;PING OK - Packet loss = 0%, RTA = 35.56 ms
[1695524400] CURRENT HOST STATE: FW Gore Los Lagos;UP;HARD;1;PING OK - Packet loss = 0%, RTA = 1.33 ms
[1695524400] CURRENT HOST STATE: FW Pasmar;UP;HARD;1;PING OK - Packet loss = 0%, RTA = 1.33 ms
[1695524400] CURRENT HOST STATE: Gore Los Lagos;UP;HARD;1;PING OK - Packet loss = 0%, RTA = 1.17 ms
[1695524400] CURRENT HOST STATE: Host-10.0.0.120;UP;HARD;1;PING OK - Packet loss = 0%, RTA = 0.53 ms
[1695524400] CURRENT HOST STATE: Host-10.0.0.121;UP;HARD;1;PING OK - Packet loss = 0%, RTA = 0.55 ms
[1695524400] CURRENT HOST STATE: Host-10.0.0.124;UP;HARD;1;PING OK - Packet loss = 0%, RTA = 0.69 ms
[1695524400] CURRENT HOST STATE: Internet;UP;HARD;1;PING OK - Packet loss = 0%, RTA = 17.90 ms
[1695524400] CURRENT HOST STATE: Pasmar;UP;HARD;1;PING OK - Packet loss = 0%, RTA = 1.33 ms
[1695524400] CURRENT HOST STATE: Qnap NAS;UP;HARD;1;PING OK - Packet loss = 0%, RTA = 0.27 ms
[1695524400] CURRENT HOST STATE: SRV01USER_cass.cl;UP;HARD;1;PING OK - Packet loss = 0%, RTA = 2.72 ms
[1695524400] CURRENT HOST STATE: SRV04AD01.cass.cl;UP;HARD;1;PING OK - Packet loss = 0%, RTA = 1.13 ms
[1695524400] CURRENT HOST STATE: SRV05AD02_cass.cl;UP;HARD;1;PING OK - Packet loss = 0%, RTA = 2.04 ms
[1695524400] CURRENT HOST STATE: SRV11VIBE_cass.cl;UP;HARD;1;PING OK - Packet loss = 0%, RTA = 1.12 ms
[1695524400] CURRENT HOST STATE: SRVAD1.cass.pmc;UP;HARD;1;PING OK - Packet loss = 0%, RTA = 1.58 ms
[1695524400] CURRENT HOST STATE: SRVAD2.cass.pmc;UP;HARD;1;PING OK - Packet loss = 0%, RTA = 1.36 ms
[1695524400] CURRENT HOST STATE: SRVADMIN.cass.pmc;UP;HARD;1;PING OK - Packet loss = 0%, RTA = 1.57 ms
[1695524400] CURRENT HOST STATE: SRVCONT.cass.cl;UP;HARD;1;PING OK - Packet loss = 0%, RTA = 3.23 ms
[1695524400] CURRENT HOST STATE: SRVDC01_cass.pmc;UP;HARD;1;PING OK - Packet loss = 0%, RTA = 1.52 ms
[1695524400] CURRENT HOST STATE: SRVDC1.cass.pmc;UP;HARD;1;PING OK - Packet loss = 0%, RTA = 1.40 ms
[1695524400] CURRENT HOST STATE: SRVDNS;UP;HARD;1;PING OK - Packet loss = 0%, RTA = 1.31 ms
[1695524400] CURRENT HOST STATE: SRVMFSD;UP;HARD;1;PING OK - Packet loss = 0%, RTA = 1.14 ms
[1695524400] CURRENT HOST STATE: SRVWEB_cass.cl;UP;HARD;1;PING OK - Packet loss = 0%, RTA = 1.17 ms
[1695524400] CURRENT HOST STATE: SRV_Cfiler.cass.cl;UP;HARD;1;PING OK - Packet loss = 0%, RTA = 0.64 ms
[1695524400] CURRENT HOST STATE: SRV_GLPI;UP;HARD;1;PING OK - Packet loss = 0%, RTA = 0.80 ms
[1695524400] CURRENT HOST STATE: SRV_GXConsultores;UP;HARD;1;PING OK - Packet loss = 0%, RTA = 1.06 ms
[1695524400] CURRENT HOST STATE: SRV_Oraculo_cass.cl;UP;HARD;1;PING OK - Packet loss = 0%, RTA = 1.20 ms
[1695524400] CURRENT HOST STATE: SRV_SOS2021.cass.cl;UP;HARD;1;PING OK - Packet loss = 0%, RTA = 0.66 ms
[1695524400] CURRENT HOST STATE: SRV_SUM;UP;HARD;1;PING OK - Packet loss = 0%, RTA = 0.77 ms
[1695524400] CURRENT HOST STATE: SRV_Soporte;UP;HARD;1;PING OK - Packet loss = 0%, RTA = 2.09 ms
[1695524400] CURRENT HOST STATE: SRV_Soporte2;UP;HARD;1;PING OK - Packet loss = 0%, RTA = 1.38 ms
[1695524400] CURRENT HOST STATE: SRV_chat.cass.cl;UP;HARD;1;PING OK - Packet loss = 0%, RTA = 0.57 ms
[1695524400] CURRENT HOST STATE: SRV_email.cass.cl;UP;HARD;1;PING OK - Packet loss = 0%, RTA = 1.36 ms
[1695524400] CURRENT HOST STATE: SRV_nagios;UP;HARD;1;PING OK - Packet loss = 0%, RTA = 0.08 ms
[1695524400] CURRENT HOST STATE: SRV_sync.cass.cl;UP;HARD;1;PING OK - Packet loss = 0%, RTA = 1.10 ms
[1695524400] CURRENT HOST STATE: Servidor Vcenter;UP;HARD;1;PING OK - Packet loss = 0%, RTA = 0.65 ms
[1695524400] CURRENT HOST STATE: Servidores CASS;UP;HARD;1;PING OK - Packet loss = 0%, RTA = 1.21 ms
[1695524400] CURRENT HOST STATE: Ups Principal;UP;HARD;1;PING OK - Packet loss = 0%, RTA = 1.12 ms
[1695524400] CURRENT HOST STATE: Veeam2023.cass.pmc;UP;HARD;1;PING OK - Packet loss = 0%, RTA = 1.43 ms
[1695524400] CURRENT HOST STATE: web_cass_cl;UP;HARD;1;PING OK - Packet loss = 0%, RTA = 0.59 ms
[1695524400] CURRENT SERVICE STATE: ADL Diagnostic;Ping;OK;HARD;1;PING OK - Packet loss = 0%, RTA = 36.67 ms
[1695524400] CURRENT SERVICE STATE: Blueshell;Ping;OK;HARD;1;PING OK - Packet loss = 0%, RTA = 3.24 ms
[1695524400] CURRENT SERVICE STATE: Clinica PV Movistar;Ping;OK;HARD;1;PING OK - Packet loss = 0%, RTA = 36.00 ms
[1695524400] CURRENT SERVICE STATE: Confe;Ping;CRITICAL;HARD;3;PING CRITICAL - Packet loss = 100%
[1695524400] CURRENT SERVICE STATE: Electric Works;Ping;OK;HARD;1;PING OK - Packet loss = 0%, RTA = 34.80 ms
[1695524400] CURRENT SERVICE STATE: Ext Telsur;Ping;OK;HARD;1;PING OK - Packet loss = 0%, RTA = 1.30 ms
[1695524400] CURRENT SERVICE STATE: FW ADL Diagnostic;Ping;OK;HARD;1;PING OK - Packet loss = 0%, RTA = 35.25 ms
[1695524400] CURRENT SERVICE STATE: FW Blueshell;Ping;OK;HARD;1;PING OK - Packet loss = 0%, RTA = 3.25 ms
[1695524400] CURRENT SERVICE STATE: FW Cass Entel;Ping;OK;HARD;1;PING OK - Packet loss = 0%, RTA = 35.21 ms
[1695524400] CURRENT SERVICE STATE: FW Cass Telsur;Ancho de Banda DMZ;OK;HARD;1;OK - Average IN: 2.43KB (0.00%), Average OUT: 5.27KB (0.00%)Total RX: 59.22GBytes, Total TX: 67.02GBytes
[1695524400] CURRENT SERVICE STATE: FW Cass Telsur;Ancho de Banda LAN;OK;HARD;1;OK - Average IN: 1.08KB (0.00%), Average OUT: 942.82B (0.00%)Total RX: 1268.08GBytes, Total TX: 1093.82GBytes
[1695524400] CURRENT SERVICE STATE: FW Cass Telsur;Ancho de Banda WAN;OK;HARD;1;OK - Average IN: 425.87B (0.00%), Average OUT: 138.57B (0.00%)Total RX: 12360.62GBytes, Total TX: 10475.61GBytes
[1695524400] CURRENT SERVICE STATE: FW Cass Telsur;Estado Puerto DMZ;OK;HARD;1;OK: Interface eth2 (index 4) is up.
[1695524400] CURRENT SERVICE STATE: FW Cass Telsur;Estado Puerto LAN;OK;HARD;1;OK: Interface eth0 (index 2) is up.
[1695524400] CURRENT SERVICE STATE: FW Cass Telsur;Estado Puerto WAN;OK;HARD;1;OK: Interface eth1 (index 3) is up.
[1695524400] CURRENT SERVICE STATE: FW Cass Telsur;Estado TCP Sophos;OK;HARD;1;TCP OK - 0.001 second response time on 201.220.96.34 port 4444
[1695524400] CURRENT SERVICE STATE: FW Cass Telsur;Ping;OK;HARD;1;PING OK - Packet loss = 0%, RTA = 0.66 ms
[1695524400] CURRENT SERVICE STATE: FW Cass Telsur;Tiempo Activo;OK;HARD;1;SNMP OK - Timeticks: (82419967) 9 days, 12:56:39.67
[1695524400] CURRENT SERVICE STATE: FW Clinica PV Movistar;Ping;OK;HARD;1;PING OK - Packet loss = 0%, RTA = 36.13 ms
[1695524400] CURRENT SERVICE STATE: FW Confe;Ping;OK;HARD;1;PING OK - Packet loss = 0%, RTA = 44.72 ms
[1695524400] CURRENT SERVICE STATE: FW Electric Works;Ping;OK;HARD;1;PING OK - Packet loss = 0%, RTA = 35.58 ms
[1695524400] CURRENT SERVICE STATE: FW Gore Los Lagos;Ping;OK;HARD;1;PING OK - Packet loss = 0%, RTA = 1.38 ms
[1695524400] CURRENT SERVICE STATE: FW Pasmar;Ping;OK;HARD;1;PING OK - Packet loss = 0%, RTA = 1.18 ms
[1695524400] CURRENT SERVICE STATE: Gore Los Lagos;Ping;OK;HARD;1;PING OK - Packet loss = 0%, RTA = 1.37 ms
[1695524400] CURRENT SERVICE STATE: Host-10.0.0.120;Ping;OK;HARD;1;PING OK - Packet loss = 0%, RTA = 0.51 ms
[1695524400] CURRENT SERVICE STATE: Host-10.0.0.121;Ping;OK;HARD;1;PING OK - Packet loss = 0%, RTA = 0.50 ms
[1695524400] CURRENT SERVICE STATE: Pasmar;Ping;OK;HARD;1;PING OK - Packet loss = 28%, RTA = 1.24 ms
[1695524400] CURRENT SERVICE STATE: Qnap NAS;Almacenamiento;OK;HARD;1;OK: Total:50TB - Used:30TB - Free:19TB - Used Space: 61%
[1695524400] CURRENT SERVICE STATE: Qnap NAS;Estado;OK;HARD;1;Power Supply #1 - OK: GOOD
[1695524400] CURRENT SERVICE STATE: Qnap NAS;Memoria;OK;HARD;1;OK: Total:3830MB - Used:1247MB - Free:2583MB = 33%
[1695524400] CURRENT SERVICE STATE: Qnap NAS;Sysinfo;OK;HARD;1;NAS Cloud, Model TS-879U-RP, Firmware 4.3.6, Max HD number 8, No. Volume 1
[1695524400] CURRENT SERVICE STATE: Qnap NAS;Temperatura;OK;HARD;1;OK: Temperature=34C
[1695524400] CURRENT SERVICE STATE: Qnap NAS;Tiempo Activo;OK;HARD;1;SNMP OK - Timeticks: (523419409) 60 days, 13:56:34.09
[1695524400] CURRENT SERVICE STATE: SRV01USER_cass.cl;Actualizacion;CRITICAL;HARD;3;Updates: 12 critical, 0 optional
[1695524400] CURRENT SERVICE STATE: SRV01USER_cass.cl;Almacenamiento C;WARNING;HARD;3;c:\ - total: 119.40 Gb - used: 96.27 Gb (81%) - free 23.13 Gb (19%)
[1695524400] CURRENT SERVICE STATE: SRV01USER_cass.cl;Almacenamiento U;OK;HARD;1;u:\ - total: 1023.98 Gb - used: 182.25 Gb (18%) - free 841.73 Gb (82%)
[1695524400] CURRENT SERVICE STATE: SRV01USER_cass.cl;CPU;OK;HARD;1;CPU Load 3% (5 min average)
[1695524400] CURRENT SERVICE STATE: SRV01USER_cass.cl;Memoria;OK;HARD;1;Memory usage: total:26367.24 MB - used: 11690.86 MB (44%) - free: 14676.38 MB (56%)
[1695524400] CURRENT SERVICE STATE: SRV01USER_cass.cl;Ping;OK;HARD;1;PING OK - Packet loss = 0%, RTA = 2.43 ms
[1695524400] CURRENT SERVICE STATE: SRV01USER_cass.cl;Tiempo Activo;OK;HARD;1;System Uptime - 13 day(s) 15 hour(s) 50 minute(s)
[1695524400] CURRENT SERVICE STATE: SRV04AD01.cass.cl;Ping;OK;HARD;1;PING OK - Packet loss = 0%, RTA = 1.55 ms
[1695524400] CURRENT SERVICE STATE: SRV05AD02_cass.cl;Ping;OK;HARD;1;PING OK - Packet loss = 0%, RTA = 1.50 ms
[1695524400] CURRENT SERVICE STATE: SRV11VIBE_cass.cl;Actualizacion;CRITICAL;HARD;3;Updates CRITICAL : discontinued OS Release SLE 15.1: At least one of your Repositories might be out of date. Please run "zypper refresh" as root to update it.  2 security update(s): 1 recommended update(s):  2 package update(s):
[1695524400] CURRENT SERVICE STATE: SRV11VIBE_cass.cl;Almacenamiento /;OK;HARD;1;DISK OK - free space: /var/tmp 78625 MiB (85.80% inode=-):
[1695524400] CURRENT SERVICE STATE: SRV11VIBE_cass.cl;CPU;OK;HARD;1;OK - load average per CPU: 0.03, 0.02, 0.01
[1695524400] CURRENT SERVICE STATE: SRV11VIBE_cass.cl;Memoria;OK;HARD;1;[MEMORY] Total: 7693 MB - Used: 4980 MB - 64% [SWAP] Total: 7944 MB - Used: 752 MB - 9%
[1695524400] CURRENT SERVICE STATE: SRV11VIBE_cass.cl;Ping;OK;HARD;1;PING OK - Packet loss = 0%, RTA = 1.23 ms
[1695524400] CURRENT SERVICE STATE: SRV11VIBE_cass.cl;Proceso Vibe;OK;HARD;1;PROCS OK: 0 processes with command name 'vibe'
[1695524400] CURRENT SERVICE STATE: SRV11VIBE_cass.cl;Procesos;OK;HARD;1;PROCS OK: 313 processes
[1695524400] CURRENT SERVICE STATE: SRV11VIBE_cass.cl;Procesos Zombies;OK;HARD;1;PROCS OK: 0 processes with STATE = Z
[1695524400] CURRENT SERVICE STATE: SRV11VIBE_cass.cl;Puerto HTTP;OK;HARD;1;TCP OK - 0.001 second response time on 10.0.2.13 port 80
[1695524400] CURRENT SERVICE STATE: SRV11VIBE_cass.cl;Puerto HTTPS;OK;HARD;1;TCP OK - 0.001 second response time on 10.0.2.13 port 443
[1695524400] CURRENT SERVICE STATE: SRV11VIBE_cass.cl;Servicio Vibe;OK;HARD;1;OK: Service vibe is running!
[1695524400] CURRENT SERVICE STATE: SRV11VIBE_cass.cl;Tiempo Activo;WARNING;HARD;3;Uptime WARNING: 155 day(s) 13 hour(s) 14 minute(s)
[1695524400] CURRENT SERVICE STATE: SRV11VIBE_cass.cl;Usuarios Login;OK;HARD;1;USERS OK - 2 users currently logged in
[1695524400] CURRENT SERVICE STATE: SRVAD1.cass.pmc;Ping;OK;HARD;1;PING OK - Packet loss = 0%, RTA = 1.67 ms
[1695524400] CURRENT SERVICE STATE: SRVAD2.cass.pmc;Ping;OK;HARD;1;PING OK - Packet loss = 0%, RTA = 1.58 ms
[1695524400] CURRENT SERVICE STATE: SRVADMIN.cass.pmc;Actualizacion;CRITICAL;HARD;3;Updates: 4 critical, 0 optional
[1695524400] CURRENT SERVICE STATE: SRVADMIN.cass.pmc;Almacenamiento;OK;HARD;1;c:\ - total: 299.66 Gb - used: 166.11 Gb (55%) - free 133.54 Gb (45%)
[1695524400] CURRENT SERVICE STATE: SRVADMIN.cass.pmc;CPU;OK;HARD;1;CPU Load 0% (5 min average)
[1695524400] CURRENT SERVICE STATE: SRVADMIN.cass.pmc;Memoria;OK;HARD;1;Memory usage: total:18079.09 MB - used: 14657.27 MB (81%) - free: 3421.82 MB (19%)
[1695524400] CURRENT SERVICE STATE: SRVADMIN.cass.pmc;Ping;OK;HARD;1;PING OK - Packet loss = 0%, RTA = 1.83 ms
[1695524400] CURRENT SERVICE STATE: SRVADMIN.cass.pmc;Tiempo Activo;OK;HARD;1;System Uptime - 67 day(s) 2 hour(s) 14 minute(s)
[1695524400] CURRENT SERVICE STATE: SRVCONT.cass.cl;Actualizacion;CRITICAL;HARD;3;Updates: 4 critical, 0 optional
[1695524400] CURRENT SERVICE STATE: SRVCONT.cass.cl;Almacenamiento;OK;HARD;1;c:\ - total: 299.33 Gb - used: 40.56 Gb (14%) - free 258.77 Gb (86%)
[1695524400] CURRENT SERVICE STATE: SRVCONT.cass.cl;CPU;OK;HARD;1;CPU Load 3% (5 min average)
[1695524400] CURRENT SERVICE STATE: SRVCONT.cass.cl;Memoria;OK;HARD;1;Memory usage: total:14845.78 MB - used: 5767.60 MB (39%) - free: 9078.18 MB (61%)
[1695524400] CURRENT SERVICE STATE: SRVCONT.cass.cl;Ping;OK;HARD;1;PING OK - Packet loss = 0%, RTA = 3.68 ms
[1695524400] CURRENT SERVICE STATE: SRVCONT.cass.cl;Tiempo Activo;OK;HARD;1;System Uptime - 67 day(s) 2 hour(s) 18 minute(s)
[1695524400] CURRENT SERVICE STATE: SRVDC1.cass.pmc;Ping;OK;HARD;1;PING OK - Packet loss = 0%, RTA = 1.44 ms
[1695524400] CURRENT SERVICE STATE: SRVDNS;Ping;OK;HARD;1;PING OK - Packet loss = 0%, RTA = 1.13 ms
[1695524400] CURRENT SERVICE STATE: SRVMFSD;Ping;OK;HARD;1;PING OK - Packet loss = 0%, RTA = 1.17 ms
[1695524400] CURRENT SERVICE STATE: SRVWEB_cass.cl;Ping;OK;HARD;1;PING OK - Packet loss = 0%, RTA = 1.00 ms
[1695524400] CURRENT SERVICE STATE: SRV_Cfiler.cass.cl;Actualizacion;OK;HARD;1;Updates OK : no updates available
[1695524400] CURRENT SERVICE STATE: SRV_Cfiler.cass.cl;Almacenamiento /;OK;HARD;1;DISK OK - free space: / 2463708 MB (73% inode=-):
[1695524400] CURRENT SERVICE STATE: SRV_Cfiler.cass.cl;CPU;OK;HARD;1;OK - load average: 0.10, 0.10, 0.09
[1695524400] CURRENT SERVICE STATE: SRV_Cfiler.cass.cl;Http;OK;HARD;1;TCP OK - 0.000 second response time on port 80
[1695524400] CURRENT SERVICE STATE: SRV_Cfiler.cass.cl;Https;OK;HARD;1;TCP OK - 0.000 second response time on port 443
[1695524400] CURRENT SERVICE STATE: SRV_Cfiler.cass.cl;Memoria;OK;HARD;1;[MEMORY] Total: 3893 MB - Used: 1030 MB - 26% [SWAP] Total: 2047 MB - Used: 452 MB - 22%
[1695524400] CURRENT SERVICE STATE: SRV_Cfiler.cass.cl;Procesos;OK;HARD;1;PROCS OK: 301 processes
[1695524400] CURRENT SERVICE STATE: SRV_Cfiler.cass.cl;Procesos Zombies;OK;HARD;1;PROCS OK: 0 processes with STATE = Z
[1695524400] CURRENT SERVICE STATE: SRV_Cfiler.cass.cl;Procs Apache;OK;HARD;1;PROCS OK: 11 processes with args 'apache2'
[1695524400] CURRENT SERVICE STATE: SRV_Cfiler.cass.cl;Serv Apache;OK;HARD;1;OK: Service apache is running!
[1695524400] CURRENT SERVICE STATE: SRV_Cfiler.cass.cl;Servicio General;OK;HARD;1;PING OK - Packet loss = 0%, RTA = 0.60 ms
[1695524400] CURRENT SERVICE STATE: SRV_Cfiler.cass.cl;Tiempo Activo;WARNING;HARD;3;Uptime WARNING: 158 day(s) 1 hour(s) 3 minute(s)
[1695524400] CURRENT SERVICE STATE: SRV_Cfiler.cass.cl;Usuarios Login;OK;HARD;1;USERS OK - 1 users currently logged in
[1695524400] CURRENT SERVICE STATE: SRV_Oraculo_cass.cl;Ping;OK;HARD;1;PING OK - Packet loss = 16%, RTA = 1.07 ms
[1695524400] CURRENT SERVICE STATE: SRV_SOS2021.cass.cl;Actualizacion;OK;HARD;1;Updates OK : no updates available
[1695524400] CURRENT SERVICE STATE: SRV_SOS2021.cass.cl;Almacenamiento /;OK;HARD;1;DISK OK - free space: /var/tmp 118418 MiB (91.14% inode=-):
[1695524400] CURRENT SERVICE STATE: SRV_SOS2021.cass.cl;CPU;OK;HARD;1;OK - load average per CPU: 0.03, 0.02, 0.02
[1695524400] CURRENT SERVICE STATE: SRV_SOS2021.cass.cl;Memoria;OK;HARD;1;[MEMORY] Total: 7946 MB - Used: 1646 MB - 20% [SWAP] Total: 10239 MB - Used: 1 MB - 0%
[1695524400] CURRENT SERVICE STATE: SRV_SOS2021.cass.cl;Ping;OK;HARD;1;PING OK - Packet loss = 0%, RTA = 0.55 ms
[1695524400] CURRENT SERVICE STATE: SRV_SOS2021.cass.cl;Procesos;OK;HARD;1;PROCS OK: 316 processes
[1695524400] CURRENT SERVICE STATE: SRV_SOS2021.cass.cl;Procesos Zombies;OK;HARD;1;PROCS OK: 0 processes with STATE = Z
[1695524400] CURRENT SERVICE STATE: SRV_SOS2021.cass.cl;Tiempo Activo;OK;HARD;1;Uptime OK: 185 day(s) 10 hour(s) 36 minute(s)
[1695524400] CURRENT SERVICE STATE: SRV_SOS2021.cass.cl;Usuarios Login;OK;HARD;1;USERS OK - 0 users currently logged in
[1695524400] CURRENT SERVICE STATE: SRV_SUM;Ping;OK;HARD;1;PING OK - Packet loss = 0%, RTA = 0.68 ms
[1695524400] CURRENT SERVICE STATE: SRV_chat.cass.cl;Actualizacion;OK;HARD;1;Updates OK : no updates available
[1695524400] CURRENT SERVICE STATE: SRV_chat.cass.cl;Almacenamiento /;OK;HARD;1;DISK OK - free space: /var/tmp 970234 MiB (92.81% inode=-):
[1695524400] CURRENT SERVICE STATE: SRV_chat.cass.cl;CPU;OK;HARD;1;OK - load average per CPU: 0.03, 0.06, 0.05
[1695524400] CURRENT SERVICE STATE: SRV_chat.cass.cl;Memoria;OK;HARD;1;[MEMORY] Total: 7919 MB - Used: 3175 MB - 40% [SWAP] Total: 2048 MB - Used: 618 MB - 30%
[1695524400] CURRENT SERVICE STATE: SRV_chat.cass.cl;Ping;OK;HARD;1;PING OK - Packet loss = 0%, RTA = 0.78 ms
[1695524400] CURRENT SERVICE STATE: SRV_chat.cass.cl;Proceso Docker;OK;HARD;1;PROCS OK: 0 processes with command name 'docker'
[1695524400] CURRENT SERVICE STATE: SRV_chat.cass.cl;Proceso Nginx;OK;HARD;1;PROCS OK: 3 processes with command name 'nginx'
[1695524400] CURRENT SERVICE STATE: SRV_chat.cass.cl;Procesos;OK;HARD;1;PROCS OK: 302 processes
[1695524400] CURRENT SERVICE STATE: SRV_chat.cass.cl;Procesos Zombies;OK;HARD;1;PROCS OK: 1 process with STATE = Z
[1695524400] CURRENT SERVICE STATE: SRV_chat.cass.cl;Puerto Contenedor;OK;HARD;1;TCP OK - 0.001 second response time on port 8000
[1695524400] CURRENT SERVICE STATE: SRV_chat.cass.cl;Puerto HTTP;OK;HARD;1;TCP OK - 0.000 second response time on port 80
[1695524400] CURRENT SERVICE STATE: SRV_chat.cass.cl;Puerto HTTPS;OK;HARD;1;TCP OK - 0.000 second response time on port 443
[1695524400] CURRENT SERVICE STATE: SRV_chat.cass.cl;Puerto Portainer;OK;HARD;1;TCP OK - 0.000 second response time on port 9443
[1695524400] CURRENT SERVICE STATE: SRV_chat.cass.cl;Servicio Docker;OK;HARD;1;OK: Service docker is running!
[1695524400] CURRENT SERVICE STATE: SRV_chat.cass.cl;Servicio Nginx;OK;HARD;1;OK: Service nginx is running!
[1695524400] CURRENT SERVICE STATE: SRV_chat.cass.cl;Usuarios Login;OK;HARD;1;USERS OK - 2 users currently logged in
[1695524400] CURRENT SERVICE STATE: SRV_email.cass.cl;Actualizacion;OK;HARD;1;Updates OK : no updates available
[1695524400] CURRENT SERVICE STATE: SRV_email.cass.cl;Almacenamiento /;OK;HARD;1;DISK OK - free space: /var/tmp 476367 MiB (94.03% inode=-):
[1695524400] CURRENT SERVICE STATE: SRV_email.cass.cl;Almacenamiento Mail;OK;HARD;1;DISK OK - free space: /mail 1804400 MiB (92.14% inode=99%):
[1695524400] CURRENT SERVICE STATE: SRV_email.cass.cl;Almacenamiento Mail2;OK;HARD;1;DISK OK - free space: /mail2 476430 MiB (99.82% inode=100%):
[1695524400] CURRENT SERVICE STATE: SRV_email.cass.cl;CPU;OK;HARD;1;OK - load average per CPU: 0.02, 0.01, 0.01
[1695524400] CURRENT SERVICE STATE: SRV_email.cass.cl;Correo Pop;OK;HARD;1;POP OK - 0.003 second response time on 10.0.2.25 port 110 [+OK GroupWise POP3 server ready]
[1695524400] CURRENT SERVICE STATE: SRV_email.cass.cl;Correo Smtp;OK;HARD;1;SMTP OK - 0.058 sec. response time
[1695524400] CURRENT SERVICE STATE: SRV_email.cass.cl;Memoria;OK;HARD;1;[MEMORY] Total: 11939 MB - Used: 2028 MB - 16% [SWAP] Total: 2048 MB - Used: 26 MB - 1%
[1695524400] CURRENT SERVICE STATE: SRV_email.cass.cl;Ping;OK;HARD;1;PING OK - Packet loss = 0%, RTA = 1.41 ms
[1695524400] CURRENT SERVICE STATE: SRV_email.cass.cl;Procesos;OK;HARD;1;PROCS OK: 290 processes
[1695524400] CURRENT SERVICE STATE: SRV_email.cass.cl;Procesos Zombies;OK;HARD;1;PROCS OK: 0 processes with STATE = Z
[1695524400] CURRENT SERVICE STATE: SRV_email.cass.cl;Tiempo Activo;OK;HARD;1;Uptime OK: 12 day(s) 10 hour(s) 46 minute(s)
[1695524400] CURRENT SERVICE STATE: SRV_email.cass.cl;Usuarios Login;OK;HARD;1;USERS OK - 0 users currently logged in
[1695524400] CURRENT SERVICE STATE: SRV_nagios;Actualizacion;OK;HARD;1;YUM OK: 0 Updates Available
[1695524400] CURRENT SERVICE STATE: SRV_nagios;CPU;OK;HARD;1;OK - load average: 0.33, 0.12, 0.08
[1695524400] CURRENT SERVICE STATE: SRV_nagios;Memoria;OK;HARD;1;[MEMORY] Total: 7740 MB - Used: 549 MB - 7% [SWAP] Total: 7935 MB - Used: 0 MB - 0%
[1695524400] CURRENT SERVICE STATE: SRV_nagios;PING;OK;HARD;1;PING OK - Packet loss = 0%, RTA = 0.10 ms
[1695524400] CURRENT SERVICE STATE: SRV_nagios;Procesos;OK;HARD;1;PROCS OK: 76 processes with STATE = RSZDT
[1695524400] CURRENT SERVICE STATE: SRV_nagios;Usarios Login;OK;HARD;1;USERS OK - 0 users currently logged in
[1695524400] CURRENT SERVICE STATE: SRV_sync.cass.cl;Ping;OK;HARD;1;PING OK - Packet loss = 16%, RTA = 1.29 ms
[1695524400] CURRENT SERVICE STATE: Servidor Vcenter;Ping;OK;HARD;1;PING OK - Packet loss = 0%, RTA = 0.88 ms
[1695524400] CURRENT SERVICE STATE: Servidores CASS;Ancho de Banda GE/1/0/3;OK;HARD;1;OK - Average IN: 7.68KB (0.01%), Average OUT: 7.53KB (0.01%)Total RX: 43414.22GBytes, Total TX: 100553.08GBytes
[1695524400] CURRENT SERVICE STATE: Servidores CASS;Estado Puerto 3;OK;HARD;1;OK: Interface GigabitEthernet1/0/3 (index 3) is up.
[1695524400] CURRENT SERVICE STATE: Servidores CASS;Estado Puerto 80;OK;HARD;1;TCP OK - 0.002 second response time on 10.0.0.17 port 80
[1695524400] CURRENT SERVICE STATE: Servidores CASS;Ping;OK;HARD;1;PING OK - Packet loss = 0%, RTA = 1.31 ms
[1695524400] CURRENT SERVICE STATE: Servidores CASS;Tiempo Activo;OK;HARD;1;SNMP OK - Timeticks: (1602314186) 185 days, 10:52:21.86
[1695524400] CURRENT SERVICE STATE: Ups Principal;Carga;OK;HARD;1;OK: Estimated battery charge 100%, approximately 0 minutes runtime remaining.
[1695524400] CURRENT SERVICE STATE: Ups Principal;Estado;OK;HARD;1;OK: Battery Status Normal.
[1695524400] CURRENT SERVICE STATE: Ups Principal;Ping;OK;HARD;1;PING OK - Packet loss = 0%, RTA = 1.04 ms
[1695524400] CURRENT SERVICE STATE: Ups Principal;Temperatura;OK;HARD;1;OK: Battery Temperature is 21 degrees C (69.8 degrees F).
[1695524400] CURRENT SERVICE STATE: Ups Principal;Tiempo Activo;OK;HARD;1;SNMP OK - Timeticks: (16728519) 1 day, 22:28:05.19
[1695524400] CURRENT SERVICE STATE: Veeam2023.cass.pmc;Actualizacion;CRITICAL;HARD;3;Updates: 1 critical, 0 optional
[1695524400] CURRENT SERVICE STATE: Veeam2023.cass.pmc;Almacenamiento;OK;HARD;1;c:\ - total: 99.33 Gb - used: 63.59 Gb (64%) - free 35.74 Gb (36%)
[1695524400] CURRENT SERVICE STATE: Veeam2023.cass.pmc;CPU;OK;HARD;1;CPU Load 28% (5 min average)
[1695524400] CURRENT SERVICE STATE: Veeam2023.cass.pmc;Memoria;OK;HARD;1;Memory usage: total:28159.25 MB - used: 12011.34 MB (43%) - free: 16147.91 MB (57%)
[1695524400] CURRENT SERVICE STATE: Veeam2023.cass.pmc;Ping;OK;HARD;1;PING OK - Packet loss = 0%, RTA = 1.36 ms
[1695524400] CURRENT SERVICE STATE: Veeam2023.cass.pmc;Tiempo Activo;OK;HARD;1;System Uptime - 1 day(s) 23 hour(s) 29 minute(s)
[1695524400] CURRENT SERVICE STATE: web_cass_cl;Certificado;OK;HARD;1;SSL OK - Certificate '*.cass.cl' will expire in 93 days on 2023-12-26 20:59 -0300/-03.
[1695524400] CURRENT SERVICE STATE: web_cass_cl;HTTP;OK;HARD;1;HTTP OK: HTTP/1.1 302 Found - 1073 bytes in 0.170 second response time
[1695525802] Auto-save of retention data completed successfully.
[1695529402] Auto-save of retention data completed successfully.
[1695533002] Auto-save of retention data completed successfully.
[1695535275] wproc: Core Worker 25164: job 258029 (pid=4109) timed out. Killing it
[1695535275] wproc: CHECK job 258029 from worker Core Worker 25164 timed out after 30.00s
[1695535275] wproc:   host=Gore Los Lagos; service=(null);
[1695535275] wproc:   early_timeout=1; exited_ok=0; wait_status=0; error_code=62;
[1695535275] Warning: Check of host 'Gore Los Lagos' timed out after 30.00 seconds
[1695535275] HOST ALERT: Gore Los Lagos;DOWN;SOFT;1;(Host check timed out after 30.00 seconds)
[1695535275] wproc: Core Worker 25164: job 258029 (pid=4109): Dormant child reaped
[1695535279] wproc: Core Worker 25164: job 258033 (pid=4194) timed out. Killing it
[1695535279] wproc: CHECK job 258033 from worker Core Worker 25164 timed out after 30.01s
[1695535279] wproc:   host=FW Gore Los Lagos; service=(null);
[1695535279] wproc:   early_timeout=1; exited_ok=0; wait_status=0; error_code=62;
[1695535279] Warning: Check of host 'FW Gore Los Lagos' timed out after 30.01 seconds
[1695535279] HOST ALERT: FW Gore Los Lagos;UNREACHABLE;SOFT;1;(Host check timed out after 30.01 seconds)
[1695535280] wproc: Core Worker 25164: job 258033 (pid=4194): Dormant child reaped
[1695535295] SERVICE ALERT: FW Gore Los Lagos;Ping;WARNING;HARD;1;PING WARNING - Packet loss = 82%, RTA = 1.26 ms
[1695535297] HOST ALERT: Gore Los Lagos;UP;SOFT;1;PING OK - Packet loss = 72%, RTA = 1.31 ms
[1695535301] HOST ALERT: FW Gore Los Lagos;UP;SOFT;1;PING OK - Packet loss = 0%, RTA = 1.37 ms
[1695535334] SERVICE ALERT: FW Gore Los Lagos;Ping;OK;HARD;1;PING OK - Packet loss = 37%, RTA = 1.21 ms
[1695536602] Auto-save of retention data completed successfully.
[1695540202] Auto-save of retention data completed successfully.
[1695540602] SERVICE ALERT: SRV_SOS2021.cass.cl;Tiempo Activo;CRITICAL;SOFT;1;CHECK_NRPE: Error - Could not connect to 10.0.0.16: Connection reset by peer
[1695540722] SERVICE ALERT: SRV_SOS2021.cass.cl;Tiempo Activo;OK;SOFT;2;Uptime OK: 185 day(s) 15 hour(s) 9 minute(s)
[1695543802] Auto-save of retention data completed successfully.
[1695547402] Auto-save of retention data completed successfully.
[1695551002] Auto-save of retention data completed successfully.
[1695554602] Auto-save of retention data completed successfully.
[1695558202] Auto-save of retention data completed successfully.
[1695558616] SERVICE ALERT: SRV_Cfiler.cass.cl;Procesos Zombies;CRITICAL;SOFT;1;PROCS CRITICAL: 13 processes with STATE = Z
[1695558736] SERVICE ALERT: SRV_Cfiler.cass.cl;Procesos Zombies;OK;SOFT;2;PROCS OK: 0 processes with STATE = Z
[1695560402] SERVICE ALERT: SRV_SOS2021.cass.cl;Tiempo Activo;CRITICAL;SOFT;1;CHECK_NRPE: Error - Could not connect to 10.0.0.16: Connection reset by peer
[1695560522] SERVICE ALERT: SRV_SOS2021.cass.cl;Tiempo Activo;OK;SOFT;2;Uptime OK: 185 day(s) 20 hour(s) 39 minute(s)
[1695561802] Auto-save of retention data completed successfully.
[1695565402] Auto-save of retention data completed successfully.
[1695565802] SERVICE ALERT: SRV_email.cass.cl;Correo Pop;CRITICAL;SOFT;1;CHECK_NRPE: Error - Could not connect to 10.0.2.25. Check system logs on 10.0.2.25
[1695565922] SERVICE ALERT: SRV_email.cass.cl;Correo Pop;OK;SOFT;2;POP OK - 0.000 second response time on 10.0.2.25 port 110 [+OK GroupWise POP3 server ready]
[1695567616] SERVICE ALERT: SRV_Cfiler.cass.cl;Procesos Zombies;CRITICAL;SOFT;1;PROCS CRITICAL: 11 processes with STATE = Z
[1695567736] SERVICE ALERT: SRV_Cfiler.cass.cl;Procesos Zombies;OK;SOFT;2;PROCS OK: 0 processes with STATE = Z
[1695569002] Auto-save of retention data completed successfully.
[1695572602] Auto-save of retention data completed successfully.
[1695576202] Auto-save of retention data completed successfully.
[1695579802] Auto-save of retention data completed successfully.
[1695583402] Auto-save of retention data completed successfully.
[1695587002] Auto-save of retention data completed successfully.
[1695590602] Auto-save of retention data completed successfully.
[1695591602] SERVICE ALERT: SRV_email.cass.cl;Correo Pop;CRITICAL;SOFT;1;CHECK_NRPE: Error - Could not connect to 10.0.2.25: Connection reset by peer
[1695591722] SERVICE ALERT: SRV_email.cass.cl;Correo Pop;OK;SOFT;2;POP OK - 0.000 second response time on 10.0.2.25 port 110 [+OK GroupWise POP3 server ready]
[1695594202] Auto-save of retention data completed successfully.
[1695597802] Auto-save of retention data completed successfully.
[1695601402] Auto-save of retention data completed successfully.
[1695603838] SERVICE ALERT: Servidores CASS;Ancho de Banda GE/1/0/3;WARNING;SOFT;1;WARNING - OUT bandwidth (91.05%) too high
[1695603959] SERVICE ALERT: Servidores CASS;Ancho de Banda GE/1/0/3;OK;SOFT;2;OK - Average IN: 39.64MB (31.71%), Average OUT: 79.07MB (63.25%)Total RX: 43518.90GBytes, Total TX: 100746.09GBytes
[1695605002] Auto-save of retention data completed successfully.
[1695608602] Auto-save of retention data completed successfully.
