[1687752000] LOG ROTATION: DAILY
[1687752000] LOG VERSION: 2.0
[1687752000] CURRENT HOST STATE: ADL Diagnostic;UP;HARD;1;PING OK - Packet loss = 0%, RTA = 34.36 ms
[1687752000] CURRENT HOST STATE: Blueshell;UP;HARD;1;PING OK - Packet loss = 0%, RTA = 3.26 ms
[1687752000] CURRENT HOST STATE: Cass Entel;UP;HARD;1;PING OK - Packet loss = 0%, RTA = 0.63 ms
[1687752000] CURRENT HOST STATE: Cass Telsur;UP;HARD;1;PING OK - Packet loss = 0%, RTA = 1.37 ms
[1687752000] CURRENT HOST STATE: Clinica PV Movistar;UP;HARD;1;PING OK - Packet loss = 0%, RTA = 35.80 ms
[1687752000] CURRENT HOST STATE: Clinica PV Telsur;UP;HARD;1;PING OK - Packet loss = 0%, RTA = 1.34 ms
[1687752000] CURRENT HOST STATE: Confe;UP;HARD;1;PING OK - Packet loss = 0%, RTA = 40.18 ms
[1687752000] CURRENT HOST STATE: Electric Works;UP;HARD;1;PING OK - Packet loss = 0%, RTA = 32.47 ms
[1687752000] CURRENT HOST STATE: Ext Entel;UP;HARD;1;PING OK - Packet loss = 0%, RTA = 0.60 ms
[1687752000] CURRENT HOST STATE: Ext Telsur;UP;HARD;1;PING OK - Packet loss = 0%, RTA = 1.29 ms
[1687752000] CURRENT HOST STATE: FW ADL Diagnostic;UP;HARD;1;PING OK - Packet loss = 0%, RTA = 33.21 ms
[1687752000] CURRENT HOST STATE: FW Blueshell;UP;HARD;1;PING OK - Packet loss = 0%, RTA = 3.10 ms
[1687752000] CURRENT HOST STATE: FW Cass Entel;UP;HARD;1;PING OK - Packet loss = 0%, RTA = 33.03 ms
[1687752000] CURRENT HOST STATE: FW Cass Telsur;UP;HARD;1;PING OK - Packet loss = 0%, RTA = 0.71 ms
[1687752000] CURRENT HOST STATE: FW Clinica PV Movistar;UP;HARD;1;PING OK - Packet loss = 0%, RTA = 35.07 ms
[1687752000] CURRENT HOST STATE: FW Clinica PV Telsur;UP;HARD;1;PING OK - Packet loss = 0%, RTA = 1.38 ms
[1687752000] CURRENT HOST STATE: FW Confe;UP;HARD;1;PING OK - Packet loss = 0%, RTA = 41.76 ms
[1687752000] CURRENT HOST STATE: FW Electric Works;UP;HARD;1;PING OK - Packet loss = 0%, RTA = 33.37 ms
[1687752000] CURRENT HOST STATE: FW Gore Los Lagos;UP;HARD;1;PING OK - Packet loss = 0%, RTA = 1.25 ms
[1687752000] CURRENT HOST STATE: FW Pasmar;UP;HARD;1;PING OK - Packet loss = 0%, RTA = 1.30 ms
[1687752000] CURRENT HOST STATE: Gore Los Lagos;UP;HARD;1;PING OK - Packet loss = 0%, RTA = 1.20 ms
[1687752000] CURRENT HOST STATE: Host-10.0.0.120;UP;HARD;1;PING OK - Packet loss = 0%, RTA = 0.44 ms
[1687752000] CURRENT HOST STATE: Host-10.0.0.121;UP;HARD;1;PING OK - Packet loss = 0%, RTA = 0.59 ms
[1687752000] CURRENT HOST STATE: Internet;UP;HARD;1;PING OK - Packet loss = 0%, RTA = 19.33 ms
[1687752000] CURRENT HOST STATE: Pasmar;UP;HARD;1;PING OK - Packet loss = 0%, RTA = 1.28 ms
[1687752000] CURRENT HOST STATE: Qnap NAS;UP;HARD;1;PING OK - Packet loss = 0%, RTA = 0.35 ms
[1687752000] CURRENT HOST STATE: SRV01USER_cass.cl;UP;HARD;1;PING OK - Packet loss = 0%, RTA = 2.59 ms
[1687752000] CURRENT HOST STATE: SRV04AD01.cass.cl;UP;HARD;1;PING OK - Packet loss = 0%, RTA = 2.01 ms
[1687752000] CURRENT HOST STATE: SRV05AD02_cass.cl;UP;HARD;1;PING OK - Packet loss = 0%, RTA = 1.79 ms
[1687752000] CURRENT HOST STATE: SRV11VIBE_cass.cl;UP;HARD;1;PING OK - Packet loss = 0%, RTA = 1.23 ms
[1687752000] CURRENT HOST STATE: SRV12WEB_cass.cl;UP;HARD;1;PING OK - Packet loss = 0%, RTA = 2.45 ms
[1687752000] CURRENT HOST STATE: SRVAD1.cass.pmc;UP;HARD;1;PING OK - Packet loss = 0%, RTA = 1.57 ms
[1687752000] CURRENT HOST STATE: SRVAD2.cass.pmc;UP;HARD;1;PING OK - Packet loss = 0%, RTA = 1.82 ms
[1687752000] CURRENT HOST STATE: SRVADMIN.cass.pmc;UP;HARD;1;PING OK - Packet loss = 0%, RTA = 1.25 ms
[1687752000] CURRENT HOST STATE: SRVCONT.cass.cl;UP;HARD;1;PING OK - Packet loss = 0%, RTA = 3.07 ms
[1687752000] CURRENT HOST STATE: SRVDC1.cass.pmc;UP;HARD;1;PING OK - Packet loss = 0%, RTA = 1.57 ms
[1687752000] CURRENT HOST STATE: SRVDNS;UP;HARD;1;PING OK - Packet loss = 0%, RTA = 2.38 ms
[1687752000] CURRENT HOST STATE: SRVMFSD;UP;HARD;1;PING OK - Packet loss = 0%, RTA = 1.09 ms
[1687752000] CURRENT HOST STATE: SRV_Cfiler.cass.cl;UP;HARD;1;PING OK - Packet loss = 0%, RTA = 0.61 ms
[1687752000] CURRENT HOST STATE: SRV_Oraculo_cass.cl;UP;HARD;1;PING OK - Packet loss = 0%, RTA = 1.19 ms
[1687752000] CURRENT HOST STATE: SRV_SOS2021.cass.cl;UP;HARD;1;PING OK - Packet loss = 0%, RTA = 0.65 ms
[1687752000] CURRENT HOST STATE: SRV_SUM;UP;HARD;1;PING OK - Packet loss = 0%, RTA = 0.87 ms
[1687752000] CURRENT HOST STATE: SRV_chat.cass.cl;UP;HARD;1;PING OK - Packet loss = 0%, RTA = 0.57 ms
[1687752000] CURRENT HOST STATE: SRV_email.cass.cl;UP;HARD;1;PING OK - Packet loss = 0%, RTA = 1.26 ms
[1687752000] CURRENT HOST STATE: SRV_nagios;UP;HARD;1;PING OK - Packet loss = 0%, RTA = 0.09 ms
[1687752000] CURRENT HOST STATE: SRV_sync.cass.cl;UP;HARD;1;PING OK - Packet loss = 0%, RTA = 1.07 ms
[1687752000] CURRENT HOST STATE: Servidor Vcenter;UP;HARD;1;PING OK - Packet loss = 0%, RTA = 0.61 ms
[1687752000] CURRENT HOST STATE: Servidores CASS;UP;HARD;1;PING OK - Packet loss = 0%, RTA = 3.17 ms
[1687752000] CURRENT HOST STATE: Ups Principal;UP;HARD;1;PING OK - Packet loss = 0%, RTA = 1.10 ms
[1687752000] CURRENT HOST STATE: Veeam2023.cass.pmc;UP;HARD;1;PING OK - Packet loss = 0%, RTA = 1.88 ms
[1687752000] CURRENT HOST STATE: web_cass_cl;UP;HARD;1;PING OK - Packet loss = 0%, RTA = 0.65 ms
[1687752000] CURRENT SERVICE STATE: ADL Diagnostic;Ping;OK;HARD;1;PING OK - Packet loss = 0%, RTA = 34.32 ms
[1687752000] CURRENT SERVICE STATE: Blueshell;Ping;OK;HARD;1;PING OK - Packet loss = 0%, RTA = 3.25 ms
[1687752000] CURRENT SERVICE STATE: Clinica PV Movistar;Ping;OK;HARD;1;PING OK - Packet loss = 0%, RTA = 35.84 ms
[1687752000] CURRENT SERVICE STATE: Confe;Ping;OK;HARD;1;PING OK - Packet loss = 0%, RTA = 39.55 ms
[1687752000] CURRENT SERVICE STATE: Electric Works;Ping;OK;HARD;1;PING OK - Packet loss = 0%, RTA = 32.46 ms
[1687752000] CURRENT SERVICE STATE: Ext Telsur;Ping;OK;HARD;1;PING OK - Packet loss = 0%, RTA = 1.20 ms
[1687752000] CURRENT SERVICE STATE: FW ADL Diagnostic;Ping;OK;HARD;1;PING OK - Packet loss = 0%, RTA = 33.15 ms
[1687752000] CURRENT SERVICE STATE: FW Blueshell;Ping;OK;HARD;1;PING OK - Packet loss = 0%, RTA = 3.29 ms
[1687752000] CURRENT SERVICE STATE: FW Cass Entel;Ping;OK;HARD;1;PING OK - Packet loss = 0%, RTA = 33.19 ms
[1687752000] CURRENT SERVICE STATE: FW Cass Telsur;Ancho de Banda DMZ;OK;HARD;1;OK - Average IN: 2.80KB (0.00%), Average OUT: 4.56KB (0.00%)Total RX: 44.05GBytes, Total TX: 30.58GBytes
[1687752000] CURRENT SERVICE STATE: FW Cass Telsur;Ancho de Banda LAN;OK;HARD;1;OK - Average IN: 774.15B (0.00%), Average OUT: 958.48B (0.00%)Total RX: 731.60GBytes, Total TX: 597.28GBytes
[1687752000] CURRENT SERVICE STATE: FW Cass Telsur;Ancho de Banda WAN;OK;HARD;1;OK - Average IN: 43.60B (0.00%), Average OUT: 8.23B (0.00%)Total RX: 3571.96GBytes, Total TX: 6634.13GBytes
[1687752000] CURRENT SERVICE STATE: FW Cass Telsur;Estado Puerto DMZ;OK;HARD;1;OK: Interface eth2 (index 4) is up.
[1687752000] CURRENT SERVICE STATE: FW Cass Telsur;Estado Puerto LAN;OK;HARD;1;OK: Interface eth0 (index 2) is up.
[1687752000] CURRENT SERVICE STATE: FW Cass Telsur;Estado Puerto WAN;OK;HARD;1;OK: Interface eth1 (index 3) is up.
[1687752000] CURRENT SERVICE STATE: FW Cass Telsur;Estado TCP Sophos;OK;HARD;1;TCP OK - 0.001 second response time on 201.220.96.34 port 4444
[1687752000] CURRENT SERVICE STATE: FW Cass Telsur;Ping;OK;HARD;1;PING OK - Packet loss = 0%, RTA = 0.57 ms
[1687752000] CURRENT SERVICE STATE: FW Cass Telsur;Tiempo Activo;OK;HARD;1;SNMP OK - Timeticks: (294088335) 34 days, 0:54:43.35
[1687752000] CURRENT SERVICE STATE: FW Clinica PV Movistar;Ping;OK;HARD;1;PING OK - Packet loss = 0%, RTA = 35.83 ms
[1687752000] CURRENT SERVICE STATE: FW Confe;Ping;OK;HARD;1;PING OK - Packet loss = 0%, RTA = 63.37 ms
[1687752000] CURRENT SERVICE STATE: FW Electric Works;Ping;OK;HARD;1;PING OK - Packet loss = 0%, RTA = 33.38 ms
[1687752000] CURRENT SERVICE STATE: FW Gore Los Lagos;Ping;OK;HARD;1;PING OK - Packet loss = 0%, RTA = 1.20 ms
[1687752000] CURRENT SERVICE STATE: FW Pasmar;Ping;OK;HARD;1;PING OK - Packet loss = 0%, RTA = 1.24 ms
[1687752000] CURRENT SERVICE STATE: Gore Los Lagos;Ping;OK;HARD;1;PING OK - Packet loss = 0%, RTA = 1.37 ms
[1687752000] CURRENT SERVICE STATE: Host-10.0.0.120;Ping;OK;HARD;1;PING OK - Packet loss = 0%, RTA = 0.54 ms
[1687752000] CURRENT SERVICE STATE: Host-10.0.0.121;Ping;OK;HARD;1;PING OK - Packet loss = 0%, RTA = 0.44 ms
[1687752000] CURRENT SERVICE STATE: Pasmar;Ping;OK;HARD;1;PING OK - Packet loss = 0%, RTA = 1.40 ms
[1687752000] CURRENT SERVICE STATE: Qnap NAS;Almacenamiento;OK;HARD;1;OK: Total:50TB - Used:30TB - Free:19TB - Used Space: 60%
[1687752000] CURRENT SERVICE STATE: Qnap NAS;Estado;OK;HARD;1;Power Supply #1 - OK: GOOD
[1687752000] CURRENT SERVICE STATE: Qnap NAS;Memoria;OK;HARD;1;OK: Total:3830MB - Used:1248MB - Free:2582MB = 33%
[1687752000] CURRENT SERVICE STATE: Qnap NAS;Sysinfo;OK;HARD;1;NAS Cloud, Model TS-879U-RP, Firmware 4.3.6, Max HD number 8, No. Volume 1
[1687752000] CURRENT SERVICE STATE: Qnap NAS;Temperatura;OK;HARD;1;OK: Temperature=36C
[1687752000] CURRENT SERVICE STATE: Qnap NAS;Tiempo Activo;OK;HARD;1;SNMP OK - Timeticks: (393796818) 45 days, 13:52:48.18
[1687752000] CURRENT SERVICE STATE: SRV01USER_cass.cl;Actualizacion;CRITICAL;HARD;3;Updates: 1 critical, 0 optional
[1687752000] CURRENT SERVICE STATE: SRV01USER_cass.cl;Almacenamiento C;OK;HARD;1;c:\ - total: 119.40 Gb - used: 88.10 Gb (74%) - free 31.29 Gb (26%)
[1687752000] CURRENT SERVICE STATE: SRV01USER_cass.cl;Almacenamiento U;OK;HARD;1;u:\ - total: 1023.98 Gb - used: 179.77 Gb (18%) - free 844.21 Gb (82%)
[1687752000] CURRENT SERVICE STATE: SRV01USER_cass.cl;CPU;OK;HARD;1;CPU Load 1% (5 min average)
[1687752000] CURRENT SERVICE STATE: SRV01USER_cass.cl;Memoria;OK;HARD;1;Memory usage: total:23551.21 MB - used: 2174.19 MB (9%) - free: 21377.02 MB (91%)
[1687752000] CURRENT SERVICE STATE: SRV01USER_cass.cl;Ping;OK;HARD;1;PING OK - Packet loss = 0%, RTA = 2.39 ms
[1687752000] CURRENT SERVICE STATE: SRV01USER_cass.cl;Tiempo Activo;OK;HARD;1;System Uptime - 0 day(s) 15 hour(s) 57 minute(s)
[1687752000] CURRENT SERVICE STATE: SRV04AD01.cass.cl;Ping;OK;HARD;1;PING OK - Packet loss = 0%, RTA = 2.13 ms
[1687752000] CURRENT SERVICE STATE: SRV05AD02_cass.cl;Ping;OK;HARD;1;PING OK - Packet loss = 0%, RTA = 2.16 ms
[1687752000] CURRENT SERVICE STATE: SRV11VIBE_cass.cl;Actualizacion;CRITICAL;HARD;3;Updates CRITICAL : discontinued OS Release SLE 15.1: no updates available
[1687752000] CURRENT SERVICE STATE: SRV11VIBE_cass.cl;Almacenamiento /;OK;HARD;1;DISK OK - free space: /var/tmp 78745 MiB (85.96% inode=-):
[1687752000] CURRENT SERVICE STATE: SRV11VIBE_cass.cl;CPU;OK;HARD;1;OK - load average per CPU: 0.02, 0.03, 0.01
[1687752000] CURRENT SERVICE STATE: SRV11VIBE_cass.cl;Memoria;OK;HARD;1;[MEMORY] Total: 7693 MB - Used: 2992 MB - 38% [SWAP] Total: 7944 MB - Used: 4 MB - 0%
[1687752000] CURRENT SERVICE STATE: SRV11VIBE_cass.cl;Ping;OK;HARD;1;PING OK - Packet loss = 0%, RTA = 1.27 ms
[1687752000] CURRENT SERVICE STATE: SRV11VIBE_cass.cl;Proceso Vibe;OK;HARD;1;PROCS OK: 0 processes with command name 'vibe'
[1687752000] CURRENT SERVICE STATE: SRV11VIBE_cass.cl;Procesos;OK;HARD;1;PROCS OK: 313 processes
[1687752000] CURRENT SERVICE STATE: SRV11VIBE_cass.cl;Procesos Zombies;OK;HARD;1;PROCS OK: 0 processes with STATE = Z
[1687752000] CURRENT SERVICE STATE: SRV11VIBE_cass.cl;Puerto HTTP;OK;HARD;1;TCP OK - 0.001 second response time on 10.0.2.13 port 80
[1687752000] CURRENT SERVICE STATE: SRV11VIBE_cass.cl;Puerto HTTPS;OK;HARD;1;TCP OK - 0.001 second response time on 10.0.2.13 port 443
[1687752000] CURRENT SERVICE STATE: SRV11VIBE_cass.cl;Servicio Vibe;OK;HARD;1;OK: Service vibe is running!
[1687752000] CURRENT SERVICE STATE: SRV11VIBE_cass.cl;Tiempo Activo;OK;HARD;1;Uptime OK: 65 day(s) 14 hour(s) 15 minute(s)
[1687752000] CURRENT SERVICE STATE: SRV11VIBE_cass.cl;Usuarios Login;OK;HARD;1;USERS OK - 2 users currently logged in
[1687752000] CURRENT SERVICE STATE: SRV12WEB_cass.cl;Ping;OK;HARD;1;PING OK - Packet loss = 0%, RTA = 1.07 ms
[1687752000] CURRENT SERVICE STATE: SRVAD1.cass.pmc;Ping;OK;HARD;1;PING OK - Packet loss = 0%, RTA = 1.45 ms
[1687752000] CURRENT SERVICE STATE: SRVAD2.cass.pmc;Ping;OK;HARD;1;PING OK - Packet loss = 0%, RTA = 1.36 ms
[1687752000] CURRENT SERVICE STATE: SRVADMIN.cass.pmc;Actualizacion;OK;HARD;1;OK - no pending updates.
[1687752000] CURRENT SERVICE STATE: SRVADMIN.cass.pmc;Almacenamiento;OK;HARD;1;c:\ - total: 299.66 Gb - used: 156.93 Gb (52%) - free 142.73 Gb (48%)
[1687752000] CURRENT SERVICE STATE: SRVADMIN.cass.pmc;CPU;OK;HARD;1;CPU Load 1% (5 min average)
[1687752000] CURRENT SERVICE STATE: SRVADMIN.cass.pmc;Memoria;OK;HARD;1;Memory usage: total:18171.58 MB - used: 11328.09 MB (62%) - free: 6843.49 MB (38%)
[1687752000] CURRENT SERVICE STATE: SRVADMIN.cass.pmc;Ping;OK;HARD;1;PING OK - Packet loss = 0%, RTA = 1.47 ms
[1687752000] CURRENT SERVICE STATE: SRVADMIN.cass.pmc;Tiempo Activo;OK;HARD;1;System Uptime - 4 day(s) 5 hour(s) 9 minute(s)
[1687752000] CURRENT SERVICE STATE: SRVCONT.cass.cl;Actualizacion;CRITICAL;HARD;3;Updates: 1 critical, 0 optional
[1687752000] CURRENT SERVICE STATE: SRVCONT.cass.cl;Almacenamiento;OK;HARD;1;c:\ - total: 299.33 Gb - used: 42.16 Gb (14%) - free 257.17 Gb (86%)
[1687752000] CURRENT SERVICE STATE: SRVCONT.cass.cl;CPU;OK;HARD;1;CPU Load 3% (5 min average)
[1687752000] CURRENT SERVICE STATE: SRVCONT.cass.cl;Memoria;OK;HARD;1;Memory usage: total:14143.13 MB - used: 3315.37 MB (23%) - free: 10827.76 MB (77%)
[1687752000] CURRENT SERVICE STATE: SRVCONT.cass.cl;Ping;OK;HARD;1;PING OK - Packet loss = 0%, RTA = 3.31 ms
[1687752000] CURRENT SERVICE STATE: SRVCONT.cass.cl;Tiempo Activo;OK;HARD;1;System Uptime - 10 day(s) 2 hour(s) 8 minute(s)
[1687752000] CURRENT SERVICE STATE: SRVDC1.cass.pmc;Ping;OK;HARD;1;PING OK - Packet loss = 0%, RTA = 1.61 ms
[1687752000] CURRENT SERVICE STATE: SRVDNS;Ping;OK;HARD;1;PING OK - Packet loss = 0%, RTA = 1.16 ms
[1687752000] CURRENT SERVICE STATE: SRVMFSD;Ping;OK;HARD;1;PING OK - Packet loss = 0%, RTA = 1.22 ms
[1687752000] CURRENT SERVICE STATE: SRV_Cfiler.cass.cl;Actualizacion;OK;HARD;1;Updates OK : no updates available
[1687752000] CURRENT SERVICE STATE: SRV_Cfiler.cass.cl;Almacenamiento /;OK;HARD;1;DISK OK - free space: / 2478976 MB (73% inode=-):
[1687752000] CURRENT SERVICE STATE: SRV_Cfiler.cass.cl;CPU;OK;HARD;1;OK - load average: 0.11, 0.09, 0.09
[1687752000] CURRENT SERVICE STATE: SRV_Cfiler.cass.cl;Http;OK;HARD;1;TCP OK - 0.000 second response time on port 80
[1687752000] CURRENT SERVICE STATE: SRV_Cfiler.cass.cl;Https;OK;HARD;1;TCP OK - 0.000 second response time on port 443
[1687752000] CURRENT SERVICE STATE: SRV_Cfiler.cass.cl;Memoria;OK;HARD;1;[MEMORY] Total: 3893 MB - Used: 838 MB - 21% [SWAP] Total: 2047 MB - Used: 313 MB - 15%
[1687752000] CURRENT SERVICE STATE: SRV_Cfiler.cass.cl;Procesos;OK;HARD;1;PROCS OK: 301 processes
[1687752000] CURRENT SERVICE STATE: SRV_Cfiler.cass.cl;Procesos Zombies;OK;HARD;1;PROCS OK: 0 processes with STATE = Z
[1687752000] CURRENT SERVICE STATE: SRV_Cfiler.cass.cl;Procs Apache;OK;HARD;1;PROCS OK: 11 processes with args 'apache2'
[1687752000] CURRENT SERVICE STATE: SRV_Cfiler.cass.cl;Serv Apache;OK;HARD;1;OK: Service apache is running!
[1687752000] CURRENT SERVICE STATE: SRV_Cfiler.cass.cl;Servicio General;OK;HARD;1;PING OK - Packet loss = 0%, RTA = 0.66 ms
[1687752000] CURRENT SERVICE STATE: SRV_Cfiler.cass.cl;Tiempo Activo;OK;HARD;1;Uptime OK: 68 day(s) 2 hour(s) 3 minute(s)
[1687752000] CURRENT SERVICE STATE: SRV_Cfiler.cass.cl;Usuarios Login;OK;HARD;1;USERS OK - 1 users currently logged in
[1687752000] CURRENT SERVICE STATE: SRV_Oraculo_cass.cl;Ping;OK;HARD;1;PING OK - Packet loss = 0%, RTA = 1.12 ms
[1687752000] CURRENT SERVICE STATE: SRV_SOS2021.cass.cl;Actualizacion;OK;HARD;1;Updates OK : no updates available
[1687752000] CURRENT SERVICE STATE: SRV_SOS2021.cass.cl;Almacenamiento /;OK;HARD;1;DISK OK - free space: /var/tmp 118439 MiB (91.23% inode=-):
[1687752000] CURRENT SERVICE STATE: SRV_SOS2021.cass.cl;CPU;OK;HARD;1;OK - load average per CPU: 0.02, 0.02, 0.01
[1687752000] CURRENT SERVICE STATE: SRV_SOS2021.cass.cl;Memoria;OK;HARD;1;[MEMORY] Total: 7946 MB - Used: 1482 MB - 18% [SWAP] Total: 10239 MB - Used: 0 MB - 0%
[1687752000] CURRENT SERVICE STATE: SRV_SOS2021.cass.cl;Ping;OK;HARD;1;PING OK - Packet loss = 0%, RTA = 0.57 ms
[1687752000] CURRENT SERVICE STATE: SRV_SOS2021.cass.cl;Procesos;OK;HARD;1;PROCS OK: 313 processes
[1687752000] CURRENT SERVICE STATE: SRV_SOS2021.cass.cl;Procesos Zombies;OK;HARD;1;PROCS OK: 0 processes with STATE = Z
[1687752000] CURRENT SERVICE STATE: SRV_SOS2021.cass.cl;Tiempo Activo;OK;HARD;1;Uptime OK: 95 day(s) 11 hour(s) 37 minute(s)
[1687752000] CURRENT SERVICE STATE: SRV_SOS2021.cass.cl;Usuarios Login;OK;HARD;1;USERS OK - 1 users currently logged in
[1687752000] CURRENT SERVICE STATE: SRV_SUM;Ping;OK;HARD;1;PING OK - Packet loss = 0%, RTA = 0.87 ms
[1687752000] CURRENT SERVICE STATE: SRV_chat.cass.cl;Actualizacion;OK;HARD;1;Updates OK : no updates available
[1687752000] CURRENT SERVICE STATE: SRV_chat.cass.cl;Almacenamiento /;OK;HARD;1;DISK OK - free space: /var/tmp 972575 MiB (93.06% inode=-):
[1687752000] CURRENT SERVICE STATE: SRV_chat.cass.cl;CPU;OK;HARD;1;OK - load average per CPU: 0.05, 0.07, 0.05
[1687752000] CURRENT SERVICE STATE: SRV_chat.cass.cl;Memoria;OK;HARD;1;[MEMORY] Total: 7919 MB - Used: 2861 MB - 36% [SWAP] Total: 2048 MB - Used: 448 MB - 21%
[1687752000] CURRENT SERVICE STATE: SRV_chat.cass.cl;Ping;OK;HARD;1;PING OK - Packet loss = 0%, RTA = 0.58 ms
[1687752000] CURRENT SERVICE STATE: SRV_chat.cass.cl;Proceso Docker;OK;HARD;1;PROCS OK: 0 processes with command name 'docker'
[1687752000] CURRENT SERVICE STATE: SRV_chat.cass.cl;Proceso Nginx;OK;HARD;1;PROCS OK: 3 processes with command name 'nginx'
[1687752000] CURRENT SERVICE STATE: SRV_chat.cass.cl;Procesos;OK;HARD;1;PROCS OK: 305 processes
[1687752000] CURRENT SERVICE STATE: SRV_chat.cass.cl;Procesos Zombies;OK;HARD;1;PROCS OK: 0 processes with STATE = Z
[1687752000] CURRENT SERVICE STATE: SRV_chat.cass.cl;Puerto Contenedor;OK;HARD;1;TCP OK - 0.000 second response time on port 8000
[1687752000] CURRENT SERVICE STATE: SRV_chat.cass.cl;Puerto HTTP;OK;HARD;1;TCP OK - 0.000 second response time on port 80
[1687752000] CURRENT SERVICE STATE: SRV_chat.cass.cl;Puerto HTTPS;OK;HARD;1;TCP OK - 0.000 second response time on port 443
[1687752000] CURRENT SERVICE STATE: SRV_chat.cass.cl;Puerto Portainer;OK;HARD;1;TCP OK - 0.001 second response time on port 9443
[1687752000] CURRENT SERVICE STATE: SRV_chat.cass.cl;Servicio Docker;OK;HARD;1;OK: Service docker is running!
[1687752000] CURRENT SERVICE STATE: SRV_chat.cass.cl;Servicio Nginx;OK;HARD;1;OK: Service nginx is running!
[1687752000] CURRENT SERVICE STATE: SRV_chat.cass.cl;Usuarios Login;OK;HARD;1;USERS OK - 2 users currently logged in
[1687752000] CURRENT SERVICE STATE: SRV_email.cass.cl;Actualizacion;OK;HARD;1;Updates OK : no updates available
[1687752000] CURRENT SERVICE STATE: SRV_email.cass.cl;Almacenamiento /;OK;HARD;1;DISK OK - free space: /var/tmp 476349 MiB (94.03% inode=-):
[1687752000] CURRENT SERVICE STATE: SRV_email.cass.cl;Almacenamiento Mail;OK;HARD;1;DISK OK - free space: /mail 1814255 MiB (92.64% inode=99%):
[1687752000] CURRENT SERVICE STATE: SRV_email.cass.cl;Almacenamiento Mail2;OK;HARD;1;DISK OK - free space: /mail2 476428 MiB (99.82% inode=100%):
[1687752000] CURRENT SERVICE STATE: SRV_email.cass.cl;CPU;OK;HARD;1;OK - load average per CPU: 0.01, 0.02, 0.01
[1687752000] CURRENT SERVICE STATE: SRV_email.cass.cl;Correo Pop;OK;HARD;1;POP OK - 0.001 second response time on 10.0.2.25 port 110 [+OK GroupWise POP3 server ready]
[1687752000] CURRENT SERVICE STATE: SRV_email.cass.cl;Correo Smtp;OK;HARD;1;SMTP OK - 0.026 sec. response time
[1687752000] CURRENT SERVICE STATE: SRV_email.cass.cl;Memoria;OK;HARD;1;[MEMORY] Total: 11939 MB - Used: 2497 MB - 20% [SWAP] Total: 2048 MB - Used: 211 MB - 10%
[1687752000] CURRENT SERVICE STATE: SRV_email.cass.cl;Ping;OK;HARD;1;PING OK - Packet loss = 0%, RTA = 1.50 ms
[1687752000] CURRENT SERVICE STATE: SRV_email.cass.cl;Procesos;OK;HARD;1;PROCS OK: 296 processes
[1687752000] CURRENT SERVICE STATE: SRV_email.cass.cl;Procesos Zombies;OK;HARD;1;PROCS OK: 0 processes with STATE = Z
[1687752000] CURRENT SERVICE STATE: SRV_email.cass.cl;Tiempo Activo;OK;HARD;1;Uptime OK: 80 day(s) 10 hour(s) 47 minute(s)
[1687752000] CURRENT SERVICE STATE: SRV_email.cass.cl;Usuarios Login;OK;HARD;1;USERS OK - 0 users currently logged in
[1687752000] CURRENT SERVICE STATE: SRV_nagios;Actualizacion;OK;HARD;1;YUM OK: 0 Updates Available
[1687752000] CURRENT SERVICE STATE: SRV_nagios;CPU;OK;HARD;1;OK - load average: 0.02, 0.05, 0.05
[1687752000] CURRENT SERVICE STATE: SRV_nagios;Memoria;OK;HARD;1;[MEMORY] Total: 7740 MB - Used: 644 MB - 8% [SWAP] Total: 7935 MB - Used: 0 MB - 0%
[1687752000] CURRENT SERVICE STATE: SRV_nagios;PING;OK;HARD;1;PING OK - Packet loss = 0%, RTA = 0.10 ms
[1687752000] CURRENT SERVICE STATE: SRV_nagios;Procesos;OK;HARD;1;PROCS OK: 60 processes with STATE = RSZDT
[1687752000] CURRENT SERVICE STATE: SRV_nagios;Usarios Login;OK;HARD;1;USERS OK - 0 users currently logged in
[1687752000] CURRENT SERVICE STATE: SRV_sync.cass.cl;Ping;OK;HARD;1;PING OK - Packet loss = 0%, RTA = 1.13 ms
[1687752000] CURRENT SERVICE STATE: Servidor Vcenter;Ping;OK;HARD;1;PING OK - Packet loss = 0%, RTA = 0.72 ms
[1687752000] CURRENT SERVICE STATE: Servidores CASS;Ancho de Banda GE/1/0/3;OK;HARD;1;OK - Average IN: 29.50MB (23.60%), Average OUT: 29.62MB (23.70%)Total RX: 23982.52GBytes, Total TX: 57520.33GBytes
[1687752000] CURRENT SERVICE STATE: Servidores CASS;Estado Puerto 3;OK;HARD;1;OK: Interface GigabitEthernet1/0/3 (index 3) is up.
[1687752000] CURRENT SERVICE STATE: Servidores CASS;Estado Puerto 80;OK;HARD;1;TCP OK - 0.002 second response time on 10.0.0.17 port 80
[1687752000] CURRENT SERVICE STATE: Servidores CASS;Ping;OK;HARD;1;PING OK - Packet loss = 0%, RTA = 1.26 ms
[1687752000] CURRENT SERVICE STATE: Servidores CASS;Tiempo Activo;OK;HARD;1;SNMP OK - Timeticks: (825083867) 95 days, 11:53:58.67
[1687752000] CURRENT SERVICE STATE: Ups Principal;Carga;OK;HARD;1;OK: Estimated battery charge 98%, approximately 0 minutes runtime remaining.
[1687752000] CURRENT SERVICE STATE: Ups Principal;Estado;OK;HARD;1;OK: Battery Status Normal.
[1687752000] CURRENT SERVICE STATE: Ups Principal;Ping;OK;HARD;1;PING OK - Packet loss = 0%, RTA = 1.09 ms
[1687752000] CURRENT SERVICE STATE: Ups Principal;Temperatura;OK;HARD;1;OK: Battery Temperature is 22 degrees C (71.6 degrees F).
[1687752000] CURRENT SERVICE STATE: Ups Principal;Tiempo Activo;OK;HARD;1;SNMP OK - Timeticks: (13390498) 1 day, 13:11:44.98
[1687752000] CURRENT SERVICE STATE: Veeam2023.cass.pmc;Actualizacion;CRITICAL;HARD;3;Updates: 1 critical, 0 optional
[1687752000] CURRENT SERVICE STATE: Veeam2023.cass.pmc;Almacenamiento;OK;HARD;1;c:\ - total: 99.33 Gb - used: 56.71 Gb (57%) - free 42.62 Gb (43%)
[1687752000] CURRENT SERVICE STATE: Veeam2023.cass.pmc;CPU;OK;HARD;1;CPU Load 21% (5 min average)
[1687752000] CURRENT SERVICE STATE: Veeam2023.cass.pmc;Memoria;OK;HARD;1;Memory usage: total:18815.17 MB - used: 14268.92 MB (76%) - free: 4546.25 MB (24%)
[1687752000] CURRENT SERVICE STATE: Veeam2023.cass.pmc;Ping;OK;HARD;1;PING OK - Packet loss = 0%, RTA = 2.83 ms
[1687752000] CURRENT SERVICE STATE: Veeam2023.cass.pmc;Tiempo Activo;OK;HARD;1;System Uptime - 6 day(s) 8 hour(s) 17 minute(s)
[1687752000] CURRENT SERVICE STATE: web_cass_cl;Certificado;OK;HARD;1;SSL OK - Certificate '*.cass.cl' will expire in 183 days on 2023-12-26 20:59 -0300/-03.
[1687752000] CURRENT SERVICE STATE: web_cass_cl;HTTP;OK;HARD;1;HTTP OK: HTTP/1.1 302 Found - 1075 bytes in 0.182 second response time
[1687755031] Auto-save of retention data completed successfully.
[1687756202] SERVICE ALERT: SRV_chat.cass.cl;Proceso Nginx;UNKNOWN;SOFT;1;CHECK_NRPE: Receive header underflow - only 0 bytes received (4 expected).
[1687756322] SERVICE ALERT: SRV_chat.cass.cl;Proceso Nginx;OK;SOFT;2;PROCS OK: 3 processes with command name 'nginx'
[1687758631] Auto-save of retention data completed successfully.
[1687762231] Auto-save of retention data completed successfully.
[1687765831] Auto-save of retention data completed successfully.
[1687769431] Auto-save of retention data completed successfully.
[1687770601] SERVICE ALERT: SRV_SOS2021.cass.cl;Actualizacion;UNKNOWN;SOFT;1;CHECK_NRPE: Receive header underflow - only 0 bytes received (4 expected).
[1687770733] SERVICE ALERT: SRV_SOS2021.cass.cl;Actualizacion;OK;SOFT;2;Updates OK : no updates available
[1687772690] SERVICE ALERT: FW Pasmar;Ping;CRITICAL;SOFT;1;CRITICAL - Time to live exceeded (190.121.2.98)
[1687772690] HOST ALERT: FW Pasmar;DOWN;SOFT;1;CRITICAL - Time to live exceeded (190.121.2.98)
[1687772693] HOST ALERT: Pasmar;DOWN;SOFT;1;CRITICAL - Time to live exceeded (190.121.2.97)
[1687772696] SERVICE ALERT: Pasmar;Ping;CRITICAL;HARD;1;CRITICAL - Time to live exceeded (190.121.2.97)
[1687772757] HOST ALERT: Pasmar;UP;SOFT;1;PING OK - Packet loss = 0%, RTA = 29.64 ms
[1687772760] SERVICE ALERT: Pasmar;Ping;OK;HARD;1;PING OK - Packet loss = 0%, RTA = 25.04 ms
[1687772780] wproc: Core Worker 11601: job 2317384 (pid=21858) timed out. Killing it
[1687772780] wproc: CHECK job 2317384 from worker Core Worker 11601 timed out after 30.01s
[1687772780] wproc:   host=FW Pasmar; service=(null);
[1687772780] wproc:   early_timeout=1; exited_ok=0; wait_status=0; error_code=62;
[1687772780] Warning: Check of host 'FW Pasmar' timed out after 30.01 seconds
[1687772780] HOST ALERT: FW Pasmar;DOWN;SOFT;2;(Host check timed out after 30.01 seconds)
[1687772780] wproc: Core Worker 11601: job 2317384 (pid=21858): Dormant child reaped
[1687772840] SERVICE ALERT: FW Pasmar;Ping;CRITICAL;HARD;3;PING CRITICAL - Packet loss = 100%
[1687772847] wproc: Core Worker 11599: job 2317442 (pid=22519) timed out. Killing it
[1687772847] wproc: CHECK job 2317442 from worker Core Worker 11599 timed out after 30.01s
[1687772847] wproc:   host=FW Pasmar; service=(null);
[1687772847] wproc:   early_timeout=1; exited_ok=0; wait_status=0; error_code=62;
[1687772847] Warning: Check of host 'FW Pasmar' timed out after 30.01 seconds
[1687772847] HOST ALERT: FW Pasmar;DOWN;SOFT;3;(Host check timed out after 30.01 seconds)
[1687772848] wproc: Core Worker 11599: job 2317442 (pid=22519): Dormant child reaped
[1687772874] SERVICE ALERT: FW Pasmar;Ping;OK;HARD;1;PING OK - Packet loss = 0%, RTA = 25.18 ms
[1687772878] HOST ALERT: FW Pasmar;UP;SOFT;1;PING OK - Packet loss = 0%, RTA = 23.68 ms
[1687773031] Auto-save of retention data completed successfully.
[1687774801] SERVICE ALERT: SRV_chat.cass.cl;Proceso Nginx;CRITICAL;SOFT;1;(No output on stdout) stderr: connect to address 10.0.0.92 port 5666: Connection refused
[1687774921] SERVICE ALERT: SRV_chat.cass.cl;Proceso Nginx;OK;SOFT;2;PROCS OK: 3 processes with command name 'nginx'
[1687776631] Auto-save of retention data completed successfully.
[1687778012] SERVICE ALERT: SRV_chat.cass.cl;Actualizacion;CRITICAL;SOFT;1;CHECK_NRPE STATE CRITICAL: Socket timeout after 30 seconds.
[1687778017] SERVICE ALERT: SRV_email.cass.cl;Actualizacion;CRITICAL;SOFT;1;CHECK_NRPE STATE CRITICAL: Socket timeout after 30 seconds.
[1687778144] SERVICE ALERT: SRV_chat.cass.cl;Actualizacion;OK;SOFT;2;Updates OK : no updates available
[1687778150] SERVICE ALERT: SRV_email.cass.cl;Actualizacion;OK;SOFT;2;Updates OK : no updates available
[1687778401] SERVICE ALERT: SRV_email.cass.cl;Actualizacion;UNKNOWN;SOFT;1;CHECK_NRPE: Receive header underflow - only 0 bytes received (4 expected).
[1687778534] SERVICE ALERT: SRV_email.cass.cl;Actualizacion;OK;SOFT;2;Updates OK : no updates available
[1687779602] SERVICE ALERT: SRV_email.cass.cl;Almacenamiento Mail;CRITICAL;SOFT;1;CHECK_NRPE: Error - Could not connect to 10.0.2.25. Check system logs on 10.0.2.25
[1687779722] SERVICE ALERT: SRV_email.cass.cl;Almacenamiento Mail;OK;SOFT;2;DISK OK - free space: /mail 1814266 MiB (92.64% inode=99%):
[1687780201] SERVICE ALERT: SRV_chat.cass.cl;Proceso Nginx;CRITICAL;SOFT;1;CHECK_NRPE: Error - Could not connect to 10.0.0.92. Check system logs on 10.0.0.92
[1687780231] Auto-save of retention data completed successfully.
[1687780322] SERVICE ALERT: SRV_chat.cass.cl;Proceso Nginx;OK;SOFT;2;PROCS OK: 3 processes with command name 'nginx'
[1687783831] Auto-save of retention data completed successfully.
[1687786201] SERVICE ALERT: SRV_chat.cass.cl;Servicio Nginx;UNKNOWN;SOFT;1;CHECK_NRPE: Receive header underflow - only -1 bytes received (4 expected).
[1687786322] SERVICE ALERT: SRV_chat.cass.cl;Servicio Nginx;OK;SOFT;2;OK: Service nginx is running!
[1687787431] Auto-save of retention data completed successfully.
[1687791031] Auto-save of retention data completed successfully.
[1687791644] SERVICE ALERT: SRV_email.cass.cl;Actualizacion;CRITICAL;SOFT;1;CHECK_NRPE STATE CRITICAL: Socket timeout after 30 seconds.
[1687791644] SERVICE ALERT: SRV_SOS2021.cass.cl;Actualizacion;CRITICAL;SOFT;1;CHECK_NRPE STATE CRITICAL: Socket timeout after 30 seconds.
[1687791673] SERVICE ALERT: SRV_Cfiler.cass.cl;Actualizacion;CRITICAL;SOFT;1;CHECK_NRPE STATE CRITICAL: Socket timeout after 30 seconds.
[1687791675] SERVICE ALERT: SRV_chat.cass.cl;Actualizacion;CRITICAL;SOFT;1;CHECK_NRPE STATE CRITICAL: Socket timeout after 30 seconds.
[1687791786] SERVICE ALERT: SRV_email.cass.cl;Actualizacion;OK;SOFT;2;Updates OK : no updates available
[1687791788] SERVICE ALERT: SRV_SOS2021.cass.cl;Actualizacion;OK;SOFT;2;Updates OK : no updates available
[1687791808] SERVICE ALERT: SRV_Cfiler.cass.cl;Actualizacion;OK;SOFT;2;Updates OK : no updates available
[1687791809] SERVICE ALERT: SRV_chat.cass.cl;Actualizacion;OK;SOFT;2;Updates OK : no updates available
[1687794631] Auto-save of retention data completed successfully.
[1687795236] SERVICE ALERT: SRV_email.cass.cl;Actualizacion;CRITICAL;SOFT;1;CHECK_NRPE STATE CRITICAL: Socket timeout after 30 seconds.
[1687795238] SERVICE ALERT: SRV_SOS2021.cass.cl;Actualizacion;CRITICAL;SOFT;1;CHECK_NRPE STATE CRITICAL: Socket timeout after 30 seconds.
[1687795372] SERVICE ALERT: SRV_SOS2021.cass.cl;Actualizacion;OK;SOFT;2;Updates OK : no updates available
[1687795373] SERVICE ALERT: SRV_email.cass.cl;Actualizacion;OK;SOFT;2;Updates OK : no updates available
[1687795801] SERVICE ALERT: SRV_SOS2021.cass.cl;Actualizacion;UNKNOWN;SOFT;1;CHECK_NRPE: Receive header underflow - only 0 bytes received (4 expected).
[1687795802] SERVICE ALERT: SRV_email.cass.cl;Actualizacion;UNKNOWN;SOFT;1;CHECK_NRPE: Receive header underflow - only 0 bytes received (4 expected).
[1687795946] SERVICE ALERT: SRV_SOS2021.cass.cl;Actualizacion;OK;SOFT;2;Updates OK : no updates available
[1687795948] SERVICE ALERT: SRV_email.cass.cl;Actualizacion;OK;SOFT;2;Updates OK : no updates available
[1687798231] Auto-save of retention data completed successfully.
[1687801831] Auto-save of retention data completed successfully.
[1687802696] SERVICE ALERT: SRV_SOS2021.cass.cl;Actualizacion;CRITICAL;SOFT;1;CHECK_NRPE STATE CRITICAL: Socket timeout after 30 seconds.
[1687802698] SERVICE ALERT: SRV_Cfiler.cass.cl;Actualizacion;CRITICAL;SOFT;1;CHECK_NRPE STATE CRITICAL: Socket timeout after 30 seconds.
[1687802758] SERVICE ALERT: SRV_email.cass.cl;Actualizacion;CRITICAL;SOFT;1;CHECK_NRPE STATE CRITICAL: Socket timeout after 30 seconds.
[1687802845] SERVICE ALERT: SRV_SOS2021.cass.cl;Actualizacion;OK;SOFT;2;Updates OK : no updates available
[1687802848] SERVICE ALERT: SRV_Cfiler.cass.cl;Actualizacion;CRITICAL;SOFT;2;CHECK_NRPE STATE CRITICAL: Socket timeout after 30 seconds.
[1687802908] SERVICE ALERT: SRV_email.cass.cl;Actualizacion;CRITICAL;SOFT;2;CHECK_NRPE STATE CRITICAL: Socket timeout after 30 seconds.
[1687802998] SERVICE ALERT: SRV_Cfiler.cass.cl;Actualizacion;CRITICAL;HARD;3;CHECK_NRPE STATE CRITICAL: Socket timeout after 30 seconds.
[1687803046] SERVICE ALERT: SRV_email.cass.cl;Actualizacion;OK;SOFT;3;Updates OK : no updates available
[1687803184] SERVICE ALERT: SRV_Cfiler.cass.cl;Actualizacion;OK;HARD;1;Updates OK : no updates available
[1687803316] SERVICE ALERT: SRV_email.cass.cl;Actualizacion;CRITICAL;SOFT;1;CHECK_NRPE STATE CRITICAL: Socket timeout after 30 seconds.
[1687803355] SERVICE ALERT: SRV_SOS2021.cass.cl;Actualizacion;CRITICAL;SOFT;1;CHECK_NRPE STATE CRITICAL: Socket timeout after 30 seconds.
[1687803462] SERVICE ALERT: SRV_email.cass.cl;Actualizacion;OK;SOFT;2;Updates OK : no updates available
[1687803505] SERVICE ALERT: SRV_SOS2021.cass.cl;Actualizacion;CRITICAL;SOFT;2;CHECK_NRPE STATE CRITICAL: Socket timeout after 30 seconds.
[1687803601] SERVICE ALERT: SRV_Cfiler.cass.cl;Actualizacion;UNKNOWN;SOFT;1;CHECK_NRPE: Receive header underflow - only 0 bytes received (4 expected).
[1687803638] SERVICE ALERT: SRV_SOS2021.cass.cl;Actualizacion;OK;SOFT;3;Updates OK : no updates available
[1687803727] SERVICE ALERT: SRV_Cfiler.cass.cl;Actualizacion;OK;SOFT;2;Updates OK : no updates available
[1687803972] SERVICE ALERT: SRV_email.cass.cl;Actualizacion;CRITICAL;SOFT;1;CHECK_NRPE STATE CRITICAL: Socket timeout after 30 seconds.
[1687803997] SERVICE ALERT: SRV_Cfiler.cass.cl;Actualizacion;CRITICAL;SOFT;1;CHECK_NRPE STATE CRITICAL: Socket timeout after 30 seconds.
[1687804122] SERVICE ALERT: SRV_email.cass.cl;Actualizacion;CRITICAL;SOFT;2;CHECK_NRPE STATE CRITICAL: Socket timeout after 30 seconds.
[1687804138] SERVICE ALERT: SRV_Cfiler.cass.cl;Actualizacion;OK;SOFT;2;Updates OK : no updates available
[1687804139] SERVICE ALERT: SRV_chat.cass.cl;Actualizacion;CRITICAL;SOFT;1;CHECK_NRPE STATE CRITICAL: Socket timeout after 30 seconds.
[1687804262] SERVICE ALERT: SRV_email.cass.cl;Actualizacion;OK;SOFT;3;Updates OK : no updates available
[1687804288] SERVICE ALERT: SRV_Cfiler.cass.cl;Actualizacion;CRITICAL;SOFT;1;CHECK_NRPE STATE CRITICAL: Socket timeout after 30 seconds.
[1687804289] SERVICE ALERT: SRV_chat.cass.cl;Actualizacion;CRITICAL;SOFT;2;CHECK_NRPE STATE CRITICAL: Socket timeout after 30 seconds.
[1687804421] SERVICE ALERT: SRV_Cfiler.cass.cl;Actualizacion;OK;SOFT;2;Updates OK : no updates available
[1687804421] SERVICE ALERT: SRV_chat.cass.cl;Actualizacion;OK;SOFT;3;Updates OK : no updates available
[1687805431] Auto-save of retention data completed successfully.
[1687806032] SERVICE ALERT: SRV_email.cass.cl;Actualizacion;CRITICAL;SOFT;1;CHECK_NRPE STATE CRITICAL: Socket timeout after 30 seconds.
[1687806166] SERVICE ALERT: SRV_email.cass.cl;Actualizacion;OK;SOFT;2;Updates OK : no updates available
[1687808402] SERVICE ALERT: SRV_email.cass.cl;Almacenamiento Mail;CRITICAL;SOFT;1;CHECK_NRPE: Error - Could not connect to 10.0.2.25. Check system logs on 10.0.2.25
[1687808522] SERVICE ALERT: SRV_email.cass.cl;Almacenamiento Mail;OK;SOFT;2;DISK OK - free space: /mail 1814256 MiB (92.64% inode=99%):
[1687809031] Auto-save of retention data completed successfully.
[1687810299] SERVICE ALERT: SRV_nagios;Actualizacion;CRITICAL;SOFT;1;YUM CRITICAL: Yum nagios plugin has self terminated after exceeding the timeout (30 seconds)
[1687810362] SERVICE ALERT: SRV_nagios;Actualizacion;CRITICAL;SOFT;2;YUM CRITICAL: 12 Updates Available
[1687810424] SERVICE ALERT: SRV_nagios;Actualizacion;CRITICAL;SOFT;3;YUM CRITICAL: 12 Updates Available
[1687810487] SERVICE NOTIFICATION: nagiosadmin;SRV_nagios;Actualizacion;CRITICAL;notify-service-by-email;YUM CRITICAL: 12 Updates Available
[1687810487] SERVICE NOTIFICATION: andresnavarro;SRV_nagios;Actualizacion;CRITICAL;notify-service-by-email;YUM CRITICAL: 12 Updates Available
[1687810487] SERVICE NOTIFICATION: soporteti;SRV_nagios;Actualizacion;CRITICAL;notify-service-by-telegram;YUM CRITICAL: 12 Updates Available
[1687810487] SERVICE NOTIFICATION: soporteti;SRV_nagios;Actualizacion;CRITICAL;notify-service-by-email;YUM CRITICAL: 12 Updates Available
[1687810487] SERVICE NOTIFICATION: carlosstange;SRV_nagios;Actualizacion;CRITICAL;notify-service-by-telegram;YUM CRITICAL: 12 Updates Available
[1687810487] SERVICE NOTIFICATION: carlosstange;SRV_nagios;Actualizacion;CRITICAL;notify-service-by-email;YUM CRITICAL: 12 Updates Available
[1687810487] SERVICE ALERT: SRV_nagios;Actualizacion;CRITICAL;HARD;4;YUM CRITICAL: 12 Updates Available
[1687812631] Auto-save of retention data completed successfully.
[1687814090] SERVICE NOTIFICATION: nagiosadmin;SRV_nagios;Actualizacion;CRITICAL;notify-service-by-email;YUM CRITICAL: 12 Updates Available
[1687814090] SERVICE NOTIFICATION: andresnavarro;SRV_nagios;Actualizacion;CRITICAL;notify-service-by-email;YUM CRITICAL: 12 Updates Available
[1687814090] SERVICE NOTIFICATION: soporteti;SRV_nagios;Actualizacion;CRITICAL;notify-service-by-telegram;YUM CRITICAL: 12 Updates Available
[1687814090] SERVICE NOTIFICATION: soporteti;SRV_nagios;Actualizacion;CRITICAL;notify-service-by-email;YUM CRITICAL: 12 Updates Available
[1687814090] SERVICE NOTIFICATION: carlosstange;SRV_nagios;Actualizacion;CRITICAL;notify-service-by-telegram;YUM CRITICAL: 12 Updates Available
[1687814090] SERVICE NOTIFICATION: carlosstange;SRV_nagios;Actualizacion;CRITICAL;notify-service-by-email;YUM CRITICAL: 12 Updates Available
[1687816202] SERVICE ALERT: SRV_chat.cass.cl;Proceso Nginx;CRITICAL;SOFT;1;(No output on stdout) stderr: connect to address 10.0.0.92 port 5666: Connection refused
[1687816231] Auto-save of retention data completed successfully.
[1687816322] SERVICE ALERT: SRV_chat.cass.cl;Proceso Nginx;OK;SOFT;2;PROCS OK: 3 processes with command name 'nginx'
[1687817690] SERVICE NOTIFICATION: nagiosadmin;SRV_nagios;Actualizacion;CRITICAL;notify-service-by-email;YUM CRITICAL: 12 Updates Available
[1687817690] SERVICE NOTIFICATION: andresnavarro;SRV_nagios;Actualizacion;CRITICAL;notify-service-by-email;YUM CRITICAL: 12 Updates Available
[1687817690] SERVICE NOTIFICATION: soporteti;SRV_nagios;Actualizacion;CRITICAL;notify-service-by-telegram;YUM CRITICAL: 12 Updates Available
[1687817690] SERVICE NOTIFICATION: soporteti;SRV_nagios;Actualizacion;CRITICAL;notify-service-by-email;YUM CRITICAL: 12 Updates Available
[1687817690] SERVICE NOTIFICATION: carlosstange;SRV_nagios;Actualizacion;CRITICAL;notify-service-by-telegram;YUM CRITICAL: 12 Updates Available
[1687817690] SERVICE NOTIFICATION: carlosstange;SRV_nagios;Actualizacion;CRITICAL;notify-service-by-email;YUM CRITICAL: 12 Updates Available
[1687818002] SERVICE ALERT: SRV_email.cass.cl;Procesos Zombies;UNKNOWN;SOFT;1;CHECK_NRPE: Receive header underflow - only 0 bytes received (4 expected).
[1687818122] SERVICE ALERT: SRV_email.cass.cl;Procesos Zombies;OK;SOFT;2;PROCS OK: 0 processes with STATE = Z
[1687819831] Auto-save of retention data completed successfully.
[1687821140] SERVICE ALERT: SRVADMIN.cass.pmc;Actualizacion;UNKNOWN;SOFT;1;The command (check_updates) returned an invalid return code: 255
[1687821261] SERVICE ALERT: SRVADMIN.cass.pmc;Actualizacion;OK;SOFT;2;OK - no pending updates.
[1687821290] SERVICE NOTIFICATION: nagiosadmin;SRV_nagios;Actualizacion;CRITICAL;notify-service-by-email;YUM CRITICAL: 12 Updates Available
[1687821290] SERVICE NOTIFICATION: andresnavarro;SRV_nagios;Actualizacion;CRITICAL;notify-service-by-email;YUM CRITICAL: 12 Updates Available
[1687821290] SERVICE NOTIFICATION: soporteti;SRV_nagios;Actualizacion;CRITICAL;notify-service-by-telegram;YUM CRITICAL: 12 Updates Available
[1687821290] SERVICE NOTIFICATION: soporteti;SRV_nagios;Actualizacion;CRITICAL;notify-service-by-email;YUM CRITICAL: 12 Updates Available
[1687821290] SERVICE NOTIFICATION: carlosstange;SRV_nagios;Actualizacion;CRITICAL;notify-service-by-telegram;YUM CRITICAL: 12 Updates Available
[1687821290] SERVICE NOTIFICATION: carlosstange;SRV_nagios;Actualizacion;CRITICAL;notify-service-by-email;YUM CRITICAL: 12 Updates Available
[1687823431] Auto-save of retention data completed successfully.
[1687825190] SERVICE NOTIFICATION: nagiosadmin;SRV_nagios;Actualizacion;CRITICAL;notify-service-by-email;YUM CRITICAL: 12 Updates Available
[1687825190] SERVICE NOTIFICATION: andresnavarro;SRV_nagios;Actualizacion;CRITICAL;notify-service-by-email;YUM CRITICAL: 12 Updates Available
[1687825190] SERVICE NOTIFICATION: soporteti;SRV_nagios;Actualizacion;CRITICAL;notify-service-by-telegram;YUM CRITICAL: 12 Updates Available
[1687825190] SERVICE NOTIFICATION: soporteti;SRV_nagios;Actualizacion;CRITICAL;notify-service-by-email;YUM CRITICAL: 12 Updates Available
[1687825190] SERVICE NOTIFICATION: carlosstange;SRV_nagios;Actualizacion;CRITICAL;notify-service-by-telegram;YUM CRITICAL: 12 Updates Available
[1687825190] SERVICE NOTIFICATION: carlosstange;SRV_nagios;Actualizacion;CRITICAL;notify-service-by-email;YUM CRITICAL: 12 Updates Available
[1687825802] SERVICE ALERT: SRV_email.cass.cl;Almacenamiento Mail;CRITICAL;SOFT;1;(No output on stdout) stderr: connect to address 10.0.2.25 port 5666: Connection refused
[1687825922] SERVICE ALERT: SRV_email.cass.cl;Almacenamiento Mail;OK;SOFT;2;DISK OK - free space: /mail 1814242 MiB (92.64% inode=99%):
[1687827031] Auto-save of retention data completed successfully.
[1687829092] SERVICE NOTIFICATION: nagiosadmin;SRV_nagios;Actualizacion;CRITICAL;notify-service-by-email;YUM CRITICAL: 12 Updates Available
[1687829092] SERVICE NOTIFICATION: andresnavarro;SRV_nagios;Actualizacion;CRITICAL;notify-service-by-email;YUM CRITICAL: 12 Updates Available
[1687829092] SERVICE NOTIFICATION: soporteti;SRV_nagios;Actualizacion;CRITICAL;notify-service-by-telegram;YUM CRITICAL: 12 Updates Available
[1687829092] SERVICE NOTIFICATION: soporteti;SRV_nagios;Actualizacion;CRITICAL;notify-service-by-email;YUM CRITICAL: 12 Updates Available
[1687829092] SERVICE NOTIFICATION: carlosstange;SRV_nagios;Actualizacion;CRITICAL;notify-service-by-telegram;YUM CRITICAL: 12 Updates Available
[1687829092] SERVICE NOTIFICATION: carlosstange;SRV_nagios;Actualizacion;CRITICAL;notify-service-by-email;YUM CRITICAL: 12 Updates Available
[1687830631] Auto-save of retention data completed successfully.
[1687831802] SERVICE ALERT: SRV_email.cass.cl;Almacenamiento Mail;CRITICAL;SOFT;1;CHECK_NRPE: Error - Could not connect to 10.0.2.25: Connection reset by peer
[1687831832] SERVICE ALERT: Veeam2023.cass.pmc;CPU;WARNING;SOFT;1;CPU Load 98% (5 min average)
[1687831922] SERVICE ALERT: SRV_email.cass.cl;Almacenamiento Mail;OK;SOFT;2;DISK OK - free space: /mail 1814234 MiB (92.64% inode=99%):
[1687831952] SERVICE ALERT: Veeam2023.cass.pmc;CPU;WARNING;SOFT;2;CPU Load 99% (5 min average)
[1687832072] SERVICE NOTIFICATION: nagiosadmin;Veeam2023.cass.pmc;CPU;WARNING;notify-service-by-email;CPU Load 99% (5 min average)
[1687832072] SERVICE NOTIFICATION: andresnavarro;Veeam2023.cass.pmc;CPU;WARNING;notify-service-by-email;CPU Load 99% (5 min average)
[1687832072] SERVICE NOTIFICATION: soporteti;Veeam2023.cass.pmc;CPU;WARNING;notify-service-by-telegram;CPU Load 99% (5 min average)
[1687832072] SERVICE NOTIFICATION: soporteti;Veeam2023.cass.pmc;CPU;WARNING;notify-service-by-email;CPU Load 99% (5 min average)
[1687832072] SERVICE NOTIFICATION: carlosstange;Veeam2023.cass.pmc;CPU;WARNING;notify-service-by-telegram;CPU Load 99% (5 min average)
[1687832072] SERVICE NOTIFICATION: carlosstange;Veeam2023.cass.pmc;CPU;WARNING;notify-service-by-email;CPU Load 99% (5 min average)
[1687832072] SERVICE ALERT: Veeam2023.cass.pmc;CPU;WARNING;HARD;3;CPU Load 99% (5 min average)
[1687832432] SERVICE NOTIFICATION: nagiosadmin;Veeam2023.cass.pmc;CPU;OK;notify-service-by-email;CPU Load 86% (5 min average)
[1687832432] SERVICE NOTIFICATION: andresnavarro;Veeam2023.cass.pmc;CPU;OK;notify-service-by-email;CPU Load 86% (5 min average)
[1687832432] SERVICE NOTIFICATION: soporteti;Veeam2023.cass.pmc;CPU;OK;notify-service-by-telegram;CPU Load 86% (5 min average)
[1687832432] SERVICE NOTIFICATION: soporteti;Veeam2023.cass.pmc;CPU;OK;notify-service-by-email;CPU Load 86% (5 min average)
[1687832432] SERVICE NOTIFICATION: carlosstange;Veeam2023.cass.pmc;CPU;OK;notify-service-by-telegram;CPU Load 86% (5 min average)
[1687832432] SERVICE NOTIFICATION: carlosstange;Veeam2023.cass.pmc;CPU;OK;notify-service-by-email;CPU Load 86% (5 min average)
[1687832432] SERVICE ALERT: Veeam2023.cass.pmc;CPU;OK;HARD;1;CPU Load 86% (5 min average)
[1687832990] SERVICE NOTIFICATION: nagiosadmin;SRV_nagios;Actualizacion;CRITICAL;notify-service-by-email;YUM CRITICAL: 12 Updates Available
[1687832990] SERVICE NOTIFICATION: andresnavarro;SRV_nagios;Actualizacion;CRITICAL;notify-service-by-email;YUM CRITICAL: 12 Updates Available
[1687832990] SERVICE NOTIFICATION: soporteti;SRV_nagios;Actualizacion;CRITICAL;notify-service-by-telegram;YUM CRITICAL: 12 Updates Available
[1687832990] SERVICE NOTIFICATION: soporteti;SRV_nagios;Actualizacion;CRITICAL;notify-service-by-email;YUM CRITICAL: 12 Updates Available
[1687832990] SERVICE NOTIFICATION: carlosstange;SRV_nagios;Actualizacion;CRITICAL;notify-service-by-telegram;YUM CRITICAL: 12 Updates Available
[1687832990] SERVICE NOTIFICATION: carlosstange;SRV_nagios;Actualizacion;CRITICAL;notify-service-by-email;YUM CRITICAL: 12 Updates Available
[1687834231] Auto-save of retention data completed successfully.
[1687836892] SERVICE NOTIFICATION: nagiosadmin;SRV_nagios;Actualizacion;CRITICAL;notify-service-by-email;YUM CRITICAL: 12 Updates Available
[1687836892] SERVICE NOTIFICATION: andresnavarro;SRV_nagios;Actualizacion;CRITICAL;notify-service-by-email;YUM CRITICAL: 12 Updates Available
[1687836892] SERVICE NOTIFICATION: soporteti;SRV_nagios;Actualizacion;CRITICAL;notify-service-by-telegram;YUM CRITICAL: 12 Updates Available
[1687836892] SERVICE NOTIFICATION: soporteti;SRV_nagios;Actualizacion;CRITICAL;notify-service-by-email;YUM CRITICAL: 12 Updates Available
[1687836892] SERVICE NOTIFICATION: carlosstange;SRV_nagios;Actualizacion;CRITICAL;notify-service-by-telegram;YUM CRITICAL: 12 Updates Available
[1687836892] SERVICE NOTIFICATION: carlosstange;SRV_nagios;Actualizacion;CRITICAL;notify-service-by-email;YUM CRITICAL: 12 Updates Available
[1687837831] Auto-save of retention data completed successfully.
