[1717992000] LOG ROTATION: DAILY
[1717992000] LOG VERSION: 2.0
[1717992000] CURRENT HOST STATE: ADL Diagnostic;UP;HARD;1;PING OK - Packet loss = 0%, RTA = 35.43 ms
[1717992000] CURRENT HOST STATE: Blueshell;UP;HARD;1;PING OK - Packet loss = 0%, RTA = 3.58 ms
[1717992000] CURRENT HOST STATE: Cass Entel;UP;HARD;1;PING OK - Packet loss = 0%, RTA = 0.75 ms
[1717992000] CURRENT HOST STATE: Cass Telsur;UP;HARD;1;PING OK - Packet loss = 0%, RTA = 1.49 ms
[1717992000] CURRENT HOST STATE: Clinica PV Movistar;UP;HARD;1;PING OK - Packet loss = 0%, RTA = 31.47 ms
[1717992000] CURRENT HOST STATE: Clinica PV Telsur;UP;HARD;1;PING OK - Packet loss = 0%, RTA = 1.58 ms
[1717992000] CURRENT HOST STATE: Confe;UP;HARD;1;PING OK - Packet loss = 0%, RTA = 40.31 ms
[1717992000] CURRENT HOST STATE: Electric Works;UP;HARD;1;PING OK - Packet loss = 0%, RTA = 33.39 ms
[1717992000] CURRENT HOST STATE: Exper03.exxperience.cl;UP;HARD;1;PING OK - Packet loss = 0%, RTA = 3.24 ms
[1717992000] CURRENT HOST STATE: Ext Entel;UP;HARD;1;PING OK - Packet loss = 0%, RTA = 0.82 ms
[1717992000] CURRENT HOST STATE: Ext Telsur;UP;HARD;1;PING OK - Packet loss = 0%, RTA = 1.59 ms
[1717992000] CURRENT HOST STATE: FW ADL Diagnostic;UP;HARD;1;PING OK - Packet loss = 0%, RTA = 36.51 ms
[1717992000] CURRENT HOST STATE: FW Blueshell;UP;HARD;1;PING OK - Packet loss = 0%, RTA = 3.47 ms
[1717992000] CURRENT HOST STATE: FW Cass Entel;UP;HARD;1;PING OK - Packet loss = 0%, RTA = 36.66 ms
[1717992000] CURRENT HOST STATE: FW Cass Telsur;UP;HARD;1;PING OK - Packet loss = 0%, RTA = 0.87 ms
[1717992000] CURRENT HOST STATE: FW Clinica PV Movistar;UP;HARD;1;PING OK - Packet loss = 0%, RTA = 33.86 ms
[1717992000] CURRENT HOST STATE: FW Clinica PV Telsur;UP;HARD;1;PING OK - Packet loss = 0%, RTA = 1.71 ms
[1717992000] CURRENT HOST STATE: FW Confe;UP;HARD;1;PING OK - Packet loss = 0%, RTA = 40.15 ms
[1717992000] CURRENT HOST STATE: FW Electric Works;UP;HARD;1;PING OK - Packet loss = 0%, RTA = 33.24 ms
[1717992000] CURRENT HOST STATE: FW Gore Los Lagos;UP;HARD;1;PING OK - Packet loss = 0%, RTA = 1.59 ms
[1717992000] CURRENT HOST STATE: FW OyC;UP;HARD;1;PING OK - Packet loss = 16%, RTA = 51.62 ms
[1717992000] CURRENT HOST STATE: FW Pasmar;UP;HARD;1;PING OK - Packet loss = 0%, RTA = 1.67 ms
[1717992000] CURRENT HOST STATE: Gore Los Lagos;UP;HARD;1;PING OK - Packet loss = 0%, RTA = 1.68 ms
[1717992000] CURRENT HOST STATE: Host-10.0.0.120;UP;HARD;1;PING OK - Packet loss = 0%, RTA = 0.51 ms
[1717992000] CURRENT HOST STATE: Host-10.0.0.121;UP;HARD;1;PING OK - Packet loss = 0%, RTA = 2.32 ms
[1717992000] CURRENT HOST STATE: Host-10.0.0.124;UP;HARD;1;PING OK - Packet loss = 0%, RTA = 0.46 ms
[1717992000] CURRENT HOST STATE: Internet;UP;HARD;1;PING OK - Packet loss = 0%, RTA = 17.84 ms
[1717992000] CURRENT HOST STATE: OyC Entel;UP;HARD;1;PING OK - Packet loss = 0%, RTA = 41.78 ms
[1717992000] CURRENT HOST STATE: OyC Teledata;UP;HARD;1;PING OK - Packet loss = 0%, RTA = 44.41 ms
[1717992000] CURRENT HOST STATE: Pasmar;UP;HARD;1;PING OK - Packet loss = 0%, RTA = 1.16 ms
[1717992000] CURRENT HOST STATE: Qnap NAS;UP;HARD;1;PING OK - Packet loss = 0%, RTA = 0.34 ms
[1717992000] CURRENT HOST STATE: SRV01USER_cass.cl;UP;HARD;1;PING OK - Packet loss = 0%, RTA = 4.34 ms
[1717992000] CURRENT HOST STATE: SRV04AD01.cass.cl;UP;HARD;1;PING OK - Packet loss = 0%, RTA = 3.00 ms
[1717992000] CURRENT HOST STATE: SRV05AD02_cass.cl;UP;HARD;1;PING OK - Packet loss = 0%, RTA = 1.49 ms
[1717992000] CURRENT HOST STATE: SRV05AD2_cass.pmc;UP;HARD;1;PING OK - Packet loss = 0%, RTA = 1.82 ms
[1717992000] CURRENT HOST STATE: SRV11VIBE_cass.cl;UP;HARD;1;PING OK - Packet loss = 0%, RTA = 1.65 ms
[1717992000] CURRENT HOST STATE: SRVAD1.cass.pmc;UP;HARD;1;PING OK - Packet loss = 0%, RTA = 2.04 ms
[1717992000] CURRENT HOST STATE: SRVAD2.cass.pmc;UP;HARD;1;PING OK - Packet loss = 0%, RTA = 1.80 ms
[1717992000] CURRENT HOST STATE: SRVADMIN.cass.pmc;UP;HARD;1;PING OK - Packet loss = 0%, RTA = 2.72 ms
[1717992000] CURRENT HOST STATE: SRVCONT.cass.cl;UP;HARD;1;PING OK - Packet loss = 0%, RTA = 3.92 ms
[1717992000] CURRENT HOST STATE: SRVDC01_cass.pmc;UP;HARD;1;PING OK - Packet loss = 0%, RTA = 1.82 ms
[1717992000] CURRENT HOST STATE: SRVDC1.cass.pmc;UP;HARD;1;PING OK - Packet loss = 0%, RTA = 1.85 ms
[1717992000] CURRENT HOST STATE: SRVDNS;UP;HARD;1;PING OK - Packet loss = 0%, RTA = 1.23 ms
[1717992000] CURRENT HOST STATE: SRVWEB_cass.cl;UP;HARD;1;PING OK - Packet loss = 0%, RTA = 1.64 ms
[1717992000] CURRENT HOST STATE: SRV_Cfiler.cass.cl;UP;HARD;1;PING OK - Packet loss = 0%, RTA = 2.31 ms
[1717992000] CURRENT HOST STATE: SRV_GLPI;UP;HARD;1;PING OK - Packet loss = 0%, RTA = 0.58 ms
[1717992000] CURRENT HOST STATE: SRV_GXConsultores;UP;HARD;1;PING OK - Packet loss = 0%, RTA = 1.10 ms
[1717992000] CURRENT HOST STATE: SRV_Oraculo_cass.cl;UP;HARD;1;PING OK - Packet loss = 0%, RTA = 1.85 ms
[1717992000] CURRENT HOST STATE: SRV_Prometheus;UP;HARD;1;PING OK - Packet loss = 0%, RTA = 0.69 ms
[1717992000] CURRENT HOST STATE: SRV_SOS2021.cass.cl;UP;HARD;1;PING OK - Packet loss = 0%, RTA = 2.61 ms
[1717992000] CURRENT HOST STATE: SRV_SUM;UP;HARD;1;PING OK - Packet loss = 0%, RTA = 0.77 ms
[1717992000] CURRENT HOST STATE: SRV_Sharepoint;DOWN;HARD;10;CRITICAL - Host Unreachable (10.0.0.89)
[1717992000] CURRENT HOST STATE: SRV_Soporte;UP;HARD;1;PING OK - Packet loss = 0%, RTA = 3.14 ms
[1717992000] CURRENT HOST STATE: SRV_VeeamOne;DOWN;HARD;10;CRITICAL - Host Unreachable (10.0.0.101)
[1717992000] CURRENT HOST STATE: SRV_chat.cass.cl;UP;HARD;1;PING OK - Packet loss = 0%, RTA = 2.16 ms
[1717992000] CURRENT HOST STATE: SRV_email.cass.cl;UP;HARD;1;PING OK - Packet loss = 0%, RTA = 1.37 ms
[1717992000] CURRENT HOST STATE: SRV_nagios;UP;HARD;1;PING OK - Packet loss = 0%, RTA = 0.09 ms
[1717992000] CURRENT HOST STATE: SRV_sync.cass.cl;UP;HARD;1;PING OK - Packet loss = 0%, RTA = 1.80 ms
[1717992000] CURRENT HOST STATE: Servidor Vcenter;UP;HARD;1;PING OK - Packet loss = 0%, RTA = 0.97 ms
[1717992000] CURRENT HOST STATE: Servidores CASS;DOWN;HARD;10;CRITICAL - Host Unreachable (10.0.0.17)
[1717992000] CURRENT HOST STATE: Ups Principal;UNREACHABLE;HARD;10;CRITICAL - Host Unreachable (192.168.10.19)
[1717992000] CURRENT HOST STATE: Veeam2023.cass.pmc;UP;HARD;1;PING OK - Packet loss = 0%, RTA = 2.60 ms
[1717992000] CURRENT HOST STATE: web_cass_cl;UP;HARD;1;PING OK - Packet loss = 0%, RTA = 0.74 ms
[1717992000] CURRENT SERVICE STATE: ADL Diagnostic;Ping;OK;HARD;1;PING OK - Packet loss = 0%, RTA = 35.44 ms
[1717992000] CURRENT SERVICE STATE: Blueshell;Ping;OK;HARD;1;PING OK - Packet loss = 0%, RTA = 3.63 ms
[1717992000] CURRENT SERVICE STATE: Clinica PV Movistar;Ping;OK;HARD;1;PING OK - Packet loss = 0%, RTA = 31.41 ms
[1717992000] CURRENT SERVICE STATE: Confe;Ping;OK;HARD;1;PING OK - Packet loss = 0%, RTA = 59.51 ms
[1717992000] CURRENT SERVICE STATE: Electric Works;Ping;OK;HARD;1;PING OK - Packet loss = 0%, RTA = 33.34 ms
[1717992000] CURRENT SERVICE STATE: Ext Telsur;Ping;OK;HARD;1;PING OK - Packet loss = 0%, RTA = 1.54 ms
[1717992000] CURRENT SERVICE STATE: FW ADL Diagnostic;Ping;OK;HARD;1;PING OK - Packet loss = 0%, RTA = 36.45 ms
[1717992000] CURRENT SERVICE STATE: FW Blueshell;Ping;OK;HARD;1;PING OK - Packet loss = 0%, RTA = 3.56 ms
[1717992000] CURRENT SERVICE STATE: FW Cass Entel;Ping;OK;HARD;1;PING OK - Packet loss = 0%, RTA = 36.54 ms
[1717992000] CURRENT SERVICE STATE: FW Cass Telsur;Ancho de Banda DMZ;OK;HARD;1;OK - Average IN: 7.32KB (0.01%), Average OUT: 4.65KB (0.00%)Total RX: 15.28GBytes, Total TX: 10.26GBytes
[1717992000] CURRENT SERVICE STATE: FW Cass Telsur;Ancho de Banda LAN;OK;HARD;1;OK - Average IN: 1.12KB (0.00%), Average OUT: 1.90KB (0.00%)Total RX: 220.14GBytes, Total TX: 241.99GBytes
[1717992000] CURRENT SERVICE STATE: FW Cass Telsur;Ancho de Banda WAN;OK;HARD;1;OK - Average IN: 649.73B (0.00%), Average OUT: 222.50B (0.00%)Total RX: 2084.74GBytes, Total TX: 4733.19GBytes
[1717992000] CURRENT SERVICE STATE: FW Cass Telsur;Estado Puerto DMZ;OK;HARD;1;OK: Interface eth2 (index 4) is up.
[1717992000] CURRENT SERVICE STATE: FW Cass Telsur;Estado Puerto LAN;OK;HARD;1;OK: Interface eth0 (index 2) is up.
[1717992000] CURRENT SERVICE STATE: FW Cass Telsur;Estado Puerto WAN;OK;HARD;1;OK: Interface eth1 (index 3) is up.
[1717992000] CURRENT SERVICE STATE: FW Cass Telsur;Estado TCP Sophos;OK;HARD;1;TCP OK - 0.001 second response time on 201.220.96.34 port 4444
[1717992000] CURRENT SERVICE STATE: FW Cass Telsur;Ping;OK;HARD;1;PING OK - Packet loss = 0%, RTA = 0.73 ms
[1717992000] CURRENT SERVICE STATE: FW Cass Telsur;Tiempo Activo;OK;HARD;1;SNMP OK - Timeticks: (106068555) 12 days, 6:38:05.55
[1717992000] CURRENT SERVICE STATE: FW Clinica PV Movistar;Ping;OK;HARD;1;PING OK - Packet loss = 0%, RTA = 33.80 ms
[1717992000] CURRENT SERVICE STATE: FW Confe;Ping;OK;HARD;1;PING OK - Packet loss = 0%, RTA = 39.87 ms
[1717992000] CURRENT SERVICE STATE: FW Electric Works;Ping;OK;HARD;1;PING OK - Packet loss = 0%, RTA = 33.10 ms
[1717992000] CURRENT SERVICE STATE: FW Gore Los Lagos;Ping;OK;HARD;1;PING OK - Packet loss = 0%, RTA = 1.54 ms
[1717992000] CURRENT SERVICE STATE: FW Pasmar;Ping;OK;HARD;1;PING OK - Packet loss = 28%, RTA = 1.70 ms
[1717992000] CURRENT SERVICE STATE: Gore Los Lagos;Ping;OK;HARD;1;PING OK - Packet loss = 0%, RTA = 1.42 ms
[1717992000] CURRENT SERVICE STATE: Host-10.0.0.120;Ping;OK;HARD;1;PING OK - Packet loss = 0%, RTA = 0.97 ms
[1717992000] CURRENT SERVICE STATE: Host-10.0.0.121;Ping;OK;HARD;1;PING OK - Packet loss = 0%, RTA = 2.53 ms
[1717992000] CURRENT SERVICE STATE: Pasmar;Ping;OK;HARD;1;PING OK - Packet loss = 0%, RTA = 1.20 ms
[1717992000] CURRENT SERVICE STATE: Qnap NAS;Almacenamiento;OK;HARD;1;OK: Total:50TB - Used:37TB - Free:12TB - Used Space: 74%
[1717992000] CURRENT SERVICE STATE: Qnap NAS;Estado;OK;HARD;1;Power Supply #1 - OK: GOOD
[1717992000] CURRENT SERVICE STATE: Qnap NAS;Memoria;OK;HARD;1;OK: Total:3830MB - Used:1278MB - Free:2552MB = 34%
[1717992000] CURRENT SERVICE STATE: Qnap NAS;Sysinfo;OK;HARD;1;NAS Cloud, Model TS-879U-RP, Firmware 4.3.6, Max HD number 8, No. Volume 2
[1717992000] CURRENT SERVICE STATE: Qnap NAS;Temperatura;OK;HARD;1;OK: Temperature=35C
[1717992000] CURRENT SERVICE STATE: Qnap NAS;Tiempo Activo;OK;HARD;1;SNMP OK - Timeticks: (195019734) 22 days, 13:43:17.34
[1717992000] CURRENT SERVICE STATE: SRV01USER_cass.cl;Actualizacion;CRITICAL;HARD;3;Updates: 2 critical, 0 optional
[1717992000] CURRENT SERVICE STATE: SRV01USER_cass.cl;Almacenamiento C;WARNING;HARD;3;c:\ - total: 119.40 Gb - used: 100.46 Gb (84%) - free 18.94 Gb (16%)
[1717992000] CURRENT SERVICE STATE: SRV01USER_cass.cl;Almacenamiento U;OK;HARD;1;u:\ - total: 1023.98 Gb - used: 228.33 Gb (22%) - free 795.65 Gb (78%)
[1717992000] CURRENT SERVICE STATE: SRV01USER_cass.cl;CPU;OK;HARD;1;CPU Load 1% (5 min average)
[1717992000] CURRENT SERVICE STATE: SRV01USER_cass.cl;Memoria;OK;HARD;1;Memory usage: total:23551.21 MB - used: 2247.80 MB (10%) - free: 21303.41 MB (90%)
[1717992000] CURRENT SERVICE STATE: SRV01USER_cass.cl;Ping;OK;HARD;1;PING OK - Packet loss = 0%, RTA = 4.14 ms
[1717992000] CURRENT SERVICE STATE: SRV01USER_cass.cl;Tiempo Activo;OK;HARD;1;System Uptime - 0 day(s) 15 hour(s) 56 minute(s)
[1717992000] CURRENT SERVICE STATE: SRV04AD01.cass.cl;Ping;OK;HARD;1;PING OK - Packet loss = 0%, RTA = 2.66 ms
[1717992000] CURRENT SERVICE STATE: SRV05AD02_cass.cl;Ping;OK;HARD;1;PING OK - Packet loss = 0%, RTA = 1.33 ms
[1717992000] CURRENT SERVICE STATE: SRV11VIBE_cass.cl;Actualizacion;CRITICAL;HARD;3;Updates CRITICAL : discontinued OS Release SLE 15.1: At least one of your Repositories might be out of date. Please run "zypper refresh" as root to update it.  3 security update(s): 1 recommended update(s):  2 package update(s):
[1717992000] CURRENT SERVICE STATE: SRV11VIBE_cass.cl;Almacenamiento /;OK;HARD;1;DISK OK - free space: /var/tmp 78576 MiB (85.73% inode=-):
[1717992000] CURRENT SERVICE STATE: SRV11VIBE_cass.cl;CPU;OK;HARD;1;OK - load average per CPU: 0.01, 0.01, 0.00
[1717992000] CURRENT SERVICE STATE: SRV11VIBE_cass.cl;Memoria;OK;HARD;1;[MEMORY] Total: 7693 MB - Used: 2476 MB - 32% [SWAP] Total: 7944 MB - Used: 31 MB - 0%
[1717992000] CURRENT SERVICE STATE: SRV11VIBE_cass.cl;Ping;OK;HARD;1;PING OK - Packet loss = 0%, RTA = 1.27 ms
[1717992000] CURRENT SERVICE STATE: SRV11VIBE_cass.cl;Proceso Vibe;OK;HARD;1;PROCS OK: 0 processes with command name 'vibe'
[1717992000] CURRENT SERVICE STATE: SRV11VIBE_cass.cl;Procesos;OK;HARD;1;PROCS OK: 263 processes
[1717992000] CURRENT SERVICE STATE: SRV11VIBE_cass.cl;Procesos Zombies;OK;HARD;1;PROCS OK: 0 processes with STATE = Z
[1717992000] CURRENT SERVICE STATE: SRV11VIBE_cass.cl;Puerto HTTP;OK;HARD;1;TCP OK - 0.001 second response time on 10.0.2.13 port 80
[1717992000] CURRENT SERVICE STATE: SRV11VIBE_cass.cl;Puerto HTTPS;OK;HARD;1;TCP OK - 0.001 second response time on 10.0.2.13 port 443
[1717992000] CURRENT SERVICE STATE: SRV11VIBE_cass.cl;Servicio Vibe;OK;HARD;1;OK: Service vibe is running!
[1717992000] CURRENT SERVICE STATE: SRV11VIBE_cass.cl;Tiempo Activo;OK;HARD;1;Uptime OK: 22 day(s) 14 hour(s) 23 minute(s)
[1717992000] CURRENT SERVICE STATE: SRV11VIBE_cass.cl;Usuarios Login;OK;HARD;1;USERS OK - 0 users currently logged in
[1717992000] CURRENT SERVICE STATE: SRVAD1.cass.pmc;Ping;OK;HARD;1;PING OK - Packet loss = 0%, RTA = 2.67 ms
[1717992000] CURRENT SERVICE STATE: SRVAD2.cass.pmc;Ping;OK;HARD;1;PING OK - Packet loss = 0%, RTA = 1.74 ms
[1717992000] CURRENT SERVICE STATE: SRVADMIN.cass.pmc;Actualizacion;OK;HARD;1;OK - no pending updates.
[1717992000] CURRENT SERVICE STATE: SRVADMIN.cass.pmc;Almacenamiento;OK;HARD;1;c:\ - total: 299.66 Gb - used: 162.88 Gb (54%) - free 136.77 Gb (46%)
[1717992000] CURRENT SERVICE STATE: SRVADMIN.cass.pmc;CPU;OK;HARD;1;CPU Load 1% (5 min average)
[1717992000] CURRENT SERVICE STATE: SRVADMIN.cass.pmc;Memoria;OK;HARD;1;Memory usage: total:16511.56 MB - used: 9850.18 MB (60%) - free: 6661.38 MB (40%)
[1717992000] CURRENT SERVICE STATE: SRVADMIN.cass.pmc;Ping;OK;HARD;1;PING OK - Packet loss = 0%, RTA = 2.17 ms
[1717992000] CURRENT SERVICE STATE: SRVADMIN.cass.pmc;Tiempo Activo;OK;HARD;1;System Uptime - 22 day(s) 13 hour(s) 25 minute(s)
[1717992000] CURRENT SERVICE STATE: SRVCONT.cass.cl;Actualizacion;UNKNOWN;SOFT;1;CHECK_NRPE: Receive header underflow - only 0 bytes received (4 expected).
[1717992000] CURRENT SERVICE STATE: SRVCONT.cass.cl;Almacenamiento;OK;HARD;1;c:\ - total: 299.33 Gb - used: 58.44 Gb (20%) - free 240.89 Gb (80%)
[1717992000] CURRENT SERVICE STATE: SRVCONT.cass.cl;CPU;OK;HARD;1;CPU Load 8% (5 min average)
[1717992000] CURRENT SERVICE STATE: SRVCONT.cass.cl;Memoria;OK;HARD;1;Memory usage: total:15076.15 MB - used: 7206.25 MB (48%) - free: 7869.90 MB (52%)
[1717992000] CURRENT SERVICE STATE: SRVCONT.cass.cl;Ping;OK;HARD;1;PING OK - Packet loss = 0%, RTA = 4.60 ms
[1717992000] CURRENT SERVICE STATE: SRVCONT.cass.cl;Tiempo Activo;OK;HARD;1;System Uptime - 8 day(s) 2 hour(s) 55 minute(s)
[1717992000] CURRENT SERVICE STATE: SRVDC1.cass.pmc;Ping;OK;HARD;1;PING OK - Packet loss = 0%, RTA = 1.57 ms
[1717992000] CURRENT SERVICE STATE: SRVDNS;Ping;OK;HARD;1;PING OK - Packet loss = 0%, RTA = 1.41 ms
[1717992000] CURRENT SERVICE STATE: SRVWEB_cass.cl;Ping;OK;HARD;1;PING OK - Packet loss = 0%, RTA = 1.34 ms
[1717992000] CURRENT SERVICE STATE: SRV_Cfiler.cass.cl;Actualizacion;OK;HARD;1;Updates OK : no updates available
[1717992000] CURRENT SERVICE STATE: SRV_Cfiler.cass.cl;Almacenamiento /;OK;HARD;1;DISK OK - free space: / 2421313 MB (72% inode=-):
[1717992000] CURRENT SERVICE STATE: SRV_Cfiler.cass.cl;CPU;OK;HARD;1;OK - load average: 0.18, 0.12, 0.10
[1717992000] CURRENT SERVICE STATE: SRV_Cfiler.cass.cl;Http;OK;HARD;1;TCP OK - 0.000 second response time on port 80
[1717992000] CURRENT SERVICE STATE: SRV_Cfiler.cass.cl;Https;OK;HARD;1;TCP OK - 0.000 second response time on port 443
[1717992000] CURRENT SERVICE STATE: SRV_Cfiler.cass.cl;Memoria;OK;HARD;1;[MEMORY] Total: 3893 MB - Used: 1254 MB - 32% [SWAP] Total: 2047 MB - Used: 154 MB - 7%
[1717992000] CURRENT SERVICE STATE: SRV_Cfiler.cass.cl;Procesos;OK;HARD;1;PROCS OK: 314 processes
[1717992000] CURRENT SERVICE STATE: SRV_Cfiler.cass.cl;Procesos Zombies;OK;HARD;1;PROCS OK: 0 processes with STATE = Z
[1717992000] CURRENT SERVICE STATE: SRV_Cfiler.cass.cl;Procs Apache;OK;HARD;1;PROCS OK: 8 processes with args 'apache2'
[1717992000] CURRENT SERVICE STATE: SRV_Cfiler.cass.cl;Serv Apache;OK;HARD;1;OK: Service apache is running!
[1717992000] CURRENT SERVICE STATE: SRV_Cfiler.cass.cl;Servicio General;OK;HARD;1;PING OK - Packet loss = 0%, RTA = 2.29 ms
[1717992000] CURRENT SERVICE STATE: SRV_Cfiler.cass.cl;Tiempo Activo;OK;HARD;1;Uptime OK: 22 day(s) 13 hour(s) 11 minute(s)
[1717992000] CURRENT SERVICE STATE: SRV_Cfiler.cass.cl;Usuarios Login;OK;HARD;1;USERS OK - 1 users currently logged in
[1717992000] CURRENT SERVICE STATE: SRV_GLPI;Agentes;UNKNOWN;HARD;3;UNKNOWN: An error occured connecting to API. (Connection error: '[Errno 111] Connection refused')
[1717992000] CURRENT SERVICE STATE: SRV_GLPI;CPU;UNKNOWN;HARD;3;UNKNOWN: An error occured connecting to API. (Connection error: '[Errno 111] Connection refused')
[1717992000] CURRENT SERVICE STATE: SRV_GLPI;Http;OK;HARD;1;HTTP OK: HTTP/1.1 301 Moved Permanently - 364 bytes in 0.001 second response time
[1717992000] CURRENT SERVICE STATE: SRV_GLPI;Memoria;UNKNOWN;HARD;3;UNKNOWN: An error occured connecting to API. (Connection error: '[Errno 111] Connection refused')
[1717992000] CURRENT SERVICE STATE: SRV_GLPI;Usuarios Login;CRITICAL;HARD;3;(No output on stdout) stderr: connect to address 10.0.0.106 port 5666: Connection refused
[1717992000] CURRENT SERVICE STATE: SRV_Oraculo_cass.cl;Ping;OK;HARD;1;PING OK - Packet loss = 0%, RTA = 1.26 ms
[1717992000] CURRENT SERVICE STATE: SRV_SOS2021.cass.cl;Actualizacion;OK;HARD;1;Updates OK : no updates available
[1717992000] CURRENT SERVICE STATE: SRV_SOS2021.cass.cl;Almacenamiento /;OK;HARD;1;DISK OK - free space: /var/tmp 118321 MiB (91.06% inode=-):
[1717992000] CURRENT SERVICE STATE: SRV_SOS2021.cass.cl;CPU;OK;HARD;1;OK - load average per CPU: 0.03, 0.01, 0.01
[1717992000] CURRENT SERVICE STATE: SRV_SOS2021.cass.cl;Memoria;OK;HARD;1;[MEMORY] Total: 7946 MB - Used: 1205 MB - 15% [SWAP] Total: 10239 MB - Used: 0 MB - 0%
[1717992000] CURRENT SERVICE STATE: SRV_SOS2021.cass.cl;Ping;OK;HARD;1;PING OK - Packet loss = 0%, RTA = 1.63 ms
[1717992000] CURRENT SERVICE STATE: SRV_SOS2021.cass.cl;Procesos;OK;HARD;1;PROCS OK: 302 processes
[1717992000] CURRENT SERVICE STATE: SRV_SOS2021.cass.cl;Procesos Zombies;OK;HARD;1;PROCS OK: 0 processes with STATE = Z
[1717992000] CURRENT SERVICE STATE: SRV_SOS2021.cass.cl;Tiempo Activo;OK;HARD;1;Uptime OK: 22 day(s) 14 hour(s) 3 minute(s)
[1717992000] CURRENT SERVICE STATE: SRV_SOS2021.cass.cl;Usuarios Login;OK;HARD;1;USERS OK - 0 users currently logged in
[1717992000] CURRENT SERVICE STATE: SRV_SUM;Ping;OK;HARD;1;PING OK - Packet loss = 0%, RTA = 0.69 ms
[1717992000] CURRENT SERVICE STATE: SRV_Soporte;Actualizacion;CRITICAL;HARD;3;Hay 7 actualizaciones pendientes.
[1717992000] CURRENT SERVICE STATE: SRV_Soporte;Agentes;OK;HARD;1;OK: Agent_version was ['3.0.1']
[1717992000] CURRENT SERVICE STATE: SRV_Soporte;CPU;OK;HARD;1;OK: Percent was 30.32 %
[1717992000] CURRENT SERVICE STATE: SRV_Soporte;Memoria;OK;HARD;1;OK: Memory usage was 47.30 % (Available: 9.05 GB, Total: 17.18 GB, Free: 9.05 GB, Used: 8.13 GB)
[1717992000] CURRENT SERVICE STATE: SRV_chat.cass.cl;Actualizacion;OK;HARD;1;Updates OK : no updates available
[1717992000] CURRENT SERVICE STATE: SRV_chat.cass.cl;Almacenamiento /;OK;HARD;1;DISK OK - free space: /var/tmp 925252 MiB (88.43% inode=-):
[1717992000] CURRENT SERVICE STATE: SRV_chat.cass.cl;CPU;OK;HARD;1;OK - load average per CPU: 0.05, 0.09, 0.09
[1717992000] CURRENT SERVICE STATE: SRV_chat.cass.cl;Memoria;OK;HARD;1;[MEMORY] Total: 7919 MB - Used: 4239 MB - 53% [SWAP] Total: 2048 MB - Used: 506 MB - 24%
[1717992000] CURRENT SERVICE STATE: SRV_chat.cass.cl;Ping;OK;HARD;1;PING OK - Packet loss = 0%, RTA = 1.70 ms
[1717992000] CURRENT SERVICE STATE: SRV_chat.cass.cl;Proceso Docker;OK;HARD;1;PROCS OK: 0 processes with command name 'docker'
[1717992000] CURRENT SERVICE STATE: SRV_chat.cass.cl;Proceso Nginx;OK;HARD;1;PROCS OK: 3 processes with command name 'nginx'
[1717992000] CURRENT SERVICE STATE: SRV_chat.cass.cl;Procesos;OK;HARD;1;PROCS OK: 322 processes
[1717992000] CURRENT SERVICE STATE: SRV_chat.cass.cl;Procesos Zombies;OK;HARD;1;PROCS OK: 0 processes with STATE = Z
[1717992000] CURRENT SERVICE STATE: SRV_chat.cass.cl;Puerto Contenedor;OK;HARD;1;TCP OK - 0.000 second response time on port 8000
[1717992000] CURRENT SERVICE STATE: SRV_chat.cass.cl;Puerto HTTP;OK;HARD;1;TCP OK - 0.000 second response time on port 80
[1717992000] CURRENT SERVICE STATE: SRV_chat.cass.cl;Puerto HTTPS;OK;HARD;1;TCP OK - 0.000 second response time on port 443
[1717992000] CURRENT SERVICE STATE: SRV_chat.cass.cl;Puerto Portainer;OK;HARD;1;TCP OK - 0.000 second response time on port 9443
[1717992000] CURRENT SERVICE STATE: SRV_chat.cass.cl;Servicio Docker;OK;HARD;1;OK: Service docker is running!
[1717992000] CURRENT SERVICE STATE: SRV_chat.cass.cl;Servicio Nginx;OK;HARD;1;OK: Service nginx is running!
[1717992000] CURRENT SERVICE STATE: SRV_chat.cass.cl;Usuarios Login;OK;HARD;1;USERS OK - 2 users currently logged in
[1717992000] CURRENT SERVICE STATE: SRV_email.cass.cl;Actualizacion;OK;HARD;1;Updates OK : no updates available
[1717992000] CURRENT SERVICE STATE: SRV_email.cass.cl;Almacenamiento /;OK;HARD;1;DISK OK - free space: /var/tmp 459145 MiB (90.60% inode=-):
[1717992000] CURRENT SERVICE STATE: SRV_email.cass.cl;Almacenamiento Mail;OK;HARD;1;DISK OK - free space: /mail 1758349 MiB (89.79% inode=99%):
[1717992000] CURRENT SERVICE STATE: SRV_email.cass.cl;Almacenamiento Mail2;OK;HARD;1;DISK OK - free space: /mail2 473667 MiB (99.24% inode=100%):
[1717992000] CURRENT SERVICE STATE: SRV_email.cass.cl;CPU;OK;HARD;1;OK - load average per CPU: 0.01, 0.02, 0.02
[1717992000] CURRENT SERVICE STATE: SRV_email.cass.cl;Correo Pop;OK;HARD;1;POP OK - 0.001 second response time on 10.0.2.25 port 110 [+OK GroupWise POP3 server ready]
[1717992000] CURRENT SERVICE STATE: SRV_email.cass.cl;Correo Smtp;OK;HARD;1;SMTP OK - 0.006 sec. response time
[1717992000] CURRENT SERVICE STATE: SRV_email.cass.cl;Memoria;OK;HARD;1;[MEMORY] Total: 11939 MB - Used: 2958 MB - 24% [SWAP] Total: 2048 MB - Used: 5 MB - 0%
[1717992000] CURRENT SERVICE STATE: SRV_email.cass.cl;Ping;OK;HARD;1;PING OK - Packet loss = 0%, RTA = 1.36 ms
[1717992000] CURRENT SERVICE STATE: SRV_email.cass.cl;Procesos;OK;HARD;1;PROCS OK: 303 processes
[1717992000] CURRENT SERVICE STATE: SRV_email.cass.cl;Procesos Zombies;OK;HARD;1;PROCS OK: 0 processes with STATE = Z
[1717992000] CURRENT SERVICE STATE: SRV_email.cass.cl;Tiempo Activo;OK;HARD;1;Uptime OK: 22 day(s) 14 hour(s) 10 minute(s)
[1717992000] CURRENT SERVICE STATE: SRV_email.cass.cl;Usuarios Login;OK;HARD;1;USERS OK - 0 users currently logged in
[1717992000] CURRENT SERVICE STATE: SRV_nagios;Actualizacion;CRITICAL;HARD;4;YUM CRITICAL: 4 Updates Available
[1717992000] CURRENT SERVICE STATE: SRV_nagios;CPU;OK;HARD;1;OK - load average: 0.02, 0.06, 0.05
[1717992000] CURRENT SERVICE STATE: SRV_nagios;Memoria;OK;HARD;1;[MEMORY] Total: 7740 MB - Used: 453 MB - 5% [SWAP] Total: 7935 MB - Used: 0 MB - 0%
[1717992000] CURRENT SERVICE STATE: SRV_nagios;PING;OK;HARD;1;PING OK - Packet loss = 0%, RTA = 0.09 ms
[1717992000] CURRENT SERVICE STATE: SRV_nagios;Procesos;OK;HARD;1;PROCS OK: 77 processes with STATE = RSZDT
[1717992000] CURRENT SERVICE STATE: SRV_nagios;Usarios Login;OK;HARD;1;USERS OK - 0 users currently logged in
[1717992000] CURRENT SERVICE STATE: SRV_sync.cass.cl;Ping;OK;HARD;1;PING OK - Packet loss = 0%, RTA = 1.39 ms
[1717992000] CURRENT SERVICE STATE: Servidor Vcenter;Ping;OK;HARD;1;PING OK - Packet loss = 0%, RTA = 2.19 ms
[1717992000] CURRENT SERVICE STATE: Servidores CASS;Estado Puerto 3;WARNING;HARD;1;WARNING: SNMP error: No response from remote host "10.0.0.17"
[1717992000] CURRENT SERVICE STATE: Servidores CASS;Estado Puerto 80;CRITICAL;HARD;1;connect to address 10.0.0.17 and port 80: No route to host
[1717992000] CURRENT SERVICE STATE: Servidores CASS;Ping;CRITICAL;HARD;1;CRITICAL - Host Unreachable (10.0.0.17)
[1717992000] CURRENT SERVICE STATE: Servidores CASS;Uptime;CRITICAL;HARD;1;CRITICAL - Plugin timed out while executing system call
[1717992000] CURRENT SERVICE STATE: Ups Principal;Carga;UNKNOWN;HARD;3;Plugin check_ups_snmp failure - snmpget command error.
[1717992000] CURRENT SERVICE STATE: Ups Principal;Estado;UNKNOWN;HARD;3;Plugin check_ups_snmp failure - snmpget command error.
[1717992000] CURRENT SERVICE STATE: Ups Principal;Ping;CRITICAL;HARD;3;CRITICAL - Host Unreachable (192.168.10.19)
[1717992000] CURRENT SERVICE STATE: Ups Principal;Temperatura;UNKNOWN;HARD;3;Plugin check_ups_snmp failure - snmpget command error.
[1717992000] CURRENT SERVICE STATE: Ups Principal;Tiempo Activo;CRITICAL;HARD;3;CRITICAL - Plugin timed out while executing system call
[1717992000] CURRENT SERVICE STATE: Veeam2023.cass.pmc;Actualizacion;CRITICAL;HARD;3;Updates: 3 critical, 0 optional
[1717992000] CURRENT SERVICE STATE: Veeam2023.cass.pmc;Almacenamiento;OK;HARD;1;c:\ - total: 99.33 Gb - used: 68.81 Gb (69%) - free 30.52 Gb (31%)
[1717992000] CURRENT SERVICE STATE: Veeam2023.cass.pmc;CPU;OK;HARD;1;CPU Load 11% (5 min average)
[1717992000] CURRENT SERVICE STATE: Veeam2023.cass.pmc;Memoria;OK;HARD;1;Memory usage: total:28159.25 MB - used: 19467.07 MB (69%) - free: 8692.18 MB (31%)
[1717992000] CURRENT SERVICE STATE: Veeam2023.cass.pmc;Ping;OK;HARD;1;PING OK - Packet loss = 0%, RTA = 2.45 ms
[1717992000] CURRENT SERVICE STATE: Veeam2023.cass.pmc;Tiempo Activo;OK;HARD;1;System Uptime - 11 day(s) 4 hour(s) 22 minute(s)
[1717992000] CURRENT SERVICE STATE: web_cass_cl;Certificado;OK;HARD;1;SSL OK - Certificate '*.cass.cl' will expire in 207 days on 2025-01-03 20:59 -0300/-03.
[1717992000] CURRENT SERVICE STATE: web_cass_cl;HTTP;OK;HARD;1;HTTP OK: HTTP/1.1 302 Found - 1071 bytes in 0.226 second response time
[1717992057] SERVICE ALERT: SRVCONT.cass.cl;Actualizacion;OK;SOFT;2;OK - no pending updates.
[1717994987] Auto-save of retention data completed successfully.
[1717995760] SERVICE ALERT: SRV_Soporte;CPU;WARNING;SOFT;1;WARNING: Percent was 61.35 %
[1717995881] SERVICE ALERT: SRV_Soporte;CPU;OK;SOFT;2;OK: Percent was 43.18 %
[1717997382] SERVICE ALERT: SRV_Soporte;CPU;CRITICAL;SOFT;1;CRITICAL: Percent was 73.45 %
[1717997502] SERVICE ALERT: SRV_Soporte;CPU;OK;SOFT;2;OK: Percent was 39.07 %
[1717998582] SERVICE ALERT: SRV_Soporte;CPU;WARNING;SOFT;1;WARNING: Percent was 62.15 %
[1717998587] Auto-save of retention data completed successfully.
[1717998703] SERVICE ALERT: SRV_Soporte;CPU;OK;SOFT;2;OK: Percent was 47.73 %
[1717999240] SERVICE ALERT: SRV_chat.cass.cl;Actualizacion;UNKNOWN;SOFT;1;Updates UNKNOWN : UNKNOWN: Error message: Failed to connect to download.opensuse.org port 80: No route to host
[1717999372] SERVICE ALERT: SRV_chat.cass.cl;Actualizacion;OK;SOFT;2;Updates OK : no updates available
[1717999544] SERVICE ALERT: SRV_Soporte;CPU;WARNING;SOFT;1;WARNING: Percent was 62.15 %
[1717999665] SERVICE ALERT: SRV_Soporte;CPU;OK;SOFT;2;OK: Percent was 41.38 %
[1717999801] SERVICE ALERT: SRV_chat.cass.cl;Actualizacion;UNKNOWN;SOFT;1;CHECK_NRPE: Receive header underflow - only 0 bytes received (4 expected).
[1717999933] SERVICE ALERT: SRV_chat.cass.cl;Actualizacion;OK;SOFT;2;Updates OK : no updates available
[1718002125] SERVICE ALERT: SRV_Soporte;CPU;WARNING;SOFT;1;WARNING: Percent was 69.75 %
[1718002187] Auto-save of retention data completed successfully.
[1718002246] SERVICE ALERT: SRV_Soporte;CPU;OK;SOFT;2;OK: Percent was 39.83 %
[1718002487] SERVICE ALERT: SRV_Soporte;CPU;WARNING;SOFT;1;WARNING: Percent was 67.20 %
[1718002607] SERVICE ALERT: SRV_Soporte;CPU;OK;SOFT;2;OK: Percent was 41.42 %
[1718003148] SERVICE ALERT: SRV_Soporte;CPU;WARNING;SOFT;1;WARNING: Percent was 67.42 %
[1718003269] SERVICE ALERT: SRV_Soporte;CPU;OK;SOFT;2;OK: Percent was 25.77 %
[1718005787] Auto-save of retention data completed successfully.
[1718006750] SERVICE ALERT: SRV_Soporte;CPU;WARNING;SOFT;1;WARNING: Percent was 64.40 %
[1718006871] SERVICE ALERT: SRV_Soporte;CPU;OK;SOFT;2;OK: Percent was 25.77 %
[1718009331] SERVICE ALERT: SRV_Soporte;CPU;WARNING;SOFT;1;WARNING: Percent was 62.22 %
[1718009387] Auto-save of retention data completed successfully.
[1718009452] SERVICE ALERT: SRV_Soporte;CPU;OK;SOFT;2;OK: Percent was 31.23 %
[1718010713] SERVICE ALERT: SRV_Soporte;CPU;WARNING;SOFT;1;WARNING: Percent was 60.15 %
[1718010833] SERVICE ALERT: SRV_Soporte;CPU;OK;SOFT;2;OK: Percent was 40.15 %
[1718012094] SERVICE ALERT: SRV_Soporte;CPU;WARNING;SOFT;1;WARNING: Percent was 64.20 %
[1718012214] SERVICE ALERT: SRV_Soporte;CPU;OK;SOFT;2;OK: Percent was 50.00 %
[1718012755] SERVICE ALERT: SRV_Soporte;CPU;WARNING;SOFT;1;WARNING: Percent was 60.90 %
[1718012876] SERVICE ALERT: SRV_Soporte;CPU;OK;SOFT;2;OK: Percent was 35.50 %
[1718012987] Auto-save of retention data completed successfully.
[1718013177] SERVICE ALERT: SRV_Soporte;CPU;WARNING;SOFT;1;WARNING: Percent was 68.40 %
[1718013298] SERVICE ALERT: SRV_Soporte;CPU;CRITICAL;SOFT;2;CRITICAL: Percent was 72.33 %
[1718013419] SERVICE ALERT: SRV_Soporte;CPU;WARNING;HARD;3;WARNING: Percent was 68.17 %
[1718013540] SERVICE ALERT: SRV_Soporte;CPU;OK;HARD;1;OK: Percent was 49.22 %
[1718013959] SERVICE ALERT: SRV_Soporte;CPU;CRITICAL;SOFT;1;CRITICAL: Percent was 71.08 %
[1718014080] SERVICE ALERT: SRV_Soporte;CPU;OK;SOFT;2;OK: Percent was 25.80 %
[1718016587] Auto-save of retention data completed successfully.
[1718017920] SERVICE ALERT: SRV_Soporte;CPU;WARNING;SOFT;1;WARNING: Percent was 66.40 %
[1718018041] SERVICE ALERT: SRV_Soporte;CPU;WARNING;SOFT;2;WARNING: Percent was 65.12 %
[1718018162] SERVICE ALERT: SRV_Soporte;CPU;OK;SOFT;3;OK: Percent was 38.40 %
[1718018646] SERVICE ALERT: SRV_Soporte;CPU;CRITICAL;SOFT;1;CRITICAL: Percent was 78.03 %
[1718018767] SERVICE ALERT: SRV_Soporte;CPU;OK;SOFT;2;OK: Percent was 31.52 %
[1718020112] SERVICE ALERT: FW Clinica PV Movistar;Ping;WARNING;SOFT;1;PING WARNING - Packet loss = 93%, RTA = 33.90 ms
[1718020112] wproc: Core Worker 21856: job 1372565 (pid=31644) timed out. Killing it
[1718020112] wproc: CHECK job 1372565 from worker Core Worker 21856 timed out after 30.01s
[1718020112] wproc:   host=FW Clinica PV Telsur; service=(null);
[1718020112] wproc:   early_timeout=1; exited_ok=0; wait_status=0; error_code=62;
[1718020112] Warning: Check of host 'FW Clinica PV Telsur' timed out after 30.01 seconds
[1718020112] HOST ALERT: FW Clinica PV Telsur;DOWN;SOFT;1;(Host check timed out after 30.01 seconds)
[1718020112] wproc: Core Worker 21856: job 1372565 (pid=31644): Dormant child reaped
[1718020142] wproc: Core Worker 21855: job 1372594 (pid=31944) timed out. Killing it
[1718020142] wproc: CHECK job 1372594 from worker Core Worker 21855 timed out after 30.01s
[1718020142] wproc:   host=FW Clinica PV Movistar; service=(null);
[1718020142] wproc:   early_timeout=1; exited_ok=0; wait_status=0; error_code=62;
[1718020142] Warning: Check of host 'FW Clinica PV Movistar' timed out after 30.01 seconds
[1718020142] HOST ALERT: FW Clinica PV Movistar;DOWN;SOFT;1;(Host check timed out after 30.01 seconds)
[1718020142] wproc: Core Worker 21855: job 1372594 (pid=31944): Dormant child reaped
[1718020187] Auto-save of retention data completed successfully.
[1718020187] HOST ALERT: FW Clinica PV Telsur;UP;SOFT;1;PING OK - Packet loss = 68%, RTA = 1.49 ms
[1718020206] HOST ALERT: FW Clinica PV Movistar;UP;SOFT;1;PING OK - Packet loss = 0%, RTA = 33.91 ms
[1718020236] SERVICE ALERT: FW Clinica PV Movistar;Ping;OK;SOFT;2;PING OK - Packet loss = 0%, RTA = 34.66 ms
[1718021227] SERVICE ALERT: SRV_Soporte;CPU;CRITICAL;SOFT;1;CRITICAL: Percent was 70.33 %
[1718021348] SERVICE ALERT: SRV_Soporte;CPU;OK;SOFT;2;OK: Percent was 31.82 %
[1718021648] SERVICE ALERT: SRV_Soporte;CPU;WARNING;SOFT;1;WARNING: Percent was 63.27 %
[1718021769] SERVICE ALERT: SRV_Soporte;CPU;OK;SOFT;2;OK: Percent was 42.33 %
[1718022250] SERVICE ALERT: SRV_Soporte;CPU;WARNING;SOFT;1;WARNING: Percent was 65.90 %
[1718022371] SERVICE ALERT: SRV_Soporte;CPU;OK;SOFT;2;OK: Percent was 29.55 %
[1718023512] SERVICE ALERT: SRV_Soporte;CPU;WARNING;SOFT;1;WARNING: Percent was 60.92 %
[1718023633] SERVICE ALERT: SRV_Soporte;CPU;WARNING;SOFT;2;WARNING: Percent was 65.62 %
[1718023754] SERVICE ALERT: SRV_Soporte;CPU;OK;SOFT;3;OK: Percent was 40.90 %
[1718023787] Auto-save of retention data completed successfully.
[1718023868] SERVICE ALERT: FW Cass Telsur;Ancho de Banda LAN;CRITICAL;SOFT;1;(No output on stdout) stderr:
[1718023989] SERVICE ALERT: FW Cass Telsur;Ancho de Banda LAN;OK;SOFT;2;OK - Average IN: 48.35KB (0.04%), Average OUT: 376.08KB (0.30%)Total RX: 220.39GBytes, Total TX: 243.61GBytes
[1718025254] SERVICE ALERT: SRV_Soporte;CPU;CRITICAL;SOFT;1;CRITICAL: Percent was 80.30 %
[1718025334] SERVICE ALERT: FW Cass Telsur;Ancho de Banda WAN;CRITICAL;SOFT;1;(No output on stdout) stderr:
[1718025375] SERVICE ALERT: SRV_Soporte;CPU;OK;SOFT;2;OK: Percent was 38.62 %
[1718025386] SERVICE ALERT: FW Cass Telsur;Ancho de Banda DMZ;CRITICAL;SOFT;1;(No output on stdout) stderr:
[1718025454] SERVICE ALERT: FW Cass Telsur;Ancho de Banda WAN;OK;SOFT;2;OK - Average IN: 203.37B (0.00%), Average OUT: 62.97B (0.00%)Total RX: 2172.35GBytes, Total TX: 4837.31GBytes
[1718025506] SERVICE ALERT: FW Cass Telsur;Ancho de Banda DMZ;OK;SOFT;2;OK - Average IN: 215.57KB (0.17%), Average OUT: 15.97KB (0.01%)Total RX: 15.72GBytes, Total TX: 10.53GBytes
[1718026335] SERVICE ALERT: SRV_Soporte;CPU;WARNING;SOFT;1;WARNING: Percent was 62.88 %
[1718026456] SERVICE ALERT: SRV_Soporte;CPU;OK;SOFT;2;OK: Percent was 43.95 %
[1718026909] SERVICE ALERT: FW Cass Telsur;Estado Puerto WAN;WARNING;SOFT;1;WARNING: SNMP error: No response from remote host "201.220.96.34"
[1718026931] SERVICE ALERT: FW Cass Telsur;Estado Puerto LAN;WARNING;SOFT;1;WARNING: SNMP error: No response from remote host "201.220.96.34"
[1718027029] SERVICE ALERT: FW Cass Telsur;Estado Puerto WAN;OK;SOFT;2;OK: Interface eth1 (index 3) is up.
[1718027051] SERVICE ALERT: FW Cass Telsur;Estado Puerto LAN;OK;SOFT;2;OK: Interface eth0 (index 2) is up.
[1718027387] Auto-save of retention data completed successfully.
[1718027656] SERVICE ALERT: SRV_Soporte;CPU;WARNING;SOFT;1;WARNING: Percent was 67.53 %
[1718027777] SERVICE ALERT: SRV_Soporte;CPU;OK;SOFT;2;OK: Percent was 29.55 %
[1718028801] SERVICE ALERT: FW Cass Telsur;Estado Puerto LAN;WARNING;SOFT;1;WARNING: SNMP error: No response from remote host "201.220.96.34"
[1718028922] SERVICE ALERT: FW Cass Telsur;Estado Puerto LAN;OK;SOFT;2;OK: Interface eth0 (index 2) is up.
[1718029098] SERVICE ALERT: SRV_Soporte;CPU;WARNING;SOFT;1;WARNING: Percent was 60.22 %
[1718029219] SERVICE ALERT: SRV_Soporte;CPU;OK;SOFT;2;OK: Percent was 30.30 %
[1718030720] SERVICE ALERT: SRV_Soporte;CPU;CRITICAL;SOFT;1;CRITICAL: Percent was 72.67 %
[1718030841] SERVICE ALERT: SRV_Soporte;CPU;OK;SOFT;2;OK: Percent was 28.90 %
[1718030987] Auto-save of retention data completed successfully.
[1718033782] SERVICE ALERT: SRV_Soporte;CPU;WARNING;SOFT;1;WARNING: Percent was 66.17 %
[1718033902] SERVICE ALERT: SRV_Soporte;CPU;OK;SOFT;2;OK: Percent was 41.07 %
[1718034587] Auto-save of retention data completed successfully.
[1718035103] SERVICE ALERT: SRV_Soporte;CPU;CRITICAL;SOFT;1;CRITICAL: Percent was 71.98 %
[1718035221] SERVICE ALERT: SRV_Cfiler.cass.cl;Actualizacion;UNKNOWN;SOFT;1;Updates UNKNOWN : UNKNOWN: Error message: Failed to connect to download.opensuse.org port 80: No route to host
[1718035223] SERVICE ALERT: SRV_Soporte;CPU;OK;SOFT;2;OK: Percent was 43.70 %
[1718035353] SERVICE ALERT: SRV_Cfiler.cass.cl;Actualizacion;OK;SOFT;2;Updates OK : no updates available
[1718036304] SERVICE ALERT: SRV_Soporte;CPU;CRITICAL;SOFT;1;CRITICAL: Percent was 72.92 %
[1718036425] SERVICE ALERT: SRV_Soporte;CPU;OK;SOFT;2;OK: Percent was 28.02 %
[1718038187] Auto-save of retention data completed successfully.
[1718038645] SERVICE ALERT: SRV_Soporte;CPU;WARNING;SOFT;1;WARNING: Percent was 66.52 %
[1718038766] SERVICE ALERT: SRV_Soporte;CPU;OK;SOFT;2;OK: Percent was 38.17 %
[1718039726] SERVICE ALERT: SRV_Soporte;CPU;CRITICAL;SOFT;1;CRITICAL: Percent was 73.43 %
[1718039847] SERVICE ALERT: SRV_Soporte;CPU;OK;SOFT;2;OK: Percent was 31.95 %
[1718040096] SERVICE ALERT: FW Cass Telsur;Ancho de Banda DMZ;CRITICAL;SOFT;1;(No output on stdout) stderr:
[1718040216] SERVICE ALERT: FW Cass Telsur;Ancho de Banda DMZ;OK;SOFT;2;OK - Average IN: 72.15KB (0.06%), Average OUT: 11.06KB (0.01%)Total RX: 16.15GBytes, Total TX: 10.74GBytes
[1718041107] SERVICE ALERT: SRV_Soporte;CPU;WARNING;SOFT;1;WARNING: Percent was 60.92 %
[1718041228] SERVICE ALERT: SRV_Soporte;CPU;OK;SOFT;2;OK: Percent was 31.40 %
[1718041787] Auto-save of retention data completed successfully.
[1718042119] SERVICE ALERT: FW Cass Telsur;Ancho de Banda LAN;CRITICAL;SOFT;1;(No output on stdout) stderr:
[1718042188] SERVICE ALERT: SRV_Soporte;CPU;CRITICAL;SOFT;1;CRITICAL: Percent was 71.97 %
[1718042239] SERVICE ALERT: FW Cass Telsur;Ancho de Banda LAN;OK;SOFT;2;OK - Average IN: 17.61MB (14.09%), Average OUT: 2.20MB (1.76%)Total RX: 275.02GBytes, Total TX: 257.80GBytes
[1718042309] SERVICE ALERT: SRV_Soporte;CPU;OK;SOFT;2;OK: Percent was 47.67 %
[1718043570] SERVICE ALERT: SRV_Soporte;CPU;WARNING;SOFT;1;WARNING: Percent was 64.03 %
[1718043691] SERVICE ALERT: SRV_Soporte;CPU;OK;SOFT;2;OK: Percent was 32.80 %
[1718043929] SERVICE ALERT: FW Cass Telsur;Ancho de Banda LAN;CRITICAL;SOFT;1;(No output on stdout) stderr:
[1718043946] SERVICE ALERT: FW Cass Telsur;Estado Puerto DMZ;WARNING;SOFT;1;WARNING: SNMP error: No response from remote host "201.220.96.34"
[1718044049] SERVICE ALERT: FW Cass Telsur;Ancho de Banda LAN;OK;SOFT;2;OK - Average IN: 54.25KB (0.04%), Average OUT: 1.83MB (1.46%)Total RX: 275.12GBytes, Total TX: 261.22GBytes
[1718044066] SERVICE ALERT: FW Cass Telsur;Estado Puerto DMZ;OK;SOFT;2;OK: Interface eth2 (index 4) is up.
[1718045387] Auto-save of retention data completed successfully.
[1718045432] SERVICE ALERT: SRV_Soporte;CPU;CRITICAL;SOFT;1;CRITICAL: Percent was 71.88 %
[1718045553] SERVICE ALERT: SRV_Soporte;CPU;OK;SOFT;2;OK: Percent was 37.90 %
[1718047174] SERVICE ALERT: SRV_Soporte;CPU;CRITICAL;SOFT;1;CRITICAL: Percent was 75.00 %
[1718047295] SERVICE ALERT: SRV_Soporte;CPU;OK;SOFT;2;OK: Percent was 31.40 %
[1718048796] SERVICE ALERT: SRV_Soporte;CPU;WARNING;SOFT;1;WARNING: Percent was 62.15 %
[1718048916] SERVICE ALERT: SRV_Soporte;CPU;OK;SOFT;2;OK: Percent was 31.82 %
[1718048987] Auto-save of retention data completed successfully.
[1718049037] SERVICE ALERT: SRV_Soporte;CPU;WARNING;SOFT;1;WARNING: Percent was 60.15 %
[1718049158] SERVICE ALERT: SRV_Soporte;CPU;OK;SOFT;2;OK: Percent was 29.40 %
[1718049751] SERVICE ALERT: FW Cass Telsur;Estado Puerto LAN;WARNING;SOFT;1;WARNING: SNMP error: No response from remote host "201.220.96.34"
[1718049776] SERVICE ALERT: FW Cass Telsur;Estado Puerto DMZ;WARNING;SOFT;1;WARNING: SNMP error: No response from remote host "201.220.96.34"
[1718049779] SERVICE ALERT: FW Cass Telsur;Estado Puerto WAN;WARNING;SOFT;1;WARNING: SNMP error: No response from remote host "201.220.96.34"
[1718049871] SERVICE ALERT: FW Cass Telsur;Estado Puerto LAN;OK;SOFT;2;OK: Interface eth0 (index 2) is up.
[1718049896] SERVICE ALERT: FW Cass Telsur;Estado Puerto DMZ;OK;SOFT;2;OK: Interface eth2 (index 4) is up.
[1718049900] SERVICE ALERT: FW Cass Telsur;Estado Puerto WAN;OK;SOFT;2;OK: Interface eth1 (index 3) is up.
[1718050359] SERVICE ALERT: FW Cass Telsur;Ancho de Banda LAN;CRITICAL;SOFT;1;(No output on stdout) stderr:
[1718050479] SERVICE ALERT: FW Cass Telsur;Ancho de Banda LAN;OK;SOFT;2;OK - Average IN: 52.47KB (0.04%), Average OUT: 397.72KB (0.32%)Total RX: 276.24GBytes, Total TX: 267.70GBytes
[1718050599] SERVICE ALERT: SRV_Soporte;CPU;CRITICAL;SOFT;1;CRITICAL: Percent was 72.38 %
[1718050720] SERVICE ALERT: SRV_Soporte;CPU;OK;SOFT;2;OK: Percent was 25.02 %
[1718052587] Auto-save of retention data completed successfully.
[1718055101] SERVICE ALERT: SRV_Soporte;CPU;CRITICAL;SOFT;1;CRITICAL: Percent was 71.12 %
[1718055221] SERVICE ALERT: SRV_Soporte;CPU;OK;SOFT;2;OK: Percent was 32.83 %
[1718055555] SERVICE ALERT: SRV_chat.cass.cl;Actualizacion;UNKNOWN;SOFT;1;Updates UNKNOWN : UNKNOWN: Error message: Failed to connect to download.opensuse.org port 80: No route to host
[1718055687] SERVICE ALERT: SRV_chat.cass.cl;Actualizacion;OK;SOFT;2;Updates OK : no updates available
[1718056007] SERVICE ALERT: FW Cass Telsur;Ancho de Banda DMZ;CRITICAL;SOFT;1;(No output on stdout) stderr:
[1718056127] SERVICE ALERT: FW Cass Telsur;Ancho de Banda DMZ;OK;SOFT;2;OK - Average IN: 19.04KB (0.02%), Average OUT: 10.54KB (0.01%)Total RX: 16.71GBytes, Total TX: 11.04GBytes
[1718056187] Auto-save of retention data completed successfully.
[1718057801] SERVICE ALERT: SRV_Soporte;CPU;WARNING;SOFT;1;WARNING: Percent was 69.70 %
[1718057826] SERVICE ALERT: FW Cass Telsur;Estado Puerto DMZ;WARNING;SOFT;1;WARNING: SNMP error: No response from remote host "201.220.96.34"
[1718057922] SERVICE ALERT: SRV_Soporte;CPU;OK;SOFT;2;OK: Percent was 43.20 %
[1718057946] SERVICE ALERT: FW Cass Telsur;Estado Puerto DMZ;OK;SOFT;2;OK: Interface eth2 (index 4) is up.
[1718058297] SERVICE ALERT: FW Cass Telsur;Ancho de Banda DMZ;CRITICAL;SOFT;1;(No output on stdout) stderr:
[1718058417] SERVICE ALERT: FW Cass Telsur;Ancho de Banda DMZ;OK;SOFT;2;OK - Average IN: 11.40KB (0.01%), Average OUT: 9.65KB (0.01%)Total RX: 16.80GBytes, Total TX: 11.08GBytes
[1718058469] SERVICE ALERT: FW Cass Telsur;Ancho de Banda LAN;CRITICAL;SOFT;1;(No output on stdout) stderr:
[1718058589] SERVICE ALERT: FW Cass Telsur;Ancho de Banda LAN;OK;SOFT;2;OK - Average IN: 49.62KB (0.04%), Average OUT: 435.80KB (0.35%)Total RX: 276.76GBytes, Total TX: 273.02GBytes
[1718059483] SERVICE ALERT: SRV_Soporte;CPU;WARNING;SOFT;1;WARNING: Percent was 62.10 %
[1718059603] SERVICE ALERT: SRV_Soporte;CPU;OK;SOFT;2;OK: Percent was 31.25 %
[1718059787] Auto-save of retention data completed successfully.
[1718060402] SERVICE ALERT: SRV_chat.cass.cl;Puerto HTTPS;CRITICAL;SOFT;1;(No output on stdout) stderr: connect to address 10.0.0.92 port 5666: Connection refused
[1718060522] SERVICE ALERT: SRV_chat.cass.cl;Puerto HTTPS;OK;SOFT;2;TCP OK - 0.000 second response time on port 443
[1718060624] SERVICE ALERT: SRV_Soporte;CPU;WARNING;SOFT;1;WARNING: Percent was 62.88 %
[1718060744] SERVICE ALERT: SRV_Soporte;CPU;OK;SOFT;2;OK: Percent was 56.83 %
[1718061524] SERVICE ALERT: SRV_Soporte;CPU;WARNING;SOFT;1;WARNING: Percent was 63.38 %
[1718061645] SERVICE ALERT: SRV_Soporte;CPU;WARNING;SOFT;2;WARNING: Percent was 65.90 %
[1718061766] SERVICE ALERT: SRV_Soporte;CPU;OK;SOFT;3;OK: Percent was 31.80 %
[1718063387] Auto-save of retention data completed successfully.
[1718063747] SERVICE ALERT: SRV_Soporte;CPU;WARNING;SOFT;1;WARNING: Percent was 60.92 %
[1718063868] SERVICE ALERT: SRV_Soporte;CPU;OK;SOFT;2;OK: Percent was 38.08 %
[1718064469] SERVICE ALERT: SRV_Soporte;CPU;WARNING;SOFT;1;WARNING: Percent was 61.05 %
[1718064590] SERVICE ALERT: SRV_Soporte;CPU;OK;SOFT;2;OK: Percent was 48.05 %
[1718066571] SERVICE ALERT: SRV_Soporte;CPU;WARNING;SOFT;1;WARNING: Percent was 62.88 %
[1718066692] SERVICE ALERT: SRV_Soporte;CPU;OK;SOFT;2;OK: Percent was 42.20 %
[1718066987] Auto-save of retention data completed successfully.
[1718068852] SERVICE ALERT: SRV_Soporte;CPU;WARNING;SOFT;1;WARNING: Percent was 68.22 %
[1718068973] SERVICE ALERT: SRV_Soporte;CPU;OK;SOFT;2;OK: Percent was 39.05 %
[1718070587] Auto-save of retention data completed successfully.
[1718071554] SERVICE ALERT: SRV_Soporte;CPU;WARNING;SOFT;1;WARNING: Percent was 69.47 %
[1718071675] SERVICE ALERT: SRV_Soporte;CPU;OK;SOFT;2;OK: Percent was 40.88 %
[1718071735] SERVICE ALERT: Veeam2023.cass.pmc;CPU;WARNING;SOFT;1;CPU Load 99% (5 min average)
[1718071855] SERVICE ALERT: Veeam2023.cass.pmc;CPU;WARNING;SOFT;2;CPU Load 99% (5 min average)
[1718071975] SERVICE NOTIFICATION: nagiosadmin;Veeam2023.cass.pmc;CPU;WARNING;notify-service-by-email;CPU Load 99% (5 min average)
[1718071975] SERVICE NOTIFICATION: andresnavarro;Veeam2023.cass.pmc;CPU;WARNING;notify-service-by-email;CPU Load 99% (5 min average)
[1718071975] SERVICE NOTIFICATION: soporteti;Veeam2023.cass.pmc;CPU;WARNING;notify-service-by-telegram;CPU Load 99% (5 min average)
[1718071975] SERVICE NOTIFICATION: soporteti;Veeam2023.cass.pmc;CPU;WARNING;notify-service-by-email;CPU Load 99% (5 min average)
[1718071975] SERVICE NOTIFICATION: carlosstange;Veeam2023.cass.pmc;CPU;WARNING;notify-service-by-telegram;CPU Load 99% (5 min average)
[1718071975] SERVICE NOTIFICATION: carlosstange;Veeam2023.cass.pmc;CPU;WARNING;notify-service-by-email;CPU Load 99% (5 min average)
[1718071975] SERVICE ALERT: Veeam2023.cass.pmc;CPU;WARNING;HARD;3;CPU Load 99% (5 min average)
[1718072155] SERVICE NOTIFICATION: nagiosadmin;Veeam2023.cass.pmc;CPU;OK;notify-service-by-email;CPU Load 94% (5 min average)
[1718072155] SERVICE NOTIFICATION: andresnavarro;Veeam2023.cass.pmc;CPU;OK;notify-service-by-email;CPU Load 94% (5 min average)
[1718072155] SERVICE NOTIFICATION: soporteti;Veeam2023.cass.pmc;CPU;OK;notify-service-by-telegram;CPU Load 94% (5 min average)
[1718072155] SERVICE NOTIFICATION: soporteti;Veeam2023.cass.pmc;CPU;OK;notify-service-by-email;CPU Load 94% (5 min average)
[1718072155] SERVICE NOTIFICATION: carlosstange;Veeam2023.cass.pmc;CPU;OK;notify-service-by-telegram;CPU Load 94% (5 min average)
[1718072155] SERVICE NOTIFICATION: carlosstange;Veeam2023.cass.pmc;CPU;OK;notify-service-by-email;CPU Load 94% (5 min average)
[1718072155] SERVICE ALERT: Veeam2023.cass.pmc;CPU;OK;HARD;1;CPU Load 94% (5 min average)
[1718072937] SERVICE ALERT: SRV_Soporte;CPU;WARNING;SOFT;1;WARNING: Percent was 63.30 %
[1718073058] SERVICE ALERT: SRV_Soporte;CPU;OK;SOFT;2;OK: Percent was 38.08 %
[1718073358] SERVICE ALERT: SRV_Soporte;CPU;WARNING;SOFT;1;WARNING: Percent was 60.60 %
[1718073479] SERVICE ALERT: SRV_Soporte;CPU;OK;SOFT;2;OK: Percent was 35.60 %
[1718074187] Auto-save of retention data completed successfully.
[1718074199] SERVICE ALERT: SRV_Soporte;CPU;WARNING;SOFT;1;WARNING: Percent was 60.92 %
[1718074320] SERVICE ALERT: SRV_Soporte;CPU;OK;SOFT;2;OK: Percent was 26.27 %
[1718075161] SERVICE ALERT: SRV_Soporte;CPU;CRITICAL;SOFT;1;CRITICAL: Percent was 79.28 %
[1718075281] SERVICE ALERT: SRV_Soporte;CPU;OK;SOFT;2;OK: Percent was 35.30 %
[1718075402] SERVICE ALERT: SRV_Soporte;CPU;WARNING;SOFT;1;WARNING: Percent was 60.52 %
[1718075523] SERVICE ALERT: SRV_Soporte;CPU;OK;SOFT;2;OK: Percent was 38.30 %
[1718075644] SERVICE ALERT: SRV_Soporte;CPU;WARNING;SOFT;1;WARNING: Percent was 68.47 %
[1718075765] SERVICE ALERT: SRV_Soporte;CPU;OK;SOFT;2;OK: Percent was 49.22 %
[1718077787] Auto-save of retention data completed successfully.
[1718078046] SERVICE ALERT: SRV_Soporte;CPU;WARNING;SOFT;1;WARNING: Percent was 68.30 %
[1718078166] SERVICE ALERT: SRV_Soporte;CPU;OK;SOFT;2;OK: Percent was 30.88 %
