[1687060800] LOG ROTATION: DAILY
[1687060800] LOG VERSION: 2.0
[1687060800] CURRENT HOST STATE: ADL Diagnostic;UP;HARD;1;PING OK - Packet loss = 0%, RTA = 40.60 ms
[1687060800] CURRENT HOST STATE: Blueshell;UP;HARD;1;PING OK - Packet loss = 0%, RTA = 11.55 ms
[1687060800] CURRENT HOST STATE: Cass Entel;UP;HARD;1;PING OK - Packet loss = 0%, RTA = 0.79 ms
[1687060800] CURRENT HOST STATE: Cass Telsur;UP;HARD;1;PING OK - Packet loss = 0%, RTA = 1.45 ms
[1687060800] CURRENT HOST STATE: Clinica PV Movistar;UP;HARD;1;PING OK - Packet loss = 0%, RTA = 51.72 ms
[1687060800] CURRENT HOST STATE: Clinica PV Telsur;UP;HARD;1;PING OK - Packet loss = 0%, RTA = 4.69 ms
[1687060800] CURRENT HOST STATE: Confe;UP;HARD;1;PING OK - Packet loss = 0%, RTA = 38.74 ms
[1687060800] CURRENT HOST STATE: Electric Works;UP;HARD;1;PING OK - Packet loss = 0%, RTA = 41.28 ms
[1687060800] CURRENT HOST STATE: Ext Entel;UP;HARD;1;PING OK - Packet loss = 0%, RTA = 0.41 ms
[1687060800] CURRENT HOST STATE: Ext Telsur;UP;HARD;1;PING OK - Packet loss = 0%, RTA = 1.52 ms
[1687060800] CURRENT HOST STATE: FW ADL Diagnostic;UP;HARD;1;PING OK - Packet loss = 0%, RTA = 33.85 ms
[1687060800] CURRENT HOST STATE: FW Blueshell;UP;HARD;1;PING OK - Packet loss = 0%, RTA = 27.73 ms
[1687060800] CURRENT HOST STATE: FW Cass Entel;UP;HARD;1;PING OK - Packet loss = 0%, RTA = 33.78 ms
[1687060800] CURRENT HOST STATE: FW Cass Telsur;UP;HARD;1;PING OK - Packet loss = 0%, RTA = 0.50 ms
[1687060800] CURRENT HOST STATE: FW Clinica PV Movistar;UP;HARD;1;PING OK - Packet loss = 0%, RTA = 56.71 ms
[1687060800] CURRENT HOST STATE: FW Clinica PV Telsur;UP;HARD;1;PING OK - Packet loss = 0%, RTA = 2.78 ms
[1687060800] CURRENT HOST STATE: FW Confe;UP;HARD;1;PING OK - Packet loss = 0%, RTA = 44.80 ms
[1687060800] CURRENT HOST STATE: FW Electric Works;UP;HARD;1;PING OK - Packet loss = 0%, RTA = 34.33 ms
[1687060800] CURRENT HOST STATE: FW Gore Los Lagos;UP;HARD;1;PING OK - Packet loss = 0%, RTA = 23.69 ms
[1687060800] CURRENT HOST STATE: FW Pasmar;UP;HARD;1;PING OK - Packet loss = 0%, RTA = 4.69 ms
[1687060800] CURRENT HOST STATE: Gore Los Lagos;UP;HARD;1;PING OK - Packet loss = 0%, RTA = 13.63 ms
[1687060800] CURRENT HOST STATE: Host-10.0.0.120;UP;HARD;1;PING OK - Packet loss = 0%, RTA = 0.82 ms
[1687060800] CURRENT HOST STATE: Host-10.0.0.121;UP;HARD;1;PING OK - Packet loss = 0%, RTA = 0.48 ms
[1687060800] CURRENT HOST STATE: Internet;UP;HARD;1;PING OK - Packet loss = 0%, RTA = 19.58 ms
[1687060800] CURRENT HOST STATE: Pasmar;UP;HARD;1;PING OK - Packet loss = 0%, RTA = 21.78 ms
[1687060800] CURRENT HOST STATE: Qnap NAS;UP;HARD;1;PING OK - Packet loss = 0%, RTA = 0.28 ms
[1687060800] CURRENT HOST STATE: SRV01USER_cass.cl;UP;HARD;1;PING OK - Packet loss = 0%, RTA = 2.26 ms
[1687060800] CURRENT HOST STATE: SRV04AD01.cass.cl;UP;HARD;1;PING OK - Packet loss = 0%, RTA = 2.04 ms
[1687060800] CURRENT HOST STATE: SRV05AD02_cass.cl;UP;HARD;1;PING OK - Packet loss = 0%, RTA = 1.53 ms
[1687060800] CURRENT HOST STATE: SRV11VIBE_cass.cl;UP;HARD;1;PING OK - Packet loss = 0%, RTA = 0.88 ms
[1687060800] CURRENT HOST STATE: SRV12WEB_cass.cl;UP;HARD;1;PING OK - Packet loss = 0%, RTA = 0.74 ms
[1687060800] CURRENT HOST STATE: SRVAD1.cass.pmc;UP;HARD;1;PING OK - Packet loss = 0%, RTA = 1.64 ms
[1687060800] CURRENT HOST STATE: SRVAD2.cass.pmc;UP;HARD;1;PING OK - Packet loss = 0%, RTA = 1.40 ms
[1687060800] CURRENT HOST STATE: SRVADMIN.cass.pmc;UP;HARD;1;PING OK - Packet loss = 0%, RTA = 1.44 ms
[1687060800] CURRENT HOST STATE: SRVCONT.cass.cl;UP;HARD;1;PING OK - Packet loss = 0%, RTA = 2.93 ms
[1687060800] CURRENT HOST STATE: SRVDC1.cass.pmc;UP;HARD;1;PING OK - Packet loss = 0%, RTA = 1.49 ms
[1687060800] CURRENT HOST STATE: SRVDNS;UP;HARD;1;PING OK - Packet loss = 0%, RTA = 0.87 ms
[1687060800] CURRENT HOST STATE: SRVMFSD;UP;HARD;1;PING OK - Packet loss = 0%, RTA = 0.97 ms
[1687060800] CURRENT HOST STATE: SRV_Cfiler.cass.cl;UP;HARD;1;PING OK - Packet loss = 0%, RTA = 0.63 ms
[1687060800] CURRENT HOST STATE: SRV_Oraculo_cass.cl;UP;HARD;1;PING OK - Packet loss = 0%, RTA = 0.92 ms
[1687060800] CURRENT HOST STATE: SRV_SOS2021.cass.cl;UP;HARD;1;PING OK - Packet loss = 0%, RTA = 0.55 ms
[1687060800] CURRENT HOST STATE: SRV_SUM;UP;HARD;1;PING OK - Packet loss = 0%, RTA = 0.65 ms
[1687060800] CURRENT HOST STATE: SRV_chat.cass.cl;UP;HARD;1;PING OK - Packet loss = 0%, RTA = 0.56 ms
[1687060800] CURRENT HOST STATE: SRV_email.cass.cl;UP;HARD;1;PING OK - Packet loss = 0%, RTA = 0.67 ms
[1687060800] CURRENT HOST STATE: SRV_nagios;UP;HARD;1;PING OK - Packet loss = 0%, RTA = 0.08 ms
[1687060800] CURRENT HOST STATE: SRV_sync.cass.cl;UP;HARD;1;PING OK - Packet loss = 0%, RTA = 0.86 ms
[1687060800] CURRENT HOST STATE: Servidor Vcenter;UP;HARD;1;PING OK - Packet loss = 0%, RTA = 0.71 ms
[1687060800] CURRENT HOST STATE: Servidores CASS;UP;HARD;1;PING OK - Packet loss = 0%, RTA = 1.18 ms
[1687060800] CURRENT HOST STATE: Ups Principal;UP;HARD;1;PING OK - Packet loss = 0%, RTA = 0.73 ms
[1687060800] CURRENT HOST STATE: Veeam2023.cass.pmc;UP;HARD;1;PING OK - Packet loss = 0%, RTA = 1.77 ms
[1687060800] CURRENT HOST STATE: web_cass_cl;UP;HARD;1;PING OK - Packet loss = 0%, RTA = 0.69 ms
[1687060800] CURRENT SERVICE STATE: ADL Diagnostic;Ping;OK;HARD;1;PING OK - Packet loss = 0%, RTA = 57.74 ms
[1687060800] CURRENT SERVICE STATE: Blueshell;Ping;OK;HARD;1;PING OK - Packet loss = 0%, RTA = 4.22 ms
[1687060800] CURRENT SERVICE STATE: Clinica PV Movistar;Ping;OK;HARD;1;PING OK - Packet loss = 0%, RTA = 42.83 ms
[1687060800] CURRENT SERVICE STATE: Confe;Ping;OK;HARD;1;PING OK - Packet loss = 0%, RTA = 37.66 ms
[1687060800] CURRENT SERVICE STATE: Electric Works;Ping;OK;HARD;1;PING OK - Packet loss = 0%, RTA = 44.77 ms
[1687060800] CURRENT SERVICE STATE: Ext Telsur;Ping;OK;HARD;1;PING OK - Packet loss = 0%, RTA = 2.05 ms
[1687060800] CURRENT SERVICE STATE: FW ADL Diagnostic;Ping;OK;HARD;1;PING OK - Packet loss = 0%, RTA = 35.32 ms
[1687060800] CURRENT SERVICE STATE: FW Blueshell;Ping;OK;HARD;1;PING OK - Packet loss = 0%, RTA = 13.50 ms
[1687060800] CURRENT SERVICE STATE: FW Cass Entel;Ping;OK;HARD;1;PING OK - Packet loss = 0%, RTA = 34.63 ms
[1687060800] CURRENT SERVICE STATE: FW Cass Telsur;Ancho de Banda DMZ;OK;HARD;1;OK - Average IN: 4.03KB (0.00%), Average OUT: 4.58KB (0.00%)Total RX: 34.54GBytes, Total TX: 24.83GBytes
[1687060800] CURRENT SERVICE STATE: FW Cass Telsur;Ancho de Banda LAN;OK;HARD;1;OK - Average IN: 808.02B (0.00%), Average OUT: 1.15KB (0.00%)Total RX: 634.13GBytes, Total TX: 497.89GBytes
[1687060800] CURRENT SERVICE STATE: FW Cass Telsur;Ancho de Banda WAN;OK;HARD;1;OK - Average IN: 3.77MB (3.02%), Average OUT: 5.25MB (4.20%)Total RX: 2769.43GBytes, Total TX: 5141.24GBytes
[1687060800] CURRENT SERVICE STATE: FW Cass Telsur;Estado Puerto DMZ;OK;HARD;1;OK: Interface eth2 (index 4) is up.
[1687060800] CURRENT SERVICE STATE: FW Cass Telsur;Estado Puerto LAN;OK;HARD;1;OK: Interface eth0 (index 2) is up.
[1687060800] CURRENT SERVICE STATE: FW Cass Telsur;Estado Puerto WAN;OK;HARD;1;OK: Interface eth1 (index 3) is up.
[1687060800] CURRENT SERVICE STATE: FW Cass Telsur;Estado TCP Sophos;OK;HARD;1;TCP OK - 0.000 second response time on 201.220.96.34 port 4444
[1687060800] CURRENT SERVICE STATE: FW Cass Telsur;Ping;OK;HARD;1;PING OK - Packet loss = 0%, RTA = 0.59 ms
[1687060800] CURRENT SERVICE STATE: FW Cass Telsur;Tiempo Activo;OK;HARD;1;SNMP OK - Timeticks: (224970136) 26 days, 0:55:01.36
[1687060800] CURRENT SERVICE STATE: FW Clinica PV Movistar;Ping;OK;HARD;1;PING OK - Packet loss = 0%, RTA = 48.08 ms
[1687060800] CURRENT SERVICE STATE: FW Confe;Ping;OK;HARD;1;PING OK - Packet loss = 0%, RTA = 58.24 ms
[1687060800] CURRENT SERVICE STATE: FW Electric Works;Ping;OK;HARD;1;PING OK - Packet loss = 0%, RTA = 42.39 ms
[1687060800] CURRENT SERVICE STATE: FW Gore Los Lagos;Ping;OK;HARD;1;PING OK - Packet loss = 0%, RTA = 25.78 ms
[1687060800] CURRENT SERVICE STATE: FW Pasmar;Ping;OK;HARD;1;PING OK - Packet loss = 0%, RTA = 2.42 ms
[1687060800] CURRENT SERVICE STATE: Gore Los Lagos;Ping;OK;HARD;1;PING OK - Packet loss = 0%, RTA = 17.70 ms
[1687060800] CURRENT SERVICE STATE: Host-10.0.0.120;Ping;OK;HARD;1;PING OK - Packet loss = 0%, RTA = 0.54 ms
[1687060800] CURRENT SERVICE STATE: Host-10.0.0.121;Ping;OK;HARD;1;PING OK - Packet loss = 0%, RTA = 0.53 ms
[1687060800] CURRENT SERVICE STATE: Pasmar;Ping;OK;HARD;1;PING OK - Packet loss = 0%, RTA = 4.86 ms
[1687060800] CURRENT SERVICE STATE: Qnap NAS;Almacenamiento;OK;HARD;1;OK: Total:50TB - Used:30TB - Free:19TB - Used Space: 61%
[1687060800] CURRENT SERVICE STATE: Qnap NAS;Estado;OK;HARD;1;Power Supply #1 - OK: GOOD
[1687060800] CURRENT SERVICE STATE: Qnap NAS;Memoria;OK;HARD;1;OK: Total:3830MB - Used:1273MB - Free:2557MB = 34%
[1687060800] CURRENT SERVICE STATE: Qnap NAS;Sysinfo;OK;HARD;1;NAS Cloud, Model TS-879U-RP, Firmware 4.3.6, Max HD number 8, No. Volume 1
[1687060800] CURRENT SERVICE STATE: Qnap NAS;Temperatura;OK;HARD;1;OK: Temperature=34C
[1687060800] CURRENT SERVICE STATE: Qnap NAS;Tiempo Activo;OK;HARD;1;SNMP OK - Timeticks: (324677139) 37 days, 13:52:51.39
[1687060800] CURRENT SERVICE STATE: SRV01USER_cass.cl;Actualizacion;CRITICAL;HARD;3;Updates: 1 critical, 0 optional
[1687060800] CURRENT SERVICE STATE: SRV01USER_cass.cl;Almacenamiento C;OK;HARD;1;c:\ - total: 119.40 Gb - used: 90.67 Gb (76%) - free 28.73 Gb (24%)
[1687060800] CURRENT SERVICE STATE: SRV01USER_cass.cl;Almacenamiento U;OK;HARD;1;u:\ - total: 1023.98 Gb - used: 179.66 Gb (18%) - free 844.33 Gb (82%)
[1687060800] CURRENT SERVICE STATE: SRV01USER_cass.cl;CPU;OK;HARD;1;CPU Load 1% (5 min average)
[1687060800] CURRENT SERVICE STATE: SRV01USER_cass.cl;Memoria;OK;HARD;1;Memory usage: total:23551.21 MB - used: 8140.00 MB (35%) - free: 15411.21 MB (65%)
[1687060800] CURRENT SERVICE STATE: SRV01USER_cass.cl;Ping;OK;HARD;1;PING OK - Packet loss = 0%, RTA = 2.30 ms
[1687060800] CURRENT SERVICE STATE: SRV01USER_cass.cl;Tiempo Activo;OK;HARD;1;System Uptime - 2 day(s) 1 hour(s) 4 minute(s)
[1687060800] CURRENT SERVICE STATE: SRV04AD01.cass.cl;Ping;OK;HARD;1;PING OK - Packet loss = 0%, RTA = 2.69 ms
[1687060800] CURRENT SERVICE STATE: SRV05AD02_cass.cl;Ping;OK;HARD;1;PING OK - Packet loss = 0%, RTA = 1.52 ms
[1687060800] CURRENT SERVICE STATE: SRV11VIBE_cass.cl;Actualizacion;CRITICAL;HARD;3;Updates CRITICAL : discontinued OS Release SLE 15.1: no updates available
[1687060800] CURRENT SERVICE STATE: SRV11VIBE_cass.cl;Almacenamiento /;OK;HARD;1;DISK OK - free space: /var/tmp 78750 MiB (85.97% inode=-):
[1687060800] CURRENT SERVICE STATE: SRV11VIBE_cass.cl;CPU;OK;HARD;1;OK - load average per CPU: 0.01, 0.01, 0.01
[1687060800] CURRENT SERVICE STATE: SRV11VIBE_cass.cl;Memoria;OK;HARD;1;[MEMORY] Total: 7693 MB - Used: 2905 MB - 37% [SWAP] Total: 7944 MB - Used: 4 MB - 0%
[1687060800] CURRENT SERVICE STATE: SRV11VIBE_cass.cl;Ping;OK;HARD;1;PING OK - Packet loss = 0%, RTA = 1.52 ms
[1687060800] CURRENT SERVICE STATE: SRV11VIBE_cass.cl;Proceso Vibe;OK;HARD;1;PROCS OK: 0 processes with command name 'vibe'
[1687060800] CURRENT SERVICE STATE: SRV11VIBE_cass.cl;Procesos;OK;HARD;1;PROCS OK: 318 processes
[1687060800] CURRENT SERVICE STATE: SRV11VIBE_cass.cl;Procesos Zombies;OK;HARD;1;PROCS OK: 0 processes with STATE = Z
[1687060800] CURRENT SERVICE STATE: SRV11VIBE_cass.cl;Puerto HTTP;OK;HARD;1;TCP OK - 0.001 second response time on 10.0.2.13 port 80
[1687060800] CURRENT SERVICE STATE: SRV11VIBE_cass.cl;Puerto HTTPS;OK;HARD;1;TCP OK - 0.000 second response time on 10.0.2.13 port 443
[1687060800] CURRENT SERVICE STATE: SRV11VIBE_cass.cl;Servicio Vibe;OK;HARD;1;OK: Service vibe is running!
[1687060800] CURRENT SERVICE STATE: SRV11VIBE_cass.cl;Tiempo Activo;OK;HARD;1;Uptime OK: 57 day(s) 14 hour(s) 15 minute(s)
[1687060800] CURRENT SERVICE STATE: SRV11VIBE_cass.cl;Usuarios Login;OK;HARD;1;USERS OK - 2 users currently logged in
[1687060800] CURRENT SERVICE STATE: SRV12WEB_cass.cl;Ping;OK;HARD;1;PING OK - Packet loss = 0%, RTA = 1.13 ms
[1687060800] CURRENT SERVICE STATE: SRVAD1.cass.pmc;Ping;OK;HARD;1;PING OK - Packet loss = 0%, RTA = 1.71 ms
[1687060800] CURRENT SERVICE STATE: SRVAD2.cass.pmc;Ping;OK;HARD;1;PING OK - Packet loss = 0%, RTA = 1.37 ms
[1687060800] CURRENT SERVICE STATE: SRVADMIN.cass.pmc;Actualizacion;WARNING;HARD;3;updates installed, reboot required
[1687060800] CURRENT SERVICE STATE: SRVADMIN.cass.pmc;Almacenamiento;OK;HARD;1;c:\ - total: 299.66 Gb - used: 159.63 Gb (53%) - free 140.02 Gb (47%)
[1687060800] CURRENT SERVICE STATE: SRVADMIN.cass.pmc;CPU;OK;HARD;1;CPU Load 1% (5 min average)
[1687060800] CURRENT SERVICE STATE: SRVADMIN.cass.pmc;Memoria;OK;HARD;1;Memory usage: total:19749.62 MB - used: 15128.30 MB (77%) - free: 4621.32 MB (23%)
[1687060800] CURRENT SERVICE STATE: SRVADMIN.cass.pmc;Ping;OK;HARD;1;PING OK - Packet loss = 0%, RTA = 1.39 ms
[1687060800] CURRENT SERVICE STATE: SRVADMIN.cass.pmc;Tiempo Activo;OK;HARD;1;System Uptime - 32 day(s) 3 hour(s) 7 minute(s)
[1687060800] CURRENT SERVICE STATE: SRVCONT.cass.cl;Actualizacion;CRITICAL;HARD;3;Updates: 1 critical, 0 optional
[1687060800] CURRENT SERVICE STATE: SRVCONT.cass.cl;Almacenamiento;OK;HARD;1;c:\ - total: 299.33 Gb - used: 42.08 Gb (14%) - free 257.25 Gb (86%)
[1687060800] CURRENT SERVICE STATE: SRVCONT.cass.cl;CPU;OK;HARD;1;CPU Load 2% (5 min average)
[1687060800] CURRENT SERVICE STATE: SRVCONT.cass.cl;Memoria;OK;HARD;1;Memory usage: total:14143.13 MB - used: 2430.51 MB (17%) - free: 11712.62 MB (83%)
[1687060800] CURRENT SERVICE STATE: SRVCONT.cass.cl;Ping;OK;HARD;1;PING OK - Packet loss = 0%, RTA = 3.37 ms
[1687060800] CURRENT SERVICE STATE: SRVCONT.cass.cl;Tiempo Activo;OK;HARD;1;System Uptime - 2 day(s) 2 hour(s) 9 minute(s)
[1687060800] CURRENT SERVICE STATE: SRVDC1.cass.pmc;Ping;OK;HARD;1;PING OK - Packet loss = 0%, RTA = 1.45 ms
[1687060800] CURRENT SERVICE STATE: SRVDNS;Ping;OK;HARD;1;PING OK - Packet loss = 0%, RTA = 0.95 ms
[1687060800] CURRENT SERVICE STATE: SRVMFSD;Ping;OK;HARD;1;PING OK - Packet loss = 0%, RTA = 1.04 ms
[1687060800] CURRENT SERVICE STATE: SRV_Cfiler.cass.cl;Actualizacion;OK;HARD;1;Updates OK : no updates available
[1687060800] CURRENT SERVICE STATE: SRV_Cfiler.cass.cl;Almacenamiento /;OK;HARD;1;DISK OK - free space: / 2479461 MB (73% inode=-):
[1687060800] CURRENT SERVICE STATE: SRV_Cfiler.cass.cl;CPU;OK;HARD;1;OK - load average: 0.07, 0.11, 0.10
[1687060800] CURRENT SERVICE STATE: SRV_Cfiler.cass.cl;Http;OK;HARD;1;TCP OK - 0.000 second response time on port 80
[1687060800] CURRENT SERVICE STATE: SRV_Cfiler.cass.cl;Https;OK;HARD;1;TCP OK - 0.000 second response time on port 443
[1687060800] CURRENT SERVICE STATE: SRV_Cfiler.cass.cl;Memoria;OK;HARD;1;[MEMORY] Total: 3893 MB - Used: 1039 MB - 26% [SWAP] Total: 2047 MB - Used: 279 MB - 13%
[1687060800] CURRENT SERVICE STATE: SRV_Cfiler.cass.cl;Procesos;OK;HARD;1;PROCS OK: 301 processes
[1687060800] CURRENT SERVICE STATE: SRV_Cfiler.cass.cl;Procesos Zombies;OK;HARD;1;PROCS OK: 0 processes with STATE = Z
[1687060800] CURRENT SERVICE STATE: SRV_Cfiler.cass.cl;Procs Apache;OK;HARD;1;PROCS OK: 11 processes with args 'apache2'
[1687060800] CURRENT SERVICE STATE: SRV_Cfiler.cass.cl;Serv Apache;OK;HARD;1;OK: Service apache is running!
[1687060800] CURRENT SERVICE STATE: SRV_Cfiler.cass.cl;Servicio General;OK;HARD;1;PING OK - Packet loss = 0%, RTA = 0.58 ms
[1687060800] CURRENT SERVICE STATE: SRV_Cfiler.cass.cl;Tiempo Activo;OK;HARD;1;Uptime OK: 60 day(s) 2 hour(s) 3 minute(s)
[1687060800] CURRENT SERVICE STATE: SRV_Cfiler.cass.cl;Usuarios Login;OK;HARD;1;USERS OK - 1 users currently logged in
[1687060800] CURRENT SERVICE STATE: SRV_Oraculo_cass.cl;Ping;OK;HARD;1;PING OK - Packet loss = 0%, RTA = 1.06 ms
[1687060800] CURRENT SERVICE STATE: SRV_SOS2021.cass.cl;Actualizacion;OK;HARD;1;Updates OK : no updates available
[1687060800] CURRENT SERVICE STATE: SRV_SOS2021.cass.cl;Almacenamiento /;OK;HARD;1;DISK OK - free space: /var/tmp 118462 MiB (91.25% inode=-):
[1687060800] CURRENT SERVICE STATE: SRV_SOS2021.cass.cl;CPU;OK;HARD;1;OK - load average per CPU: 0.02, 0.01, 0.01
[1687060800] CURRENT SERVICE STATE: SRV_SOS2021.cass.cl;Memoria;OK;HARD;1;[MEMORY] Total: 7946 MB - Used: 1457 MB - 18% [SWAP] Total: 10239 MB - Used: 0 MB - 0%
[1687060800] CURRENT SERVICE STATE: SRV_SOS2021.cass.cl;Ping;OK;HARD;1;PING OK - Packet loss = 0%, RTA = 0.61 ms
[1687060800] CURRENT SERVICE STATE: SRV_SOS2021.cass.cl;Procesos;OK;HARD;1;PROCS OK: 310 processes
[1687060800] CURRENT SERVICE STATE: SRV_SOS2021.cass.cl;Procesos Zombies;OK;HARD;1;PROCS OK: 0 processes with STATE = Z
[1687060800] CURRENT SERVICE STATE: SRV_SOS2021.cass.cl;Tiempo Activo;OK;HARD;1;Uptime OK: 87 day(s) 11 hour(s) 37 minute(s)
[1687060800] CURRENT SERVICE STATE: SRV_SOS2021.cass.cl;Usuarios Login;OK;HARD;1;USERS OK - 0 users currently logged in
[1687060800] CURRENT SERVICE STATE: SRV_SUM;Ping;OK;HARD;1;PING OK - Packet loss = 0%, RTA = 0.78 ms
[1687060800] CURRENT SERVICE STATE: SRV_chat.cass.cl;Actualizacion;OK;HARD;1;Updates OK : no updates available
[1687060800] CURRENT SERVICE STATE: SRV_chat.cass.cl;Almacenamiento /;OK;HARD;1;DISK OK - free space: /var/tmp 974656 MiB (93.28% inode=-):
[1687060800] CURRENT SERVICE STATE: SRV_chat.cass.cl;CPU;OK;HARD;1;OK - load average per CPU: 0.13, 0.14, 0.10
[1687060800] CURRENT SERVICE STATE: SRV_chat.cass.cl;Memoria;OK;HARD;1;[MEMORY] Total: 7919 MB - Used: 2858 MB - 36% [SWAP] Total: 2048 MB - Used: 425 MB - 20%
[1687060800] CURRENT SERVICE STATE: SRV_chat.cass.cl;Ping;OK;HARD;1;PING OK - Packet loss = 0%, RTA = 0.58 ms
[1687060800] CURRENT SERVICE STATE: SRV_chat.cass.cl;Proceso Docker;OK;HARD;1;PROCS OK: 0 processes with command name 'docker'
[1687060800] CURRENT SERVICE STATE: SRV_chat.cass.cl;Proceso Nginx;OK;HARD;1;PROCS OK: 3 processes with command name 'nginx'
[1687060800] CURRENT SERVICE STATE: SRV_chat.cass.cl;Procesos;OK;HARD;1;PROCS OK: 293 processes
[1687060800] CURRENT SERVICE STATE: SRV_chat.cass.cl;Procesos Zombies;OK;HARD;1;PROCS OK: 0 processes with STATE = Z
[1687060800] CURRENT SERVICE STATE: SRV_chat.cass.cl;Puerto Contenedor;OK;HARD;1;TCP OK - 0.001 second response time on port 8000
[1687060800] CURRENT SERVICE STATE: SRV_chat.cass.cl;Puerto HTTP;OK;HARD;1;TCP OK - 0.000 second response time on port 80
[1687060800] CURRENT SERVICE STATE: SRV_chat.cass.cl;Puerto HTTPS;OK;HARD;1;TCP OK - 0.000 second response time on port 443
[1687060800] CURRENT SERVICE STATE: SRV_chat.cass.cl;Puerto Portainer;OK;HARD;1;TCP OK - 0.000 second response time on port 9443
[1687060800] CURRENT SERVICE STATE: SRV_chat.cass.cl;Servicio Docker;OK;HARD;1;OK: Service docker is running!
[1687060800] CURRENT SERVICE STATE: SRV_chat.cass.cl;Servicio Nginx;OK;HARD;1;OK: Service nginx is running!
[1687060800] CURRENT SERVICE STATE: SRV_chat.cass.cl;Usuarios Login;OK;HARD;1;USERS OK - 2 users currently logged in
[1687060800] CURRENT SERVICE STATE: SRV_email.cass.cl;Actualizacion;OK;HARD;1;Updates OK : no updates available
[1687060800] CURRENT SERVICE STATE: SRV_email.cass.cl;Almacenamiento /;OK;HARD;1;DISK OK - free space: /var/tmp 476343 MiB (94.02% inode=-):
[1687060800] CURRENT SERVICE STATE: SRV_email.cass.cl;Almacenamiento Mail;OK;HARD;1;DISK OK - free space: /mail 1815082 MiB (92.68% inode=99%):
[1687060800] CURRENT SERVICE STATE: SRV_email.cass.cl;Almacenamiento Mail2;OK;HARD;1;DISK OK - free space: /mail2 476322 MiB (99.80% inode=100%):
[1687060800] CURRENT SERVICE STATE: SRV_email.cass.cl;CPU;OK;HARD;1;OK - load average per CPU: 0.01, 0.01, 0.01
[1687060800] CURRENT SERVICE STATE: SRV_email.cass.cl;Correo Pop;OK;HARD;1;POP OK - 0.001 second response time on 10.0.2.25 port 110 [+OK GroupWise POP3 server ready]
[1687060800] CURRENT SERVICE STATE: SRV_email.cass.cl;Correo Smtp;OK;HARD;1;SMTP OK - 0.032 sec. response time
[1687060800] CURRENT SERVICE STATE: SRV_email.cass.cl;Memoria;OK;HARD;1;[MEMORY] Total: 11939 MB - Used: 2448 MB - 20% [SWAP] Total: 2048 MB - Used: 172 MB - 8%
[1687060800] CURRENT SERVICE STATE: SRV_email.cass.cl;Ping;OK;HARD;1;PING OK - Packet loss = 0%, RTA = 0.67 ms
[1687060800] CURRENT SERVICE STATE: SRV_email.cass.cl;Procesos;OK;HARD;1;PROCS OK: 297 processes
[1687060800] CURRENT SERVICE STATE: SRV_email.cass.cl;Procesos Zombies;OK;HARD;1;PROCS OK: 0 processes with STATE = Z
[1687060800] CURRENT SERVICE STATE: SRV_email.cass.cl;Tiempo Activo;OK;HARD;1;Uptime OK: 72 day(s) 10 hour(s) 47 minute(s)
[1687060800] CURRENT SERVICE STATE: SRV_email.cass.cl;Usuarios Login;OK;HARD;1;USERS OK - 0 users currently logged in
[1687060800] CURRENT SERVICE STATE: SRV_nagios;Actualizacion;OK;HARD;1;YUM OK: 0 Updates Available
[1687060800] CURRENT SERVICE STATE: SRV_nagios;CPU;OK;HARD;1;OK - load average: 0.04, 0.08, 0.05
[1687060800] CURRENT SERVICE STATE: SRV_nagios;Memoria;OK;HARD;1;[MEMORY] Total: 7740 MB - Used: 655 MB - 8% [SWAP] Total: 7935 MB - Used: 0 MB - 0%
[1687060800] CURRENT SERVICE STATE: SRV_nagios;PING;OK;HARD;1;PING OK - Packet loss = 0%, RTA = 0.09 ms
[1687060800] CURRENT SERVICE STATE: SRV_nagios;Procesos;OK;HARD;1;PROCS OK: 61 processes with STATE = RSZDT
[1687060800] CURRENT SERVICE STATE: SRV_nagios;Usarios Login;OK;HARD;1;USERS OK - 0 users currently logged in
[1687060800] CURRENT SERVICE STATE: SRV_sync.cass.cl;Ping;OK;HARD;1;PING OK - Packet loss = 0%, RTA = 0.92 ms
[1687060800] CURRENT SERVICE STATE: Servidor Vcenter;Ping;OK;HARD;1;PING OK - Packet loss = 0%, RTA = 0.58 ms
[1687060800] CURRENT SERVICE STATE: Servidores CASS;Ancho de Banda GE/1/0/3;OK;HARD;1;OK - Average IN: 5.93KB (0.00%), Average OUT: 6.71KB (0.01%)Total RX: 22132.72GBytes, Total TX: 54044.16GBytes
[1687060800] CURRENT SERVICE STATE: Servidores CASS;Estado Puerto 3;OK;HARD;1;OK: Interface GigabitEthernet1/0/3 (index 3) is up.
[1687060800] CURRENT SERVICE STATE: Servidores CASS;Estado Puerto 80;OK;HARD;1;TCP OK - 0.002 second response time on 10.0.0.17 port 80
[1687060800] CURRENT SERVICE STATE: Servidores CASS;Ping;OK;HARD;1;PING OK - Packet loss = 0%, RTA = 1.21 ms
[1687060800] CURRENT SERVICE STATE: Servidores CASS;Tiempo Activo;OK;HARD;1;SNMP OK - Timeticks: (755963938) 87 days, 11:53:59.38
[1687060800] CURRENT SERVICE STATE: Ups Principal;Carga;OK;HARD;1;OK: Estimated battery charge 100%, approximately 0 minutes runtime remaining.
[1687060800] CURRENT SERVICE STATE: Ups Principal;Estado;OK;HARD;1;OK: Battery Status Normal.
[1687060800] CURRENT SERVICE STATE: Ups Principal;Ping;OK;HARD;1;PING OK - Packet loss = 0%, RTA = 0.82 ms
[1687060800] CURRENT SERVICE STATE: Ups Principal;Temperatura;OK;HARD;1;OK: Battery Temperature is 20 degrees C (68.0 degrees F).
[1687060800] CURRENT SERVICE STATE: Ups Principal;Tiempo Activo;OK;HARD;1;SNMP OK - Timeticks: (392926135) 45 days, 11:27:41.35
[1687060800] CURRENT SERVICE STATE: Veeam2023.cass.pmc;Actualizacion;CRITICAL;HARD;3;Updates: 4 critical, 0 optional
[1687060800] CURRENT SERVICE STATE: Veeam2023.cass.pmc;Almacenamiento;OK;HARD;1;c:\ - total: 99.33 Gb - used: 86.16 Gb (87%) - free 13.17 Gb (13%)
[1687060800] CURRENT SERVICE STATE: Veeam2023.cass.pmc;CPU;OK;HARD;1;CPU Load 11% (5 min average)
[1687060800] CURRENT SERVICE STATE: Veeam2023.cass.pmc;Memoria;OK;HARD;1;Memory usage: total:18881.85 MB - used: 13798.76 MB (73%) - free: 5083.09 MB (27%)
[1687060800] CURRENT SERVICE STATE: Veeam2023.cass.pmc;Ping;OK;HARD;1;PING OK - Packet loss = 0%, RTA = 1.57 ms
[1687060800] CURRENT SERVICE STATE: Veeam2023.cass.pmc;Tiempo Activo;OK;HARD;1;System Uptime - 11 day(s) 12 hour(s) 52 minute(s)
[1687060800] CURRENT SERVICE STATE: web_cass_cl;Certificado;OK;HARD;1;SSL OK - Certificate '*.cass.cl' will expire in 191 days on 2023-12-26 20:59 -0300/-03.
[1687060800] CURRENT SERVICE STATE: web_cass_cl;HTTP;OK;HARD;1;HTTP OK: HTTP/1.1 302 Found - 1069 bytes in 0.216 second response time
[1687063831] Auto-save of retention data completed successfully.
[1687064401] SERVICE ALERT: SRV_Cfiler.cass.cl;Procesos;CRITICAL;SOFT;1;(No output on stdout) stderr: connect to address 10.0.0.20 port 5666: Connection refused
[1687064521] SERVICE ALERT: SRV_Cfiler.cass.cl;Procesos;OK;SOFT;2;PROCS OK: 303 processes
[1687067431] Auto-save of retention data completed successfully.
[1687068002] SERVICE ALERT: SRV11VIBE_cass.cl;Memoria;CRITICAL;SOFT;1;(No output on stdout) stderr: connect to address 10.0.2.13 port 5666: Connection refused
[1687068122] SERVICE ALERT: SRV11VIBE_cass.cl;Memoria;OK;SOFT;2;[MEMORY] Total: 7693 MB - Used: 2900 MB - 37% [SWAP] Total: 7944 MB - Used: 4 MB - 0%
[1687069802] SERVICE ALERT: SRV_chat.cass.cl;Puerto HTTP;CRITICAL;SOFT;1;(No output on stdout) stderr: connect to address 10.0.0.92 port 5666: Connection refused
[1687069802] SERVICE ALERT: SRV_chat.cass.cl;Servicio Nginx;CRITICAL;SOFT;1;(No output on stdout) stderr: connect to address 10.0.0.92 port 5666: Connection refused
[1687069922] SERVICE ALERT: SRV_chat.cass.cl;Puerto HTTP;OK;SOFT;2;TCP OK - 0.000 second response time on port 80
[1687069922] SERVICE ALERT: SRV_chat.cass.cl;Servicio Nginx;OK;SOFT;2;OK: Service nginx is running!
[1687070401] SERVICE ALERT: SRV_Cfiler.cass.cl;Procesos;UNKNOWN;SOFT;1;CHECK_NRPE: Receive header underflow - only 0 bytes received (4 expected).
[1687070521] SERVICE ALERT: SRV_Cfiler.cass.cl;Procesos;OK;SOFT;2;PROCS OK: 303 processes
[1687071031] Auto-save of retention data completed successfully.
[1687071621] SERVICE ALERT: FW Gore Los Lagos;Ping;CRITICAL;SOFT;1;CRITICAL - Time to live exceeded (190.121.2.51)
[1687071621] HOST ALERT: FW Gore Los Lagos;DOWN;SOFT;1;CRITICAL - Time to live exceeded (190.121.2.51)
[1687071669] HOST ALERT: Gore Los Lagos;DOWN;SOFT;1;CRITICAL - Time to live exceeded (190.121.2.50)
[1687071669] HOST ALERT: FW Gore Los Lagos;UNREACHABLE;SOFT;2;CRITICAL - Time to live exceeded (190.121.2.51)
[1687071671] SERVICE ALERT: Gore Los Lagos;Ping;CRITICAL;HARD;1;CRITICAL - Time to live exceeded (190.121.2.50)
[1687071733] HOST ALERT: Gore Los Lagos;UP;SOFT;1;PING OK - Packet loss = 0%, RTA = 1.29 ms
[1687071733] HOST ALERT: FW Gore Los Lagos;UP;SOFT;1;PING OK - Packet loss = 0%, RTA = 1.19 ms
[1687071735] SERVICE ALERT: Gore Los Lagos;Ping;OK;HARD;1;PING OK - Packet loss = 0%, RTA = 1.28 ms
[1687071745] SERVICE ALERT: FW Gore Los Lagos;Ping;OK;SOFT;2;PING OK - Packet loss = 0%, RTA = 1.31 ms
[1687073401] SERVICE ALERT: SRV_chat.cass.cl;Proceso Nginx;UNKNOWN;SOFT;1;CHECK_NRPE: Receive header underflow - only 0 bytes received (4 expected).
[1687073521] SERVICE ALERT: SRV_chat.cass.cl;Proceso Nginx;OK;SOFT;2;PROCS OK: 3 processes with command name 'nginx'
[1687074631] Auto-save of retention data completed successfully.
[1687078231] Auto-save of retention data completed successfully.
[1687081831] Auto-save of retention data completed successfully.
[1687085401] SERVICE ALERT: SRV_Cfiler.cass.cl;Procesos;UNKNOWN;SOFT;1;CHECK_NRPE: Receive header underflow - only 0 bytes received (4 expected).
[1687085402] SERVICE ALERT: SRV_email.cass.cl;Almacenamiento Mail;CRITICAL;SOFT;1;(No output on stdout) stderr: connect to address 10.0.2.25 port 5666: Connection refused
[1687085431] Auto-save of retention data completed successfully.
[1687085522] SERVICE ALERT: SRV_Cfiler.cass.cl;Procesos;OK;SOFT;2;PROCS OK: 304 processes
[1687085522] SERVICE ALERT: SRV_email.cass.cl;Almacenamiento Mail;OK;SOFT;2;DISK OK - free space: /mail 1815070 MiB (92.68% inode=99%):
[1687089001] SERVICE ALERT: SRV_chat.cass.cl;Proceso Nginx;CRITICAL;SOFT;1;(No output on stdout) stderr: connect to address 10.0.0.92 port 5666: Connection refused
[1687089031] Auto-save of retention data completed successfully.
[1687089122] SERVICE ALERT: SRV_chat.cass.cl;Proceso Nginx;OK;SOFT;2;PROCS OK: 3 processes with command name 'nginx'
[1687092631] Auto-save of retention data completed successfully.
[1687096231] Auto-save of retention data completed successfully.
[1687099831] Auto-save of retention data completed successfully.
[1687103431] Auto-save of retention data completed successfully.
[1687104038] SERVICE ALERT: SRV_Cfiler.cass.cl;Actualizacion;CRITICAL;SOFT;1;CHECK_NRPE STATE CRITICAL: Socket timeout after 30 seconds.
[1687104039] SERVICE ALERT: SRV_SOS2021.cass.cl;Actualizacion;CRITICAL;SOFT;1;CHECK_NRPE STATE CRITICAL: Socket timeout after 30 seconds.
[1687104042] SERVICE ALERT: SRV_email.cass.cl;Actualizacion;CRITICAL;SOFT;1;CHECK_NRPE STATE CRITICAL: Socket timeout after 30 seconds.
[1687104043] SERVICE ALERT: SRV_chat.cass.cl;Actualizacion;CRITICAL;SOFT;1;CHECK_NRPE STATE CRITICAL: Socket timeout after 30 seconds.
[1687104170] SERVICE ALERT: SRV_Cfiler.cass.cl;Actualizacion;OK;SOFT;2;Updates OK : no updates available
[1687104170] SERVICE ALERT: SRV_SOS2021.cass.cl;Actualizacion;OK;SOFT;2;Updates OK : no updates available
[1687104174] SERVICE ALERT: SRV_email.cass.cl;Actualizacion;OK;SOFT;2;Updates OK : no updates available
[1687104176] SERVICE ALERT: SRV_chat.cass.cl;Actualizacion;OK;SOFT;2;Updates OK : no updates available
[1687104601] SERVICE ALERT: SRV_SOS2021.cass.cl;Actualizacion;UNKNOWN;SOFT;1;CHECK_NRPE: Receive header underflow - only 0 bytes received (4 expected).
[1687104601] SERVICE ALERT: SRV_Cfiler.cass.cl;Actualizacion;UNKNOWN;SOFT;1;CHECK_NRPE: Receive header underflow - only 0 bytes received (4 expected).
[1687104602] SERVICE ALERT: SRV_email.cass.cl;Actualizacion;UNKNOWN;SOFT;1;CHECK_NRPE: Receive header underflow - only 0 bytes received (4 expected).
[1687104602] SERVICE ALERT: SRV_chat.cass.cl;Actualizacion;UNKNOWN;SOFT;1;CHECK_NRPE: Receive header underflow - only 0 bytes received (4 expected).
[1687104749] SERVICE ALERT: SRV_SOS2021.cass.cl;Actualizacion;OK;SOFT;2;Updates OK : no updates available
[1687104750] SERVICE ALERT: SRV_chat.cass.cl;Actualizacion;OK;SOFT;2;Updates OK : no updates available
[1687104750] SERVICE ALERT: SRV_Cfiler.cass.cl;Actualizacion;OK;SOFT;2;Updates OK : no updates available
[1687104750] SERVICE ALERT: SRV_email.cass.cl;Actualizacion;OK;SOFT;2;Updates OK : no updates available
[1687107031] Auto-save of retention data completed successfully.
[1687108802] SERVICE ALERT: SRV_Cfiler.cass.cl;Procesos;UNKNOWN;SOFT;1;CHECK_NRPE: Receive header underflow - only 0 bytes received (4 expected).
[1687108922] SERVICE ALERT: SRV_Cfiler.cass.cl;Procesos;OK;SOFT;2;PROCS OK: 302 processes
[1687110631] Auto-save of retention data completed successfully.
[1687111202] SERVICE ALERT: SRV_email.cass.cl;Almacenamiento Mail;CRITICAL;SOFT;1;CHECK_NRPE: Error - Could not connect to 10.0.2.25. Check system logs on 10.0.2.25
[1687111322] SERVICE ALERT: SRV_email.cass.cl;Almacenamiento Mail;OK;SOFT;2;DISK OK - free space: /mail 1815063 MiB (92.68% inode=99%):
[1687114231] Auto-save of retention data completed successfully.
[1687117802] SERVICE ALERT: SRV_email.cass.cl;Almacenamiento Mail;CRITICAL;SOFT;1;(No output on stdout) stderr: connect to address 10.0.2.25 port 5666: Connection refused
[1687117831] Auto-save of retention data completed successfully.
[1687117922] SERVICE ALERT: SRV_email.cass.cl;Almacenamiento Mail;OK;SOFT;2;DISK OK - free space: /mail 1815062 MiB (92.68% inode=99%):
[1687121431] Auto-save of retention data completed successfully.
[1687122002] SERVICE ALERT: SRV11VIBE_cass.cl;Memoria;CRITICAL;SOFT;1;(No output on stdout) stderr: connect to address 10.0.2.13 port 5666: Connection refused
[1687122122] SERVICE ALERT: SRV11VIBE_cass.cl;Memoria;OK;SOFT;2;[MEMORY] Total: 7693 MB - Used: 2904 MB - 37% [SWAP] Total: 7944 MB - Used: 4 MB - 0%
[1687125031] Auto-save of retention data completed successfully.
[1687127402] SERVICE ALERT: SRV11VIBE_cass.cl;Memoria;CRITICAL;SOFT;1;(No output on stdout) stderr: connect to address 10.0.2.13 port 5666: Connection refused
[1687127522] SERVICE ALERT: SRV11VIBE_cass.cl;Memoria;OK;SOFT;2;[MEMORY] Total: 7693 MB - Used: 2905 MB - 37% [SWAP] Total: 7944 MB - Used: 4 MB - 0%
[1687128631] Auto-save of retention data completed successfully.
[1687132231] Auto-save of retention data completed successfully.
[1687134602] SERVICE ALERT: SRV11VIBE_cass.cl;Memoria;CRITICAL;SOFT;1;(No output on stdout) stderr: connect to address 10.0.2.13 port 5666: Connection refused
[1687134722] SERVICE ALERT: SRV11VIBE_cass.cl;Memoria;OK;SOFT;2;[MEMORY] Total: 7693 MB - Used: 2910 MB - 37% [SWAP] Total: 7944 MB - Used: 4 MB - 0%
[1687135831] Auto-save of retention data completed successfully.
[1687138083] SERVICE NOTIFICATION: nagiosadmin;SRVADMIN.cass.pmc;Actualizacion;UNKNOWN;notify-service-by-email;The command (check_updates) returned an invalid return code: 255
[1687138083] SERVICE NOTIFICATION: soporteti;SRVADMIN.cass.pmc;Actualizacion;UNKNOWN;notify-service-by-telegram;The command (check_updates) returned an invalid return code: 255
[1687138083] SERVICE NOTIFICATION: soporteti;SRVADMIN.cass.pmc;Actualizacion;UNKNOWN;notify-service-by-email;The command (check_updates) returned an invalid return code: 255
[1687138083] SERVICE NOTIFICATION: carlosstange;SRVADMIN.cass.pmc;Actualizacion;UNKNOWN;notify-service-by-telegram;The command (check_updates) returned an invalid return code: 255
[1687138083] SERVICE NOTIFICATION: carlosstange;SRVADMIN.cass.pmc;Actualizacion;UNKNOWN;notify-service-by-email;The command (check_updates) returned an invalid return code: 255
[1687138083] SERVICE ALERT: SRVADMIN.cass.pmc;Actualizacion;UNKNOWN;HARD;3;The command (check_updates) returned an invalid return code: 255
[1687138144] SERVICE NOTIFICATION: nagiosadmin;SRVADMIN.cass.pmc;Actualizacion;WARNING;notify-service-by-email;updates installed, reboot required
[1687138144] SERVICE NOTIFICATION: andresnavarro;SRVADMIN.cass.pmc;Actualizacion;WARNING;notify-service-by-email;updates installed, reboot required
[1687138144] SERVICE NOTIFICATION: soporteti;SRVADMIN.cass.pmc;Actualizacion;WARNING;notify-service-by-telegram;updates installed, reboot required
[1687138144] SERVICE NOTIFICATION: soporteti;SRVADMIN.cass.pmc;Actualizacion;WARNING;notify-service-by-email;updates installed, reboot required
[1687138144] SERVICE NOTIFICATION: carlosstange;SRVADMIN.cass.pmc;Actualizacion;WARNING;notify-service-by-telegram;updates installed, reboot required
[1687138144] SERVICE NOTIFICATION: carlosstange;SRVADMIN.cass.pmc;Actualizacion;WARNING;notify-service-by-email;updates installed, reboot required
[1687138144] SERVICE ALERT: SRVADMIN.cass.pmc;Actualizacion;WARNING;HARD;3;updates installed, reboot required
[1687139431] Auto-save of retention data completed successfully.
[1687141802] SERVICE ALERT: SRV11VIBE_cass.cl;Memoria;UNKNOWN;SOFT;1;CHECK_NRPE: Receive header underflow - only 0 bytes received (4 expected).
[1687141922] SERVICE ALERT: SRV11VIBE_cass.cl;Memoria;OK;SOFT;2;[MEMORY] Total: 7693 MB - Used: 2910 MB - 37% [SWAP] Total: 7944 MB - Used: 4 MB - 0%
[1687143031] Auto-save of retention data completed successfully.
[1687143898] SERVICE NOTIFICATION: nagiosadmin;SRV01USER_cass.cl;Actualizacion;UNKNOWN;notify-service-by-email;CHECK_NRPE: Receive header underflow - only 0 bytes received (4 expected).
[1687143898] SERVICE NOTIFICATION: soporteti;SRV01USER_cass.cl;Actualizacion;UNKNOWN;notify-service-by-telegram;CHECK_NRPE: Receive header underflow - only 0 bytes received (4 expected).
[1687143898] SERVICE NOTIFICATION: soporteti;SRV01USER_cass.cl;Actualizacion;UNKNOWN;notify-service-by-email;CHECK_NRPE: Receive header underflow - only 0 bytes received (4 expected).
[1687143898] SERVICE NOTIFICATION: carlosstange;SRV01USER_cass.cl;Actualizacion;UNKNOWN;notify-service-by-telegram;CHECK_NRPE: Receive header underflow - only 0 bytes received (4 expected).
[1687143898] SERVICE NOTIFICATION: carlosstange;SRV01USER_cass.cl;Actualizacion;UNKNOWN;notify-service-by-email;CHECK_NRPE: Receive header underflow - only 0 bytes received (4 expected).
[1687143898] SERVICE ALERT: SRV01USER_cass.cl;Actualizacion;UNKNOWN;HARD;3;CHECK_NRPE: Receive header underflow - only 0 bytes received (4 expected).
[1687144049] SERVICE NOTIFICATION: nagiosadmin;SRV01USER_cass.cl;Actualizacion;CRITICAL;notify-service-by-email;CHECK_NRPE STATE CRITICAL: Socket timeout after 30 seconds.
[1687144049] SERVICE NOTIFICATION: andresnavarro;SRV01USER_cass.cl;Actualizacion;CRITICAL;notify-service-by-email;CHECK_NRPE STATE CRITICAL: Socket timeout after 30 seconds.
[1687144049] SERVICE NOTIFICATION: soporteti;SRV01USER_cass.cl;Actualizacion;CRITICAL;notify-service-by-telegram;CHECK_NRPE STATE CRITICAL: Socket timeout after 30 seconds.
[1687144049] SERVICE NOTIFICATION: soporteti;SRV01USER_cass.cl;Actualizacion;CRITICAL;notify-service-by-email;CHECK_NRPE STATE CRITICAL: Socket timeout after 30 seconds.
[1687144049] SERVICE NOTIFICATION: carlosstange;SRV01USER_cass.cl;Actualizacion;CRITICAL;notify-service-by-telegram;CHECK_NRPE STATE CRITICAL: Socket timeout after 30 seconds.
[1687144049] SERVICE NOTIFICATION: carlosstange;SRV01USER_cass.cl;Actualizacion;CRITICAL;notify-service-by-email;CHECK_NRPE STATE CRITICAL: Socket timeout after 30 seconds.
[1687144049] SERVICE ALERT: SRV01USER_cass.cl;Actualizacion;CRITICAL;HARD;3;CHECK_NRPE STATE CRITICAL: Socket timeout after 30 seconds.
[1687144139] SERVICE NOTIFICATION: nagiosadmin;SRV01USER_cass.cl;Actualizacion;UNKNOWN;notify-service-by-email;CHECK_NRPE: Receive header underflow - only 0 bytes received (4 expected).
[1687144139] SERVICE NOTIFICATION: soporteti;SRV01USER_cass.cl;Actualizacion;UNKNOWN;notify-service-by-telegram;CHECK_NRPE: Receive header underflow - only 0 bytes received (4 expected).
[1687144139] SERVICE NOTIFICATION: soporteti;SRV01USER_cass.cl;Actualizacion;UNKNOWN;notify-service-by-email;CHECK_NRPE: Receive header underflow - only 0 bytes received (4 expected).
[1687144139] SERVICE NOTIFICATION: carlosstange;SRV01USER_cass.cl;Actualizacion;UNKNOWN;notify-service-by-telegram;CHECK_NRPE: Receive header underflow - only 0 bytes received (4 expected).
[1687144139] SERVICE NOTIFICATION: carlosstange;SRV01USER_cass.cl;Actualizacion;UNKNOWN;notify-service-by-email;CHECK_NRPE: Receive header underflow - only 0 bytes received (4 expected).
[1687144139] SERVICE ALERT: SRV01USER_cass.cl;Actualizacion;UNKNOWN;HARD;3;CHECK_NRPE: Receive header underflow - only 0 bytes received (4 expected).
[1687144289] SERVICE FLAPPING ALERT: SRV01USER_cass.cl;Actualizacion;STARTED; Service appears to have started flapping (23.7% change >= 20.0% threshold)
[1687144289] SERVICE ALERT: SRV01USER_cass.cl;Actualizacion;CRITICAL;HARD;3;CHECK_NRPE STATE CRITICAL: Socket timeout after 30 seconds.
[1687145371] SERVICE FLAPPING ALERT: SRV01USER_cass.cl;Actualizacion;STOPPED; Service appears to have stopped flapping (3.9% change < 5.0% threshold)
[1687145371] SERVICE NOTIFICATION: nagiosadmin;SRV01USER_cass.cl;Actualizacion;CRITICAL;notify-service-by-email;Updates: 1 critical, 0 optional
[1687145371] SERVICE NOTIFICATION: andresnavarro;SRV01USER_cass.cl;Actualizacion;CRITICAL;notify-service-by-email;Updates: 1 critical, 0 optional
[1687145371] SERVICE NOTIFICATION: soporteti;SRV01USER_cass.cl;Actualizacion;CRITICAL;notify-service-by-telegram;Updates: 1 critical, 0 optional
[1687145371] SERVICE NOTIFICATION: soporteti;SRV01USER_cass.cl;Actualizacion;CRITICAL;notify-service-by-email;Updates: 1 critical, 0 optional
[1687145371] SERVICE NOTIFICATION: carlosstange;SRV01USER_cass.cl;Actualizacion;CRITICAL;notify-service-by-telegram;Updates: 1 critical, 0 optional
[1687145371] SERVICE NOTIFICATION: carlosstange;SRV01USER_cass.cl;Actualizacion;CRITICAL;notify-service-by-email;Updates: 1 critical, 0 optional
[1687146631] Auto-save of retention data completed successfully.
