[1713067200] LOG ROTATION: DAILY
[1713067200] LOG VERSION: 2.0
[1713067200] CURRENT HOST STATE: ADL Diagnostic;UP;HARD;1;PING OK - Packet loss = 0%, RTA = 36.35 ms
[1713067200] CURRENT HOST STATE: Blueshell;UP;HARD;1;PING OK - Packet loss = 0%, RTA = 3.30 ms
[1713067200] CURRENT HOST STATE: Cass Entel;UP;HARD;1;PING OK - Packet loss = 0%, RTA = 0.69 ms
[1713067200] CURRENT HOST STATE: Cass Telsur;UP;HARD;1;PING OK - Packet loss = 0%, RTA = 1.31 ms
[1713067200] CURRENT HOST STATE: Clinica PV Movistar;UP;HARD;1;PING OK - Packet loss = 0%, RTA = 31.77 ms
[1713067200] CURRENT HOST STATE: Clinica PV Telsur;UP;HARD;1;PING OK - Packet loss = 0%, RTA = 1.48 ms
[1713067200] CURRENT HOST STATE: Confe;UP;HARD;1;PING OK - Packet loss = 0%, RTA = 39.22 ms
[1713067200] CURRENT HOST STATE: Electric Works;UP;HARD;1;PING OK - Packet loss = 0%, RTA = 32.03 ms
[1713067200] CURRENT HOST STATE: Exper03.exxperience.cl;UP;HARD;1;PING OK - Packet loss = 0%, RTA = 2.16 ms
[1713067200] CURRENT HOST STATE: Ext Entel;UP;HARD;1;PING OK - Packet loss = 0%, RTA = 0.55 ms
[1713067200] CURRENT HOST STATE: Ext Telsur;UP;HARD;1;PING OK - Packet loss = 0%, RTA = 1.21 ms
[1713067200] CURRENT HOST STATE: FW ADL Diagnostic;UP;HARD;1;PING OK - Packet loss = 0%, RTA = 34.66 ms
[1713067200] CURRENT HOST STATE: FW Blueshell;UP;HARD;1;PING OK - Packet loss = 0%, RTA = 3.13 ms
[1713067200] CURRENT HOST STATE: FW Cass Entel;UP;HARD;1;PING OK - Packet loss = 0%, RTA = 34.73 ms
[1713067200] CURRENT HOST STATE: FW Cass Telsur;UP;HARD;1;PING OK - Packet loss = 0%, RTA = 0.67 ms
[1713067200] CURRENT HOST STATE: FW Clinica PV Movistar;UP;HARD;1;PING OK - Packet loss = 0%, RTA = 34.05 ms
[1713067200] CURRENT HOST STATE: FW Clinica PV Telsur;UP;HARD;1;PING OK - Packet loss = 0%, RTA = 1.10 ms
[1713067200] CURRENT HOST STATE: FW Confe;UP;HARD;1;PING OK - Packet loss = 0%, RTA = 39.33 ms
[1713067200] CURRENT HOST STATE: FW Electric Works;UP;HARD;1;PING OK - Packet loss = 0%, RTA = 34.48 ms
[1713067200] CURRENT HOST STATE: FW Gore Los Lagos;UP;HARD;1;PING OK - Packet loss = 0%, RTA = 0.96 ms
[1713067200] CURRENT HOST STATE: FW OyC;UP;HARD;1;PING OK - Packet loss = 0%, RTA = 45.38 ms
[1713067200] CURRENT HOST STATE: FW Pasmar;UP;HARD;1;PING OK - Packet loss = 0%, RTA = 1.03 ms
[1713067200] CURRENT HOST STATE: Gore Los Lagos;UP;HARD;1;PING OK - Packet loss = 0%, RTA = 0.94 ms
[1713067200] CURRENT HOST STATE: Host-10.0.0.120;UP;HARD;1;PING OK - Packet loss = 0%, RTA = 0.46 ms
[1713067200] CURRENT HOST STATE: Host-10.0.0.121;UP;HARD;1;PING OK - Packet loss = 0%, RTA = 0.44 ms
[1713067200] CURRENT HOST STATE: Host-10.0.0.124;UP;HARD;1;PING OK - Packet loss = 0%, RTA = 0.70 ms
[1713067200] CURRENT HOST STATE: Internet;UP;HARD;1;PING OK - Packet loss = 0%, RTA = 18.52 ms
[1713067200] CURRENT HOST STATE: OyC Entel;UP;HARD;1;PING OK - Packet loss = 0%, RTA = 38.10 ms
[1713067200] CURRENT HOST STATE: OyC Teledata;UP;HARD;1;PING OK - Packet loss = 0%, RTA = 47.78 ms
[1713067200] CURRENT HOST STATE: Pasmar;UP;HARD;1;PING OK - Packet loss = 0%, RTA = 1.07 ms
[1713067200] CURRENT HOST STATE: Qnap NAS;UP;HARD;1;PING OK - Packet loss = 0%, RTA = 0.31 ms
[1713067200] CURRENT HOST STATE: SRV01USER_cass.cl;UP;HARD;1;PING OK - Packet loss = 0%, RTA = 2.19 ms
[1713067200] CURRENT HOST STATE: SRV04AD01.cass.cl;UP;HARD;1;PING OK - Packet loss = 0%, RTA = 1.24 ms
[1713067200] CURRENT HOST STATE: SRV05AD02_cass.cl;UP;HARD;1;PING OK - Packet loss = 0%, RTA = 1.32 ms
[1713067200] CURRENT HOST STATE: SRV05AD2_cass.pmc;UP;HARD;1;PING OK - Packet loss = 0%, RTA = 1.50 ms
[1713067200] CURRENT HOST STATE: SRV11VIBE_cass.cl;UP;HARD;1;PING OK - Packet loss = 0%, RTA = 0.73 ms
[1713067200] CURRENT HOST STATE: SRVAD1.cass.pmc;UP;HARD;1;PING OK - Packet loss = 0%, RTA = 1.93 ms
[1713067200] CURRENT HOST STATE: SRVAD2.cass.pmc;UP;HARD;1;PING OK - Packet loss = 0%, RTA = 1.30 ms
[1713067200] CURRENT HOST STATE: SRVADMIN.cass.pmc;UP;HARD;1;PING OK - Packet loss = 0%, RTA = 1.71 ms
[1713067200] CURRENT HOST STATE: SRVCONT.cass.cl;UP;HARD;1;PING OK - Packet loss = 0%, RTA = 2.92 ms
[1713067200] CURRENT HOST STATE: SRVDC01_cass.pmc;UP;HARD;1;PING OK - Packet loss = 0%, RTA = 1.31 ms
[1713067200] CURRENT HOST STATE: SRVDC1.cass.pmc;UP;HARD;1;PING OK - Packet loss = 0%, RTA = 1.49 ms
[1713067200] CURRENT HOST STATE: SRVDNS;UP;HARD;1;PING OK - Packet loss = 0%, RTA = 1.02 ms
[1713067200] CURRENT HOST STATE: SRVWEB_cass.cl;UP;HARD;1;PING OK - Packet loss = 0%, RTA = 1.08 ms
[1713067200] CURRENT HOST STATE: SRV_Cfiler.cass.cl;UP;HARD;1;PING OK - Packet loss = 0%, RTA = 0.67 ms
[1713067200] CURRENT HOST STATE: SRV_GLPI;UP;HARD;1;PING OK - Packet loss = 0%, RTA = 0.73 ms
[1713067200] CURRENT HOST STATE: SRV_GXConsultores;UP;HARD;1;PING OK - Packet loss = 0%, RTA = 1.15 ms
[1713067200] CURRENT HOST STATE: SRV_Oraculo_cass.cl;UP;HARD;1;PING OK - Packet loss = 0%, RTA = 1.75 ms
[1713067200] CURRENT HOST STATE: SRV_Prometheus;UP;HARD;1;PING OK - Packet loss = 0%, RTA = 0.65 ms
[1713067200] CURRENT HOST STATE: SRV_SOS2021.cass.cl;UP;HARD;1;PING OK - Packet loss = 0%, RTA = 0.60 ms
[1713067200] CURRENT HOST STATE: SRV_SUM;UP;HARD;1;PING OK - Packet loss = 0%, RTA = 0.80 ms
[1713067200] CURRENT HOST STATE: SRV_Sharepoint;UP;HARD;1;PING OK - Packet loss = 0%, RTA = 1.24 ms
[1713067200] CURRENT HOST STATE: SRV_Soporte;UP;HARD;1;PING OK - Packet loss = 0%, RTA = 1.74 ms
[1713067200] CURRENT HOST STATE: SRV_VeeamOne;DOWN;HARD;10;CRITICAL - Host Unreachable (10.0.0.101)
[1713067200] CURRENT HOST STATE: SRV_chat.cass.cl;UP;HARD;1;PING OK - Packet loss = 0%, RTA = 0.55 ms
[1713067200] CURRENT HOST STATE: SRV_email.cass.cl;UP;HARD;1;PING OK - Packet loss = 0%, RTA = 0.92 ms
[1713067200] CURRENT HOST STATE: SRV_nagios;UP;HARD;1;PING OK - Packet loss = 0%, RTA = 0.09 ms
[1713067200] CURRENT HOST STATE: SRV_sync.cass.cl;UP;HARD;1;PING OK - Packet loss = 0%, RTA = 1.31 ms
[1713067200] CURRENT HOST STATE: Servidor Vcenter;UP;HARD;1;PING OK - Packet loss = 0%, RTA = 0.58 ms
[1713067200] CURRENT HOST STATE: Servidores CASS;UP;HARD;1;PING OK - Packet loss = 0%, RTA = 1.23 ms
[1713067200] CURRENT HOST STATE: Ups Principal;DOWN;HARD;10;CRITICAL - Host Unreachable (192.168.10.19)
[1713067200] CURRENT HOST STATE: Veeam2023.cass.pmc;UP;HARD;1;PING OK - Packet loss = 0%, RTA = 2.72 ms
[1713067200] CURRENT HOST STATE: web_cass_cl;UP;HARD;1;PING OK - Packet loss = 0%, RTA = 0.58 ms
[1713067200] CURRENT SERVICE STATE: ADL Diagnostic;Ping;OK;HARD;1;PING OK - Packet loss = 0%, RTA = 36.03 ms
[1713067200] CURRENT SERVICE STATE: Blueshell;Ping;OK;HARD;1;PING OK - Packet loss = 0%, RTA = 3.29 ms
[1713067200] CURRENT SERVICE STATE: Clinica PV Movistar;Ping;OK;HARD;1;PING OK - Packet loss = 0%, RTA = 31.72 ms
[1713067200] CURRENT SERVICE STATE: Confe;Ping;OK;HARD;1;PING OK - Packet loss = 0%, RTA = 59.51 ms
[1713067200] CURRENT SERVICE STATE: Electric Works;Ping;OK;HARD;1;PING OK - Packet loss = 0%, RTA = 31.82 ms
[1713067200] CURRENT SERVICE STATE: Ext Telsur;Ping;OK;HARD;1;PING OK - Packet loss = 0%, RTA = 1.27 ms
[1713067200] CURRENT SERVICE STATE: FW ADL Diagnostic;Ping;OK;HARD;1;PING OK - Packet loss = 0%, RTA = 34.90 ms
[1713067200] CURRENT SERVICE STATE: FW Blueshell;Ping;OK;HARD;1;PING OK - Packet loss = 0%, RTA = 2.87 ms
[1713067200] CURRENT SERVICE STATE: FW Cass Entel;Ping;OK;HARD;1;PING OK - Packet loss = 0%, RTA = 34.84 ms
[1713067200] CURRENT SERVICE STATE: FW Cass Telsur;Ancho de Banda DMZ;OK;HARD;1;OK - Average IN: 8.30KB (0.01%), Average OUT: 5.71KB (0.00%)Total RX: 13.47GBytes, Total TX: 9.10GBytes
[1713067200] CURRENT SERVICE STATE: FW Cass Telsur;Ancho de Banda LAN;OK;HARD;1;OK - Average IN: 619.70B (0.00%), Average OUT: 1.49KB (0.00%)Total RX: 1068.32GBytes, Total TX: 230.61GBytes
[1713067200] CURRENT SERVICE STATE: FW Cass Telsur;Ancho de Banda WAN;OK;HARD;1;OK - Average IN: 84.53B (0.00%), Average OUT: 51.39B (0.00%)Total RX: 1606.93GBytes, Total TX: 2324.75GBytes
[1713067200] CURRENT SERVICE STATE: FW Cass Telsur;Estado Puerto DMZ;OK;HARD;1;OK: Interface eth2 (index 4) is up.
[1713067200] CURRENT SERVICE STATE: FW Cass Telsur;Estado Puerto LAN;OK;HARD;1;OK: Interface eth0 (index 2) is up.
[1713067200] CURRENT SERVICE STATE: FW Cass Telsur;Estado Puerto WAN;OK;HARD;1;OK: Interface eth1 (index 3) is up.
[1713067200] CURRENT SERVICE STATE: FW Cass Telsur;Estado TCP Sophos;OK;HARD;1;TCP OK - 0.001 second response time on 201.220.96.34 port 4444
[1713067200] CURRENT SERVICE STATE: FW Cass Telsur;Ping;OK;HARD;1;PING OK - Packet loss = 0%, RTA = 0.38 ms
[1713067200] CURRENT SERVICE STATE: FW Cass Telsur;Tiempo Activo;OK;HARD;1;SNMP OK - Timeticks: (86680177) 10 days, 0:46:41.77
[1713067200] CURRENT SERVICE STATE: FW Clinica PV Movistar;Ping;OK;HARD;1;PING OK - Packet loss = 0%, RTA = 34.05 ms
[1713067200] CURRENT SERVICE STATE: FW Confe;Ping;OK;HARD;1;PING OK - Packet loss = 0%, RTA = 40.74 ms
[1713067200] CURRENT SERVICE STATE: FW Electric Works;Ping;OK;HARD;1;PING OK - Packet loss = 0%, RTA = 34.70 ms
[1713067200] CURRENT SERVICE STATE: FW Gore Los Lagos;Ping;OK;HARD;1;PING OK - Packet loss = 0%, RTA = 0.87 ms
[1713067200] CURRENT SERVICE STATE: FW Pasmar;Ping;OK;HARD;1;PING OK - Packet loss = 0%, RTA = 1.06 ms
[1713067200] CURRENT SERVICE STATE: Gore Los Lagos;Ping;OK;HARD;1;PING OK - Packet loss = 0%, RTA = 1.40 ms
[1713067200] CURRENT SERVICE STATE: Host-10.0.0.120;Ping;OK;HARD;1;PING OK - Packet loss = 0%, RTA = 1.01 ms
[1713067200] CURRENT SERVICE STATE: Host-10.0.0.121;Ping;OK;HARD;1;PING OK - Packet loss = 0%, RTA = 0.49 ms
[1713067200] CURRENT SERVICE STATE: Pasmar;Ping;OK;HARD;1;PING OK - Packet loss = 0%, RTA = 0.93 ms
[1713067200] CURRENT SERVICE STATE: Qnap NAS;Almacenamiento;OK;HARD;1;OK: Total:50TB - Used:37TB - Free:13TB - Used Space: 74%
[1713067200] CURRENT SERVICE STATE: Qnap NAS;Estado;OK;HARD;1;Power Supply #1 - OK: GOOD
[1713067200] CURRENT SERVICE STATE: Qnap NAS;Memoria;OK;HARD;1;OK: Total:3830MB - Used:1277MB - Free:2553MB = 34%
[1713067200] CURRENT SERVICE STATE: Qnap NAS;Sysinfo;OK;HARD;1;NAS Cloud, Model TS-879U-RP, Firmware 4.3.6, Max HD number 8, No. Volume 2
[1713067200] CURRENT SERVICE STATE: Qnap NAS;Temperatura;OK;HARD;1;OK: Temperature=36C
[1713067200] CURRENT SERVICE STATE: Qnap NAS;Tiempo Activo;OK;HARD;1;SNMP OK - Timeticks: (151819083) 17 days, 13:43:10.83
[1713067200] CURRENT SERVICE STATE: SRV01USER_cass.cl;Actualizacion;WARNING;HARD;3;updates installed, reboot required
[1713067200] CURRENT SERVICE STATE: SRV01USER_cass.cl;Almacenamiento C;WARNING;HARD;3;c:\ - total: 119.40 Gb - used: 101.11 Gb (85%) - free 18.28 Gb (15%)
[1713067200] CURRENT SERVICE STATE: SRV01USER_cass.cl;Almacenamiento U;OK;HARD;1;u:\ - total: 1023.98 Gb - used: 227.26 Gb (22%) - free 796.72 Gb (78%)
[1713067200] CURRENT SERVICE STATE: SRV01USER_cass.cl;CPU;OK;HARD;1;CPU Load 2% (5 min average)
[1713067200] CURRENT SERVICE STATE: SRV01USER_cass.cl;Memoria;OK;HARD;1;Memory usage: total:23721.69 MB - used: 14736.00 MB (62%) - free: 8985.69 MB (38%)
[1713067200] CURRENT SERVICE STATE: SRV01USER_cass.cl;Ping;OK;HARD;1;PING OK - Packet loss = 0%, RTA = 2.14 ms
[1713067200] CURRENT SERVICE STATE: SRV01USER_cass.cl;Tiempo Activo;OK;HARD;1;System Uptime - 6 day(s) 15 hour(s) 51 minute(s)
[1713067200] CURRENT SERVICE STATE: SRV04AD01.cass.cl;Ping;OK;HARD;1;PING OK - Packet loss = 0%, RTA = 1.46 ms
[1713067200] CURRENT SERVICE STATE: SRV05AD02_cass.cl;Ping;OK;HARD;1;PING OK - Packet loss = 0%, RTA = 1.33 ms
[1713067200] CURRENT SERVICE STATE: SRV11VIBE_cass.cl;Actualizacion;CRITICAL;HARD;3;Updates CRITICAL : discontinued OS Release SLE 15.1: At least one of your Repositories might be out of date. Please run "zypper refresh" as root to update it.  3 security update(s): 1 recommended update(s):  2 package update(s):
[1713067200] CURRENT SERVICE STATE: SRV11VIBE_cass.cl;Almacenamiento /;OK;HARD;1;DISK OK - free space: /var/tmp 78573 MiB (85.73% inode=-):
[1713067200] CURRENT SERVICE STATE: SRV11VIBE_cass.cl;CPU;OK;HARD;1;OK - load average per CPU: 0.03, 0.01, 0.01
[1713067200] CURRENT SERVICE STATE: SRV11VIBE_cass.cl;Memoria;OK;HARD;1;[MEMORY] Total: 7693 MB - Used: 3927 MB - 51% [SWAP] Total: 7944 MB - Used: 14 MB - 0%
[1713067200] CURRENT SERVICE STATE: SRV11VIBE_cass.cl;Ping;OK;HARD;1;PING OK - Packet loss = 0%, RTA = 1.06 ms
[1713067200] CURRENT SERVICE STATE: SRV11VIBE_cass.cl;Proceso Vibe;OK;HARD;1;PROCS OK: 0 processes with command name 'vibe'
[1713067200] CURRENT SERVICE STATE: SRV11VIBE_cass.cl;Procesos;OK;HARD;1;PROCS OK: 308 processes
[1713067200] CURRENT SERVICE STATE: SRV11VIBE_cass.cl;Procesos Zombies;OK;HARD;1;PROCS OK: 0 processes with STATE = Z
[1713067200] CURRENT SERVICE STATE: SRV11VIBE_cass.cl;Puerto HTTP;OK;HARD;1;TCP OK - 0.001 second response time on 10.0.2.13 port 80
[1713067200] CURRENT SERVICE STATE: SRV11VIBE_cass.cl;Puerto HTTPS;OK;HARD;1;TCP OK - 0.001 second response time on 10.0.2.13 port 443
[1713067200] CURRENT SERVICE STATE: SRV11VIBE_cass.cl;Servicio Vibe;OK;HARD;1;OK: Service vibe is running!
[1713067200] CURRENT SERVICE STATE: SRV11VIBE_cass.cl;Tiempo Activo;OK;HARD;1;Uptime OK: 36 day(s) 9 hour(s) 19 minute(s)
[1713067200] CURRENT SERVICE STATE: SRV11VIBE_cass.cl;Usuarios Login;OK;HARD;1;USERS OK - 2 users currently logged in
[1713067200] CURRENT SERVICE STATE: SRVAD1.cass.pmc;Ping;OK;HARD;1;PING OK - Packet loss = 0%, RTA = 1.90 ms
[1713067200] CURRENT SERVICE STATE: SRVAD2.cass.pmc;Ping;OK;HARD;1;PING OK - Packet loss = 0%, RTA = 1.67 ms
[1713067200] CURRENT SERVICE STATE: SRVADMIN.cass.pmc;Actualizacion;CRITICAL;HARD;3;Updates: 1 critical, 0 optional
[1713067200] CURRENT SERVICE STATE: SRVADMIN.cass.pmc;Almacenamiento;OK;HARD;1;c:\ - total: 299.66 Gb - used: 161.79 Gb (54%) - free 137.87 Gb (46%)
[1713067200] CURRENT SERVICE STATE: SRVADMIN.cass.pmc;CPU;OK;HARD;1;CPU Load 1% (5 min average)
[1713067200] CURRENT SERVICE STATE: SRVADMIN.cass.pmc;Memoria;OK;HARD;1;Memory usage: total:16319.56 MB - used: 10393.10 MB (64%) - free: 5926.46 MB (36%)
[1713067200] CURRENT SERVICE STATE: SRVADMIN.cass.pmc;Ping;OK;HARD;1;PING OK - Packet loss = 0%, RTA = 1.70 ms
[1713067200] CURRENT SERVICE STATE: SRVADMIN.cass.pmc;Tiempo Activo;OK;HARD;1;System Uptime - 34 day(s) 16 hour(s) 8 minute(s)
[1713067200] CURRENT SERVICE STATE: SRVCONT.cass.cl;Actualizacion;WARNING;HARD;3;updates installed, reboot required
[1713067200] CURRENT SERVICE STATE: SRVCONT.cass.cl;Almacenamiento;OK;HARD;1;c:\ - total: 299.33 Gb - used: 62.32 Gb (21%) - free 237.01 Gb (79%)
[1713067200] CURRENT SERVICE STATE: SRVCONT.cass.cl;CPU;OK;HARD;1;CPU Load 4% (5 min average)
[1713067200] CURRENT SERVICE STATE: SRVCONT.cass.cl;Memoria;OK;HARD;1;Memory usage: total:17994.72 MB - used: 6778.29 MB (38%) - free: 11216.43 MB (62%)
[1713067200] CURRENT SERVICE STATE: SRVCONT.cass.cl;Ping;OK;HARD;1;PING OK - Packet loss = 0%, RTA = 3.61 ms
[1713067200] CURRENT SERVICE STATE: SRVCONT.cass.cl;Tiempo Activo;OK;HARD;1;System Uptime - 26 day(s) 0 hour(s) 50 minute(s)
[1713067200] CURRENT SERVICE STATE: SRVDC1.cass.pmc;Ping;OK;HARD;1;PING OK - Packet loss = 0%, RTA = 1.54 ms
[1713067200] CURRENT SERVICE STATE: SRVDNS;Ping;OK;HARD;1;PING OK - Packet loss = 0%, RTA = 0.73 ms
[1713067200] CURRENT SERVICE STATE: SRVWEB_cass.cl;Ping;OK;HARD;1;PING OK - Packet loss = 0%, RTA = 1.61 ms
[1713067200] CURRENT SERVICE STATE: SRV_Cfiler.cass.cl;Actualizacion;OK;HARD;1;Updates OK : no updates available
[1713067200] CURRENT SERVICE STATE: SRV_Cfiler.cass.cl;Almacenamiento /;OK;HARD;1;DISK OK - free space: / 2378571 MB (70% inode=-):
[1713067200] CURRENT SERVICE STATE: SRV_Cfiler.cass.cl;CPU;OK;HARD;1;OK - load average: 0.18, 0.14, 0.11
[1713067200] CURRENT SERVICE STATE: SRV_Cfiler.cass.cl;Http;OK;HARD;1;TCP OK - 0.000 second response time on port 80
[1713067200] CURRENT SERVICE STATE: SRV_Cfiler.cass.cl;Https;OK;HARD;1;TCP OK - 0.000 second response time on port 443
[1713067200] CURRENT SERVICE STATE: SRV_Cfiler.cass.cl;Memoria;OK;HARD;1;[MEMORY] Total: 3893 MB - Used: 1229 MB - 31% [SWAP] Total: 2047 MB - Used: 178 MB - 8%
[1713067200] CURRENT SERVICE STATE: SRV_Cfiler.cass.cl;Procesos;OK;HARD;1;PROCS OK: 319 processes
[1713067200] CURRENT SERVICE STATE: SRV_Cfiler.cass.cl;Procesos Zombies;OK;HARD;1;PROCS OK: 0 processes with STATE = Z
[1713067200] CURRENT SERVICE STATE: SRV_Cfiler.cass.cl;Procs Apache;OK;HARD;1;PROCS OK: 11 processes with args 'apache2'
[1713067200] CURRENT SERVICE STATE: SRV_Cfiler.cass.cl;Serv Apache;OK;HARD;1;OK: Service apache is running!
[1713067200] CURRENT SERVICE STATE: SRV_Cfiler.cass.cl;Servicio General;OK;HARD;1;PING OK - Packet loss = 0%, RTA = 0.61 ms
[1713067200] CURRENT SERVICE STATE: SRV_Cfiler.cass.cl;Tiempo Activo;OK;HARD;1;Uptime OK: 36 day(s) 16 hour(s) 23 minute(s)
[1713067200] CURRENT SERVICE STATE: SRV_Cfiler.cass.cl;Usuarios Login;OK;HARD;1;USERS OK - 1 users currently logged in
[1713067200] CURRENT SERVICE STATE: SRV_GLPI;Agentes;OK;HARD;1;OK: Agent_version was ['3.0.1']
[1713067200] CURRENT SERVICE STATE: SRV_GLPI;CPU;OK;HARD;1;OK: Percent was 1.00 %
[1713067200] CURRENT SERVICE STATE: SRV_GLPI;Http;OK;HARD;1;HTTP OK: HTTP/1.1 301 Moved Permanently - 364 bytes in 0.002 second response time
[1713067200] CURRENT SERVICE STATE: SRV_GLPI;Memoria;OK;HARD;1;OK: Memory usage was 14.40 % (Available: 14.36 GB, Total: 16.78 GB, Free: 0.90 GB, Used: 1.94 GB)
[1713067200] CURRENT SERVICE STATE: SRV_GLPI;Usuarios Login;OK;HARD;1;USERS OK - 1 users currently logged in
[1713067200] CURRENT SERVICE STATE: SRV_Oraculo_cass.cl;Ping;OK;HARD;1;PING OK - Packet loss = 0%, RTA = 1.36 ms
[1713067200] CURRENT SERVICE STATE: SRV_SOS2021.cass.cl;Actualizacion;OK;HARD;1;Updates OK : no updates available
[1713067200] CURRENT SERVICE STATE: SRV_SOS2021.cass.cl;Almacenamiento /;OK;HARD;1;DISK OK - free space: /var/tmp 118340 MiB (91.07% inode=-):
[1713067200] CURRENT SERVICE STATE: SRV_SOS2021.cass.cl;CPU;OK;HARD;1;OK - load average per CPU: 0.02, 0.02, 0.01
[1713067200] CURRENT SERVICE STATE: SRV_SOS2021.cass.cl;Memoria;OK;HARD;1;[MEMORY] Total: 7946 MB - Used: 1147 MB - 14% [SWAP] Total: 10239 MB - Used: 0 MB - 0%
[1713067200] CURRENT SERVICE STATE: SRV_SOS2021.cass.cl;Ping;OK;HARD;1;PING OK - Packet loss = 0%, RTA = 0.62 ms
[1713067200] CURRENT SERVICE STATE: SRV_SOS2021.cass.cl;Procesos;OK;HARD;1;PROCS OK: 314 processes
[1713067200] CURRENT SERVICE STATE: SRV_SOS2021.cass.cl;Procesos Zombies;OK;HARD;1;PROCS OK: 0 processes with STATE = Z
[1713067200] CURRENT SERVICE STATE: SRV_SOS2021.cass.cl;Tiempo Activo;OK;HARD;1;Uptime OK: 36 day(s) 16 hour(s) 34 minute(s)
[1713067200] CURRENT SERVICE STATE: SRV_SOS2021.cass.cl;Usuarios Login;OK;HARD;1;USERS OK - 0 users currently logged in
[1713067200] CURRENT SERVICE STATE: SRV_SUM;Ping;OK;HARD;1;PING OK - Packet loss = 0%, RTA = 0.74 ms
[1713067200] CURRENT SERVICE STATE: SRV_Soporte;Actualizacion;CRITICAL;HARD;3;Hay 6 actualizaciones pendientes.
[1713067200] CURRENT SERVICE STATE: SRV_Soporte;Agentes;OK;HARD;1;OK: Agent_version was ['3.0.1']
[1713067200] CURRENT SERVICE STATE: SRV_Soporte;CPU;OK;HARD;1;OK: Percent was 45.60 %
[1713067200] CURRENT SERVICE STATE: SRV_Soporte;Memoria;OK;HARD;1;OK: Memory usage was 59.70 % (Available: 6.92 GB, Total: 17.18 GB, Free: 6.91 GB, Used: 10.27 GB)
[1713067200] CURRENT SERVICE STATE: SRV_chat.cass.cl;Actualizacion;OK;HARD;1;Updates OK : no updates available
[1713067200] CURRENT SERVICE STATE: SRV_chat.cass.cl;Almacenamiento /;OK;HARD;1;DISK OK - free space: /var/tmp 929841 MiB (88.92% inode=-):
[1713067200] CURRENT SERVICE STATE: SRV_chat.cass.cl;CPU;OK;HARD;1;OK - load average per CPU: 0.03, 0.07, 0.09
[1713067200] CURRENT SERVICE STATE: SRV_chat.cass.cl;Memoria;OK;HARD;1;[MEMORY] Total: 7919 MB - Used: 3243 MB - 40% [SWAP] Total: 2048 MB - Used: 311 MB - 15%
[1713067200] CURRENT SERVICE STATE: SRV_chat.cass.cl;Ping;OK;HARD;1;PING OK - Packet loss = 0%, RTA = 0.54 ms
[1713067200] CURRENT SERVICE STATE: SRV_chat.cass.cl;Proceso Docker;OK;HARD;1;PROCS OK: 0 processes with command name 'docker'
[1713067200] CURRENT SERVICE STATE: SRV_chat.cass.cl;Proceso Nginx;OK;HARD;1;PROCS OK: 3 processes with command name 'nginx'
[1713067200] CURRENT SERVICE STATE: SRV_chat.cass.cl;Procesos;OK;HARD;1;PROCS OK: 279 processes
[1713067200] CURRENT SERVICE STATE: SRV_chat.cass.cl;Procesos Zombies;OK;HARD;1;PROCS OK: 0 processes with STATE = Z
[1713067200] CURRENT SERVICE STATE: SRV_chat.cass.cl;Puerto Contenedor;OK;HARD;1;TCP OK - 0.000 second response time on port 8000
[1713067200] CURRENT SERVICE STATE: SRV_chat.cass.cl;Puerto HTTP;OK;HARD;1;TCP OK - 0.000 second response time on port 80
[1713067200] CURRENT SERVICE STATE: SRV_chat.cass.cl;Puerto HTTPS;OK;HARD;1;TCP OK - 0.000 second response time on port 443
[1713067200] CURRENT SERVICE STATE: SRV_chat.cass.cl;Puerto Portainer;OK;HARD;1;TCP OK - 0.001 second response time on port 9443
[1713067200] CURRENT SERVICE STATE: SRV_chat.cass.cl;Servicio Docker;OK;HARD;1;OK: Service docker is running!
[1713067200] CURRENT SERVICE STATE: SRV_chat.cass.cl;Servicio Nginx;OK;HARD;1;OK: Service nginx is running!
[1713067200] CURRENT SERVICE STATE: SRV_chat.cass.cl;Usuarios Login;OK;HARD;1;USERS OK - 0 users currently logged in
[1713067200] CURRENT SERVICE STATE: SRV_email.cass.cl;Actualizacion;OK;HARD;1;Updates OK : no updates available
[1713067200] CURRENT SERVICE STATE: SRV_email.cass.cl;Almacenamiento /;OK;HARD;1;DISK OK - free space: /var/tmp 459207 MiB (90.61% inode=-):
[1713067200] CURRENT SERVICE STATE: SRV_email.cass.cl;Almacenamiento Mail;OK;HARD;1;DISK OK - free space: /mail 1783392 MiB (91.07% inode=99%):
[1713067200] CURRENT SERVICE STATE: SRV_email.cass.cl;Almacenamiento Mail2;OK;HARD;1;DISK OK - free space: /mail2 473791 MiB (99.27% inode=100%):
[1713067200] CURRENT SERVICE STATE: SRV_email.cass.cl;CPU;OK;HARD;1;OK - load average per CPU: 0.01, 0.02, 0.02
[1713067200] CURRENT SERVICE STATE: SRV_email.cass.cl;Correo Pop;OK;HARD;1;POP OK - 0.002 second response time on 10.0.2.25 port 110 [+OK GroupWise POP3 server ready]
[1713067200] CURRENT SERVICE STATE: SRV_email.cass.cl;Correo Smtp;OK;HARD;1;SMTP OK - 0.024 sec. response time
[1713067200] CURRENT SERVICE STATE: SRV_email.cass.cl;Memoria;OK;HARD;1;[MEMORY] Total: 11939 MB - Used: 3071 MB - 25% [SWAP] Total: 2048 MB - Used: 4 MB - 0%
[1713067200] CURRENT SERVICE STATE: SRV_email.cass.cl;Ping;OK;HARD;1;PING OK - Packet loss = 0%, RTA = 1.42 ms
[1713067200] CURRENT SERVICE STATE: SRV_email.cass.cl;Procesos;OK;HARD;1;PROCS OK: 300 processes
[1713067200] CURRENT SERVICE STATE: SRV_email.cass.cl;Procesos Zombies;OK;HARD;1;PROCS OK: 0 processes with STATE = Z
[1713067200] CURRENT SERVICE STATE: SRV_email.cass.cl;Tiempo Activo;OK;HARD;1;Uptime OK: 36 day(s) 16 hour(s) 37 minute(s)
[1713067200] CURRENT SERVICE STATE: SRV_email.cass.cl;Usuarios Login;OK;HARD;1;USERS OK - 0 users currently logged in
[1713067200] CURRENT SERVICE STATE: SRV_nagios;Actualizacion;OK;HARD;1;YUM OK: 0 Updates Available
[1713067200] CURRENT SERVICE STATE: SRV_nagios;CPU;OK;HARD;1;OK - load average: 0.31, 0.20, 0.16
[1713067200] CURRENT SERVICE STATE: SRV_nagios;Memoria;OK;HARD;1;[MEMORY] Total: 7740 MB - Used: 416 MB - 5% [SWAP] Total: 7935 MB - Used: 0 MB - 0%
[1713067200] CURRENT SERVICE STATE: SRV_nagios;PING;OK;HARD;1;PING OK - Packet loss = 0%, RTA = 0.10 ms
[1713067200] CURRENT SERVICE STATE: SRV_nagios;Procesos;OK;HARD;1;PROCS OK: 79 processes with STATE = RSZDT
[1713067200] CURRENT SERVICE STATE: SRV_nagios;Usarios Login;OK;HARD;1;USERS OK - 0 users currently logged in
[1713067200] CURRENT SERVICE STATE: SRV_sync.cass.cl;Ping;OK;HARD;1;PING OK - Packet loss = 0%, RTA = 1.01 ms
[1713067200] CURRENT SERVICE STATE: Servidor Vcenter;Ping;OK;HARD;1;PING OK - Packet loss = 0%, RTA = 0.59 ms
[1713067200] CURRENT SERVICE STATE: Servidores CASS;Ancho de Banda GE/1/0/3;OK;HARD;1;OK - Average IN: 9.31KB (0.01%), Average OUT: 5.43KB (0.00%)Total RX: 18024.05GBytes, Total TX: 50197.64GBytes
[1713067200] CURRENT SERVICE STATE: Servidores CASS;Estado Puerto 3;OK;HARD;1;OK: Interface GigabitEthernet1/0/3 (index 3) is up.
[1713067200] CURRENT SERVICE STATE: Servidores CASS;Estado Puerto 80;OK;HARD;1;TCP OK - 0.002 second response time on 10.0.0.17 port 80
[1713067200] CURRENT SERVICE STATE: Servidores CASS;Ping;OK;HARD;1;PING OK - Packet loss = 0%, RTA = 1.21 ms
[1713067200] CURRENT SERVICE STATE: Servidores CASS;Tiempo Activo;OK;HARD;1;SNMP OK - Timeticks: (317103029) 36 days, 16:50:30.29
[1713067200] CURRENT SERVICE STATE: Ups Principal;Carga;UNKNOWN;HARD;3;Plugin check_ups_snmp failure - snmpget command error.
[1713067200] CURRENT SERVICE STATE: Ups Principal;Estado;UNKNOWN;HARD;3;Plugin check_ups_snmp failure - snmpget command error.
[1713067200] CURRENT SERVICE STATE: Ups Principal;Ping;CRITICAL;HARD;3;CRITICAL - Host Unreachable (192.168.10.19)
[1713067200] CURRENT SERVICE STATE: Ups Principal;Temperatura;UNKNOWN;HARD;3;Plugin check_ups_snmp failure - snmpget command error.
[1713067200] CURRENT SERVICE STATE: Ups Principal;Tiempo Activo;CRITICAL;HARD;3;CRITICAL - Plugin timed out while executing system call
[1713067200] CURRENT SERVICE STATE: Veeam2023.cass.pmc;Actualizacion;WARNING;HARD;3;updates installed, reboot required
[1713067200] CURRENT SERVICE STATE: Veeam2023.cass.pmc;Almacenamiento;OK;HARD;1;c:\ - total: 99.33 Gb - used: 68.50 Gb (69%) - free 30.83 Gb (31%)
[1713067200] CURRENT SERVICE STATE: Veeam2023.cass.pmc;CPU;OK;HARD;1;CPU Load 11% (5 min average)
[1713067200] CURRENT SERVICE STATE: Veeam2023.cass.pmc;Memoria;OK;HARD;1;Memory usage: total:29285.74 MB - used: 20679.56 MB (71%) - free: 8606.18 MB (29%)
[1713067200] CURRENT SERVICE STATE: Veeam2023.cass.pmc;Ping;OK;HARD;1;PING OK - Packet loss = 0%, RTA = 2.46 ms
[1713067200] CURRENT SERVICE STATE: Veeam2023.cass.pmc;Tiempo Activo;OK;HARD;1;System Uptime - 29 day(s) 12 hour(s) 24 minute(s)
[1713067200] CURRENT SERVICE STATE: web_cass_cl;Certificado;OK;HARD;1;SSL OK - Certificate '*.cass.cl' will expire in 264 days on 2025-01-03 20:59 -0300/-03.
[1713067200] CURRENT SERVICE STATE: web_cass_cl;HTTP;OK;HARD;1;HTTP OK: HTTP/1.1 302 Found - 1077 bytes in 0.180 second response time
[1713069001] SERVICE ALERT: SRV_chat.cass.cl;Puerto Portainer;CRITICAL;SOFT;1;(No output on stdout) stderr: connect to address 10.0.0.92 port 5666: Connection refused
[1713069048] Auto-save of retention data completed successfully.
[1713069121] SERVICE ALERT: SRV_chat.cass.cl;Puerto Portainer;OK;SOFT;2;TCP OK - 0.000 second response time on port 9443
[1713069235] Warning: Return code of 116 for check of service 'Actualizacion' on host 'SRV_Soporte' was out of bounds.
[1713070820] SERVICE ALERT: SRV_Soporte;CPU;WARNING;SOFT;1;WARNING: Percent was 63.65 %
[1713070941] SERVICE ALERT: SRV_Soporte;CPU;OK;SOFT;2;OK: Percent was 30.65 %
[1713072648] Auto-save of retention data completed successfully.
[1713074902] SERVICE ALERT: SRV_Soporte;CPU;WARNING;SOFT;1;WARNING: Percent was 63.27 %
[1713075023] SERVICE ALERT: SRV_Soporte;CPU;OK;SOFT;2;OK: Percent was 29.68 %
[1713076248] Auto-save of retention data completed successfully.
[1713077723] SERVICE ALERT: SRV_Soporte;CPU;WARNING;SOFT;1;WARNING: Percent was 60.62 %
[1713077844] SERVICE ALERT: SRV_Soporte;CPU;OK;SOFT;2;OK: Percent was 44.70 %
[1713078045] SERVICE ALERT: FW Gore Los Lagos;Ping;WARNING;SOFT;1;PING WARNING - Packet loss = 96%, RTA = 1.53 ms
[1713078066] SERVICE ALERT: Gore Los Lagos;Ping;CRITICAL;SOFT;1;PING CRITICAL - Packet loss = 100%
[1713078075] wproc: Core Worker 1160: job 134642 (pid=20141) timed out. Killing it
[1713078075] wproc: CHECK job 134642 from worker Core Worker 1160 timed out after 30.01s
[1713078075] wproc:   host=FW Gore Los Lagos; service=(null);
[1713078075] wproc:   early_timeout=1; exited_ok=0; wait_status=0; error_code=62;
[1713078075] Warning: Check of host 'FW Gore Los Lagos' timed out after 30.01 seconds
[1713078075] HOST ALERT: FW Gore Los Lagos;DOWN;SOFT;1;(Host check timed out after 30.01 seconds)
[1713078076] wproc: Core Worker 1160: job 134642 (pid=20141): Dormant child reaped
[1713078140] HOST ALERT: FW Gore Los Lagos;UP;SOFT;1;PING OK - Packet loss = 0%, RTA = 1.23 ms
[1713078170] SERVICE ALERT: FW Gore Los Lagos;Ping;OK;SOFT;2;PING OK - Packet loss = 0%, RTA = 1.33 ms
[1713078190] SERVICE ALERT: Gore Los Lagos;Ping;OK;SOFT;2;PING OK - Packet loss = 0%, RTA = 1.29 ms
[1713079344] SERVICE ALERT: SRV_Soporte;CPU;WARNING;SOFT;1;WARNING: Percent was 66.40 %
[1713079465] SERVICE ALERT: SRV_Soporte;CPU;OK;SOFT;2;OK: Percent was 38.27 %
[1713079801] SERVICE ALERT: SRV_chat.cass.cl;Puerto Portainer;CRITICAL;SOFT;1;(No output on stdout) stderr: connect to address 10.0.0.92 port 5666: Connection refused
[1713079848] Auto-save of retention data completed successfully.
[1713079921] SERVICE ALERT: SRV_chat.cass.cl;Puerto Portainer;OK;SOFT;2;TCP OK - 0.001 second response time on port 9443
[1713081445] SERVICE ALERT: SRV_Soporte;CPU;CRITICAL;SOFT;1;CRITICAL: Percent was 70.78 %
[1713081566] SERVICE ALERT: SRV_Soporte;CPU;OK;SOFT;2;OK: Percent was 35.92 %
[1713083007] SERVICE ALERT: SRV_Soporte;CPU;WARNING;SOFT;1;WARNING: Percent was 64.40 %
[1713083127] SERVICE ALERT: SRV_Soporte;CPU;OK;SOFT;2;OK: Percent was 33.32 %
[1713083448] Auto-save of retention data completed successfully.
[1713084268] SERVICE ALERT: SRV_Soporte;CPU;WARNING;SOFT;1;WARNING: Percent was 63.65 %
[1713084389] SERVICE ALERT: SRV_Soporte;CPU;OK;SOFT;2;OK: Percent was 48.28 %
[1713086309] SERVICE ALERT: SRV_Soporte;CPU;WARNING;SOFT;1;WARNING: Percent was 64.82 %
[1713086430] SERVICE ALERT: SRV_Soporte;CPU;OK;SOFT;2;OK: Percent was 31.08 %
[1713087048] Auto-save of retention data completed successfully.
[1713087931] SERVICE ALERT: SRV_Soporte;CPU;CRITICAL;SOFT;1;CRITICAL: Percent was 71.97 %
[1713088052] SERVICE ALERT: SRV_Soporte;CPU;OK;SOFT;2;OK: Percent was 31.08 %
[1713090032] SERVICE ALERT: SRV_Soporte;CPU;WARNING;SOFT;1;WARNING: Percent was 60.25 %
[1713090153] SERVICE ALERT: SRV_Soporte;CPU;OK;SOFT;2;OK: Percent was 30.48 %
[1713090648] Auto-save of retention data completed successfully.
[1713091594] SERVICE ALERT: SRV_Soporte;CPU;WARNING;SOFT;1;WARNING: Percent was 67.20 %
[1713091715] SERVICE ALERT: SRV_Soporte;CPU;OK;SOFT;2;OK: Percent was 38.10 %
[1713093635] SERVICE ALERT: SRV_Soporte;CPU;WARNING;SOFT;1;WARNING: Percent was 61.38 %
[1713093756] SERVICE ALERT: SRV_Soporte;CPU;OK;SOFT;2;OK: Percent was 50.02 %
[1713094056] SERVICE ALERT: SRV_Soporte;CPU;CRITICAL;SOFT;1;CRITICAL: Percent was 73.22 %
[1713094177] SERVICE ALERT: SRV_Soporte;CPU;OK;SOFT;2;OK: Percent was 37.15 %
[1713094248] Auto-save of retention data completed successfully.
[1713095138] SERVICE ALERT: SRV_Soporte;CPU;WARNING;SOFT;1;WARNING: Percent was 61.38 %
[1713095259] SERVICE ALERT: SRV_Soporte;CPU;OK;SOFT;2;OK: Percent was 25.00 %
[1713096495] SERVICE ALERT: SRV01USER_cass.cl;Almacenamiento C;UNKNOWN;HARD;3;NSClient - ERROR: No performance data from command: check_drivesize
[1713096565] SERVICE ALERT: SRV01USER_cass.cl;Almacenamiento C;CRITICAL;HARD;3;CRITICAL - Socket timeout
[1713096566] SERVICE ALERT: SRV01USER_cass.cl;Memoria;CRITICAL;SOFT;1;CRITICAL - Socket timeout
[1713096579] SERVICE ALERT: SRV01USER_cass.cl;Actualizacion;CRITICAL;HARD;3;(No output on stdout) stderr: connect to address 10.0.0.12 port 5666: Connection refused
[1713096581] SERVICE ALERT: SRV01USER_cass.cl;Almacenamiento U;CRITICAL;SOFT;1;connect to address 10.0.0.12 and port 12489: Connection refused
[1713096601] SERVICE ALERT: SRV_chat.cass.cl;Puerto Portainer;CRITICAL;SOFT;1;(No output on stdout) stderr: connect to address 10.0.0.92 port 5666: Connection refused
[1713096602] SERVICE ALERT: SRV01USER_cass.cl;Tiempo Activo;CRITICAL;SOFT;1;connect to address 10.0.0.12 and port 12489: Connection refused
[1713096609] SERVICE ALERT: SRV01USER_cass.cl;CPU;CRITICAL;SOFT;1;connect to address 10.0.0.12 and port 12489: Connection refused
[1713096626] SERVICE ALERT: SRV01USER_cass.cl;Almacenamiento C;WARNING;HARD;3;c:\ - total: 119.40 Gb - used: 100.57 Gb (84%) - free 18.83 Gb (16%)
[1713096686] SERVICE ALERT: SRV01USER_cass.cl;Memoria;OK;SOFT;2;Memory usage: total:23551.21 MB - used: 2094.70 MB (9%) - free: 21456.51 MB (91%)
[1713096701] SERVICE ALERT: SRV01USER_cass.cl;Almacenamiento U;OK;SOFT;2;u:\ - total: 1023.98 Gb - used: 227.26 Gb (22%) - free 796.72 Gb (78%)
[1713096721] SERVICE ALERT: SRV_chat.cass.cl;Puerto Portainer;OK;SOFT;2;TCP OK - 0.000 second response time on port 9443
[1713096722] SERVICE ALERT: SRV01USER_cass.cl;Tiempo Activo;OK;SOFT;2;System Uptime - 0 day(s) 0 hour(s) 2 minute(s)
[1713096729] SERVICE ALERT: SRV01USER_cass.cl;CPU;OK;SOFT;2;CPU Load 0% (5 min average)
[1713097119] SERVICE ALERT: SRV01USER_cass.cl;Actualizacion;UNKNOWN;HARD;3;Failed to execute check_updates: 13: El medio está protegido contra escritura.
[1713097131] SERVICE ALERT: SRV01USER_cass.cl;Almacenamiento U;CRITICAL;SOFT;1;CRITICAL - Socket timeout
[1713097148] SERVICE ALERT: SRV01USER_cass.cl;Ping;WARNING;SOFT;1;PING WARNING - Packet loss = 86%, RTA = 50.58 ms
[1713097149] SERVICE ALERT: SRV01USER_cass.cl;CPU;CRITICAL;SOFT;1;connect to address 10.0.0.12 and port 12489: Connection refused
[1713097149] SERVICE ALERT: SRV01USER_cass.cl;Tiempo Activo;CRITICAL;SOFT;1;connect to address 10.0.0.12 and port 12489: Connection refused
[1713097166] SERVICE ALERT: SRV01USER_cass.cl;Memoria;CRITICAL;SOFT;1;connect to address 10.0.0.12 and port 12489: Connection refused
[1713097166] SERVICE FLAPPING ALERT: SRV01USER_cass.cl;Almacenamiento C;STARTED; Service appears to have started flapping (21.1% change >= 20.0% threshold)
[1713097166] SERVICE ALERT: SRV01USER_cass.cl;Almacenamiento C;CRITICAL;HARD;3;connect to address 10.0.0.12 and port 12489: Connection refused
[1713097209] SERVICE ALERT: SRV01USER_cass.cl;Actualizacion;CRITICAL;HARD;3;CHECK_NRPE STATE CRITICAL: Socket timeout after 30 seconds.
[1713097221] HOST ALERT: SRV01USER_cass.cl;DOWN;SOFT;1;CRITICAL - Host Unreachable (10.0.0.12)
[1713097251] SERVICE ALERT: SRV01USER_cass.cl;Almacenamiento U;CRITICAL;HARD;3;connect to address 10.0.0.12 and port 12489: Connection refused
[1713097270] SERVICE ALERT: SRV01USER_cass.cl;CPU;OK;SOFT;2;CPU Load 0% (5 min average)
[1713097270] SERVICE ALERT: SRV01USER_cass.cl;Tiempo Activo;OK;SOFT;2;System Uptime - 0 day(s) 0 hour(s) 0 minute(s)
[1713097272] SERVICE ALERT: SRV01USER_cass.cl;Ping;OK;SOFT;2;PING OK - Packet loss = 0%, RTA = 0.77 ms
[1713097274] HOST ALERT: SRV01USER_cass.cl;UP;SOFT;1;PING OK - Packet loss = 0%, RTA = 0.66 ms
[1713097296] SERVICE ALERT: SRV01USER_cass.cl;Memoria;CRITICAL;SOFT;2;CRITICAL - Socket timeout
[1713097348] SERVICE ALERT: SRV01USER_cass.cl;Almacenamiento C;WARNING;HARD;3;c:\ - total: 119.40 Gb - used: 100.52 Gb (84%) - free 18.88 Gb (16%)
[1713097390] SERVICE ALERT: SRV01USER_cass.cl;Tiempo Activo;CRITICAL;SOFT;1;connect to address 10.0.0.12 and port 12489: Connection refused
[1713097390] SERVICE ALERT: SRV01USER_cass.cl;CPU;CRITICAL;SOFT;1;connect to address 10.0.0.12 and port 12489: Connection refused
[1713097408] SERVICE ALERT: SRV01USER_cass.cl;Almacenamiento C;CRITICAL;HARD;3;connect to address 10.0.0.12 and port 12489: Connection refused
[1713097416] SERVICE ALERT: SRV01USER_cass.cl;Memoria;CRITICAL;HARD;3;connect to address 10.0.0.12 and port 12489: Connection refused
[1713097431] SERVICE ALERT: SRV01USER_cass.cl;Almacenamiento U;OK;HARD;1;u:\ - total: 1023.98 Gb - used: 227.26 Gb (22%) - free 796.72 Gb (78%)
[1713097491] SERVICE ALERT: SRV01USER_cass.cl;Almacenamiento U;CRITICAL;SOFT;1;connect to address 10.0.0.12 and port 12489: Connection refused
[1713097511] SERVICE ALERT: SRV01USER_cass.cl;CPU;OK;SOFT;2;CPU Load 0% (5 min average)
[1713097511] SERVICE ALERT: SRV01USER_cass.cl;Tiempo Activo;OK;SOFT;2;System Uptime - 0 day(s) 0 hour(s) 1 minute(s)
[1713097539] SERVICE ALERT: SRV01USER_cass.cl;Ping;WARNING;SOFT;1;PING WARNING - Packet loss = 82%, RTA = 118.67 ms
[1713097588] SERVICE ALERT: SRV01USER_cass.cl;Almacenamiento C;WARNING;HARD;3;c:\ - total: 119.40 Gb - used: 100.58 Gb (84%) - free 18.82 Gb (16%)
[1713097596] SERVICE ALERT: SRV01USER_cass.cl;Memoria;OK;HARD;1;Memory usage: total:23551.21 MB - used: 1313.56 MB (6%) - free: 22237.65 MB (94%)
[1713097621] SERVICE ALERT: SRV01USER_cass.cl;Almacenamiento U;CRITICAL;SOFT;2;CRITICAL - Socket timeout
[1713097631] SERVICE ALERT: SRV01USER_cass.cl;Tiempo Activo;CRITICAL;SOFT;1;connect to address 10.0.0.12 and port 12489: Connection refused
[1713097631] SERVICE ALERT: SRV01USER_cass.cl;CPU;CRITICAL;SOFT;1;connect to address 10.0.0.12 and port 12489: Connection refused
[1713097648] SERVICE ALERT: SRV01USER_cass.cl;Almacenamiento C;CRITICAL;HARD;3;connect to address 10.0.0.12 and port 12489: Connection refused
[1713097656] SERVICE ALERT: SRV01USER_cass.cl;Memoria;CRITICAL;SOFT;1;connect to address 10.0.0.12 and port 12489: Connection refused
[1713097663] SERVICE ALERT: SRV01USER_cass.cl;Ping;OK;SOFT;2;PING OK - Packet loss = 0%, RTA = 0.86 ms
[1713097709] SERVICE ALERT: SRV01USER_cass.cl;Almacenamiento C;WARNING;HARD;3;c:\ - total: 119.40 Gb - used: 100.55 Gb (84%) - free 18.84 Gb (16%)
[1713097741] SERVICE ALERT: SRV01USER_cass.cl;Almacenamiento U;OK;SOFT;3;u:\ - total: 1023.98 Gb - used: 227.26 Gb (22%) - free 796.72 Gb (78%)
[1713097751] SERVICE ALERT: SRV01USER_cass.cl;CPU;OK;SOFT;2;CPU Load 2% (5 min average)
[1713097751] SERVICE ALERT: SRV01USER_cass.cl;Tiempo Activo;OK;SOFT;2;System Uptime - 0 day(s) 0 hour(s) 2 minute(s)
[1713097776] SERVICE ALERT: SRV01USER_cass.cl;Memoria;OK;SOFT;2;Memory usage: total:23551.21 MB - used: 1845.39 MB (8%) - free: 21705.83 MB (92%)
[1713097848] Auto-save of retention data completed successfully.
[1713098019] SERVICE ALERT: SRV_Soporte;CPU;WARNING;SOFT;1;WARNING: Percent was 65.60 %
[1713098140] SERVICE ALERT: SRV_Soporte;CPU;OK;SOFT;2;OK: Percent was 30.00 %
[1713098849] SERVICE FLAPPING ALERT: SRV01USER_cass.cl;Almacenamiento C;STOPPED; Service appears to have stopped flapping (3.8% change < 5.0% threshold)
[1713100181] SERVICE ALERT: SRV_Soporte;CPU;WARNING;SOFT;1;WARNING: Percent was 65.15 %
[1713100302] SERVICE ALERT: SRV_Soporte;CPU;OK;SOFT;2;OK: Percent was 38.25 %
[1713101448] Auto-save of retention data completed successfully.
[1713102602] SERVICE ALERT: SRV_email.cass.cl;Tiempo Activo;CRITICAL;SOFT;1;CHECK_NRPE: Error - Could not connect to 10.0.2.25. Check system logs on 10.0.2.25
[1713102643] SERVICE ALERT: SRV_Soporte;CPU;CRITICAL;SOFT;1;CRITICAL: Percent was 70.33 %
[1713102722] SERVICE ALERT: SRV_email.cass.cl;Tiempo Activo;OK;SOFT;2;Uptime OK: 37 day(s) 2 hour(s) 30 minute(s)
[1713102763] SERVICE ALERT: SRV_Soporte;CPU;OK;SOFT;2;OK: Percent was 40.80 %
[1713103664] SERVICE ALERT: SRV_Soporte;CPU;WARNING;SOFT;1;WARNING: Percent was 64.70 %
[1713103784] SERVICE ALERT: SRV_Soporte;CPU;OK;SOFT;2;OK: Percent was 45.33 %
[1713103795] SERVICE ALERT: SRV_nagios;Actualizacion;CRITICAL;SOFT;1;YUM CRITICAL: Yum nagios plugin has self terminated after exceeding the timeout (30 seconds)
[1713103801] SERVICE ALERT: SRV_chat.cass.cl;Puerto Portainer;CRITICAL;SOFT;1;(No output on stdout) stderr: connect to address 10.0.0.92 port 5666: Connection refused
[1713103858] SERVICE ALERT: SRV_nagios;Actualizacion;OK;SOFT;2;YUM OK: 0 Updates Available
[1713103921] SERVICE ALERT: SRV_chat.cass.cl;Puerto Portainer;OK;SOFT;2;TCP OK - 0.000 second response time on port 9443
[1713104744] SERVICE ALERT: SRV_Soporte;CPU;CRITICAL;SOFT;1;CRITICAL: Percent was 75.03 %
[1713104865] SERVICE ALERT: SRV_Soporte;CPU;OK;SOFT;2;OK: Percent was 42.17 %
[1713105048] Auto-save of retention data completed successfully.
[1713105165] SERVICE ALERT: SRV_Soporte;CPU;WARNING;SOFT;1;WARNING: Percent was 62.12 %
[1713105286] SERVICE ALERT: SRV_Soporte;CPU;OK;SOFT;2;OK: Percent was 53.03 %
[1713106801] SERVICE ALERT: SRV_chat.cass.cl;Puerto Portainer;CRITICAL;SOFT;1;CHECK_NRPE: Error - Could not connect to 10.0.0.92: Connection reset by peer
[1713106922] SERVICE ALERT: SRV_chat.cass.cl;Puerto Portainer;OK;SOFT;2;TCP OK - 0.001 second response time on port 9443
[1713107267] SERVICE ALERT: SRV_Soporte;CPU;WARNING;SOFT;1;WARNING: Percent was 66.17 %
[1713107387] SERVICE ALERT: SRV_Soporte;CPU;OK;SOFT;2;OK: Percent was 49.25 %
[1713108048] SERVICE ALERT: SRV_Soporte;CPU;CRITICAL;SOFT;1;CRITICAL: Percent was 74.12 %
[1713108169] SERVICE ALERT: SRV_Soporte;CPU;WARNING;SOFT;2;WARNING: Percent was 64.38 %
[1713108290] SERVICE ALERT: SRV_Soporte;CPU;CRITICAL;HARD;3;CRITICAL: Percent was 72.68 %
[1713108351] SERVICE ALERT: SRV_Soporte;CPU;OK;HARD;1;OK: Percent was 34.08 %
[1713108411] SERVICE ALERT: SRV_Soporte;CPU;CRITICAL;SOFT;1;CRITICAL: Percent was 77.55 %
[1713108532] SERVICE ALERT: SRV_Soporte;CPU;OK;SOFT;2;OK: Percent was 43.00 %
[1713108648] Auto-save of retention data completed successfully.
[1713108713] SERVICE ALERT: SRV_Soporte;CPU;WARNING;SOFT;1;WARNING: Percent was 62.12 %
[1713108834] SERVICE ALERT: SRV_Soporte;CPU;OK;SOFT;2;OK: Percent was 38.22 %
[1713108955] SERVICE ALERT: SRV_Soporte;CPU;WARNING;SOFT;1;WARNING: Percent was 67.97 %
[1713109076] SERVICE ALERT: SRV_Soporte;CPU;OK;SOFT;2;OK: Percent was 30.30 %
[1713110517] SERVICE ALERT: SRV_Soporte;CPU;CRITICAL;SOFT;1;CRITICAL: Percent was 70.45 %
[1713110638] SERVICE ALERT: SRV_Soporte;CPU;OK;SOFT;2;OK: Percent was 33.20 %
[1713110879] SERVICE ALERT: SRV_Soporte;CPU;WARNING;SOFT;1;WARNING: Percent was 60.18 %
[1713111000] SERVICE ALERT: SRV_Soporte;CPU;OK;SOFT;2;OK: Percent was 44.70 %
[1713111541] SERVICE ALERT: SRV_Soporte;CPU;WARNING;SOFT;1;WARNING: Percent was 61.05 %
[1713111662] SERVICE ALERT: SRV_Soporte;CPU;OK;SOFT;2;OK: Percent was 40.92 %
[1713112248] Auto-save of retention data completed successfully.
[1713114363] SERVICE ALERT: SRV_Soporte;CPU;WARNING;SOFT;1;WARNING: Percent was 61.35 %
[1713114484] SERVICE ALERT: SRV_Soporte;CPU;OK;SOFT;2;OK: Percent was 0.78 %
[1713115848] Auto-save of retention data completed successfully.
[1713117124] SERVICE ALERT: SRV_Soporte;CPU;WARNING;SOFT;1;WARNING: Percent was 61.38 %
[1713117245] SERVICE ALERT: SRV_Soporte;CPU;OK;SOFT;2;OK: Percent was 37.10 %
[1713118145] SERVICE ALERT: SRV_Soporte;CPU;WARNING;SOFT;1;WARNING: Percent was 60.92 %
[1713118266] SERVICE ALERT: SRV_Soporte;CPU;OK;SOFT;2;OK: Percent was 46.20 %
[1713119448] Auto-save of retention data completed successfully.
[1713119466] SERVICE ALERT: SRV_Soporte;CPU;WARNING;SOFT;1;WARNING: Percent was 69.85 %
[1713119587] SERVICE ALERT: SRV_Soporte;CPU;OK;SOFT;2;OK: Percent was 44.73 %
[1713120787] SERVICE ALERT: SRV_Soporte;CPU;WARNING;SOFT;1;WARNING: Percent was 66.43 %
[1713120908] SERVICE ALERT: SRV_Soporte;CPU;OK;SOFT;2;OK: Percent was 34.12 %
[1713121202] SERVICE ALERT: SRV_email.cass.cl;Tiempo Activo;CRITICAL;SOFT;1;CHECK_NRPE: Error - Could not connect to 10.0.2.25. Check system logs on 10.0.2.25
[1713121322] SERVICE ALERT: SRV_email.cass.cl;Tiempo Activo;OK;SOFT;2;Uptime OK: 37 day(s) 7 hour(s) 40 minute(s)
[1713121569] SERVICE ALERT: SRV_Soporte;CPU;WARNING;SOFT;1;WARNING: Percent was 60.15 %
[1713121690] SERVICE ALERT: SRV_Soporte;CPU;OK;SOFT;2;OK: Percent was 3.82 %
[1713123048] Auto-save of retention data completed successfully.
[1713124871] SERVICE ALERT: SRV_Soporte;CPU;WARNING;SOFT;1;WARNING: Percent was 67.20 %
[1713124992] SERVICE ALERT: SRV_Soporte;CPU;OK;SOFT;2;OK: Percent was 30.30 %
[1713125113] SERVICE ALERT: SRV_Soporte;CPU;WARNING;SOFT;1;WARNING: Percent was 63.75 %
[1713125233] SERVICE ALERT: SRV_Soporte;CPU;OK;SOFT;2;OK: Percent was 41.67 %
[1713126614] SERVICE ALERT: SRV_Soporte;CPU;CRITICAL;SOFT;1;CRITICAL: Percent was 76.53 %
[1713126648] Auto-save of retention data completed successfully.
[1713126735] SERVICE ALERT: SRV_Soporte;CPU;OK;SOFT;2;OK: Percent was 31.07 %
[1713130248] Auto-save of retention data completed successfully.
[1713130876] SERVICE ALERT: SRV_Soporte;CPU;WARNING;SOFT;1;WARNING: Percent was 61.55 %
[1713130996] SERVICE ALERT: SRV_Soporte;CPU;OK;SOFT;2;OK: Percent was 29.52 %
[1713131656] SERVICE ALERT: SRV_Soporte;CPU;CRITICAL;SOFT;1;CRITICAL: Percent was 71.88 %
[1713131777] SERVICE ALERT: SRV_Soporte;CPU;OK;SOFT;2;OK: Percent was 21.85 %
[1713132378] SERVICE ALERT: SRV_Soporte;CPU;CRITICAL;SOFT;1;CRITICAL: Percent was 78.02 %
[1713132499] SERVICE ALERT: SRV_Soporte;CPU;OK;SOFT;2;OK: Percent was 1.50 %
[1713133848] Auto-save of retention data completed successfully.
[1713135199] SERVICE ALERT: SRV_Soporte;CPU;WARNING;SOFT;1;WARNING: Percent was 68.95 %
[1713135320] SERVICE ALERT: SRV_Soporte;CPU;OK;SOFT;2;OK: Percent was 30.30 %
[1713136220] SERVICE ALERT: SRV_Soporte;CPU;WARNING;SOFT;1;WARNING: Percent was 61.35 %
[1713136341] SERVICE ALERT: SRV_Soporte;CPU;OK;SOFT;2;OK: Percent was 38.30 %
[1713137448] Auto-save of retention data completed successfully.
[1713137662] SERVICE ALERT: SRV_Soporte;CPU;WARNING;SOFT;1;WARNING: Percent was 60.15 %
[1713137783] SERVICE ALERT: SRV_Soporte;CPU;OK;SOFT;2;OK: Percent was 43.92 %
[1713139202] SERVICE ALERT: SRV_email.cass.cl;Tiempo Activo;CRITICAL;SOFT;1;CHECK_NRPE: Error - Could not connect to 10.0.2.25. Check system logs on 10.0.2.25
[1713139224] SERVICE ALERT: SRV_Soporte;CPU;WARNING;SOFT;1;WARNING: Percent was 64.05 %
[1713139322] SERVICE ALERT: SRV_email.cass.cl;Tiempo Activo;OK;SOFT;2;Uptime OK: 37 day(s) 12 hour(s) 40 minute(s)
[1713139345] SERVICE ALERT: SRV_Soporte;CPU;OK;SOFT;2;OK: Percent was 37.88 %
[1713141002] SERVICE ALERT: SRV_email.cass.cl;Tiempo Activo;CRITICAL;SOFT;1;CHECK_NRPE: Error - Could not connect to 10.0.2.25: Connection reset by peer
[1713141048] Auto-save of retention data completed successfully.
[1713141122] SERVICE ALERT: SRV_email.cass.cl;Tiempo Activo;OK;SOFT;2;Uptime OK: 37 day(s) 13 hour(s) 10 minute(s)
[1713142526] SERVICE ALERT: SRV_Soporte;CPU;WARNING;SOFT;1;WARNING: Percent was 67.08 %
[1713142646] SERVICE ALERT: SRV_Soporte;CPU;OK;SOFT;2;OK: Percent was 45.30 %
[1713143246] SERVICE ALERT: SRV_Soporte;CPU;WARNING;SOFT;1;WARNING: Percent was 61.32 %
[1713143367] SERVICE ALERT: SRV_Soporte;CPU;OK;SOFT;2;OK: Percent was 30.45 %
[1713144648] Auto-save of retention data completed successfully.
[1713145228] SERVICE ALERT: SRV_Soporte;CPU;WARNING;SOFT;1;WARNING: Percent was 63.30 %
[1713145349] SERVICE ALERT: SRV_Soporte;CPU;OK;SOFT;2;OK: Percent was 38.25 %
[1713147570] SERVICE ALERT: SRV_Soporte;CPU;WARNING;SOFT;1;WARNING: Percent was 62.50 %
[1713147691] SERVICE ALERT: SRV_Soporte;CPU;OK;SOFT;2;OK: Percent was 43.92 %
[1713148248] Auto-save of retention data completed successfully.
[1713149012] SERVICE ALERT: SRV_Soporte;CPU;WARNING;SOFT;1;WARNING: Percent was 64.85 %
[1713149132] SERVICE ALERT: SRV_Soporte;CPU;WARNING;SOFT;2;WARNING: Percent was 60.62 %
[1713149253] SERVICE ALERT: SRV_Soporte;CPU;OK;SOFT;3;OK: Percent was 38.30 %
[1713150393] SERVICE ALERT: SRV_Soporte;CPU;CRITICAL;SOFT;1;CRITICAL: Percent was 96.88 %
[1713150514] SERVICE ALERT: SRV_Soporte;CPU;OK;SOFT;2;OK: Percent was 28.77 %
[1713151848] Auto-save of retention data completed successfully.
[1713152914] SERVICE ALERT: SRV_Soporte;CPU;WARNING;SOFT;1;WARNING: Percent was 64.82 %
[1713153035] SERVICE ALERT: SRV_Soporte;CPU;OK;SOFT;2;OK: Percent was 39.08 %
