[1694487600] LOG ROTATION: DAILY
[1694487600] LOG VERSION: 2.0
[1694487600] CURRENT HOST STATE: ADL Diagnostic;UP;HARD;1;PING OK - Packet loss = 0%, RTA = 36.82 ms
[1694487600] CURRENT HOST STATE: Blueshell;UP;HARD;1;PING OK - Packet loss = 0%, RTA = 3.19 ms
[1694487600] CURRENT HOST STATE: Cass Entel;UP;HARD;1;PING OK - Packet loss = 0%, RTA = 0.64 ms
[1694487600] CURRENT HOST STATE: Cass Telsur;UP;HARD;1;PING OK - Packet loss = 0%, RTA = 1.25 ms
[1694487600] CURRENT HOST STATE: Clinica PV Movistar;UP;HARD;1;PING OK - Packet loss = 0%, RTA = 31.52 ms
[1694487600] CURRENT HOST STATE: Clinica PV Telsur;UP;HARD;1;PING OK - Packet loss = 0%, RTA = 1.41 ms
[1694487600] CURRENT HOST STATE: Confe;UP;HARD;1;PING OK - Packet loss = 0%, RTA = 41.06 ms
[1694487600] CURRENT HOST STATE: Electric Works;UP;HARD;1;PING OK - Packet loss = 0%, RTA = 33.11 ms
[1694487600] CURRENT HOST STATE: Ext Entel;UP;HARD;1;PING OK - Packet loss = 0%, RTA = 0.55 ms
[1694487600] CURRENT HOST STATE: Ext Telsur;UP;HARD;1;PING OK - Packet loss = 0%, RTA = 1.23 ms
[1694487600] CURRENT HOST STATE: FW ADL Diagnostic;UP;HARD;1;PING OK - Packet loss = 0%, RTA = 35.12 ms
[1694487600] CURRENT HOST STATE: FW Blueshell;UP;HARD;1;PING OK - Packet loss = 0%, RTA = 3.18 ms
[1694487600] CURRENT HOST STATE: FW Cass Entel;UP;HARD;1;PING OK - Packet loss = 0%, RTA = 34.99 ms
[1694487600] CURRENT HOST STATE: FW Cass Telsur;UP;HARD;1;PING OK - Packet loss = 0%, RTA = 0.56 ms
[1694487600] CURRENT HOST STATE: FW Clinica PV Movistar;UP;HARD;1;PING OK - Packet loss = 0%, RTA = 35.72 ms
[1694487600] CURRENT HOST STATE: FW Clinica PV Telsur;UP;HARD;1;PING OK - Packet loss = 0%, RTA = 1.34 ms
[1694487600] CURRENT HOST STATE: FW Confe;UP;HARD;1;PING OK - Packet loss = 0%, RTA = 40.54 ms
[1694487600] CURRENT HOST STATE: FW Electric Works;UP;HARD;1;PING OK - Packet loss = 0%, RTA = 34.01 ms
[1694487600] CURRENT HOST STATE: FW Gore Los Lagos;UP;HARD;1;PING OK - Packet loss = 0%, RTA = 1.40 ms
[1694487600] CURRENT HOST STATE: FW Pasmar;UP;HARD;1;PING OK - Packet loss = 0%, RTA = 1.44 ms
[1694487600] CURRENT HOST STATE: Gore Los Lagos;UP;HARD;1;PING OK - Packet loss = 0%, RTA = 1.31 ms
[1694487600] CURRENT HOST STATE: Host-10.0.0.120;UP;HARD;1;PING OK - Packet loss = 0%, RTA = 0.48 ms
[1694487600] CURRENT HOST STATE: Host-10.0.0.121;UP;HARD;1;PING OK - Packet loss = 0%, RTA = 0.55 ms
[1694487600] CURRENT HOST STATE: Internet;UP;HARD;1;PING OK - Packet loss = 0%, RTA = 17.98 ms
[1694487600] CURRENT HOST STATE: Pasmar;UP;HARD;1;PING OK - Packet loss = 0%, RTA = 1.41 ms
[1694487600] CURRENT HOST STATE: Qnap NAS;UP;HARD;1;PING OK - Packet loss = 0%, RTA = 0.30 ms
[1694487600] CURRENT HOST STATE: SRV01USER_cass.cl;UP;HARD;1;PING OK - Packet loss = 0%, RTA = 2.59 ms
[1694487600] CURRENT HOST STATE: SRV04AD01.cass.cl;UP;HARD;1;PING OK - Packet loss = 0%, RTA = 1.61 ms
[1694487600] CURRENT HOST STATE: SRV05AD02_cass.cl;UP;HARD;1;PING OK - Packet loss = 0%, RTA = 1.58 ms
[1694487600] CURRENT HOST STATE: SRV11VIBE_cass.cl;UP;HARD;1;PING OK - Packet loss = 0%, RTA = 1.01 ms
[1694487600] CURRENT HOST STATE: SRV12WEB_cass.cl;UP;HARD;1;PING OK - Packet loss = 0%, RTA = 1.43 ms
[1694487600] CURRENT HOST STATE: SRVAD1.cass.pmc;UP;HARD;1;PING OK - Packet loss = 0%, RTA = 1.66 ms
[1694487600] CURRENT HOST STATE: SRVAD2.cass.pmc;UP;HARD;1;PING OK - Packet loss = 0%, RTA = 1.52 ms
[1694487600] CURRENT HOST STATE: SRVADMIN.cass.pmc;UP;HARD;1;PING OK - Packet loss = 0%, RTA = 1.63 ms
[1694487600] CURRENT HOST STATE: SRVCONT.cass.cl;UP;HARD;1;PING OK - Packet loss = 0%, RTA = 3.03 ms
[1694487600] CURRENT HOST STATE: SRVDC1.cass.pmc;UP;HARD;1;PING OK - Packet loss = 0%, RTA = 1.51 ms
[1694487600] CURRENT HOST STATE: SRVDNS;UP;HARD;1;PING OK - Packet loss = 0%, RTA = 0.71 ms
[1694487600] CURRENT HOST STATE: SRVMFSD;UP;HARD;1;PING OK - Packet loss = 0%, RTA = 1.24 ms
[1694487600] CURRENT HOST STATE: SRV_Cfiler.cass.cl;UP;HARD;1;PING OK - Packet loss = 0%, RTA = 0.69 ms
[1694487600] CURRENT HOST STATE: SRV_Oraculo_cass.cl;UP;HARD;1;PING OK - Packet loss = 0%, RTA = 1.21 ms
[1694487600] CURRENT HOST STATE: SRV_SOS2021.cass.cl;UP;HARD;1;PING OK - Packet loss = 0%, RTA = 0.63 ms
[1694487600] CURRENT HOST STATE: SRV_SUM;UP;HARD;1;PING OK - Packet loss = 0%, RTA = 0.65 ms
[1694487600] CURRENT HOST STATE: SRV_chat.cass.cl;UP;HARD;1;PING OK - Packet loss = 0%, RTA = 0.77 ms
[1694487600] CURRENT HOST STATE: SRV_email.cass.cl;UP;HARD;1;PING OK - Packet loss = 0%, RTA = 1.14 ms
[1694487600] CURRENT HOST STATE: SRV_nagios;UP;HARD;1;PING OK - Packet loss = 0%, RTA = 0.09 ms
[1694487600] CURRENT HOST STATE: SRV_sync.cass.cl;UP;HARD;1;PING OK - Packet loss = 0%, RTA = 1.68 ms
[1694487600] CURRENT HOST STATE: Servidor Vcenter;UP;HARD;1;PING OK - Packet loss = 0%, RTA = 0.60 ms
[1694487600] CURRENT HOST STATE: Servidores CASS;UP;HARD;1;PING OK - Packet loss = 0%, RTA = 1.20 ms
[1694487600] CURRENT HOST STATE: Ups Principal;UP;HARD;1;PING OK - Packet loss = 0%, RTA = 1.07 ms
[1694487600] CURRENT HOST STATE: Veeam2023.cass.pmc;UP;HARD;1;PING OK - Packet loss = 0%, RTA = 1.83 ms
[1694487600] CURRENT HOST STATE: web_cass_cl;UP;HARD;1;PING OK - Packet loss = 0%, RTA = 0.75 ms
[1694487600] CURRENT SERVICE STATE: ADL Diagnostic;Ping;OK;HARD;1;PING OK - Packet loss = 0%, RTA = 36.86 ms
[1694487600] CURRENT SERVICE STATE: Blueshell;Ping;OK;HARD;1;PING OK - Packet loss = 0%, RTA = 2.78 ms
[1694487600] CURRENT SERVICE STATE: Clinica PV Movistar;Ping;OK;HARD;1;PING OK - Packet loss = 0%, RTA = 31.40 ms
[1694487600] CURRENT SERVICE STATE: Confe;Ping;CRITICAL;HARD;3;PING CRITICAL - Packet loss = 100%
[1694487600] CURRENT SERVICE STATE: Electric Works;Ping;OK;HARD;1;PING OK - Packet loss = 0%, RTA = 33.18 ms
[1694487600] CURRENT SERVICE STATE: Ext Telsur;Ping;OK;HARD;1;PING OK - Packet loss = 0%, RTA = 0.90 ms
[1694487600] CURRENT SERVICE STATE: FW ADL Diagnostic;Ping;OK;HARD;1;PING OK - Packet loss = 0%, RTA = 35.08 ms
[1694487600] CURRENT SERVICE STATE: FW Blueshell;Ping;OK;HARD;1;PING OK - Packet loss = 0%, RTA = 3.13 ms
[1694487600] CURRENT SERVICE STATE: FW Cass Entel;Ping;OK;HARD;1;PING OK - Packet loss = 0%, RTA = 35.56 ms
[1694487600] CURRENT SERVICE STATE: FW Cass Telsur;Ancho de Banda DMZ;OK;HARD;1;OK - Average IN: 3.20KB (0.00%), Average OUT: 4.88KB (0.00%)Total RX: 48.99GBytes, Total TX: 54.21GBytes
[1694487600] CURRENT SERVICE STATE: FW Cass Telsur;Ancho de Banda LAN;OK;HARD;1;OK - Average IN: 851.80B (0.00%), Average OUT: 1.46KB (0.00%)Total RX: 812.96GBytes, Total TX: 820.43GBytes
[1694487600] CURRENT SERVICE STATE: FW Cass Telsur;Ancho de Banda WAN;OK;HARD;1;OK - Average IN: 234.12B (0.00%), Average OUT: 75.50B (0.00%)Total RX: 11122.71GBytes, Total TX: 8220.36GBytes
[1694487600] CURRENT SERVICE STATE: FW Cass Telsur;Estado Puerto DMZ;OK;HARD;1;OK: Interface eth2 (index 4) is up.
[1694487600] CURRENT SERVICE STATE: FW Cass Telsur;Estado Puerto LAN;OK;HARD;1;OK: Interface eth0 (index 2) is up.
[1694487600] CURRENT SERVICE STATE: FW Cass Telsur;Estado Puerto WAN;OK;HARD;1;OK: Interface eth1 (index 3) is up.
[1694487600] CURRENT SERVICE STATE: FW Cass Telsur;Estado TCP Sophos;OK;HARD;1;TCP OK - 0.000 second response time on 201.220.96.34 port 4444
[1694487600] CURRENT SERVICE STATE: FW Cass Telsur;Ping;OK;HARD;1;PING OK - Packet loss = 0%, RTA = 0.60 ms
[1694487600] CURRENT SERVICE STATE: FW Cass Telsur;Tiempo Activo;OK;HARD;1;SNMP OK - Timeticks: (100155118) 11 days, 14:12:31.18
[1694487600] CURRENT SERVICE STATE: FW Clinica PV Movistar;Ping;OK;HARD;1;PING OK - Packet loss = 0%, RTA = 34.80 ms
[1694487600] CURRENT SERVICE STATE: FW Confe;Ping;OK;HARD;1;PING OK - Packet loss = 0%, RTA = 41.03 ms
[1694487600] CURRENT SERVICE STATE: FW Electric Works;Ping;OK;HARD;1;PING OK - Packet loss = 0%, RTA = 33.95 ms
[1694487600] CURRENT SERVICE STATE: FW Gore Los Lagos;Ping;OK;HARD;1;PING OK - Packet loss = 0%, RTA = 1.18 ms
[1694487600] CURRENT SERVICE STATE: FW Pasmar;Ping;OK;HARD;1;PING OK - Packet loss = 0%, RTA = 1.75 ms
[1694487600] CURRENT SERVICE STATE: Gore Los Lagos;Ping;OK;HARD;1;PING OK - Packet loss = 0%, RTA = 1.20 ms
[1694487600] CURRENT SERVICE STATE: Host-10.0.0.120;Ping;OK;HARD;1;PING OK - Packet loss = 0%, RTA = 0.41 ms
[1694487600] CURRENT SERVICE STATE: Host-10.0.0.121;Ping;OK;HARD;1;PING OK - Packet loss = 0%, RTA = 0.42 ms
[1694487600] CURRENT SERVICE STATE: Pasmar;Ping;OK;HARD;1;PING OK - Packet loss = 0%, RTA = 1.78 ms
[1694487600] CURRENT SERVICE STATE: Qnap NAS;Almacenamiento;OK;HARD;1;OK: Total:50TB - Used:28TB - Free:21TB - Used Space: 56%
[1694487600] CURRENT SERVICE STATE: Qnap NAS;Estado;OK;HARD;1;Power Supply #1 - OK: GOOD
[1694487600] CURRENT SERVICE STATE: Qnap NAS;Memoria;OK;HARD;1;OK: Total:3830MB - Used:1268MB - Free:2562MB = 34%
[1694487600] CURRENT SERVICE STATE: Qnap NAS;Sysinfo;OK;HARD;1;NAS Cloud, Model TS-879U-RP, Firmware 4.3.6, Max HD number 8, No. Volume 1
[1694487600] CURRENT SERVICE STATE: Qnap NAS;Temperatura;OK;HARD;1;OK: Temperature=37C
[1694487600] CURRENT SERVICE STATE: Qnap NAS;Tiempo Activo;OK;HARD;1;SNMP OK - Timeticks: (419740373) 48 days, 13:56:43.73
[1694487600] CURRENT SERVICE STATE: SRV01USER_cass.cl;Actualizacion;CRITICAL;HARD;3;Updates: 12 critical, 0 optional
[1694487600] CURRENT SERVICE STATE: SRV01USER_cass.cl;Almacenamiento C;OK;HARD;1;c:\ - total: 119.40 Gb - used: 94.47 Gb (79%) - free 24.93 Gb (21%)
[1694487600] CURRENT SERVICE STATE: SRV01USER_cass.cl;Almacenamiento U;OK;HARD;1;u:\ - total: 1023.98 Gb - used: 182.00 Gb (18%) - free 841.98 Gb (82%)
[1694487600] CURRENT SERVICE STATE: SRV01USER_cass.cl;CPU;OK;HARD;1;CPU Load 2% (5 min average)
[1694487600] CURRENT SERVICE STATE: SRV01USER_cass.cl;Memoria;OK;HARD;1;Memory usage: total:26367.24 MB - used: 10296.30 MB (39%) - free: 16070.94 MB (61%)
[1694487600] CURRENT SERVICE STATE: SRV01USER_cass.cl;Ping;OK;HARD;1;PING OK - Packet loss = 0%, RTA = 2.19 ms
[1694487600] CURRENT SERVICE STATE: SRV01USER_cass.cl;Tiempo Activo;OK;HARD;1;System Uptime - 1 day(s) 15 hour(s) 50 minute(s)
[1694487600] CURRENT SERVICE STATE: SRV04AD01.cass.cl;Ping;OK;HARD;1;PING OK - Packet loss = 0%, RTA = 1.49 ms
[1694487600] CURRENT SERVICE STATE: SRV05AD02_cass.cl;Ping;OK;HARD;1;PING OK - Packet loss = 0%, RTA = 1.40 ms
[1694487600] CURRENT SERVICE STATE: SRV11VIBE_cass.cl;Actualizacion;CRITICAL;HARD;3;Updates CRITICAL : discontinued OS Release SLE 15.1: At least one of your Repositories might be out of date. Please run "zypper refresh" as root to update it.  2 security update(s): 1 recommended update(s):  2 package update(s):
[1694487600] CURRENT SERVICE STATE: SRV11VIBE_cass.cl;Almacenamiento /;OK;HARD;1;DISK OK - free space: /var/tmp 78637 MiB (85.81% inode=-):
[1694487600] CURRENT SERVICE STATE: SRV11VIBE_cass.cl;CPU;OK;HARD;1;OK - load average per CPU: 0.03, 0.01, 0.01
[1694487600] CURRENT SERVICE STATE: SRV11VIBE_cass.cl;Memoria;OK;HARD;1;[MEMORY] Total: 7693 MB - Used: 4991 MB - 64% [SWAP] Total: 7944 MB - Used: 614 MB - 7%
[1694487600] CURRENT SERVICE STATE: SRV11VIBE_cass.cl;Ping;OK;HARD;1;PING OK - Packet loss = 0%, RTA = 1.23 ms
[1694487600] CURRENT SERVICE STATE: SRV11VIBE_cass.cl;Proceso Vibe;OK;HARD;1;PROCS OK: 0 processes with command name 'vibe'
[1694487600] CURRENT SERVICE STATE: SRV11VIBE_cass.cl;Procesos;OK;HARD;1;PROCS OK: 312 processes
[1694487600] CURRENT SERVICE STATE: SRV11VIBE_cass.cl;Procesos Zombies;OK;HARD;1;PROCS OK: 0 processes with STATE = Z
[1694487600] CURRENT SERVICE STATE: SRV11VIBE_cass.cl;Puerto HTTP;OK;HARD;1;TCP OK - 0.001 second response time on 10.0.2.13 port 80
[1694487600] CURRENT SERVICE STATE: SRV11VIBE_cass.cl;Puerto HTTPS;OK;HARD;1;TCP OK - 0.001 second response time on 10.0.2.13 port 443
[1694487600] CURRENT SERVICE STATE: SRV11VIBE_cass.cl;Servicio Vibe;OK;HARD;1;OK: Service vibe is running!
[1694487600] CURRENT SERVICE STATE: SRV11VIBE_cass.cl;Tiempo Activo;WARNING;HARD;3;Uptime WARNING: 143 day(s) 13 hour(s) 14 minute(s)
[1694487600] CURRENT SERVICE STATE: SRV11VIBE_cass.cl;Usuarios Login;OK;HARD;1;USERS OK - 2 users currently logged in
[1694487600] CURRENT SERVICE STATE: SRV12WEB_cass.cl;Ping;OK;HARD;1;PING OK - Packet loss = 0%, RTA = 1.17 ms
[1694487600] CURRENT SERVICE STATE: SRVAD1.cass.pmc;Ping;OK;HARD;1;PING OK - Packet loss = 0%, RTA = 1.63 ms
[1694487600] CURRENT SERVICE STATE: SRVAD2.cass.pmc;Ping;OK;HARD;1;PING OK - Packet loss = 0%, RTA = 1.44 ms
[1694487600] CURRENT SERVICE STATE: SRVADMIN.cass.pmc;Actualizacion;CRITICAL;HARD;3;Updates: 4 critical, 0 optional
[1694487600] CURRENT SERVICE STATE: SRVADMIN.cass.pmc;Almacenamiento;OK;HARD;1;c:\ - total: 299.66 Gb - used: 165.32 Gb (55%) - free 134.33 Gb (45%)
[1694487600] CURRENT SERVICE STATE: SRVADMIN.cass.pmc;CPU;OK;HARD;1;CPU Load 0% (5 min average)
[1694487600] CURRENT SERVICE STATE: SRVADMIN.cass.pmc;Memoria;OK;HARD;1;Memory usage: total:18079.09 MB - used: 14061.38 MB (78%) - free: 4017.71 MB (22%)
[1694487600] CURRENT SERVICE STATE: SRVADMIN.cass.pmc;Ping;OK;HARD;1;PING OK - Packet loss = 0%, RTA = 1.86 ms
[1694487600] CURRENT SERVICE STATE: SRVADMIN.cass.pmc;Tiempo Activo;OK;HARD;1;System Uptime - 55 day(s) 2 hour(s) 14 minute(s)
[1694487600] CURRENT SERVICE STATE: SRVCONT.cass.cl;Actualizacion;CRITICAL;HARD;3;Updates: 4 critical, 0 optional
[1694487600] CURRENT SERVICE STATE: SRVCONT.cass.cl;Almacenamiento;OK;HARD;1;c:\ - total: 299.33 Gb - used: 41.88 Gb (14%) - free 257.45 Gb (86%)
[1694487600] CURRENT SERVICE STATE: SRVCONT.cass.cl;CPU;OK;HARD;1;CPU Load 2% (5 min average)
[1694487600] CURRENT SERVICE STATE: SRVCONT.cass.cl;Memoria;OK;HARD;1;Memory usage: total:14507.92 MB - used: 5118.05 MB (35%) - free: 9389.87 MB (65%)
[1694487600] CURRENT SERVICE STATE: SRVCONT.cass.cl;Ping;OK;HARD;1;PING OK - Packet loss = 0%, RTA = 3.50 ms
[1694487600] CURRENT SERVICE STATE: SRVCONT.cass.cl;Tiempo Activo;OK;HARD;1;System Uptime - 55 day(s) 2 hour(s) 18 minute(s)
[1694487600] CURRENT SERVICE STATE: SRVDC1.cass.pmc;Ping;OK;HARD;1;PING OK - Packet loss = 0%, RTA = 1.66 ms
[1694487600] CURRENT SERVICE STATE: SRVDNS;Ping;OK;HARD;1;PING OK - Packet loss = 0%, RTA = 0.95 ms
[1694487600] CURRENT SERVICE STATE: SRVMFSD;Ping;OK;HARD;1;PING OK - Packet loss = 0%, RTA = 1.16 ms
[1694487600] CURRENT SERVICE STATE: SRV_Cfiler.cass.cl;Actualizacion;OK;HARD;1;Updates OK : no updates available
[1694487600] CURRENT SERVICE STATE: SRV_Cfiler.cass.cl;Almacenamiento /;OK;HARD;1;DISK OK - free space: / 2465293 MB (73% inode=-):
[1694487600] CURRENT SERVICE STATE: SRV_Cfiler.cass.cl;CPU;OK;HARD;1;OK - load average: 0.15, 0.12, 0.09
[1694487600] CURRENT SERVICE STATE: SRV_Cfiler.cass.cl;Http;OK;HARD;1;TCP OK - 0.000 second response time on port 80
[1694487600] CURRENT SERVICE STATE: SRV_Cfiler.cass.cl;Https;OK;HARD;1;TCP OK - 0.000 second response time on port 443
[1694487600] CURRENT SERVICE STATE: SRV_Cfiler.cass.cl;Memoria;OK;HARD;1;[MEMORY] Total: 3893 MB - Used: 1275 MB - 32% [SWAP] Total: 2047 MB - Used: 429 MB - 20%
[1694487600] CURRENT SERVICE STATE: SRV_Cfiler.cass.cl;Procesos;OK;HARD;1;PROCS OK: 302 processes
[1694487600] CURRENT SERVICE STATE: SRV_Cfiler.cass.cl;Procesos Zombies;OK;HARD;1;PROCS OK: 0 processes with STATE = Z
[1694487600] CURRENT SERVICE STATE: SRV_Cfiler.cass.cl;Procs Apache;OK;HARD;1;PROCS OK: 11 processes with args 'apache2'
[1694487600] CURRENT SERVICE STATE: SRV_Cfiler.cass.cl;Serv Apache;OK;HARD;1;OK: Service apache is running!
[1694487600] CURRENT SERVICE STATE: SRV_Cfiler.cass.cl;Servicio General;OK;HARD;1;PING OK - Packet loss = 0%, RTA = 0.72 ms
[1694487600] CURRENT SERVICE STATE: SRV_Cfiler.cass.cl;Tiempo Activo;WARNING;HARD;3;Uptime WARNING: 146 day(s) 1 hour(s) 4 minute(s)
[1694487600] CURRENT SERVICE STATE: SRV_Cfiler.cass.cl;Usuarios Login;OK;HARD;1;USERS OK - 1 users currently logged in
[1694487600] CURRENT SERVICE STATE: SRV_Oraculo_cass.cl;Ping;OK;HARD;1;PING OK - Packet loss = 0%, RTA = 1.27 ms
[1694487600] CURRENT SERVICE STATE: SRV_SOS2021.cass.cl;Actualizacion;OK;HARD;1;Updates OK : no updates available
[1694487600] CURRENT SERVICE STATE: SRV_SOS2021.cass.cl;Almacenamiento /;OK;HARD;1;DISK OK - free space: /var/tmp 118421 MiB (91.14% inode=-):
[1694487600] CURRENT SERVICE STATE: SRV_SOS2021.cass.cl;CPU;OK;HARD;1;OK - load average per CPU: 0.01, 0.01, 0.01
[1694487600] CURRENT SERVICE STATE: SRV_SOS2021.cass.cl;Memoria;OK;HARD;1;[MEMORY] Total: 7946 MB - Used: 1555 MB - 19% [SWAP] Total: 10239 MB - Used: 1 MB - 0%
[1694487600] CURRENT SERVICE STATE: SRV_SOS2021.cass.cl;Ping;OK;HARD;1;PING OK - Packet loss = 0%, RTA = 0.58 ms
[1694487600] CURRENT SERVICE STATE: SRV_SOS2021.cass.cl;Procesos;OK;HARD;1;PROCS OK: 315 processes
[1694487600] CURRENT SERVICE STATE: SRV_SOS2021.cass.cl;Procesos Zombies;OK;HARD;1;PROCS OK: 0 processes with STATE = Z
[1694487600] CURRENT SERVICE STATE: SRV_SOS2021.cass.cl;Tiempo Activo;OK;HARD;1;Uptime OK: 173 day(s) 10 hour(s) 37 minute(s)
[1694487600] CURRENT SERVICE STATE: SRV_SOS2021.cass.cl;Usuarios Login;OK;HARD;1;USERS OK - 0 users currently logged in
[1694487600] CURRENT SERVICE STATE: SRV_SUM;Ping;OK;HARD;1;PING OK - Packet loss = 0%, RTA = 0.67 ms
[1694487600] CURRENT SERVICE STATE: SRV_chat.cass.cl;Actualizacion;OK;HARD;1;Updates OK : no updates available
[1694487600] CURRENT SERVICE STATE: SRV_chat.cass.cl;Almacenamiento /;OK;HARD;1;DISK OK - free space: /var/tmp 971871 MiB (92.99% inode=-):
[1694487600] CURRENT SERVICE STATE: SRV_chat.cass.cl;CPU;OK;HARD;1;OK - load average per CPU: 0.08, 0.07, 0.05
[1694487600] CURRENT SERVICE STATE: SRV_chat.cass.cl;Memoria;OK;HARD;1;[MEMORY] Total: 7919 MB - Used: 3191 MB - 40% [SWAP] Total: 2048 MB - Used: 1222 MB - 59%
[1694487600] CURRENT SERVICE STATE: SRV_chat.cass.cl;Ping;OK;HARD;1;PING OK - Packet loss = 0%, RTA = 0.78 ms
[1694487600] CURRENT SERVICE STATE: SRV_chat.cass.cl;Proceso Docker;OK;HARD;1;PROCS OK: 0 processes with command name 'docker'
[1694487600] CURRENT SERVICE STATE: SRV_chat.cass.cl;Proceso Nginx;OK;HARD;1;PROCS OK: 3 processes with command name 'nginx'
[1694487600] CURRENT SERVICE STATE: SRV_chat.cass.cl;Procesos;OK;HARD;1;PROCS OK: 302 processes
[1694487600] CURRENT SERVICE STATE: SRV_chat.cass.cl;Procesos Zombies;OK;HARD;1;PROCS OK: 1 process with STATE = Z
[1694487600] CURRENT SERVICE STATE: SRV_chat.cass.cl;Puerto Contenedor;OK;HARD;1;TCP OK - 0.000 second response time on port 8000
[1694487600] CURRENT SERVICE STATE: SRV_chat.cass.cl;Puerto HTTP;OK;HARD;1;TCP OK - 0.000 second response time on port 80
[1694487600] CURRENT SERVICE STATE: SRV_chat.cass.cl;Puerto HTTPS;OK;HARD;1;TCP OK - 0.000 second response time on port 443
[1694487600] CURRENT SERVICE STATE: SRV_chat.cass.cl;Puerto Portainer;OK;HARD;1;TCP OK - 0.000 second response time on port 9443
[1694487600] CURRENT SERVICE STATE: SRV_chat.cass.cl;Servicio Docker;OK;HARD;1;OK: Service docker is running!
[1694487600] CURRENT SERVICE STATE: SRV_chat.cass.cl;Servicio Nginx;OK;HARD;1;OK: Service nginx is running!
[1694487600] CURRENT SERVICE STATE: SRV_chat.cass.cl;Usuarios Login;OK;HARD;1;USERS OK - 2 users currently logged in
[1694487600] CURRENT SERVICE STATE: SRV_email.cass.cl;Actualizacion;OK;HARD;1;Updates OK : no updates available
[1694487600] CURRENT SERVICE STATE: SRV_email.cass.cl;Almacenamiento /;OK;HARD;1;DISK OK - free space: /var/tmp 476374 MiB (94.03% inode=-):
[1694487600] CURRENT SERVICE STATE: SRV_email.cass.cl;Almacenamiento Mail;OK;HARD;1;DISK OK - free space: /mail 1805782 MiB (92.21% inode=99%):
[1694487600] CURRENT SERVICE STATE: SRV_email.cass.cl;Almacenamiento Mail2;OK;HARD;1;DISK OK - free space: /mail2 476400 MiB (99.82% inode=100%):
[1694487600] CURRENT SERVICE STATE: SRV_email.cass.cl;CPU;OK;HARD;1;OK - load average per CPU: 0.01, 0.01, 0.01
[1694487600] CURRENT SERVICE STATE: SRV_email.cass.cl;Correo Pop;OK;HARD;1;POP OK - 0.000 second response time on 10.0.2.25 port 110 [+OK GroupWise POP3 server ready]
[1694487600] CURRENT SERVICE STATE: SRV_email.cass.cl;Correo Smtp;OK;HARD;1;SMTP OK - 0.030 sec. response time
[1694487600] CURRENT SERVICE STATE: SRV_email.cass.cl;Memoria;OK;HARD;1;[MEMORY] Total: 11939 MB - Used: 1410 MB - 11% [SWAP] Total: 2048 MB - Used: 0 MB - 0%
[1694487600] CURRENT SERVICE STATE: SRV_email.cass.cl;Ping;OK;HARD;1;PING OK - Packet loss = 0%, RTA = 1.05 ms
[1694487600] CURRENT SERVICE STATE: SRV_email.cass.cl;Procesos;OK;HARD;1;PROCS OK: 289 processes
[1694487600] CURRENT SERVICE STATE: SRV_email.cass.cl;Procesos Zombies;OK;HARD;1;PROCS OK: 0 processes with STATE = Z
[1694487600] CURRENT SERVICE STATE: SRV_email.cass.cl;Tiempo Activo;OK;HARD;1;Uptime OK: 0 day(s) 10 hour(s) 46 minute(s)
[1694487600] CURRENT SERVICE STATE: SRV_email.cass.cl;Usuarios Login;OK;HARD;1;USERS OK - 0 users currently logged in
[1694487600] CURRENT SERVICE STATE: SRV_nagios;Actualizacion;OK;HARD;1;YUM OK: 0 Updates Available
[1694487600] CURRENT SERVICE STATE: SRV_nagios;CPU;OK;HARD;1;OK - load average: 0.07, 0.05, 0.05
[1694487600] CURRENT SERVICE STATE: SRV_nagios;Memoria;OK;HARD;1;[MEMORY] Total: 7740 MB - Used: 448 MB - 5% [SWAP] Total: 7935 MB - Used: 0 MB - 0%
[1694487600] CURRENT SERVICE STATE: SRV_nagios;PING;OK;HARD;1;PING OK - Packet loss = 0%, RTA = 0.08 ms
[1694487600] CURRENT SERVICE STATE: SRV_nagios;Procesos;OK;HARD;1;PROCS OK: 53 processes with STATE = RSZDT
[1694487600] CURRENT SERVICE STATE: SRV_nagios;Usarios Login;OK;HARD;1;USERS OK - 0 users currently logged in
[1694487600] CURRENT SERVICE STATE: SRV_sync.cass.cl;Ping;OK;HARD;1;PING OK - Packet loss = 0%, RTA = 1.02 ms
[1694487600] CURRENT SERVICE STATE: Servidor Vcenter;Ping;OK;HARD;1;PING OK - Packet loss = 0%, RTA = 0.55 ms
[1694487600] CURRENT SERVICE STATE: Servidores CASS;Ancho de Banda GE/1/0/3;OK;HARD;1;OK - Average IN: 8.52KB (0.01%), Average OUT: 11.22KB (0.01%)Total RX: 39593.90GBytes, Total TX: 87157.92GBytes
[1694487600] CURRENT SERVICE STATE: Servidores CASS;Estado Puerto 3;OK;HARD;1;OK: Interface GigabitEthernet1/0/3 (index 3) is up.
[1694487600] CURRENT SERVICE STATE: Servidores CASS;Estado Puerto 80;OK;HARD;1;TCP OK - 0.002 second response time on 10.0.0.17 port 80
[1694487600] CURRENT SERVICE STATE: Servidores CASS;Ping;OK;HARD;1;PING OK - Packet loss = 0%, RTA = 1.24 ms
[1694487600] CURRENT SERVICE STATE: Servidores CASS;Tiempo Activo;OK;HARD;1;SNMP OK - Timeticks: (1498640222) 173 days, 10:53:22.22
[1694487600] CURRENT SERVICE STATE: Ups Principal;Carga;OK;HARD;1;OK: Estimated battery charge 98%, approximately 0 minutes runtime remaining.
[1694487600] CURRENT SERVICE STATE: Ups Principal;Estado;OK;HARD;1;OK: Battery Status Normal.
[1694487600] CURRENT SERVICE STATE: Ups Principal;Ping;OK;HARD;1;PING OK - Packet loss = 0%, RTA = 0.95 ms
[1694487600] CURRENT SERVICE STATE: Ups Principal;Temperatura;OK;HARD;1;OK: Battery Temperature is 23 degrees C (73.4 degrees F).
[1694487600] CURRENT SERVICE STATE: Ups Principal;Tiempo Activo;OK;HARD;1;SNMP OK - Timeticks: (62616764) 7 days, 5:56:07.64
[1694487600] CURRENT SERVICE STATE: Veeam2023.cass.pmc;Actualizacion;CRITICAL;HARD;3;Updates: 4 critical, 0 optional
[1694487600] CURRENT SERVICE STATE: Veeam2023.cass.pmc;Almacenamiento;OK;HARD;1;c:\ - total: 99.33 Gb - used: 62.57 Gb (63%) - free 36.76 Gb (37%)
[1694487600] CURRENT SERVICE STATE: Veeam2023.cass.pmc;CPU;OK;HARD;1;CPU Load 14% (5 min average)
[1694487600] CURRENT SERVICE STATE: Veeam2023.cass.pmc;Memoria;OK;HARD;1;Memory usage: total:28159.25 MB - used: 17428.35 MB (62%) - free: 10730.90 MB (38%)
[1694487600] CURRENT SERVICE STATE: Veeam2023.cass.pmc;Ping;OK;HARD;1;PING OK - Packet loss = 0%, RTA = 1.76 ms
[1694487600] CURRENT SERVICE STATE: Veeam2023.cass.pmc;Tiempo Activo;OK;HARD;1;System Uptime - 14 day(s) 12 hour(s) 52 minute(s)
[1694487600] CURRENT SERVICE STATE: web_cass_cl;Certificado;OK;HARD;1;SSL OK - Certificate '*.cass.cl' will expire in 105 days on 2023-12-26 20:59 -0300/-03.
[1694487600] CURRENT SERVICE STATE: web_cass_cl;HTTP;OK;HARD;1;HTTP OK: HTTP/1.1 302 Found - 1079 bytes in 0.176 second response time
[1694487858] Auto-save of retention data completed successfully.
[1694491458] Auto-save of retention data completed successfully.
[1694495058] Auto-save of retention data completed successfully.
[1694495405] SERVICE ALERT: SRV_email.cass.cl;Actualizacion;UNKNOWN;SOFT;1;CHECK_NRPE: Receive header underflow - only 0 bytes received (4 expected).
[1694495537] SERVICE ALERT: SRV_email.cass.cl;Actualizacion;OK;SOFT;2;Updates OK : no updates available
[1694496069] SERVICE ALERT: SRV11VIBE_cass.cl;Tiempo Activo;CRITICAL;HARD;3;(No output on stdout) stderr: connect to address 10.0.2.13 port 5666: Connection refused
[1694496069] SERVICE ALERT: SRV11VIBE_cass.cl;CPU;CRITICAL;SOFT;1;(No output on stdout) stderr: connect to address 10.0.2.13 port 5666: Connection refused
[1694496129] SERVICE ALERT: SRV11VIBE_cass.cl;Tiempo Activo;WARNING;HARD;3;Uptime WARNING: 143 day(s) 15 hour(s) 37 minute(s)
[1694496189] SERVICE ALERT: SRV11VIBE_cass.cl;CPU;OK;SOFT;2;OK - load average per CPU: 0.03, 0.02, 0.01
[1694498658] Auto-save of retention data completed successfully.
[1694502258] Auto-save of retention data completed successfully.
[1694505858] Auto-save of retention data completed successfully.
[1694507469] SERVICE ALERT: SRV11VIBE_cass.cl;Tiempo Activo;CRITICAL;HARD;3;(No output on stdout) stderr: connect to address 10.0.2.13 port 5666: Connection refused
[1694507469] SERVICE ALERT: SRV11VIBE_cass.cl;CPU;CRITICAL;SOFT;1;(No output on stdout) stderr: connect to address 10.0.2.13 port 5666: Connection refused
[1694507529] SERVICE ALERT: SRV11VIBE_cass.cl;Tiempo Activo;WARNING;HARD;3;Uptime WARNING: 143 day(s) 18 hour(s) 47 minute(s)
[1694507589] SERVICE ALERT: SRV11VIBE_cass.cl;CPU;OK;SOFT;2;OK - load average per CPU: 0.01, 0.02, 0.01
[1694508669] SERVICE ALERT: SRV11VIBE_cass.cl;CPU;UNKNOWN;SOFT;1;CHECK_NRPE: Receive header underflow - only 0 bytes received (4 expected).
[1694508789] SERVICE ALERT: SRV11VIBE_cass.cl;CPU;OK;SOFT;2;OK - load average per CPU: 0.02, 0.01, 0.01
[1694509458] Auto-save of retention data completed successfully.
[1694512869] SERVICE ALERT: SRV11VIBE_cass.cl;Tiempo Activo;CRITICAL;HARD;3;(No output on stdout) stderr: connect to address 10.0.2.13 port 5666: Connection refused
[1694512929] SERVICE ALERT: SRV11VIBE_cass.cl;Tiempo Activo;WARNING;HARD;3;Uptime WARNING: 143 day(s) 20 hour(s) 17 minute(s)
[1694513058] Auto-save of retention data completed successfully.
[1694514669] SERVICE ALERT: SRV11VIBE_cass.cl;Proceso Vibe;CRITICAL;SOFT;1;(No output on stdout) stderr: connect to address 10.0.2.13 port 5666: Connection refused
[1694514789] SERVICE ALERT: SRV11VIBE_cass.cl;Proceso Vibe;OK;SOFT;2;PROCS OK: 0 processes with command name 'vibe'
[1694515802] SERVICE ALERT: SRV_email.cass.cl;Correo Smtp;UNKNOWN;SOFT;1;CHECK_NRPE: Receive header underflow - only 0 bytes received (4 expected).
[1694515869] SERVICE ALERT: SRV11VIBE_cass.cl;CPU;CRITICAL;SOFT;1;(No output on stdout) stderr: connect to address 10.0.2.13 port 5666: Connection refused
[1694515922] SERVICE ALERT: SRV_email.cass.cl;Correo Smtp;OK;SOFT;2;SMTP OK - 0.064 sec. response time
[1694515989] SERVICE ALERT: SRV11VIBE_cass.cl;CPU;OK;SOFT;2;OK - load average per CPU: 0.00, 0.01, 0.00
[1694516469] SERVICE ALERT: SRV11VIBE_cass.cl;Proceso Vibe;UNKNOWN;SOFT;1;CHECK_NRPE: Receive header underflow - only 0 bytes received (4 expected).
[1694516589] SERVICE ALERT: SRV11VIBE_cass.cl;Proceso Vibe;OK;SOFT;2;PROCS OK: 0 processes with command name 'vibe'
[1694516658] Auto-save of retention data completed successfully.
[1694516701] SERVICE ALERT: FW Gore Los Lagos;Ping;WARNING;SOFT;1;PING WARNING - Packet loss = 81%, RTA = 5.40 ms
[1694516701] wproc: Core Worker 1136: job 535935 (pid=30738) timed out. Killing it
[1694516701] wproc: CHECK job 535935 from worker Core Worker 1136 timed out after 30.01s
[1694516701] wproc:   host=FW Gore Los Lagos; service=(null);
[1694516701] wproc:   early_timeout=1; exited_ok=0; wait_status=0; error_code=62;
[1694516701] Warning: Check of host 'FW Gore Los Lagos' timed out after 30.01 seconds
[1694516701] HOST ALERT: FW Gore Los Lagos;DOWN;SOFT;1;(Host check timed out after 30.01 seconds)
[1694516701] wproc: Core Worker 1136: job 535935 (pid=30738): Dormant child reaped
[1694516765] HOST ALERT: FW Gore Los Lagos;UP;SOFT;1;PING OK - Packet loss = 0%, RTA = 16.57 ms
[1694516825] SERVICE ALERT: FW Gore Los Lagos;Ping;OK;SOFT;2;PING OK - Packet loss = 0%, RTA = 5.26 ms
[1694518297] SERVICE ALERT: SRV_Cfiler.cass.cl;Actualizacion;CRITICAL;SOFT;1;CHECK_NRPE STATE CRITICAL: Socket timeout after 30 seconds.
[1694518303] SERVICE ALERT: SRV_SOS2021.cass.cl;Actualizacion;CRITICAL;SOFT;1;CHECK_NRPE STATE CRITICAL: Socket timeout after 30 seconds.
[1694518307] SERVICE ALERT: SRV_email.cass.cl;Actualizacion;CRITICAL;SOFT;1;CHECK_NRPE STATE CRITICAL: Socket timeout after 30 seconds.
[1694518325] SERVICE ALERT: SRV_chat.cass.cl;Actualizacion;CRITICAL;SOFT;1;CHECK_NRPE STATE CRITICAL: Socket timeout after 30 seconds.
[1694518447] SERVICE ALERT: SRV_Cfiler.cass.cl;Actualizacion;CRITICAL;SOFT;2;CHECK_NRPE STATE CRITICAL: Socket timeout after 30 seconds.
[1694518453] SERVICE ALERT: SRV_SOS2021.cass.cl;Actualizacion;CRITICAL;SOFT;2;CHECK_NRPE STATE CRITICAL: Socket timeout after 30 seconds.
[1694518457] SERVICE ALERT: SRV_email.cass.cl;Actualizacion;CRITICAL;SOFT;2;CHECK_NRPE STATE CRITICAL: Socket timeout after 30 seconds.
[1694518476] SERVICE ALERT: SRV_chat.cass.cl;Actualizacion;CRITICAL;SOFT;2;CHECK_NRPE STATE CRITICAL: Socket timeout after 30 seconds.
[1694518539] SERVICE ALERT: Gore Los Lagos;Ping;WARNING;SOFT;1;PING WARNING - Packet loss = 86%, RTA = 6.45 ms
[1694518597] SERVICE ALERT: SRV_Cfiler.cass.cl;Actualizacion;CRITICAL;HARD;3;CHECK_NRPE STATE CRITICAL: Socket timeout after 30 seconds.
[1694518603] SERVICE ALERT: SRV_SOS2021.cass.cl;Actualizacion;CRITICAL;HARD;3;CHECK_NRPE STATE CRITICAL: Socket timeout after 30 seconds.
[1694518607] SERVICE ALERT: SRV_email.cass.cl;Actualizacion;CRITICAL;HARD;3;CHECK_NRPE STATE CRITICAL: Socket timeout after 30 seconds.
[1694518626] SERVICE ALERT: SRV_chat.cass.cl;Actualizacion;CRITICAL;HARD;3;CHECK_NRPE STATE CRITICAL: Socket timeout after 30 seconds.
[1694518664] SERVICE ALERT: Gore Los Lagos;Ping;OK;SOFT;2;PING OK - Packet loss = 16%, RTA = 11.60 ms
[1694518802] SERVICE ALERT: SRV_email.cass.cl;Correo Smtp;CRITICAL;SOFT;1;(No output on stdout) stderr: connect to address 10.0.2.25 port 5666: Connection refused
[1694518803] SERVICE ALERT: SRV_email.cass.cl;Tiempo Activo;CRITICAL;SOFT;1;(No output on stdout) stderr: connect to address 10.0.2.25 port 5666: Connection refused
[1694518804] SERVICE ALERT: SRV_email.cass.cl;Correo Pop;CRITICAL;SOFT;1;(No output on stdout) stderr: connect to address 10.0.2.25 port 5666: Connection refused
[1694518804] SERVICE ALERT: SRV_SOS2021.cass.cl;Procesos Zombies;CRITICAL;SOFT;1;(No output on stdout) stderr: connect to address 10.0.0.16 port 5666: Connection refused
[1694518805] SERVICE ALERT: SRV_SOS2021.cass.cl;Usuarios Login;CRITICAL;SOFT;1;(No output on stdout) stderr: connect to address 10.0.0.16 port 5666: Connection refused
[1694518809] SERVICE ALERT: SRV_Cfiler.cass.cl;CPU;CRITICAL;SOFT;1;(No output on stdout) stderr: connect to address 10.0.0.20 port 5666: Connection refused
[1694518812] SERVICE ALERT: SRV_Cfiler.cass.cl;Memoria;CRITICAL;SOFT;1;(No output on stdout) stderr: connect to address 10.0.0.20 port 5666: Connection refused
[1694518816] SERVICE ALERT: SRV_Cfiler.cass.cl;Almacenamiento /;CRITICAL;SOFT;1;(No output on stdout) stderr: connect to address 10.0.0.20 port 5666: Connection refused
[1694518816] SERVICE ALERT: SRV_Cfiler.cass.cl;Https;CRITICAL;SOFT;1;(No output on stdout) stderr: connect to address 10.0.0.20 port 5666: Connection refused
[1694518818] SERVICE ALERT: SRV_SOS2021.cass.cl;CPU;CRITICAL;SOFT;1;(No output on stdout) stderr: connect to address 10.0.0.16 port 5666: Connection refused
[1694518818] SERVICE ALERT: SRV_email.cass.cl;Usuarios Login;CRITICAL;SOFT;1;(No output on stdout) stderr: connect to address 10.0.2.25 port 5666: Connection refused
[1694518818] SERVICE ALERT: SRV_SOS2021.cass.cl;Procesos;CRITICAL;SOFT;1;(No output on stdout) stderr: connect to address 10.0.0.16 port 5666: Connection refused
[1694518818] SERVICE ALERT: SRV_Cfiler.cass.cl;Procesos Zombies;CRITICAL;SOFT;1;(No output on stdout) stderr: connect to address 10.0.0.20 port 5666: Connection refused
[1694518819] SERVICE ALERT: SRV_email.cass.cl;Procesos;CRITICAL;SOFT;1;(No output on stdout) stderr: connect to address 10.0.2.25 port 5666: Connection refused
[1694518828] SERVICE ALERT: SRV_email.cass.cl;Memoria;CRITICAL;SOFT;1;(No output on stdout) stderr: connect to address 10.0.2.25 port 5666: Connection refused
[1694518835] SERVICE ALERT: SRV_Cfiler.cass.cl;Procs Apache;CRITICAL;SOFT;1;(No output on stdout) stderr: connect to address 10.0.0.20 port 5666: Connection refused
[1694518838] SERVICE ALERT: SRV_email.cass.cl;Procesos Zombies;CRITICAL;SOFT;1;(No output on stdout) stderr: connect to address 10.0.2.25 port 5666: Connection refused
[1694518839] SERVICE ALERT: SRV_SOS2021.cass.cl;Memoria;CRITICAL;SOFT;1;(No output on stdout) stderr: connect to address 10.0.0.16 port 5666: Connection refused
[1694518850] SERVICE ALERT: SRV_Cfiler.cass.cl;Serv Apache;CRITICAL;SOFT;1;(No output on stdout) stderr: connect to address 10.0.0.20 port 5666: Connection refused
[1694518852] SERVICE ALERT: SRV_Cfiler.cass.cl;Procesos;CRITICAL;SOFT;1;(No output on stdout) stderr: connect to address 10.0.0.20 port 5666: Connection refused
[1694518853] SERVICE ALERT: SRV_Cfiler.cass.cl;Usuarios Login;CRITICAL;SOFT;1;(No output on stdout) stderr: connect to address 10.0.0.20 port 5666: Connection refused
[1694518854] SERVICE ALERT: SRV_Cfiler.cass.cl;Http;CRITICAL;SOFT;1;(No output on stdout) stderr: connect to address 10.0.0.20 port 5666: Connection refused
[1694518857] SERVICE ALERT: SRV_Cfiler.cass.cl;Tiempo Activo;CRITICAL;HARD;3;(No output on stdout) stderr: connect to address 10.0.0.20 port 5666: Connection refused
[1694518869] SERVICE ALERT: SRV11VIBE_cass.cl;Proceso Vibe;CRITICAL;SOFT;1;(No output on stdout) stderr: connect to address 10.0.2.13 port 5666: Connection refused
[1694518917] SERVICE ALERT: SRV_Cfiler.cass.cl;Tiempo Activo;WARNING;HARD;3;Uptime WARNING: 146 day(s) 9 hour(s) 46 minute(s)
[1694518922] SERVICE ALERT: SRV_email.cass.cl;Correo Smtp;OK;SOFT;2;SMTP OK - 0.033 sec. response time
[1694518923] SERVICE ALERT: SRV_email.cass.cl;Tiempo Activo;OK;SOFT;2;Uptime OK: 0 day(s) 19 hour(s) 29 minute(s)
[1694518924] SERVICE ALERT: SRV_email.cass.cl;Correo Pop;OK;SOFT;2;POP OK - 0.001 second response time on 10.0.2.25 port 110 [+OK GroupWise POP3 server ready]
[1694518924] SERVICE ALERT: SRV_SOS2021.cass.cl;Procesos Zombies;OK;SOFT;2;PROCS OK: 0 processes with STATE = Z
[1694518925] SERVICE ALERT: SRV_SOS2021.cass.cl;Usuarios Login;OK;SOFT;2;USERS OK - 0 users currently logged in
[1694518929] SERVICE ALERT: SRV_Cfiler.cass.cl;CPU;OK;SOFT;2;OK - load average: 0.00, 0.00, 0.02
[1694518932] SERVICE ALERT: SRV_Cfiler.cass.cl;Memoria;OK;SOFT;2;[MEMORY] Total: 3893 MB - Used: 986 MB - 25% [SWAP] Total: 2047 MB - Used: 429 MB - 20%
[1694518936] SERVICE ALERT: SRV_Cfiler.cass.cl;Almacenamiento /;OK;SOFT;2;DISK OK - free space: / 2465297 MB (73% inode=-):
[1694518936] SERVICE ALERT: SRV_Cfiler.cass.cl;Https;OK;SOFT;2;TCP OK - 0.000 second response time on port 443
[1694518938] SERVICE ALERT: SRV_SOS2021.cass.cl;CPU;OK;SOFT;2;OK - load average per CPU: 0.01, 0.01, 0.01
[1694518938] SERVICE ALERT: SRV_email.cass.cl;Usuarios Login;OK;SOFT;2;USERS OK - 0 users currently logged in
[1694518938] SERVICE ALERT: SRV_SOS2021.cass.cl;Procesos;OK;SOFT;2;PROCS OK: 324 processes
[1694518938] SERVICE ALERT: SRV_Cfiler.cass.cl;Procesos Zombies;OK;SOFT;2;PROCS OK: 0 processes with STATE = Z
[1694518939] SERVICE ALERT: SRV_email.cass.cl;Procesos;OK;SOFT;2;PROCS OK: 301 processes
[1694518949] SERVICE ALERT: SRV_email.cass.cl;Memoria;OK;SOFT;2;[MEMORY] Total: 11939 MB - Used: 1455 MB - 12% [SWAP] Total: 2048 MB - Used: 0 MB - 0%
[1694518956] SERVICE ALERT: SRV_Cfiler.cass.cl;Procs Apache;OK;SOFT;2;PROCS OK: 9 processes with args 'apache2'
[1694518958] SERVICE ALERT: SRV_email.cass.cl;Procesos Zombies;OK;SOFT;2;PROCS OK: 0 processes with STATE = Z
[1694518959] SERVICE ALERT: SRV_SOS2021.cass.cl;Memoria;OK;SOFT;2;[MEMORY] Total: 7946 MB - Used: 1565 MB - 19% [SWAP] Total: 10239 MB - Used: 1 MB - 0%
[1694518971] SERVICE ALERT: SRV_Cfiler.cass.cl;Serv Apache;OK;SOFT;2;OK: Service apache is running!
[1694518972] SERVICE ALERT: SRV_Cfiler.cass.cl;Procesos;OK;SOFT;2;PROCS OK: 308 processes
[1694518973] SERVICE ALERT: SRV_Cfiler.cass.cl;Usuarios Login;OK;SOFT;2;USERS OK - 1 users currently logged in
[1694518974] SERVICE ALERT: SRV_Cfiler.cass.cl;Http;OK;SOFT;2;TCP OK - 0.000 second response time on port 80
[1694518989] SERVICE ALERT: SRV11VIBE_cass.cl;Proceso Vibe;OK;SOFT;2;PROCS OK: 0 processes with command name 'vibe'
[1694519294] SERVICE ALERT: Gore Los Lagos;Ping;WARNING;SOFT;1;PING WARNING - Packet loss = 93%, RTA = 3.85 ms
[1694519402] SERVICE ALERT: SRV_email.cass.cl;Correo Smtp;CRITICAL;SOFT;1;(No output on stdout) stderr: connect to address 10.0.2.25 port 5666: Connection refused
[1694519403] SERVICE ALERT: SRV_email.cass.cl;Tiempo Activo;CRITICAL;SOFT;1;(No output on stdout) stderr: connect to address 10.0.2.25 port 5666: Connection refused
[1694519404] SERVICE ALERT: SRV_SOS2021.cass.cl;Procesos Zombies;CRITICAL;SOFT;1;(No output on stdout) stderr: connect to address 10.0.0.16 port 5666: Connection refused
[1694519405] SERVICE ALERT: SRV_email.cass.cl;Correo Pop;CRITICAL;SOFT;1;(No output on stdout) stderr: connect to address 10.0.2.25 port 5666: Connection refused
[1694519405] SERVICE ALERT: SRV_SOS2021.cass.cl;Usuarios Login;CRITICAL;SOFT;1;(No output on stdout) stderr: connect to address 10.0.0.16 port 5666: Connection refused
[1694519409] SERVICE ALERT: SRV_Cfiler.cass.cl;CPU;CRITICAL;SOFT;1;(No output on stdout) stderr: connect to address 10.0.0.20 port 5666: Connection refused
[1694519412] SERVICE ALERT: SRV_Cfiler.cass.cl;Memoria;CRITICAL;SOFT;1;(No output on stdout) stderr: connect to address 10.0.0.20 port 5666: Connection refused
[1694519416] SERVICE ALERT: SRV_Cfiler.cass.cl;Https;CRITICAL;SOFT;1;(No output on stdout) stderr: connect to address 10.0.0.20 port 5666: Connection refused
[1694519416] SERVICE ALERT: SRV_Cfiler.cass.cl;Almacenamiento /;CRITICAL;SOFT;1;(No output on stdout) stderr: connect to address 10.0.0.20 port 5666: Connection refused
[1694519418] SERVICE ALERT: SRV_email.cass.cl;Usuarios Login;CRITICAL;SOFT;1;(No output on stdout) stderr: connect to address 10.0.2.25 port 5666: Connection refused
[1694519418] SERVICE ALERT: Gore Los Lagos;Ping;OK;SOFT;2;PING OK - Packet loss = 0%, RTA = 1.25 ms
[1694519418] SERVICE ALERT: SRV_SOS2021.cass.cl;Procesos;CRITICAL;SOFT;1;(No output on stdout) stderr: connect to address 10.0.0.16 port 5666: Connection refused
[1694519418] SERVICE ALERT: SRV_Cfiler.cass.cl;Procesos Zombies;CRITICAL;SOFT;1;(No output on stdout) stderr: connect to address 10.0.0.20 port 5666: Connection refused
[1694519418] SERVICE ALERT: SRV_SOS2021.cass.cl;CPU;CRITICAL;SOFT;1;(No output on stdout) stderr: connect to address 10.0.0.16 port 5666: Connection refused
[1694519419] SERVICE ALERT: SRV_email.cass.cl;Procesos;CRITICAL;SOFT;1;(No output on stdout) stderr: connect to address 10.0.2.25 port 5666: Connection refused
[1694519429] SERVICE ALERT: SRV_email.cass.cl;Memoria;CRITICAL;SOFT;1;(No output on stdout) stderr: connect to address 10.0.2.25 port 5666: Connection refused
[1694519436] SERVICE ALERT: SRV_Cfiler.cass.cl;Procs Apache;CRITICAL;SOFT;1;(No output on stdout) stderr: connect to address 10.0.0.20 port 5666: Connection refused
[1694519438] SERVICE ALERT: SRV_email.cass.cl;Procesos Zombies;CRITICAL;SOFT;1;(No output on stdout) stderr: connect to address 10.0.2.25 port 5666: Connection refused
[1694519439] SERVICE ALERT: SRV_SOS2021.cass.cl;Memoria;CRITICAL;SOFT;1;(No output on stdout) stderr: connect to address 10.0.0.16 port 5666: Connection refused
[1694519451] SERVICE ALERT: SRV_Cfiler.cass.cl;Serv Apache;CRITICAL;SOFT;1;(No output on stdout) stderr: connect to address 10.0.0.20 port 5666: Connection refused
[1694519452] SERVICE ALERT: SRV_Cfiler.cass.cl;Procesos;CRITICAL;SOFT;1;(No output on stdout) stderr: connect to address 10.0.0.20 port 5666: Connection refused
[1694519453] SERVICE ALERT: SRV_Cfiler.cass.cl;Usuarios Login;CRITICAL;SOFT;1;(No output on stdout) stderr: connect to address 10.0.0.20 port 5666: Connection refused
[1694519454] SERVICE ALERT: SRV_Cfiler.cass.cl;Http;CRITICAL;SOFT;1;(No output on stdout) stderr: connect to address 10.0.0.20 port 5666: Connection refused
[1694519457] SERVICE ALERT: SRV_Cfiler.cass.cl;Tiempo Activo;CRITICAL;HARD;3;(No output on stdout) stderr: connect to address 10.0.0.20 port 5666: Connection refused
[1694519517] SERVICE FLAPPING ALERT: SRV_Cfiler.cass.cl;Tiempo Activo;STARTED; Service appears to have started flapping (22.1% change >= 20.0% threshold)
[1694519517] SERVICE ALERT: SRV_Cfiler.cass.cl;Tiempo Activo;WARNING;HARD;3;Uptime WARNING: 146 day(s) 9 hour(s) 56 minute(s)
[1694519522] SERVICE ALERT: SRV_email.cass.cl;Correo Smtp;OK;SOFT;2;SMTP OK - 0.006 sec. response time
[1694519523] SERVICE ALERT: SRV_email.cass.cl;Tiempo Activo;OK;SOFT;2;Uptime OK: 0 day(s) 19 hour(s) 39 minute(s)
[1694519524] SERVICE ALERT: SRV_SOS2021.cass.cl;Procesos Zombies;OK;SOFT;2;PROCS OK: 0 processes with STATE = Z
[1694519525] SERVICE ALERT: SRV_email.cass.cl;Correo Pop;OK;SOFT;2;POP OK - 0.000 second response time on 10.0.2.25 port 110 [+OK GroupWise POP3 server ready]
[1694519525] SERVICE ALERT: SRV_SOS2021.cass.cl;Usuarios Login;OK;SOFT;2;USERS OK - 0 users currently logged in
[1694519529] SERVICE ALERT: SRV_Cfiler.cass.cl;CPU;OK;SOFT;2;OK - load average: 0.11, 0.05, 0.01
[1694519532] SERVICE ALERT: SRV_Cfiler.cass.cl;Memoria;OK;SOFT;2;[MEMORY] Total: 3893 MB - Used: 1003 MB - 25% [SWAP] Total: 2047 MB - Used: 429 MB - 20%
[1694519536] SERVICE ALERT: SRV_Cfiler.cass.cl;Https;OK;SOFT;2;TCP OK - 0.000 second response time on port 443
[1694519536] SERVICE ALERT: SRV_Cfiler.cass.cl;Almacenamiento /;OK;SOFT;2;DISK OK - free space: / 2465297 MB (73% inode=-):
[1694519538] SERVICE ALERT: SRV_email.cass.cl;Usuarios Login;OK;SOFT;2;USERS OK - 0 users currently logged in
[1694519538] SERVICE ALERT: SRV_SOS2021.cass.cl;Procesos;OK;SOFT;2;PROCS OK: 327 processes
[1694519538] SERVICE ALERT: SRV_Cfiler.cass.cl;Procesos Zombies;OK;SOFT;2;PROCS OK: 0 processes with STATE = Z
[1694519539] SERVICE ALERT: SRV_SOS2021.cass.cl;CPU;OK;SOFT;2;OK - load average per CPU: 0.01, 0.02, 0.01
[1694519539] SERVICE ALERT: SRV_email.cass.cl;Procesos;OK;SOFT;2;PROCS OK: 302 processes
[1694519549] SERVICE ALERT: SRV_email.cass.cl;Memoria;OK;SOFT;2;[MEMORY] Total: 11939 MB - Used: 1495 MB - 12% [SWAP] Total: 2048 MB - Used: 0 MB - 0%
[1694519556] SERVICE ALERT: SRV_Cfiler.cass.cl;Procs Apache;OK;SOFT;2;PROCS OK: 9 processes with args 'apache2'
[1694519558] SERVICE ALERT: SRV_email.cass.cl;Procesos Zombies;OK;SOFT;2;PROCS OK: 0 processes with STATE = Z
[1694519560] SERVICE ALERT: SRV_SOS2021.cass.cl;Memoria;OK;SOFT;2;[MEMORY] Total: 7946 MB - Used: 1561 MB - 19% [SWAP] Total: 10239 MB - Used: 1 MB - 0%
[1694519571] SERVICE ALERT: SRV_Cfiler.cass.cl;Serv Apache;OK;SOFT;2;OK: Service apache is running!
[1694519572] SERVICE ALERT: SRV_Cfiler.cass.cl;Procesos;OK;SOFT;2;PROCS OK: 307 processes
[1694519573] SERVICE ALERT: SRV_Cfiler.cass.cl;Usuarios Login;OK;SOFT;2;USERS OK - 1 users currently logged in
[1694519574] SERVICE ALERT: SRV_Cfiler.cass.cl;Http;OK;SOFT;2;TCP OK - 0.000 second response time on port 80
[1694520002] SERVICE ALERT: SRV_email.cass.cl;Correo Smtp;CRITICAL;SOFT;1;(No output on stdout) stderr: connect to address 10.0.2.25 port 5666: Connection refused
[1694520003] SERVICE ALERT: SRV_email.cass.cl;Tiempo Activo;CRITICAL;SOFT;1;(No output on stdout) stderr: connect to address 10.0.2.25 port 5666: Connection refused
[1694520003] SERVICE ALERT: SRV_SOS2021.cass.cl;Actualizacion;UNKNOWN;HARD;3;CHECK_NRPE: Receive header underflow - only 0 bytes received (4 expected).
[1694520005] SERVICE ALERT: SRV_email.cass.cl;Correo Pop;CRITICAL;SOFT;1;(No output on stdout) stderr: connect to address 10.0.2.25 port 5666: Connection refused
[1694520009] SERVICE ALERT: SRV_Cfiler.cass.cl;CPU;CRITICAL;SOFT;1;(No output on stdout) stderr: connect to address 10.0.0.20 port 5666: Connection refused
[1694520009] SERVICE ALERT: SRV_chat.cass.cl;Procesos;CRITICAL;SOFT;1;(No output on stdout) stderr: connect to address 10.0.0.92 port 5666: Connection refused
[1694520012] SERVICE ALERT: SRV_Cfiler.cass.cl;Memoria;CRITICAL;SOFT;1;(No output on stdout) stderr: connect to address 10.0.0.20 port 5666: Connection refused
[1694520066] SERVICE ALERT: SRV_Cfiler.cass.cl;Actualizacion;OK;HARD;1;Updates OK : no updates available
[1694520072] SERVICE ALERT: SRV_email.cass.cl;Actualizacion;OK;HARD;1;Updates OK : no updates available
[1694520082] SERVICE ALERT: SRV_SOS2021.cass.cl;Actualizacion;OK;HARD;1;Updates OK : no updates available
[1694520086] SERVICE ALERT: SRV_chat.cass.cl;Actualizacion;OK;HARD;1;Updates OK : no updates available
[1694520122] SERVICE ALERT: SRV_email.cass.cl;Correo Smtp;OK;SOFT;2;SMTP OK - 0.004 sec. response time
[1694520123] SERVICE ALERT: SRV_email.cass.cl;Tiempo Activo;OK;SOFT;2;Uptime OK: 0 day(s) 19 hour(s) 49 minute(s)
[1694520125] SERVICE ALERT: SRV_email.cass.cl;Correo Pop;OK;SOFT;2;POP OK - 0.000 second response time on 10.0.2.25 port 110 [+OK GroupWise POP3 server ready]
[1694520129] SERVICE ALERT: SRV_Cfiler.cass.cl;CPU;OK;SOFT;2;OK - load average: 0.21, 0.13, 0.04
[1694520129] SERVICE ALERT: SRV_chat.cass.cl;Procesos;OK;SOFT;2;PROCS OK: 310 processes
[1694520132] SERVICE ALERT: SRV_Cfiler.cass.cl;Memoria;OK;SOFT;2;[MEMORY] Total: 3893 MB - Used: 978 MB - 25% [SWAP] Total: 2047 MB - Used: 429 MB - 20%
[1694520258] Auto-save of retention data completed successfully.
[1694520506] SERVICE ALERT: FW Cass Telsur;Ancho de Banda DMZ;CRITICAL;SOFT;1;(No output on stdout) stderr:
[1694520626] SERVICE ALERT: FW Cass Telsur;Ancho de Banda DMZ;OK;SOFT;2;OK - Average IN: 29.57KB (0.02%), Average OUT: 13.26KB (0.01%)Total RX: 49.27GBytes, Total TX: 54.75GBytes
[1694520657] SERVICE FLAPPING ALERT: SRV_Cfiler.cass.cl;Tiempo Activo;STOPPED; Service appears to have stopped flapping (3.8% change < 5.0% threshold)
[1694521269] SERVICE ALERT: SRV11VIBE_cass.cl;Proceso Vibe;CRITICAL;SOFT;1;CHECK_NRPE: Error - Could not connect to 10.0.2.13. Check system logs on 10.0.2.13
[1694521389] SERVICE ALERT: SRV11VIBE_cass.cl;Proceso Vibe;OK;SOFT;2;PROCS OK: 0 processes with command name 'vibe'
[1694522432] SERVICE ALERT: FW Cass Telsur;Estado Puerto LAN;WARNING;SOFT;1;WARNING: SNMP error: No response from remote host "201.220.96.34"
[1694522553] SERVICE ALERT: FW Cass Telsur;Estado Puerto LAN;OK;SOFT;2;OK: Interface eth0 (index 2) is up.
[1694523463] SERVICE ALERT: FW Cass Telsur;Estado Puerto LAN;WARNING;SOFT;1;WARNING: SNMP error: No response from remote host "201.220.96.34"
[1694523516] SERVICE ALERT: FW Cass Telsur;Ancho de Banda DMZ;CRITICAL;SOFT;1;(No output on stdout) stderr:
[1694523583] SERVICE ALERT: FW Cass Telsur;Estado Puerto LAN;OK;SOFT;2;OK: Interface eth0 (index 2) is up.
[1694523636] SERVICE ALERT: FW Cass Telsur;Ancho de Banda DMZ;OK;SOFT;2;OK - Average IN: 24.19KB (0.02%), Average OUT: 55.62KB (0.04%)Total RX: 49.33GBytes, Total TX: 54.80GBytes
[1694523858] Auto-save of retention data completed successfully.
[1694524269] SERVICE ALERT: SRV11VIBE_cass.cl;Tiempo Activo;CRITICAL;HARD;3;(No output on stdout) stderr: connect to address 10.0.2.13 port 5666: Connection refused
[1694524269] SERVICE ALERT: SRV11VIBE_cass.cl;CPU;CRITICAL;SOFT;1;(No output on stdout) stderr: connect to address 10.0.2.13 port 5666: Connection refused
[1694524329] SERVICE ALERT: SRV11VIBE_cass.cl;Tiempo Activo;WARNING;HARD;3;Uptime WARNING: 143 day(s) 23 hour(s) 27 minute(s)
[1694524389] SERVICE ALERT: SRV11VIBE_cass.cl;CPU;OK;SOFT;2;OK - load average per CPU: 0.03, 0.02, 0.01
[1694524546] SERVICE ALERT: FW Cass Telsur;Ancho de Banda DMZ;CRITICAL;SOFT;1;CRITICAL - IN bandwidth (210819931731.04%) too high
[1694524666] SERVICE ALERT: FW Cass Telsur;Ancho de Banda DMZ;CRITICAL;SOFT;2;CRITICAL - IN bandwidth (314.98%) too high
[1694524786] SERVICE ALERT: FW Cass Telsur;Ancho de Banda DMZ;OK;SOFT;3;OK - Average IN: 66.53KB (0.05%), Average OUT: 11.94KB (0.01%)Total RX: 49.37GBytes, Total TX: 54.82GBytes
[1694525469] SERVICE ALERT: SRV11VIBE_cass.cl;CPU;CRITICAL;SOFT;1;CHECK_NRPE: Error - Could not connect to 10.0.2.13. Check system logs on 10.0.2.13
[1694525469] SERVICE ALERT: SRV11VIBE_cass.cl;Tiempo Activo;CRITICAL;HARD;3;(No output on stdout) stderr: connect to address 10.0.2.13 port 5666: Connection refused
[1694525529] SERVICE ALERT: SRV11VIBE_cass.cl;Tiempo Activo;WARNING;HARD;3;Uptime WARNING: 143 day(s) 23 hour(s) 47 minute(s)
[1694525589] SERVICE ALERT: SRV11VIBE_cass.cl;CPU;OK;SOFT;2;OK - load average per CPU: 0.01, 0.02, 0.02
[1694527458] Auto-save of retention data completed successfully.
[1694529669] SERVICE ALERT: SRV11VIBE_cass.cl;Tiempo Activo;CRITICAL;HARD;3;(No output on stdout) stderr: connect to address 10.0.2.13 port 5666: Connection refused
[1694529729] SERVICE ALERT: SRV11VIBE_cass.cl;Tiempo Activo;WARNING;HARD;3;Uptime WARNING: 144 day(s) 0 hour(s) 57 minute(s)
[1694531058] Auto-save of retention data completed successfully.
[1694532427] SERVICE ALERT: SRV_Cfiler.cass.cl;Actualizacion;CRITICAL;SOFT;1;CHECK_NRPE STATE CRITICAL: Socket timeout after 30 seconds.
[1694532559] SERVICE ALERT: SRV_Cfiler.cass.cl;Actualizacion;OK;SOFT;2;Updates OK : no updates available
[1694533615] SERVICE ALERT: FW Cass Telsur;Ancho de Banda LAN;UNKNOWN;SOFT;1;UNKNOWN: Improper interface status, status received: DNE - No response from remote host "201.220.96.34"
[1694533648] SERVICE ALERT: FW Cass Telsur;Ancho de Banda WAN;CRITICAL;SOFT;1;(No output on stdout) stderr:
[1694533735] SERVICE ALERT: FW Cass Telsur;Ancho de Banda LAN;OK;SOFT;2;OK - Average IN: 49.20KB (0.04%), Average OUT: 522.69KB (0.42%)Total RX: 892.97GBytes, Total TX: 830.44GBytes
[1694533768] SERVICE ALERT: FW Cass Telsur;Ancho de Banda WAN;OK;SOFT;2;OK - Average IN: 237.32B (0.00%), Average OUT: 89.13B (0.00%)Total RX: 11201.24GBytes, Total TX: 8360.15GBytes
[1694534658] Auto-save of retention data completed successfully.
[1694535069] SERVICE ALERT: SRV11VIBE_cass.cl;Tiempo Activo;CRITICAL;HARD;3;(No output on stdout) stderr: connect to address 10.0.2.13 port 5666: Connection refused
[1694535129] SERVICE ALERT: SRV11VIBE_cass.cl;Tiempo Activo;WARNING;HARD;3;Uptime WARNING: 144 day(s) 2 hour(s) 27 minute(s)
[1694535464] wproc: Core Worker 1137: job 551260 (pid=16853) timed out. Killing it
[1694535464] wproc: CHECK job 551260 from worker Core Worker 1137 timed out after 30.01s
[1694535464] wproc:   host=Gore Los Lagos; service=(null);
[1694535464] wproc:   early_timeout=1; exited_ok=0; wait_status=0; error_code=62;
[1694535464] Warning: Check of host 'Gore Los Lagos' timed out after 30.01 seconds
[1694535464] HOST ALERT: Gore Los Lagos;DOWN;SOFT;1;(Host check timed out after 30.01 seconds)
[1694535464] wproc: Core Worker 1137: job 551260 (pid=16853): Dormant child reaped
[1694535468] SERVICE ALERT: Gore Los Lagos;Ping;WARNING;HARD;1;PING WARNING - Packet loss = 96%, RTA = 1.45 ms
[1694535502] SERVICE ALERT: Gore Los Lagos;Ping;OK;HARD;1;PING OK - Packet loss = 0%, RTA = 1.07 ms
[1694535506] HOST ALERT: Gore Los Lagos;UP;SOFT;1;PING OK - Packet loss = 0%, RTA = 1.28 ms
[1694535818] SERVICE ALERT: FW Cass Telsur;Ancho de Banda WAN;CRITICAL;SOFT;1;(No output on stdout) stderr:
[1694535836] SERVICE ALERT: FW Cass Telsur;Ancho de Banda DMZ;CRITICAL;SOFT;1;(No output on stdout) stderr:
[1694535948] SERVICE ALERT: FW Cass Telsur;Ancho de Banda WAN;CRITICAL;SOFT;2;(No output on stdout) stderr:
[1694535966] SERVICE ALERT: FW Cass Telsur;Ancho de Banda DMZ;CRITICAL;SOFT;2;(No output on stdout) stderr:
[1694535967] SERVICE ALERT: FW Cass Telsur;Estado Puerto WAN;WARNING;SOFT;1;WARNING: SNMP error: No response from remote host "201.220.96.34"
[1694536068] SERVICE ALERT: FW Cass Telsur;Ancho de Banda WAN;OK;SOFT;3;OK - Average IN: 314.12B (0.00%), Average OUT: 134.51B (0.00%)Total RX: 11201.24GBytes, Total TX: 8360.15GBytes
[1694536086] SERVICE ALERT: FW Cass Telsur;Ancho de Banda DMZ;OK;SOFT;3;OK - Average IN: 10.97KB (0.01%), Average OUT: 9.29KB (0.01%)Total RX: 49.62GBytes, Total TX: 55.05GBytes
[1694536087] SERVICE ALERT: FW Cass Telsur;Estado Puerto WAN;OK;SOFT;2;OK: Interface eth1 (index 3) is up.
[1694536258] SERVICE ALERT: FW Cass Telsur;Ancho de Banda WAN;CRITICAL;SOFT;1;(No output on stdout) stderr:
[1694536394] SERVICE ALERT: FW Cass Telsur;Ancho de Banda WAN;OK;SOFT;2;(No output on stdout) stderr:
[1694536397] SERVICE ALERT: FW Cass Telsur;Ancho de Banda DMZ;CRITICAL;SOFT;1;(No output on stdout) stderr:
[1694536397] SERVICE ALERT: FW Cass Telsur;Estado Puerto WAN;WARNING;SOFT;1;WARNING: SNMP error: No response from remote host "201.220.96.34"
[1694536517] SERVICE ALERT: FW Cass Telsur;Ancho de Banda DMZ;OK;SOFT;2;OK - Average IN: 9.23KB (0.01%), Average OUT: 11.44KB (0.01%)Total RX: 49.62GBytes, Total TX: 55.05GBytes
[1694536517] SERVICE ALERT: FW Cass Telsur;Estado Puerto WAN;OK;SOFT;2;OK: Interface eth1 (index 3) is up.
[1694536565] SERVICE ALERT: FW Cass Telsur;Ancho de Banda LAN;CRITICAL;SOFT;1;(No output on stdout) stderr:
[1694536685] SERVICE ALERT: FW Cass Telsur;Ancho de Banda LAN;OK;SOFT;2;OK - Average IN: 86.23KB (0.07%), Average OUT: 504.87KB (0.40%)Total RX: 893.14GBytes, Total TX: 831.65GBytes
[1694536793] SERVICE ALERT: FW Cass Telsur;Estado Puerto LAN;WARNING;SOFT;1;WARNING: SNMP error: No response from remote host "201.220.96.34"
[1694536914] SERVICE ALERT: FW Cass Telsur;Estado Puerto LAN;OK;SOFT;2;OK: Interface eth0 (index 2) is up.
[1694536995] SERVICE ALERT: FW Cass Telsur;Ancho de Banda LAN;CRITICAL;SOFT;1;(No output on stdout) stderr:
[1694537115] SERVICE ALERT: FW Cass Telsur;Ancho de Banda LAN;OK;SOFT;2;OK - Average IN: 60.21KB (0.05%), Average OUT: 338.97KB (0.27%)Total RX: 893.16GBytes, Total TX: 831.76GBytes
[1694537964] SERVICE ALERT: FW Cass Telsur;Ancho de Banda WAN;CRITICAL;SOFT;1;(No output on stdout) stderr:
[1694537965] SERVICE ALERT: FW Cass Telsur;Ancho de Banda LAN;CRITICAL;SOFT;1;(No output on stdout) stderr:
[1694538085] SERVICE ALERT: FW Cass Telsur;Ancho de Banda WAN;OK;SOFT;2;OK - Average IN: 229.92B (0.00%), Average OUT: 80.74B (0.00%)Total RX: 11201.24GBytes, Total TX: 8360.15GBytes
[1694538085] SERVICE ALERT: FW Cass Telsur;Ancho de Banda LAN;OK;SOFT;2;OK - Average IN: 26.00KB (0.02%), Average OUT: 162.26KB (0.13%)Total RX: 893.19GBytes, Total TX: 831.90GBytes
[1694538258] Auto-save of retention data completed successfully.
[1694539269] SERVICE ALERT: SRV11VIBE_cass.cl;CPU;CRITICAL;SOFT;1;(No output on stdout) stderr: connect to address 10.0.2.13 port 5666: Connection refused
[1694539389] SERVICE ALERT: SRV11VIBE_cass.cl;CPU;OK;SOFT;2;OK - load average per CPU: 0.12, 0.03, 0.02
[1694541858] Auto-save of retention data completed successfully.
[1694543114] wproc: Core Worker 1137: job 557509 (pid=12483) timed out. Killing it
[1694543114] wproc: CHECK job 557509 from worker Core Worker 1137 timed out after 30.01s
[1694543114] wproc:   host=FW Gore Los Lagos; service=(null);
[1694543114] wproc:   early_timeout=1; exited_ok=0; wait_status=0; error_code=62;
[1694543114] Warning: Check of host 'FW Gore Los Lagos' timed out after 30.01 seconds
[1694543114] HOST ALERT: FW Gore Los Lagos;DOWN;SOFT;1;(Host check timed out after 30.01 seconds)
[1694543114] wproc: Core Worker 1137: job 557509 (pid=12483): Dormant child reaped
[1694543124] HOST ALERT: FW Gore Los Lagos;UP;SOFT;1;PING OK - Packet loss = 0%, RTA = 6.65 ms
[1694543507] SERVICE ALERT: SRV01USER_cass.cl;Almacenamiento C;WARNING;SOFT;1;c:\ - total: 119.40 Gb - used: 95.52 Gb (80%) - free 23.88 Gb (20%)
[1694543627] SERVICE ALERT: SRV01USER_cass.cl;Almacenamiento C;OK;SOFT;2;c:\ - total: 119.40 Gb - used: 95.51 Gb (80%) - free 23.89 Gb (20%)
[1694544047] SERVICE ALERT: SRV01USER_cass.cl;Almacenamiento C;WARNING;SOFT;1;c:\ - total: 119.40 Gb - used: 95.87 Gb (80%) - free 23.53 Gb (20%)
[1694544069] SERVICE ALERT: SRV11VIBE_cass.cl;Proceso Vibe;UNKNOWN;SOFT;1;CHECK_NRPE: Receive header underflow - only 0 bytes received (4 expected).
[1694544167] SERVICE ALERT: SRV01USER_cass.cl;Almacenamiento C;WARNING;SOFT;2;c:\ - total: 119.40 Gb - used: 95.53 Gb (80%) - free 23.87 Gb (20%)
[1694544189] SERVICE ALERT: SRV11VIBE_cass.cl;Proceso Vibe;OK;SOFT;2;PROCS OK: 0 processes with command name 'vibe'
[1694544287] SERVICE ALERT: SRV01USER_cass.cl;Almacenamiento C;WARNING;HARD;3;c:\ - total: 119.40 Gb - used: 95.53 Gb (80%) - free 23.86 Gb (20%)
[1694545067] SERVICE ALERT: SRV01USER_cass.cl;Almacenamiento C;OK;HARD;1;c:\ - total: 119.40 Gb - used: 95.50 Gb (80%) - free 23.90 Gb (20%)
[1694545458] Auto-save of retention data completed successfully.
[1694547406] SERVICE ALERT: FW Cass Telsur;Estado Puerto DMZ;WARNING;SOFT;1;WARNING: SNMP error: No response from remote host "201.220.96.34"
[1694547526] SERVICE ALERT: FW Cass Telsur;Estado Puerto DMZ;OK;SOFT;2;OK: Interface eth2 (index 4) is up.
[1694548869] SERVICE ALERT: SRV11VIBE_cass.cl;Tiempo Activo;CRITICAL;HARD;3;(No output on stdout) stderr: connect to address 10.0.2.13 port 5666: Connection refused
[1694548869] SERVICE ALERT: SRV11VIBE_cass.cl;CPU;CRITICAL;SOFT;1;(No output on stdout) stderr: connect to address 10.0.2.13 port 5666: Connection refused
[1694548929] SERVICE ALERT: SRV11VIBE_cass.cl;Tiempo Activo;WARNING;HARD;3;Uptime WARNING: 144 day(s) 6 hour(s) 17 minute(s)
[1694548989] SERVICE ALERT: SRV11VIBE_cass.cl;CPU;OK;SOFT;2;OK - load average per CPU: 0.04, 0.03, 0.02
[1694549058] Auto-save of retention data completed successfully.
[1694549469] SERVICE ALERT: SRV11VIBE_cass.cl;Proceso Vibe;UNKNOWN;SOFT;1;CHECK_NRPE: Receive header underflow - only 0 bytes received (4 expected).
[1694549590] SERVICE ALERT: SRV11VIBE_cass.cl;Proceso Vibe;OK;SOFT;2;PROCS OK: 0 processes with command name 'vibe'
[1694549627] SERVICE ALERT: SRV01USER_cass.cl;Almacenamiento C;WARNING;SOFT;1;c:\ - total: 119.40 Gb - used: 95.53 Gb (80%) - free 23.86 Gb (20%)
[1694549747] SERVICE ALERT: SRV01USER_cass.cl;Almacenamiento C;WARNING;SOFT;2;c:\ - total: 119.40 Gb - used: 95.53 Gb (80%) - free 23.86 Gb (20%)
[1694549867] SERVICE ALERT: SRV01USER_cass.cl;Almacenamiento C;WARNING;HARD;3;c:\ - total: 119.40 Gb - used: 95.53 Gb (80%) - free 23.87 Gb (20%)
[1694550575] SERVICE ALERT: FW Cass Telsur;Ancho de Banda WAN;CRITICAL;SOFT;1;(No output on stdout) stderr:
[1694550664] SERVICE ALERT: FW Cass Telsur;Estado Puerto LAN;WARNING;SOFT;1;WARNING: SNMP error: No response from remote host "201.220.96.34"
[1694550687] SERVICE ALERT: FW Cass Telsur;Ancho de Banda DMZ;CRITICAL;SOFT;1;(No output on stdout) stderr:
[1694550700] SERVICE ALERT: FW Cass Telsur;Ancho de Banda WAN;OK;SOFT;2;OK - Average IN: 298.41B (0.00%), Average OUT: 103.70B (0.00%)Total RX: 11203.17GBytes, Total TX: 8369.88GBytes
[1694550784] SERVICE ALERT: FW Cass Telsur;Estado Puerto LAN;OK;SOFT;2;OK: Interface eth0 (index 2) is up.
[1694550807] SERVICE ALERT: FW Cass Telsur;Ancho de Banda DMZ;OK;SOFT;2;OK - Average IN: 9.54KB (0.01%), Average OUT: 14.42KB (0.01%)Total RX: 49.89GBytes, Total TX: 55.26GBytes
[1694551869] SERVICE ALERT: SRV11VIBE_cass.cl;Proceso Vibe;CRITICAL;SOFT;1;(No output on stdout) stderr: connect to address 10.0.2.13 port 5666: Connection refused
[1694551989] SERVICE ALERT: SRV11VIBE_cass.cl;Proceso Vibe;OK;SOFT;2;PROCS OK: 0 processes with command name 'vibe'
[1694552570] SERVICE ALERT: FW Cass Telsur;Ancho de Banda WAN;CRITICAL;SOFT;1;(No output on stdout) stderr:
[1694552658] Auto-save of retention data completed successfully.
[1694552696] SERVICE ALERT: FW Cass Telsur;Ancho de Banda WAN;OK;SOFT;2;OK - Average IN: 295.82B (0.00%), Average OUT: 103.91B (0.00%)Total RX: 11203.17GBytes, Total TX: 8369.88GBytes
[1694553069] SERVICE ALERT: SRV11VIBE_cass.cl;CPU;UNKNOWN;SOFT;1;CHECK_NRPE: Receive header underflow - only 0 bytes received (4 expected).
[1694553069] SERVICE ALERT: SRV11VIBE_cass.cl;Tiempo Activo;UNKNOWN;HARD;3;CHECK_NRPE: Receive header underflow - only 0 bytes received (4 expected).
[1694553129] SERVICE ALERT: SRV11VIBE_cass.cl;Tiempo Activo;WARNING;HARD;3;Uptime WARNING: 144 day(s) 7 hour(s) 27 minute(s)
[1694553189] SERVICE ALERT: SRV11VIBE_cass.cl;CPU;OK;SOFT;2;OK - load average per CPU: 0.03, 0.01, 0.00
[1694553218] SERVICE ALERT: FW Cass Telsur;Ancho de Banda DMZ;CRITICAL;SOFT;1;(No output on stdout) stderr:
[1694553338] SERVICE ALERT: FW Cass Telsur;Ancho de Banda DMZ;OK;SOFT;2;OK - Average IN: 24.01KB (0.02%), Average OUT: 8.70KB (0.01%)Total RX: 49.92GBytes, Total TX: 55.28GBytes
[1694553602] SERVICE ALERT: SRV_email.cass.cl;Correo Smtp;CRITICAL;SOFT;1;CHECK_NRPE: Error - Could not connect to 10.0.2.25. Check system logs on 10.0.2.25
[1694553722] SERVICE ALERT: SRV_email.cass.cl;Correo Smtp;OK;SOFT;2;SMTP OK - 0.012 sec. response time
[1694554248] SERVICE ALERT: SRV01USER_cass.cl;Almacenamiento C;OK;HARD;1;c:\ - total: 119.40 Gb - used: 95.42 Gb (80%) - free 23.98 Gb (20%)
[1694554269] SERVICE ALERT: SRV11VIBE_cass.cl;CPU;CRITICAL;SOFT;1;CHECK_NRPE: Error - Could not connect to 10.0.2.13. Check system logs on 10.0.2.13
[1694554390] SERVICE ALERT: SRV11VIBE_cass.cl;CPU;OK;SOFT;2;OK - load average per CPU: 0.02, 0.02, 0.00
[1694555470] SERVICE ALERT: SRV11VIBE_cass.cl;CPU;UNKNOWN;SOFT;1;CHECK_NRPE: Receive header underflow - only 0 bytes received (4 expected).
[1694555590] SERVICE ALERT: SRV11VIBE_cass.cl;CPU;OK;SOFT;2;OK - load average per CPU: 0.02, 0.02, 0.00
[1694556258] Auto-save of retention data completed successfully.
[1694558469] SERVICE ALERT: SRV11VIBE_cass.cl;Tiempo Activo;CRITICAL;HARD;3;(No output on stdout) stderr: connect to address 10.0.2.13 port 5666: Connection refused
[1694558470] SERVICE ALERT: SRV11VIBE_cass.cl;Proceso Vibe;CRITICAL;SOFT;1;(No output on stdout) stderr: connect to address 10.0.2.13 port 5666: Connection refused
[1694558530] SERVICE ALERT: SRV11VIBE_cass.cl;Tiempo Activo;WARNING;HARD;3;Uptime WARNING: 144 day(s) 8 hour(s) 57 minute(s)
[1694558590] SERVICE ALERT: SRV11VIBE_cass.cl;Proceso Vibe;OK;SOFT;2;PROCS OK: 0 processes with command name 'vibe'
[1694559858] Auto-save of retention data completed successfully.
[1694561867] SERVICE ALERT: SRV01USER_cass.cl;Almacenamiento C;WARNING;SOFT;1;c:\ - total: 119.40 Gb - used: 95.63 Gb (80%) - free 23.76 Gb (20%)
[1694561987] SERVICE ALERT: SRV01USER_cass.cl;Almacenamiento C;WARNING;SOFT;2;c:\ - total: 119.40 Gb - used: 95.63 Gb (80%) - free 23.77 Gb (20%)
[1694562107] SERVICE ALERT: SRV01USER_cass.cl;Almacenamiento C;WARNING;HARD;3;c:\ - total: 119.40 Gb - used: 95.63 Gb (80%) - free 23.77 Gb (20%)
[1694562670] SERVICE ALERT: SRV11VIBE_cass.cl;Tiempo Activo;CRITICAL;HARD;3;(No output on stdout) stderr: connect to address 10.0.2.13 port 5666: Connection refused
[1694562670] SERVICE ALERT: SRV11VIBE_cass.cl;CPU;CRITICAL;SOFT;1;(No output on stdout) stderr: connect to address 10.0.2.13 port 5666: Connection refused
[1694562730] SERVICE ALERT: SRV11VIBE_cass.cl;Tiempo Activo;WARNING;HARD;3;Uptime WARNING: 144 day(s) 10 hour(s) 7 minute(s)
[1694562790] SERVICE ALERT: SRV11VIBE_cass.cl;CPU;OK;SOFT;2;OK - load average per CPU: 0.03, 0.03, 0.02
[1694563458] Auto-save of retention data completed successfully.
[1694563870] SERVICE ALERT: SRV11VIBE_cass.cl;Tiempo Activo;CRITICAL;HARD;3;(No output on stdout) stderr: connect to address 10.0.2.13 port 5666: Connection refused
[1694563930] SERVICE ALERT: SRV11VIBE_cass.cl;Tiempo Activo;WARNING;HARD;3;Uptime WARNING: 144 day(s) 10 hour(s) 27 minute(s)
[1694565409] SERVICE ALERT: SRV_Cfiler.cass.cl;Actualizacion;CRITICAL;SOFT;1;CHECK_NRPE STATE CRITICAL: Socket timeout after 30 seconds.
[1694565541] SERVICE ALERT: SRV_Cfiler.cass.cl;Actualizacion;OK;SOFT;2;Updates OK : no updates available
[1694565595] SERVICE ALERT: SRVCONT.cass.cl;Actualizacion;UNKNOWN;HARD;3;CHECK_NRPE: Receive header underflow - only 0 bytes received (4 expected).
[1694565657] SERVICE ALERT: SRVCONT.cass.cl;Actualizacion;CRITICAL;HARD;3;Updates: 4 critical, 0 optional
[1694566202] SERVICE ALERT: SRV_Cfiler.cass.cl;Actualizacion;UNKNOWN;SOFT;1;CHECK_NRPE: Receive header underflow - only 0 bytes received (4 expected).
[1694566334] SERVICE ALERT: SRV_Cfiler.cass.cl;Actualizacion;OK;SOFT;2;Updates OK : no updates available
[1694567058] Auto-save of retention data completed successfully.
[1694570658] Auto-save of retention data completed successfully.
[1694571070] SERVICE ALERT: SRV11VIBE_cass.cl;Proceso Vibe;CRITICAL;SOFT;1;(No output on stdout) stderr: connect to address 10.0.2.13 port 5666: Connection refused
[1694571190] SERVICE ALERT: SRV11VIBE_cass.cl;Proceso Vibe;OK;SOFT;2;PROCS OK: 0 processes with command name 'vibe'
[1694571279] SERVICE ALERT: Veeam2023.cass.pmc;Actualizacion;UNKNOWN;HARD;3;CHECK_NRPE: Receive header underflow - only 0 bytes received (4 expected).
[1694571340] SERVICE ALERT: Veeam2023.cass.pmc;Actualizacion;CRITICAL;HARD;3;Updates: 4 critical, 0 optional
[1694572270] SERVICE ALERT: SRV11VIBE_cass.cl;Tiempo Activo;CRITICAL;HARD;3;(No output on stdout) stderr: connect to address 10.0.2.13 port 5666: Connection refused
[1694572270] SERVICE ALERT: SRV11VIBE_cass.cl;CPU;CRITICAL;SOFT;1;(No output on stdout) stderr: connect to address 10.0.2.13 port 5666: Connection refused
[1694572330] SERVICE ALERT: SRV11VIBE_cass.cl;Tiempo Activo;WARNING;HARD;3;Uptime WARNING: 144 day(s) 12 hour(s) 47 minute(s)
[1694572390] SERVICE ALERT: SRV11VIBE_cass.cl;CPU;OK;SOFT;2;OK - load average per CPU: 0.04, 0.01, 0.01
