[1715313600] LOG ROTATION: DAILY
[1715313600] LOG VERSION: 2.0
[1715313600] CURRENT HOST STATE: ADL Diagnostic;UP;HARD;1;PING OK - Packet loss = 0%, RTA = 32.17 ms
[1715313600] CURRENT HOST STATE: Blueshell;UP;HARD;1;PING OK - Packet loss = 0%, RTA = 3.29 ms
[1715313600] CURRENT HOST STATE: Cass Entel;UP;HARD;1;PING OK - Packet loss = 0%, RTA = 0.70 ms
[1715313600] CURRENT HOST STATE: Cass Telsur;UP;HARD;1;PING OK - Packet loss = 0%, RTA = 1.29 ms
[1715313600] CURRENT HOST STATE: Clinica PV Movistar;UP;HARD;1;PING OK - Packet loss = 0%, RTA = 30.54 ms
[1715313600] CURRENT HOST STATE: Clinica PV Telsur;UP;HARD;1;PING OK - Packet loss = 0%, RTA = 1.38 ms
[1715313600] CURRENT HOST STATE: Confe;UP;HARD;1;PING OK - Packet loss = 0%, RTA = 35.29 ms
[1715313600] CURRENT HOST STATE: Electric Works;UP;HARD;1;PING OK - Packet loss = 0%, RTA = 31.03 ms
[1715313600] CURRENT HOST STATE: Exper03.exxperience.cl;UP;HARD;1;PING OK - Packet loss = 0%, RTA = 2.11 ms
[1715313600] CURRENT HOST STATE: Ext Entel;UP;HARD;1;PING OK - Packet loss = 0%, RTA = 0.79 ms
[1715313600] CURRENT HOST STATE: Ext Telsur;UP;HARD;1;PING OK - Packet loss = 0%, RTA = 1.32 ms
[1715313600] CURRENT HOST STATE: FW ADL Diagnostic;UP;HARD;1;PING OK - Packet loss = 0%, RTA = 33.29 ms
[1715313600] CURRENT HOST STATE: FW Blueshell;UP;HARD;1;PING OK - Packet loss = 0%, RTA = 3.12 ms
[1715313600] CURRENT HOST STATE: FW Cass Entel;UP;HARD;1;PING OK - Packet loss = 0%, RTA = 33.40 ms
[1715313600] CURRENT HOST STATE: FW Cass Telsur;UP;HARD;1;PING OK - Packet loss = 0%, RTA = 0.62 ms
[1715313600] CURRENT HOST STATE: FW Clinica PV Movistar;UP;HARD;1;PING OK - Packet loss = 0%, RTA = 31.22 ms
[1715313600] CURRENT HOST STATE: FW Clinica PV Telsur;UP;HARD;1;PING OK - Packet loss = 0%, RTA = 1.49 ms
[1715313600] CURRENT HOST STATE: FW Confe;UP;HARD;1;PING OK - Packet loss = 0%, RTA = 35.33 ms
[1715313600] CURRENT HOST STATE: FW Electric Works;UP;HARD;1;PING OK - Packet loss = 0%, RTA = 30.60 ms
[1715313600] CURRENT HOST STATE: FW Gore Los Lagos;UP;HARD;1;PING OK - Packet loss = 0%, RTA = 1.38 ms
[1715313600] CURRENT HOST STATE: FW OyC;UP;HARD;1;PING OK - Packet loss = 0%, RTA = 43.26 ms
[1715313600] CURRENT HOST STATE: FW Pasmar;UP;HARD;1;PING OK - Packet loss = 0%, RTA = 1.14 ms
[1715313600] CURRENT HOST STATE: Gore Los Lagos;UP;HARD;1;PING OK - Packet loss = 0%, RTA = 1.27 ms
[1715313600] CURRENT HOST STATE: Host-10.0.0.120;UP;HARD;1;PING OK - Packet loss = 0%, RTA = 0.51 ms
[1715313600] CURRENT HOST STATE: Host-10.0.0.121;UP;HARD;1;PING OK - Packet loss = 0%, RTA = 0.50 ms
[1715313600] CURRENT HOST STATE: Host-10.0.0.124;UP;HARD;1;PING OK - Packet loss = 0%, RTA = 0.53 ms
[1715313600] CURRENT HOST STATE: Internet;UP;HARD;1;PING OK - Packet loss = 0%, RTA = 15.40 ms
[1715313600] CURRENT HOST STATE: OyC Entel;UP;HARD;1;PING OK - Packet loss = 0%, RTA = 39.24 ms
[1715313600] CURRENT HOST STATE: OyC Teledata;UP;HARD;1;PING OK - Packet loss = 0%, RTA = 40.16 ms
[1715313600] CURRENT HOST STATE: Pasmar;UP;HARD;1;PING OK - Packet loss = 0%, RTA = 0.90 ms
[1715313600] CURRENT HOST STATE: Qnap NAS;UP;HARD;1;PING OK - Packet loss = 0%, RTA = 0.30 ms
[1715313600] CURRENT HOST STATE: SRV01USER_cass.cl;UP;HARD;1;PING OK - Packet loss = 0%, RTA = 2.64 ms
[1715313600] CURRENT HOST STATE: SRV04AD01.cass.cl;UP;HARD;1;PING OK - Packet loss = 0%, RTA = 1.12 ms
[1715313600] CURRENT HOST STATE: SRV05AD02_cass.cl;UP;HARD;1;PING OK - Packet loss = 0%, RTA = 1.27 ms
[1715313600] CURRENT HOST STATE: SRV05AD2_cass.pmc;UP;HARD;1;PING OK - Packet loss = 0%, RTA = 1.38 ms
[1715313600] CURRENT HOST STATE: SRV11VIBE_cass.cl;UP;HARD;1;PING OK - Packet loss = 0%, RTA = 1.25 ms
[1715313600] CURRENT HOST STATE: SRVAD1.cass.pmc;UP;HARD;1;PING OK - Packet loss = 0%, RTA = 1.79 ms
[1715313600] CURRENT HOST STATE: SRVAD2.cass.pmc;UP;HARD;1;PING OK - Packet loss = 0%, RTA = 1.64 ms
[1715313600] CURRENT HOST STATE: SRVADMIN.cass.pmc;UP;HARD;1;PING OK - Packet loss = 0%, RTA = 1.61 ms
[1715313600] CURRENT HOST STATE: SRVCONT.cass.cl;UP;HARD;1;PING OK - Packet loss = 0%, RTA = 3.32 ms
[1715313600] CURRENT HOST STATE: SRVDC01_cass.pmc;UP;HARD;1;PING OK - Packet loss = 0%, RTA = 1.42 ms
[1715313600] CURRENT HOST STATE: SRVDC1.cass.pmc;UP;HARD;1;PING OK - Packet loss = 0%, RTA = 1.31 ms
[1715313600] CURRENT HOST STATE: SRVDNS;UP;HARD;1;PING OK - Packet loss = 0%, RTA = 0.88 ms
[1715313600] CURRENT HOST STATE: SRVWEB_cass.cl;UP;HARD;1;PING OK - Packet loss = 0%, RTA = 1.40 ms
[1715313600] CURRENT HOST STATE: SRV_Cfiler.cass.cl;UP;HARD;1;PING OK - Packet loss = 0%, RTA = 0.63 ms
[1715313600] CURRENT HOST STATE: SRV_GLPI;UP;HARD;1;PING OK - Packet loss = 0%, RTA = 0.61 ms
[1715313600] CURRENT HOST STATE: SRV_GXConsultores;UP;HARD;1;PING OK - Packet loss = 0%, RTA = 1.15 ms
[1715313600] CURRENT HOST STATE: SRV_Oraculo_cass.cl;UP;HARD;1;PING OK - Packet loss = 0%, RTA = 1.53 ms
[1715313600] CURRENT HOST STATE: SRV_Prometheus;UP;HARD;1;PING OK - Packet loss = 0%, RTA = 0.60 ms
[1715313600] CURRENT HOST STATE: SRV_SOS2021.cass.cl;UP;HARD;1;PING OK - Packet loss = 0%, RTA = 0.52 ms
[1715313600] CURRENT HOST STATE: SRV_SUM;UP;HARD;1;PING OK - Packet loss = 0%, RTA = 0.61 ms
[1715313600] CURRENT HOST STATE: SRV_Sharepoint;UP;HARD;1;PING OK - Packet loss = 0%, RTA = 1.33 ms
[1715313600] CURRENT HOST STATE: SRV_Soporte;UP;HARD;1;PING OK - Packet loss = 0%, RTA = 2.02 ms
[1715313600] CURRENT HOST STATE: SRV_VeeamOne;DOWN;HARD;10;CRITICAL - Host Unreachable (10.0.0.101)
[1715313600] CURRENT HOST STATE: SRV_chat.cass.cl;UP;HARD;1;PING OK - Packet loss = 0%, RTA = 0.63 ms
[1715313600] CURRENT HOST STATE: SRV_email.cass.cl;UP;HARD;1;PING OK - Packet loss = 0%, RTA = 1.38 ms
[1715313600] CURRENT HOST STATE: SRV_nagios;UP;HARD;1;PING OK - Packet loss = 0%, RTA = 0.08 ms
[1715313600] CURRENT HOST STATE: SRV_sync.cass.cl;UP;HARD;1;PING OK - Packet loss = 0%, RTA = 1.15 ms
[1715313600] CURRENT HOST STATE: Servidor Vcenter;UP;HARD;1;PING OK - Packet loss = 0%, RTA = 1.09 ms
[1715313600] CURRENT HOST STATE: Servidores CASS;UP;HARD;1;PING OK - Packet loss = 0%, RTA = 1.21 ms
[1715313600] CURRENT HOST STATE: Ups Principal;DOWN;HARD;10;CRITICAL - Host Unreachable (192.168.10.19)
[1715313600] CURRENT HOST STATE: Veeam2023.cass.pmc;UP;HARD;1;PING OK - Packet loss = 0%, RTA = 2.59 ms
[1715313600] CURRENT HOST STATE: web_cass_cl;UP;HARD;1;PING OK - Packet loss = 0%, RTA = 0.68 ms
[1715313600] CURRENT SERVICE STATE: ADL Diagnostic;Ping;OK;HARD;1;PING OK - Packet loss = 0%, RTA = 32.03 ms
[1715313600] CURRENT SERVICE STATE: Blueshell;Ping;OK;HARD;1;PING OK - Packet loss = 0%, RTA = 3.03 ms
[1715313600] CURRENT SERVICE STATE: Clinica PV Movistar;Ping;OK;HARD;1;PING OK - Packet loss = 0%, RTA = 30.47 ms
[1715313600] CURRENT SERVICE STATE: Confe;Ping;OK;HARD;1;PING OK - Packet loss = 0%, RTA = 59.51 ms
[1715313600] CURRENT SERVICE STATE: Electric Works;Ping;OK;HARD;1;PING OK - Packet loss = 0%, RTA = 31.06 ms
[1715313600] CURRENT SERVICE STATE: Ext Telsur;Ping;OK;HARD;1;PING OK - Packet loss = 0%, RTA = 1.27 ms
[1715313600] CURRENT SERVICE STATE: FW ADL Diagnostic;Ping;OK;HARD;1;PING OK - Packet loss = 0%, RTA = 33.33 ms
[1715313600] CURRENT SERVICE STATE: FW Blueshell;Ping;OK;HARD;1;PING OK - Packet loss = 0%, RTA = 3.11 ms
[1715313600] CURRENT SERVICE STATE: FW Cass Entel;Ping;OK;HARD;1;PING OK - Packet loss = 0%, RTA = 33.17 ms
[1715313600] CURRENT SERVICE STATE: FW Cass Telsur;Ancho de Banda DMZ;OK;HARD;1;OK - Average IN: 7.99KB (0.01%), Average OUT: 5.31KB (0.00%)Total RX: 33.54GBytes, Total TX: 21.77GBytes
[1715313600] CURRENT SERVICE STATE: FW Cass Telsur;Ancho de Banda LAN;OK;HARD;1;OK - Average IN: 743.30B (0.00%), Average OUT: 1.57KB (0.00%)Total RX: 515.84GBytes, Total TX: 767.34GBytes
[1715313600] CURRENT SERVICE STATE: FW Cass Telsur;Ancho de Banda WAN;OK;HARD;1;OK - Average IN: 61.90B (0.00%), Average OUT: 22.78B (0.00%)Total RX: 4405.97GBytes, Total TX: 5711.34GBytes
[1715313600] CURRENT SERVICE STATE: FW Cass Telsur;Estado Puerto DMZ;OK;HARD;1;OK: Interface eth2 (index 4) is up.
[1715313600] CURRENT SERVICE STATE: FW Cass Telsur;Estado Puerto LAN;OK;HARD;1;OK: Interface eth0 (index 2) is up.
[1715313600] CURRENT SERVICE STATE: FW Cass Telsur;Estado Puerto WAN;OK;HARD;1;OK: Interface eth1 (index 3) is up.
[1715313600] CURRENT SERVICE STATE: FW Cass Telsur;Estado TCP Sophos;OK;HARD;1;TCP OK - 0.001 second response time on 201.220.96.34 port 4444
[1715313600] CURRENT SERVICE STATE: FW Cass Telsur;Ping;OK;HARD;1;PING OK - Packet loss = 0%, RTA = 0.48 ms
[1715313600] CURRENT SERVICE STATE: FW Cass Telsur;Tiempo Activo;OK;HARD;1;SNMP OK - Timeticks: (207683366) 24 days, 0:53:53.66
[1715313600] CURRENT SERVICE STATE: FW Clinica PV Movistar;Ping;OK;HARD;1;PING OK - Packet loss = 0%, RTA = 32.67 ms
[1715313600] CURRENT SERVICE STATE: FW Confe;Ping;OK;HARD;1;PING OK - Packet loss = 0%, RTA = 35.39 ms
[1715313600] CURRENT SERVICE STATE: FW Electric Works;Ping;OK;HARD;1;PING OK - Packet loss = 0%, RTA = 30.59 ms
[1715313600] CURRENT SERVICE STATE: FW Gore Los Lagos;Ping;OK;HARD;1;PING OK - Packet loss = 0%, RTA = 1.27 ms
[1715313600] CURRENT SERVICE STATE: FW Pasmar;Ping;OK;HARD;1;PING OK - Packet loss = 0%, RTA = 1.13 ms
[1715313600] CURRENT SERVICE STATE: Gore Los Lagos;Ping;OK;HARD;1;PING OK - Packet loss = 0%, RTA = 1.36 ms
[1715313600] CURRENT SERVICE STATE: Host-10.0.0.120;Ping;OK;HARD;1;PING OK - Packet loss = 0%, RTA = 0.72 ms
[1715313600] CURRENT SERVICE STATE: Host-10.0.0.121;Ping;OK;HARD;1;PING OK - Packet loss = 0%, RTA = 0.75 ms
[1715313600] CURRENT SERVICE STATE: Pasmar;Ping;OK;HARD;1;PING OK - Packet loss = 0%, RTA = 1.15 ms
[1715313600] CURRENT SERVICE STATE: Qnap NAS;Almacenamiento;OK;HARD;1;OK: Total:50TB - Used:36TB - Free:13TB - Used Space: 72%
[1715313600] CURRENT SERVICE STATE: Qnap NAS;Estado;OK;HARD;1;Power Supply #1 - OK: GOOD
[1715313600] CURRENT SERVICE STATE: Qnap NAS;Memoria;OK;HARD;1;OK: Total:3830MB - Used:1244MB - Free:2586MB = 33%
[1715313600] CURRENT SERVICE STATE: Qnap NAS;Sysinfo;OK;HARD;1;NAS Cloud, Model TS-879U-RP, Firmware 4.3.6, Max HD number 8, No. Volume 2
[1715313600] CURRENT SERVICE STATE: Qnap NAS;Temperatura;OK;HARD;1;OK: Temperature=35C
[1715313600] CURRENT SERVICE STATE: Qnap NAS;Tiempo Activo;OK;HARD;1;SNMP OK - Timeticks: (376438611) 43 days, 13:39:46.11
[1715313600] CURRENT SERVICE STATE: SRV01USER_cass.cl;Actualizacion;CRITICAL;HARD;3;Updates: 1 critical, 0 optional
[1715313600] CURRENT SERVICE STATE: SRV01USER_cass.cl;Almacenamiento C;WARNING;HARD;3;c:\ - total: 119.40 Gb - used: 101.55 Gb (85%) - free 17.85 Gb (15%)
[1715313600] CURRENT SERVICE STATE: SRV01USER_cass.cl;Almacenamiento U;OK;HARD;1;u:\ - total: 1023.98 Gb - used: 227.74 Gb (22%) - free 796.25 Gb (78%)
[1715313600] CURRENT SERVICE STATE: SRV01USER_cass.cl;CPU;OK;HARD;1;CPU Load 2% (5 min average)
[1715313600] CURRENT SERVICE STATE: SRV01USER_cass.cl;Memoria;OK;HARD;1;Memory usage: total:23551.21 MB - used: 11632.71 MB (49%) - free: 11918.51 MB (51%)
[1715313600] CURRENT SERVICE STATE: SRV01USER_cass.cl;Ping;OK;HARD;1;PING OK - Packet loss = 0%, RTA = 2.36 ms
[1715313600] CURRENT SERVICE STATE: SRV01USER_cass.cl;Tiempo Activo;OK;HARD;1;System Uptime - 4 day(s) 15 hour(s) 51 minute(s)
[1715313600] CURRENT SERVICE STATE: SRV04AD01.cass.cl;Ping;OK;HARD;1;PING OK - Packet loss = 0%, RTA = 1.17 ms
[1715313600] CURRENT SERVICE STATE: SRV05AD02_cass.cl;Ping;OK;HARD;1;PING OK - Packet loss = 0%, RTA = 1.27 ms
[1715313600] CURRENT SERVICE STATE: SRV11VIBE_cass.cl;Actualizacion;CRITICAL;HARD;3;Updates CRITICAL : discontinued OS Release SLE 15.1: At least one of your Repositories might be out of date. Please run "zypper refresh" as root to update it.  3 security update(s): 1 recommended update(s):  2 package update(s):
[1715313600] CURRENT SERVICE STATE: SRV11VIBE_cass.cl;Almacenamiento /;OK;HARD;1;DISK OK - free space: /var/tmp 78580 MiB (85.73% inode=-):
[1715313600] CURRENT SERVICE STATE: SRV11VIBE_cass.cl;CPU;OK;HARD;1;OK - load average per CPU: 0.03, 0.02, 0.01
[1715313600] CURRENT SERVICE STATE: SRV11VIBE_cass.cl;Memoria;OK;HARD;1;[MEMORY] Total: 7693 MB - Used: 4564 MB - 59% [SWAP] Total: 7944 MB - Used: 152 MB - 1%
[1715313600] CURRENT SERVICE STATE: SRV11VIBE_cass.cl;Ping;OK;HARD;1;PING OK - Packet loss = 0%, RTA = 1.27 ms
[1715313600] CURRENT SERVICE STATE: SRV11VIBE_cass.cl;Proceso Vibe;OK;HARD;1;PROCS OK: 0 processes with command name 'vibe'
[1715313600] CURRENT SERVICE STATE: SRV11VIBE_cass.cl;Procesos;OK;HARD;1;PROCS OK: 307 processes
[1715313600] CURRENT SERVICE STATE: SRV11VIBE_cass.cl;Procesos Zombies;OK;HARD;1;PROCS OK: 0 processes with STATE = Z
[1715313600] CURRENT SERVICE STATE: SRV11VIBE_cass.cl;Puerto HTTP;OK;HARD;1;TCP OK - 0.001 second response time on 10.0.2.13 port 80
[1715313600] CURRENT SERVICE STATE: SRV11VIBE_cass.cl;Puerto HTTPS;OK;HARD;1;TCP OK - 0.001 second response time on 10.0.2.13 port 443
[1715313600] CURRENT SERVICE STATE: SRV11VIBE_cass.cl;Servicio Vibe;OK;HARD;1;OK: Service vibe is running!
[1715313600] CURRENT SERVICE STATE: SRV11VIBE_cass.cl;Tiempo Activo;OK;HARD;1;Uptime OK: 62 day(s) 9 hour(s) 19 minute(s)
[1715313600] CURRENT SERVICE STATE: SRV11VIBE_cass.cl;Usuarios Login;OK;HARD;1;USERS OK - 2 users currently logged in
[1715313600] CURRENT SERVICE STATE: SRVAD1.cass.pmc;Ping;OK;HARD;1;PING OK - Packet loss = 0%, RTA = 1.70 ms
[1715313600] CURRENT SERVICE STATE: SRVAD2.cass.pmc;Ping;OK;HARD;1;PING OK - Packet loss = 0%, RTA = 1.63 ms
[1715313600] CURRENT SERVICE STATE: SRVADMIN.cass.pmc;Actualizacion;CRITICAL;HARD;3;Updates: 1 critical, 0 optional
[1715313600] CURRENT SERVICE STATE: SRVADMIN.cass.pmc;Almacenamiento;OK;HARD;1;c:\ - total: 299.66 Gb - used: 162.75 Gb (54%) - free 136.91 Gb (46%)
[1715313600] CURRENT SERVICE STATE: SRVADMIN.cass.pmc;CPU;OK;HARD;1;CPU Load 0% (5 min average)
[1715313600] CURRENT SERVICE STATE: SRVADMIN.cass.pmc;Memoria;OK;HARD;1;Memory usage: total:16511.56 MB - used: 3234.58 MB (20%) - free: 13276.98 MB (80%)
[1715313600] CURRENT SERVICE STATE: SRVADMIN.cass.pmc;Ping;OK;HARD;1;PING OK - Packet loss = 0%, RTA = 1.76 ms
[1715313600] CURRENT SERVICE STATE: SRVADMIN.cass.pmc;Tiempo Activo;OK;HARD;1;System Uptime - 0 day(s) 3 hour(s) 36 minute(s)
[1715313600] CURRENT SERVICE STATE: SRVCONT.cass.cl;Actualizacion;OK;HARD;1;OK - no pending updates.
[1715313600] CURRENT SERVICE STATE: SRVCONT.cass.cl;Almacenamiento;OK;HARD;1;c:\ - total: 299.33 Gb - used: 52.92 Gb (18%) - free 246.41 Gb (82%)
[1715313600] CURRENT SERVICE STATE: SRVCONT.cass.cl;CPU;OK;HARD;1;CPU Load 1% (5 min average)
[1715313600] CURRENT SERVICE STATE: SRVCONT.cass.cl;Memoria;OK;HARD;1;Memory usage: total:12991.12 MB - used: 2061.33 MB (16%) - free: 10929.80 MB (84%)
[1715313600] CURRENT SERVICE STATE: SRVCONT.cass.cl;Ping;OK;HARD;1;PING OK - Packet loss = 0%, RTA = 4.68 ms
[1715313600] CURRENT SERVICE STATE: SRVCONT.cass.cl;Tiempo Activo;OK;HARD;1;System Uptime - 0 day(s) 1 hour(s) 45 minute(s)
[1715313600] CURRENT SERVICE STATE: SRVDC1.cass.pmc;Ping;OK;HARD;1;PING OK - Packet loss = 0%, RTA = 1.38 ms
[1715313600] CURRENT SERVICE STATE: SRVDNS;Ping;OK;HARD;1;PING OK - Packet loss = 0%, RTA = 1.30 ms
[1715313600] CURRENT SERVICE STATE: SRVWEB_cass.cl;Ping;OK;HARD;1;PING OK - Packet loss = 0%, RTA = 1.34 ms
[1715313600] CURRENT SERVICE STATE: SRV_Cfiler.cass.cl;Actualizacion;OK;HARD;1;Updates OK : no updates available
[1715313600] CURRENT SERVICE STATE: SRV_Cfiler.cass.cl;Almacenamiento /;CRITICAL;HARD;3;DISK CRITICAL - free space: / 0 MB (0% inode=-)]:
[1715313600] CURRENT SERVICE STATE: SRV_Cfiler.cass.cl;CPU;OK;HARD;1;OK - load average: 0.18, 0.14, 0.10
[1715313600] CURRENT SERVICE STATE: SRV_Cfiler.cass.cl;Http;OK;HARD;1;TCP OK - 0.000 second response time on port 80
[1715313600] CURRENT SERVICE STATE: SRV_Cfiler.cass.cl;Https;OK;HARD;1;TCP OK - 0.000 second response time on port 443
[1715313600] CURRENT SERVICE STATE: SRV_Cfiler.cass.cl;Memoria;OK;HARD;1;[MEMORY] Total: 3893 MB - Used: 1277 MB - 32% [SWAP] Total: 2047 MB - Used: 231 MB - 11%
[1715313600] CURRENT SERVICE STATE: SRV_Cfiler.cass.cl;Procesos;OK;HARD;1;PROCS OK: 317 processes
[1715313600] CURRENT SERVICE STATE: SRV_Cfiler.cass.cl;Procesos Zombies;OK;HARD;1;PROCS OK: 0 processes with STATE = Z
[1715313600] CURRENT SERVICE STATE: SRV_Cfiler.cass.cl;Procs Apache;OK;HARD;1;PROCS OK: 11 processes with args 'apache2'
[1715313600] CURRENT SERVICE STATE: SRV_Cfiler.cass.cl;Serv Apache;OK;HARD;1;OK: Service apache is running!
[1715313600] CURRENT SERVICE STATE: SRV_Cfiler.cass.cl;Servicio General;OK;HARD;1;PING OK - Packet loss = 0%, RTA = 0.58 ms
[1715313600] CURRENT SERVICE STATE: SRV_Cfiler.cass.cl;Tiempo Activo;OK;HARD;1;Uptime OK: 62 day(s) 16 hour(s) 23 minute(s)
[1715313600] CURRENT SERVICE STATE: SRV_Cfiler.cass.cl;Usuarios Login;OK;HARD;1;USERS OK - 2 users currently logged in
[1715313600] CURRENT SERVICE STATE: SRV_GLPI;Agentes;OK;HARD;1;OK: Agent_version was ['3.0.1']
[1715313600] CURRENT SERVICE STATE: SRV_GLPI;CPU;OK;HARD;1;OK: Percent was 1.00 %
[1715313600] CURRENT SERVICE STATE: SRV_GLPI;Http;OK;HARD;1;HTTP OK: HTTP/1.1 301 Moved Permanently - 364 bytes in 0.002 second response time
[1715313600] CURRENT SERVICE STATE: SRV_GLPI;Memoria;OK;HARD;1;OK: Memory usage was 14.80 % (Available: 14.30 GB, Total: 16.78 GB, Free: 1.21 GB, Used: 1.99 GB)
[1715313600] CURRENT SERVICE STATE: SRV_GLPI;Usuarios Login;OK;HARD;1;USERS OK - 1 users currently logged in
[1715313600] CURRENT SERVICE STATE: SRV_Oraculo_cass.cl;Ping;OK;HARD;1;PING OK - Packet loss = 0%, RTA = 1.33 ms
[1715313600] CURRENT SERVICE STATE: SRV_SOS2021.cass.cl;Actualizacion;OK;HARD;1;Updates OK : no updates available
[1715313600] CURRENT SERVICE STATE: SRV_SOS2021.cass.cl;Almacenamiento /;OK;HARD;1;DISK OK - free space: /var/tmp 118320 MiB (91.06% inode=-):
[1715313600] CURRENT SERVICE STATE: SRV_SOS2021.cass.cl;CPU;OK;HARD;1;OK - load average per CPU: 0.02, 0.02, 0.01
[1715313600] CURRENT SERVICE STATE: SRV_SOS2021.cass.cl;Memoria;OK;HARD;1;[MEMORY] Total: 7946 MB - Used: 1468 MB - 18% [SWAP] Total: 10239 MB - Used: 0 MB - 0%
[1715313600] CURRENT SERVICE STATE: SRV_SOS2021.cass.cl;Ping;OK;HARD;1;PING OK - Packet loss = 0%, RTA = 0.56 ms
[1715313600] CURRENT SERVICE STATE: SRV_SOS2021.cass.cl;Procesos;OK;HARD;1;PROCS OK: 308 processes
[1715313600] CURRENT SERVICE STATE: SRV_SOS2021.cass.cl;Procesos Zombies;OK;HARD;1;PROCS OK: 0 processes with STATE = Z
[1715313600] CURRENT SERVICE STATE: SRV_SOS2021.cass.cl;Tiempo Activo;OK;HARD;1;Uptime OK: 62 day(s) 16 hour(s) 34 minute(s)
[1715313600] CURRENT SERVICE STATE: SRV_SOS2021.cass.cl;Usuarios Login;OK;HARD;1;USERS OK - 0 users currently logged in
[1715313600] CURRENT SERVICE STATE: SRV_SUM;Ping;OK;HARD;1;PING OK - Packet loss = 0%, RTA = 0.58 ms
[1715313600] CURRENT SERVICE STATE: SRV_Soporte;Actualizacion;CRITICAL;HARD;3;Hay 5 actualizaciones pendientes.
[1715313600] CURRENT SERVICE STATE: SRV_Soporte;Agentes;OK;HARD;1;OK: Agent_version was ['3.0.1']
[1715313600] CURRENT SERVICE STATE: SRV_Soporte;CPU;OK;HARD;1;OK: Percent was 39.08 %
[1715313600] CURRENT SERVICE STATE: SRV_Soporte;Memoria;OK;HARD;1;OK: Memory usage was 43.40 % (Available: 9.73 GB, Total: 17.18 GB, Free: 9.72 GB, Used: 7.46 GB)
[1715313600] CURRENT SERVICE STATE: SRV_chat.cass.cl;Actualizacion;OK;HARD;1;Updates OK : no updates available
[1715313600] CURRENT SERVICE STATE: SRV_chat.cass.cl;Almacenamiento /;OK;HARD;1;DISK OK - free space: /var/tmp 927673 MiB (88.69% inode=-):
[1715313600] CURRENT SERVICE STATE: SRV_chat.cass.cl;CPU;OK;HARD;1;OK - load average per CPU: 0.08, 0.09, 0.09
[1715313600] CURRENT SERVICE STATE: SRV_chat.cass.cl;Memoria;OK;HARD;1;[MEMORY] Total: 7919 MB - Used: 3295 MB - 41% [SWAP] Total: 2048 MB - Used: 342 MB - 16%
[1715313600] CURRENT SERVICE STATE: SRV_chat.cass.cl;Ping;OK;HARD;1;PING OK - Packet loss = 0%, RTA = 0.56 ms
[1715313600] CURRENT SERVICE STATE: SRV_chat.cass.cl;Proceso Docker;OK;HARD;1;PROCS OK: 0 processes with command name 'docker'
[1715313600] CURRENT SERVICE STATE: SRV_chat.cass.cl;Proceso Nginx;OK;HARD;1;PROCS OK: 3 processes with command name 'nginx'
[1715313600] CURRENT SERVICE STATE: SRV_chat.cass.cl;Procesos;OK;HARD;1;PROCS OK: 282 processes
[1715313600] CURRENT SERVICE STATE: SRV_chat.cass.cl;Procesos Zombies;OK;HARD;1;PROCS OK: 0 processes with STATE = Z
[1715313600] CURRENT SERVICE STATE: SRV_chat.cass.cl;Puerto Contenedor;OK;HARD;1;TCP OK - 0.000 second response time on port 8000
[1715313600] CURRENT SERVICE STATE: SRV_chat.cass.cl;Puerto HTTP;OK;HARD;1;TCP OK - 0.000 second response time on port 80
[1715313600] CURRENT SERVICE STATE: SRV_chat.cass.cl;Puerto HTTPS;OK;HARD;1;TCP OK - 0.000 second response time on port 443
[1715313600] CURRENT SERVICE STATE: SRV_chat.cass.cl;Puerto Portainer;OK;HARD;1;TCP OK - 0.000 second response time on port 9443
[1715313600] CURRENT SERVICE STATE: SRV_chat.cass.cl;Servicio Docker;OK;HARD;1;OK: Service docker is running!
[1715313600] CURRENT SERVICE STATE: SRV_chat.cass.cl;Servicio Nginx;OK;HARD;1;OK: Service nginx is running!
[1715313600] CURRENT SERVICE STATE: SRV_chat.cass.cl;Usuarios Login;OK;HARD;1;USERS OK - 0 users currently logged in
[1715313600] CURRENT SERVICE STATE: SRV_email.cass.cl;Actualizacion;OK;HARD;1;Updates OK : no updates available
[1715313600] CURRENT SERVICE STATE: SRV_email.cass.cl;Almacenamiento /;OK;HARD;1;DISK OK - free space: /var/tmp 459204 MiB (90.61% inode=-):
[1715313600] CURRENT SERVICE STATE: SRV_email.cass.cl;Almacenamiento Mail;OK;HARD;1;DISK OK - free space: /mail 1779738 MiB (90.88% inode=99%):
[1715313600] CURRENT SERVICE STATE: SRV_email.cass.cl;Almacenamiento Mail2;OK;HARD;1;DISK OK - free space: /mail2 474047 MiB (99.32% inode=100%):
[1715313600] CURRENT SERVICE STATE: SRV_email.cass.cl;CPU;OK;HARD;1;OK - load average per CPU: 0.01, 0.02, 0.01
[1715313600] CURRENT SERVICE STATE: SRV_email.cass.cl;Correo Pop;OK;HARD;1;POP OK - 0.001 second response time on 10.0.2.25 port 110 [+OK GroupWise POP3 server ready]
[1715313600] CURRENT SERVICE STATE: SRV_email.cass.cl;Correo Smtp;OK;HARD;1;SMTP OK - 0.029 sec. response time
[1715313600] CURRENT SERVICE STATE: SRV_email.cass.cl;Memoria;OK;HARD;1;[MEMORY] Total: 11939 MB - Used: 3354 MB - 28% [SWAP] Total: 2048 MB - Used: 6 MB - 0%
[1715313600] CURRENT SERVICE STATE: SRV_email.cass.cl;Ping;OK;HARD;1;PING OK - Packet loss = 0%, RTA = 1.28 ms
[1715313600] CURRENT SERVICE STATE: SRV_email.cass.cl;Procesos;OK;HARD;1;PROCS OK: 309 processes
[1715313600] CURRENT SERVICE STATE: SRV_email.cass.cl;Procesos Zombies;OK;HARD;1;PROCS OK: 0 processes with STATE = Z
[1715313600] CURRENT SERVICE STATE: SRV_email.cass.cl;Tiempo Activo;OK;HARD;1;Uptime OK: 62 day(s) 16 hour(s) 37 minute(s)
[1715313600] CURRENT SERVICE STATE: SRV_email.cass.cl;Usuarios Login;OK;HARD;1;USERS OK - 0 users currently logged in
[1715313600] CURRENT SERVICE STATE: SRV_nagios;Actualizacion;OK;HARD;1;YUM OK: 0 Updates Available
[1715313600] CURRENT SERVICE STATE: SRV_nagios;CPU;OK;HARD;1;OK - load average: 0.07, 0.06, 0.05
[1715313600] CURRENT SERVICE STATE: SRV_nagios;Memoria;OK;HARD;1;[MEMORY] Total: 7740 MB - Used: 563 MB - 7% [SWAP] Total: 7935 MB - Used: 0 MB - 0%
[1715313600] CURRENT SERVICE STATE: SRV_nagios;PING;OK;HARD;1;PING OK - Packet loss = 0%, RTA = 0.07 ms
[1715313600] CURRENT SERVICE STATE: SRV_nagios;Procesos;OK;HARD;1;PROCS OK: 65 processes with STATE = RSZDT
[1715313600] CURRENT SERVICE STATE: SRV_nagios;Usarios Login;OK;HARD;1;USERS OK - 0 users currently logged in
[1715313600] CURRENT SERVICE STATE: SRV_sync.cass.cl;Ping;OK;HARD;1;PING OK - Packet loss = 0%, RTA = 1.57 ms
[1715313600] CURRENT SERVICE STATE: Servidor Vcenter;Ping;OK;HARD;1;PING OK - Packet loss = 0%, RTA = 0.54 ms
[1715313600] CURRENT SERVICE STATE: Servidores CASS;Ancho de Banda GE/1/0/3;OK;HARD;1;OK - Average IN: 10.88KB (0.01%), Average OUT: 7.18KB (0.01%)Total RX: 23183.79GBytes, Total TX: 56990.70GBytes
[1715313600] CURRENT SERVICE STATE: Servidores CASS;Estado Puerto 3;OK;HARD;1;OK: Interface GigabitEthernet1/0/3 (index 3) is up.
[1715313600] CURRENT SERVICE STATE: Servidores CASS;Estado Puerto 80;OK;HARD;1;TCP OK - 0.002 second response time on 10.0.0.17 port 80
[1715313600] CURRENT SERVICE STATE: Servidores CASS;Ping;OK;HARD;1;PING OK - Packet loss = 0%, RTA = 1.18 ms
[1715313600] CURRENT SERVICE STATE: Servidores CASS;Tiempo Activo;OK;HARD;1;SNMP OK - Timeticks: (541741772) 62 days, 16:50:17.72
[1715313600] CURRENT SERVICE STATE: Ups Principal;Carga;UNKNOWN;HARD;3;Plugin check_ups_snmp failure - snmpget command error.
[1715313600] CURRENT SERVICE STATE: Ups Principal;Estado;UNKNOWN;HARD;3;Plugin check_ups_snmp failure - snmpget command error.
[1715313600] CURRENT SERVICE STATE: Ups Principal;Ping;CRITICAL;HARD;3;CRITICAL - Host Unreachable (192.168.10.19)
[1715313600] CURRENT SERVICE STATE: Ups Principal;Temperatura;UNKNOWN;HARD;3;Plugin check_ups_snmp failure - snmpget command error.
[1715313600] CURRENT SERVICE STATE: Ups Principal;Tiempo Activo;CRITICAL;HARD;3;CRITICAL - Plugin timed out while executing system call
[1715313600] CURRENT SERVICE STATE: Veeam2023.cass.pmc;Actualizacion;CRITICAL;HARD;3;Updates: 2 critical, 0 optional
[1715313600] CURRENT SERVICE STATE: Veeam2023.cass.pmc;Almacenamiento;OK;HARD;1;c:\ - total: 99.33 Gb - used: 65.83 Gb (66%) - free 33.50 Gb (34%)
[1715313600] CURRENT SERVICE STATE: Veeam2023.cass.pmc;CPU;OK;HARD;1;CPU Load 10% (5 min average)
[1715313600] CURRENT SERVICE STATE: Veeam2023.cass.pmc;Memoria;OK;HARD;1;Memory usage: total:28159.25 MB - used: 16830.11 MB (60%) - free: 11329.14 MB (40%)
[1715313600] CURRENT SERVICE STATE: Veeam2023.cass.pmc;Ping;OK;HARD;1;PING OK - Packet loss = 0%, RTA = 2.56 ms
[1715313600] CURRENT SERVICE STATE: Veeam2023.cass.pmc;Tiempo Activo;OK;HARD;1;System Uptime - 7 day(s) 0 hour(s) 29 minute(s)
[1715313600] CURRENT SERVICE STATE: web_cass_cl;Certificado;OK;HARD;1;SSL OK - Certificate '*.cass.cl' will expire in 238 days on 2025-01-03 20:59 -0300/-03.
[1715313600] CURRENT SERVICE STATE: web_cass_cl;HTTP;OK;HARD;1;HTTP OK: HTTP/1.1 302 Found - 1077 bytes in 0.199 second response time
[1715314712] SERVICE ALERT: SRV_GLPI;CPU;WARNING;SOFT;1;WARNING: Percent was 65.82 %
[1715314833] SERVICE ALERT: SRV_GLPI;CPU;OK;SOFT;2;OK: Percent was 1.50 %
[1715315448] Auto-save of retention data completed successfully.
[1715316320] SERVICE ALERT: SRV_Soporte;CPU;CRITICAL;SOFT;1;CRITICAL: Percent was 77.92 %
[1715316441] SERVICE ALERT: SRV_Soporte;CPU;OK;SOFT;2;OK: Percent was 30.45 %
[1715317761] SERVICE ALERT: SRV_Soporte;CPU;WARNING;SOFT;1;WARNING: Percent was 60.15 %
[1715317882] SERVICE ALERT: SRV_Soporte;CPU;OK;SOFT;2;OK: Percent was 44.77 %
[1715319048] Auto-save of retention data completed successfully.
[1715319263] SERVICE ALERT: SRV_Soporte;CPU;WARNING;SOFT;1;WARNING: Percent was 62.80 %
[1715319383] SERVICE ALERT: SRV_Soporte;CPU;OK;SOFT;2;OK: Percent was 42.42 %
[1715320343] SERVICE ALERT: SRV_Soporte;CPU;WARNING;SOFT;1;WARNING: Percent was 66.67 %
[1715320464] SERVICE ALERT: SRV_Soporte;CPU;OK;SOFT;2;OK: Percent was 6.82 %
[1715322325] SERVICE ALERT: SRV_Soporte;CPU;WARNING;SOFT;1;WARNING: Percent was 65.97 %
[1715322446] SERVICE ALERT: SRV_Soporte;CPU;OK;SOFT;2;OK: Percent was 41.90 %
[1715322648] Auto-save of retention data completed successfully.
[1715322687] SERVICE ALERT: SRV_Soporte;CPU;WARNING;SOFT;1;WARNING: Percent was 65.17 %
[1715322809] SERVICE ALERT: SRV_Soporte;CPU;CRITICAL;SOFT;2;CRITICAL: Percent was 74.25 %
[1715322838] SERVICE ALERT: FW Cass Entel;Ping;WARNING;SOFT;1;PING WARNING - Packet loss = 90%, RTA = 34.06 ms
[1715322843] SERVICE ALERT: FW ADL Diagnostic;Ping;CRITICAL;SOFT;1;PING CRITICAL - Packet loss = 100%
[1715322846] SERVICE ALERT: ADL Diagnostic;Ping;CRITICAL;SOFT;1;PING CRITICAL - Packet loss = 100%
[1715322868] wproc: Core Worker 1160: job 2157727 (pid=29793) timed out. Killing it
[1715322868] wproc: CHECK job 2157727 from worker Core Worker 1160 timed out after 30.01s
[1715322868] wproc:   host=FW Cass Entel; service=(null);
[1715322868] wproc:   early_timeout=1; exited_ok=0; wait_status=0; error_code=62;
[1715322868] Warning: Check of host 'FW Cass Entel' timed out after 30.01 seconds
[1715322868] HOST ALERT: FW Cass Entel;DOWN;SOFT;1;(Host check timed out after 30.01 seconds)
[1715322868] wproc: Core Worker 1160: job 2157727 (pid=29793): Dormant child reaped
[1715322873] wproc: Core Worker 1158: job 2157732 (pid=29832) timed out. Killing it
[1715322873] wproc: CHECK job 2157732 from worker Core Worker 1158 timed out after 30.01s
[1715322873] wproc:   host=FW ADL Diagnostic; service=(null);
[1715322873] wproc:   early_timeout=1; exited_ok=0; wait_status=0; error_code=62;
[1715322873] Warning: Check of host 'FW ADL Diagnostic' timed out after 30.01 seconds
[1715322873] HOST ALERT: FW ADL Diagnostic;DOWN;SOFT;1;(Host check timed out after 30.01 seconds)
[1715322873] wproc: Core Worker 1158: job 2157732 (pid=29832): Dormant child reaped
[1715322876] wproc: Core Worker 1160: job 2157733 (pid=29843) timed out. Killing it
[1715322876] wproc: CHECK job 2157733 from worker Core Worker 1160 timed out after 30.01s
[1715322876] wproc:   host=ADL Diagnostic; service=(null);
[1715322876] wproc:   early_timeout=1; exited_ok=0; wait_status=0; error_code=62;
[1715322876] Warning: Check of host 'ADL Diagnostic' timed out after 30.01 seconds
[1715322876] HOST ALERT: ADL Diagnostic;DOWN;SOFT;1;(Host check timed out after 30.01 seconds)
[1715322876] wproc: Core Worker 1160: job 2157733 (pid=29843): Dormant child reaped
[1715322898] HOST ALERT: FW ADL Diagnostic;UP;SOFT;1;PING OK - Packet loss = 78%, RTA = 34.08 ms
[1715322930] SERVICE ALERT: SRV_Soporte;CPU;OK;SOFT;3;OK: Percent was 38.27 %
[1715322932] HOST ALERT: FW Cass Entel;UP;SOFT;1;PING OK - Packet loss = 0%, RTA = 34.05 ms
[1715322940] HOST ALERT: ADL Diagnostic;UP;SOFT;1;PING OK - Packet loss = 0%, RTA = 33.05 ms
[1715322962] SERVICE ALERT: FW Cass Entel;Ping;OK;SOFT;2;PING OK - Packet loss = 0%, RTA = 34.26 ms
[1715322967] SERVICE ALERT: FW ADL Diagnostic;Ping;OK;SOFT;2;PING OK - Packet loss = 0%, RTA = 34.11 ms
[1715322970] SERVICE ALERT: ADL Diagnostic;Ping;OK;SOFT;2;PING OK - Packet loss = 0%, RTA = 32.95 ms
[1715324671] SERVICE ALERT: SRV_Soporte;CPU;WARNING;SOFT;1;WARNING: Percent was 65.92 %
[1715324792] SERVICE ALERT: SRV_Soporte;CPU;OK;SOFT;2;OK: Percent was 28.05 %
[1715325393] SERVICE ALERT: SRV_Soporte;CPU;WARNING;SOFT;1;WARNING: Percent was 61.70 %
[1715325514] SERVICE ALERT: SRV_Soporte;CPU;OK;SOFT;2;OK: Percent was 42.98 %
[1715326248] Auto-save of retention data completed successfully.
[1715328095] SERVICE ALERT: SRV_Soporte;CPU;WARNING;SOFT;1;WARNING: Percent was 60.62 %
[1715328216] SERVICE ALERT: SRV_Soporte;CPU;OK;SOFT;2;OK: Percent was 1.45 %
[1715329848] Auto-save of retention data completed successfully.
[1715329897] SERVICE ALERT: SRV_Soporte;CPU;WARNING;SOFT;1;WARNING: Percent was 68.75 %
[1715330018] SERVICE ALERT: SRV_Soporte;CPU;OK;SOFT;2;OK: Percent was 1.52 %
[1715331939] SERVICE ALERT: SRV_Soporte;CPU;WARNING;SOFT;1;WARNING: Percent was 68.10 %
[1715332060] SERVICE ALERT: SRV_Soporte;CPU;CRITICAL;SOFT;2;CRITICAL: Percent was 70.55 %
[1715332181] SERVICE ALERT: SRV_Soporte;CPU;OK;SOFT;3;OK: Percent was 45.23 %
[1715333448] Auto-save of retention data completed successfully.
[1715335542] SERVICE ALERT: SRV_Soporte;CPU;CRITICAL;SOFT;1;CRITICAL: Percent was 84.55 %
[1715335663] SERVICE ALERT: SRV_Soporte;CPU;OK;SOFT;2;OK: Percent was 1.50 %
[1715336144] SERVICE ALERT: SRV_Soporte;CPU;WARNING;SOFT;1;WARNING: Percent was 60.28 %
[1715336265] SERVICE ALERT: SRV_Soporte;CPU;OK;SOFT;2;OK: Percent was 25.77 %
[1715337048] Auto-save of retention data completed successfully.
[1715339478] wproc: Core Worker 1158: job 2172701 (pid=6633) timed out. Killing it
[1715339478] wproc: CHECK job 2172701 from worker Core Worker 1158 timed out after 30.01s
[1715339478] wproc:   host=OyC Entel; service=(null);
[1715339478] wproc:   early_timeout=1; exited_ok=0; wait_status=0; error_code=62;
[1715339478] Warning: Check of host 'OyC Entel' timed out after 30.01 seconds
[1715339478] HOST ALERT: OyC Entel;DOWN;SOFT;1;(Host check timed out after 30.01 seconds)
[1715339479] wproc: Core Worker 1158: job 2172701 (pid=6633): Dormant child reaped
[1715339568] wproc: Core Worker 1160: job 2172778 (pid=7385) timed out. Killing it
[1715339568] wproc: CHECK job 2172778 from worker Core Worker 1160 timed out after 30.01s
[1715339568] wproc:   host=OyC Entel; service=(null);
[1715339568] wproc:   early_timeout=1; exited_ok=0; wait_status=0; error_code=62;
[1715339568] Warning: Check of host 'OyC Entel' timed out after 30.01 seconds
[1715339568] HOST ALERT: OyC Entel;DOWN;SOFT;2;(Host check timed out after 30.01 seconds)
[1715339569] wproc: Core Worker 1160: job 2172778 (pid=7385): Dormant child reaped
[1715339569] wproc: Core Worker 1159: job 2172779 (pid=7390) timed out. Killing it
[1715339569] wproc: CHECK job 2172779 from worker Core Worker 1159 timed out after 30.01s
[1715339569] wproc:   host=FW OyC; service=(null);
[1715339569] wproc:   early_timeout=1; exited_ok=0; wait_status=0; error_code=62;
[1715339569] Warning: Check of host 'FW OyC' timed out after 30.01 seconds
[1715339569] HOST ALERT: FW OyC;DOWN;SOFT;1;(Host check timed out after 30.01 seconds)
[1715339569] wproc: Core Worker 1159: job 2172779 (pid=7390): Dormant child reaped
[1715339633] HOST ALERT: OyC Entel;UP;SOFT;1;PING OK - Packet loss = 0%, RTA = 54.78 ms
[1715339633] HOST ALERT: FW OyC;UP;SOFT;1;PING OK - Packet loss = 0%, RTA = 60.44 ms
[1715340648] Auto-save of retention data completed successfully.
[1715340706] SERVICE ALERT: SRV_Soporte;CPU;WARNING;SOFT;1;WARNING: Percent was 62.88 %
[1715340827] SERVICE ALERT: SRV_Soporte;CPU;OK;SOFT;2;OK: Percent was 35.92 %
[1715343273] SERVICE ALERT: SRV_GLPI;CPU;WARNING;SOFT;1;WARNING: Percent was 63.65 %
[1715343394] SERVICE ALERT: SRV_GLPI;CPU;OK;SOFT;2;OK: Percent was 13.85 %
[1715344084] SERVICE ALERT: SRV01USER_cass.cl;Actualizacion;UNKNOWN;HARD;3;CHECK_NRPE: Receive header underflow - only 0 bytes received (4 expected).
[1715344147] SERVICE ALERT: SRV01USER_cass.cl;Actualizacion;CRITICAL;HARD;3;Updates: 1 critical, 0 optional
[1715344248] Auto-save of retention data completed successfully.
[1715345447] SERVICE ALERT: SRV_Soporte;CPU;WARNING;SOFT;1;WARNING: Percent was 60.18 %
[1715345567] SERVICE ALERT: SRV_Soporte;CPU;OK;SOFT;2;OK: Percent was 36.35 %
[1715345808] SERVICE ALERT: SRV_Soporte;CPU;WARNING;SOFT;1;WARNING: Percent was 62.48 %
[1715345929] SERVICE ALERT: SRV_Soporte;CPU;OK;SOFT;2;OK: Percent was 48.22 %
[1715346349] SERVICE ALERT: SRV_Soporte;CPU;WARNING;SOFT;1;WARNING: Percent was 67.20 %
[1715346470] SERVICE ALERT: SRV_Soporte;CPU;OK;SOFT;2;OK: Percent was 39.07 %
[1715347070] SERVICE ALERT: SRV_Soporte;CPU;CRITICAL;SOFT;1;CRITICAL: Percent was 79.53 %
[1715347191] SERVICE ALERT: SRV_Soporte;CPU;OK;SOFT;2;OK: Percent was 34.83 %
[1715347848] Auto-save of retention data completed successfully.
[1715349952] SERVICE ALERT: SRV_Soporte;CPU;WARNING;SOFT;1;WARNING: Percent was 68.00 %
[1715350073] SERVICE ALERT: SRV_Soporte;CPU;OK;SOFT;2;OK: Percent was 27.27 %
[1715351448] Auto-save of retention data completed successfully.
[1715352654] SERVICE ALERT: SRV_Soporte;CPU;WARNING;SOFT;1;WARNING: Percent was 68.17 %
[1715352774] SERVICE ALERT: SRV_Soporte;CPU;OK;SOFT;2;OK: Percent was 17.95 %
[1715353555] SERVICE ALERT: SRV_Soporte;CPU;WARNING;SOFT;1;WARNING: Percent was 65.05 %
[1715353676] SERVICE ALERT: SRV_Soporte;CPU;OK;SOFT;2;OK: Percent was 47.73 %
[1715355048] Auto-save of retention data completed successfully.
[1715355417] SERVICE ALERT: SRV_Soporte;CPU;WARNING;SOFT;1;WARNING: Percent was 65.90 %
[1715355538] SERVICE ALERT: SRV_Soporte;CPU;OK;SOFT;2;OK: Percent was 41.88 %
[1715357522] SERVICE ALERT: FW Cass Telsur;Ancho de Banda DMZ;CRITICAL;SOFT;1;(No output on stdout) stderr:
[1715357537] SERVICE ALERT: FW Cass Telsur;Estado Puerto LAN;WARNING;SOFT;1;WARNING: SNMP error: No response from remote host "201.220.96.34"
[1715357639] SERVICE ALERT: SRV_Soporte;CPU;WARNING;SOFT;1;WARNING: Percent was 62.10 %
[1715357642] SERVICE ALERT: FW Cass Telsur;Ancho de Banda DMZ;OK;SOFT;2;OK - Average IN: 15.60KB (0.01%), Average OUT: 9.37KB (0.01%)Total RX: 34.48GBytes, Total TX: 22.24GBytes
[1715357657] SERVICE ALERT: FW Cass Telsur;Estado Puerto LAN;OK;SOFT;2;OK: Interface eth0 (index 2) is up.
[1715357760] SERVICE ALERT: SRV_Soporte;CPU;OK;SOFT;2;OK: Percent was 35.92 %
[1715358648] Auto-save of retention data completed successfully.
[1715359081] SERVICE ALERT: SRV_Soporte;CPU;WARNING;SOFT;1;WARNING: Percent was 66.12 %
[1715359201] SERVICE ALERT: SRV_Soporte;CPU;OK;SOFT;2;OK: Percent was 37.50 %
[1715361002] SERVICE ALERT: SRV_Soporte;CPU;WARNING;SOFT;1;WARNING: Percent was 69.47 %
[1715361122] SERVICE ALERT: SRV_Soporte;CPU;OK;SOFT;2;OK: Percent was 34.10 %
[1715361303] SERVICE ALERT: SRV_Soporte;CPU;CRITICAL;SOFT;1;CRITICAL: Percent was 88.10 %
[1715361424] SERVICE ALERT: SRV_Soporte;CPU;CRITICAL;SOFT;2;CRITICAL: Percent was 70.20 %
[1715361545] SERVICE ALERT: SRV_Soporte;CPU;OK;SOFT;3;OK: Percent was 33.10 %
[1715361726] SERVICE ALERT: SRV_Soporte;CPU;CRITICAL;SOFT;1;CRITICAL: Percent was 100.00 %
[1715361847] SERVICE ALERT: SRV_Soporte;CPU;WARNING;SOFT;2;WARNING: Percent was 68.92 %
[1715361968] SERVICE ALERT: SRV_Soporte;CPU;OK;SOFT;3;OK: Percent was 41.33 %
[1715362248] Auto-save of retention data completed successfully.
[1715362676] SERVICE ALERT: FW Cass Telsur;Ancho de Banda WAN;UNKNOWN;SOFT;1;UNKNOWN: Improper interface status, status received: DNE - No response from remote host "201.220.96.34"
[1715362796] SERVICE ALERT: FW Cass Telsur;Ancho de Banda WAN;OK;SOFT;2;OK - Average IN: 314.26B (0.00%), Average OUT: 108.19B (0.00%)Total RX: 4527.61GBytes, Total TX: 5921.85GBytes
[1715362869] SERVICE ALERT: SRV_Soporte;CPU;CRITICAL;SOFT;1;CRITICAL: Percent was 85.03 %
[1715362990] SERVICE ALERT: SRV_Soporte;CPU;OK;SOFT;2;OK: Percent was 4.55 %
[1715363111] SERVICE ALERT: SRV_Soporte;CPU;WARNING;SOFT;1;WARNING: Percent was 66.40 %
[1715363232] SERVICE ALERT: SRV_Soporte;CPU;OK;SOFT;2;OK: Percent was 40.27 %
[1715364973] SERVICE ALERT: SRV_Soporte;CPU;WARNING;SOFT;1;WARNING: Percent was 60.95 %
[1715365094] SERVICE ALERT: SRV_Soporte;CPU;OK;SOFT;2;OK: Percent was 27.20 %
[1715365848] Auto-save of retention data completed successfully.
[1715365926] SERVICE ALERT: FW Cass Telsur;Ancho de Banda LAN;CRITICAL;SOFT;1;(No output on stdout) stderr:
[1715365926] SERVICE ALERT: FW Cass Telsur;Ancho de Banda WAN;CRITICAL;SOFT;1;(No output on stdout) stderr:
[1715366046] SERVICE ALERT: FW Cass Telsur;Ancho de Banda LAN;OK;SOFT;2;OK - Average IN: 54.10KB (0.04%), Average OUT: 1.95MB (1.56%)Total RX: 531.73GBytes, Total TX: 792.37GBytes
[1715366046] SERVICE ALERT: FW Cass Telsur;Ancho de Banda WAN;OK;SOFT;2;OK - Average IN: 882.90B (0.00%), Average OUT: 274.12B (0.00%)Total RX: 4529.30GBytes, Total TX: 5924.18GBytes
[1715366412] SERVICE ALERT: FW Cass Telsur;Ancho de Banda DMZ;CRITICAL;SOFT;1;(No output on stdout) stderr:
[1715366464] SERVICE ALERT: FW Cass Telsur;Estado Puerto WAN;WARNING;SOFT;1;WARNING: SNMP error: No response from remote host "201.220.96.34"
[1715366532] SERVICE ALERT: FW Cass Telsur;Ancho de Banda DMZ;OK;SOFT;2;OK - Average IN: 11.59KB (0.01%), Average OUT: 8.30KB (0.01%)Total RX: 34.82GBytes, Total TX: 22.55GBytes
[1715366584] SERVICE ALERT: FW Cass Telsur;Estado Puerto WAN;OK;SOFT;2;OK: Interface eth1 (index 3) is up.
[1715366596] SERVICE ALERT: FW Cass Telsur;Ancho de Banda WAN;CRITICAL;SOFT;1;(No output on stdout) stderr:
[1715366668] SERVICE ALERT: FW Cass Telsur;Estado Puerto LAN;WARNING;SOFT;1;WARNING: SNMP error: No response from remote host "201.220.96.34"
[1715366714] SERVICE ALERT: FW Cass Telsur;Estado Puerto WAN;WARNING;SOFT;1;WARNING: SNMP error: No response from remote host "201.220.96.34"
[1715366732] SERVICE ALERT: FW Cass Telsur;Ancho de Banda WAN;OK;SOFT;2;(No output on stdout) stderr:
[1715366798] SERVICE ALERT: FW Cass Telsur;Estado Puerto LAN;WARNING;SOFT;2;WARNING: SNMP error: No response from remote host "201.220.96.34"
[1715366834] SERVICE ALERT: FW Cass Telsur;Estado Puerto WAN;OK;SOFT;2;OK: Interface eth1 (index 3) is up.
[1715366918] SERVICE ALERT: FW Cass Telsur;Estado Puerto LAN;OK;SOFT;3;OK: Interface eth0 (index 2) is up.
[1715367197] SERVICE ALERT: FW Cass Telsur;Ancho de Banda LAN;CRITICAL;SOFT;1;(No output on stdout) stderr:
[1715367317] SERVICE ALERT: FW Cass Telsur;Ancho de Banda LAN;OK;SOFT;2;OK - Average IN: 74.45KB (0.06%), Average OUT: 1.69MB (1.35%)Total RX: 531.82GBytes, Total TX: 794.89GBytes
[1715368755] SERVICE ALERT: SRV_Soporte;CPU;WARNING;SOFT;1;WARNING: Percent was 61.38 %
[1715368876] SERVICE ALERT: SRV_Soporte;CPU;OK;SOFT;2;OK: Percent was 39.72 %
[1715369124] SERVICE ALERT: FW Cass Telsur;Estado Puerto WAN;WARNING;SOFT;1;WARNING: SNMP error: No response from remote host "201.220.96.34"
[1715369245] SERVICE ALERT: FW Cass Telsur;Estado Puerto WAN;OK;SOFT;2;OK: Interface eth1 (index 3) is up.
[1715369448] Auto-save of retention data completed successfully.
[1715369662] SERVICE ALERT: FW Cass Telsur;Ancho de Banda DMZ;CRITICAL;SOFT;1;CRITICAL - IN bandwidth (210819931878.30%) too high
[1715369782] SERVICE ALERT: FW Cass Telsur;Ancho de Banda DMZ;CRITICAL;SOFT;2;CRITICAL - IN bandwidth (229.08%) too high
[1715369902] SERVICE ALERT: FW Cass Telsur;Ancho de Banda DMZ;OK;SOFT;3;OK - Average IN: 13.24KB (0.01%), Average OUT: 10.32KB (0.01%)Total RX: 34.93GBytes, Total TX: 22.62GBytes
[1715370152] SERVICE ALERT: FW Cass Telsur;Ancho de Banda DMZ;CRITICAL;SOFT;1;CRITICAL - OUT bandwidth (213875293359.25%) too high
[1715370155] SERVICE ALERT: FW Cass Telsur;Estado Puerto WAN;WARNING;SOFT;1;WARNING: SNMP error: No response from remote host "201.220.96.34"
[1715370272] SERVICE ALERT: FW Cass Telsur;Ancho de Banda DMZ;CRITICAL;SOFT;2;CRITICAL - OUT bandwidth (143.17%) too high
[1715370276] SERVICE ALERT: FW Cass Telsur;Estado Puerto WAN;OK;SOFT;2;OK: Interface eth1 (index 3) is up.
[1715370397] SERVICE ALERT: FW Cass Telsur;Ancho de Banda DMZ;OK;SOFT;3;OK - Average IN: 27.84KB (0.02%), Average OUT: 16.73KB (0.01%)Total RX: 34.95GBytes, Total TX: 22.62GBytes
[1715371727] SERVICE ALERT: FW Cass Telsur;Ancho de Banda DMZ;UNKNOWN;SOFT;1;UNKNOWN: Improper interface status, status received: DNE - No response from remote host "201.220.96.34"
[1715371847] SERVICE ALERT: FW Cass Telsur;Ancho de Banda DMZ;OK;SOFT;2;OK - Average IN: 14.18KB (0.01%), Average OUT: 9.43KB (0.01%)Total RX: 34.98GBytes, Total TX: 22.64GBytes
[1715372536] SERVICE ALERT: SRV_Soporte;CPU;WARNING;SOFT;1;WARNING: Percent was 60.53 %
[1715372657] SERVICE ALERT: SRV_Soporte;CPU;OK;SOFT;2;OK: Percent was 34.82 %
[1715373048] Auto-save of retention data completed successfully.
[1715373797] SERVICE ALERT: SRV_Soporte;CPU;WARNING;SOFT;1;WARNING: Percent was 61.03 %
[1715373918] SERVICE ALERT: SRV_Soporte;CPU;OK;SOFT;2;OK: Percent was 59.10 %
[1715374227] SERVICE ALERT: FW Cass Telsur;Ancho de Banda LAN;CRITICAL;SOFT;1;(No output on stdout) stderr:
[1715374347] SERVICE ALERT: FW Cass Telsur;Ancho de Banda LAN;OK;SOFT;2;OK - Average IN: 45.05KB (0.04%), Average OUT: 335.99KB (0.27%)Total RX: 532.92GBytes, Total TX: 803.88GBytes
[1715375118] SERVICE ALERT: SRV_Soporte;CPU;WARNING;SOFT;1;WARNING: Percent was 63.30 %
[1715375239] SERVICE ALERT: SRV_Soporte;CPU;OK;SOFT;2;OK: Percent was 37.50 %
[1715375674] SERVICE ALERT: SRV_GLPI;CPU;WARNING;SOFT;1;WARNING: Percent was 61.50 %
[1715375737] SERVICE ALERT: FW Cass Telsur;Ancho de Banda LAN;CRITICAL;SOFT;1;(No output on stdout) stderr:
[1715375795] SERVICE ALERT: SRV_GLPI;CPU;OK;SOFT;2;OK: Percent was 5.53 %
[1715375857] SERVICE ALERT: FW Cass Telsur;Ancho de Banda LAN;OK;SOFT;2;OK - Average IN: 41.86KB (0.03%), Average OUT: 205.97KB (0.16%)Total RX: 533.23GBytes, Total TX: 810.19GBytes
[1715376499] SERVICE ALERT: SRV_Soporte;CPU;WARNING;SOFT;1;WARNING: Percent was 62.88 %
[1715376620] SERVICE ALERT: SRV_Soporte;CPU;OK;SOFT;2;OK: Percent was 33.32 %
[1715376648] Auto-save of retention data completed successfully.
[1715377520] SERVICE ALERT: SRV_Soporte;CPU;CRITICAL;SOFT;1;CRITICAL: Percent was 88.28 %
[1715377641] SERVICE ALERT: SRV_Soporte;CPU;OK;SOFT;2;OK: Percent was 40.90 %
[1715379022] SERVICE ALERT: SRV_Soporte;CPU;WARNING;SOFT;1;WARNING: Percent was 66.25 %
[1715379143] SERVICE ALERT: SRV_Soporte;CPU;OK;SOFT;2;OK: Percent was 43.38 %
[1715379984] SERVICE ALERT: SRV_Soporte;CPU;WARNING;SOFT;1;WARNING: Percent was 67.42 %
[1715380105] SERVICE ALERT: SRV_Soporte;CPU;OK;SOFT;2;OK: Percent was 2.95 %
[1715380248] Auto-save of retention data completed successfully.
[1715383826] SERVICE ALERT: SRV_Soporte;CPU;WARNING;SOFT;1;WARNING: Percent was 61.77 %
[1715383848] Auto-save of retention data completed successfully.
[1715383946] SERVICE ALERT: SRV_Soporte;CPU;OK;SOFT;2;OK: Percent was 48.50 %
[1715384367] SERVICE ALERT: SRV_Soporte;CPU;WARNING;SOFT;1;WARNING: Percent was 62.22 %
[1715384488] SERVICE ALERT: SRV_Soporte;CPU;WARNING;SOFT;2;WARNING: Percent was 60.93 %
[1715384609] SERVICE ALERT: SRV_Soporte;CPU;OK;SOFT;3;OK: Percent was 54.55 %
[1715384790] SERVICE ALERT: SRV_Soporte;CPU;WARNING;SOFT;1;WARNING: Percent was 63.22 %
[1715384898] SERVICE ALERT: Veeam2023.cass.pmc;Almacenamiento;UNKNOWN;SOFT;1;NSClient - ERROR: No performance data from command: check_drivesize
[1715384910] SERVICE ALERT: SRV_Soporte;CPU;OK;SOFT;2;OK: Percent was 39.38 %
[1715384947] SERVICE ALERT: Veeam2023.cass.pmc;Tiempo Activo;CRITICAL;SOFT;1;CRITICAL - Socket timeout
[1715384947] SERVICE ALERT: Veeam2023.cass.pmc;CPU;CRITICAL;SOFT;1;CRITICAL - Socket timeout
[1715384959] HOST ALERT: Veeam2023.cass.pmc;DOWN;SOFT;1;CRITICAL - Host Unreachable (10.0.0.83)
[1715384971] HOST ALERT: Veeam2023.cass.pmc;UP;SOFT;1;PING OK - Packet loss = 0%, RTA = 1.89 ms
[1715385019] SERVICE ALERT: Veeam2023.cass.pmc;Almacenamiento;OK;SOFT;2;c:\ - total: 99.33 Gb - used: 65.72 Gb (66%) - free 33.61 Gb (34%)
[1715385067] SERVICE ALERT: Veeam2023.cass.pmc;Tiempo Activo;OK;SOFT;2;System Uptime - 0 day(s) 0 hour(s) 2 minute(s)
[1715385067] SERVICE ALERT: Veeam2023.cass.pmc;CPU;OK;SOFT;2;CPU Load 6% (5 min average)
[1715386258] SERVICE ALERT: SRV_email.cass.cl;Almacenamiento Mail2;CRITICAL;SOFT;1;CHECK_NRPE STATE CRITICAL: Socket timeout after 30 seconds.
[1715386378] SERVICE ALERT: SRV_email.cass.cl;Almacenamiento Mail2;OK;SOFT;2;DISK OK - free space: /mail2 474029 MiB (99.32% inode=100%):
[1715387071] SERVICE ALERT: SRV_Soporte;CPU;CRITICAL;SOFT;1;CRITICAL: Percent was 76.58 %
[1715387192] SERVICE ALERT: SRV_Soporte;CPU;OK;SOFT;2;OK: Percent was 26.58 %
[1715387448] Auto-save of retention data completed successfully.
[1715387733] SERVICE ALERT: SRV_Soporte;CPU;WARNING;SOFT;1;WARNING: Percent was 60.62 %
[1715387854] SERVICE ALERT: SRV_Soporte;CPU;OK;SOFT;2;OK: Percent was 40.67 %
[1715388283] SERVICE ALERT: SRVADMIN.cass.pmc;Actualizacion;OK;HARD;1;OK - no pending updates.
[1715389295] SERVICE ALERT: SRV_Soporte;CPU;WARNING;SOFT;1;WARNING: Percent was 64.72 %
[1715389416] SERVICE ALERT: SRV_Soporte;CPU;OK;SOFT;2;OK: Percent was 39.40 %
[1715390497] SERVICE ALERT: SRV_Soporte;CPU;WARNING;SOFT;1;WARNING: Percent was 60.83 %
[1715390618] SERVICE ALERT: SRV_Soporte;CPU;OK;SOFT;2;OK: Percent was 28.80 %
[1715391048] Auto-save of retention data completed successfully.
[1715393979] SERVICE ALERT: SRVCONT.cass.cl;Actualizacion;UNKNOWN;SOFT;1;CHECK_NRPE: Receive header underflow - only 0 bytes received (4 expected).
[1715394100] SERVICE ALERT: SRVCONT.cass.cl;Actualizacion;OK;SOFT;2;OK - no pending updates.
[1715394648] Auto-save of retention data completed successfully.
[1715395839] SERVICE ALERT: SRV_Soporte;CPU;WARNING;SOFT;1;WARNING: Percent was 63.97 %
[1715395959] SERVICE ALERT: SRV_Soporte;CPU;OK;SOFT;2;OK: Percent was 36.35 %
[1715398248] Auto-save of retention data completed successfully.
[1715399440] SERVICE ALERT: SRV_Soporte;CPU;WARNING;SOFT;1;WARNING: Percent was 63.25 %
[1715399561] SERVICE ALERT: SRV_Soporte;CPU;OK;SOFT;2;OK: Percent was 33.50 %
