[1691294400] LOG ROTATION: DAILY
[1691294400] LOG VERSION: 2.0
[1691294400] CURRENT HOST STATE: ADL Diagnostic;UP;HARD;1;PING OK - Packet loss = 0%, RTA = 36.61 ms
[1691294400] CURRENT HOST STATE: Blueshell;UP;HARD;1;PING OK - Packet loss = 0%, RTA = 6.09 ms
[1691294400] CURRENT HOST STATE: Cass Entel;UP;HARD;1;PING OK - Packet loss = 28%, RTA = 0.54 ms
[1691294400] CURRENT HOST STATE: Cass Telsur;UP;HARD;1;PING OK - Packet loss = 0%, RTA = 1.27 ms
[1691294400] CURRENT HOST STATE: Clinica PV Movistar;UP;HARD;1;PING OK - Packet loss = 0%, RTA = 35.77 ms
[1691294400] CURRENT HOST STATE: Clinica PV Telsur;UP;HARD;1;PING OK - Packet loss = 0%, RTA = 1.33 ms
[1691294400] CURRENT HOST STATE: Confe;UP;HARD;1;PING OK - Packet loss = 0%, RTA = 40.17 ms
[1691294400] CURRENT HOST STATE: Electric Works;UP;HARD;1;PING OK - Packet loss = 0%, RTA = 37.99 ms
[1691294400] CURRENT HOST STATE: Ext Entel;UP;HARD;1;PING OK - Packet loss = 0%, RTA = 0.59 ms
[1691294400] CURRENT HOST STATE: Ext Telsur;UP;HARD;1;PING OK - Packet loss = 28%, RTA = 1.36 ms
[1691294400] CURRENT HOST STATE: FW ADL Diagnostic;UP;HARD;1;PING OK - Packet loss = 0%, RTA = 35.05 ms
[1691294400] CURRENT HOST STATE: FW Blueshell;UP;HARD;1;PING OK - Packet loss = 0%, RTA = 3.19 ms
[1691294400] CURRENT HOST STATE: FW Cass Entel;UP;HARD;1;PING OK - Packet loss = 0%, RTA = 35.04 ms
[1691294400] CURRENT HOST STATE: FW Cass Telsur;UP;HARD;1;PING OK - Packet loss = 0%, RTA = 0.47 ms
[1691294400] CURRENT HOST STATE: FW Clinica PV Movistar;UP;HARD;1;PING OK - Packet loss = 0%, RTA = 34.79 ms
[1691294400] CURRENT HOST STATE: FW Clinica PV Telsur;UP;HARD;1;PING OK - Packet loss = 0%, RTA = 1.40 ms
[1691294400] CURRENT HOST STATE: FW Confe;UP;HARD;1;PING OK - Packet loss = 0%, RTA = 39.28 ms
[1691294400] CURRENT HOST STATE: FW Electric Works;UP;HARD;1;PING OK - Packet loss = 0%, RTA = 33.35 ms
[1691294400] CURRENT HOST STATE: FW Gore Los Lagos;UP;HARD;1;PING OK - Packet loss = 0%, RTA = 1.11 ms
[1691294400] CURRENT HOST STATE: FW Pasmar;UP;HARD;1;PING OK - Packet loss = 0%, RTA = 1.33 ms
[1691294400] CURRENT HOST STATE: Gore Los Lagos;UP;HARD;1;PING OK - Packet loss = 0%, RTA = 1.08 ms
[1691294400] CURRENT HOST STATE: Host-10.0.0.120;UP;HARD;1;PING OK - Packet loss = 0%, RTA = 0.50 ms
[1691294400] CURRENT HOST STATE: Host-10.0.0.121;UP;HARD;1;PING OK - Packet loss = 0%, RTA = 0.44 ms
[1691294400] CURRENT HOST STATE: Internet;UP;HARD;1;PING OK - Packet loss = 0%, RTA = 22.19 ms
[1691294400] CURRENT HOST STATE: Pasmar;UP;HARD;1;PING OK - Packet loss = 0%, RTA = 1.24 ms
[1691294400] CURRENT HOST STATE: Qnap NAS;UP;HARD;1;PING OK - Packet loss = 0%, RTA = 0.29 ms
[1691294400] CURRENT HOST STATE: SRV01USER_cass.cl;UP;HARD;1;PING OK - Packet loss = 0%, RTA = 2.61 ms
[1691294400] CURRENT HOST STATE: SRV04AD01.cass.cl;UP;HARD;1;PING OK - Packet loss = 0%, RTA = 1.57 ms
[1691294400] CURRENT HOST STATE: SRV05AD02_cass.cl;UP;HARD;1;PING OK - Packet loss = 0%, RTA = 2.04 ms
[1691294400] CURRENT HOST STATE: SRV11VIBE_cass.cl;UP;HARD;1;PING OK - Packet loss = 0%, RTA = 1.64 ms
[1691294400] CURRENT HOST STATE: SRV12WEB_cass.cl;UP;HARD;1;PING OK - Packet loss = 0%, RTA = 1.03 ms
[1691294400] CURRENT HOST STATE: SRVAD1.cass.pmc;UP;HARD;1;PING OK - Packet loss = 0%, RTA = 1.71 ms
[1691294400] CURRENT HOST STATE: SRVAD2.cass.pmc;UP;HARD;1;PING OK - Packet loss = 0%, RTA = 1.30 ms
[1691294400] CURRENT HOST STATE: SRVADMIN.cass.pmc;UP;HARD;1;PING OK - Packet loss = 0%, RTA = 1.56 ms
[1691294400] CURRENT HOST STATE: SRVCONT.cass.cl;UP;HARD;1;PING OK - Packet loss = 0%, RTA = 3.12 ms
[1691294400] CURRENT HOST STATE: SRVDC1.cass.pmc;UP;HARD;1;PING OK - Packet loss = 0%, RTA = 1.99 ms
[1691294400] CURRENT HOST STATE: SRVDNS;UP;HARD;1;PING OK - Packet loss = 0%, RTA = 1.06 ms
[1691294400] CURRENT HOST STATE: SRVMFSD;UP;HARD;1;PING OK - Packet loss = 0%, RTA = 1.16 ms
[1691294400] CURRENT HOST STATE: SRV_Cfiler.cass.cl;UP;HARD;1;PING OK - Packet loss = 0%, RTA = 0.61 ms
[1691294400] CURRENT HOST STATE: SRV_Oraculo_cass.cl;UP;HARD;1;PING OK - Packet loss = 0%, RTA = 1.04 ms
[1691294400] CURRENT HOST STATE: SRV_SOS2021.cass.cl;UP;HARD;1;PING OK - Packet loss = 0%, RTA = 0.57 ms
[1691294400] CURRENT HOST STATE: SRV_SUM;UP;HARD;1;PING OK - Packet loss = 0%, RTA = 0.83 ms
[1691294400] CURRENT HOST STATE: SRV_chat.cass.cl;UP;HARD;1;PING OK - Packet loss = 0%, RTA = 0.60 ms
[1691294400] CURRENT HOST STATE: SRV_email.cass.cl;UP;HARD;1;PING OK - Packet loss = 0%, RTA = 1.10 ms
[1691294400] CURRENT HOST STATE: SRV_nagios;UP;HARD;1;PING OK - Packet loss = 0%, RTA = 0.08 ms
[1691294400] CURRENT HOST STATE: SRV_sync.cass.cl;UP;HARD;1;PING OK - Packet loss = 0%, RTA = 1.21 ms
[1691294400] CURRENT HOST STATE: Servidor Vcenter;UP;HARD;1;PING OK - Packet loss = 0%, RTA = 0.58 ms
[1691294400] CURRENT HOST STATE: Servidores CASS;UP;HARD;1;PING OK - Packet loss = 0%, RTA = 1.23 ms
[1691294400] CURRENT HOST STATE: Ups Principal;UP;HARD;1;PING OK - Packet loss = 0%, RTA = 0.82 ms
[1691294400] CURRENT HOST STATE: Veeam2023.cass.pmc;UP;HARD;1;PING OK - Packet loss = 0%, RTA = 1.69 ms
[1691294400] CURRENT HOST STATE: web_cass_cl;UP;HARD;1;PING OK - Packet loss = 0%, RTA = 0.68 ms
[1691294400] CURRENT SERVICE STATE: ADL Diagnostic;Ping;OK;HARD;1;PING OK - Packet loss = 0%, RTA = 36.45 ms
[1691294400] CURRENT SERVICE STATE: Blueshell;Ping;OK;HARD;1;PING OK - Packet loss = 0%, RTA = 3.06 ms
[1691294400] CURRENT SERVICE STATE: Clinica PV Movistar;Ping;OK;HARD;1;PING OK - Packet loss = 0%, RTA = 35.75 ms
[1691294400] CURRENT SERVICE STATE: Confe;Ping;CRITICAL;HARD;1;PING CRITICAL - Packet loss = 100%
[1691294400] CURRENT SERVICE STATE: Electric Works;Ping;OK;HARD;1;PING OK - Packet loss = 0%, RTA = 37.56 ms
[1691294400] CURRENT SERVICE STATE: Ext Telsur;Ping;OK;HARD;1;PING OK - Packet loss = 0%, RTA = 1.13 ms
[1691294400] CURRENT SERVICE STATE: FW ADL Diagnostic;Ping;OK;HARD;1;PING OK - Packet loss = 0%, RTA = 35.14 ms
[1691294400] CURRENT SERVICE STATE: FW Blueshell;Ping;OK;HARD;1;PING OK - Packet loss = 0%, RTA = 3.05 ms
[1691294400] CURRENT SERVICE STATE: FW Cass Entel;Ping;OK;HARD;1;PING OK - Packet loss = 0%, RTA = 35.15 ms
[1691294400] CURRENT SERVICE STATE: FW Cass Telsur;Ancho de Banda DMZ;OK;HARD;1;OK - Average IN: 6.12KB (0.00%), Average OUT: 5.40KB (0.00%)Total RX: 3.17GBytes, Total TX: 3.51GBytes
[1691294400] CURRENT SERVICE STATE: FW Cass Telsur;Ancho de Banda LAN;OK;HARD;1;OK - Average IN: 902.78B (0.00%), Average OUT: 1.03KB (0.00%)Total RX: 38.30GBytes, Total TX: 51.79GBytes
[1691294400] CURRENT SERVICE STATE: FW Cass Telsur;Ancho de Banda WAN;OK;HARD;1;OK - Average IN: 427.67B (0.00%), Average OUT: 176.40B (0.00%)Total RX: 491.39GBytes, Total TX: 584.11GBytes
[1691294400] CURRENT SERVICE STATE: FW Cass Telsur;Estado Puerto DMZ;OK;HARD;1;OK: Interface eth2 (index 4) is up.
[1691294400] CURRENT SERVICE STATE: FW Cass Telsur;Estado Puerto LAN;OK;HARD;1;OK: Interface eth0 (index 2) is up.
[1691294400] CURRENT SERVICE STATE: FW Cass Telsur;Estado Puerto WAN;OK;HARD;1;OK: Interface eth1 (index 3) is up.
[1691294400] CURRENT SERVICE STATE: FW Cass Telsur;Estado TCP Sophos;OK;HARD;1;TCP OK - 0.000 second response time on 201.220.96.34 port 4444
[1691294400] CURRENT SERVICE STATE: FW Cass Telsur;Ping;OK;HARD;1;PING OK - Packet loss = 0%, RTA = 0.59 ms
[1691294400] CURRENT SERVICE STATE: FW Cass Telsur;Tiempo Activo;OK;HARD;1;SNMP OK - Timeticks: (26243684) 3 days, 0:53:56.84
[1691294400] CURRENT SERVICE STATE: FW Clinica PV Movistar;Ping;OK;HARD;1;PING OK - Packet loss = 0%, RTA = 34.84 ms
[1691294400] CURRENT SERVICE STATE: FW Confe;Ping;OK;HARD;1;PING OK - Packet loss = 0%, RTA = 39.40 ms
[1691294400] CURRENT SERVICE STATE: FW Electric Works;Ping;OK;HARD;1;PING OK - Packet loss = 0%, RTA = 33.33 ms
[1691294400] CURRENT SERVICE STATE: FW Gore Los Lagos;Ping;OK;HARD;1;PING OK - Packet loss = 0%, RTA = 1.38 ms
[1691294400] CURRENT SERVICE STATE: FW Pasmar;Ping;OK;HARD;1;PING OK - Packet loss = 0%, RTA = 1.14 ms
[1691294400] CURRENT SERVICE STATE: Gore Los Lagos;Ping;OK;HARD;1;PING OK - Packet loss = 0%, RTA = 1.60 ms
[1691294400] CURRENT SERVICE STATE: Host-10.0.0.120;Ping;OK;HARD;1;PING OK - Packet loss = 0%, RTA = 0.47 ms
[1691294400] CURRENT SERVICE STATE: Host-10.0.0.121;Ping;OK;HARD;1;PING OK - Packet loss = 0%, RTA = 0.58 ms
[1691294400] CURRENT SERVICE STATE: Pasmar;Ping;OK;HARD;1;PING OK - Packet loss = 0%, RTA = 1.26 ms
[1691294400] CURRENT SERVICE STATE: Qnap NAS;Almacenamiento;OK;HARD;1;OK: Total:50TB - Used:27TB - Free:22TB - Used Space: 55%
[1691294400] CURRENT SERVICE STATE: Qnap NAS;Estado;OK;HARD;1;Power Supply #1 - OK: GOOD
[1691294400] CURRENT SERVICE STATE: Qnap NAS;Memoria;OK;HARD;1;OK: Total:3830MB - Used:1287MB - Free:2543MB = 34%
[1691294400] CURRENT SERVICE STATE: Qnap NAS;Sysinfo;OK;HARD;1;NAS Cloud, Model TS-879U-RP, Firmware 4.3.6, Max HD number 8, No. Volume 1
[1691294400] CURRENT SERVICE STATE: Qnap NAS;Temperatura;OK;HARD;1;OK: Temperature=34C
[1691294400] CURRENT SERVICE STATE: Qnap NAS;Tiempo Activo;OK;HARD;1;SNMP OK - Timeticks: (100425899) 11 days, 14:57:38.99
[1691294400] CURRENT SERVICE STATE: SRV01USER_cass.cl;Actualizacion;CRITICAL;HARD;3;Updates: 1 critical, 0 optional
[1691294400] CURRENT SERVICE STATE: SRV01USER_cass.cl;Almacenamiento C;OK;HARD;1;c:\ - total: 119.40 Gb - used: 94.97 Gb (80%) - free 24.43 Gb (20%)
[1691294400] CURRENT SERVICE STATE: SRV01USER_cass.cl;Almacenamiento U;OK;HARD;1;u:\ - total: 1023.98 Gb - used: 181.03 Gb (18%) - free 842.95 Gb (82%)
[1691294400] CURRENT SERVICE STATE: SRV01USER_cass.cl;CPU;OK;HARD;1;CPU Load 1% (5 min average)
[1691294400] CURRENT SERVICE STATE: SRV01USER_cass.cl;Memoria;OK;HARD;1;Memory usage: total:25836.00 MB - used: 16494.42 MB (64%) - free: 9341.58 MB (36%)
[1691294400] CURRENT SERVICE STATE: SRV01USER_cass.cl;Ping;OK;HARD;1;PING OK - Packet loss = 0%, RTA = 2.59 ms
[1691294400] CURRENT SERVICE STATE: SRV01USER_cass.cl;Tiempo Activo;OK;HARD;1;System Uptime - 18 day(s) 4 hour(s) 7 minute(s)
[1691294400] CURRENT SERVICE STATE: SRV04AD01.cass.cl;Ping;OK;HARD;1;PING OK - Packet loss = 0%, RTA = 1.59 ms
[1691294400] CURRENT SERVICE STATE: SRV05AD02_cass.cl;Ping;OK;HARD;1;PING OK - Packet loss = 0%, RTA = 1.62 ms
[1691294400] CURRENT SERVICE STATE: SRV11VIBE_cass.cl;Actualizacion;CRITICAL;HARD;3;Updates CRITICAL : discontinued OS Release SLE 15.1: At least one of your Repositories might be out of date. Please run "zypper refresh" as root to update it.  2 security update(s): 1 recommended update(s):  2 package update(s):
[1691294400] CURRENT SERVICE STATE: SRV11VIBE_cass.cl;Almacenamiento /;OK;HARD;1;DISK OK - free space: /var/tmp 78659 MiB (85.84% inode=-):
[1691294400] CURRENT SERVICE STATE: SRV11VIBE_cass.cl;CPU;OK;HARD;1;OK - load average per CPU: 0.00, 0.00, 0.00
[1691294400] CURRENT SERVICE STATE: SRV11VIBE_cass.cl;Memoria;OK;HARD;1;[MEMORY] Total: 7693 MB - Used: 4640 MB - 60% [SWAP] Total: 7944 MB - Used: 126 MB - 1%
[1691294400] CURRENT SERVICE STATE: SRV11VIBE_cass.cl;Ping;OK;HARD;1;PING OK - Packet loss = 0%, RTA = 1.14 ms
[1691294400] CURRENT SERVICE STATE: SRV11VIBE_cass.cl;Proceso Vibe;OK;HARD;1;PROCS OK: 0 processes with command name 'vibe'
[1691294400] CURRENT SERVICE STATE: SRV11VIBE_cass.cl;Procesos;OK;HARD;1;PROCS OK: 312 processes
[1691294400] CURRENT SERVICE STATE: SRV11VIBE_cass.cl;Procesos Zombies;OK;HARD;1;PROCS OK: 0 processes with STATE = Z
[1691294400] CURRENT SERVICE STATE: SRV11VIBE_cass.cl;Puerto HTTP;OK;HARD;1;TCP OK - 0.001 second response time on 10.0.2.13 port 80
[1691294400] CURRENT SERVICE STATE: SRV11VIBE_cass.cl;Puerto HTTPS;OK;HARD;1;TCP OK - 0.001 second response time on 10.0.2.13 port 443
[1691294400] CURRENT SERVICE STATE: SRV11VIBE_cass.cl;Servicio Vibe;OK;HARD;1;OK: Service vibe is running!
[1691294400] CURRENT SERVICE STATE: SRV11VIBE_cass.cl;Tiempo Activo;WARNING;HARD;3;Uptime WARNING: 106 day(s) 14 hour(s) 15 minute(s)
[1691294400] CURRENT SERVICE STATE: SRV11VIBE_cass.cl;Usuarios Login;OK;HARD;1;USERS OK - 2 users currently logged in
[1691294400] CURRENT SERVICE STATE: SRV12WEB_cass.cl;Ping;OK;HARD;1;PING OK - Packet loss = 0%, RTA = 1.21 ms
[1691294400] CURRENT SERVICE STATE: SRVAD1.cass.pmc;Ping;OK;HARD;1;PING OK - Packet loss = 0%, RTA = 1.64 ms
[1691294400] CURRENT SERVICE STATE: SRVAD2.cass.pmc;Ping;OK;HARD;1;PING OK - Packet loss = 0%, RTA = 1.42 ms
[1691294400] CURRENT SERVICE STATE: SRVADMIN.cass.pmc;Actualizacion;OK;HARD;1;OK - no pending updates.
[1691294400] CURRENT SERVICE STATE: SRVADMIN.cass.pmc;Almacenamiento;OK;HARD;1;c:\ - total: 299.66 Gb - used: 155.69 Gb (52%) - free 143.96 Gb (48%)
[1691294400] CURRENT SERVICE STATE: SRVADMIN.cass.pmc;CPU;OK;HARD;1;CPU Load 1% (5 min average)
[1691294400] CURRENT SERVICE STATE: SRVADMIN.cass.pmc;Memoria;OK;HARD;1;Memory usage: total:16012.88 MB - used: 13877.04 MB (87%) - free: 2135.84 MB (13%)
[1691294400] CURRENT SERVICE STATE: SRVADMIN.cass.pmc;Ping;OK;HARD;1;PING OK - Packet loss = 0%, RTA = 1.49 ms
[1691294400] CURRENT SERVICE STATE: SRVADMIN.cass.pmc;Tiempo Activo;OK;HARD;1;System Uptime - 18 day(s) 3 hour(s) 15 minute(s)
[1691294400] CURRENT SERVICE STATE: SRVCONT.cass.cl;Actualizacion;CRITICAL;HARD;3;Updates: 1 critical, 0 optional
[1691294400] CURRENT SERVICE STATE: SRVCONT.cass.cl;Almacenamiento;OK;HARD;1;c:\ - total: 299.33 Gb - used: 43.58 Gb (15%) - free 255.75 Gb (85%)
[1691294400] CURRENT SERVICE STATE: SRVCONT.cass.cl;CPU;OK;HARD;1;CPU Load 2% (5 min average)
[1691294400] CURRENT SERVICE STATE: SRVCONT.cass.cl;Memoria;OK;HARD;1;Memory usage: total:14143.13 MB - used: 2934.07 MB (21%) - free: 11209.06 MB (79%)
[1691294400] CURRENT SERVICE STATE: SRVCONT.cass.cl;Ping;OK;HARD;1;PING OK - Packet loss = 0%, RTA = 3.39 ms
[1691294400] CURRENT SERVICE STATE: SRVCONT.cass.cl;Tiempo Activo;OK;HARD;1;System Uptime - 18 day(s) 3 hour(s) 18 minute(s)
[1691294400] CURRENT SERVICE STATE: SRVDC1.cass.pmc;Ping;OK;HARD;1;PING OK - Packet loss = 0%, RTA = 1.95 ms
[1691294400] CURRENT SERVICE STATE: SRVDNS;Ping;OK;HARD;1;PING OK - Packet loss = 0%, RTA = 1.08 ms
[1691294400] CURRENT SERVICE STATE: SRVMFSD;Ping;OK;HARD;1;PING OK - Packet loss = 0%, RTA = 1.29 ms
[1691294400] CURRENT SERVICE STATE: SRV_Cfiler.cass.cl;Actualizacion;OK;HARD;1;Updates OK : no updates available
[1691294400] CURRENT SERVICE STATE: SRV_Cfiler.cass.cl;Almacenamiento /;OK;HARD;1;DISK OK - free space: / 2472922 MB (73% inode=-):
[1691294400] CURRENT SERVICE STATE: SRV_Cfiler.cass.cl;CPU;OK;HARD;1;OK - load average: 0.06, 0.11, 0.15
[1691294400] CURRENT SERVICE STATE: SRV_Cfiler.cass.cl;Http;OK;HARD;1;TCP OK - 0.000 second response time on port 80
[1691294400] CURRENT SERVICE STATE: SRV_Cfiler.cass.cl;Https;OK;HARD;1;TCP OK - 0.000 second response time on port 443
[1691294400] CURRENT SERVICE STATE: SRV_Cfiler.cass.cl;Memoria;OK;HARD;1;[MEMORY] Total: 3893 MB - Used: 1021 MB - 26% [SWAP] Total: 2047 MB - Used: 369 MB - 18%
[1691294400] CURRENT SERVICE STATE: SRV_Cfiler.cass.cl;Procesos;OK;HARD;1;PROCS OK: 303 processes
[1691294400] CURRENT SERVICE STATE: SRV_Cfiler.cass.cl;Procesos Zombies;OK;HARD;1;PROCS OK: 0 processes with STATE = Z
[1691294400] CURRENT SERVICE STATE: SRV_Cfiler.cass.cl;Procs Apache;OK;HARD;1;PROCS OK: 11 processes with args 'apache2'
[1691294400] CURRENT SERVICE STATE: SRV_Cfiler.cass.cl;Serv Apache;OK;HARD;1;OK: Service apache is running!
[1691294400] CURRENT SERVICE STATE: SRV_Cfiler.cass.cl;Servicio General;OK;HARD;1;PING OK - Packet loss = 0%, RTA = 0.63 ms
[1691294400] CURRENT SERVICE STATE: SRV_Cfiler.cass.cl;Tiempo Activo;WARNING;HARD;3;Uptime WARNING: 109 day(s) 2 hour(s) 3 minute(s)
[1691294400] CURRENT SERVICE STATE: SRV_Cfiler.cass.cl;Usuarios Login;OK;HARD;1;USERS OK - 1 users currently logged in
[1691294400] CURRENT SERVICE STATE: SRV_Oraculo_cass.cl;Ping;OK;HARD;1;PING OK - Packet loss = 0%, RTA = 1.15 ms
[1691294400] CURRENT SERVICE STATE: SRV_SOS2021.cass.cl;Actualizacion;OK;HARD;1;Updates OK : no updates available
[1691294400] CURRENT SERVICE STATE: SRV_SOS2021.cass.cl;Almacenamiento /;OK;HARD;1;DISK OK - free space: /var/tmp 118383 MiB (91.18% inode=-):
[1691294400] CURRENT SERVICE STATE: SRV_SOS2021.cass.cl;CPU;OK;HARD;1;OK - load average per CPU: 0.02, 0.02, 0.01
[1691294400] CURRENT SERVICE STATE: SRV_SOS2021.cass.cl;Memoria;OK;HARD;1;[MEMORY] Total: 7946 MB - Used: 1986 MB - 24% [SWAP] Total: 10239 MB - Used: 0 MB - 0%
[1691294400] CURRENT SERVICE STATE: SRV_SOS2021.cass.cl;Ping;OK;HARD;1;PING OK - Packet loss = 0%, RTA = 0.59 ms
[1691294400] CURRENT SERVICE STATE: SRV_SOS2021.cass.cl;Procesos;OK;HARD;1;PROCS OK: 312 processes
[1691294400] CURRENT SERVICE STATE: SRV_SOS2021.cass.cl;Procesos Zombies;OK;HARD;1;PROCS OK: 0 processes with STATE = Z
[1691294400] CURRENT SERVICE STATE: SRV_SOS2021.cass.cl;Tiempo Activo;OK;HARD;1;Uptime OK: 136 day(s) 11 hour(s) 37 minute(s)
[1691294400] CURRENT SERVICE STATE: SRV_SOS2021.cass.cl;Usuarios Login;OK;HARD;1;USERS OK - 0 users currently logged in
[1691294400] CURRENT SERVICE STATE: SRV_SUM;Ping;OK;HARD;1;PING OK - Packet loss = 0%, RTA = 0.71 ms
[1691294400] CURRENT SERVICE STATE: SRV_chat.cass.cl;Actualizacion;OK;HARD;1;Updates OK : no updates available
[1691294400] CURRENT SERVICE STATE: SRV_chat.cass.cl;Almacenamiento /;OK;HARD;1;DISK OK - free space: /var/tmp 972143 MiB (93.01% inode=-):
[1691294400] CURRENT SERVICE STATE: SRV_chat.cass.cl;CPU;OK;HARD;1;OK - load average per CPU: 0.06, 0.07, 0.06
[1691294400] CURRENT SERVICE STATE: SRV_chat.cass.cl;Memoria;OK;HARD;1;[MEMORY] Total: 7919 MB - Used: 3612 MB - 45% [SWAP] Total: 2048 MB - Used: 628 MB - 30%
[1691294400] CURRENT SERVICE STATE: SRV_chat.cass.cl;Ping;OK;HARD;1;PING OK - Packet loss = 0%, RTA = 0.57 ms
[1691294400] CURRENT SERVICE STATE: SRV_chat.cass.cl;Proceso Docker;OK;HARD;1;PROCS OK: 0 processes with command name 'docker'
[1691294400] CURRENT SERVICE STATE: SRV_chat.cass.cl;Proceso Nginx;OK;HARD;1;PROCS OK: 3 processes with command name 'nginx'
[1691294400] CURRENT SERVICE STATE: SRV_chat.cass.cl;Procesos;OK;HARD;1;PROCS OK: 306 processes
[1691294400] CURRENT SERVICE STATE: SRV_chat.cass.cl;Procesos Zombies;OK;HARD;1;PROCS OK: 1 process with STATE = Z
[1691294400] CURRENT SERVICE STATE: SRV_chat.cass.cl;Puerto Contenedor;OK;HARD;1;TCP OK - 0.000 second response time on port 8000
[1691294400] CURRENT SERVICE STATE: SRV_chat.cass.cl;Puerto HTTP;OK;HARD;1;TCP OK - 0.000 second response time on port 80
[1691294400] CURRENT SERVICE STATE: SRV_chat.cass.cl;Puerto HTTPS;OK;HARD;1;TCP OK - 0.000 second response time on port 443
[1691294400] CURRENT SERVICE STATE: SRV_chat.cass.cl;Puerto Portainer;OK;HARD;1;TCP OK - 0.000 second response time on port 9443
[1691294400] CURRENT SERVICE STATE: SRV_chat.cass.cl;Servicio Docker;OK;HARD;1;OK: Service docker is running!
[1691294400] CURRENT SERVICE STATE: SRV_chat.cass.cl;Servicio Nginx;OK;HARD;1;OK: Service nginx is running!
[1691294400] CURRENT SERVICE STATE: SRV_chat.cass.cl;Usuarios Login;OK;HARD;1;USERS OK - 2 users currently logged in
[1691294400] CURRENT SERVICE STATE: SRV_email.cass.cl;Actualizacion;OK;HARD;1;Updates OK : no updates available
[1691294400] CURRENT SERVICE STATE: SRV_email.cass.cl;Almacenamiento /;OK;HARD;1;DISK OK - free space: /var/tmp 476349 MiB (94.02% inode=-):
[1691294400] CURRENT SERVICE STATE: SRV_email.cass.cl;Almacenamiento Mail;OK;HARD;1;DISK OK - free space: /mail 1809120 MiB (92.38% inode=99%):
[1691294400] CURRENT SERVICE STATE: SRV_email.cass.cl;Almacenamiento Mail2;OK;HARD;1;DISK OK - free space: /mail2 476602 MiB (99.86% inode=100%):
[1691294400] CURRENT SERVICE STATE: SRV_email.cass.cl;CPU;OK;HARD;1;OK - load average per CPU: 0.01, 0.01, 0.01
[1691294400] CURRENT SERVICE STATE: SRV_email.cass.cl;Correo Pop;OK;HARD;1;POP OK - 0.001 second response time on 10.0.2.25 port 110 [+OK GroupWise POP3 server ready]
[1691294400] CURRENT SERVICE STATE: SRV_email.cass.cl;Correo Smtp;OK;HARD;1;SMTP OK - 0.236 sec. response time
[1691294400] CURRENT SERVICE STATE: SRV_email.cass.cl;Memoria;OK;HARD;1;[MEMORY] Total: 11939 MB - Used: 2679 MB - 22% [SWAP] Total: 2048 MB - Used: 451 MB - 22%
[1691294400] CURRENT SERVICE STATE: SRV_email.cass.cl;Ping;OK;HARD;1;PING OK - Packet loss = 0%, RTA = 1.22 ms
[1691294400] CURRENT SERVICE STATE: SRV_email.cass.cl;Procesos;OK;HARD;1;PROCS OK: 309 processes
[1691294400] CURRENT SERVICE STATE: SRV_email.cass.cl;Procesos Zombies;OK;HARD;1;PROCS OK: 0 processes with STATE = Z
[1691294400] CURRENT SERVICE STATE: SRV_email.cass.cl;Tiempo Activo;OK;HARD;1;Uptime OK: 121 day(s) 10 hour(s) 46 minute(s)
[1691294400] CURRENT SERVICE STATE: SRV_email.cass.cl;Usuarios Login;OK;HARD;1;USERS OK - 1 users currently logged in
[1691294400] CURRENT SERVICE STATE: SRV_nagios;Actualizacion;CRITICAL;HARD;4;YUM CRITICAL: 7 Updates Available
[1691294400] CURRENT SERVICE STATE: SRV_nagios;CPU;OK;HARD;1;OK - load average: 0.04, 0.08, 0.12
[1691294400] CURRENT SERVICE STATE: SRV_nagios;Memoria;OK;HARD;1;[MEMORY] Total: 7740 MB - Used: 726 MB - 9% [SWAP] Total: 7935 MB - Used: 0 MB - 0%
[1691294400] CURRENT SERVICE STATE: SRV_nagios;PING;OK;HARD;1;PING OK - Packet loss = 0%, RTA = 0.09 ms
[1691294400] CURRENT SERVICE STATE: SRV_nagios;Procesos;OK;HARD;1;PROCS OK: 63 processes with STATE = RSZDT
[1691294400] CURRENT SERVICE STATE: SRV_nagios;Usarios Login;OK;HARD;1;USERS OK - 0 users currently logged in
[1691294400] CURRENT SERVICE STATE: SRV_sync.cass.cl;Ping;OK;HARD;1;PING OK - Packet loss = 0%, RTA = 1.10 ms
[1691294400] CURRENT SERVICE STATE: Servidor Vcenter;Ping;OK;HARD;1;PING OK - Packet loss = 0%, RTA = 0.53 ms
[1691294400] CURRENT SERVICE STATE: Servidores CASS;Ancho de Banda GE/1/0/3;OK;HARD;1;OK - Average IN: 9.15KB (0.01%), Average OUT: 12.00KB (0.01%)Total RX: 34946.93GBytes, Total TX: 80452.51GBytes
[1691294400] CURRENT SERVICE STATE: Servidores CASS;Estado Puerto 3;OK;HARD;1;OK: Interface GigabitEthernet1/0/3 (index 3) is up.
[1691294400] CURRENT SERVICE STATE: Servidores CASS;Estado Puerto 80;OK;HARD;1;TCP OK - 0.002 second response time on 10.0.0.17 port 80
[1691294400] CURRENT SERVICE STATE: Servidores CASS;Ping;OK;HARD;1;PING OK - Packet loss = 0%, RTA = 1.37 ms
[1691294400] CURRENT SERVICE STATE: Servidores CASS;Tiempo Activo;OK;HARD;1;SNMP OK - Timeticks: (1179317631) 136 days, 11:52:56.31
[1691294400] CURRENT SERVICE STATE: Ups Principal;Carga;OK;HARD;1;OK: Estimated battery charge 98%, approximately 0 minutes runtime remaining.
[1691294400] CURRENT SERVICE STATE: Ups Principal;Estado;OK;HARD;1;OK: Battery Status Normal.
[1691294400] CURRENT SERVICE STATE: Ups Principal;Ping;OK;HARD;1;PING OK - Packet loss = 0%, RTA = 0.94 ms
[1691294400] CURRENT SERVICE STATE: Ups Principal;Temperatura;OK;HARD;1;OK: Battery Temperature is 21 degrees C (69.8 degrees F).
[1691294400] CURRENT SERVICE STATE: Ups Principal;Tiempo Activo;OK;HARD;1;SNMP OK - Timeticks: (159741887) 18 days, 11:43:38.87
[1691294400] CURRENT SERVICE STATE: Veeam2023.cass.pmc;Actualizacion;CRITICAL;HARD;3;Updates: 1 critical, 0 optional
[1691294400] CURRENT SERVICE STATE: Veeam2023.cass.pmc;Almacenamiento;OK;HARD;1;c:\ - total: 99.33 Gb - used: 88.06 Gb (89%) - free 11.27 Gb (11%)
[1691294400] CURRENT SERVICE STATE: Veeam2023.cass.pmc;CPU;OK;HARD;1;CPU Load 13% (5 min average)
[1691294400] CURRENT SERVICE STATE: Veeam2023.cass.pmc;Memoria;OK;HARD;1;Memory usage: total:19128.80 MB - used: 14403.15 MB (75%) - free: 4725.66 MB (25%)
[1691294400] CURRENT SERVICE STATE: Veeam2023.cass.pmc;Ping;OK;HARD;1;PING OK - Packet loss = 0%, RTA = 1.72 ms
[1691294400] CURRENT SERVICE STATE: Veeam2023.cass.pmc;Tiempo Activo;OK;HARD;1;System Uptime - 22 day(s) 7 hour(s) 5 minute(s)
[1691294400] CURRENT SERVICE STATE: web_cass_cl;Certificado;OK;HARD;1;SSL OK - Certificate '*.cass.cl' will expire in 142 days on 2023-12-26 20:59 -0300/-03.
[1691294400] CURRENT SERVICE STATE: web_cass_cl;HTTP;OK;HARD;1;HTTP OK: HTTP/1.1 302 Found - 1079 bytes in 0.176 second response time
[1691297431] Auto-save of retention data completed successfully.
[1691301031] Auto-save of retention data completed successfully.
[1691304631] Auto-save of retention data completed successfully.
[1691305274] wproc: Core Worker 11599: job 5211026 (pid=10580) timed out. Killing it
[1691305275] wproc: CHECK job 5211026 from worker Core Worker 11599 timed out after 31.01s
[1691305275] wproc:   host=Gore Los Lagos; service=(null);
[1691305275] wproc:   early_timeout=1; exited_ok=0; wait_status=0; error_code=62;
[1691305275] Warning: Check of host 'Gore Los Lagos' timed out after 31.01 seconds
[1691305275] HOST ALERT: Gore Los Lagos;DOWN;SOFT;1;(Host check timed out after 31.01 seconds)
[1691305275] wproc: Core Worker 11599: job 5211026 (pid=10580): Dormant child reaped
[1691305278] SERVICE ALERT: Gore Los Lagos;Ping;CRITICAL;HARD;1;PING CRITICAL - Packet loss = 100%
[1691305312] SERVICE ALERT: Gore Los Lagos;Ping;OK;HARD;1;PING OK - Packet loss = 0%, RTA = 27.00 ms
[1691305316] HOST ALERT: Gore Los Lagos;UP;SOFT;1;PING OK - Packet loss = 0%, RTA = 27.29 ms
[1691307601] SERVICE ALERT: SRV_chat.cass.cl;Procesos;CRITICAL;SOFT;1;(No output on stdout) stderr: connect to address 10.0.0.92 port 5666: Connection refused
[1691307722] SERVICE ALERT: SRV_chat.cass.cl;Procesos;OK;SOFT;2;PROCS OK: 303 processes
[1691308231] Auto-save of retention data completed successfully.
[1691311831] Auto-save of retention data completed successfully.
[1691314202] SERVICE ALERT: SRV_chat.cass.cl;Procesos Zombies;CRITICAL;SOFT;1;(No output on stdout) stderr: connect to address 10.0.0.92 port 5666: Connection refused
[1691314322] SERVICE ALERT: SRV_chat.cass.cl;Procesos Zombies;OK;SOFT;2;PROCS OK: 1 process with STATE = Z
[1691314598] SERVICE ALERT: SRVADMIN.cass.pmc;Actualizacion;UNKNOWN;SOFT;1;The command (check_updates) returned an invalid return code: 255
[1691314719] SERVICE ALERT: SRVADMIN.cass.pmc;Actualizacion;OK;SOFT;2;OK - no pending updates.
[1691315431] Auto-save of retention data completed successfully.
[1691319031] Auto-save of retention data completed successfully.
[1691322631] Auto-save of retention data completed successfully.
[1691323201] SERVICE ALERT: SRV_chat.cass.cl;Procesos Zombies;CRITICAL;SOFT;1;(No output on stdout) stderr: connect to address 10.0.0.92 port 5666: Connection refused
[1691323321] SERVICE ALERT: SRV_chat.cass.cl;Procesos Zombies;OK;SOFT;2;PROCS OK: 1 process with STATE = Z
[1691325602] SERVICE ALERT: SRV_SOS2021.cass.cl;Almacenamiento /;UNKNOWN;SOFT;1;CHECK_NRPE: Receive header underflow - only 0 bytes received (4 expected).
[1691325722] SERVICE ALERT: SRV_SOS2021.cass.cl;Almacenamiento /;OK;SOFT;2;DISK OK - free space: /var/tmp 118403 MiB (91.20% inode=-):
[1691326231] Auto-save of retention data completed successfully.
[1691327401] SERVICE ALERT: SRV_chat.cass.cl;Procesos Zombies;UNKNOWN;SOFT;1;CHECK_NRPE: Receive header underflow - only 0 bytes received (4 expected).
[1691327521] SERVICE ALERT: SRV_chat.cass.cl;Procesos Zombies;OK;SOFT;2;PROCS OK: 1 process with STATE = Z
[1691329802] SERVICE ALERT: SRV_SOS2021.cass.cl;Almacenamiento /;CRITICAL;SOFT;1;(No output on stdout) stderr: connect to address 10.0.0.16 port 5666: Connection refused
[1691329831] Auto-save of retention data completed successfully.
[1691329922] SERVICE ALERT: SRV_SOS2021.cass.cl;Almacenamiento /;OK;SOFT;2;DISK OK - free space: /var/tmp 118400 MiB (91.20% inode=-):
[1691333431] Auto-save of retention data completed successfully.
[1691334801] SERVICE ALERT: Veeam2023.cass.pmc;Actualizacion;UNKNOWN;HARD;3;CHECK_NRPE: Receive header underflow - only 0 bytes received (4 expected).
[1691334863] SERVICE ALERT: Veeam2023.cass.pmc;Actualizacion;CRITICAL;HARD;3;Updates: 1 critical, 0 optional
[1691337001] SERVICE ALERT: SRV_chat.cass.cl;Procesos Zombies;UNKNOWN;SOFT;1;CHECK_NRPE: Receive header underflow - only 0 bytes received (4 expected).
[1691337031] Auto-save of retention data completed successfully.
[1691337121] SERVICE ALERT: SRV_chat.cass.cl;Procesos Zombies;OK;SOFT;2;PROCS OK: 1 process with STATE = Z
[1691339401] SERVICE ALERT: SRV_Cfiler.cass.cl;Actualizacion;UNKNOWN;SOFT;1;CHECK_NRPE: Receive header underflow - only 0 bytes received (4 expected).
[1691339533] SERVICE ALERT: SRV_Cfiler.cass.cl;Actualizacion;OK;SOFT;2;Updates OK : no updates available
[1691340631] Auto-save of retention data completed successfully.
[1691341202] SERVICE ALERT: SRV_SOS2021.cass.cl;Almacenamiento /;CRITICAL;SOFT;1;(No output on stdout) stderr: connect to address 10.0.0.16 port 5666: Connection refused
[1691341322] SERVICE ALERT: SRV_SOS2021.cass.cl;Almacenamiento /;OK;SOFT;2;DISK OK - free space: /var/tmp 118395 MiB (91.19% inode=-):
[1691343001] SERVICE ALERT: SRV_chat.cass.cl;Puerto HTTP;CRITICAL;SOFT;1;(No output on stdout) stderr: connect to address 10.0.0.92 port 5666: Connection refused
[1691343121] SERVICE ALERT: SRV_chat.cass.cl;Puerto HTTP;OK;SOFT;2;TCP OK - 0.000 second response time on port 80
[1691344231] Auto-save of retention data completed successfully.
[1691344801] SERVICE ALERT: SRV_chat.cass.cl;Procesos Zombies;UNKNOWN;SOFT;1;CHECK_NRPE: Receive header underflow - only 0 bytes received (4 expected).
[1691344921] SERVICE ALERT: SRV_chat.cass.cl;Procesos Zombies;OK;SOFT;2;PROCS OK: 1 process with STATE = Z
[1691347831] Auto-save of retention data completed successfully.
[1691348401] SERVICE ALERT: SRV_chat.cass.cl;Procesos Zombies;UNKNOWN;SOFT;1;CHECK_NRPE: Receive header underflow - only 0 bytes received (4 expected).
[1691348521] SERVICE ALERT: SRV_chat.cass.cl;Procesos Zombies;OK;SOFT;2;PROCS OK: 1 process with STATE = Z
[1691351401] SERVICE ALERT: SRV_chat.cass.cl;Procesos Zombies;CRITICAL;SOFT;1;(No output on stdout) stderr: connect to address 10.0.0.92 port 5666: Connection refused
[1691351431] Auto-save of retention data completed successfully.
[1691351521] SERVICE ALERT: SRV_chat.cass.cl;Procesos Zombies;OK;SOFT;2;PROCS OK: 1 process with STATE = Z
[1691355001] SERVICE ALERT: SRV_chat.cass.cl;Procesos Zombies;UNKNOWN;SOFT;1;CHECK_NRPE: Receive header underflow - only 0 bytes received (4 expected).
[1691355031] Auto-save of retention data completed successfully.
[1691355121] SERVICE ALERT: SRV_chat.cass.cl;Procesos Zombies;OK;SOFT;2;PROCS OK: 1 process with STATE = Z
[1691358631] Auto-save of retention data completed successfully.
[1691362231] Auto-save of retention data completed successfully.
[1691365831] Auto-save of retention data completed successfully.
[1691366402] SERVICE ALERT: SRV_SOS2021.cass.cl;Almacenamiento /;CRITICAL;SOFT;1;CHECK_NRPE: Error - Could not connect to 10.0.0.16. Check system logs on 10.0.0.16
[1691366522] SERVICE ALERT: SRV_SOS2021.cass.cl;Almacenamiento /;OK;SOFT;2;DISK OK - free space: /var/tmp 118392 MiB (91.19% inode=-):
[1691367466] SERVICE ALERT: SRV01USER_cass.cl;Actualizacion;OK;HARD;1;OK - no pending updates.
[1691369024] SERVICE ALERT: SRV_email.cass.cl;Actualizacion;CRITICAL;SOFT;1;CHECK_NRPE STATE CRITICAL: Socket timeout after 30 seconds.
[1691369156] SERVICE ALERT: SRV_email.cass.cl;Actualizacion;OK;SOFT;2;Updates OK : no updates available
[1691369401] SERVICE ALERT: SRV_email.cass.cl;Actualizacion;UNKNOWN;SOFT;1;CHECK_NRPE: Receive header underflow - only 0 bytes received (4 expected).
[1691369431] Auto-save of retention data completed successfully.
[1691369534] SERVICE ALERT: SRV_email.cass.cl;Actualizacion;OK;SOFT;2;Updates OK : no updates available
[1691370602] SERVICE ALERT: SRV_SOS2021.cass.cl;Almacenamiento /;CRITICAL;SOFT;1;CHECK_NRPE: Error - Could not connect to 10.0.0.16. Check system logs on 10.0.0.16
[1691370722] SERVICE ALERT: SRV_SOS2021.cass.cl;Almacenamiento /;OK;SOFT;2;DISK OK - free space: /var/tmp 118389 MiB (91.19% inode=-):
[1691371801] SERVICE ALERT: SRV_chat.cass.cl;Procesos;UNKNOWN;SOFT;1;CHECK_NRPE: Receive header underflow - only 0 bytes received (4 expected).
[1691371922] SERVICE ALERT: SRV_chat.cass.cl;Procesos;OK;SOFT;2;PROCS OK: 304 processes
[1691373001] SERVICE ALERT: SRV_chat.cass.cl;Puerto HTTP;CRITICAL;SOFT;1;(No output on stdout) stderr: connect to address 10.0.0.92 port 5666: Connection refused
[1691373031] Auto-save of retention data completed successfully.
[1691373121] SERVICE ALERT: SRV_chat.cass.cl;Puerto HTTP;OK;SOFT;2;TCP OK - 0.000 second response time on port 80
[1691373741] SERVICE ALERT: Veeam2023.cass.pmc;Almacenamiento;WARNING;SOFT;1;c:\ - total: 99.33 Gb - used: 89.64 Gb (90%) - free 9.69 Gb (10%)
[1691373861] SERVICE ALERT: Veeam2023.cass.pmc;Almacenamiento;WARNING;SOFT;2;c:\ - total: 99.33 Gb - used: 89.64 Gb (90%) - free 9.69 Gb (10%)
[1691373981] SERVICE NOTIFICATION: nagiosadmin;Veeam2023.cass.pmc;Almacenamiento;WARNING;notify-service-by-email;c:\ - total: 99.33 Gb - used: 89.64 Gb (90%) - free 9.69 Gb (10%)
[1691373981] SERVICE NOTIFICATION: andresnavarro;Veeam2023.cass.pmc;Almacenamiento;WARNING;notify-service-by-email;c:\ - total: 99.33 Gb - used: 89.64 Gb (90%) - free 9.69 Gb (10%)
[1691373981] SERVICE NOTIFICATION: soporteti;Veeam2023.cass.pmc;Almacenamiento;WARNING;notify-service-by-telegram;c:\ - total: 99.33 Gb - used: 89.64 Gb (90%) - free 9.69 Gb (10%)
[1691373981] SERVICE NOTIFICATION: soporteti;Veeam2023.cass.pmc;Almacenamiento;WARNING;notify-service-by-email;c:\ - total: 99.33 Gb - used: 89.64 Gb (90%) - free 9.69 Gb (10%)
[1691373981] SERVICE NOTIFICATION: carlosstange;Veeam2023.cass.pmc;Almacenamiento;WARNING;notify-service-by-telegram;c:\ - total: 99.33 Gb - used: 89.64 Gb (90%) - free 9.69 Gb (10%)
[1691373981] SERVICE NOTIFICATION: carlosstange;Veeam2023.cass.pmc;Almacenamiento;WARNING;notify-service-by-email;c:\ - total: 99.33 Gb - used: 89.64 Gb (90%) - free 9.69 Gb (10%)
[1691373981] SERVICE ALERT: Veeam2023.cass.pmc;Almacenamiento;WARNING;HARD;3;c:\ - total: 99.33 Gb - used: 89.64 Gb (90%) - free 9.69 Gb (10%)
[1691374101] SERVICE NOTIFICATION: nagiosadmin;Veeam2023.cass.pmc;Almacenamiento;OK;notify-service-by-email;c:\ - total: 99.33 Gb - used: 89.05 Gb (90%) - free 10.28 Gb (10%)
[1691374101] SERVICE NOTIFICATION: andresnavarro;Veeam2023.cass.pmc;Almacenamiento;OK;notify-service-by-email;c:\ - total: 99.33 Gb - used: 89.05 Gb (90%) - free 10.28 Gb (10%)
[1691374101] SERVICE NOTIFICATION: soporteti;Veeam2023.cass.pmc;Almacenamiento;OK;notify-service-by-telegram;c:\ - total: 99.33 Gb - used: 89.05 Gb (90%) - free 10.28 Gb (10%)
[1691374101] SERVICE NOTIFICATION: soporteti;Veeam2023.cass.pmc;Almacenamiento;OK;notify-service-by-email;c:\ - total: 99.33 Gb - used: 89.05 Gb (90%) - free 10.28 Gb (10%)
[1691374101] SERVICE NOTIFICATION: carlosstange;Veeam2023.cass.pmc;Almacenamiento;OK;notify-service-by-telegram;c:\ - total: 99.33 Gb - used: 89.05 Gb (90%) - free 10.28 Gb (10%)
[1691374101] SERVICE NOTIFICATION: carlosstange;Veeam2023.cass.pmc;Almacenamiento;OK;notify-service-by-email;c:\ - total: 99.33 Gb - used: 89.05 Gb (90%) - free 10.28 Gb (10%)
[1691374101] SERVICE ALERT: Veeam2023.cass.pmc;Almacenamiento;OK;HARD;1;c:\ - total: 99.33 Gb - used: 89.05 Gb (90%) - free 10.28 Gb (10%)
[1691376631] Auto-save of retention data completed successfully.
[1691377801] SERVICE ALERT: SRV_chat.cass.cl;Procesos Zombies;CRITICAL;SOFT;1;(No output on stdout) stderr: connect to address 10.0.0.92 port 5666: Connection refused
[1691377922] SERVICE ALERT: SRV_chat.cass.cl;Procesos Zombies;OK;SOFT;2;PROCS OK: 1 process with STATE = Z
[1691380231] Auto-save of retention data completed successfully.
