[1704942000] LOG ROTATION: DAILY
[1704942000] LOG VERSION: 2.0
[1704942000] CURRENT HOST STATE: ADL Diagnostic;UP;HARD;1;PING OK - Packet loss = 0%, RTA = 37.47 ms
[1704942000] CURRENT HOST STATE: Blueshell;UP;HARD;1;PING OK - Packet loss = 0%, RTA = 3.16 ms
[1704942000] CURRENT HOST STATE: Cass Entel;UP;HARD;1;PING OK - Packet loss = 0%, RTA = 0.56 ms
[1704942000] CURRENT HOST STATE: Cass Telsur;UP;HARD;1;PING OK - Packet loss = 0%, RTA = 1.14 ms
[1704942000] CURRENT HOST STATE: Clinica PV Movistar;UP;HARD;1;PING OK - Packet loss = 0%, RTA = 32.63 ms
[1704942000] CURRENT HOST STATE: Clinica PV Telsur;UP;HARD;1;PING OK - Packet loss = 0%, RTA = 1.39 ms
[1704942000] CURRENT HOST STATE: Confe;UP;HARD;1;PING OK - Packet loss = 0%, RTA = 40.22 ms
[1704942000] CURRENT HOST STATE: Electric Works;UP;HARD;1;PING OK - Packet loss = 0%, RTA = 32.92 ms
[1704942000] CURRENT HOST STATE: Exper03.exxperience.cl;UP;HARD;1;PING OK - Packet loss = 0%, RTA = 1.82 ms
[1704942000] CURRENT HOST STATE: Ext Entel;UP;HARD;1;PING OK - Packet loss = 0%, RTA = 0.59 ms
[1704942000] CURRENT HOST STATE: Ext Telsur;UP;HARD;1;PING OK - Packet loss = 0%, RTA = 1.16 ms
[1704942000] CURRENT HOST STATE: FW ADL Diagnostic;UP;HARD;1;PING OK - Packet loss = 0%, RTA = 38.04 ms
[1704942000] CURRENT HOST STATE: FW Blueshell;UP;HARD;1;PING OK - Packet loss = 0%, RTA = 3.28 ms
[1704942000] CURRENT HOST STATE: FW Cass Entel;UP;HARD;1;PING OK - Packet loss = 0%, RTA = 38.17 ms
[1704942000] CURRENT HOST STATE: FW Cass Telsur;UP;HARD;1;PING OK - Packet loss = 0%, RTA = 0.66 ms
[1704942000] CURRENT HOST STATE: FW Clinica PV Movistar;UP;HARD;1;PING OK - Packet loss = 0%, RTA = 35.98 ms
[1704942000] CURRENT HOST STATE: FW Clinica PV Telsur;UP;HARD;1;PING OK - Packet loss = 0%, RTA = 1.43 ms
[1704942000] CURRENT HOST STATE: FW Confe;UP;HARD;1;PING OK - Packet loss = 0%, RTA = 40.72 ms
[1704942000] CURRENT HOST STATE: FW Electric Works;UP;HARD;1;PING OK - Packet loss = 0%, RTA = 35.41 ms
[1704942000] CURRENT HOST STATE: FW Gore Los Lagos;UP;HARD;1;PING OK - Packet loss = 0%, RTA = 1.17 ms
[1704942000] CURRENT HOST STATE: FW Pasmar;UP;HARD;1;PING OK - Packet loss = 0%, RTA = 1.32 ms
[1704942000] CURRENT HOST STATE: Gore Los Lagos;UP;HARD;1;PING OK - Packet loss = 0%, RTA = 1.27 ms
[1704942000] CURRENT HOST STATE: Host-10.0.0.120;UP;HARD;1;PING OK - Packet loss = 0%, RTA = 0.47 ms
[1704942000] CURRENT HOST STATE: Host-10.0.0.121;UP;HARD;1;PING OK - Packet loss = 0%, RTA = 0.45 ms
[1704942000] CURRENT HOST STATE: Host-10.0.0.124;UP;HARD;1;PING OK - Packet loss = 0%, RTA = 0.53 ms
[1704942000] CURRENT HOST STATE: Internet;UP;HARD;1;PING OK - Packet loss = 0%, RTA = 18.11 ms
[1704942000] CURRENT HOST STATE: Pasmar;UP;HARD;1;PING OK - Packet loss = 0%, RTA = 1.29 ms
[1704942000] CURRENT HOST STATE: Qnap NAS;UP;HARD;1;PING OK - Packet loss = 0%, RTA = 0.32 ms
[1704942000] CURRENT HOST STATE: SRV01USER_cass.cl;UP;HARD;1;PING OK - Packet loss = 0%, RTA = 2.50 ms
[1704942000] CURRENT HOST STATE: SRV04AD01.cass.cl;UP;HARD;1;PING OK - Packet loss = 0%, RTA = 1.17 ms
[1704942000] CURRENT HOST STATE: SRV05AD02_cass.cl;UP;HARD;1;PING OK - Packet loss = 0%, RTA = 1.58 ms
[1704942000] CURRENT HOST STATE: SRV11VIBE_cass.cl;UP;HARD;1;PING OK - Packet loss = 0%, RTA = 1.00 ms
[1704942000] CURRENT HOST STATE: SRVAD1.cass.pmc;UP;HARD;1;PING OK - Packet loss = 0%, RTA = 1.80 ms
[1704942000] CURRENT HOST STATE: SRVAD2.cass.pmc;UP;HARD;1;PING OK - Packet loss = 0%, RTA = 1.44 ms
[1704942000] CURRENT HOST STATE: SRVADMIN.cass.pmc;UP;HARD;1;PING OK - Packet loss = 0%, RTA = 1.20 ms
[1704942000] CURRENT HOST STATE: SRVCONT.cass.cl;UP;HARD;1;PING OK - Packet loss = 0%, RTA = 3.83 ms
[1704942000] CURRENT HOST STATE: SRVDC01_cass.pmc;UP;HARD;1;PING OK - Packet loss = 0%, RTA = 1.66 ms
[1704942000] CURRENT HOST STATE: SRVDC1.cass.pmc;UP;HARD;1;PING OK - Packet loss = 0%, RTA = 1.78 ms
[1704942000] CURRENT HOST STATE: SRVDNS;UP;HARD;1;PING OK - Packet loss = 0%, RTA = 1.18 ms
[1704942000] CURRENT HOST STATE: SRVWEB_cass.cl;UP;HARD;1;PING OK - Packet loss = 0%, RTA = 1.24 ms
[1704942000] CURRENT HOST STATE: SRV_Cfiler.cass.cl;UP;HARD;1;PING OK - Packet loss = 0%, RTA = 0.58 ms
[1704942000] CURRENT HOST STATE: SRV_GLPI;UP;HARD;1;PING OK - Packet loss = 0%, RTA = 1.34 ms
[1704942000] CURRENT HOST STATE: SRV_GXConsultores;UP;HARD;1;PING OK - Packet loss = 0%, RTA = 1.42 ms
[1704942000] CURRENT HOST STATE: SRV_Oraculo_cass.cl;UP;HARD;1;PING OK - Packet loss = 0%, RTA = 1.17 ms
[1704942000] CURRENT HOST STATE: SRV_SOS2021.cass.cl;UP;HARD;1;PING OK - Packet loss = 0%, RTA = 0.52 ms
[1704942000] CURRENT HOST STATE: SRV_SUM;UP;HARD;1;PING OK - Packet loss = 0%, RTA = 0.66 ms
[1704942000] CURRENT HOST STATE: SRV_Soporte;UP;HARD;1;PING OK - Packet loss = 0%, RTA = 1.62 ms
[1704942000] CURRENT HOST STATE: SRV_Soporte2;DOWN;HARD;10;CRITICAL - Host Unreachable (10.0.0.97)
[1704942000] CURRENT HOST STATE: SRV_chat.cass.cl;UP;HARD;1;PING OK - Packet loss = 0%, RTA = 0.58 ms
[1704942000] CURRENT HOST STATE: SRV_email.cass.cl;UP;HARD;1;PING OK - Packet loss = 0%, RTA = 1.15 ms
[1704942000] CURRENT HOST STATE: SRV_nagios;UP;HARD;1;PING OK - Packet loss = 0%, RTA = 0.08 ms
[1704942000] CURRENT HOST STATE: SRV_sync.cass.cl;UP;HARD;1;PING OK - Packet loss = 0%, RTA = 1.16 ms
[1704942000] CURRENT HOST STATE: Servidor Vcenter;UP;HARD;1;PING OK - Packet loss = 0%, RTA = 0.54 ms
[1704942000] CURRENT HOST STATE: Servidores CASS;UP;HARD;1;PING OK - Packet loss = 0%, RTA = 1.26 ms
[1704942000] CURRENT HOST STATE: Ups Principal;UP;HARD;1;PING OK - Packet loss = 0%, RTA = 1.06 ms
[1704942000] CURRENT HOST STATE: Veeam2023.cass.pmc;UP;HARD;1;PING OK - Packet loss = 0%, RTA = 2.00 ms
[1704942000] CURRENT HOST STATE: web_cass_cl;UP;HARD;1;PING OK - Packet loss = 0%, RTA = 0.61 ms
[1704942000] CURRENT SERVICE STATE: ADL Diagnostic;Ping;OK;HARD;1;PING OK - Packet loss = 0%, RTA = 37.28 ms
[1704942000] CURRENT SERVICE STATE: Blueshell;Ping;OK;HARD;1;PING OK - Packet loss = 0%, RTA = 3.27 ms
[1704942000] CURRENT SERVICE STATE: Clinica PV Movistar;Ping;OK;HARD;1;PING OK - Packet loss = 0%, RTA = 33.68 ms
[1704942000] CURRENT SERVICE STATE: Confe;Ping;CRITICAL;HARD;3;PING CRITICAL - Packet loss = 100%
[1704942000] CURRENT SERVICE STATE: Electric Works;Ping;OK;HARD;1;PING OK - Packet loss = 0%, RTA = 33.08 ms
[1704942000] CURRENT SERVICE STATE: Ext Telsur;Ping;OK;HARD;1;PING OK - Packet loss = 0%, RTA = 1.19 ms
[1704942000] CURRENT SERVICE STATE: FW ADL Diagnostic;Ping;OK;HARD;1;PING OK - Packet loss = 0%, RTA = 37.93 ms
[1704942000] CURRENT SERVICE STATE: FW Blueshell;Ping;OK;HARD;1;PING OK - Packet loss = 0%, RTA = 3.22 ms
[1704942000] CURRENT SERVICE STATE: FW Cass Entel;Ping;OK;HARD;1;PING OK - Packet loss = 0%, RTA = 38.05 ms
[1704942000] CURRENT SERVICE STATE: FW Cass Telsur;Ancho de Banda DMZ;OK;HARD;1;OK - Average IN: 8.56KB (0.01%), Average OUT: 5.31KB (0.00%)Total RX: 113.18GBytes, Total TX: 38.50GBytes
[1704942000] CURRENT SERVICE STATE: FW Cass Telsur;Ancho de Banda LAN;OK;HARD;1;OK - Average IN: 690.82B (0.00%), Average OUT: 1.15KB (0.00%)Total RX: 2213.88GBytes, Total TX: 3787.04GBytes
[1704942000] CURRENT SERVICE STATE: FW Cass Telsur;Ancho de Banda WAN;OK;HARD;1;OK - Average IN: 198.60B (0.00%), Average OUT: 32.23B (0.00%)Total RX: 12618.60GBytes, Total TX: 7976.53GBytes
[1704942000] CURRENT SERVICE STATE: FW Cass Telsur;Estado Puerto DMZ;OK;HARD;1;OK: Interface eth2 (index 4) is up.
[1704942000] CURRENT SERVICE STATE: FW Cass Telsur;Estado Puerto LAN;OK;HARD;1;OK: Interface eth0 (index 2) is up.
[1704942000] CURRENT SERVICE STATE: FW Cass Telsur;Estado Puerto WAN;OK;HARD;1;OK: Interface eth1 (index 3) is up.
[1704942000] CURRENT SERVICE STATE: FW Cass Telsur;Estado TCP Sophos;OK;HARD;1;TCP OK - 0.001 second response time on 201.220.96.34 port 4444
[1704942000] CURRENT SERVICE STATE: FW Cass Telsur;Ping;OK;HARD;1;PING OK - Packet loss = 0%, RTA = 0.59 ms
[1704942000] CURRENT SERVICE STATE: FW Cass Telsur;Tiempo Activo;OK;HARD;1;SNMP OK - Timeticks: (20252720) 2 days, 8:15:27.20
[1704942000] CURRENT SERVICE STATE: FW Clinica PV Movistar;Ping;OK;HARD;1;PING OK - Packet loss = 0%, RTA = 35.98 ms
[1704942000] CURRENT SERVICE STATE: FW Confe;Ping;OK;HARD;1;PING OK - Packet loss = 0%, RTA = 40.22 ms
[1704942000] CURRENT SERVICE STATE: FW Electric Works;Ping;OK;HARD;1;PING OK - Packet loss = 0%, RTA = 35.35 ms
[1704942000] CURRENT SERVICE STATE: FW Gore Los Lagos;Ping;OK;HARD;1;PING OK - Packet loss = 0%, RTA = 1.16 ms
[1704942000] CURRENT SERVICE STATE: FW Pasmar;Ping;OK;HARD;1;PING OK - Packet loss = 0%, RTA = 1.37 ms
[1704942000] CURRENT SERVICE STATE: Gore Los Lagos;Ping;OK;HARD;1;PING OK - Packet loss = 0%, RTA = 1.25 ms
[1704942000] CURRENT SERVICE STATE: Host-10.0.0.120;Ping;OK;HARD;1;PING OK - Packet loss = 0%, RTA = 0.47 ms
[1704942000] CURRENT SERVICE STATE: Host-10.0.0.121;Ping;OK;HARD;1;PING OK - Packet loss = 0%, RTA = 0.49 ms
[1704942000] CURRENT SERVICE STATE: Pasmar;Ping;OK;HARD;1;PING OK - Packet loss = 0%, RTA = 1.18 ms
[1704942000] CURRENT SERVICE STATE: Qnap NAS;Almacenamiento;OK;HARD;1;OK: Total:50TB - Used:36TB - Free:14TB - Used Space: 71%
[1704942000] CURRENT SERVICE STATE: Qnap NAS;Estado;OK;HARD;1;Power Supply #1 - OK: GOOD
[1704942000] CURRENT SERVICE STATE: Qnap NAS;Memoria;OK;HARD;1;OK: Total:3830MB - Used:1330MB - Free:2500MB = 35%
[1704942000] CURRENT SERVICE STATE: Qnap NAS;Sysinfo;OK;HARD;1;NAS Cloud, Model TS-879U-RP, Firmware 4.3.6, Max HD number 8, No. Volume 1
[1704942000] CURRENT SERVICE STATE: Qnap NAS;Temperatura;OK;HARD;1;OK: Temperature=39C
[1704942000] CURRENT SERVICE STATE: Qnap NAS;Tiempo Activo;OK;HARD;1;SNMP OK - Timeticks: (53970021) 6 days, 5:55:00.21
[1704942000] CURRENT SERVICE STATE: SRV01USER_cass.cl;Actualizacion;CRITICAL;HARD;3;Updates: 4 critical, 0 optional
[1704942000] CURRENT SERVICE STATE: SRV01USER_cass.cl;Almacenamiento C;WARNING;HARD;3;c:\ - total: 119.40 Gb - used: 97.84 Gb (82%) - free 21.56 Gb (18%)
[1704942000] CURRENT SERVICE STATE: SRV01USER_cass.cl;Almacenamiento U;OK;HARD;1;u:\ - total: 1023.98 Gb - used: 239.54 Gb (23%) - free 784.44 Gb (77%)
[1704942000] CURRENT SERVICE STATE: SRV01USER_cass.cl;CPU;OK;HARD;1;CPU Load 3% (5 min average)
[1704942000] CURRENT SERVICE STATE: SRV01USER_cass.cl;Memoria;OK;HARD;1;Memory usage: total:23551.21 MB - used: 12375.99 MB (53%) - free: 11175.22 MB (47%)
[1704942000] CURRENT SERVICE STATE: SRV01USER_cass.cl;Ping;OK;HARD;1;PING OK - Packet loss = 0%, RTA = 2.40 ms
[1704942000] CURRENT SERVICE STATE: SRV01USER_cass.cl;Tiempo Activo;OK;HARD;1;System Uptime - 3 day(s) 15 hour(s) 54 minute(s)
[1704942000] CURRENT SERVICE STATE: SRV04AD01.cass.cl;Ping;OK;HARD;1;PING OK - Packet loss = 0%, RTA = 1.14 ms
[1704942000] CURRENT SERVICE STATE: SRV05AD02_cass.cl;Ping;OK;HARD;1;PING OK - Packet loss = 0%, RTA = 1.49 ms
[1704942000] CURRENT SERVICE STATE: SRV11VIBE_cass.cl;Actualizacion;CRITICAL;HARD;3;Updates CRITICAL : discontinued OS Release SLE 15.1: At least one of your Repositories might be out of date. Please run "zypper refresh" as root to update it.  3 security update(s): 1 recommended update(s):  2 package update(s):
[1704942000] CURRENT SERVICE STATE: SRV11VIBE_cass.cl;Almacenamiento /;OK;HARD;1;DISK OK - free space: /var/tmp 78612 MiB (85.77% inode=-):
[1704942000] CURRENT SERVICE STATE: SRV11VIBE_cass.cl;CPU;OK;HARD;1;OK - load average per CPU: 0.01, 0.01, 0.00
[1704942000] CURRENT SERVICE STATE: SRV11VIBE_cass.cl;Memoria;OK;HARD;1;[MEMORY] Total: 7693 MB - Used: 3619 MB - 47% [SWAP] Total: 7944 MB - Used: 0 MB - 0%
[1704942000] CURRENT SERVICE STATE: SRV11VIBE_cass.cl;Ping;OK;HARD;1;PING OK - Packet loss = 0%, RTA = 0.90 ms
[1704942000] CURRENT SERVICE STATE: SRV11VIBE_cass.cl;Proceso Vibe;OK;HARD;1;PROCS OK: 0 processes with command name 'vibe'
[1704942000] CURRENT SERVICE STATE: SRV11VIBE_cass.cl;Procesos;OK;HARD;1;PROCS OK: 308 processes
[1704942000] CURRENT SERVICE STATE: SRV11VIBE_cass.cl;Procesos Zombies;OK;HARD;1;PROCS OK: 0 processes with STATE = Z
[1704942000] CURRENT SERVICE STATE: SRV11VIBE_cass.cl;Puerto HTTP;OK;HARD;1;TCP OK - 0.001 second response time on 10.0.2.13 port 80
[1704942000] CURRENT SERVICE STATE: SRV11VIBE_cass.cl;Puerto HTTPS;OK;HARD;1;TCP OK - 0.000 second response time on 10.0.2.13 port 443
[1704942000] CURRENT SERVICE STATE: SRV11VIBE_cass.cl;Servicio Vibe;OK;HARD;1;OK: Service vibe is running!
[1704942000] CURRENT SERVICE STATE: SRV11VIBE_cass.cl;Tiempo Activo;OK;HARD;1;Uptime OK: 37 day(s) 15 hour(s) 35 minute(s)
[1704942000] CURRENT SERVICE STATE: SRV11VIBE_cass.cl;Usuarios Login;OK;HARD;1;USERS OK - 2 users currently logged in
[1704942000] CURRENT SERVICE STATE: SRVAD1.cass.pmc;Ping;OK;HARD;1;PING OK - Packet loss = 0%, RTA = 1.25 ms
[1704942000] CURRENT SERVICE STATE: SRVAD2.cass.pmc;Ping;OK;HARD;1;PING OK - Packet loss = 0%, RTA = 1.50 ms
[1704942000] CURRENT SERVICE STATE: SRVADMIN.cass.pmc;Actualizacion;CRITICAL;HARD;3;Updates: 1 critical, 0 optional
[1704942000] CURRENT SERVICE STATE: SRVADMIN.cass.pmc;Almacenamiento;OK;HARD;1;c:\ - total: 299.66 Gb - used: 161.81 Gb (54%) - free 137.85 Gb (46%)
[1704942000] CURRENT SERVICE STATE: SRVADMIN.cass.pmc;CPU;OK;HARD;1;CPU Load 1% (5 min average)
[1704942000] CURRENT SERVICE STATE: SRVADMIN.cass.pmc;Memoria;OK;HARD;1;Memory usage: total:15291.55 MB - used: 6470.51 MB (42%) - free: 8821.04 MB (58%)
[1704942000] CURRENT SERVICE STATE: SRVADMIN.cass.pmc;Ping;OK;HARD;1;PING OK - Packet loss = 0%, RTA = 1.52 ms
[1704942000] CURRENT SERVICE STATE: SRVADMIN.cass.pmc;Tiempo Activo;OK;HARD;1;System Uptime - 1 day(s) 15 hour(s) 31 minute(s)
[1704942000] CURRENT SERVICE STATE: SRVCONT.cass.cl;Actualizacion;OK;HARD;1;OK - no pending updates.
[1704942000] CURRENT SERVICE STATE: SRVCONT.cass.cl;Almacenamiento;OK;HARD;1;c:\ - total: 299.33 Gb - used: 44.14 Gb (15%) - free 255.19 Gb (85%)
[1704942000] CURRENT SERVICE STATE: SRVCONT.cass.cl;CPU;OK;HARD;1;CPU Load 3% (5 min average)
[1704942000] CURRENT SERVICE STATE: SRVCONT.cass.cl;Memoria;OK;HARD;1;Memory usage: total:14143.13 MB - used: 2947.64 MB (21%) - free: 11195.49 MB (79%)
[1704942000] CURRENT SERVICE STATE: SRVCONT.cass.cl;Ping;OK;HARD;1;PING OK - Packet loss = 0%, RTA = 3.05 ms
[1704942000] CURRENT SERVICE STATE: SRVCONT.cass.cl;Tiempo Activo;OK;HARD;1;System Uptime - 24 day(s) 1 hour(s) 1 minute(s)
[1704942000] CURRENT SERVICE STATE: SRVDC1.cass.pmc;Ping;OK;HARD;1;PING OK - Packet loss = 0%, RTA = 1.67 ms
[1704942000] CURRENT SERVICE STATE: SRVDNS;Ping;OK;HARD;1;PING OK - Packet loss = 0%, RTA = 1.10 ms
[1704942000] CURRENT SERVICE STATE: SRVWEB_cass.cl;Ping;OK;HARD;1;PING OK - Packet loss = 0%, RTA = 1.76 ms
[1704942000] CURRENT SERVICE STATE: SRV_Cfiler.cass.cl;Actualizacion;OK;HARD;1;Updates OK : no updates available
[1704942000] CURRENT SERVICE STATE: SRV_Cfiler.cass.cl;Almacenamiento /;OK;HARD;1;DISK OK - free space: / 2405906 MB (71% inode=-):
[1704942000] CURRENT SERVICE STATE: SRV_Cfiler.cass.cl;CPU;OK;HARD;1;OK - load average: 0.11, 0.09, 0.09
[1704942000] CURRENT SERVICE STATE: SRV_Cfiler.cass.cl;Http;OK;HARD;1;TCP OK - 0.000 second response time on port 80
[1704942000] CURRENT SERVICE STATE: SRV_Cfiler.cass.cl;Https;OK;HARD;1;TCP OK - 0.000 second response time on port 443
[1704942000] CURRENT SERVICE STATE: SRV_Cfiler.cass.cl;Memoria;OK;HARD;1;[MEMORY] Total: 3893 MB - Used: 1291 MB - 33% [SWAP] Total: 2047 MB - Used: 221 MB - 10%
[1704942000] CURRENT SERVICE STATE: SRV_Cfiler.cass.cl;Procesos;OK;HARD;1;PROCS OK: 315 processes
[1704942000] CURRENT SERVICE STATE: SRV_Cfiler.cass.cl;Procesos Zombies;OK;HARD;1;PROCS OK: 0 processes with STATE = Z
[1704942000] CURRENT SERVICE STATE: SRV_Cfiler.cass.cl;Procs Apache;OK;HARD;1;PROCS OK: 11 processes with args 'apache2'
[1704942000] CURRENT SERVICE STATE: SRV_Cfiler.cass.cl;Serv Apache;OK;HARD;1;OK: Service apache is running!
[1704942000] CURRENT SERVICE STATE: SRV_Cfiler.cass.cl;Servicio General;OK;HARD;1;PING OK - Packet loss = 0%, RTA = 0.55 ms
[1704942000] CURRENT SERVICE STATE: SRV_Cfiler.cass.cl;Tiempo Activo;OK;HARD;1;Uptime OK: 39 day(s) 19 hour(s) 34 minute(s)
[1704942000] CURRENT SERVICE STATE: SRV_Cfiler.cass.cl;Usuarios Login;OK;HARD;1;USERS OK - 1 users currently logged in
[1704942000] CURRENT SERVICE STATE: SRV_Oraculo_cass.cl;Ping;OK;HARD;1;PING OK - Packet loss = 0%, RTA = 1.25 ms
[1704942000] CURRENT SERVICE STATE: SRV_SOS2021.cass.cl;Actualizacion;OK;HARD;1;Updates OK : no updates available
[1704942000] CURRENT SERVICE STATE: SRV_SOS2021.cass.cl;Almacenamiento /;OK;HARD;1;DISK OK - free space: /var/tmp 118354 MiB (91.09% inode=-):
[1704942000] CURRENT SERVICE STATE: SRV_SOS2021.cass.cl;CPU;OK;HARD;1;OK - load average per CPU: 0.02, 0.02, 0.02
[1704942000] CURRENT SERVICE STATE: SRV_SOS2021.cass.cl;Memoria;OK;HARD;1;[MEMORY] Total: 7946 MB - Used: 1160 MB - 14% [SWAP] Total: 10239 MB - Used: 0 MB - 0%
[1704942000] CURRENT SERVICE STATE: SRV_SOS2021.cass.cl;Ping;OK;HARD;1;PING OK - Packet loss = 0%, RTA = 0.48 ms
[1704942000] CURRENT SERVICE STATE: SRV_SOS2021.cass.cl;Procesos;OK;HARD;1;PROCS OK: 312 processes
[1704942000] CURRENT SERVICE STATE: SRV_SOS2021.cass.cl;Procesos Zombies;OK;HARD;1;PROCS OK: 0 processes with STATE = Z
[1704942000] CURRENT SERVICE STATE: SRV_SOS2021.cass.cl;Tiempo Activo;OK;HARD;1;Uptime OK: 39 day(s) 19 hour(s) 31 minute(s)
[1704942000] CURRENT SERVICE STATE: SRV_SOS2021.cass.cl;Usuarios Login;OK;HARD;1;USERS OK - 0 users currently logged in
[1704942000] CURRENT SERVICE STATE: SRV_SUM;Ping;OK;HARD;1;PING OK - Packet loss = 0%, RTA = 0.75 ms
[1704942000] CURRENT SERVICE STATE: SRV_chat.cass.cl;Actualizacion;OK;HARD;1;Updates OK : no updates available
[1704942000] CURRENT SERVICE STATE: SRV_chat.cass.cl;Almacenamiento /;OK;HARD;1;DISK OK - free space: /var/tmp 946338 MiB (90.50% inode=-):
[1704942000] CURRENT SERVICE STATE: SRV_chat.cass.cl;CPU;OK;HARD;1;OK - load average per CPU: 0.07, 0.10, 0.09
[1704942000] CURRENT SERVICE STATE: SRV_chat.cass.cl;Memoria;OK;HARD;1;[MEMORY] Total: 7919 MB - Used: 3332 MB - 42% [SWAP] Total: 2048 MB - Used: 226 MB - 11%
[1704942000] CURRENT SERVICE STATE: SRV_chat.cass.cl;Ping;OK;HARD;1;PING OK - Packet loss = 0%, RTA = 0.67 ms
[1704942000] CURRENT SERVICE STATE: SRV_chat.cass.cl;Proceso Docker;OK;HARD;1;PROCS OK: 0 processes with command name 'docker'
[1704942000] CURRENT SERVICE STATE: SRV_chat.cass.cl;Proceso Nginx;OK;HARD;1;PROCS OK: 3 processes with command name 'nginx'
[1704942000] CURRENT SERVICE STATE: SRV_chat.cass.cl;Procesos;OK;HARD;1;PROCS OK: 302 processes
[1704942000] CURRENT SERVICE STATE: SRV_chat.cass.cl;Procesos Zombies;OK;HARD;1;PROCS OK: 1 process with STATE = Z
[1704942000] CURRENT SERVICE STATE: SRV_chat.cass.cl;Puerto Contenedor;OK;HARD;1;TCP OK - 0.001 second response time on port 8000
[1704942000] CURRENT SERVICE STATE: SRV_chat.cass.cl;Puerto HTTP;OK;HARD;1;TCP OK - 0.000 second response time on port 80
[1704942000] CURRENT SERVICE STATE: SRV_chat.cass.cl;Puerto HTTPS;OK;HARD;1;TCP OK - 0.000 second response time on port 443
[1704942000] CURRENT SERVICE STATE: SRV_chat.cass.cl;Puerto Portainer;OK;HARD;1;TCP OK - 0.000 second response time on port 9443
[1704942000] CURRENT SERVICE STATE: SRV_chat.cass.cl;Servicio Docker;OK;HARD;1;OK: Service docker is running!
[1704942000] CURRENT SERVICE STATE: SRV_chat.cass.cl;Servicio Nginx;OK;HARD;1;OK: Service nginx is running!
[1704942000] CURRENT SERVICE STATE: SRV_chat.cass.cl;Usuarios Login;OK;HARD;1;USERS OK - 2 users currently logged in
[1704942000] CURRENT SERVICE STATE: SRV_email.cass.cl;Actualizacion;OK;HARD;1;Updates OK : no updates available
[1704942000] CURRENT SERVICE STATE: SRV_email.cass.cl;Almacenamiento /;OK;HARD;1;DISK OK - free space: /var/tmp 462131 MiB (91.22% inode=-):
[1704942000] CURRENT SERVICE STATE: SRV_email.cass.cl;Almacenamiento Mail;OK;HARD;1;DISK OK - free space: /mail 1789712 MiB (91.39% inode=99%):
[1704942000] CURRENT SERVICE STATE: SRV_email.cass.cl;Almacenamiento Mail2;OK;HARD;1;DISK OK - free space: /mail2 475565 MiB (99.64% inode=100%):
[1704942000] CURRENT SERVICE STATE: SRV_email.cass.cl;CPU;OK;HARD;1;OK - load average per CPU: 0.01, 0.02, 0.01
[1704942000] CURRENT SERVICE STATE: SRV_email.cass.cl;Correo Pop;OK;HARD;1;POP OK - 0.001 second response time on 10.0.2.25 port 110 [+OK GroupWise POP3 server ready]
[1704942000] CURRENT SERVICE STATE: SRV_email.cass.cl;Correo Smtp;OK;HARD;1;SMTP OK - 0.004 sec. response time
[1704942000] CURRENT SERVICE STATE: SRV_email.cass.cl;Memoria;OK;HARD;1;[MEMORY] Total: 11939 MB - Used: 3422 MB - 28% [SWAP] Total: 2048 MB - Used: 60 MB - 2%
[1704942000] CURRENT SERVICE STATE: SRV_email.cass.cl;Ping;OK;HARD;1;PING OK - Packet loss = 0%, RTA = 1.13 ms
[1704942000] CURRENT SERVICE STATE: SRV_email.cass.cl;Procesos;OK;HARD;1;PROCS OK: 307 processes
[1704942000] CURRENT SERVICE STATE: SRV_email.cass.cl;Procesos Zombies;OK;HARD;1;PROCS OK: 0 processes with STATE = Z
[1704942000] CURRENT SERVICE STATE: SRV_email.cass.cl;Tiempo Activo;OK;HARD;1;Uptime OK: 39 day(s) 19 hour(s) 30 minute(s)
[1704942000] CURRENT SERVICE STATE: SRV_email.cass.cl;Usuarios Login;OK;HARD;1;USERS OK - 1 users currently logged in
[1704942000] CURRENT SERVICE STATE: SRV_nagios;Actualizacion;OK;HARD;1;YUM OK: 0 Updates Available
[1704942000] CURRENT SERVICE STATE: SRV_nagios;CPU;OK;HARD;1;OK - load average: 0.01, 0.07, 0.12
[1704942000] CURRENT SERVICE STATE: SRV_nagios;Memoria;OK;HARD;1;[MEMORY] Total: 7740 MB - Used: 639 MB - 8% [SWAP] Total: 7935 MB - Used: 0 MB - 0%
[1704942000] CURRENT SERVICE STATE: SRV_nagios;PING;OK;HARD;1;PING OK - Packet loss = 0%, RTA = 0.07 ms
[1704942000] CURRENT SERVICE STATE: SRV_nagios;Procesos;OK;HARD;1;PROCS OK: 65 processes with STATE = RSZDT
[1704942000] CURRENT SERVICE STATE: SRV_nagios;Usarios Login;OK;HARD;1;USERS OK - 0 users currently logged in
[1704942000] CURRENT SERVICE STATE: SRV_sync.cass.cl;Ping;OK;HARD;1;PING OK - Packet loss = 0%, RTA = 1.21 ms
[1704942000] CURRENT SERVICE STATE: Servidor Vcenter;Ping;OK;HARD;1;PING OK - Packet loss = 0%, RTA = 0.59 ms
[1704942000] CURRENT SERVICE STATE: Servidores CASS;Ancho de Banda GE/1/0/3;OK;HARD;1;OK - Average IN: 8.58KB (0.01%), Average OUT: 8.01KB (0.01%)Total RX: 11431.76GBytes, Total TX: 48762.07GBytes
[1704942000] CURRENT SERVICE STATE: Servidores CASS;Estado Puerto 3;OK;HARD;1;OK: Interface GigabitEthernet1/0/3 (index 3) is up.
[1704942000] CURRENT SERVICE STATE: Servidores CASS;Estado Puerto 80;OK;HARD;1;TCP OK - 0.002 second response time on 10.0.0.17 port 80
[1704942000] CURRENT SERVICE STATE: Servidores CASS;Ping;OK;HARD;1;PING OK - Packet loss = 0%, RTA = 1.27 ms
[1704942000] CURRENT SERVICE STATE: Servidores CASS;Tiempo Activo;OK;HARD;1;SNMP OK - Timeticks: (344035619) 39 days, 19:39:16.19
[1704942000] CURRENT SERVICE STATE: Ups Principal;Carga;OK;HARD;1;OK: Estimated battery charge 98%, approximately 0 minutes runtime remaining.
[1704942000] CURRENT SERVICE STATE: Ups Principal;Estado;OK;HARD;1;OK: Battery Status Normal.
[1704942000] CURRENT SERVICE STATE: Ups Principal;Ping;OK;HARD;1;PING OK - Packet loss = 0%, RTA = 1.14 ms
[1704942000] CURRENT SERVICE STATE: Ups Principal;Temperatura;OK;HARD;1;OK: Battery Temperature is 27 degrees C (80.6 degrees F).
[1704942000] CURRENT SERVICE STATE: Ups Principal;Tiempo Activo;OK;HARD;1;SNMP OK - Timeticks: (344040553) 39 days, 19:40:05.53
[1704942000] CURRENT SERVICE STATE: Veeam2023.cass.pmc;Actualizacion;CRITICAL;HARD;3;Updates: 5 critical, 0 optional
[1704942000] CURRENT SERVICE STATE: Veeam2023.cass.pmc;Almacenamiento;OK;HARD;1;c:\ - total: 99.33 Gb - used: 84.41 Gb (85%) - free 14.92 Gb (15%)
[1704942000] CURRENT SERVICE STATE: Veeam2023.cass.pmc;CPU;OK;HARD;1;CPU Load 50% (5 min average)
[1704942000] CURRENT SERVICE STATE: Veeam2023.cass.pmc;Memoria;OK;HARD;1;Memory usage: total:28159.25 MB - used: 19486.74 MB (69%) - free: 8672.52 MB (31%)
[1704942000] CURRENT SERVICE STATE: Veeam2023.cass.pmc;Ping;OK;HARD;1;PING OK - Packet loss = 0%, RTA = 1.92 ms
[1704942000] CURRENT SERVICE STATE: Veeam2023.cass.pmc;Tiempo Activo;OK;HARD;1;System Uptime - 21 day(s) 23 hour(s) 1 minute(s)
[1704942000] CURRENT SERVICE STATE: web_cass_cl;Certificado;OK;HARD;1;SSL OK - Certificate '*.cass.cl' will expire in 358 days on 2025-01-03 20:59 -0300/-03.
[1704942000] CURRENT SERVICE STATE: web_cass_cl;HTTP;OK;HARD;1;HTTP OK: HTTP/1.1 302 Found - 1075 bytes in 0.204 second response time
[1704944232] Auto-save of retention data completed successfully.
[1704947832] Auto-save of retention data completed successfully.
[1704951432] Auto-save of retention data completed successfully.
[1704955032] Auto-save of retention data completed successfully.
[1704958632] Auto-save of retention data completed successfully.
[1704962232] Auto-save of retention data completed successfully.
[1704965832] Auto-save of retention data completed successfully.
[1704969432] Auto-save of retention data completed successfully.
[1704970549] SERVICE ALERT: SRV_SOS2021.cass.cl;Actualizacion;CRITICAL;SOFT;1;CHECK_NRPE STATE CRITICAL: Socket timeout after 30 seconds.
[1704970549] SERVICE ALERT: SRV_Cfiler.cass.cl;Actualizacion;CRITICAL;SOFT;1;CHECK_NRPE STATE CRITICAL: Socket timeout after 30 seconds.
[1704970558] SERVICE ALERT: SRV_chat.cass.cl;Actualizacion;CRITICAL;SOFT;1;CHECK_NRPE STATE CRITICAL: Socket timeout after 30 seconds.
[1704970559] SERVICE ALERT: SRV_email.cass.cl;Actualizacion;CRITICAL;SOFT;1;CHECK_NRPE STATE CRITICAL: Socket timeout after 30 seconds.
[1704970681] SERVICE ALERT: SRV_SOS2021.cass.cl;Actualizacion;OK;SOFT;2;Updates OK : no updates available
[1704970682] SERVICE ALERT: SRV_Cfiler.cass.cl;Actualizacion;OK;SOFT;2;Updates OK : no updates available
[1704970690] SERVICE ALERT: SRV_chat.cass.cl;Actualizacion;OK;SOFT;2;Updates OK : no updates available
[1704970691] SERVICE ALERT: SRV_email.cass.cl;Actualizacion;OK;SOFT;2;Updates OK : no updates available
[1704972002] SERVICE ALERT: SRV_SOS2021.cass.cl;Actualizacion;UNKNOWN;SOFT;1;CHECK_NRPE: Receive header underflow - only 0 bytes received (4 expected).
[1704972134] SERVICE ALERT: SRV_SOS2021.cass.cl;Actualizacion;OK;SOFT;2;Updates OK : no updates available
[1704973032] Auto-save of retention data completed successfully.
[1704976632] Auto-save of retention data completed successfully.
[1704978245] SERVICE ALERT: SRV_Cfiler.cass.cl;Actualizacion;UNKNOWN;SOFT;1;Updates UNKNOWN : UNKNOWN: Error message: Recv failure: Connection reset by peer
[1704978378] SERVICE ALERT: SRV_Cfiler.cass.cl;Actualizacion;OK;SOFT;2;Updates OK : no updates available
[1704980232] Auto-save of retention data completed successfully.
[1704980496] SERVICE ALERT: FW Cass Telsur;Ancho de Banda WAN;CRITICAL;SOFT;1;(No output on stdout) stderr:
[1704980616] SERVICE ALERT: FW Cass Telsur;Ancho de Banda WAN;OK;SOFT;2;OK - Average IN: 2.46MB (1.97%), Average OUT: 2.48MB (1.98%)Total RX: 12752.14GBytes, Total TX: 8154.03GBytes
[1704983832] Auto-save of retention data completed successfully.
[1704987432] Auto-save of retention data completed successfully.
[1704987804] SERVICE ALERT: SRV_email.cass.cl;Correo Pop;CRITICAL;SOFT;1;connect to address 10.0.2.25 and port 110: Connection refused
[1704987924] SERVICE ALERT: SRV_email.cass.cl;Correo Pop;OK;SOFT;2;POP OK - 0.000 second response time on 10.0.2.25 port 110 [+OK GroupWise POP3 server ready]
[1704989386] SERVICE ALERT: FW Cass Telsur;Ancho de Banda WAN;CRITICAL;SOFT;1;(No output on stdout) stderr:
[1704989506] SERVICE ALERT: FW Cass Telsur;Ancho de Banda WAN;OK;SOFT;2;OK - Average IN: 188.30B (0.00%), Average OUT: 61.43B (0.00%)Total RX: 12754.36GBytes, Total TX: 8156.38GBytes
[1704990831] SERVICE ALERT: FW Cass Telsur;Ancho de Banda LAN;WARNING;SOFT;1;WARNING - IN bandwidth (89.34%) too high
[1704990951] SERVICE ALERT: FW Cass Telsur;Ancho de Banda LAN;OK;SOFT;2;OK - Average IN: 58.86MB (47.09%), Average OUT: 285.50KB (0.23%)Total RX: 2230.77GBytes, Total TX: 3796.32GBytes
[1704991032] Auto-save of retention data completed successfully.
[1704991872] SERVICE ALERT: FW Cass Telsur;Ancho de Banda DMZ;CRITICAL;SOFT;1;(No output on stdout) stderr:
[1704991992] SERVICE ALERT: FW Cass Telsur;Ancho de Banda DMZ;OK;SOFT;2;OK - Average IN: 74.06KB (0.06%), Average OUT: 14.02KB (0.01%)Total RX: 115.43GBytes, Total TX: 42.82GBytes
[1704993842] SERVICE ALERT: FW Cass Telsur;Ancho de Banda LAN;CRITICAL;SOFT;1;(No output on stdout) stderr:
[1704993962] SERVICE ALERT: FW Cass Telsur;Ancho de Banda LAN;OK;SOFT;2;OK - Average IN: 50.63KB (0.04%), Average OUT: 871.90KB (0.70%)Total RX: 2230.96GBytes, Total TX: 3798.75GBytes
[1704994632] Auto-save of retention data completed successfully.
[1704998232] Auto-save of retention data completed successfully.
[1705000240] SERVICE ALERT: SRV_email.cass.cl;Actualizacion;CRITICAL;SOFT;1;CHECK_NRPE STATE CRITICAL: Socket timeout after 30 seconds.
[1705000372] SERVICE ALERT: SRV_email.cass.cl;Actualizacion;OK;SOFT;2;Updates OK : no updates available
[1705000801] SERVICE ALERT: SRV_email.cass.cl;Actualizacion;UNKNOWN;SOFT;1;CHECK_NRPE: Receive header underflow - only 0 bytes received (4 expected).
[1705000934] SERVICE ALERT: SRV_email.cass.cl;Actualizacion;OK;SOFT;2;Updates OK : no updates available
[1705001787] SERVICE ALERT: SRV_email.cass.cl;Procesos;CRITICAL;SOFT;1;CHECK_NRPE STATE CRITICAL: Socket timeout after 30 seconds.
[1705001794] SERVICE ALERT: SRV_email.cass.cl;Procesos Zombies;CRITICAL;SOFT;1;CRITICAL - Plugin timed out
[1705001804] SERVICE ALERT: SRV_email.cass.cl;Actualizacion;CRITICAL;SOFT;1;CHECK_NRPE STATE CRITICAL: Socket timeout after 30 seconds.
[1705001832] Auto-save of retention data completed successfully.
[1705001907] SERVICE ALERT: SRV_email.cass.cl;Procesos;OK;SOFT;2;PROCS OK: 312 processes
[1705001914] SERVICE ALERT: SRV_email.cass.cl;Procesos Zombies;OK;SOFT;2;PROCS OK: 0 processes with STATE = Z
[1705001935] SERVICE ALERT: SRV_email.cass.cl;Actualizacion;OK;SOFT;2;Updates OK : no updates available
[1705002601] SERVICE ALERT: SRV_email.cass.cl;Actualizacion;UNKNOWN;SOFT;1;CHECK_NRPE: Receive header underflow - only 0 bytes received (4 expected).
[1705002735] SERVICE ALERT: SRV_email.cass.cl;Actualizacion;OK;SOFT;2;Updates OK : no updates available
[1705003582] SERVICE ALERT: FW Cass Telsur;Ancho de Banda DMZ;CRITICAL;SOFT;1;(No output on stdout) stderr:
[1705003712] SERVICE ALERT: FW Cass Telsur;Ancho de Banda DMZ;OK;SOFT;2;OK - Average IN: 23.54KB (0.02%), Average OUT: 16.67KB (0.01%)Total RX: 115.78GBytes, Total TX: 43.01GBytes
[1705004652] SERVICE ALERT: FW Cass Telsur;Ancho de Banda LAN;CRITICAL;SOFT;1;(No output on stdout) stderr:
[1705004773] SERVICE ALERT: FW Cass Telsur;Ancho de Banda LAN;OK;SOFT;2;OK - Average IN: 61.08KB (0.05%), Average OUT: 485.23KB (0.39%)Total RX: 2232.25GBytes, Total TX: 3803.37GBytes
[1705005432] Auto-save of retention data completed successfully.
[1705006865] SERVICE ALERT: SRV_email.cass.cl;Procesos Zombies;CRITICAL;SOFT;1;CHECK_NRPE STATE CRITICAL: Socket timeout after 30 seconds.
[1705006905] SERVICE ALERT: SRV_email.cass.cl;Actualizacion;CRITICAL;SOFT;1;CHECK_NRPE STATE CRITICAL: Socket timeout after 30 seconds.
[1705006985] SERVICE ALERT: SRV_email.cass.cl;Procesos Zombies;OK;SOFT;2;PROCS OK: 0 processes with STATE = Z
[1705007041] SERVICE ALERT: SRV_email.cass.cl;Actualizacion;OK;SOFT;2;Updates OK : no updates available
[1705007410] SERVICE ALERT: SRV_email.cass.cl;Memoria;CRITICAL;SOFT;1;(No output on stdout) stderr: connect to address 10.0.2.25 port 5666: Connection refused
[1705007412] SERVICE ALERT: SRV_email.cass.cl;Actualizacion;UNKNOWN;SOFT;1;CHECK_NRPE: Receive header underflow - only 0 bytes received (4 expected).
[1705007531] SERVICE ALERT: SRV_email.cass.cl;Memoria;OK;SOFT;2;[MEMORY] Total: 11939 MB - Used: 2411 MB - 20% [SWAP] Total: 2048 MB - Used: 35 MB - 1%
[1705007543] SERVICE ALERT: SRV_email.cass.cl;Actualizacion;OK;SOFT;2;Updates OK : no updates available
[1705008559] SERVICE ALERT: Qnap NAS;Temperatura;CRITICAL;SOFT;1;CRITICAL: SNMP to 10.0.0.28 is not available or wrong community string
[1705008578] HOST ALERT: Qnap NAS;DOWN;SOFT;1;CRITICAL - Host Unreachable (10.0.0.28)
[1705008587] SERVICE ALERT: Qnap NAS;Memoria;CRITICAL;HARD;1;CRITICAL: SNMP to 10.0.0.28 is not available or wrong community string
[1705008602] SERVICE ALERT: Qnap NAS;Tiempo Activo;CRITICAL;HARD;1;CRITICAL - Plugin timed out while executing system call
[1705008604] SERVICE ALERT: Qnap NAS;Sysinfo;CRITICAL;HARD;1;CRITICAL: SNMP to 10.0.0.28 is not available or wrong community string
[1705008610] SERVICE ALERT: Qnap NAS;Almacenamiento;CRITICAL;HARD;1;CRITICAL: SNMP to 10.0.0.28 is not available or wrong community string
[1705008612] SERVICE ALERT: Qnap NAS;Estado;CRITICAL;HARD;1;CRITICAL: SNMP to 10.0.0.28 is not available or wrong community string
[1705008641] HOST ALERT: Qnap NAS;DOWN;SOFT;2;CRITICAL - Host Unreachable (10.0.0.28)
[1705008684] SERVICE ALERT: Qnap NAS;Temperatura;CRITICAL;HARD;3;CRITICAL: SNMP to 10.0.0.28 is not available or wrong community string
[1705008704] HOST ALERT: Qnap NAS;DOWN;SOFT;3;CRITICAL - Host Unreachable (10.0.0.28)
[1705008765] HOST ALERT: Qnap NAS;DOWN;SOFT;4;CRITICAL - Host Unreachable (10.0.0.28)
[1705008825] HOST ALERT: Qnap NAS;DOWN;SOFT;5;CRITICAL - Host Unreachable (10.0.0.28)
[1705008885] HOST ALERT: Qnap NAS;DOWN;SOFT;6;CRITICAL - Host Unreachable (10.0.0.28)
[1705008949] HOST ALERT: Qnap NAS;UP;SOFT;1;PING OK - Packet loss = 0%, RTA = 0.29 ms
[1705008962] SERVICE NOTIFICATION: nagiosadmin;Qnap NAS;Tiempo Activo;CRITICAL;notify-service-by-email;CRITICAL - Plugin timed out while executing system call
[1705008962] SERVICE NOTIFICATION: andresnavarro;Qnap NAS;Tiempo Activo;CRITICAL;notify-service-by-email;CRITICAL - Plugin timed out while executing system call
[1705008962] SERVICE NOTIFICATION: soporteti;Qnap NAS;Tiempo Activo;CRITICAL;notify-service-by-telegram;CRITICAL - Plugin timed out while executing system call
[1705008962] SERVICE NOTIFICATION: soporteti;Qnap NAS;Tiempo Activo;CRITICAL;notify-service-by-email;CRITICAL - Plugin timed out while executing system call
[1705008962] SERVICE NOTIFICATION: carlosstange;Qnap NAS;Tiempo Activo;CRITICAL;notify-service-by-telegram;CRITICAL - Plugin timed out while executing system call
[1705008962] SERVICE NOTIFICATION: carlosstange;Qnap NAS;Tiempo Activo;CRITICAL;notify-service-by-email;CRITICAL - Plugin timed out while executing system call
[1705008964] SERVICE NOTIFICATION: nagiosadmin;Qnap NAS;Sysinfo;CRITICAL;notify-service-by-email;CRITICAL: SNMP to 10.0.0.28 is not available or wrong community string
[1705008964] SERVICE NOTIFICATION: andresnavarro;Qnap NAS;Sysinfo;CRITICAL;notify-service-by-email;CRITICAL: SNMP to 10.0.0.28 is not available or wrong community string
[1705008964] SERVICE NOTIFICATION: soporteti;Qnap NAS;Sysinfo;CRITICAL;notify-service-by-telegram;CRITICAL: SNMP to 10.0.0.28 is not available or wrong community string
[1705008964] SERVICE NOTIFICATION: soporteti;Qnap NAS;Sysinfo;CRITICAL;notify-service-by-email;CRITICAL: SNMP to 10.0.0.28 is not available or wrong community string
[1705008964] SERVICE NOTIFICATION: carlosstange;Qnap NAS;Sysinfo;CRITICAL;notify-service-by-telegram;CRITICAL: SNMP to 10.0.0.28 is not available or wrong community string
[1705008964] SERVICE NOTIFICATION: carlosstange;Qnap NAS;Sysinfo;CRITICAL;notify-service-by-email;CRITICAL: SNMP to 10.0.0.28 is not available or wrong community string
[1705008966] EXTERNAL COMMAND: SCHEDULE_FORCED_HOST_CHECK;Qnap NAS;1705008964
[1705008970] SERVICE NOTIFICATION: nagiosadmin;Qnap NAS;Almacenamiento;CRITICAL;notify-service-by-email;CRITICAL: SNMP to 10.0.0.28 is not available or wrong community string
[1705008970] SERVICE NOTIFICATION: andresnavarro;Qnap NAS;Almacenamiento;CRITICAL;notify-service-by-email;CRITICAL: SNMP to 10.0.0.28 is not available or wrong community string
[1705008970] SERVICE NOTIFICATION: soporteti;Qnap NAS;Almacenamiento;CRITICAL;notify-service-by-telegram;CRITICAL: SNMP to 10.0.0.28 is not available or wrong community string
[1705008970] SERVICE NOTIFICATION: soporteti;Qnap NAS;Almacenamiento;CRITICAL;notify-service-by-email;CRITICAL: SNMP to 10.0.0.28 is not available or wrong community string
[1705008970] SERVICE NOTIFICATION: carlosstange;Qnap NAS;Almacenamiento;CRITICAL;notify-service-by-telegram;CRITICAL: SNMP to 10.0.0.28 is not available or wrong community string
[1705008970] SERVICE NOTIFICATION: carlosstange;Qnap NAS;Almacenamiento;CRITICAL;notify-service-by-email;CRITICAL: SNMP to 10.0.0.28 is not available or wrong community string
[1705008972] SERVICE NOTIFICATION: nagiosadmin;Qnap NAS;Estado;CRITICAL;notify-service-by-email;CRITICAL: SNMP to 10.0.0.28 is not available or wrong community string
[1705008972] SERVICE NOTIFICATION: andresnavarro;Qnap NAS;Estado;CRITICAL;notify-service-by-email;CRITICAL: SNMP to 10.0.0.28 is not available or wrong community string
[1705008972] SERVICE NOTIFICATION: soporteti;Qnap NAS;Estado;CRITICAL;notify-service-by-telegram;CRITICAL: SNMP to 10.0.0.28 is not available or wrong community string
[1705008972] SERVICE NOTIFICATION: soporteti;Qnap NAS;Estado;CRITICAL;notify-service-by-email;CRITICAL: SNMP to 10.0.0.28 is not available or wrong community string
[1705008972] SERVICE NOTIFICATION: carlosstange;Qnap NAS;Estado;CRITICAL;notify-service-by-telegram;CRITICAL: SNMP to 10.0.0.28 is not available or wrong community string
[1705008972] SERVICE NOTIFICATION: carlosstange;Qnap NAS;Estado;CRITICAL;notify-service-by-email;CRITICAL: SNMP to 10.0.0.28 is not available or wrong community string
[1705008984] SERVICE NOTIFICATION: nagiosadmin;Qnap NAS;Temperatura;CRITICAL;notify-service-by-email;CRITICAL: SNMP to 10.0.0.28 is not available or wrong community string
[1705008984] SERVICE NOTIFICATION: andresnavarro;Qnap NAS;Temperatura;CRITICAL;notify-service-by-email;CRITICAL: SNMP to 10.0.0.28 is not available or wrong community string
[1705008984] SERVICE NOTIFICATION: soporteti;Qnap NAS;Temperatura;CRITICAL;notify-service-by-telegram;CRITICAL: SNMP to 10.0.0.28 is not available or wrong community string
[1705008984] SERVICE NOTIFICATION: soporteti;Qnap NAS;Temperatura;CRITICAL;notify-service-by-email;CRITICAL: SNMP to 10.0.0.28 is not available or wrong community string
[1705008984] SERVICE NOTIFICATION: carlosstange;Qnap NAS;Temperatura;CRITICAL;notify-service-by-telegram;CRITICAL: SNMP to 10.0.0.28 is not available or wrong community string
[1705008984] SERVICE NOTIFICATION: carlosstange;Qnap NAS;Temperatura;CRITICAL;notify-service-by-email;CRITICAL: SNMP to 10.0.0.28 is not available or wrong community string
[1705009007] SERVICE NOTIFICATION: nagiosadmin;Qnap NAS;Memoria;CRITICAL;notify-service-by-email;CRITICAL: SNMP to 10.0.0.28 is not available or wrong community string
[1705009007] SERVICE NOTIFICATION: andresnavarro;Qnap NAS;Memoria;CRITICAL;notify-service-by-email;CRITICAL: SNMP to 10.0.0.28 is not available or wrong community string
[1705009007] SERVICE NOTIFICATION: soporteti;Qnap NAS;Memoria;CRITICAL;notify-service-by-telegram;CRITICAL: SNMP to 10.0.0.28 is not available or wrong community string
[1705009007] SERVICE NOTIFICATION: soporteti;Qnap NAS;Memoria;CRITICAL;notify-service-by-email;CRITICAL: SNMP to 10.0.0.28 is not available or wrong community string
[1705009007] SERVICE NOTIFICATION: carlosstange;Qnap NAS;Memoria;CRITICAL;notify-service-by-telegram;CRITICAL: SNMP to 10.0.0.28 is not available or wrong community string
[1705009007] SERVICE NOTIFICATION: carlosstange;Qnap NAS;Memoria;CRITICAL;notify-service-by-email;CRITICAL: SNMP to 10.0.0.28 is not available or wrong community string
[1705009032] Auto-save of retention data completed successfully.
[1705009100] SERVICE ALERT: SRVADMIN.cass.pmc;Actualizacion;UNKNOWN;HARD;3;The command (check_updates) returned an invalid return code: 255
[1705009162] SERVICE ALERT: SRVADMIN.cass.pmc;Actualizacion;CRITICAL;HARD;3;Updates: 1 critical, 0 optional
[1705009183] SERVICE NOTIFICATION: nagiosadmin;Qnap NAS;Memoria;OK;notify-service-by-email;OK: Total:3830MB - Used:1065MB - Free:2765MB = 28%
[1705009183] SERVICE NOTIFICATION: andresnavarro;Qnap NAS;Memoria;OK;notify-service-by-email;OK: Total:3830MB - Used:1065MB - Free:2765MB = 28%
[1705009183] SERVICE NOTIFICATION: soporteti;Qnap NAS;Memoria;OK;notify-service-by-telegram;OK: Total:3830MB - Used:1065MB - Free:2765MB = 28%
[1705009183] SERVICE NOTIFICATION: soporteti;Qnap NAS;Memoria;OK;notify-service-by-email;OK: Total:3830MB - Used:1065MB - Free:2765MB = 28%
[1705009183] SERVICE NOTIFICATION: carlosstange;Qnap NAS;Memoria;OK;notify-service-by-telegram;OK: Total:3830MB - Used:1065MB - Free:2765MB = 28%
[1705009183] SERVICE NOTIFICATION: carlosstange;Qnap NAS;Memoria;OK;notify-service-by-email;OK: Total:3830MB - Used:1065MB - Free:2765MB = 28%
[1705009183] SERVICE ALERT: Qnap NAS;Memoria;OK;HARD;1;OK: Total:3830MB - Used:1065MB - Free:2765MB = 28%
[1705009191] SERVICE NOTIFICATION: nagiosadmin;Qnap NAS;Tiempo Activo;OK;notify-service-by-email;SNMP OK - Timeticks: (3120) 0:00:31.20
[1705009191] SERVICE NOTIFICATION: andresnavarro;Qnap NAS;Tiempo Activo;OK;notify-service-by-email;SNMP OK - Timeticks: (3120) 0:00:31.20
[1705009191] SERVICE NOTIFICATION: soporteti;Qnap NAS;Tiempo Activo;OK;notify-service-by-telegram;SNMP OK - Timeticks: (3120) 0:00:31.20
[1705009191] SERVICE NOTIFICATION: soporteti;Qnap NAS;Tiempo Activo;OK;notify-service-by-email;SNMP OK - Timeticks: (3120) 0:00:31.20
[1705009191] SERVICE NOTIFICATION: carlosstange;Qnap NAS;Tiempo Activo;OK;notify-service-by-telegram;SNMP OK - Timeticks: (3120) 0:00:31.20
[1705009191] SERVICE NOTIFICATION: carlosstange;Qnap NAS;Tiempo Activo;OK;notify-service-by-email;SNMP OK - Timeticks: (3120) 0:00:31.20
[1705009191] SERVICE ALERT: Qnap NAS;Tiempo Activo;OK;HARD;1;SNMP OK - Timeticks: (3120) 0:00:31.20
[1705009199] SERVICE NOTIFICATION: nagiosadmin;Qnap NAS;Sysinfo;OK;notify-service-by-email;NAS Cloud, Model TS-879U-RP, Firmware 4.3.6, Max HD number 8, No. Volume 1
[1705009199] SERVICE NOTIFICATION: andresnavarro;Qnap NAS;Sysinfo;OK;notify-service-by-email;NAS Cloud, Model TS-879U-RP, Firmware 4.3.6, Max HD number 8, No. Volume 1
[1705009199] SERVICE NOTIFICATION: soporteti;Qnap NAS;Sysinfo;OK;notify-service-by-telegram;NAS Cloud, Model TS-879U-RP, Firmware 4.3.6, Max HD number 8, No. Volume 1
[1705009199] SERVICE NOTIFICATION: soporteti;Qnap NAS;Sysinfo;OK;notify-service-by-email;NAS Cloud, Model TS-879U-RP, Firmware 4.3.6, Max HD number 8, No. Volume 1
[1705009199] SERVICE NOTIFICATION: carlosstange;Qnap NAS;Sysinfo;OK;notify-service-by-telegram;NAS Cloud, Model TS-879U-RP, Firmware 4.3.6, Max HD number 8, No. Volume 1
[1705009199] SERVICE NOTIFICATION: carlosstange;Qnap NAS;Sysinfo;OK;notify-service-by-email;NAS Cloud, Model TS-879U-RP, Firmware 4.3.6, Max HD number 8, No. Volume 1
[1705009199] SERVICE ALERT: Qnap NAS;Sysinfo;OK;HARD;1;NAS Cloud, Model TS-879U-RP, Firmware 4.3.6, Max HD number 8, No. Volume 1
[1705009205] SERVICE NOTIFICATION: nagiosadmin;Qnap NAS;Almacenamiento;OK;notify-service-by-email;OK: Total:50TB - Used:36TB - Free:14TB - Used Space: 71%
[1705009205] SERVICE NOTIFICATION: andresnavarro;Qnap NAS;Almacenamiento;OK;notify-service-by-email;OK: Total:50TB - Used:36TB - Free:14TB - Used Space: 71%
[1705009205] SERVICE NOTIFICATION: soporteti;Qnap NAS;Almacenamiento;OK;notify-service-by-telegram;OK: Total:50TB - Used:36TB - Free:14TB - Used Space: 71%
[1705009205] SERVICE NOTIFICATION: soporteti;Qnap NAS;Almacenamiento;OK;notify-service-by-email;OK: Total:50TB - Used:36TB - Free:14TB - Used Space: 71%
[1705009205] SERVICE NOTIFICATION: carlosstange;Qnap NAS;Almacenamiento;OK;notify-service-by-telegram;OK: Total:50TB - Used:36TB - Free:14TB - Used Space: 71%
[1705009205] SERVICE NOTIFICATION: carlosstange;Qnap NAS;Almacenamiento;OK;notify-service-by-email;OK: Total:50TB - Used:36TB - Free:14TB - Used Space: 71%
[1705009205] SERVICE ALERT: Qnap NAS;Almacenamiento;OK;HARD;1;OK: Total:50TB - Used:36TB - Free:14TB - Used Space: 71%
[1705009207] SERVICE NOTIFICATION: nagiosadmin;Qnap NAS;Estado;OK;notify-service-by-email;Power Supply #1 - OK: GOOD
[1705009207] SERVICE NOTIFICATION: andresnavarro;Qnap NAS;Estado;OK;notify-service-by-email;Power Supply #1 - OK: GOOD
[1705009207] SERVICE NOTIFICATION: soporteti;Qnap NAS;Estado;OK;notify-service-by-telegram;Power Supply #1 - OK: GOOD
[1705009207] SERVICE NOTIFICATION: soporteti;Qnap NAS;Estado;OK;notify-service-by-email;Power Supply #1 - OK: GOOD
[1705009207] SERVICE NOTIFICATION: carlosstange;Qnap NAS;Estado;OK;notify-service-by-telegram;Power Supply #1 - OK: GOOD
[1705009207] SERVICE NOTIFICATION: carlosstange;Qnap NAS;Estado;OK;notify-service-by-email;Power Supply #1 - OK: GOOD
[1705009207] SERVICE ALERT: Qnap NAS;Estado;OK;HARD;1;Power Supply #1 - OK: GOOD
[1705009219] SERVICE NOTIFICATION: nagiosadmin;Qnap NAS;Temperatura;OK;notify-service-by-email;OK: Temperature=46C
[1705009219] SERVICE NOTIFICATION: andresnavarro;Qnap NAS;Temperatura;OK;notify-service-by-email;OK: Temperature=46C
[1705009219] SERVICE NOTIFICATION: soporteti;Qnap NAS;Temperatura;OK;notify-service-by-telegram;OK: Temperature=46C
[1705009219] SERVICE NOTIFICATION: soporteti;Qnap NAS;Temperatura;OK;notify-service-by-email;OK: Temperature=46C
[1705009219] SERVICE NOTIFICATION: carlosstange;Qnap NAS;Temperatura;OK;notify-service-by-telegram;OK: Temperature=46C
[1705009219] SERVICE NOTIFICATION: carlosstange;Qnap NAS;Temperatura;OK;notify-service-by-email;OK: Temperature=46C
[1705009219] SERVICE ALERT: Qnap NAS;Temperatura;OK;HARD;1;OK: Temperature=46C
[1705012632] Auto-save of retention data completed successfully.
[1705015802] SERVICE ALERT: SRV_email.cass.cl;Correo Smtp;CRITICAL;SOFT;1;CHECK_NRPE: Error - Could not connect to 10.0.2.25: Connection reset by peer
[1705015922] SERVICE ALERT: SRV_email.cass.cl;Correo Smtp;OK;SOFT;2;SMTP OK - 0.003 sec. response time
[1705016232] Auto-save of retention data completed successfully.
[1705018313] SERVICE ALERT: SRV_email.cass.cl;Actualizacion;CRITICAL;SOFT;1;CHECK_NRPE STATE CRITICAL: Socket timeout after 30 seconds.
[1705018360] SERVICE ALERT: SRV_chat.cass.cl;Actualizacion;CRITICAL;SOFT;1;CHECK_NRPE STATE CRITICAL: Socket timeout after 30 seconds.
[1705018364] SERVICE ALERT: SRV_SOS2021.cass.cl;Actualizacion;CRITICAL;SOFT;1;CHECK_NRPE STATE CRITICAL: Socket timeout after 30 seconds.
[1705018368] SERVICE ALERT: SRV_Cfiler.cass.cl;Actualizacion;CRITICAL;SOFT;1;CHECK_NRPE STATE CRITICAL: Socket timeout after 30 seconds.
[1705018444] SERVICE ALERT: SRV_email.cass.cl;Actualizacion;OK;SOFT;2;Updates OK : no updates available
[1705018493] SERVICE ALERT: SRV_chat.cass.cl;Actualizacion;OK;SOFT;2;Updates OK : no updates available
[1705018496] SERVICE ALERT: SRV_SOS2021.cass.cl;Actualizacion;OK;SOFT;2;Updates OK : no updates available
[1705018500] SERVICE ALERT: SRV_Cfiler.cass.cl;Actualizacion;OK;SOFT;2;Updates OK : no updates available
[1705018801] SERVICE ALERT: SRV_chat.cass.cl;Actualizacion;UNKNOWN;SOFT;1;CHECK_NRPE: Receive header underflow - only 0 bytes received (4 expected).
[1705018802] SERVICE ALERT: SRV_Cfiler.cass.cl;Actualizacion;UNKNOWN;SOFT;1;CHECK_NRPE: Receive header underflow - only 0 bytes received (4 expected).
[1705018802] SERVICE ALERT: SRV_SOS2021.cass.cl;Actualizacion;UNKNOWN;SOFT;1;CHECK_NRPE: Receive header underflow - only 0 bytes received (4 expected).
[1705018934] SERVICE ALERT: SRV_Cfiler.cass.cl;Actualizacion;OK;SOFT;2;Updates OK : no updates available
[1705018934] SERVICE ALERT: SRV_SOS2021.cass.cl;Actualizacion;OK;SOFT;2;Updates OK : no updates available
[1705018935] SERVICE ALERT: SRV_chat.cass.cl;Actualizacion;OK;SOFT;2;Updates OK : no updates available
[1705019832] Auto-save of retention data completed successfully.
[1705021655] SERVICE ALERT: Veeam2023.cass.pmc;CPU;WARNING;SOFT;1;CPU Load 95% (5 min average)
[1705021775] SERVICE ALERT: Veeam2023.cass.pmc;CPU;OK;SOFT;2;CPU Load 86% (5 min average)
[1705023432] Auto-save of retention data completed successfully.
[1705025550] SERVICE ALERT: SRVCONT.cass.cl;Actualizacion;UNKNOWN;SOFT;1;CHECK_NRPE: Receive header underflow - only 0 bytes received (4 expected).
[1705025672] SERVICE ALERT: SRVCONT.cass.cl;Actualizacion;OK;SOFT;2;OK - no pending updates.
[1705026728] SERVICE ALERT: SRV01USER_cass.cl;Actualizacion;UNKNOWN;HARD;3;CHECK_NRPE: Receive header underflow - only 0 bytes received (4 expected).
[1705026791] SERVICE ALERT: SRV01USER_cass.cl;Actualizacion;CRITICAL;HARD;3;Updates: 4 critical, 0 optional
[1705027032] Auto-save of retention data completed successfully.
