[1679022000] LOG ROTATION: DAILY
[1679022000] LOG VERSION: 2.0
[1679022000] CURRENT HOST STATE: ADL Diagnostic;UP;HARD;1;PING OK - Packet loss = 0%, RTA = 35.27 ms
[1679022000] CURRENT HOST STATE: Blueshell;UP;HARD;1;PING OK - Packet loss = 0%, RTA = 3.00 ms
[1679022000] CURRENT HOST STATE: Cass Entel;UP;HARD;1;PING OK - Packet loss = 0%, RTA = 0.60 ms
[1679022000] CURRENT HOST STATE: Cass Telsur;UP;HARD;1;PING OK - Packet loss = 0%, RTA = 1.21 ms
[1679022000] CURRENT HOST STATE: Clinica PV Movistar;UP;HARD;1;PING OK - Packet loss = 0%, RTA = 30.72 ms
[1679022000] CURRENT HOST STATE: Clinica PV Telsur;UP;HARD;1;PING OK - Packet loss = 0%, RTA = 1.28 ms
[1679022000] CURRENT HOST STATE: Confe;UP;HARD;1;PING OK - Packet loss = 0%, RTA = 38.18 ms
[1679022000] CURRENT HOST STATE: Electric Works;UP;HARD;1;PING OK - Packet loss = 0%, RTA = 33.77 ms
[1679022000] CURRENT HOST STATE: Ext Entel;UP;HARD;1;PING OK - Packet loss = 0%, RTA = 0.45 ms
[1679022000] CURRENT HOST STATE: Ext Telsur;UP;HARD;1;PING OK - Packet loss = 0%, RTA = 0.98 ms
[1679022000] CURRENT HOST STATE: FW ADL Diagnostic;UP;HARD;1;PING OK - Packet loss = 0%, RTA = 34.01 ms
[1679022000] CURRENT HOST STATE: FW Blueshell;UP;HARD;1;PING OK - Packet loss = 0%, RTA = 3.13 ms
[1679022000] CURRENT HOST STATE: FW Cass Entel;UP;HARD;1;PING OK - Packet loss = 16%, RTA = 33.69 ms
[1679022000] CURRENT HOST STATE: FW Cass Telsur;UP;HARD;1;PING OK - Packet loss = 0%, RTA = 0.57 ms
[1679022000] CURRENT HOST STATE: FW Clinica PV Movistar;UP;HARD;1;PING OK - Packet loss = 0%, RTA = 34.59 ms
[1679022000] CURRENT HOST STATE: FW Clinica PV Telsur;UP;HARD;1;PING OK - Packet loss = 0%, RTA = 1.42 ms
[1679022000] CURRENT HOST STATE: FW Confe;UP;HARD;1;PING OK - Packet loss = 0%, RTA = 38.27 ms
[1679022000] CURRENT HOST STATE: FW Electric Works;UP;HARD;1;PING OK - Packet loss = 0%, RTA = 34.09 ms
[1679022000] CURRENT HOST STATE: FW Gore Los Lagos;UP;HARD;1;PING OK - Packet loss = 16%, RTA = 1.04 ms
[1679022000] CURRENT HOST STATE: FW Pasmar;UP;HARD;1;PING OK - Packet loss = 0%, RTA = 1.04 ms
[1679022000] CURRENT HOST STATE: Gore Los Lagos;UP;HARD;1;PING OK - Packet loss = 28%, RTA = 1.03 ms
[1679022000] CURRENT HOST STATE: Host-10.0.0.120;UP;HARD;1;PING OK - Packet loss = 0%, RTA = 0.46 ms
[1679022000] CURRENT HOST STATE: Host-10.0.0.121;UP;HARD;1;PING OK - Packet loss = 0%, RTA = 0.45 ms
[1679022000] CURRENT HOST STATE: Internet;UP;HARD;1;PING OK - Packet loss = 0%, RTA = 18.18 ms
[1679022000] CURRENT HOST STATE: Pasmar;UP;HARD;1;PING OK - Packet loss = 0%, RTA = 1.06 ms
[1679022000] CURRENT HOST STATE: Qnap NAS;UP;HARD;1;PING OK - Packet loss = 0%, RTA = 0.30 ms
[1679022000] CURRENT HOST STATE: SRV01USER_cass.cl;UP;HARD;1;PING OK - Packet loss = 0%, RTA = 2.12 ms
[1679022000] CURRENT HOST STATE: SRV04AD01.cass.cl;UP;HARD;1;PING OK - Packet loss = 0%, RTA = 1.41 ms
[1679022000] CURRENT HOST STATE: SRV05AD02_cass.cl;UP;HARD;1;PING OK - Packet loss = 0%, RTA = 1.31 ms
[1679022000] CURRENT HOST STATE: SRV11VIBE_cass.cl;UP;HARD;1;PING OK - Packet loss = 37%, RTA = 0.92 ms
[1679022000] CURRENT HOST STATE: SRV12WEB_cass.cl;UP;HARD;1;PING OK - Packet loss = 0%, RTA = 0.95 ms
[1679022000] CURRENT HOST STATE: SRVAD1.cass.pmc;UP;HARD;1;PING OK - Packet loss = 0%, RTA = 1.18 ms
[1679022000] CURRENT HOST STATE: SRVAD2.cass.pmc;UP;HARD;1;PING OK - Packet loss = 0%, RTA = 1.12 ms
[1679022000] CURRENT HOST STATE: SRVADMIN.cass.pmc;UP;HARD;1;PING OK - Packet loss = 0%, RTA = 1.20 ms
[1679022000] CURRENT HOST STATE: SRVCONT.cass.cl;UP;HARD;1;PING OK - Packet loss = 0%, RTA = 3.19 ms
[1679022000] CURRENT HOST STATE: SRVDC1.cass.pmc;UP;HARD;1;PING OK - Packet loss = 0%, RTA = 1.25 ms
[1679022000] CURRENT HOST STATE: SRVDNS;UP;HARD;1;PING OK - Packet loss = 0%, RTA = 1.12 ms
[1679022000] CURRENT HOST STATE: SRVMFSD;UP;HARD;1;PING OK - Packet loss = 0%, RTA = 1.19 ms
[1679022000] CURRENT HOST STATE: SRV_Cfiler.cass.cl;UP;HARD;1;PING OK - Packet loss = 0%, RTA = 0.65 ms
[1679022000] CURRENT HOST STATE: SRV_Oraculo_cass.cl;UP;HARD;1;PING OK - Packet loss = 16%, RTA = 1.10 ms
[1679022000] CURRENT HOST STATE: SRV_SOS2021.cass.cl;UP;HARD;1;PING OK - Packet loss = 0%, RTA = 0.52 ms
[1679022000] CURRENT HOST STATE: SRV_SUM;UP;HARD;1;PING OK - Packet loss = 0%, RTA = 0.48 ms
[1679022000] CURRENT HOST STATE: SRV_chat.cass.cl;UP;HARD;1;PING OK - Packet loss = 0%, RTA = 0.55 ms
[1679022000] CURRENT HOST STATE: SRV_email.cass.cl;UP;HARD;1;PING OK - Packet loss = 0%, RTA = 0.97 ms
[1679022000] CURRENT HOST STATE: SRV_nagios;UP;HARD;1;PING OK - Packet loss = 0%, RTA = 0.08 ms
[1679022000] CURRENT HOST STATE: SRV_sync.cass.cl;UP;HARD;1;PING OK - Packet loss = 0%, RTA = 1.01 ms
[1679022000] CURRENT HOST STATE: Servidor Vcenter;UP;HARD;1;PING OK - Packet loss = 0%, RTA = 0.54 ms
[1679022000] CURRENT HOST STATE: Servidores CASS;UP;HARD;1;PING OK - Packet loss = 0%, RTA = 1.25 ms
[1679022000] CURRENT HOST STATE: Ups Principal;UP;HARD;1;PING OK - Packet loss = 0%, RTA = 0.81 ms
[1679022000] CURRENT HOST STATE: Veeam2023.cass.pmc;UP;HARD;1;PING OK - Packet loss = 0%, RTA = 1.37 ms
[1679022000] CURRENT HOST STATE: web_cass_cl;UP;HARD;1;PING OK - Packet loss = 0%, RTA = 0.54 ms
[1679022000] CURRENT SERVICE STATE: ADL Diagnostic;Ping;OK;HARD;1;PING OK - Packet loss = 0%, RTA = 35.22 ms
[1679022000] CURRENT SERVICE STATE: Blueshell;Ping;OK;HARD;1;PING OK - Packet loss = 0%, RTA = 3.07 ms
[1679022000] CURRENT SERVICE STATE: Clinica PV Movistar;Ping;OK;HARD;1;PING OK - Packet loss = 0%, RTA = 30.81 ms
[1679022000] CURRENT SERVICE STATE: Confe;Ping;OK;HARD;1;PING OK - Packet loss = 0%, RTA = 38.36 ms
[1679022000] CURRENT SERVICE STATE: Electric Works;Ping;OK;HARD;1;PING OK - Packet loss = 0%, RTA = 33.77 ms
[1679022000] CURRENT SERVICE STATE: Ext Telsur;Ping;OK;HARD;1;PING OK - Packet loss = 0%, RTA = 1.28 ms
[1679022000] CURRENT SERVICE STATE: FW ADL Diagnostic;Ping;OK;HARD;1;PING OK - Packet loss = 44%, RTA = 33.45 ms
[1679022000] CURRENT SERVICE STATE: FW Blueshell;Ping;OK;HARD;1;PING OK - Packet loss = 0%, RTA = 3.02 ms
[1679022000] CURRENT SERVICE STATE: FW Cass Entel;Ping;OK;HARD;1;PING OK - Packet loss = 0%, RTA = 33.88 ms
[1679022000] CURRENT SERVICE STATE: FW Cass Telsur;Ancho de Banda DMZ;OK;HARD;1;OK - Average IN: 18.16KB (0.01%), Average OUT: 5.72KB (0.00%)Total RX: 66.23GBytes, Total TX: 47.69GBytes
[1679022000] CURRENT SERVICE STATE: FW Cass Telsur;Ancho de Banda LAN;OK;HARD;1;OK - Average IN: 915.48B (0.00%), Average OUT: 1.04KB (0.00%)Total RX: 831.68GBytes, Total TX: 832.70GBytes
[1679022000] CURRENT SERVICE STATE: FW Cass Telsur;Ancho de Banda WAN;OK;HARD;1;OK - Average IN: 2.50B (0.00%), Average OUT: 0.70B (0.00%)Total RX: 16857.22GBytes, Total TX: 9400.72GBytes
[1679022000] CURRENT SERVICE STATE: FW Cass Telsur;Estado Puerto DMZ;OK;HARD;1;OK: Interface eth2 (index 4) is up.
[1679022000] CURRENT SERVICE STATE: FW Cass Telsur;Estado Puerto LAN;OK;HARD;1;OK: Interface eth0 (index 2) is up.
[1679022000] CURRENT SERVICE STATE: FW Cass Telsur;Estado Puerto WAN;OK;HARD;1;OK: Interface eth1 (index 3) is up.
[1679022000] CURRENT SERVICE STATE: FW Cass Telsur;Estado TCP Sophos;OK;HARD;1;TCP OK - 0.001 second response time on 201.220.96.34 port 4444
[1679022000] CURRENT SERVICE STATE: FW Cass Telsur;Ping;OK;HARD;1;PING OK - Packet loss = 0%, RTA = 0.59 ms
[1679022000] CURRENT SERVICE STATE: FW Cass Telsur;Tiempo Activo;OK;HARD;1;SNMP OK - Timeticks: (431974718) 49 days, 23:55:47.18
[1679022000] CURRENT SERVICE STATE: FW Clinica PV Movistar;Ping;OK;HARD;1;PING OK - Packet loss = 0%, RTA = 34.71 ms
[1679022000] CURRENT SERVICE STATE: FW Confe;Ping;OK;HARD;1;PING OK - Packet loss = 0%, RTA = 37.91 ms
[1679022000] CURRENT SERVICE STATE: FW Electric Works;Ping;OK;HARD;1;PING OK - Packet loss = 0%, RTA = 34.01 ms
[1679022000] CURRENT SERVICE STATE: FW Gore Los Lagos;Ping;OK;HARD;1;PING OK - Packet loss = 0%, RTA = 1.08 ms
[1679022000] CURRENT SERVICE STATE: FW Pasmar;Ping;OK;HARD;1;PING OK - Packet loss = 0%, RTA = 1.23 ms
[1679022000] CURRENT SERVICE STATE: Gore Los Lagos;Ping;OK;HARD;1;PING OK - Packet loss = 0%, RTA = 1.21 ms
[1679022000] CURRENT SERVICE STATE: Host-10.0.0.120;Ping;OK;HARD;1;PING OK - Packet loss = 0%, RTA = 0.47 ms
[1679022000] CURRENT SERVICE STATE: Host-10.0.0.121;Ping;OK;HARD;1;PING OK - Packet loss = 0%, RTA = 0.48 ms
[1679022000] CURRENT SERVICE STATE: Pasmar;Ping;OK;HARD;1;PING OK - Packet loss = 0%, RTA = 1.32 ms
[1679022000] CURRENT SERVICE STATE: Qnap NAS;Almacenamiento;OK;HARD;1;OK: Total:50TB - Used:34TB - Free:15TB - Used Space: 69%
[1679022000] CURRENT SERVICE STATE: Qnap NAS;Estado;OK;HARD;1;Power Supply #1 - OK: GOOD
[1679022000] CURRENT SERVICE STATE: Qnap NAS;Memoria;OK;HARD;1;OK: Total:3830MB - Used:1062MB - Free:2768MB = 28%
[1679022000] CURRENT SERVICE STATE: Qnap NAS;Sysinfo;OK;HARD;1;NAS Cloud, Model TS-879U-RP, Firmware 4.3.6, Max HD number 8, No. Volume 1
[1679022000] CURRENT SERVICE STATE: Qnap NAS;Temperatura;OK;HARD;1;OK: Temperature=38C
[1679022000] CURRENT SERVICE STATE: Qnap NAS;Tiempo Activo;OK;HARD;1;SNMP OK - Timeticks: (599983462) 69 days, 10:37:14.62
[1679022000] CURRENT SERVICE STATE: SRV01USER_cass.cl;Actualizacion;CRITICAL;HARD;3;Updates: 5 critical, 0 optional
[1679022000] CURRENT SERVICE STATE: SRV01USER_cass.cl;Almacenamiento C;OK;HARD;1;c:\ - total: 119.40 Gb - used: 87.46 Gb (73%) - free 31.94 Gb (27%)
[1679022000] CURRENT SERVICE STATE: SRV01USER_cass.cl;Almacenamiento U;OK;HARD;1;u:\ - total: 1023.98 Gb - used: 180.63 Gb (18%) - free 843.35 Gb (82%)
[1679022000] CURRENT SERVICE STATE: SRV01USER_cass.cl;CPU;OK;HARD;1;CPU Load 2% (5 min average)
[1679022000] CURRENT SERVICE STATE: SRV01USER_cass.cl;Memoria;OK;HARD;1;Memory usage: total:27021.92 MB - used: 19290.86 MB (71%) - free: 7731.06 MB (29%)
[1679022000] CURRENT SERVICE STATE: SRV01USER_cass.cl;Ping;OK;HARD;1;PING OK - Packet loss = 0%, RTA = 1.74 ms
[1679022000] CURRENT SERVICE STATE: SRV01USER_cass.cl;Tiempo Activo;OK;HARD;1;System Uptime - 27 day(s) 3 hour(s) 9 minute(s)
[1679022000] CURRENT SERVICE STATE: SRV04AD01.cass.cl;Ping;OK;HARD;1;PING OK - Packet loss = 0%, RTA = 1.51 ms
[1679022000] CURRENT SERVICE STATE: SRV05AD02_cass.cl;Ping;OK;HARD;1;PING OK - Packet loss = 0%, RTA = 1.36 ms
[1679022000] CURRENT SERVICE STATE: SRV11VIBE_cass.cl;Actualizacion;CRITICAL;HARD;3;Updates CRITICAL : discontinued OS Release SLE 15.1: no updates available
[1679022000] CURRENT SERVICE STATE: SRV11VIBE_cass.cl;Almacenamiento /;OK;HARD;1;DISK OK - free space: /var/tmp 78494 MiB (85.72% inode=-):
[1679022000] CURRENT SERVICE STATE: SRV11VIBE_cass.cl;CPU;OK;HARD;1;OK - load average per CPU: 0.01, 0.01, 0.00
[1679022000] CURRENT SERVICE STATE: SRV11VIBE_cass.cl;Memoria;OK;HARD;1;[MEMORY] Total: 7693 MB - Used: 2541 MB - 33% [SWAP] Total: 7944 MB - Used: 0 MB - 0%
[1679022000] CURRENT SERVICE STATE: SRV11VIBE_cass.cl;Ping;OK;HARD;1;PING OK - Packet loss = 0%, RTA = 1.25 ms
[1679022000] CURRENT SERVICE STATE: SRV11VIBE_cass.cl;Proceso Vibe;OK;HARD;1;PROCS OK: 0 processes with command name 'vibe'
[1679022000] CURRENT SERVICE STATE: SRV11VIBE_cass.cl;Procesos;OK;HARD;1;PROCS OK: 266 processes
[1679022000] CURRENT SERVICE STATE: SRV11VIBE_cass.cl;Procesos Zombies;OK;HARD;1;PROCS OK: 0 processes with STATE = Z
[1679022000] CURRENT SERVICE STATE: SRV11VIBE_cass.cl;Puerto HTTP;OK;HARD;1;TCP OK - 0.001 second response time on 10.0.2.13 port 80
[1679022000] CURRENT SERVICE STATE: SRV11VIBE_cass.cl;Puerto HTTPS;OK;HARD;1;TCP OK - 0.000 second response time on 10.0.2.13 port 443
[1679022000] CURRENT SERVICE STATE: SRV11VIBE_cass.cl;Servicio Vibe;OK;HARD;1;OK: Service vibe is running!
[1679022000] CURRENT SERVICE STATE: SRV11VIBE_cass.cl;Tiempo Activo;OK;HARD;1;Uptime OK: 56 day(s) 12 hour(s) 28 minute(s)
[1679022000] CURRENT SERVICE STATE: SRV11VIBE_cass.cl;Usuarios Login;OK;HARD;1;USERS OK - 0 users currently logged in
[1679022000] CURRENT SERVICE STATE: SRV12WEB_cass.cl;Ping;OK;HARD;1;PING OK - Packet loss = 0%, RTA = 1.20 ms
[1679022000] CURRENT SERVICE STATE: SRVAD1.cass.pmc;Ping;OK;HARD;1;PING OK - Packet loss = 0%, RTA = 1.19 ms
[1679022000] CURRENT SERVICE STATE: SRVAD2.cass.pmc;Ping;OK;HARD;1;PING OK - Packet loss = 0%, RTA = 1.21 ms
[1679022000] CURRENT SERVICE STATE: SRVADMIN.cass.pmc;Actualizacion;CRITICAL;HARD;3;Updates: 3 critical, 0 optional
[1679022000] CURRENT SERVICE STATE: SRVADMIN.cass.pmc;Almacenamiento;OK;HARD;1;c:\ - total: 299.66 Gb - used: 156.11 Gb (52%) - free 143.54 Gb (48%)
[1679022000] CURRENT SERVICE STATE: SRVADMIN.cass.pmc;CPU;OK;HARD;1;CPU Load 13% (5 min average)
[1679022000] CURRENT SERVICE STATE: SRVADMIN.cass.pmc;Memoria;OK;HARD;1;Memory usage: total:17693.55 MB - used: 14696.02 MB (83%) - free: 2997.53 MB (17%)
[1679022000] CURRENT SERVICE STATE: SRVADMIN.cass.pmc;Ping;OK;HARD;1;PING OK - Packet loss = 0%, RTA = 1.11 ms
[1679022000] CURRENT SERVICE STATE: SRVADMIN.cass.pmc;Tiempo Activo;OK;HARD;1;System Uptime - 28 day(s) 5 hour(s) 9 minute(s)
[1679022000] CURRENT SERVICE STATE: SRVCONT.cass.cl;Actualizacion;CRITICAL;HARD;3;Updates: 2 critical, 0 optional
[1679022000] CURRENT SERVICE STATE: SRVCONT.cass.cl;Almacenamiento;OK;HARD;1;c:\ - total: 299.33 Gb - used: 37.98 Gb (13%) - free 261.35 Gb (87%)
[1679022000] CURRENT SERVICE STATE: SRVCONT.cass.cl;CPU;OK;HARD;1;CPU Load 2% (5 min average)
[1679022000] CURRENT SERVICE STATE: SRVCONT.cass.cl;Memoria;OK;HARD;1;Memory usage: total:14143.13 MB - used: 3915.97 MB (28%) - free: 10227.17 MB (72%)
[1679022000] CURRENT SERVICE STATE: SRVCONT.cass.cl;Ping;OK;HARD;1;PING OK - Packet loss = 0%, RTA = 3.18 ms
[1679022000] CURRENT SERVICE STATE: SRVCONT.cass.cl;Tiempo Activo;OK;HARD;1;System Uptime - 27 day(s) 2 hour(s) 49 minute(s)
[1679022000] CURRENT SERVICE STATE: SRVDC1.cass.pmc;Ping;OK;HARD;1;PING OK - Packet loss = 0%, RTA = 1.11 ms
[1679022000] CURRENT SERVICE STATE: SRVDNS;Ping;OK;HARD;1;PING OK - Packet loss = 0%, RTA = 0.82 ms
[1679022000] CURRENT SERVICE STATE: SRVMFSD;Ping;OK;HARD;1;PING OK - Packet loss = 37%, RTA = 1.07 ms
[1679022000] CURRENT SERVICE STATE: SRV_Cfiler.cass.cl;Actualizacion;OK;HARD;1;Updates OK : no updates available
[1679022000] CURRENT SERVICE STATE: SRV_Cfiler.cass.cl;Almacenamiento /;OK;HARD;1;DISK OK - free space: / 2545719 MB (75% inode=-):
[1679022000] CURRENT SERVICE STATE: SRV_Cfiler.cass.cl;CPU;OK;HARD;1;OK - load average: 0.11, 0.09, 0.09
[1679022000] CURRENT SERVICE STATE: SRV_Cfiler.cass.cl;Http;OK;HARD;1;TCP OK - 0.000 second response time on port 80
[1679022000] CURRENT SERVICE STATE: SRV_Cfiler.cass.cl;Https;OK;HARD;1;TCP OK - 0.000 second response time on port 443
[1679022000] CURRENT SERVICE STATE: SRV_Cfiler.cass.cl;Memoria;OK;HARD;1;[MEMORY] Total: 3893 MB - Used: 1052 MB - 26% [SWAP] Total: 2047 MB - Used: 366 MB - 17%
[1679022000] CURRENT SERVICE STATE: SRV_Cfiler.cass.cl;Procesos;OK;HARD;1;PROCS OK: 304 processes
[1679022000] CURRENT SERVICE STATE: SRV_Cfiler.cass.cl;Procesos Zombies;OK;HARD;1;PROCS OK: 0 processes with STATE = Z
[1679022000] CURRENT SERVICE STATE: SRV_Cfiler.cass.cl;Procs Apache;OK;HARD;1;PROCS OK: 11 processes with args 'apache2'
[1679022000] CURRENT SERVICE STATE: SRV_Cfiler.cass.cl;Serv Apache;OK;HARD;1;OK: Service apache is running!
[1679022000] CURRENT SERVICE STATE: SRV_Cfiler.cass.cl;Servicio General;OK;HARD;1;PING OK - Packet loss = 0%, RTA = 0.49 ms
[1679022000] CURRENT SERVICE STATE: SRV_Cfiler.cass.cl;Tiempo Activo;OK;HARD;1;Uptime OK: 49 day(s) 9 hour(s) 56 minute(s)
[1679022000] CURRENT SERVICE STATE: SRV_Cfiler.cass.cl;Usuarios Login;OK;HARD;1;USERS OK - 1 users currently logged in
[1679022000] CURRENT SERVICE STATE: SRV_Oraculo_cass.cl;Ping;OK;HARD;1;PING OK - Packet loss = 0%, RTA = 1.02 ms
[1679022000] CURRENT SERVICE STATE: SRV_SOS2021.cass.cl;Actualizacion;OK;HARD;1;Updates OK : no updates available
[1679022000] CURRENT SERVICE STATE: SRV_SOS2021.cass.cl;Almacenamiento /;OK;HARD;1;DISK OK - free space: /var/tmp 118475 MiB (91.26% inode=-):
[1679022000] CURRENT SERVICE STATE: SRV_SOS2021.cass.cl;CPU;OK;HARD;1;OK - load average per CPU: 0.01, 0.01, 0.01
[1679022000] CURRENT SERVICE STATE: SRV_SOS2021.cass.cl;Memoria;OK;HARD;1;[MEMORY] Total: 7946 MB - Used: 893 MB - 11% [SWAP] Total: 10239 MB - Used: 0 MB - 0%
[1679022000] CURRENT SERVICE STATE: SRV_SOS2021.cass.cl;Ping;OK;HARD;1;PING OK - Packet loss = 0%, RTA = 0.76 ms
[1679022000] CURRENT SERVICE STATE: SRV_SOS2021.cass.cl;Procesos;OK;HARD;1;PROCS OK: 323 processes
[1679022000] CURRENT SERVICE STATE: SRV_SOS2021.cass.cl;Procesos Zombies;OK;HARD;1;PROCS OK: 0 processes with STATE = Z
[1679022000] CURRENT SERVICE STATE: SRV_SOS2021.cass.cl;Tiempo Activo;OK;HARD;1;Uptime OK: 34 day(s) 4 hour(s) 47 minute(s)
[1679022000] CURRENT SERVICE STATE: SRV_SOS2021.cass.cl;Usuarios Login;OK;HARD;1;USERS OK - 0 users currently logged in
[1679022000] CURRENT SERVICE STATE: SRV_SUM;Ping;OK;HARD;1;PING OK - Packet loss = 0%, RTA = 0.62 ms
[1679022000] CURRENT SERVICE STATE: SRV_chat.cass.cl;Actualizacion;OK;HARD;1;Updates OK : no updates available
[1679022000] CURRENT SERVICE STATE: SRV_chat.cass.cl;Almacenamiento /;UNKNOWN;HARD;3;DISK UNKNOWN - free space:
[1679022000] CURRENT SERVICE STATE: SRV_chat.cass.cl;CPU;OK;HARD;1;OK - load average per CPU: 0.04, 0.05, 0.04
[1679022000] CURRENT SERVICE STATE: SRV_chat.cass.cl;Memoria;OK;HARD;1;[MEMORY] Total: 7919 MB - Used: 2627 MB - 33% [SWAP] Total: 2048 MB - Used: 2 MB - 0%
[1679022000] CURRENT SERVICE STATE: SRV_chat.cass.cl;Ping;OK;HARD;1;PING OK - Packet loss = 0%, RTA = 0.65 ms
[1679022000] CURRENT SERVICE STATE: SRV_chat.cass.cl;Proceso Docker;OK;HARD;1;PROCS OK: 0 processes with command name 'docker'
[1679022000] CURRENT SERVICE STATE: SRV_chat.cass.cl;Proceso Nginx;OK;HARD;1;PROCS OK: 3 processes with command name 'nginx'
[1679022000] CURRENT SERVICE STATE: SRV_chat.cass.cl;Procesos;OK;HARD;1;PROCS OK: 297 processes
[1679022000] CURRENT SERVICE STATE: SRV_chat.cass.cl;Procesos Zombies;OK;HARD;1;PROCS OK: 0 processes with STATE = Z
[1679022000] CURRENT SERVICE STATE: SRV_chat.cass.cl;Puerto Chat;OK;HARD;1;TCP OK - 0.001 second response time on port 3000
[1679022000] CURRENT SERVICE STATE: SRV_chat.cass.cl;Puerto Contenedor;OK;HARD;1;TCP OK - 0.001 second response time on port 8000
[1679022000] CURRENT SERVICE STATE: SRV_chat.cass.cl;Puerto HTTP;OK;HARD;1;TCP OK - 0.000 second response time on port 80
[1679022000] CURRENT SERVICE STATE: SRV_chat.cass.cl;Puerto HTTPS;OK;HARD;1;TCP OK - 0.000 second response time on port 443
[1679022000] CURRENT SERVICE STATE: SRV_chat.cass.cl;Puerto Portainer;OK;HARD;1;TCP OK - 0.000 second response time on port 9443
[1679022000] CURRENT SERVICE STATE: SRV_chat.cass.cl;Servicio Docker;OK;HARD;1;OK: Service docker is running!
[1679022000] CURRENT SERVICE STATE: SRV_chat.cass.cl;Servicio Nginx;OK;HARD;1;OK: Service nginx is running!
[1679022000] CURRENT SERVICE STATE: SRV_chat.cass.cl;Usuarios Login;OK;HARD;1;USERS OK - 2 users currently logged in
[1679022000] CURRENT SERVICE STATE: SRV_email.cass.cl;Actualizacion;OK;HARD;1;Updates OK : no updates available
[1679022000] CURRENT SERVICE STATE: SRV_email.cass.cl;Almacenamiento /;OK;HARD;1;DISK OK - free space: /var/tmp 481612 MiB (95.05% inode=-):
[1679022000] CURRENT SERVICE STATE: SRV_email.cass.cl;Almacenamiento Mail;OK;HARD;1;DISK OK - free space: /mail 1826076 MiB (93.25% inode=99%):
[1679022000] CURRENT SERVICE STATE: SRV_email.cass.cl;Almacenamiento Mail2;OK;HARD;1;DISK OK - free space: /mail2 476783 MiB (99.90% inode=100%):
[1679022000] CURRENT SERVICE STATE: SRV_email.cass.cl;CPU;OK;HARD;1;OK - load average per CPU: 0.02, 0.02, 0.01
[1679022000] CURRENT SERVICE STATE: SRV_email.cass.cl;Correo Pop;OK;HARD;1;POP OK - 0.000 second response time on 10.0.2.25 port 110 [+OK GroupWise POP3 server ready]
[1679022000] CURRENT SERVICE STATE: SRV_email.cass.cl;Correo Smtp;OK;HARD;1;SMTP OK - 0.025 sec. response time
[1679022000] CURRENT SERVICE STATE: SRV_email.cass.cl;Memoria;OK;HARD;1;[MEMORY] Total: 11939 MB - Used: 1714 MB - 14% [SWAP] Total: 2048 MB - Used: 125 MB - 6%
[1679022000] CURRENT SERVICE STATE: SRV_email.cass.cl;Ping;OK;HARD;1;PING OK - Packet loss = 16%, RTA = 0.89 ms
[1679022000] CURRENT SERVICE STATE: SRV_email.cass.cl;Procesos;OK;HARD;1;PROCS OK: 298 processes
[1679022000] CURRENT SERVICE STATE: SRV_email.cass.cl;Procesos Zombies;OK;HARD;1;PROCS OK: 0 processes with STATE = Z
[1679022000] CURRENT SERVICE STATE: SRV_email.cass.cl;Tiempo Activo;OK;HARD;1;Uptime OK: 71 day(s) 15 hour(s) 1 minute(s)
[1679022000] CURRENT SERVICE STATE: SRV_email.cass.cl;Usuarios Login;OK;HARD;1;USERS OK - 0 users currently logged in
[1679022000] CURRENT SERVICE STATE: SRV_nagios;Actualizacion;OK;HARD;1;YUM OK: 0 Updates Available
[1679022000] CURRENT SERVICE STATE: SRV_nagios;Almacenamiento;OK;HARD;1;DISK OK - free space: / 46883 MiB (91.61% inode=100%):
[1679022000] CURRENT SERVICE STATE: SRV_nagios;CPU;OK;HARD;1;OK - load average: 0.08, 0.09, 0.05
[1679022000] CURRENT SERVICE STATE: SRV_nagios;Memoria;OK;HARD;1;[MEMORY] Total: 7740 MB - Used: 598 MB - 7% [SWAP] Total: 7935 MB - Used: 0 MB - 0%
[1679022000] CURRENT SERVICE STATE: SRV_nagios;PING;OK;HARD;1;PING OK - Packet loss = 0%, RTA = 0.09 ms
[1679022000] CURRENT SERVICE STATE: SRV_nagios;Procesos;OK;HARD;1;PROCS OK: 70 processes with STATE = RSZDT
[1679022000] CURRENT SERVICE STATE: SRV_nagios;Usarios Login;OK;HARD;1;USERS OK - 0 users currently logged in
[1679022000] CURRENT SERVICE STATE: SRV_sync.cass.cl;Ping;OK;HARD;1;PING OK - Packet loss = 0%, RTA = 0.87 ms
[1679022000] CURRENT SERVICE STATE: Servidor Vcenter;Ping;OK;HARD;1;PING OK - Packet loss = 0%, RTA = 0.44 ms
[1679022000] CURRENT SERVICE STATE: Servidores CASS;Ancho de Banda GE/1/0/3;OK;HARD;1;OK - Average IN: 37.15KB (0.03%), Average OUT: 16.96KB (0.01%)Total RX: 17411.14GBytes, Total TX: 28706.56GBytes
[1679022000] CURRENT SERVICE STATE: Servidores CASS;Estado Puerto 3;OK;HARD;1;OK: Interface GigabitEthernet1/0/3 (index 3) is up.
[1679022000] CURRENT SERVICE STATE: Servidores CASS;Estado Puerto 80;OK;HARD;1;TCP OK - 0.002 second response time on 10.0.0.17 port 80
[1679022000] CURRENT SERVICE STATE: Servidores CASS;Ping;OK;HARD;1;PING OK - Packet loss = 0%, RTA = 1.39 ms
[1679022000] CURRENT SERVICE STATE: Servidores CASS;Tiempo Activo;OK;HARD;1;SNMP OK - Timeticks: (625122329) 72 days, 8:27:03.29
[1679022000] CURRENT SERVICE STATE: Ups Principal;Carga;OK;HARD;1;OK: Estimated battery charge 100%, approximately 0 minutes runtime remaining.
[1679022000] CURRENT SERVICE STATE: Ups Principal;Estado;OK;HARD;1;OK: Battery Status Normal.
[1679022000] CURRENT SERVICE STATE: Ups Principal;Ping;OK;HARD;1;PING OK - Packet loss = 0%, RTA = 1.02 ms
[1679022000] CURRENT SERVICE STATE: Ups Principal;Temperatura;OK;HARD;1;OK: Battery Temperature is 25 degrees C (77.0 degrees F).
[1679022000] CURRENT SERVICE STATE: Ups Principal;Tiempo Activo;OK;HARD;1;SNMP OK - Timeticks: (175659421) 20 days, 7:56:34.21
[1679022000] CURRENT SERVICE STATE: Veeam2023.cass.pmc;Actualizacion;CRITICAL;HARD;3;Updates: 2 critical, 0 optional
[1679022000] CURRENT SERVICE STATE: Veeam2023.cass.pmc;Almacenamiento;OK;HARD;1;c:\ - total: 99.33 Gb - used: 69.18 Gb (70%) - free 30.15 Gb (30%)
[1679022000] CURRENT SERVICE STATE: Veeam2023.cass.pmc;CPU;OK;HARD;1;CPU Load 6% (5 min average)
[1679022000] CURRENT SERVICE STATE: Veeam2023.cass.pmc;Memoria;OK;HARD;1;Memory usage: total:18815.17 MB - used: 9166.18 MB (49%) - free: 9648.99 MB (51%)
[1679022000] CURRENT SERVICE STATE: Veeam2023.cass.pmc;Ping;OK;HARD;1;PING OK - Packet loss = 0%, RTA = 1.46 ms
[1679022000] CURRENT SERVICE STATE: Veeam2023.cass.pmc;Tiempo Activo;OK;HARD;1;System Uptime - 27 day(s) 0 hour(s) 6 minute(s)
[1679022000] CURRENT SERVICE STATE: web_cass_cl;Certificado;OK;HARD;1;SSL OK - Certificate '*.cass.cl' will expire in 284 days on 2023-12-26 20:59 -0300/-03.
[1679022000] CURRENT SERVICE STATE: web_cass_cl;HTTP;OK;HARD;1;HTTP OK: HTTP/1.1 302 Found - 1071 bytes in 0.165 second response time
[1679024843] Auto-save of retention data completed successfully.
[1679028443] Auto-save of retention data completed successfully.
[1679032043] Auto-save of retention data completed successfully.
[1679035643] Auto-save of retention data completed successfully.
[1679039243] Auto-save of retention data completed successfully.
[1679042843] Auto-save of retention data completed successfully.
[1679046443] Auto-save of retention data completed successfully.
[1679050043] Auto-save of retention data completed successfully.
[1679053643] Auto-save of retention data completed successfully.
[1679054339] SERVICE ALERT: FW Cass Telsur;Ancho de Banda DMZ;CRITICAL;SOFT;1;(No output on stdout) stderr:
[1679054459] SERVICE ALERT: FW Cass Telsur;Ancho de Banda DMZ;OK;SOFT;2;OK - Average IN: 91.29KB (0.07%), Average OUT: 8.05KB (0.01%)Total RX: 66.54GBytes, Total TX: 47.94GBytes
[1679056149] SERVICE ALERT: FW Cass Telsur;Ancho de Banda DMZ;CRITICAL;SOFT;1;(No output on stdout) stderr:
[1679056194] SERVICE ALERT: FW Cass Telsur;Ancho de Banda LAN;CRITICAL;SOFT;1;(No output on stdout) stderr:
[1679056269] SERVICE ALERT: FW Cass Telsur;Ancho de Banda DMZ;OK;SOFT;2;OK - Average IN: 15.24KB (0.01%), Average OUT: 21.66KB (0.02%)Total RX: 66.58GBytes, Total TX: 47.96GBytes
[1679056314] SERVICE ALERT: FW Cass Telsur;Ancho de Banda LAN;OK;SOFT;2;OK - Average IN: 695.56KB (0.56%), Average OUT: 423.72KB (0.34%)Total RX: 844.91GBytes, Total TX: 834.97GBytes
[1679057243] Auto-save of retention data completed successfully.
[1679058532] SERVICE ALERT: FW Cass Telsur;Estado Puerto LAN;WARNING;SOFT;1;WARNING: SNMP error: No response from remote host "201.220.96.34"
[1679058653] SERVICE ALERT: FW Cass Telsur;Estado Puerto LAN;OK;SOFT;2;OK: Interface eth0 (index 2) is up.
[1679058789] SERVICE ALERT: FW Cass Telsur;Estado Puerto WAN;WARNING;SOFT;1;WARNING: SNMP error: No response from remote host "201.220.96.34"
[1679058909] SERVICE ALERT: FW Cass Telsur;Estado Puerto WAN;OK;SOFT;2;OK: Interface eth1 (index 3) is up.
[1679059159] SERVICE ALERT: FW Cass Telsur;Ancho de Banda DMZ;CRITICAL;SOFT;1;(No output on stdout) stderr:
[1679059290] SERVICE ALERT: FW Cass Telsur;Ancho de Banda DMZ;OK;SOFT;2;OK - Average IN: 50.16KB (0.04%), Average OUT: 37.34KB (0.03%)Total RX: 66.72GBytes, Total TX: 48.00GBytes
[1679059939] SERVICE ALERT: FW Cass Telsur;Estado Puerto WAN;WARNING;SOFT;1;WARNING: SNMP error: No response from remote host "201.220.96.34"
[1679060020] SERVICE ALERT: FW Cass Telsur;Ancho de Banda DMZ;CRITICAL;SOFT;1;(No output on stdout) stderr:
[1679060059] SERVICE ALERT: FW Cass Telsur;Estado Puerto WAN;OK;SOFT;2;OK: Interface eth1 (index 3) is up.
[1679060140] SERVICE ALERT: FW Cass Telsur;Ancho de Banda DMZ;OK;SOFT;2;OK - Average IN: 13.28KB (0.01%), Average OUT: 22.86KB (0.02%)Total RX: 66.77GBytes, Total TX: 48.01GBytes
[1679060205] SERVICE ALERT: SRV_nagios;Actualizacion;CRITICAL;SOFT;1;YUM CRITICAL: Yum nagios plugin has self terminated after exceeding the timeout (30 seconds)
[1679060224] SERVICE ALERT: FW Cass Telsur;Estado Puerto LAN;WARNING;SOFT;1;WARNING: SNMP error: No response from remote host "201.220.96.34"
[1679060224] SERVICE ALERT: FW Cass Telsur;Ancho de Banda LAN;CRITICAL;SOFT;1;(No output on stdout) stderr:
[1679060240] SERVICE ALERT: FW Cass Telsur;Ancho de Banda WAN;CRITICAL;SOFT;1;(No output on stdout) stderr:
[1679060249] SERVICE ALERT: FW Cass Telsur;Estado Puerto WAN;WARNING;SOFT;1;WARNING: SNMP error: No response from remote host "201.220.96.34"
[1679060267] SERVICE ALERT: SRV_nagios;Actualizacion;OK;SOFT;2;YUM OK: 0 Updates Available
[1679060344] SERVICE ALERT: FW Cass Telsur;Estado Puerto LAN;OK;SOFT;2;OK: Interface eth0 (index 2) is up.
[1679060344] SERVICE ALERT: FW Cass Telsur;Ancho de Banda LAN;OK;SOFT;2;OK - Average IN: 185.79KB (0.15%), Average OUT: 623.51KB (0.50%)Total RX: 845.26GBytes, Total TX: 837.22GBytes
[1679060365] SERVICE ALERT: FW Cass Telsur;Ancho de Banda WAN;OK;SOFT;2;OK - Average IN: 5.27B (0.00%), Average OUT: 4.58B (0.00%)Total RX: 16954.00GBytes, Total TX: 9543.43GBytes
[1679060369] SERVICE ALERT: FW Cass Telsur;Estado Puerto WAN;OK;SOFT;2;OK: Interface eth1 (index 3) is up.
[1679060843] Auto-save of retention data completed successfully.
[1679062655] SERVICE ALERT: FW Cass Telsur;Ancho de Banda WAN;UNKNOWN;SOFT;1;UNKNOWN: Improper interface status, status received: DNE - No response from remote host "201.220.96.34"
[1679062775] SERVICE ALERT: FW Cass Telsur;Ancho de Banda WAN;OK;SOFT;2;OK - Average IN: 7.43B (0.00%), Average OUT: 3.92B (0.00%)Total RX: 16954.00GBytes, Total TX: 9543.43GBytes
[1679062850] SERVICE ALERT: FW Cass Telsur;Ancho de Banda DMZ;CRITICAL;SOFT;1;(No output on stdout) stderr:
[1679062873] SERVICE ALERT: FW Cass Telsur;Estado Puerto DMZ;WARNING;SOFT;1;WARNING: SNMP error: No response from remote host "201.220.96.34"
[1679062980] SERVICE ALERT: FW Cass Telsur;Ancho de Banda DMZ;CRITICAL;SOFT;2;(No output on stdout) stderr:
[1679062993] SERVICE ALERT: FW Cass Telsur;Estado Puerto DMZ;OK;SOFT;2;OK: Interface eth2 (index 4) is up.
[1679063025] SERVICE ALERT: FW Cass Telsur;Ancho de Banda WAN;CRITICAL;SOFT;1;(No output on stdout) stderr:
[1679063100] SERVICE ALERT: FW Cass Telsur;Ancho de Banda DMZ;OK;SOFT;3;OK - Average IN: 12.07KB (0.01%), Average OUT: 10.08KB (0.01%)Total RX: 66.94GBytes, Total TX: 48.05GBytes
[1679063146] SERVICE ALERT: FW Cass Telsur;Ancho de Banda WAN;OK;SOFT;2;OK - Average IN: 12.67B (0.00%), Average OUT: 4.75B (0.00%)Total RX: 16954.00GBytes, Total TX: 9543.43GBytes
[1679063506] SERVICE ALERT: FW Electric Works;Ping;WARNING;SOFT;1;PING WARNING - Packet loss = 96%, RTA = 32.56 ms
[1679063514] wproc: Core Worker 25014: job 279140 (pid=3675) timed out. Killing it
[1679063514] wproc: CHECK job 279140 from worker Core Worker 25014 timed out after 30.01s
[1679063514] wproc:   host=FW Electric Works; service=(null);
[1679063514] wproc:   early_timeout=1; exited_ok=0; wait_status=0; error_code=62;
[1679063514] Warning: Check of host 'FW Electric Works' timed out after 30.01 seconds
[1679063514] HOST ALERT: FW Electric Works;DOWN;SOFT;1;(Host check timed out after 30.01 seconds)
[1679063514] wproc: Core Worker 25014: job 279140 (pid=3675): Dormant child reaped
[1679063525] SERVICE ALERT: Electric Works;Ping;CRITICAL;SOFT;1;PING CRITICAL - Packet loss = 100%
[1679063534] SERVICE ALERT: FW Cass Telsur;Ancho de Banda LAN;CRITICAL;SOFT;1;(No output on stdout) stderr:
[1679063555] wproc: Core Worker 25012: job 279183 (pid=4086) timed out. Killing it
[1679063555] wproc: CHECK job 279183 from worker Core Worker 25012 timed out after 30.01s
[1679063555] wproc:   host=Electric Works; service=(null);
[1679063555] wproc:   early_timeout=1; exited_ok=0; wait_status=0; error_code=62;
[1679063555] Warning: Check of host 'Electric Works' timed out after 30.01 seconds
[1679063555] HOST ALERT: Electric Works;DOWN;SOFT;1;(Host check timed out after 30.01 seconds)
[1679063555] wproc: Core Worker 25012: job 279183 (pid=4086): Dormant child reaped
[1679063585] wproc: Core Worker 25014: job 279197 (pid=4223) timed out. Killing it
[1679063585] wproc: CHECK job 279197 from worker Core Worker 25014 timed out after 30.01s
[1679063585] wproc:   host=FW Electric Works; service=(null);
[1679063585] wproc:   early_timeout=1; exited_ok=0; wait_status=0; error_code=62;
[1679063585] Warning: Check of host 'FW Electric Works' timed out after 30.01 seconds
[1679063585] HOST ALERT: FW Electric Works;UNREACHABLE;SOFT;2;(Host check timed out after 30.01 seconds)
[1679063585] wproc: Core Worker 25014: job 279197 (pid=4223): Dormant child reaped
[1679063645] wproc: Core Worker 25013: job 279246 (pid=4687) timed out. Killing it
[1679063645] wproc: CHECK job 279246 from worker Core Worker 25013 timed out after 30.01s
[1679063645] wproc:   host=Electric Works; service=(null);
[1679063645] wproc:   early_timeout=1; exited_ok=0; wait_status=0; error_code=62;
[1679063645] Warning: Check of host 'Electric Works' timed out after 30.01 seconds
[1679063645] HOST ALERT: Electric Works;DOWN;SOFT;2;(Host check timed out after 30.01 seconds)
[1679063645] wproc: Core Worker 25013: job 279246 (pid=4687): Dormant child reaped
[1679063654] SERVICE ALERT: FW Cass Telsur;Ancho de Banda LAN;OK;SOFT;2;OK - Average IN: 47.44KB (0.04%), Average OUT: 392.78KB (0.31%)Total RX: 845.63GBytes, Total TX: 838.76GBytes
[1679063656] SERVICE ALERT: FW Electric Works;Ping;CRITICAL;HARD;3;PING CRITICAL - Packet loss = 100%
[1679063675] SERVICE ALERT: Electric Works;Ping;CRITICAL;HARD;3;PING CRITICAL - Packet loss = 100%
[1679063675] wproc: Core Worker 25014: job 279281 (pid=5062) timed out. Killing it
[1679063675] wproc: CHECK job 279281 from worker Core Worker 25014 timed out after 30.01s
[1679063675] wproc:   host=FW Electric Works; service=(null);
[1679063675] wproc:   early_timeout=1; exited_ok=0; wait_status=0; error_code=62;
[1679063675] Warning: Check of host 'FW Electric Works' timed out after 30.01 seconds
[1679063675] HOST ALERT: FW Electric Works;UNREACHABLE;SOFT;3;(Host check timed out after 30.01 seconds)
[1679063675] wproc: Core Worker 25014: job 279281 (pid=5062): Dormant child reaped
[1679063735] wproc: Core Worker 25012: job 279331 (pid=5542) timed out. Killing it
[1679063735] wproc: CHECK job 279331 from worker Core Worker 25012 timed out after 30.01s
[1679063735] wproc:   host=Electric Works; service=(null);
[1679063735] wproc:   early_timeout=1; exited_ok=0; wait_status=0; error_code=62;
[1679063735] Warning: Check of host 'Electric Works' timed out after 30.01 seconds
[1679063735] HOST ALERT: Electric Works;DOWN;SOFT;3;(Host check timed out after 30.01 seconds)
[1679063735] wproc: Core Worker 25012: job 279331 (pid=5542): Dormant child reaped
[1679063765] wproc: Core Worker 25014: job 279345 (pid=5681) timed out. Killing it
[1679063765] wproc: CHECK job 279345 from worker Core Worker 25014 timed out after 30.01s
[1679063765] wproc:   host=FW Electric Works; service=(null);
[1679063765] wproc:   early_timeout=1; exited_ok=0; wait_status=0; error_code=62;
[1679063765] Warning: Check of host 'FW Electric Works' timed out after 30.01 seconds
[1679063765] HOST ALERT: FW Electric Works;UNREACHABLE;SOFT;4;(Host check timed out after 30.01 seconds)
[1679063765] wproc: Core Worker 25014: job 279345 (pid=5681): Dormant child reaped
[1679063774] SERVICE ALERT: FW Cass Telsur;Estado Puerto LAN;WARNING;SOFT;1;WARNING: SNMP error: No response from remote host "201.220.96.34"
[1679063825] wproc: Core Worker 25014: job 279394 (pid=6147) timed out. Killing it
[1679063825] wproc: CHECK job 279394 from worker Core Worker 25014 timed out after 30.01s
[1679063825] wproc:   host=Electric Works; service=(null);
[1679063825] wproc:   early_timeout=1; exited_ok=0; wait_status=0; error_code=62;
[1679063825] Warning: Check of host 'Electric Works' timed out after 30.01 seconds
[1679063825] HOST ALERT: Electric Works;DOWN;SOFT;4;(Host check timed out after 30.01 seconds)
[1679063825] wproc: Core Worker 25014: job 279394 (pid=6147): Dormant child reaped
[1679063855] wproc: Core Worker 25015: job 279428 (pid=6478) timed out. Killing it
[1679063855] wproc: CHECK job 279428 from worker Core Worker 25015 timed out after 30.01s
[1679063855] wproc:   host=FW Electric Works; service=(null);
[1679063855] wproc:   early_timeout=1; exited_ok=0; wait_status=0; error_code=62;
[1679063855] Warning: Check of host 'FW Electric Works' timed out after 30.01 seconds
[1679063855] HOST ALERT: FW Electric Works;UNREACHABLE;SOFT;5;(Host check timed out after 30.01 seconds)
[1679063855] SERVICE ALERT: Electric Works;Ping;WARNING;HARD;3;PING WARNING - Packet loss = 86%, RTA = 143.68 ms
[1679063855] wproc: Core Worker 25015: job 279428 (pid=6478): Dormant child reaped
[1679063860] SERVICE ALERT: FW Cass Telsur;Tiempo Activo;CRITICAL;SOFT;1;CRITICAL - Plugin timed out while executing system call
[1679063884] SERVICE ALERT: FW Electric Works;Ping;OK;HARD;1;PING OK - Packet loss = 73%, RTA = 78.29 ms
[1679063889] HOST ALERT: FW Electric Works;UP;SOFT;1;PING OK - Packet loss = 16%, RTA = 32.76 ms
[1679063889] HOST ALERT: Electric Works;UP;SOFT;1;PING OK - Packet loss = 0%, RTA = 33.03 ms
[1679063890] SERVICE ALERT: Electric Works;Ping;OK;HARD;1;PING OK - Packet loss = 16%, RTA = 33.10 ms
[1679063894] SERVICE ALERT: FW Cass Telsur;Estado Puerto LAN;OK;SOFT;2;OK: Interface eth0 (index 2) is up.
[1679063980] SERVICE ALERT: FW Cass Telsur;Tiempo Activo;OK;SOFT;2;SNMP OK - Timeticks: (436175845) 50 days, 11:35:58.45
[1679064443] Auto-save of retention data completed successfully.
[1679066184] SERVICE ALERT: FW Cass Telsur;Ancho de Banda LAN;CRITICAL;SOFT;1;(No output on stdout) stderr:
[1679066184] SERVICE ALERT: FW Cass Telsur;Estado Puerto LAN;WARNING;SOFT;1;WARNING: SNMP error: No response from remote host "201.220.96.34"
[1679066304] SERVICE ALERT: FW Cass Telsur;Ancho de Banda LAN;OK;SOFT;2;OK - Average IN: 105.77KB (0.08%), Average OUT: 2.89MB (2.31%)Total RX: 850.57GBytes, Total TX: 840.45GBytes
[1679066305] SERVICE ALERT: FW Cass Telsur;Estado Puerto LAN;OK;SOFT;2;OK: Interface eth0 (index 2) is up.
[1679066483] SERVICE ALERT: FW Cass Telsur;Estado Puerto DMZ;WARNING;SOFT;1;WARNING: SNMP error: No response from remote host "201.220.96.34"
[1679066554] SERVICE ALERT: FW Cass Telsur;Ancho de Banda LAN;CRITICAL;SOFT;1;(No output on stdout) stderr:
[1679066555] SERVICE ALERT: FW Cass Telsur;Estado Puerto LAN;WARNING;SOFT;1;WARNING: SNMP error: No response from remote host "201.220.96.34"
[1679066603] SERVICE ALERT: FW Cass Telsur;Estado Puerto DMZ;OK;SOFT;2;OK: Interface eth2 (index 4) is up.
[1679066679] SERVICE ALERT: FW Cass Telsur;Estado Puerto WAN;WARNING;SOFT;1;WARNING: SNMP error: No response from remote host "201.220.96.34"
[1679066680] SERVICE ALERT: FW Cass Telsur;Estado Puerto LAN;OK;SOFT;2;OK: Interface eth0 (index 2) is up.
[1679066685] SERVICE ALERT: FW Cass Telsur;Ancho de Banda LAN;OK;SOFT;2;OK - Average IN: 65.42KB (0.05%), Average OUT: 633.88KB (0.51%)Total RX: 850.59GBytes, Total TX: 840.65GBytes
[1679066799] SERVICE ALERT: FW Cass Telsur;Estado Puerto WAN;OK;SOFT;2;OK: Interface eth1 (index 3) is up.
[1679066810] SERVICE ALERT: FW Cass Telsur;Estado Puerto LAN;WARNING;SOFT;1;WARNING: SNMP error: No response from remote host "201.220.96.34"
[1679066913] SERVICE ALERT: FW Cass Telsur;Estado Puerto DMZ;WARNING;SOFT;1;WARNING: SNMP error: No response from remote host "201.220.96.34"
[1679066930] SERVICE ALERT: FW Cass Telsur;Estado Puerto LAN;OK;SOFT;2;OK: Interface eth0 (index 2) is up.
[1679067033] SERVICE ALERT: FW Cass Telsur;Estado Puerto DMZ;OK;SOFT;2;OK: Interface eth2 (index 4) is up.
[1679068043] Auto-save of retention data completed successfully.
[1679068870] SERVICE ALERT: FW Cass Telsur;Ancho de Banda DMZ;CRITICAL;SOFT;1;(No output on stdout) stderr:
[1679068916] SERVICE ALERT: FW Cass Telsur;Ancho de Banda WAN;CRITICAL;SOFT;1;(No output on stdout) stderr:
[1679068996] SERVICE ALERT: FW Cass Telsur;Ancho de Banda DMZ;OK;SOFT;2;OK - Average IN: 29.32KB (0.02%), Average OUT: 19.55KB (0.02%)Total RX: 67.05GBytes, Total TX: 48.12GBytes
[1679069036] SERVICE ALERT: FW Cass Telsur;Ancho de Banda WAN;OK;SOFT;2;OK - Average IN: 10.33B (0.00%), Average OUT: 3.09B (0.00%)Total RX: 16954.00GBytes, Total TX: 9543.43GBytes
[1679069246] SERVICE ALERT: FW Cass Telsur;Ancho de Banda DMZ;CRITICAL;SOFT;1;(No output on stdout) stderr:
[1679069366] SERVICE ALERT: FW Cass Telsur;Ancho de Banda DMZ;OK;SOFT;2;OK - Average IN: 5.05KB (0.00%), Average OUT: 9.45KB (0.01%)Total RX: 67.05GBytes, Total TX: 48.12GBytes
[1679070456] SERVICE ALERT: FW Cass Telsur;Ancho de Banda DMZ;CRITICAL;SOFT;1;(No output on stdout) stderr:
[1679070463] SERVICE ALERT: FW Cass Telsur;Estado Puerto DMZ;WARNING;SOFT;1;WARNING: SNMP error: No response from remote host "201.220.96.34"
[1679070482] SERVICE ALERT: Gore Los Lagos;Ping;WARNING;SOFT;1;PING WARNING - Packet loss = 81%, RTA = 4.09 ms
[1679070482] SERVICE ALERT: FW Gore Los Lagos;Ping;WARNING;SOFT;1;PING WARNING - Packet loss = 80%, RTA = 4.44 ms
[1679070576] SERVICE ALERT: FW Cass Telsur;Ancho de Banda DMZ;OK;SOFT;2;OK - Average IN: 3.74KB (0.00%), Average OUT: 5.88KB (0.00%)Total RX: 67.09GBytes, Total TX: 48.14GBytes
[1679070584] SERVICE ALERT: FW Cass Telsur;Estado Puerto DMZ;OK;SOFT;2;OK: Interface eth2 (index 4) is up.
[1679070606] SERVICE ALERT: Gore Los Lagos;Ping;OK;SOFT;2;PING OK - Packet loss = 0%, RTA = 0.84 ms
[1679070606] SERVICE ALERT: FW Gore Los Lagos;Ping;OK;SOFT;2;PING OK - Packet loss = 0%, RTA = 0.87 ms
[1679071643] Auto-save of retention data completed successfully.
[1679075243] Auto-save of retention data completed successfully.
[1679077666] SERVICE ALERT: FW Cass Telsur;Ancho de Banda DMZ;CRITICAL;SOFT;1;(No output on stdout) stderr:
[1679077787] SERVICE ALERT: FW Cass Telsur;Ancho de Banda DMZ;OK;SOFT;2;OK - Average IN: 41.67KB (0.03%), Average OUT: 7.26KB (0.01%)Total RX: 67.19GBytes, Total TX: 48.25GBytes
[1679078843] Auto-save of retention data completed successfully.
[1679082443] Auto-save of retention data completed successfully.
[1679083434] SERVICE ALERT: FW Cass Telsur;Estado Puerto DMZ;WARNING;SOFT;1;WARNING: SNMP error: No response from remote host "201.220.96.34"
[1679083488] SERVICE ALERT: FW Cass Telsur;Estado Puerto WAN;WARNING;SOFT;1;WARNING: SNMP error: No response from remote host "201.220.96.34"
[1679083495] SERVICE ALERT: FW Cass Telsur;Ancho de Banda LAN;CRITICAL;SOFT;1;(No output on stdout) stderr:
[1679083497] SERVICE ALERT: FW Cass Telsur;Ancho de Banda DMZ;UNKNOWN;SOFT;1;UNKNOWN: Improper interface status, status received: DNE - No response from remote host "201.220.96.34"
[1679083554] SERVICE ALERT: FW Cass Telsur;Estado Puerto DMZ;OK;SOFT;2;OK: Interface eth2 (index 4) is up.
[1679083608] SERVICE ALERT: FW Cass Telsur;Estado Puerto WAN;OK;SOFT;2;OK: Interface eth1 (index 3) is up.
[1679083615] SERVICE ALERT: FW Cass Telsur;Ancho de Banda LAN;OK;SOFT;2;OK - Average IN: 62.67KB (0.05%), Average OUT: 1.27MB (1.02%)Total RX: 851.47GBytes, Total TX: 852.29GBytes
[1679083617] SERVICE ALERT: FW Cass Telsur;Ancho de Banda DMZ;OK;SOFT;2;OK - Average IN: 4.08KB (0.00%), Average OUT: 5.48KB (0.00%)Total RX: 67.30GBytes, Total TX: 48.35GBytes
[1679084285] SERVICE ALERT: FW Cass Telsur;Ancho de Banda LAN;CRITICAL;SOFT;1;(No output on stdout) stderr:
[1679084341] SERVICE ALERT: FW Cass Telsur;Estado Puerto LAN;WARNING;SOFT;1;WARNING: SNMP error: No response from remote host "201.220.96.34"
[1679084357] SERVICE ALERT: SRV_nagios;Actualizacion;CRITICAL;SOFT;1;YUM CRITICAL: Yum nagios plugin has self terminated after exceeding the timeout (30 seconds)
[1679084405] SERVICE ALERT: FW Cass Telsur;Ancho de Banda LAN;OK;SOFT;2;OK - Average IN: 64.04KB (0.05%), Average OUT: 908.25KB (0.73%)Total RX: 851.51GBytes, Total TX: 852.94GBytes
[1679084419] SERVICE ALERT: SRV_nagios;Actualizacion;OK;SOFT;2;YUM OK: 0 Updates Available
[1679084461] SERVICE ALERT: FW Cass Telsur;Estado Puerto LAN;OK;SOFT;2;OK: Interface eth0 (index 2) is up.
[1679084578] SERVICE ALERT: FW Cass Telsur;Estado Puerto WAN;WARNING;SOFT;1;WARNING: SNMP error: No response from remote host "201.220.96.34"
[1679084584] SERVICE ALERT: FW Cass Telsur;Estado Puerto DMZ;WARNING;SOFT;1;WARNING: SNMP error: No response from remote host "201.220.96.34"
[1679084656] SERVICE ALERT: SRVADMIN.cass.pmc;Actualizacion;UNKNOWN;HARD;3;CHECK_NRPE: Receive header underflow - only 0 bytes received (4 expected).
[1679084698] SERVICE ALERT: FW Cass Telsur;Estado Puerto WAN;OK;SOFT;2;OK: Interface eth1 (index 3) is up.
[1679084705] SERVICE ALERT: FW Cass Telsur;Estado Puerto DMZ;OK;SOFT;2;OK: Interface eth2 (index 4) is up.
[1679084718] SERVICE ALERT: SRVADMIN.cass.pmc;Actualizacion;CRITICAL;HARD;3;Updates: 3 critical, 0 optional
[1679084891] SERVICE ALERT: FW Cass Telsur;Estado Puerto LAN;WARNING;SOFT;1;WARNING: SNMP error: No response from remote host "201.220.96.34"
[1679084895] SERVICE ALERT: FW Cass Telsur;Ancho de Banda LAN;CRITICAL;SOFT;1;(No output on stdout) stderr:
[1679085012] SERVICE ALERT: FW Cass Telsur;Estado Puerto LAN;OK;SOFT;2;OK: Interface eth0 (index 2) is up.
[1679085015] SERVICE ALERT: FW Cass Telsur;Ancho de Banda LAN;OK;SOFT;2;OK - Average IN: 71.70KB (0.06%), Average OUT: 1.92MB (1.53%)Total RX: 851.56GBytes, Total TX: 854.34GBytes
[1679085128] SERVICE ALERT: FW Cass Telsur;Ancho de Banda DMZ;CRITICAL;SOFT;1;(No output on stdout) stderr:
[1679085128] SERVICE ALERT: FW Cass Telsur;Estado Puerto WAN;WARNING;SOFT;1;WARNING: SNMP error: No response from remote host "201.220.96.34"
[1679085157] SERVICE ALERT: SRV_email.cass.cl;Correo Smtp;CRITICAL;SOFT;1;CRITICAL - Socket timeout
[1679085248] SERVICE ALERT: FW Cass Telsur;Ancho de Banda DMZ;OK;SOFT;2;OK - Average IN: 4.27KB (0.00%), Average OUT: 5.84KB (0.00%)Total RX: 67.31GBytes, Total TX: 48.36GBytes
[1679085249] SERVICE ALERT: FW Cass Telsur;Estado Puerto WAN;OK;SOFT;2;OK: Interface eth1 (index 3) is up.
[1679085277] SERVICE ALERT: SRV_email.cass.cl;Correo Smtp;OK;SOFT;2;SMTP OK - 0.004 sec. response time
[1679085409] SERVICE ALERT: SRV_nagios;Actualizacion;CRITICAL;SOFT;1;YUM CRITICAL: Yum nagios plugin has self terminated after exceeding the timeout (30 seconds)
[1679085435] SERVICE ALERT: FW Cass Telsur;Estado Puerto DMZ;WARNING;SOFT;1;WARNING: SNMP error: No response from remote host "201.220.96.34"
[1679085438] SERVICE ALERT: FW Cass Telsur;Ancho de Banda DMZ;CRITICAL;SOFT;1;(No output on stdout) stderr:
[1679085488] SERVICE ALERT: SRV_nagios;Actualizacion;OK;SOFT;2;YUM OK: 0 Updates Available
[1679085547] SERVICE ALERT: FW Cass Telsur;Ancho de Banda WAN;CRITICAL;SOFT;1;(No output on stdout) stderr:
[1679085555] SERVICE ALERT: FW Cass Telsur;Estado Puerto DMZ;OK;SOFT;2;OK: Interface eth2 (index 4) is up.
[1679085558] SERVICE ALERT: FW Cass Telsur;Ancho de Banda DMZ;OK;SOFT;2;OK - Average IN: 4.26KB (0.00%), Average OUT: 6.02KB (0.00%)Total RX: 67.31GBytes, Total TX: 48.37GBytes
[1679085667] SERVICE ALERT: FW Cass Telsur;Ancho de Banda WAN;OK;SOFT;2;OK - Average IN: 10.72B (0.00%), Average OUT: 5.66B (0.00%)Total RX: 16955.57GBytes, Total TX: 9546.22GBytes
[1679085742] SERVICE ALERT: FW Cass Telsur;Estado Puerto LAN;WARNING;SOFT;1;WARNING: SNMP error: No response from remote host "201.220.96.34"
[1679085745] SERVICE ALERT: FW Cass Telsur;Ancho de Banda LAN;CRITICAL;SOFT;1;(No output on stdout) stderr:
[1679085862] SERVICE ALERT: FW Cass Telsur;Estado Puerto LAN;OK;SOFT;2;OK: Interface eth0 (index 2) is up.
[1679085865] SERVICE ALERT: FW Cass Telsur;Ancho de Banda LAN;OK;SOFT;2;OK - Average IN: 67.44KB (0.05%), Average OUT: 1.30MB (1.04%)Total RX: 851.61GBytes, Total TX: 855.24GBytes
[1679085919] SERVICE ALERT: FW Cass Telsur;Estado Puerto WAN;WARNING;SOFT;1;WARNING: SNMP error: No response from remote host "201.220.96.34"
[1679086039] SERVICE ALERT: FW Cass Telsur;Estado Puerto WAN;OK;SOFT;2;OK: Interface eth1 (index 3) is up.
[1679086043] Auto-save of retention data completed successfully.
[1679086235] SERVICE ALERT: FW Cass Telsur;Ancho de Banda LAN;CRITICAL;SOFT;1;(No output on stdout) stderr:
[1679086277] SERVICE ALERT: FW Cass Telsur;Ancho de Banda WAN;CRITICAL;SOFT;1;(No output on stdout) stderr:
[1679086355] SERVICE ALERT: FW Cass Telsur;Ancho de Banda LAN;OK;SOFT;2;OK - Average IN: 62.08KB (0.05%), Average OUT: 645.14KB (0.52%)Total RX: 851.65GBytes, Total TX: 855.98GBytes
[1679086397] SERVICE ALERT: FW Cass Telsur;Ancho de Banda WAN;OK;SOFT;2;OK - Average IN: 4.87B (0.00%), Average OUT: 3.31B (0.00%)Total RX: 16955.57GBytes, Total TX: 9546.22GBytes
[1679087505] SERVICE ALERT: FW Cass Telsur;Ancho de Banda LAN;CRITICAL;SOFT;1;(No output on stdout) stderr:
[1679087625] SERVICE ALERT: FW Cass Telsur;Ancho de Banda LAN;OK;SOFT;2;OK - Average IN: 47.46KB (0.04%), Average OUT: 551.20KB (0.44%)Total RX: 851.71GBytes, Total TX: 857.23GBytes
[1679089643] Auto-save of retention data completed successfully.
[1679093243] Auto-save of retention data completed successfully.
[1679096843] Auto-save of retention data completed successfully.
[1679099048] SERVICE ALERT: SRV01USER_cass.cl;Actualizacion;UNKNOWN;HARD;3;CHECK_NRPE: Receive header underflow - only 0 bytes received (4 expected).
[1679099111] SERVICE ALERT: SRV01USER_cass.cl;Actualizacion;CRITICAL;HARD;3;Updates: 5 critical, 0 optional
[1679100443] Auto-save of retention data completed successfully.
[1679104043] Auto-save of retention data completed successfully.
[1679107643] Auto-save of retention data completed successfully.
