[1690084800] LOG ROTATION: DAILY
[1690084800] LOG VERSION: 2.0
[1690084800] CURRENT HOST STATE: ADL Diagnostic;UP;HARD;1;PING OK - Packet loss = 0%, RTA = 36.51 ms
[1690084800] CURRENT HOST STATE: Blueshell;UP;HARD;1;PING OK - Packet loss = 16%, RTA = 3.00 ms
[1690084800] CURRENT HOST STATE: Cass Entel;UP;HARD;1;PING OK - Packet loss = 0%, RTA = 0.60 ms
[1690084800] CURRENT HOST STATE: Cass Telsur;UP;HARD;1;PING OK - Packet loss = 0%, RTA = 1.08 ms
[1690084800] CURRENT HOST STATE: Clinica PV Movistar;UP;HARD;1;PING OK - Packet loss = 0%, RTA = 31.31 ms
[1690084800] CURRENT HOST STATE: Clinica PV Telsur;UP;HARD;1;PING OK - Packet loss = 0%, RTA = 1.39 ms
[1690084800] CURRENT HOST STATE: Confe;UP;HARD;1;PING OK - Packet loss = 0%, RTA = 39.78 ms
[1690084800] CURRENT HOST STATE: Electric Works;UP;HARD;1;PING OK - Packet loss = 0%, RTA = 33.83 ms
[1690084800] CURRENT HOST STATE: Ext Entel;UP;HARD;1;PING OK - Packet loss = 0%, RTA = 0.39 ms
[1690084800] CURRENT HOST STATE: Ext Telsur;UP;HARD;1;PING OK - Packet loss = 0%, RTA = 0.96 ms
[1690084800] CURRENT HOST STATE: FW ADL Diagnostic;UP;HARD;1;PING OK - Packet loss = 0%, RTA = 35.02 ms
[1690084800] CURRENT HOST STATE: FW Blueshell;UP;HARD;1;PING OK - Packet loss = 0%, RTA = 3.09 ms
[1690084800] CURRENT HOST STATE: FW Cass Entel;UP;HARD;1;PING OK - Packet loss = 0%, RTA = 35.15 ms
[1690084800] CURRENT HOST STATE: FW Cass Telsur;UP;HARD;1;PING OK - Packet loss = 0%, RTA = 0.58 ms
[1690084800] CURRENT HOST STATE: FW Clinica PV Movistar;UP;HARD;1;PING OK - Packet loss = 0%, RTA = 34.55 ms
[1690084800] CURRENT HOST STATE: FW Clinica PV Telsur;UP;HARD;1;PING OK - Packet loss = 0%, RTA = 1.17 ms
[1690084800] CURRENT HOST STATE: FW Confe;UP;HARD;1;PING OK - Packet loss = 0%, RTA = 41.03 ms
[1690084800] CURRENT HOST STATE: FW Electric Works;UP;HARD;1;PING OK - Packet loss = 0%, RTA = 33.39 ms
[1690084800] CURRENT HOST STATE: FW Gore Los Lagos;UP;HARD;1;PING OK - Packet loss = 0%, RTA = 0.92 ms
[1690084800] CURRENT HOST STATE: FW Pasmar;UP;HARD;1;PING OK - Packet loss = 0%, RTA = 1.30 ms
[1690084800] CURRENT HOST STATE: Gore Los Lagos;UP;HARD;1;PING OK - Packet loss = 44%, RTA = 1.19 ms
[1690084800] CURRENT HOST STATE: Host-10.0.0.120;UP;HARD;1;PING OK - Packet loss = 0%, RTA = 0.48 ms
[1690084800] CURRENT HOST STATE: Host-10.0.0.121;UP;HARD;1;PING OK - Packet loss = 0%, RTA = 0.51 ms
[1690084800] CURRENT HOST STATE: Internet;UP;HARD;1;PING OK - Packet loss = 0%, RTA = 19.36 ms
[1690084800] CURRENT HOST STATE: Pasmar;UP;HARD;1;PING OK - Packet loss = 28%, RTA = 1.11 ms
[1690084800] CURRENT HOST STATE: Qnap NAS;UP;HARD;1;PING OK - Packet loss = 0%, RTA = 0.28 ms
[1690084800] CURRENT HOST STATE: SRV01USER_cass.cl;UP;HARD;1;PING OK - Packet loss = 0%, RTA = 2.39 ms
[1690084800] CURRENT HOST STATE: SRV04AD01.cass.cl;UP;HARD;1;PING OK - Packet loss = 0%, RTA = 1.67 ms
[1690084800] CURRENT HOST STATE: SRV05AD02_cass.cl;UP;HARD;1;PING OK - Packet loss = 0%, RTA = 2.02 ms
[1690084800] CURRENT HOST STATE: SRV11VIBE_cass.cl;UP;HARD;1;PING OK - Packet loss = 0%, RTA = 1.06 ms
[1690084800] CURRENT HOST STATE: SRV12WEB_cass.cl;UP;HARD;1;PING OK - Packet loss = 0%, RTA = 0.99 ms
[1690084800] CURRENT HOST STATE: SRVAD1.cass.pmc;UP;HARD;1;PING OK - Packet loss = 0%, RTA = 1.75 ms
[1690084800] CURRENT HOST STATE: SRVAD2.cass.pmc;UP;HARD;1;PING OK - Packet loss = 0%, RTA = 1.66 ms
[1690084800] CURRENT HOST STATE: SRVADMIN.cass.pmc;UP;HARD;1;PING OK - Packet loss = 0%, RTA = 1.51 ms
[1690084800] CURRENT HOST STATE: SRVCONT.cass.cl;UP;HARD;1;PING OK - Packet loss = 0%, RTA = 3.16 ms
[1690084800] CURRENT HOST STATE: SRVDC1.cass.pmc;UP;HARD;1;PING OK - Packet loss = 0%, RTA = 1.74 ms
[1690084800] CURRENT HOST STATE: SRVDNS;UP;HARD;1;PING OK - Packet loss = 0%, RTA = 1.02 ms
[1690084800] CURRENT HOST STATE: SRVMFSD;UP;HARD;1;PING OK - Packet loss = 0%, RTA = 0.94 ms
[1690084800] CURRENT HOST STATE: SRV_Cfiler.cass.cl;UP;HARD;1;PING OK - Packet loss = 0%, RTA = 0.66 ms
[1690084800] CURRENT HOST STATE: SRV_Oraculo_cass.cl;UP;HARD;1;PING OK - Packet loss = 0%, RTA = 1.12 ms
[1690084800] CURRENT HOST STATE: SRV_SOS2021.cass.cl;UP;HARD;1;PING OK - Packet loss = 0%, RTA = 0.64 ms
[1690084800] CURRENT HOST STATE: SRV_SUM;UP;HARD;1;PING OK - Packet loss = 0%, RTA = 0.68 ms
[1690084800] CURRENT HOST STATE: SRV_chat.cass.cl;UP;HARD;1;PING OK - Packet loss = 0%, RTA = 0.51 ms
[1690084800] CURRENT HOST STATE: SRV_email.cass.cl;UP;HARD;1;PING OK - Packet loss = 0%, RTA = 1.14 ms
[1690084800] CURRENT HOST STATE: SRV_nagios;UP;HARD;1;PING OK - Packet loss = 0%, RTA = 0.06 ms
[1690084800] CURRENT HOST STATE: SRV_sync.cass.cl;UP;HARD;1;PING OK - Packet loss = 0%, RTA = 0.90 ms
[1690084800] CURRENT HOST STATE: Servidor Vcenter;UP;HARD;1;PING OK - Packet loss = 0%, RTA = 0.45 ms
[1690084800] CURRENT HOST STATE: Servidores CASS;UP;HARD;1;PING OK - Packet loss = 0%, RTA = 1.36 ms
[1690084800] CURRENT HOST STATE: Ups Principal;UP;HARD;1;PING OK - Packet loss = 0%, RTA = 0.85 ms
[1690084800] CURRENT HOST STATE: Veeam2023.cass.pmc;UP;HARD;1;PING OK - Packet loss = 0%, RTA = 1.70 ms
[1690084800] CURRENT HOST STATE: web_cass_cl;UP;HARD;1;PING OK - Packet loss = 0%, RTA = 0.55 ms
[1690084800] CURRENT SERVICE STATE: ADL Diagnostic;Ping;OK;HARD;1;PING OK - Packet loss = 0%, RTA = 36.64 ms
[1690084800] CURRENT SERVICE STATE: Blueshell;Ping;OK;HARD;1;PING OK - Packet loss = 0%, RTA = 2.89 ms
[1690084800] CURRENT SERVICE STATE: Clinica PV Movistar;Ping;OK;HARD;1;PING OK - Packet loss = 0%, RTA = 31.30 ms
[1690084800] CURRENT SERVICE STATE: Confe;Ping;CRITICAL;HARD;1;PING CRITICAL - Packet loss = 100%
[1690084800] CURRENT SERVICE STATE: Electric Works;Ping;OK;HARD;1;PING OK - Packet loss = 0%, RTA = 33.79 ms
[1690084800] CURRENT SERVICE STATE: Ext Telsur;Ping;OK;HARD;1;PING OK - Packet loss = 0%, RTA = 0.92 ms
[1690084800] CURRENT SERVICE STATE: FW ADL Diagnostic;Ping;OK;HARD;1;PING OK - Packet loss = 0%, RTA = 35.33 ms
[1690084800] CURRENT SERVICE STATE: FW Blueshell;Ping;OK;HARD;1;PING OK - Packet loss = 0%, RTA = 3.24 ms
[1690084800] CURRENT SERVICE STATE: FW Cass Entel;Ping;OK;HARD;1;PING OK - Packet loss = 0%, RTA = 35.25 ms
[1690084800] CURRENT SERVICE STATE: FW Cass Telsur;Ancho de Banda DMZ;OK;HARD;1;OK - Average IN: 3.41KB (0.00%), Average OUT: 5.20KB (0.00%)Total RX: 23.17GBytes, Total TX: 56.18GBytes
[1690084800] CURRENT SERVICE STATE: FW Cass Telsur;Ancho de Banda LAN;OK;HARD;1;OK - Average IN: 1.28KB (0.00%), Average OUT: 1.26KB (0.00%)Total RX: 326.88GBytes, Total TX: 305.87GBytes
[1690084800] CURRENT SERVICE STATE: FW Cass Telsur;Ancho de Banda WAN;OK;HARD;1;OK - Average IN: 1.37KB (0.00%), Average OUT: 82.67KB (0.07%)Total RX: 1815.10GBytes, Total TX: 3368.29GBytes
[1690084800] CURRENT SERVICE STATE: FW Cass Telsur;Estado Puerto DMZ;OK;HARD;1;OK: Interface eth2 (index 4) is up.
[1690084800] CURRENT SERVICE STATE: FW Cass Telsur;Estado Puerto LAN;OK;HARD;1;OK: Interface eth0 (index 2) is up.
[1690084800] CURRENT SERVICE STATE: FW Cass Telsur;Estado Puerto WAN;OK;HARD;1;OK: Interface eth1 (index 3) is up.
[1690084800] CURRENT SERVICE STATE: FW Cass Telsur;Estado TCP Sophos;OK;HARD;1;TCP OK - 0.000 second response time on 201.220.96.34 port 4444
[1690084800] CURRENT SERVICE STATE: FW Cass Telsur;Ping;OK;HARD;1;PING OK - Packet loss = 0%, RTA = 0.56 ms
[1690084800] CURRENT SERVICE STATE: FW Cass Telsur;Tiempo Activo;OK;HARD;1;SNMP OK - Timeticks: (155256498) 17 days, 23:16:04.98
[1690084800] CURRENT SERVICE STATE: FW Clinica PV Movistar;Ping;OK;HARD;1;PING OK - Packet loss = 0%, RTA = 34.84 ms
[1690084800] CURRENT SERVICE STATE: FW Confe;Ping;OK;HARD;1;PING OK - Packet loss = 28%, RTA = 39.78 ms
[1690084800] CURRENT SERVICE STATE: FW Electric Works;Ping;OK;HARD;1;PING OK - Packet loss = 0%, RTA = 33.42 ms
[1690084800] CURRENT SERVICE STATE: FW Gore Los Lagos;Ping;OK;HARD;1;PING OK - Packet loss = 0%, RTA = 0.92 ms
[1690084800] CURRENT SERVICE STATE: FW Pasmar;Ping;OK;HARD;1;PING OK - Packet loss = 16%, RTA = 1.34 ms
[1690084800] CURRENT SERVICE STATE: Gore Los Lagos;Ping;OK;HARD;1;PING OK - Packet loss = 0%, RTA = 1.12 ms
[1690084800] CURRENT SERVICE STATE: Host-10.0.0.120;Ping;OK;HARD;1;PING OK - Packet loss = 0%, RTA = 0.51 ms
[1690084800] CURRENT SERVICE STATE: Host-10.0.0.121;Ping;OK;HARD;1;PING OK - Packet loss = 0%, RTA = 0.36 ms
[1690084800] CURRENT SERVICE STATE: Pasmar;Ping;OK;HARD;1;PING OK - Packet loss = 44%, RTA = 2.30 ms
[1690084800] CURRENT SERVICE STATE: Qnap NAS;Almacenamiento;OK;HARD;1;OK: Total:50TB - Used:29TB - Free:20TB - Used Space: 58%
[1690084800] CURRENT SERVICE STATE: Qnap NAS;Estado;OK;HARD;1;Power Supply #1 - OK: GOOD
[1690084800] CURRENT SERVICE STATE: Qnap NAS;Memoria;OK;HARD;1;OK: Total:3830MB - Used:1256MB - Free:2574MB = 33%
[1690084800] CURRENT SERVICE STATE: Qnap NAS;Sysinfo;OK;HARD;1;NAS Cloud, Model TS-879U-RP, Firmware 4.3.6, Max HD number 8, No. Volume 1
[1690084800] CURRENT SERVICE STATE: Qnap NAS;Temperatura;OK;HARD;1;OK: Temperature=34C
[1690084800] CURRENT SERVICE STATE: Qnap NAS;Tiempo Activo;OK;HARD;1;SNMP OK - Timeticks: (211167390) 24 days, 10:34:33.90
[1690084800] CURRENT SERVICE STATE: SRV01USER_cass.cl;Actualizacion;CRITICAL;HARD;3;Updates: 1 critical, 0 optional
[1690084800] CURRENT SERVICE STATE: SRV01USER_cass.cl;Almacenamiento C;OK;HARD;1;c:\ - total: 119.40 Gb - used: 91.93 Gb (77%) - free 27.47 Gb (23%)
[1690084800] CURRENT SERVICE STATE: SRV01USER_cass.cl;Almacenamiento U;OK;HARD;1;u:\ - total: 1023.98 Gb - used: 180.63 Gb (18%) - free 843.35 Gb (82%)
[1690084800] CURRENT SERVICE STATE: SRV01USER_cass.cl;CPU;OK;HARD;1;CPU Load 1% (5 min average)
[1690084800] CURRENT SERVICE STATE: SRV01USER_cass.cl;Memoria;OK;HARD;1;Memory usage: total:23551.21 MB - used: 9029.51 MB (38%) - free: 14521.71 MB (62%)
[1690084800] CURRENT SERVICE STATE: SRV01USER_cass.cl;Ping;OK;HARD;1;PING OK - Packet loss = 0%, RTA = 2.39 ms
[1690084800] CURRENT SERVICE STATE: SRV01USER_cass.cl;Tiempo Activo;OK;HARD;1;System Uptime - 4 day(s) 4 hour(s) 8 minute(s)
[1690084800] CURRENT SERVICE STATE: SRV04AD01.cass.cl;Ping;OK;HARD;1;PING OK - Packet loss = 0%, RTA = 1.84 ms
[1690084800] CURRENT SERVICE STATE: SRV05AD02_cass.cl;Ping;OK;HARD;1;PING OK - Packet loss = 0%, RTA = 1.57 ms
[1690084800] CURRENT SERVICE STATE: SRV11VIBE_cass.cl;Actualizacion;CRITICAL;HARD;3;Updates CRITICAL : discontinued OS Release SLE 15.1: At least one of your Repositories might be out of date. Please run "zypper refresh" as root to update it.  1 security update(s): 1 recommended update(s):  1 package update(s):
[1690084800] CURRENT SERVICE STATE: SRV11VIBE_cass.cl;Almacenamiento /;OK;HARD;1;DISK OK - free space: /var/tmp 78651 MiB (85.83% inode=-):
[1690084800] CURRENT SERVICE STATE: SRV11VIBE_cass.cl;CPU;OK;HARD;1;OK - load average per CPU: 0.02, 0.01, 0.00
[1690084800] CURRENT SERVICE STATE: SRV11VIBE_cass.cl;Memoria;OK;HARD;1;[MEMORY] Total: 7693 MB - Used: 4588 MB - 59% [SWAP] Total: 7944 MB - Used: 42 MB - 0%
[1690084800] CURRENT SERVICE STATE: SRV11VIBE_cass.cl;Ping;OK;HARD;1;PING OK - Packet loss = 0%, RTA = 1.11 ms
[1690084800] CURRENT SERVICE STATE: SRV11VIBE_cass.cl;Proceso Vibe;OK;HARD;1;PROCS OK: 0 processes with command name 'vibe'
[1690084800] CURRENT SERVICE STATE: SRV11VIBE_cass.cl;Procesos;OK;HARD;1;PROCS OK: 311 processes
[1690084800] CURRENT SERVICE STATE: SRV11VIBE_cass.cl;Procesos Zombies;OK;HARD;1;PROCS OK: 0 processes with STATE = Z
[1690084800] CURRENT SERVICE STATE: SRV11VIBE_cass.cl;Puerto HTTP;OK;HARD;1;TCP OK - 0.001 second response time on 10.0.2.13 port 80
[1690084800] CURRENT SERVICE STATE: SRV11VIBE_cass.cl;Puerto HTTPS;OK;HARD;1;TCP OK - 0.001 second response time on 10.0.2.13 port 443
[1690084800] CURRENT SERVICE STATE: SRV11VIBE_cass.cl;Servicio Vibe;OK;HARD;1;OK: Service vibe is running!
[1690084800] CURRENT SERVICE STATE: SRV11VIBE_cass.cl;Tiempo Activo;WARNING;HARD;3;Uptime WARNING: 92 day(s) 14 hour(s) 15 minute(s)
[1690084800] CURRENT SERVICE STATE: SRV11VIBE_cass.cl;Usuarios Login;OK;HARD;1;USERS OK - 2 users currently logged in
[1690084800] CURRENT SERVICE STATE: SRV12WEB_cass.cl;Ping;OK;HARD;1;PING OK - Packet loss = 0%, RTA = 0.85 ms
[1690084800] CURRENT SERVICE STATE: SRVAD1.cass.pmc;Ping;OK;HARD;1;PING OK - Packet loss = 0%, RTA = 1.56 ms
[1690084800] CURRENT SERVICE STATE: SRVAD2.cass.pmc;Ping;OK;HARD;1;PING OK - Packet loss = 0%, RTA = 1.34 ms
[1690084800] CURRENT SERVICE STATE: SRVADMIN.cass.pmc;Actualizacion;OK;HARD;1;OK - no pending updates.
[1690084800] CURRENT SERVICE STATE: SRVADMIN.cass.pmc;Almacenamiento;OK;HARD;1;c:\ - total: 299.66 Gb - used: 154.89 Gb (52%) - free 144.77 Gb (48%)
[1690084800] CURRENT SERVICE STATE: SRVADMIN.cass.pmc;CPU;OK;HARD;1;CPU Load 0% (5 min average)
[1690084800] CURRENT SERVICE STATE: SRVADMIN.cass.pmc;Memoria;OK;HARD;1;Memory usage: total:15291.55 MB - used: 11799.00 MB (77%) - free: 3492.55 MB (23%)
[1690084800] CURRENT SERVICE STATE: SRVADMIN.cass.pmc;Ping;OK;HARD;1;PING OK - Packet loss = 0%, RTA = 1.78 ms
[1690084800] CURRENT SERVICE STATE: SRVADMIN.cass.pmc;Tiempo Activo;OK;HARD;1;System Uptime - 4 day(s) 3 hour(s) 16 minute(s)
[1690084800] CURRENT SERVICE STATE: SRVCONT.cass.cl;Actualizacion;CRITICAL;HARD;3;Updates: 1 critical, 0 optional
[1690084800] CURRENT SERVICE STATE: SRVCONT.cass.cl;Almacenamiento;OK;HARD;1;c:\ - total: 299.33 Gb - used: 42.88 Gb (14%) - free 256.44 Gb (86%)
[1690084800] CURRENT SERVICE STATE: SRVCONT.cass.cl;CPU;OK;HARD;1;CPU Load 2% (5 min average)
[1690084800] CURRENT SERVICE STATE: SRVCONT.cass.cl;Memoria;OK;HARD;1;Memory usage: total:14143.13 MB - used: 2515.90 MB (18%) - free: 11627.23 MB (82%)
[1690084800] CURRENT SERVICE STATE: SRVCONT.cass.cl;Ping;OK;HARD;1;PING OK - Packet loss = 0%, RTA = 3.39 ms
[1690084800] CURRENT SERVICE STATE: SRVCONT.cass.cl;Tiempo Activo;OK;HARD;1;System Uptime - 4 day(s) 3 hour(s) 19 minute(s)
[1690084800] CURRENT SERVICE STATE: SRVDC1.cass.pmc;Ping;OK;HARD;1;PING OK - Packet loss = 0%, RTA = 1.79 ms
[1690084800] CURRENT SERVICE STATE: SRVDNS;Ping;OK;HARD;1;PING OK - Packet loss = 0%, RTA = 1.15 ms
[1690084800] CURRENT SERVICE STATE: SRVMFSD;Ping;OK;HARD;1;PING OK - Packet loss = 0%, RTA = 0.68 ms
[1690084800] CURRENT SERVICE STATE: SRV_Cfiler.cass.cl;Actualizacion;OK;HARD;1;Updates OK : no updates available
[1690084800] CURRENT SERVICE STATE: SRV_Cfiler.cass.cl;Almacenamiento /;OK;HARD;1;DISK OK - free space: / 2477038 MB (73% inode=-):
[1690084800] CURRENT SERVICE STATE: SRV_Cfiler.cass.cl;CPU;OK;HARD;1;OK - load average: 0.05, 0.07, 0.09
[1690084800] CURRENT SERVICE STATE: SRV_Cfiler.cass.cl;Http;OK;HARD;1;TCP OK - 0.000 second response time on port 80
[1690084800] CURRENT SERVICE STATE: SRV_Cfiler.cass.cl;Https;OK;HARD;1;TCP OK - 0.000 second response time on port 443
[1690084800] CURRENT SERVICE STATE: SRV_Cfiler.cass.cl;Memoria;OK;HARD;1;[MEMORY] Total: 3893 MB - Used: 1035 MB - 26% [SWAP] Total: 2047 MB - Used: 330 MB - 16%
[1690084800] CURRENT SERVICE STATE: SRV_Cfiler.cass.cl;Procesos;OK;HARD;1;PROCS OK: 303 processes
[1690084800] CURRENT SERVICE STATE: SRV_Cfiler.cass.cl;Procesos Zombies;OK;HARD;1;PROCS OK: 0 processes with STATE = Z
[1690084800] CURRENT SERVICE STATE: SRV_Cfiler.cass.cl;Procs Apache;OK;HARD;1;PROCS OK: 11 processes with args 'apache2'
[1690084800] CURRENT SERVICE STATE: SRV_Cfiler.cass.cl;Serv Apache;OK;HARD;1;OK: Service apache is running!
[1690084800] CURRENT SERVICE STATE: SRV_Cfiler.cass.cl;Servicio General;OK;HARD;1;PING OK - Packet loss = 0%, RTA = 0.65 ms
[1690084800] CURRENT SERVICE STATE: SRV_Cfiler.cass.cl;Tiempo Activo;WARNING;HARD;3;Uptime WARNING: 95 day(s) 2 hour(s) 3 minute(s)
[1690084800] CURRENT SERVICE STATE: SRV_Cfiler.cass.cl;Usuarios Login;OK;HARD;1;USERS OK - 1 users currently logged in
[1690084800] CURRENT SERVICE STATE: SRV_Oraculo_cass.cl;Ping;OK;HARD;1;PING OK - Packet loss = 0%, RTA = 1.20 ms
[1690084800] CURRENT SERVICE STATE: SRV_SOS2021.cass.cl;Actualizacion;OK;HARD;1;Updates OK : no updates available
[1690084800] CURRENT SERVICE STATE: SRV_SOS2021.cass.cl;Almacenamiento /;OK;HARD;1;DISK OK - free space: /var/tmp 118422 MiB (91.21% inode=-):
[1690084800] CURRENT SERVICE STATE: SRV_SOS2021.cass.cl;CPU;OK;HARD;1;OK - load average per CPU: 0.02, 0.02, 0.01
[1690084800] CURRENT SERVICE STATE: SRV_SOS2021.cass.cl;Memoria;OK;HARD;1;[MEMORY] Total: 7946 MB - Used: 1833 MB - 23% [SWAP] Total: 10239 MB - Used: 0 MB - 0%
[1690084800] CURRENT SERVICE STATE: SRV_SOS2021.cass.cl;Ping;OK;HARD;1;PING OK - Packet loss = 0%, RTA = 0.67 ms
[1690084800] CURRENT SERVICE STATE: SRV_SOS2021.cass.cl;Procesos;OK;HARD;1;PROCS OK: 306 processes
[1690084800] CURRENT SERVICE STATE: SRV_SOS2021.cass.cl;Procesos Zombies;OK;HARD;1;PROCS OK: 0 processes with STATE = Z
[1690084800] CURRENT SERVICE STATE: SRV_SOS2021.cass.cl;Tiempo Activo;OK;HARD;1;Uptime OK: 122 day(s) 11 hour(s) 37 minute(s)
[1690084800] CURRENT SERVICE STATE: SRV_SOS2021.cass.cl;Usuarios Login;OK;HARD;1;USERS OK - 0 users currently logged in
[1690084800] CURRENT SERVICE STATE: SRV_SUM;Ping;OK;HARD;1;PING OK - Packet loss = 0%, RTA = 0.77 ms
[1690084800] CURRENT SERVICE STATE: SRV_chat.cass.cl;Actualizacion;OK;HARD;1;Updates OK : no updates available
[1690084800] CURRENT SERVICE STATE: SRV_chat.cass.cl;Almacenamiento /;OK;HARD;1;DISK OK - free space: /var/tmp 972405 MiB (93.04% inode=-):
[1690084800] CURRENT SERVICE STATE: SRV_chat.cass.cl;CPU;OK;HARD;1;OK - load average per CPU: 0.07, 0.06, 0.04
[1690084800] CURRENT SERVICE STATE: SRV_chat.cass.cl;Memoria;OK;HARD;1;[MEMORY] Total: 7919 MB - Used: 3072 MB - 38% [SWAP] Total: 2048 MB - Used: 426 MB - 20%
[1690084800] CURRENT SERVICE STATE: SRV_chat.cass.cl;Ping;OK;HARD;1;PING OK - Packet loss = 0%, RTA = 1.46 ms
[1690084800] CURRENT SERVICE STATE: SRV_chat.cass.cl;Proceso Docker;OK;HARD;1;PROCS OK: 0 processes with command name 'docker'
[1690084800] CURRENT SERVICE STATE: SRV_chat.cass.cl;Proceso Nginx;OK;HARD;1;PROCS OK: 3 processes with command name 'nginx'
[1690084800] CURRENT SERVICE STATE: SRV_chat.cass.cl;Procesos;OK;HARD;1;PROCS OK: 274 processes
[1690084800] CURRENT SERVICE STATE: SRV_chat.cass.cl;Procesos Zombies;OK;HARD;1;PROCS OK: 0 processes with STATE = Z
[1690084800] CURRENT SERVICE STATE: SRV_chat.cass.cl;Puerto Contenedor;OK;HARD;1;TCP OK - 0.000 second response time on port 8000
[1690084800] CURRENT SERVICE STATE: SRV_chat.cass.cl;Puerto HTTP;OK;HARD;1;TCP OK - 0.000 second response time on port 80
[1690084800] CURRENT SERVICE STATE: SRV_chat.cass.cl;Puerto HTTPS;OK;HARD;1;TCP OK - 0.000 second response time on port 443
[1690084800] CURRENT SERVICE STATE: SRV_chat.cass.cl;Puerto Portainer;OK;HARD;1;TCP OK - 0.000 second response time on port 9443
[1690084800] CURRENT SERVICE STATE: SRV_chat.cass.cl;Servicio Docker;OK;HARD;1;OK: Service docker is running!
[1690084800] CURRENT SERVICE STATE: SRV_chat.cass.cl;Servicio Nginx;OK;HARD;1;OK: Service nginx is running!
[1690084800] CURRENT SERVICE STATE: SRV_chat.cass.cl;Usuarios Login;OK;HARD;1;USERS OK - 0 users currently logged in
[1690084800] CURRENT SERVICE STATE: SRV_email.cass.cl;Actualizacion;OK;HARD;1;Updates OK : no updates available
[1690084800] CURRENT SERVICE STATE: SRV_email.cass.cl;Almacenamiento /;OK;HARD;1;DISK OK - free space: /var/tmp 476359 MiB (94.03% inode=-):
[1690084800] CURRENT SERVICE STATE: SRV_email.cass.cl;Almacenamiento Mail;OK;HARD;1;DISK OK - free space: /mail 1811099 MiB (92.48% inode=99%):
[1690084800] CURRENT SERVICE STATE: SRV_email.cass.cl;Almacenamiento Mail2;OK;HARD;1;DISK OK - free space: /mail2 476550 MiB (99.85% inode=100%):
[1690084800] CURRENT SERVICE STATE: SRV_email.cass.cl;CPU;OK;HARD;1;OK - load average per CPU: 0.02, 0.02, 0.01
[1690084800] CURRENT SERVICE STATE: SRV_email.cass.cl;Correo Pop;OK;HARD;1;POP OK - 0.001 second response time on 10.0.2.25 port 110 [+OK GroupWise POP3 server ready]
[1690084800] CURRENT SERVICE STATE: SRV_email.cass.cl;Correo Smtp;OK;HARD;1;SMTP OK - 0.004 sec. response time
[1690084800] CURRENT SERVICE STATE: SRV_email.cass.cl;Memoria;OK;HARD;1;[MEMORY] Total: 11939 MB - Used: 2671 MB - 22% [SWAP] Total: 2048 MB - Used: 347 MB - 16%
[1690084800] CURRENT SERVICE STATE: SRV_email.cass.cl;Ping;OK;HARD;1;PING OK - Packet loss = 0%, RTA = 0.91 ms
[1690084800] CURRENT SERVICE STATE: SRV_email.cass.cl;Procesos;OK;HARD;1;PROCS OK: 305 processes
[1690084800] CURRENT SERVICE STATE: SRV_email.cass.cl;Procesos Zombies;OK;HARD;1;PROCS OK: 0 processes with STATE = Z
[1690084800] CURRENT SERVICE STATE: SRV_email.cass.cl;Tiempo Activo;OK;HARD;1;Uptime OK: 107 day(s) 10 hour(s) 46 minute(s)
[1690084800] CURRENT SERVICE STATE: SRV_email.cass.cl;Usuarios Login;OK;HARD;1;USERS OK - 1 users currently logged in
[1690084800] CURRENT SERVICE STATE: SRV_nagios;Actualizacion;CRITICAL;HARD;4;YUM CRITICAL: 2 Updates Available
[1690084800] CURRENT SERVICE STATE: SRV_nagios;CPU;OK;HARD;1;OK - load average: 0.07, 0.07, 0.05
[1690084800] CURRENT SERVICE STATE: SRV_nagios;Memoria;OK;HARD;1;[MEMORY] Total: 7740 MB - Used: 767 MB - 9% [SWAP] Total: 7935 MB - Used: 0 MB - 0%
[1690084800] CURRENT SERVICE STATE: SRV_nagios;PING;OK;HARD;1;PING OK - Packet loss = 0%, RTA = 0.09 ms
[1690084800] CURRENT SERVICE STATE: SRV_nagios;Procesos;OK;HARD;1;PROCS OK: 59 processes with STATE = RSZDT
[1690084800] CURRENT SERVICE STATE: SRV_nagios;Usarios Login;OK;HARD;1;USERS OK - 0 users currently logged in
[1690084800] CURRENT SERVICE STATE: SRV_sync.cass.cl;Ping;OK;HARD;1;PING OK - Packet loss = 0%, RTA = 0.85 ms
[1690084800] CURRENT SERVICE STATE: Servidor Vcenter;Ping;OK;HARD;1;PING OK - Packet loss = 0%, RTA = 0.50 ms
[1690084800] CURRENT SERVICE STATE: Servidores CASS;Ancho de Banda GE/1/0/3;OK;HARD;1;OK - Average IN: 8.32KB (0.01%), Average OUT: 10.58KB (0.01%)Total RX: 31074.42GBytes, Total TX: 71581.96GBytes
[1690084800] CURRENT SERVICE STATE: Servidores CASS;Estado Puerto 3;OK;HARD;1;OK: Interface GigabitEthernet1/0/3 (index 3) is up.
[1690084800] CURRENT SERVICE STATE: Servidores CASS;Estado Puerto 80;OK;HARD;1;TCP OK - 0.002 second response time on 10.0.0.17 port 80
[1690084800] CURRENT SERVICE STATE: Servidores CASS;Ping;OK;HARD;1;PING OK - Packet loss = 0%, RTA = 1.26 ms
[1690084800] CURRENT SERVICE STATE: Servidores CASS;Tiempo Activo;OK;HARD;1;SNMP OK - Timeticks: (1058358237) 122 days, 11:53:02.37
[1690084800] CURRENT SERVICE STATE: Ups Principal;Carga;OK;HARD;1;OK: Estimated battery charge 100%, approximately 0 minutes runtime remaining.
[1690084800] CURRENT SERVICE STATE: Ups Principal;Estado;OK;HARD;1;OK: Battery Status Normal.
[1690084800] CURRENT SERVICE STATE: Ups Principal;Ping;OK;HARD;1;PING OK - Packet loss = 0%, RTA = 0.77 ms
[1690084800] CURRENT SERVICE STATE: Ups Principal;Temperatura;OK;HARD;1;OK: Battery Temperature is 20 degrees C (68.0 degrees F).
[1690084800] CURRENT SERVICE STATE: Ups Principal;Tiempo Activo;OK;HARD;1;SNMP OK - Timeticks: (38784067) 4 days, 11:44:00.67
[1690084800] CURRENT SERVICE STATE: Veeam2023.cass.pmc;Actualizacion;OK;HARD;1;OK - no pending updates.
[1690084800] CURRENT SERVICE STATE: Veeam2023.cass.pmc;Almacenamiento;OK;HARD;1;c:\ - total: 99.33 Gb - used: 87.85 Gb (88%) - free 11.48 Gb (12%)
[1690084800] CURRENT SERVICE STATE: Veeam2023.cass.pmc;CPU;OK;HARD;1;CPU Load 10% (5 min average)
[1690084800] CURRENT SERVICE STATE: Veeam2023.cass.pmc;Memoria;OK;HARD;1;Memory usage: total:18943.17 MB - used: 11178.64 MB (59%) - free: 7764.53 MB (41%)
[1690084800] CURRENT SERVICE STATE: Veeam2023.cass.pmc;Ping;OK;HARD;1;PING OK - Packet loss = 0%, RTA = 1.84 ms
[1690084800] CURRENT SERVICE STATE: Veeam2023.cass.pmc;Tiempo Activo;OK;HARD;1;System Uptime - 8 day(s) 7 hour(s) 5 minute(s)
[1690084800] CURRENT SERVICE STATE: web_cass_cl;Certificado;OK;HARD;1;SSL OK - Certificate '*.cass.cl' will expire in 156 days on 2023-12-26 20:59 -0300/-03.
[1690084800] CURRENT SERVICE STATE: web_cass_cl;HTTP;OK;HARD;1;HTTP OK: HTTP/1.1 302 Found - 1071 bytes in 0.220 second response time
[1690084801] SERVICE ALERT: SRV_Cfiler.cass.cl;Actualizacion;UNKNOWN;SOFT;1;CHECK_NRPE: Receive header underflow - only 0 bytes received (4 expected).
[1690084801] SERVICE ALERT: SRV_SOS2021.cass.cl;Actualizacion;UNKNOWN;SOFT;1;CHECK_NRPE: Receive header underflow - only 0 bytes received (4 expected).
[1690084802] SERVICE ALERT: SRV_email.cass.cl;Actualizacion;UNKNOWN;SOFT;1;CHECK_NRPE: Receive header underflow - only 0 bytes received (4 expected).
[1690084933] SERVICE ALERT: SRV_Cfiler.cass.cl;Actualizacion;OK;SOFT;2;Updates OK : no updates available
[1690084935] SERVICE ALERT: SRV_email.cass.cl;Actualizacion;OK;SOFT;2;Updates OK : no updates available
[1690084936] SERVICE ALERT: SRV_SOS2021.cass.cl;Actualizacion;OK;SOFT;2;Updates OK : no updates available
[1690085148] SERVICE NOTIFICATION: nagiosadmin;SRV_nagios;Actualizacion;CRITICAL;notify-service-by-email;YUM CRITICAL: 2 Updates Available
[1690085148] SERVICE NOTIFICATION: andresnavarro;SRV_nagios;Actualizacion;CRITICAL;notify-service-by-email;YUM CRITICAL: 2 Updates Available
[1690085148] SERVICE NOTIFICATION: soporteti;SRV_nagios;Actualizacion;CRITICAL;notify-service-by-telegram;YUM CRITICAL: 2 Updates Available
[1690085148] SERVICE NOTIFICATION: soporteti;SRV_nagios;Actualizacion;CRITICAL;notify-service-by-email;YUM CRITICAL: 2 Updates Available
[1690085148] SERVICE NOTIFICATION: carlosstange;SRV_nagios;Actualizacion;CRITICAL;notify-service-by-telegram;YUM CRITICAL: 2 Updates Available
[1690085148] SERVICE NOTIFICATION: carlosstange;SRV_nagios;Actualizacion;CRITICAL;notify-service-by-email;YUM CRITICAL: 2 Updates Available
[1690086002] SERVICE ALERT: SRV_chat.cass.cl;Procesos;CRITICAL;SOFT;1;(No output on stdout) stderr: connect to address 10.0.0.92 port 5666: Connection refused
[1690086002] SERVICE ALERT: SRV_chat.cass.cl;Procesos Zombies;CRITICAL;SOFT;1;(No output on stdout) stderr: connect to address 10.0.0.92 port 5666: Connection refused
[1690086122] SERVICE ALERT: SRV_chat.cass.cl;Procesos;OK;SOFT;2;PROCS OK: 275 processes
[1690086122] SERVICE ALERT: SRV_chat.cass.cl;Procesos Zombies;OK;SOFT;2;PROCS OK: 0 processes with STATE = Z
[1690087831] Auto-save of retention data completed successfully.
[1690088402] SERVICE ALERT: SRV_chat.cass.cl;Usuarios Login;CRITICAL;SOFT;1;(No output on stdout) stderr: connect to address 10.0.0.92 port 5666: Connection refused
[1690088402] SERVICE ALERT: SRV_chat.cass.cl;CPU;CRITICAL;SOFT;1;(No output on stdout) stderr: connect to address 10.0.0.92 port 5666: Connection refused
[1690088522] SERVICE ALERT: SRV_chat.cass.cl;Usuarios Login;OK;SOFT;2;USERS OK - 0 users currently logged in
[1690088522] SERVICE ALERT: SRV_chat.cass.cl;CPU;OK;SOFT;2;OK - load average per CPU: 0.05, 0.07, 0.06
[1690088748] SERVICE NOTIFICATION: nagiosadmin;SRV_nagios;Actualizacion;CRITICAL;notify-service-by-email;YUM CRITICAL: 2 Updates Available
[1690088748] SERVICE NOTIFICATION: andresnavarro;SRV_nagios;Actualizacion;CRITICAL;notify-service-by-email;YUM CRITICAL: 2 Updates Available
[1690088748] SERVICE NOTIFICATION: soporteti;SRV_nagios;Actualizacion;CRITICAL;notify-service-by-telegram;YUM CRITICAL: 2 Updates Available
[1690088748] SERVICE NOTIFICATION: soporteti;SRV_nagios;Actualizacion;CRITICAL;notify-service-by-email;YUM CRITICAL: 2 Updates Available
[1690088748] SERVICE NOTIFICATION: carlosstange;SRV_nagios;Actualizacion;CRITICAL;notify-service-by-telegram;YUM CRITICAL: 2 Updates Available
[1690088748] SERVICE NOTIFICATION: carlosstange;SRV_nagios;Actualizacion;CRITICAL;notify-service-by-email;YUM CRITICAL: 2 Updates Available
[1690091431] Auto-save of retention data completed successfully.
[1690092348] SERVICE NOTIFICATION: nagiosadmin;SRV_nagios;Actualizacion;CRITICAL;notify-service-by-email;YUM CRITICAL: 2 Updates Available
[1690092348] SERVICE NOTIFICATION: andresnavarro;SRV_nagios;Actualizacion;CRITICAL;notify-service-by-email;YUM CRITICAL: 2 Updates Available
[1690092348] SERVICE NOTIFICATION: soporteti;SRV_nagios;Actualizacion;CRITICAL;notify-service-by-telegram;YUM CRITICAL: 2 Updates Available
[1690092348] SERVICE NOTIFICATION: soporteti;SRV_nagios;Actualizacion;CRITICAL;notify-service-by-email;YUM CRITICAL: 2 Updates Available
[1690092348] SERVICE NOTIFICATION: carlosstange;SRV_nagios;Actualizacion;CRITICAL;notify-service-by-telegram;YUM CRITICAL: 2 Updates Available
[1690092348] SERVICE NOTIFICATION: carlosstange;SRV_nagios;Actualizacion;CRITICAL;notify-service-by-email;YUM CRITICAL: 2 Updates Available
[1690092602] SERVICE ALERT: SRV_email.cass.cl;Correo Smtp;CRITICAL;SOFT;1;(No output on stdout) stderr: connect to address 10.0.2.25 port 5666: Connection refused
[1690092722] SERVICE ALERT: SRV_email.cass.cl;Correo Smtp;OK;SOFT;2;SMTP OK - 0.027 sec. response time
[1690095031] Auto-save of retention data completed successfully.
[1690095651] wproc: Core Worker 11599: job 4221558 (pid=11311) timed out. Killing it
[1690095651] wproc: CHECK job 4221558 from worker Core Worker 11599 timed out after 30.01s
[1690095651] wproc:   host=Gore Los Lagos; service=(null);
[1690095651] wproc:   early_timeout=1; exited_ok=0; wait_status=0; error_code=62;
[1690095651] Warning: Check of host 'Gore Los Lagos' timed out after 30.01 seconds
[1690095651] HOST ALERT: Gore Los Lagos;DOWN;SOFT;1;(Host check timed out after 30.01 seconds)
[1690095651] wproc: Core Worker 11599: job 4221558 (pid=11311): Dormant child reaped
[1690095656] SERVICE ALERT: Gore Los Lagos;Ping;CRITICAL;HARD;1;PING CRITICAL - Packet loss = 100%
[1690095681] wproc: Core Worker 11600: job 4221580 (pid=11514) timed out. Killing it
[1690095681] wproc: CHECK job 4221580 from worker Core Worker 11600 timed out after 30.01s
[1690095681] wproc:   host=FW Gore Los Lagos; service=(null);
[1690095681] wproc:   early_timeout=1; exited_ok=0; wait_status=0; error_code=62;
[1690095681] Warning: Check of host 'FW Gore Los Lagos' timed out after 30.01 seconds
[1690095681] HOST ALERT: FW Gore Los Lagos;UNREACHABLE;SOFT;1;(Host check timed out after 30.01 seconds)
[1690095681] wproc: Core Worker 11600: job 4221580 (pid=11514): Dormant child reaped
[1690095691] SERVICE ALERT: FW Gore Los Lagos;Ping;WARNING;HARD;1;PING WARNING - Packet loss = 82%, RTA = 1.15 ms
[1690095691] SERVICE ALERT: Gore Los Lagos;Ping;OK;HARD;1;PING OK - Packet loss = 16%, RTA = 1.33 ms
[1690095692] HOST ALERT: Gore Los Lagos;UP;SOFT;1;PING OK - Packet loss = 54%, RTA = 1.14 ms
[1690095697] HOST ALERT: FW Gore Los Lagos;UP;SOFT;1;PING OK - Packet loss = 16%, RTA = 1.30 ms
[1690095727] SERVICE ALERT: FW Gore Los Lagos;Ping;OK;HARD;1;PING OK - Packet loss = 0%, RTA = 0.97 ms
[1690095948] SERVICE NOTIFICATION: nagiosadmin;SRV_nagios;Actualizacion;CRITICAL;notify-service-by-email;YUM CRITICAL: 2 Updates Available
[1690095948] SERVICE NOTIFICATION: andresnavarro;SRV_nagios;Actualizacion;CRITICAL;notify-service-by-email;YUM CRITICAL: 2 Updates Available
[1690095948] SERVICE NOTIFICATION: soporteti;SRV_nagios;Actualizacion;CRITICAL;notify-service-by-telegram;YUM CRITICAL: 2 Updates Available
[1690095948] SERVICE NOTIFICATION: soporteti;SRV_nagios;Actualizacion;CRITICAL;notify-service-by-email;YUM CRITICAL: 2 Updates Available
[1690095948] SERVICE NOTIFICATION: carlosstange;SRV_nagios;Actualizacion;CRITICAL;notify-service-by-telegram;YUM CRITICAL: 2 Updates Available
[1690095948] SERVICE NOTIFICATION: carlosstange;SRV_nagios;Actualizacion;CRITICAL;notify-service-by-email;YUM CRITICAL: 2 Updates Available
[1690098631] Auto-save of retention data completed successfully.
[1690099548] SERVICE NOTIFICATION: nagiosadmin;SRV_nagios;Actualizacion;CRITICAL;notify-service-by-email;YUM CRITICAL: 2 Updates Available
[1690099548] SERVICE NOTIFICATION: andresnavarro;SRV_nagios;Actualizacion;CRITICAL;notify-service-by-email;YUM CRITICAL: 2 Updates Available
[1690099548] SERVICE NOTIFICATION: soporteti;SRV_nagios;Actualizacion;CRITICAL;notify-service-by-telegram;YUM CRITICAL: 2 Updates Available
[1690099548] SERVICE NOTIFICATION: soporteti;SRV_nagios;Actualizacion;CRITICAL;notify-service-by-email;YUM CRITICAL: 2 Updates Available
[1690099548] SERVICE NOTIFICATION: carlosstange;SRV_nagios;Actualizacion;CRITICAL;notify-service-by-telegram;YUM CRITICAL: 2 Updates Available
[1690099548] SERVICE NOTIFICATION: carlosstange;SRV_nagios;Actualizacion;CRITICAL;notify-service-by-email;YUM CRITICAL: 2 Updates Available
[1690102231] Auto-save of retention data completed successfully.
[1690103148] SERVICE NOTIFICATION: nagiosadmin;SRV_nagios;Actualizacion;CRITICAL;notify-service-by-email;YUM CRITICAL: 2 Updates Available
[1690103148] SERVICE NOTIFICATION: andresnavarro;SRV_nagios;Actualizacion;CRITICAL;notify-service-by-email;YUM CRITICAL: 2 Updates Available
[1690103148] SERVICE NOTIFICATION: soporteti;SRV_nagios;Actualizacion;CRITICAL;notify-service-by-telegram;YUM CRITICAL: 2 Updates Available
[1690103148] SERVICE NOTIFICATION: soporteti;SRV_nagios;Actualizacion;CRITICAL;notify-service-by-email;YUM CRITICAL: 2 Updates Available
[1690103148] SERVICE NOTIFICATION: carlosstange;SRV_nagios;Actualizacion;CRITICAL;notify-service-by-telegram;YUM CRITICAL: 2 Updates Available
[1690103148] SERVICE NOTIFICATION: carlosstange;SRV_nagios;Actualizacion;CRITICAL;notify-service-by-email;YUM CRITICAL: 2 Updates Available
[1690103625] SERVICE ALERT: Veeam2023.cass.pmc;Actualizacion;CRITICAL;SOFT;1;Updates: 1 critical, 0 optional
[1690103747] SERVICE ALERT: Veeam2023.cass.pmc;Actualizacion;CRITICAL;SOFT;2;Updates: 1 critical, 0 optional
[1690103868] SERVICE ALERT: Veeam2023.cass.pmc;Actualizacion;CRITICAL;HARD;3;Updates: 1 critical, 0 optional
[1690104002] SERVICE ALERT: SRV_chat.cass.cl;CPU;UNKNOWN;SOFT;1;CHECK_NRPE: Receive header underflow - only 0 bytes received (4 expected).
[1690104122] SERVICE ALERT: SRV_chat.cass.cl;CPU;OK;SOFT;2;OK - load average per CPU: 0.11, 0.12, 0.07
[1690105831] Auto-save of retention data completed successfully.
[1690106748] SERVICE NOTIFICATION: nagiosadmin;SRV_nagios;Actualizacion;CRITICAL;notify-service-by-email;YUM CRITICAL: 2 Updates Available
[1690106748] SERVICE NOTIFICATION: andresnavarro;SRV_nagios;Actualizacion;CRITICAL;notify-service-by-email;YUM CRITICAL: 2 Updates Available
[1690106748] SERVICE NOTIFICATION: soporteti;SRV_nagios;Actualizacion;CRITICAL;notify-service-by-telegram;YUM CRITICAL: 2 Updates Available
[1690106748] SERVICE NOTIFICATION: soporteti;SRV_nagios;Actualizacion;CRITICAL;notify-service-by-email;YUM CRITICAL: 2 Updates Available
[1690106748] SERVICE NOTIFICATION: carlosstange;SRV_nagios;Actualizacion;CRITICAL;notify-service-by-telegram;YUM CRITICAL: 2 Updates Available
[1690106748] SERVICE NOTIFICATION: carlosstange;SRV_nagios;Actualizacion;CRITICAL;notify-service-by-email;YUM CRITICAL: 2 Updates Available
[1690109431] Auto-save of retention data completed successfully.
[1690110348] SERVICE NOTIFICATION: nagiosadmin;SRV_nagios;Actualizacion;CRITICAL;notify-service-by-email;YUM CRITICAL: 2 Updates Available
[1690110348] SERVICE NOTIFICATION: andresnavarro;SRV_nagios;Actualizacion;CRITICAL;notify-service-by-email;YUM CRITICAL: 2 Updates Available
[1690110348] SERVICE NOTIFICATION: soporteti;SRV_nagios;Actualizacion;CRITICAL;notify-service-by-telegram;YUM CRITICAL: 2 Updates Available
[1690110348] SERVICE NOTIFICATION: soporteti;SRV_nagios;Actualizacion;CRITICAL;notify-service-by-email;YUM CRITICAL: 2 Updates Available
[1690110348] SERVICE NOTIFICATION: carlosstange;SRV_nagios;Actualizacion;CRITICAL;notify-service-by-telegram;YUM CRITICAL: 2 Updates Available
[1690110348] SERVICE NOTIFICATION: carlosstange;SRV_nagios;Actualizacion;CRITICAL;notify-service-by-email;YUM CRITICAL: 2 Updates Available
[1690111801] SERVICE ALERT: SRV_email.cass.cl;Correo Smtp;UNKNOWN;SOFT;1;CHECK_NRPE: Receive header underflow - only 0 bytes received (4 expected).
[1690111921] SERVICE ALERT: SRV_email.cass.cl;Correo Smtp;OK;SOFT;2;SMTP OK - 0.033 sec. response time
[1690112401] SERVICE ALERT: SRV_email.cass.cl;Correo Smtp;UNKNOWN;SOFT;1;CHECK_NRPE: Receive header underflow - only 0 bytes received (4 expected).
[1690112521] SERVICE ALERT: SRV_email.cass.cl;Correo Smtp;OK;SOFT;2;SMTP OK - 0.004 sec. response time
[1690113002] SERVICE ALERT: SRV_chat.cass.cl;Procesos Zombies;UNKNOWN;SOFT;1;CHECK_NRPE: Receive header underflow - only 0 bytes received (4 expected).
[1690113002] SERVICE ALERT: SRV_chat.cass.cl;Proceso Nginx;UNKNOWN;SOFT;1;CHECK_NRPE: Receive header underflow - only 0 bytes received (4 expected).
[1690113002] SERVICE ALERT: SRV_chat.cass.cl;Procesos;UNKNOWN;SOFT;1;CHECK_NRPE: Receive header underflow - only 0 bytes received (4 expected).
[1690113031] Auto-save of retention data completed successfully.
[1690113122] SERVICE ALERT: SRV_chat.cass.cl;Procesos Zombies;OK;SOFT;2;PROCS OK: 0 processes with STATE = Z
[1690113122] SERVICE ALERT: SRV_chat.cass.cl;Proceso Nginx;OK;SOFT;2;PROCS OK: 3 processes with command name 'nginx'
[1690113122] SERVICE ALERT: SRV_chat.cass.cl;Procesos;OK;SOFT;2;PROCS OK: 275 processes
[1690113949] SERVICE NOTIFICATION: nagiosadmin;SRV_nagios;Actualizacion;CRITICAL;notify-service-by-email;YUM CRITICAL: 2 Updates Available
[1690113949] SERVICE NOTIFICATION: andresnavarro;SRV_nagios;Actualizacion;CRITICAL;notify-service-by-email;YUM CRITICAL: 2 Updates Available
[1690113949] SERVICE NOTIFICATION: soporteti;SRV_nagios;Actualizacion;CRITICAL;notify-service-by-telegram;YUM CRITICAL: 2 Updates Available
[1690113949] SERVICE NOTIFICATION: soporteti;SRV_nagios;Actualizacion;CRITICAL;notify-service-by-email;YUM CRITICAL: 2 Updates Available
[1690113949] SERVICE NOTIFICATION: carlosstange;SRV_nagios;Actualizacion;CRITICAL;notify-service-by-telegram;YUM CRITICAL: 2 Updates Available
[1690113949] SERVICE NOTIFICATION: carlosstange;SRV_nagios;Actualizacion;CRITICAL;notify-service-by-email;YUM CRITICAL: 2 Updates Available
[1690116631] Auto-save of retention data completed successfully.
[1690117549] SERVICE NOTIFICATION: nagiosadmin;SRV_nagios;Actualizacion;CRITICAL;notify-service-by-email;YUM CRITICAL: 2 Updates Available
[1690117549] SERVICE NOTIFICATION: andresnavarro;SRV_nagios;Actualizacion;CRITICAL;notify-service-by-email;YUM CRITICAL: 2 Updates Available
[1690117549] SERVICE NOTIFICATION: soporteti;SRV_nagios;Actualizacion;CRITICAL;notify-service-by-telegram;YUM CRITICAL: 2 Updates Available
[1690117549] SERVICE NOTIFICATION: soporteti;SRV_nagios;Actualizacion;CRITICAL;notify-service-by-email;YUM CRITICAL: 2 Updates Available
[1690117549] SERVICE NOTIFICATION: carlosstange;SRV_nagios;Actualizacion;CRITICAL;notify-service-by-telegram;YUM CRITICAL: 2 Updates Available
[1690117549] SERVICE NOTIFICATION: carlosstange;SRV_nagios;Actualizacion;CRITICAL;notify-service-by-email;YUM CRITICAL: 2 Updates Available
[1690120201] SERVICE ALERT: SRV_email.cass.cl;Correo Smtp;CRITICAL;SOFT;1;(No output on stdout) stderr: connect to address 10.0.2.25 port 5666: Connection refused
[1690120231] Auto-save of retention data completed successfully.
[1690120321] SERVICE ALERT: SRV_email.cass.cl;Correo Smtp;OK;SOFT;2;SMTP OK - 0.025 sec. response time
[1690120998] SERVICE ALERT: SRVADMIN.cass.pmc;Actualizacion;UNKNOWN;SOFT;1;The command (check_updates) returned an invalid return code: 255
[1690121119] SERVICE ALERT: SRVADMIN.cass.pmc;Actualizacion;OK;SOFT;2;OK - no pending updates.
[1690121401] SERVICE ALERT: SRV_email.cass.cl;Correo Smtp;CRITICAL;SOFT;1;CHECK_NRPE: Error - Could not connect to 10.0.2.25. Check system logs on 10.0.2.25
[1690121448] SERVICE NOTIFICATION: nagiosadmin;SRV_nagios;Actualizacion;CRITICAL;notify-service-by-email;YUM CRITICAL: 2 Updates Available
[1690121448] SERVICE NOTIFICATION: andresnavarro;SRV_nagios;Actualizacion;CRITICAL;notify-service-by-email;YUM CRITICAL: 2 Updates Available
[1690121448] SERVICE NOTIFICATION: soporteti;SRV_nagios;Actualizacion;CRITICAL;notify-service-by-telegram;YUM CRITICAL: 2 Updates Available
[1690121448] SERVICE NOTIFICATION: soporteti;SRV_nagios;Actualizacion;CRITICAL;notify-service-by-email;YUM CRITICAL: 2 Updates Available
[1690121448] SERVICE NOTIFICATION: carlosstange;SRV_nagios;Actualizacion;CRITICAL;notify-service-by-telegram;YUM CRITICAL: 2 Updates Available
[1690121448] SERVICE NOTIFICATION: carlosstange;SRV_nagios;Actualizacion;CRITICAL;notify-service-by-email;YUM CRITICAL: 2 Updates Available
[1690121521] SERVICE ALERT: SRV_email.cass.cl;Correo Smtp;OK;SOFT;2;SMTP OK - 0.025 sec. response time
[1690122601] SERVICE ALERT: SRV_email.cass.cl;Correo Smtp;UNKNOWN;SOFT;1;CHECK_NRPE: Receive header underflow - only 0 bytes received (4 expected).
[1690122721] SERVICE ALERT: SRV_email.cass.cl;Correo Smtp;OK;SOFT;2;SMTP OK - 0.029 sec. response time
[1690123831] Auto-save of retention data completed successfully.
[1690125048] SERVICE NOTIFICATION: nagiosadmin;SRV_nagios;Actualizacion;CRITICAL;notify-service-by-email;YUM CRITICAL: 2 Updates Available
[1690125048] SERVICE NOTIFICATION: andresnavarro;SRV_nagios;Actualizacion;CRITICAL;notify-service-by-email;YUM CRITICAL: 2 Updates Available
[1690125048] SERVICE NOTIFICATION: soporteti;SRV_nagios;Actualizacion;CRITICAL;notify-service-by-telegram;YUM CRITICAL: 2 Updates Available
[1690125048] SERVICE NOTIFICATION: soporteti;SRV_nagios;Actualizacion;CRITICAL;notify-service-by-email;YUM CRITICAL: 2 Updates Available
[1690125048] SERVICE NOTIFICATION: carlosstange;SRV_nagios;Actualizacion;CRITICAL;notify-service-by-telegram;YUM CRITICAL: 2 Updates Available
[1690125048] SERVICE NOTIFICATION: carlosstange;SRV_nagios;Actualizacion;CRITICAL;notify-service-by-email;YUM CRITICAL: 2 Updates Available
[1690127431] Auto-save of retention data completed successfully.
[1690128648] SERVICE NOTIFICATION: nagiosadmin;SRV_nagios;Actualizacion;CRITICAL;notify-service-by-email;YUM CRITICAL: 2 Updates Available
[1690128648] SERVICE NOTIFICATION: andresnavarro;SRV_nagios;Actualizacion;CRITICAL;notify-service-by-email;YUM CRITICAL: 2 Updates Available
[1690128648] SERVICE NOTIFICATION: soporteti;SRV_nagios;Actualizacion;CRITICAL;notify-service-by-telegram;YUM CRITICAL: 2 Updates Available
[1690128648] SERVICE NOTIFICATION: soporteti;SRV_nagios;Actualizacion;CRITICAL;notify-service-by-email;YUM CRITICAL: 2 Updates Available
[1690128648] SERVICE NOTIFICATION: carlosstange;SRV_nagios;Actualizacion;CRITICAL;notify-service-by-telegram;YUM CRITICAL: 2 Updates Available
[1690128648] SERVICE NOTIFICATION: carlosstange;SRV_nagios;Actualizacion;CRITICAL;notify-service-by-email;YUM CRITICAL: 2 Updates Available
[1690131001] SERVICE ALERT: SRV_email.cass.cl;Correo Smtp;CRITICAL;SOFT;1;(No output on stdout) stderr: connect to address 10.0.2.25 port 5666: Connection refused
[1690131002] SERVICE ALERT: SRV_chat.cass.cl;Usuarios Login;CRITICAL;SOFT;1;(No output on stdout) stderr: connect to address 10.0.0.92 port 5666: Connection refused
[1690131002] SERVICE ALERT: SRV_chat.cass.cl;CPU;CRITICAL;SOFT;1;(No output on stdout) stderr: connect to address 10.0.0.92 port 5666: Connection refused
[1690131031] Auto-save of retention data completed successfully.
[1690131121] SERVICE ALERT: SRV_email.cass.cl;Correo Smtp;OK;SOFT;2;SMTP OK - 0.021 sec. response time
[1690131122] SERVICE ALERT: SRV_chat.cass.cl;Usuarios Login;OK;SOFT;2;USERS OK - 0 users currently logged in
[1690131122] SERVICE ALERT: SRV_chat.cass.cl;CPU;OK;SOFT;2;OK - load average per CPU: 0.14, 0.12, 0.08
[1690132248] SERVICE NOTIFICATION: nagiosadmin;SRV_nagios;Actualizacion;CRITICAL;notify-service-by-email;YUM CRITICAL: 2 Updates Available
[1690132248] SERVICE NOTIFICATION: andresnavarro;SRV_nagios;Actualizacion;CRITICAL;notify-service-by-email;YUM CRITICAL: 2 Updates Available
[1690132248] SERVICE NOTIFICATION: soporteti;SRV_nagios;Actualizacion;CRITICAL;notify-service-by-telegram;YUM CRITICAL: 2 Updates Available
[1690132248] SERVICE NOTIFICATION: soporteti;SRV_nagios;Actualizacion;CRITICAL;notify-service-by-email;YUM CRITICAL: 2 Updates Available
[1690132248] SERVICE NOTIFICATION: carlosstange;SRV_nagios;Actualizacion;CRITICAL;notify-service-by-telegram;YUM CRITICAL: 2 Updates Available
[1690132248] SERVICE NOTIFICATION: carlosstange;SRV_nagios;Actualizacion;CRITICAL;notify-service-by-email;YUM CRITICAL: 2 Updates Available
[1690134631] Auto-save of retention data completed successfully.
[1690135848] SERVICE NOTIFICATION: nagiosadmin;SRV_nagios;Actualizacion;CRITICAL;notify-service-by-email;YUM CRITICAL: 2 Updates Available
[1690135848] SERVICE NOTIFICATION: andresnavarro;SRV_nagios;Actualizacion;CRITICAL;notify-service-by-email;YUM CRITICAL: 2 Updates Available
[1690135848] SERVICE NOTIFICATION: soporteti;SRV_nagios;Actualizacion;CRITICAL;notify-service-by-telegram;YUM CRITICAL: 2 Updates Available
[1690135848] SERVICE NOTIFICATION: soporteti;SRV_nagios;Actualizacion;CRITICAL;notify-service-by-email;YUM CRITICAL: 2 Updates Available
[1690135848] SERVICE NOTIFICATION: carlosstange;SRV_nagios;Actualizacion;CRITICAL;notify-service-by-telegram;YUM CRITICAL: 2 Updates Available
[1690135848] SERVICE NOTIFICATION: carlosstange;SRV_nagios;Actualizacion;CRITICAL;notify-service-by-email;YUM CRITICAL: 2 Updates Available
[1690136401] SERVICE ALERT: SRV_email.cass.cl;Correo Smtp;UNKNOWN;SOFT;1;CHECK_NRPE: Receive header underflow - only 0 bytes received (4 expected).
[1690136521] SERVICE ALERT: SRV_email.cass.cl;Correo Smtp;OK;SOFT;2;SMTP OK - 0.034 sec. response time
[1690138202] SERVICE ALERT: SRV_chat.cass.cl;Procesos;UNKNOWN;SOFT;1;CHECK_NRPE: Receive header underflow - only 0 bytes received (4 expected).
[1690138202] SERVICE ALERT: SRV_chat.cass.cl;Proceso Nginx;UNKNOWN;SOFT;1;CHECK_NRPE: Receive header underflow - only 0 bytes received (4 expected).
[1690138231] Auto-save of retention data completed successfully.
[1690138322] SERVICE ALERT: SRV_chat.cass.cl;Procesos;OK;SOFT;2;PROCS OK: 275 processes
[1690138322] SERVICE ALERT: SRV_chat.cass.cl;Proceso Nginx;OK;SOFT;2;PROCS OK: 3 processes with command name 'nginx'
[1690139448] SERVICE NOTIFICATION: nagiosadmin;SRV_nagios;Actualizacion;CRITICAL;notify-service-by-email;YUM CRITICAL: 2 Updates Available
[1690139448] SERVICE NOTIFICATION: andresnavarro;SRV_nagios;Actualizacion;CRITICAL;notify-service-by-email;YUM CRITICAL: 2 Updates Available
[1690139448] SERVICE NOTIFICATION: soporteti;SRV_nagios;Actualizacion;CRITICAL;notify-service-by-telegram;YUM CRITICAL: 2 Updates Available
[1690139448] SERVICE NOTIFICATION: soporteti;SRV_nagios;Actualizacion;CRITICAL;notify-service-by-email;YUM CRITICAL: 2 Updates Available
[1690139448] SERVICE NOTIFICATION: carlosstange;SRV_nagios;Actualizacion;CRITICAL;notify-service-by-telegram;YUM CRITICAL: 2 Updates Available
[1690139448] SERVICE NOTIFICATION: carlosstange;SRV_nagios;Actualizacion;CRITICAL;notify-service-by-email;YUM CRITICAL: 2 Updates Available
[1690141831] Auto-save of retention data completed successfully.
[1690143048] SERVICE NOTIFICATION: nagiosadmin;SRV_nagios;Actualizacion;CRITICAL;notify-service-by-email;YUM CRITICAL: 2 Updates Available
[1690143048] SERVICE NOTIFICATION: andresnavarro;SRV_nagios;Actualizacion;CRITICAL;notify-service-by-email;YUM CRITICAL: 2 Updates Available
[1690143048] SERVICE NOTIFICATION: soporteti;SRV_nagios;Actualizacion;CRITICAL;notify-service-by-telegram;YUM CRITICAL: 2 Updates Available
[1690143048] SERVICE NOTIFICATION: soporteti;SRV_nagios;Actualizacion;CRITICAL;notify-service-by-email;YUM CRITICAL: 2 Updates Available
[1690143048] SERVICE NOTIFICATION: carlosstange;SRV_nagios;Actualizacion;CRITICAL;notify-service-by-telegram;YUM CRITICAL: 2 Updates Available
[1690143048] SERVICE NOTIFICATION: carlosstange;SRV_nagios;Actualizacion;CRITICAL;notify-service-by-email;YUM CRITICAL: 2 Updates Available
[1690145431] Auto-save of retention data completed successfully.
[1690146648] SERVICE NOTIFICATION: nagiosadmin;SRV_nagios;Actualizacion;CRITICAL;notify-service-by-email;YUM CRITICAL: 2 Updates Available
[1690146648] SERVICE NOTIFICATION: andresnavarro;SRV_nagios;Actualizacion;CRITICAL;notify-service-by-email;YUM CRITICAL: 2 Updates Available
[1690146648] SERVICE NOTIFICATION: soporteti;SRV_nagios;Actualizacion;CRITICAL;notify-service-by-telegram;YUM CRITICAL: 2 Updates Available
[1690146648] SERVICE NOTIFICATION: soporteti;SRV_nagios;Actualizacion;CRITICAL;notify-service-by-email;YUM CRITICAL: 2 Updates Available
[1690146648] SERVICE NOTIFICATION: carlosstange;SRV_nagios;Actualizacion;CRITICAL;notify-service-by-telegram;YUM CRITICAL: 2 Updates Available
[1690146648] SERVICE NOTIFICATION: carlosstange;SRV_nagios;Actualizacion;CRITICAL;notify-service-by-email;YUM CRITICAL: 2 Updates Available
[1690146836] SERVICE ALERT: Veeam2023.cass.pmc;Actualizacion;OK;HARD;1;OK - no pending updates.
[1690147202] SERVICE ALERT: SRV_chat.cass.cl;Proceso Nginx;UNKNOWN;SOFT;1;CHECK_NRPE: Receive header underflow - only 0 bytes received (4 expected).
[1690147202] SERVICE ALERT: SRV_chat.cass.cl;Procesos;UNKNOWN;SOFT;1;CHECK_NRPE: Receive header underflow - only 0 bytes received (4 expected).
[1690147322] SERVICE ALERT: SRV_chat.cass.cl;Procesos;OK;SOFT;2;PROCS OK: 274 processes
[1690147322] SERVICE ALERT: SRV_chat.cass.cl;Proceso Nginx;OK;SOFT;2;PROCS OK: 3 processes with command name 'nginx'
[1690149031] Auto-save of retention data completed successfully.
[1690150249] SERVICE NOTIFICATION: nagiosadmin;SRV_nagios;Actualizacion;CRITICAL;notify-service-by-email;YUM CRITICAL: 2 Updates Available
[1690150249] SERVICE NOTIFICATION: andresnavarro;SRV_nagios;Actualizacion;CRITICAL;notify-service-by-email;YUM CRITICAL: 2 Updates Available
[1690150249] SERVICE NOTIFICATION: soporteti;SRV_nagios;Actualizacion;CRITICAL;notify-service-by-telegram;YUM CRITICAL: 2 Updates Available
[1690150249] SERVICE NOTIFICATION: soporteti;SRV_nagios;Actualizacion;CRITICAL;notify-service-by-email;YUM CRITICAL: 2 Updates Available
[1690150249] SERVICE NOTIFICATION: carlosstange;SRV_nagios;Actualizacion;CRITICAL;notify-service-by-telegram;YUM CRITICAL: 2 Updates Available
[1690150249] SERVICE NOTIFICATION: carlosstange;SRV_nagios;Actualizacion;CRITICAL;notify-service-by-email;YUM CRITICAL: 2 Updates Available
[1690151401] SERVICE ALERT: SRV_email.cass.cl;Correo Smtp;CRITICAL;SOFT;1;(No output on stdout) stderr: connect to address 10.0.2.25 port 5666: Connection refused
[1690151521] SERVICE ALERT: SRV_email.cass.cl;Correo Smtp;OK;SOFT;2;SMTP OK - 0.028 sec. response time
[1690152631] Auto-save of retention data completed successfully.
[1690153802] SERVICE ALERT: SRV_chat.cass.cl;Usuarios Login;CRITICAL;SOFT;1;(No output on stdout) stderr: connect to address 10.0.0.92 port 5666: Connection refused
[1690153849] SERVICE NOTIFICATION: nagiosadmin;SRV_nagios;Actualizacion;CRITICAL;notify-service-by-email;YUM CRITICAL: 2 Updates Available
[1690153849] SERVICE NOTIFICATION: andresnavarro;SRV_nagios;Actualizacion;CRITICAL;notify-service-by-email;YUM CRITICAL: 2 Updates Available
[1690153849] SERVICE NOTIFICATION: soporteti;SRV_nagios;Actualizacion;CRITICAL;notify-service-by-telegram;YUM CRITICAL: 2 Updates Available
[1690153849] SERVICE NOTIFICATION: soporteti;SRV_nagios;Actualizacion;CRITICAL;notify-service-by-email;YUM CRITICAL: 2 Updates Available
[1690153849] SERVICE NOTIFICATION: carlosstange;SRV_nagios;Actualizacion;CRITICAL;notify-service-by-telegram;YUM CRITICAL: 2 Updates Available
[1690153849] SERVICE NOTIFICATION: carlosstange;SRV_nagios;Actualizacion;CRITICAL;notify-service-by-email;YUM CRITICAL: 2 Updates Available
[1690153922] SERVICE ALERT: SRV_chat.cass.cl;Usuarios Login;OK;SOFT;2;USERS OK - 0 users currently logged in
[1690156231] Auto-save of retention data completed successfully.
[1690156821] SERVICE ALERT: SRVADMIN.cass.pmc;Actualizacion;UNKNOWN;SOFT;1;The command (check_updates) returned an invalid return code: 255
[1690156942] SERVICE ALERT: SRVADMIN.cass.pmc;Actualizacion;OK;SOFT;2;OK - no pending updates.
[1690157401] SERVICE ALERT: SRV_email.cass.cl;Correo Smtp;UNKNOWN;SOFT;1;CHECK_NRPE: Receive header underflow - only 0 bytes received (4 expected).
[1690157521] SERVICE ALERT: SRV_email.cass.cl;Correo Smtp;OK;SOFT;2;SMTP OK - 0.025 sec. response time
[1690157748] SERVICE NOTIFICATION: nagiosadmin;SRV_nagios;Actualizacion;CRITICAL;notify-service-by-email;YUM CRITICAL: 2 Updates Available
[1690157748] SERVICE NOTIFICATION: andresnavarro;SRV_nagios;Actualizacion;CRITICAL;notify-service-by-email;YUM CRITICAL: 2 Updates Available
[1690157748] SERVICE NOTIFICATION: soporteti;SRV_nagios;Actualizacion;CRITICAL;notify-service-by-telegram;YUM CRITICAL: 2 Updates Available
[1690157748] SERVICE NOTIFICATION: soporteti;SRV_nagios;Actualizacion;CRITICAL;notify-service-by-email;YUM CRITICAL: 2 Updates Available
[1690157748] SERVICE NOTIFICATION: carlosstange;SRV_nagios;Actualizacion;CRITICAL;notify-service-by-telegram;YUM CRITICAL: 2 Updates Available
[1690157748] SERVICE NOTIFICATION: carlosstange;SRV_nagios;Actualizacion;CRITICAL;notify-service-by-email;YUM CRITICAL: 2 Updates Available
[1690159201] SERVICE ALERT: SRV_chat.cass.cl;Procesos Zombies;UNKNOWN;SOFT;1;CHECK_NRPE: Receive header underflow - only 0 bytes received (4 expected).
[1690159321] SERVICE ALERT: SRV_chat.cass.cl;Procesos Zombies;OK;SOFT;2;PROCS OK: 0 processes with STATE = Z
[1690159543] SERVICE ALERT: SRV_Cfiler.cass.cl;Actualizacion;CRITICAL;SOFT;1;CHECK_NRPE STATE CRITICAL: Socket timeout after 30 seconds.
[1690159545] SERVICE ALERT: SRV_email.cass.cl;Actualizacion;CRITICAL;SOFT;1;CHECK_NRPE STATE CRITICAL: Socket timeout after 30 seconds.
[1690159546] SERVICE ALERT: SRV_SOS2021.cass.cl;Actualizacion;CRITICAL;SOFT;1;CHECK_NRPE STATE CRITICAL: Socket timeout after 30 seconds.
[1690159547] SERVICE ALERT: SRV_chat.cass.cl;Actualizacion;CRITICAL;SOFT;1;CHECK_NRPE STATE CRITICAL: Socket timeout after 30 seconds.
[1690159676] SERVICE ALERT: SRV_Cfiler.cass.cl;Actualizacion;OK;SOFT;2;Updates OK : no updates available
[1690159678] SERVICE ALERT: SRV_email.cass.cl;Actualizacion;OK;SOFT;2;Updates OK : no updates available
[1690159678] SERVICE ALERT: SRV_SOS2021.cass.cl;Actualizacion;OK;SOFT;2;Updates OK : no updates available
[1690159680] SERVICE ALERT: SRV_chat.cass.cl;Actualizacion;OK;SOFT;2;Updates OK : no updates available
[1690159801] SERVICE ALERT: SRV_Cfiler.cass.cl;Actualizacion;UNKNOWN;SOFT;1;CHECK_NRPE: Receive header underflow - only 0 bytes received (4 expected).
[1690159801] SERVICE ALERT: SRV_chat.cass.cl;Actualizacion;UNKNOWN;SOFT;1;CHECK_NRPE: Receive header underflow - only 0 bytes received (4 expected).
[1690159801] SERVICE ALERT: SRV_email.cass.cl;Actualizacion;UNKNOWN;SOFT;1;CHECK_NRPE: Receive header underflow - only 0 bytes received (4 expected).
[1690159802] SERVICE ALERT: SRV_SOS2021.cass.cl;Actualizacion;UNKNOWN;SOFT;1;CHECK_NRPE: Receive header underflow - only 0 bytes received (4 expected).
[1690159831] Auto-save of retention data completed successfully.
[1690159934] SERVICE ALERT: SRV_email.cass.cl;Actualizacion;OK;SOFT;2;Updates OK : no updates available
[1690159934] SERVICE ALERT: SRV_Cfiler.cass.cl;Actualizacion;OK;SOFT;2;Updates OK : no updates available
[1690159934] SERVICE ALERT: SRV_chat.cass.cl;Actualizacion;OK;SOFT;2;Updates OK : no updates available
[1690159934] SERVICE ALERT: SRV_SOS2021.cass.cl;Actualizacion;OK;SOFT;2;Updates OK : no updates available
[1690160401] SERVICE ALERT: SRV_email.cass.cl;Correo Smtp;UNKNOWN;SOFT;1;CHECK_NRPE: Receive header underflow - only 0 bytes received (4 expected).
[1690160402] SERVICE ALERT: SRV_chat.cass.cl;CPU;UNKNOWN;SOFT;1;CHECK_NRPE: Receive header underflow - only 0 bytes received (4 expected).
[1690160522] SERVICE ALERT: SRV_email.cass.cl;Correo Smtp;OK;SOFT;2;SMTP OK - 0.031 sec. response time
[1690160522] SERVICE ALERT: SRV_chat.cass.cl;CPU;OK;SOFT;2;OK - load average per CPU: 0.40, 0.14, 0.08
[1690161348] SERVICE NOTIFICATION: nagiosadmin;SRV_nagios;Actualizacion;CRITICAL;notify-service-by-email;YUM CRITICAL: 2 Updates Available
[1690161348] SERVICE NOTIFICATION: andresnavarro;SRV_nagios;Actualizacion;CRITICAL;notify-service-by-email;YUM CRITICAL: 2 Updates Available
[1690161348] SERVICE NOTIFICATION: soporteti;SRV_nagios;Actualizacion;CRITICAL;notify-service-by-telegram;YUM CRITICAL: 2 Updates Available
[1690161348] SERVICE NOTIFICATION: soporteti;SRV_nagios;Actualizacion;CRITICAL;notify-service-by-email;YUM CRITICAL: 2 Updates Available
[1690161348] SERVICE NOTIFICATION: carlosstange;SRV_nagios;Actualizacion;CRITICAL;notify-service-by-telegram;YUM CRITICAL: 2 Updates Available
[1690161348] SERVICE NOTIFICATION: carlosstange;SRV_nagios;Actualizacion;CRITICAL;notify-service-by-email;YUM CRITICAL: 2 Updates Available
[1690162202] SERVICE ALERT: SRV_chat.cass.cl;Proceso Nginx;UNKNOWN;SOFT;1;CHECK_NRPE: Receive header underflow - only 0 bytes received (4 expected).
[1690162202] SERVICE ALERT: SRV_chat.cass.cl;Procesos;UNKNOWN;SOFT;1;CHECK_NRPE: Receive header underflow - only 0 bytes received (4 expected).
[1690162322] SERVICE ALERT: SRV_chat.cass.cl;Proceso Nginx;OK;SOFT;2;PROCS OK: 3 processes with command name 'nginx'
[1690162322] SERVICE ALERT: SRV_chat.cass.cl;Procesos;OK;SOFT;2;PROCS OK: 275 processes
[1690163431] Auto-save of retention data completed successfully.
[1690164949] SERVICE NOTIFICATION: nagiosadmin;SRV_nagios;Actualizacion;CRITICAL;notify-service-by-email;YUM CRITICAL: 2 Updates Available
[1690164949] SERVICE NOTIFICATION: andresnavarro;SRV_nagios;Actualizacion;CRITICAL;notify-service-by-email;YUM CRITICAL: 2 Updates Available
[1690164949] SERVICE NOTIFICATION: soporteti;SRV_nagios;Actualizacion;CRITICAL;notify-service-by-telegram;YUM CRITICAL: 2 Updates Available
[1690164949] SERVICE NOTIFICATION: soporteti;SRV_nagios;Actualizacion;CRITICAL;notify-service-by-email;YUM CRITICAL: 2 Updates Available
[1690164949] SERVICE NOTIFICATION: carlosstange;SRV_nagios;Actualizacion;CRITICAL;notify-service-by-telegram;YUM CRITICAL: 2 Updates Available
[1690164949] SERVICE NOTIFICATION: carlosstange;SRV_nagios;Actualizacion;CRITICAL;notify-service-by-email;YUM CRITICAL: 2 Updates Available
[1690165801] SERVICE ALERT: SRV_chat.cass.cl;Procesos Zombies;CRITICAL;SOFT;1;(No output on stdout) stderr: connect to address 10.0.0.92 port 5666: Connection refused
[1690165921] SERVICE ALERT: SRV_chat.cass.cl;Procesos Zombies;OK;SOFT;2;PROCS OK: 0 processes with STATE = Z
[1690167031] Auto-save of retention data completed successfully.
[1690168549] SERVICE NOTIFICATION: nagiosadmin;SRV_nagios;Actualizacion;CRITICAL;notify-service-by-email;YUM CRITICAL: 2 Updates Available
[1690168549] SERVICE NOTIFICATION: andresnavarro;SRV_nagios;Actualizacion;CRITICAL;notify-service-by-email;YUM CRITICAL: 2 Updates Available
[1690168549] SERVICE NOTIFICATION: soporteti;SRV_nagios;Actualizacion;CRITICAL;notify-service-by-telegram;YUM CRITICAL: 2 Updates Available
[1690168549] SERVICE NOTIFICATION: soporteti;SRV_nagios;Actualizacion;CRITICAL;notify-service-by-email;YUM CRITICAL: 2 Updates Available
[1690168549] SERVICE NOTIFICATION: carlosstange;SRV_nagios;Actualizacion;CRITICAL;notify-service-by-telegram;YUM CRITICAL: 2 Updates Available
[1690168549] SERVICE NOTIFICATION: carlosstange;SRV_nagios;Actualizacion;CRITICAL;notify-service-by-email;YUM CRITICAL: 2 Updates Available
[1690168802] SERVICE ALERT: SRV_chat.cass.cl;CPU;CRITICAL;SOFT;1;(No output on stdout) stderr: connect to address 10.0.0.92 port 5666: Connection refused
[1690168922] SERVICE ALERT: SRV_chat.cass.cl;CPU;OK;SOFT;2;OK - load average per CPU: 0.10, 0.09, 0.09
[1690170631] Auto-save of retention data completed successfully.
