[1687320000] LOG ROTATION: DAILY
[1687320000] LOG VERSION: 2.0
[1687320000] CURRENT HOST STATE: ADL Diagnostic;UP;HARD;1;PING OK - Packet loss = 0%, RTA = 36.66 ms
[1687320000] CURRENT HOST STATE: Blueshell;UP;HARD;1;PING OK - Packet loss = 0%, RTA = 3.30 ms
[1687320000] CURRENT HOST STATE: Cass Entel;UP;HARD;1;PING OK - Packet loss = 0%, RTA = 0.66 ms
[1687320000] CURRENT HOST STATE: Cass Telsur;UP;HARD;1;PING OK - Packet loss = 0%, RTA = 1.22 ms
[1687320000] CURRENT HOST STATE: Clinica PV Movistar;UP;HARD;1;PING OK - Packet loss = 0%, RTA = 31.42 ms
[1687320000] CURRENT HOST STATE: Clinica PV Telsur;UP;HARD;1;PING OK - Packet loss = 0%, RTA = 1.32 ms
[1687320000] CURRENT HOST STATE: Confe;UP;HARD;1;PING OK - Packet loss = 0%, RTA = 40.91 ms
[1687320000] CURRENT HOST STATE: Electric Works;UP;HARD;1;PING OK - Packet loss = 0%, RTA = 36.49 ms
[1687320000] CURRENT HOST STATE: Ext Entel;UP;HARD;1;PING OK - Packet loss = 0%, RTA = 0.65 ms
[1687320000] CURRENT HOST STATE: Ext Telsur;UP;HARD;1;PING OK - Packet loss = 0%, RTA = 1.24 ms
[1687320000] CURRENT HOST STATE: FW ADL Diagnostic;UP;HARD;1;PING OK - Packet loss = 0%, RTA = 35.55 ms
[1687320000] CURRENT HOST STATE: FW Blueshell;UP;HARD;1;PING OK - Packet loss = 0%, RTA = 3.11 ms
[1687320000] CURRENT HOST STATE: FW Cass Entel;UP;HARD;1;PING OK - Packet loss = 16%, RTA = 35.46 ms
[1687320000] CURRENT HOST STATE: FW Cass Telsur;UP;HARD;1;PING OK - Packet loss = 0%, RTA = 0.58 ms
[1687320000] CURRENT HOST STATE: FW Clinica PV Movistar;UP;HARD;1;PING OK - Packet loss = 0%, RTA = 39.19 ms
[1687320000] CURRENT HOST STATE: FW Clinica PV Telsur;UP;HARD;1;PING OK - Packet loss = 0%, RTA = 1.44 ms
[1687320000] CURRENT HOST STATE: FW Confe;UP;HARD;1;PING OK - Packet loss = 0%, RTA = 40.04 ms
[1687320000] CURRENT HOST STATE: FW Electric Works;UP;HARD;1;PING OK - Packet loss = 0%, RTA = 37.22 ms
[1687320000] CURRENT HOST STATE: FW Gore Los Lagos;UP;HARD;1;PING OK - Packet loss = 0%, RTA = 1.20 ms
[1687320000] CURRENT HOST STATE: FW Pasmar;UP;HARD;1;PING OK - Packet loss = 16%, RTA = 1.33 ms
[1687320000] CURRENT HOST STATE: Gore Los Lagos;UP;HARD;1;PING OK - Packet loss = 0%, RTA = 1.35 ms
[1687320000] CURRENT HOST STATE: Host-10.0.0.120;UP;HARD;1;PING OK - Packet loss = 0%, RTA = 0.49 ms
[1687320000] CURRENT HOST STATE: Host-10.0.0.121;UP;HARD;1;PING OK - Packet loss = 0%, RTA = 0.49 ms
[1687320000] CURRENT HOST STATE: Internet;UP;HARD;1;PING OK - Packet loss = 0%, RTA = 22.23 ms
[1687320000] CURRENT HOST STATE: Pasmar;UP;HARD;1;PING OK - Packet loss = 0%, RTA = 1.38 ms
[1687320000] CURRENT HOST STATE: Qnap NAS;UP;HARD;1;PING OK - Packet loss = 0%, RTA = 0.30 ms
[1687320000] CURRENT HOST STATE: SRV01USER_cass.cl;UP;HARD;1;PING OK - Packet loss = 0%, RTA = 2.54 ms
[1687320000] CURRENT HOST STATE: SRV04AD01.cass.cl;UP;HARD;1;PING OK - Packet loss = 0%, RTA = 1.75 ms
[1687320000] CURRENT HOST STATE: SRV05AD02_cass.cl;UP;HARD;1;PING OK - Packet loss = 0%, RTA = 1.52 ms
[1687320000] CURRENT HOST STATE: SRV11VIBE_cass.cl;UP;HARD;1;PING OK - Packet loss = 0%, RTA = 1.23 ms
[1687320000] CURRENT HOST STATE: SRV12WEB_cass.cl;UP;HARD;1;PING OK - Packet loss = 0%, RTA = 1.12 ms
[1687320000] CURRENT HOST STATE: SRVAD1.cass.pmc;UP;HARD;1;PING OK - Packet loss = 0%, RTA = 1.61 ms
[1687320000] CURRENT HOST STATE: SRVAD2.cass.pmc;UP;HARD;1;PING OK - Packet loss = 0%, RTA = 1.50 ms
[1687320000] CURRENT HOST STATE: SRVADMIN.cass.pmc;UP;HARD;1;PING OK - Packet loss = 0%, RTA = 0.69 ms
[1687320000] CURRENT HOST STATE: SRVCONT.cass.cl;UP;HARD;1;PING OK - Packet loss = 0%, RTA = 3.20 ms
[1687320000] CURRENT HOST STATE: SRVDC1.cass.pmc;UP;HARD;1;PING OK - Packet loss = 0%, RTA = 1.48 ms
[1687320000] CURRENT HOST STATE: SRVDNS;UP;HARD;1;PING OK - Packet loss = 0%, RTA = 1.15 ms
[1687320000] CURRENT HOST STATE: SRVMFSD;UP;HARD;1;PING OK - Packet loss = 0%, RTA = 1.17 ms
[1687320000] CURRENT HOST STATE: SRV_Cfiler.cass.cl;UP;HARD;1;PING OK - Packet loss = 0%, RTA = 0.65 ms
[1687320000] CURRENT HOST STATE: SRV_Oraculo_cass.cl;UP;HARD;1;PING OK - Packet loss = 0%, RTA = 1.17 ms
[1687320000] CURRENT HOST STATE: SRV_SOS2021.cass.cl;UP;HARD;1;PING OK - Packet loss = 0%, RTA = 1.03 ms
[1687320000] CURRENT HOST STATE: SRV_SUM;UP;HARD;1;PING OK - Packet loss = 0%, RTA = 0.67 ms
[1687320000] CURRENT HOST STATE: SRV_chat.cass.cl;UP;HARD;1;PING OK - Packet loss = 0%, RTA = 0.58 ms
[1687320000] CURRENT HOST STATE: SRV_email.cass.cl;UP;HARD;1;PING OK - Packet loss = 0%, RTA = 1.20 ms
[1687320000] CURRENT HOST STATE: SRV_nagios;UP;HARD;1;PING OK - Packet loss = 0%, RTA = 0.08 ms
[1687320000] CURRENT HOST STATE: SRV_sync.cass.cl;UP;HARD;1;PING OK - Packet loss = 0%, RTA = 1.17 ms
[1687320000] CURRENT HOST STATE: Servidor Vcenter;UP;HARD;1;PING OK - Packet loss = 0%, RTA = 0.57 ms
[1687320000] CURRENT HOST STATE: Servidores CASS;UP;HARD;1;PING OK - Packet loss = 0%, RTA = 1.25 ms
[1687320000] CURRENT HOST STATE: Ups Principal;UP;HARD;1;PING OK - Packet loss = 0%, RTA = 1.06 ms
[1687320000] CURRENT HOST STATE: Veeam2023.cass.pmc;UP;HARD;1;PING OK - Packet loss = 0%, RTA = 1.85 ms
[1687320000] CURRENT HOST STATE: web_cass_cl;UP;HARD;1;PING OK - Packet loss = 0%, RTA = 0.64 ms
[1687320000] CURRENT SERVICE STATE: ADL Diagnostic;Ping;OK;HARD;1;PING OK - Packet loss = 0%, RTA = 36.60 ms
[1687320000] CURRENT SERVICE STATE: Blueshell;Ping;OK;HARD;1;PING OK - Packet loss = 16%, RTA = 3.19 ms
[1687320000] CURRENT SERVICE STATE: Clinica PV Movistar;Ping;OK;HARD;1;PING OK - Packet loss = 0%, RTA = 31.47 ms
[1687320000] CURRENT SERVICE STATE: Confe;Ping;OK;HARD;1;PING OK - Packet loss = 0%, RTA = 40.25 ms
[1687320000] CURRENT SERVICE STATE: Electric Works;Ping;OK;HARD;1;PING OK - Packet loss = 0%, RTA = 36.49 ms
[1687320000] CURRENT SERVICE STATE: Ext Telsur;Ping;OK;HARD;1;PING OK - Packet loss = 0%, RTA = 1.30 ms
[1687320000] CURRENT SERVICE STATE: FW ADL Diagnostic;Ping;OK;HARD;1;PING OK - Packet loss = 0%, RTA = 35.53 ms
[1687320000] CURRENT SERVICE STATE: FW Blueshell;Ping;OK;HARD;1;PING OK - Packet loss = 0%, RTA = 3.19 ms
[1687320000] CURRENT SERVICE STATE: FW Cass Entel;Ping;OK;HARD;1;PING OK - Packet loss = 0%, RTA = 35.47 ms
[1687320000] CURRENT SERVICE STATE: FW Cass Telsur;Ancho de Banda DMZ;OK;HARD;1;OK - Average IN: 3.44KB (0.00%), Average OUT: 4.26KB (0.00%)Total RX: 38.84GBytes, Total TX: 27.22GBytes
[1687320000] CURRENT SERVICE STATE: FW Cass Telsur;Ancho de Banda LAN;OK;HARD;1;OK - Average IN: 819.98B (0.00%), Average OUT: 1.18KB (0.00%)Total RX: 672.71GBytes, Total TX: 549.28GBytes
[1687320000] CURRENT SERVICE STATE: FW Cass Telsur;Ancho de Banda WAN;OK;HARD;1;OK - Average IN: 36.78B (0.00%), Average OUT: 14.02B (0.00%)Total RX: 3061.10GBytes, Total TX: 5690.41GBytes
[1687320000] CURRENT SERVICE STATE: FW Cass Telsur;Estado Puerto DMZ;OK;HARD;1;OK: Interface eth2 (index 4) is up.
[1687320000] CURRENT SERVICE STATE: FW Cass Telsur;Estado Puerto LAN;OK;HARD;1;OK: Interface eth0 (index 2) is up.
[1687320000] CURRENT SERVICE STATE: FW Cass Telsur;Estado Puerto WAN;OK;HARD;1;OK: Interface eth1 (index 3) is up.
[1687320000] CURRENT SERVICE STATE: FW Cass Telsur;Estado TCP Sophos;OK;HARD;1;TCP OK - 0.001 second response time on 201.220.96.34 port 4444
[1687320000] CURRENT SERVICE STATE: FW Cass Telsur;Ping;OK;HARD;1;PING OK - Packet loss = 0%, RTA = 0.52 ms
[1687320000] CURRENT SERVICE STATE: FW Cass Telsur;Tiempo Activo;OK;HARD;1;SNMP OK - Timeticks: (250891226) 29 days, 0:55:12.26
[1687320000] CURRENT SERVICE STATE: FW Clinica PV Movistar;Ping;OK;HARD;1;PING OK - Packet loss = 0%, RTA = 43.97 ms
[1687320000] CURRENT SERVICE STATE: FW Confe;Ping;OK;HARD;1;PING OK - Packet loss = 0%, RTA = 39.49 ms
[1687320000] CURRENT SERVICE STATE: FW Electric Works;Ping;OK;HARD;1;PING OK - Packet loss = 0%, RTA = 37.32 ms
[1687320000] CURRENT SERVICE STATE: FW Gore Los Lagos;Ping;OK;HARD;1;PING OK - Packet loss = 0%, RTA = 1.29 ms
[1687320000] CURRENT SERVICE STATE: FW Pasmar;Ping;OK;HARD;1;PING OK - Packet loss = 16%, RTA = 1.19 ms
[1687320000] CURRENT SERVICE STATE: Gore Los Lagos;Ping;OK;HARD;1;PING OK - Packet loss = 0%, RTA = 1.23 ms
[1687320000] CURRENT SERVICE STATE: Host-10.0.0.120;Ping;OK;HARD;1;PING OK - Packet loss = 0%, RTA = 0.42 ms
[1687320000] CURRENT SERVICE STATE: Host-10.0.0.121;Ping;OK;HARD;1;PING OK - Packet loss = 0%, RTA = 0.57 ms
[1687320000] CURRENT SERVICE STATE: Pasmar;Ping;OK;HARD;1;PING OK - Packet loss = 0%, RTA = 1.41 ms
[1687320000] CURRENT SERVICE STATE: Qnap NAS;Almacenamiento;OK;HARD;1;OK: Total:50TB - Used:30TB - Free:19TB - Used Space: 61%
[1687320000] CURRENT SERVICE STATE: Qnap NAS;Estado;OK;HARD;1;Power Supply #1 - OK: GOOD
[1687320000] CURRENT SERVICE STATE: Qnap NAS;Memoria;OK;HARD;1;OK: Total:3830MB - Used:1244MB - Free:2586MB = 33%
[1687320000] CURRENT SERVICE STATE: Qnap NAS;Sysinfo;OK;HARD;1;NAS Cloud, Model TS-879U-RP, Firmware 4.3.6, Max HD number 8, No. Volume 1
[1687320000] CURRENT SERVICE STATE: Qnap NAS;Temperatura;OK;HARD;1;OK: Temperature=37C
[1687320000] CURRENT SERVICE STATE: Qnap NAS;Tiempo Activo;OK;HARD;1;SNMP OK - Timeticks: (350597163) 40 days, 13:52:51.63
[1687320000] CURRENT SERVICE STATE: SRV01USER_cass.cl;Actualizacion;OK;HARD;1;OK - no pending updates.
[1687320000] CURRENT SERVICE STATE: SRV01USER_cass.cl;Almacenamiento C;OK;HARD;1;c:\ - total: 119.40 Gb - used: 90.97 Gb (76%) - free 28.42 Gb (24%)
[1687320000] CURRENT SERVICE STATE: SRV01USER_cass.cl;Almacenamiento U;OK;HARD;1;u:\ - total: 1023.98 Gb - used: 179.72 Gb (18%) - free 844.26 Gb (82%)
[1687320000] CURRENT SERVICE STATE: SRV01USER_cass.cl;CPU;OK;HARD;1;CPU Load 1% (5 min average)
[1687320000] CURRENT SERVICE STATE: SRV01USER_cass.cl;Memoria;OK;HARD;1;Memory usage: total:23551.21 MB - used: 7030.36 MB (30%) - free: 16520.86 MB (70%)
[1687320000] CURRENT SERVICE STATE: SRV01USER_cass.cl;Ping;OK;HARD;1;PING OK - Packet loss = 0%, RTA = 2.49 ms
[1687320000] CURRENT SERVICE STATE: SRV01USER_cass.cl;Tiempo Activo;OK;HARD;1;System Uptime - 1 day(s) 1 hour(s) 48 minute(s)
[1687320000] CURRENT SERVICE STATE: SRV04AD01.cass.cl;Ping;OK;HARD;1;PING OK - Packet loss = 0%, RTA = 1.68 ms
[1687320000] CURRENT SERVICE STATE: SRV05AD02_cass.cl;Ping;OK;HARD;1;PING OK - Packet loss = 0%, RTA = 1.58 ms
[1687320000] CURRENT SERVICE STATE: SRV11VIBE_cass.cl;Actualizacion;CRITICAL;HARD;3;Updates CRITICAL : discontinued OS Release SLE 15.1: no updates available
[1687320000] CURRENT SERVICE STATE: SRV11VIBE_cass.cl;Almacenamiento /;OK;HARD;1;DISK OK - free space: /var/tmp 78745 MiB (85.96% inode=-):
[1687320000] CURRENT SERVICE STATE: SRV11VIBE_cass.cl;CPU;OK;HARD;1;OK - load average per CPU: 0.01, 0.01, 0.00
[1687320000] CURRENT SERVICE STATE: SRV11VIBE_cass.cl;Memoria;OK;HARD;1;[MEMORY] Total: 7693 MB - Used: 2935 MB - 38% [SWAP] Total: 7944 MB - Used: 4 MB - 0%
[1687320000] CURRENT SERVICE STATE: SRV11VIBE_cass.cl;Ping;OK;HARD;1;PING OK - Packet loss = 0%, RTA = 1.18 ms
[1687320000] CURRENT SERVICE STATE: SRV11VIBE_cass.cl;Proceso Vibe;OK;HARD;1;PROCS OK: 0 processes with command name 'vibe'
[1687320000] CURRENT SERVICE STATE: SRV11VIBE_cass.cl;Procesos;OK;HARD;1;PROCS OK: 318 processes
[1687320000] CURRENT SERVICE STATE: SRV11VIBE_cass.cl;Procesos Zombies;OK;HARD;1;PROCS OK: 0 processes with STATE = Z
[1687320000] CURRENT SERVICE STATE: SRV11VIBE_cass.cl;Puerto HTTP;OK;HARD;1;TCP OK - 0.001 second response time on 10.0.2.13 port 80
[1687320000] CURRENT SERVICE STATE: SRV11VIBE_cass.cl;Puerto HTTPS;OK;HARD;1;TCP OK - 0.001 second response time on 10.0.2.13 port 443
[1687320000] CURRENT SERVICE STATE: SRV11VIBE_cass.cl;Servicio Vibe;OK;HARD;1;OK: Service vibe is running!
[1687320000] CURRENT SERVICE STATE: SRV11VIBE_cass.cl;Tiempo Activo;OK;HARD;1;Uptime OK: 60 day(s) 14 hour(s) 15 minute(s)
[1687320000] CURRENT SERVICE STATE: SRV11VIBE_cass.cl;Usuarios Login;OK;HARD;1;USERS OK - 2 users currently logged in
[1687320000] CURRENT SERVICE STATE: SRV12WEB_cass.cl;Ping;OK;HARD;1;PING OK - Packet loss = 0%, RTA = 0.96 ms
[1687320000] CURRENT SERVICE STATE: SRVAD1.cass.pmc;Ping;OK;HARD;1;PING OK - Packet loss = 0%, RTA = 1.67 ms
[1687320000] CURRENT SERVICE STATE: SRVAD2.cass.pmc;Ping;OK;HARD;1;PING OK - Packet loss = 0%, RTA = 1.38 ms
[1687320000] CURRENT SERVICE STATE: SRVADMIN.cass.pmc;Actualizacion;OK;HARD;1;OK - no pending updates.
[1687320000] CURRENT SERVICE STATE: SRVADMIN.cass.pmc;Almacenamiento;OK;HARD;1;c:\ - total: 299.66 Gb - used: 157.79 Gb (53%) - free 141.86 Gb (47%)
[1687320000] CURRENT SERVICE STATE: SRVADMIN.cass.pmc;CPU;OK;HARD;1;CPU Load 0% (5 min average)
[1687320000] CURRENT SERVICE STATE: SRVADMIN.cass.pmc;Memoria;OK;HARD;1;Memory usage: total:18171.58 MB - used: 11533.82 MB (63%) - free: 6637.76 MB (37%)
[1687320000] CURRENT SERVICE STATE: SRVADMIN.cass.pmc;Ping;OK;HARD;1;PING OK - Packet loss = 0%, RTA = 0.63 ms
[1687320000] CURRENT SERVICE STATE: SRVADMIN.cass.pmc;Tiempo Activo;OK;HARD;1;System Uptime - 1 day(s) 1 hour(s) 18 minute(s)
[1687320000] CURRENT SERVICE STATE: SRVCONT.cass.cl;Actualizacion;CRITICAL;HARD;3;Updates: 1 critical, 0 optional
[1687320000] CURRENT SERVICE STATE: SRVCONT.cass.cl;Almacenamiento;OK;HARD;1;c:\ - total: 299.33 Gb - used: 42.18 Gb (14%) - free 257.15 Gb (86%)
[1687320000] CURRENT SERVICE STATE: SRVCONT.cass.cl;CPU;OK;HARD;1;CPU Load 4% (5 min average)
[1687320000] CURRENT SERVICE STATE: SRVCONT.cass.cl;Memoria;OK;HARD;1;Memory usage: total:14143.13 MB - used: 3199.91 MB (23%) - free: 10943.22 MB (77%)
[1687320000] CURRENT SERVICE STATE: SRVCONT.cass.cl;Ping;OK;HARD;1;PING OK - Packet loss = 0%, RTA = 3.29 ms
[1687320000] CURRENT SERVICE STATE: SRVCONT.cass.cl;Tiempo Activo;OK;HARD;1;System Uptime - 5 day(s) 2 hour(s) 9 minute(s)
[1687320000] CURRENT SERVICE STATE: SRVDC1.cass.pmc;Ping;OK;HARD;1;PING OK - Packet loss = 0%, RTA = 1.56 ms
[1687320000] CURRENT SERVICE STATE: SRVDNS;Ping;OK;HARD;1;PING OK - Packet loss = 0%, RTA = 1.01 ms
[1687320000] CURRENT SERVICE STATE: SRVMFSD;Ping;OK;HARD;1;PING OK - Packet loss = 0%, RTA = 1.48 ms
[1687320000] CURRENT SERVICE STATE: SRV_Cfiler.cass.cl;Actualizacion;OK;HARD;1;Updates OK : no updates available
[1687320000] CURRENT SERVICE STATE: SRV_Cfiler.cass.cl;Almacenamiento /;OK;HARD;1;DISK OK - free space: / 2479449 MB (73% inode=-):
[1687320000] CURRENT SERVICE STATE: SRV_Cfiler.cass.cl;CPU;OK;HARD;1;OK - load average: 0.17, 0.14, 0.10
[1687320000] CURRENT SERVICE STATE: SRV_Cfiler.cass.cl;Http;OK;HARD;1;TCP OK - 0.000 second response time on port 80
[1687320000] CURRENT SERVICE STATE: SRV_Cfiler.cass.cl;Https;OK;HARD;1;TCP OK - 0.000 second response time on port 443
[1687320000] CURRENT SERVICE STATE: SRV_Cfiler.cass.cl;Memoria;OK;HARD;1;[MEMORY] Total: 3893 MB - Used: 1066 MB - 27% [SWAP] Total: 2047 MB - Used: 289 MB - 14%
[1687320000] CURRENT SERVICE STATE: SRV_Cfiler.cass.cl;Procesos;OK;HARD;1;PROCS OK: 305 processes
[1687320000] CURRENT SERVICE STATE: SRV_Cfiler.cass.cl;Procesos Zombies;OK;HARD;1;PROCS OK: 0 processes with STATE = Z
[1687320000] CURRENT SERVICE STATE: SRV_Cfiler.cass.cl;Procs Apache;OK;HARD;1;PROCS OK: 11 processes with args 'apache2'
[1687320000] CURRENT SERVICE STATE: SRV_Cfiler.cass.cl;Serv Apache;OK;HARD;1;OK: Service apache is running!
[1687320000] CURRENT SERVICE STATE: SRV_Cfiler.cass.cl;Servicio General;OK;HARD;1;PING OK - Packet loss = 0%, RTA = 0.55 ms
[1687320000] CURRENT SERVICE STATE: SRV_Cfiler.cass.cl;Tiempo Activo;OK;HARD;1;Uptime OK: 63 day(s) 2 hour(s) 3 minute(s)
[1687320000] CURRENT SERVICE STATE: SRV_Cfiler.cass.cl;Usuarios Login;OK;HARD;1;USERS OK - 1 users currently logged in
[1687320000] CURRENT SERVICE STATE: SRV_Oraculo_cass.cl;Ping;OK;HARD;1;PING OK - Packet loss = 0%, RTA = 1.22 ms
[1687320000] CURRENT SERVICE STATE: SRV_SOS2021.cass.cl;Actualizacion;OK;HARD;1;Updates OK : no updates available
[1687320000] CURRENT SERVICE STATE: SRV_SOS2021.cass.cl;Almacenamiento /;OK;HARD;1;DISK OK - free space: /var/tmp 118450 MiB (91.24% inode=-):
[1687320000] CURRENT SERVICE STATE: SRV_SOS2021.cass.cl;CPU;OK;HARD;1;OK - load average per CPU: 0.02, 0.02, 0.01
[1687320000] CURRENT SERVICE STATE: SRV_SOS2021.cass.cl;Memoria;OK;HARD;1;[MEMORY] Total: 7946 MB - Used: 1512 MB - 19% [SWAP] Total: 10239 MB - Used: 0 MB - 0%
[1687320000] CURRENT SERVICE STATE: SRV_SOS2021.cass.cl;Ping;OK;HARD;1;PING OK - Packet loss = 0%, RTA = 0.60 ms
[1687320000] CURRENT SERVICE STATE: SRV_SOS2021.cass.cl;Procesos;OK;HARD;1;PROCS OK: 314 processes
[1687320000] CURRENT SERVICE STATE: SRV_SOS2021.cass.cl;Procesos Zombies;OK;HARD;1;PROCS OK: 0 processes with STATE = Z
[1687320000] CURRENT SERVICE STATE: SRV_SOS2021.cass.cl;Tiempo Activo;OK;HARD;1;Uptime OK: 90 day(s) 11 hour(s) 37 minute(s)
[1687320000] CURRENT SERVICE STATE: SRV_SOS2021.cass.cl;Usuarios Login;OK;HARD;1;USERS OK - 0 users currently logged in
[1687320000] CURRENT SERVICE STATE: SRV_SUM;Ping;OK;HARD;1;PING OK - Packet loss = 0%, RTA = 0.69 ms
[1687320000] CURRENT SERVICE STATE: SRV_chat.cass.cl;Actualizacion;OK;HARD;1;Updates OK : no updates available
[1687320000] CURRENT SERVICE STATE: SRV_chat.cass.cl;Almacenamiento /;OK;HARD;1;DISK OK - free space: /var/tmp 974625 MiB (93.27% inode=-):
[1687320000] CURRENT SERVICE STATE: SRV_chat.cass.cl;CPU;OK;HARD;1;OK - load average per CPU: 0.10, 0.06, 0.05
[1687320000] CURRENT SERVICE STATE: SRV_chat.cass.cl;Memoria;OK;HARD;1;[MEMORY] Total: 7919 MB - Used: 2703 MB - 34% [SWAP] Total: 2048 MB - Used: 473 MB - 23%
[1687320000] CURRENT SERVICE STATE: SRV_chat.cass.cl;Ping;OK;HARD;1;PING OK - Packet loss = 0%, RTA = 0.54 ms
[1687320000] CURRENT SERVICE STATE: SRV_chat.cass.cl;Proceso Docker;OK;HARD;1;PROCS OK: 0 processes with command name 'docker'
[1687320000] CURRENT SERVICE STATE: SRV_chat.cass.cl;Proceso Nginx;OK;HARD;1;PROCS OK: 3 processes with command name 'nginx'
[1687320000] CURRENT SERVICE STATE: SRV_chat.cass.cl;Procesos;OK;HARD;1;PROCS OK: 293 processes
[1687320000] CURRENT SERVICE STATE: SRV_chat.cass.cl;Procesos Zombies;OK;HARD;1;PROCS OK: 0 processes with STATE = Z
[1687320000] CURRENT SERVICE STATE: SRV_chat.cass.cl;Puerto Contenedor;OK;HARD;1;TCP OK - 0.000 second response time on port 8000
[1687320000] CURRENT SERVICE STATE: SRV_chat.cass.cl;Puerto HTTP;OK;HARD;1;TCP OK - 0.000 second response time on port 80
[1687320000] CURRENT SERVICE STATE: SRV_chat.cass.cl;Puerto HTTPS;OK;HARD;1;TCP OK - 0.000 second response time on port 443
[1687320000] CURRENT SERVICE STATE: SRV_chat.cass.cl;Puerto Portainer;OK;HARD;1;TCP OK - 0.001 second response time on port 9443
[1687320000] CURRENT SERVICE STATE: SRV_chat.cass.cl;Servicio Docker;OK;HARD;1;OK: Service docker is running!
[1687320000] CURRENT SERVICE STATE: SRV_chat.cass.cl;Servicio Nginx;OK;HARD;1;OK: Service nginx is running!
[1687320000] CURRENT SERVICE STATE: SRV_chat.cass.cl;Usuarios Login;OK;HARD;1;USERS OK - 2 users currently logged in
[1687320000] CURRENT SERVICE STATE: SRV_email.cass.cl;Actualizacion;OK;HARD;1;Updates OK : no updates available
[1687320000] CURRENT SERVICE STATE: SRV_email.cass.cl;Almacenamiento /;OK;HARD;1;DISK OK - free space: /var/tmp 476344 MiB (94.02% inode=-):
[1687320000] CURRENT SERVICE STATE: SRV_email.cass.cl;Almacenamiento Mail;OK;HARD;1;DISK OK - free space: /mail 1814597 MiB (92.66% inode=99%):
[1687320000] CURRENT SERVICE STATE: SRV_email.cass.cl;Almacenamiento Mail2;OK;HARD;1;DISK OK - free space: /mail2 476410 MiB (99.82% inode=100%):
[1687320000] CURRENT SERVICE STATE: SRV_email.cass.cl;CPU;OK;HARD;1;OK - load average per CPU: 0.01, 0.01, 0.01
[1687320000] CURRENT SERVICE STATE: SRV_email.cass.cl;Correo Pop;OK;HARD;1;POP OK - 0.001 second response time on 10.0.2.25 port 110 [+OK GroupWise POP3 server ready]
[1687320000] CURRENT SERVICE STATE: SRV_email.cass.cl;Correo Smtp;OK;HARD;1;SMTP OK - 0.064 sec. response time
[1687320000] CURRENT SERVICE STATE: SRV_email.cass.cl;Memoria;OK;HARD;1;[MEMORY] Total: 11939 MB - Used: 2427 MB - 20% [SWAP] Total: 2048 MB - Used: 207 MB - 10%
[1687320000] CURRENT SERVICE STATE: SRV_email.cass.cl;Ping;OK;HARD;1;PING OK - Packet loss = 0%, RTA = 1.22 ms
[1687320000] CURRENT SERVICE STATE: SRV_email.cass.cl;Procesos;OK;HARD;1;PROCS OK: 297 processes
[1687320000] CURRENT SERVICE STATE: SRV_email.cass.cl;Procesos Zombies;OK;HARD;1;PROCS OK: 0 processes with STATE = Z
[1687320000] CURRENT SERVICE STATE: SRV_email.cass.cl;Tiempo Activo;OK;HARD;1;Uptime OK: 75 day(s) 10 hour(s) 47 minute(s)
[1687320000] CURRENT SERVICE STATE: SRV_email.cass.cl;Usuarios Login;OK;HARD;1;USERS OK - 0 users currently logged in
[1687320000] CURRENT SERVICE STATE: SRV_nagios;Actualizacion;OK;HARD;1;YUM OK: 0 Updates Available
[1687320000] CURRENT SERVICE STATE: SRV_nagios;CPU;OK;HARD;1;OK - load average: 0.02, 0.08, 0.12
[1687320000] CURRENT SERVICE STATE: SRV_nagios;Memoria;OK;HARD;1;[MEMORY] Total: 7740 MB - Used: 646 MB - 8% [SWAP] Total: 7935 MB - Used: 0 MB - 0%
[1687320000] CURRENT SERVICE STATE: SRV_nagios;PING;OK;HARD;1;PING OK - Packet loss = 0%, RTA = 0.06 ms
[1687320000] CURRENT SERVICE STATE: SRV_nagios;Procesos;OK;HARD;1;PROCS OK: 64 processes with STATE = RSZDT
[1687320000] CURRENT SERVICE STATE: SRV_nagios;Usarios Login;OK;HARD;1;USERS OK - 0 users currently logged in
[1687320000] CURRENT SERVICE STATE: SRV_sync.cass.cl;Ping;OK;HARD;1;PING OK - Packet loss = 0%, RTA = 1.26 ms
[1687320000] CURRENT SERVICE STATE: Servidor Vcenter;Ping;OK;HARD;1;PING OK - Packet loss = 0%, RTA = 0.57 ms
[1687320000] CURRENT SERVICE STATE: Servidores CASS;Ancho de Banda GE/1/0/3;OK;HARD;1;OK - Average IN: 5.63KB (0.00%), Average OUT: 7.52KB (0.01%)Total RX: 22432.34GBytes, Total TX: 54525.81GBytes
[1687320000] CURRENT SERVICE STATE: Servidores CASS;Estado Puerto 3;OK;HARD;1;OK: Interface GigabitEthernet1/0/3 (index 3) is up.
[1687320000] CURRENT SERVICE STATE: Servidores CASS;Estado Puerto 80;OK;HARD;1;TCP OK - 0.002 second response time on 10.0.0.17 port 80
[1687320000] CURRENT SERVICE STATE: Servidores CASS;Ping;OK;HARD;1;PING OK - Packet loss = 0%, RTA = 1.23 ms
[1687320000] CURRENT SERVICE STATE: Servidores CASS;Tiempo Activo;OK;HARD;1;SNMP OK - Timeticks: (781883962) 90 days, 11:53:59.62
[1687320000] CURRENT SERVICE STATE: Ups Principal;Carga;OK;HARD;1;OK: Estimated battery charge 100%, approximately 0 minutes runtime remaining.
[1687320000] CURRENT SERVICE STATE: Ups Principal;Estado;OK;HARD;1;OK: Battery Status Normal.
[1687320000] CURRENT SERVICE STATE: Ups Principal;Ping;OK;HARD;1;PING OK - Packet loss = 0%, RTA = 1.01 ms
[1687320000] CURRENT SERVICE STATE: Ups Principal;Temperatura;OK;HARD;1;OK: Battery Temperature is 24 degrees C (75.2 degrees F).
[1687320000] CURRENT SERVICE STATE: Ups Principal;Tiempo Activo;OK;HARD;1;SNMP OK - Timeticks: (418845724) 48 days, 11:27:37.24
[1687320000] CURRENT SERVICE STATE: Veeam2023.cass.pmc;Actualizacion;CRITICAL;HARD;3;Updates: 1 critical, 0 optional
[1687320000] CURRENT SERVICE STATE: Veeam2023.cass.pmc;Almacenamiento;OK;HARD;1;c:\ - total: 99.33 Gb - used: 55.93 Gb (56%) - free 43.40 Gb (44%)
[1687320000] CURRENT SERVICE STATE: Veeam2023.cass.pmc;CPU;OK;HARD;1;CPU Load 10% (5 min average)
[1687320000] CURRENT SERVICE STATE: Veeam2023.cass.pmc;Memoria;OK;HARD;1;Memory usage: total:18815.17 MB - used: 9942.96 MB (53%) - free: 8872.21 MB (47%)
[1687320000] CURRENT SERVICE STATE: Veeam2023.cass.pmc;Ping;OK;HARD;1;PING OK - Packet loss = 0%, RTA = 1.73 ms
[1687320000] CURRENT SERVICE STATE: Veeam2023.cass.pmc;Tiempo Activo;OK;HARD;1;System Uptime - 1 day(s) 8 hour(s) 17 minute(s)
[1687320000] CURRENT SERVICE STATE: web_cass_cl;Certificado;OK;HARD;1;SSL OK - Certificate '*.cass.cl' will expire in 188 days on 2023-12-26 20:59 -0300/-03.
[1687320000] CURRENT SERVICE STATE: web_cass_cl;HTTP;OK;HARD;1;HTTP OK: HTTP/1.1 302 Found - 1073 bytes in 0.171 second response time
[1687321802] SERVICE ALERT: SRV_Cfiler.cass.cl;Procesos;CRITICAL;SOFT;1;(No output on stdout) stderr: connect to address 10.0.0.20 port 5666: Connection refused
[1687321922] SERVICE ALERT: SRV_Cfiler.cass.cl;Procesos;OK;SOFT;2;PROCS OK: 303 processes
[1687322401] SERVICE ALERT: SRV_chat.cass.cl;Servicio Nginx;CRITICAL;SOFT;1;CHECK_NRPE: Error - Could not connect to 10.0.0.92: Connection reset by peer
[1687322404] SERVICE ALERT: SRV11VIBE_cass.cl;Actualizacion;UNKNOWN;HARD;3;CHECK_NRPE: Receive header underflow - only 0 bytes received (4 expected).
[1687322487] SERVICE ALERT: SRV11VIBE_cass.cl;Actualizacion;CRITICAL;HARD;3;Updates CRITICAL : discontinued OS Release SLE 15.1: no updates available
[1687322521] SERVICE ALERT: SRV_chat.cass.cl;Servicio Nginx;OK;SOFT;2;OK: Service nginx is running!
[1687323031] Auto-save of retention data completed successfully.
[1687326631] Auto-save of retention data completed successfully.
[1687328401] SERVICE ALERT: SRV_chat.cass.cl;Servicio Nginx;CRITICAL;SOFT;1;(No output on stdout) stderr: connect to address 10.0.0.92 port 5666: Connection refused
[1687328521] SERVICE ALERT: SRV_chat.cass.cl;Servicio Nginx;OK;SOFT;2;OK: Service nginx is running!
[1687330231] Auto-save of retention data completed successfully.
[1687333201] SERVICE ALERT: SRV_chat.cass.cl;Servicio Nginx;UNKNOWN;SOFT;1;CHECK_NRPE: Receive header underflow - only 0 bytes received (4 expected).
[1687333321] SERVICE ALERT: SRV_chat.cass.cl;Servicio Nginx;OK;SOFT;2;OK: Service nginx is running!
[1687333831] Auto-save of retention data completed successfully.
[1687335001] SERVICE ALERT: SRV_chat.cass.cl;Servicio Nginx;CRITICAL;SOFT;1;(No output on stdout) stderr: connect to address 10.0.0.92 port 5666: Connection refused
[1687335121] SERVICE ALERT: SRV_chat.cass.cl;Servicio Nginx;OK;SOFT;2;OK: Service nginx is running!
[1687336801] SERVICE ALERT: SRV_chat.cass.cl;Servicio Nginx;UNKNOWN;SOFT;1;CHECK_NRPE: Receive header underflow - only 0 bytes received (4 expected).
[1687336921] SERVICE ALERT: SRV_chat.cass.cl;Servicio Nginx;OK;SOFT;2;OK: Service nginx is running!
[1687337431] Auto-save of retention data completed successfully.
[1687338053] SERVICE ALERT: SRV_email.cass.cl;Actualizacion;CRITICAL;SOFT;1;CHECK_NRPE STATE CRITICAL: Socket timeout after 30 seconds.
[1687338055] SERVICE ALERT: SRV_chat.cass.cl;Actualizacion;CRITICAL;SOFT;1;CHECK_NRPE STATE CRITICAL: Socket timeout after 30 seconds.
[1687338055] SERVICE ALERT: SRV_SOS2021.cass.cl;Actualizacion;CRITICAL;SOFT;1;CHECK_NRPE STATE CRITICAL: Socket timeout after 30 seconds.
[1687338060] SERVICE ALERT: SRV_Cfiler.cass.cl;Actualizacion;CRITICAL;SOFT;1;CHECK_NRPE STATE CRITICAL: Socket timeout after 30 seconds.
[1687338187] SERVICE ALERT: SRV_SOS2021.cass.cl;Actualizacion;OK;SOFT;2;Updates OK : no updates available
[1687338188] SERVICE ALERT: SRV_email.cass.cl;Actualizacion;OK;SOFT;2;Updates OK : no updates available
[1687338188] SERVICE ALERT: SRV_chat.cass.cl;Actualizacion;OK;SOFT;2;Updates OK : no updates available
[1687338192] SERVICE ALERT: SRV_Cfiler.cass.cl;Actualizacion;OK;SOFT;2;Updates OK : no updates available
[1687338601] SERVICE ALERT: SRV_chat.cass.cl;Servicio Nginx;CRITICAL;SOFT;1;(No output on stdout) stderr: connect to address 10.0.0.92 port 5666: Connection refused
[1687338721] SERVICE ALERT: SRV_chat.cass.cl;Servicio Nginx;OK;SOFT;2;OK: Service nginx is running!
[1687338877] SERVICE ALERT: SRV_SOS2021.cass.cl;Actualizacion;CRITICAL;SOFT;1;CHECK_NRPE STATE CRITICAL: Socket timeout after 30 seconds.
[1687338878] SERVICE ALERT: SRV_email.cass.cl;Actualizacion;CRITICAL;SOFT;1;CHECK_NRPE STATE CRITICAL: Socket timeout after 30 seconds.
[1687338878] SERVICE ALERT: SRV_chat.cass.cl;Actualizacion;CRITICAL;SOFT;1;CHECK_NRPE STATE CRITICAL: Socket timeout after 30 seconds.
[1687338882] SERVICE ALERT: SRV_Cfiler.cass.cl;Actualizacion;CRITICAL;SOFT;1;CHECK_NRPE STATE CRITICAL: Socket timeout after 30 seconds.
[1687339010] SERVICE ALERT: SRV_SOS2021.cass.cl;Actualizacion;OK;SOFT;2;Updates OK : no updates available
[1687339011] SERVICE ALERT: SRV_chat.cass.cl;Actualizacion;OK;SOFT;2;Updates OK : no updates available
[1687339011] SERVICE ALERT: SRV_email.cass.cl;Actualizacion;OK;SOFT;2;Updates OK : no updates available
[1687339015] SERVICE ALERT: SRV_Cfiler.cass.cl;Actualizacion;OK;SOFT;2;Updates OK : no updates available
[1687339201] SERVICE ALERT: SRV_chat.cass.cl;Actualizacion;UNKNOWN;SOFT;1;CHECK_NRPE: Receive header underflow - only 0 bytes received (4 expected).
[1687339202] SERVICE ALERT: SRV_Cfiler.cass.cl;Actualizacion;UNKNOWN;SOFT;1;CHECK_NRPE: Receive header underflow - only 0 bytes received (4 expected).
[1687339202] SERVICE ALERT: SRV_SOS2021.cass.cl;Actualizacion;UNKNOWN;SOFT;1;CHECK_NRPE: Receive header underflow - only 0 bytes received (4 expected).
[1687339204] SERVICE ALERT: SRV_email.cass.cl;Almacenamiento Mail;CRITICAL;SOFT;1;(No output on stdout) stderr: connect to address 10.0.2.25 port 5666: Connection refused
[1687339204] SERVICE ALERT: SRV_email.cass.cl;Procesos Zombies;CRITICAL;SOFT;1;(No output on stdout) stderr: connect to address 10.0.2.25 port 5666: Connection refused
[1687339211] SERVICE ALERT: SRV_email.cass.cl;Memoria;CRITICAL;SOFT;1;(No output on stdout) stderr: connect to address 10.0.2.25 port 5666: Connection refused
[1687339211] SERVICE ALERT: SRV_email.cass.cl;CPU;CRITICAL;SOFT;1;(No output on stdout) stderr: connect to address 10.0.2.25 port 5666: Connection refused
[1687339221] SERVICE ALERT: SRV_email.cass.cl;Actualizacion;CRITICAL;SOFT;1;CHECK_NRPE STATE CRITICAL: Socket timeout after 30 seconds.
[1687339224] SERVICE ALERT: SRV_email.cass.cl;Almacenamiento Mail2;CRITICAL;SOFT;1;(No output on stdout) stderr: connect to address 10.0.2.25 port 5666: Connection refused
[1687339232] SERVICE ALERT: SRV_email.cass.cl;Correo Pop;CRITICAL;SOFT;1;(No output on stdout) stderr: connect to address 10.0.2.25 port 5666: Connection refused
[1687339241] SERVICE ALERT: SRV_email.cass.cl;Tiempo Activo;CRITICAL;SOFT;1;(No output on stdout) stderr: connect to address 10.0.2.25 port 5666: Connection refused
[1687339245] SERVICE ALERT: SRV_email.cass.cl;Correo Smtp;CRITICAL;SOFT;1;(No output on stdout) stderr: connect to address 10.0.2.25 port 5666: Connection refused
[1687339246] SERVICE ALERT: SRV_email.cass.cl;Almacenamiento /;CRITICAL;SOFT;1;(No output on stdout) stderr: connect to address 10.0.2.25 port 5666: Connection refused
[1687339246] SERVICE ALERT: SRV_email.cass.cl;Usuarios Login;CRITICAL;SOFT;1;(No output on stdout) stderr: connect to address 10.0.2.25 port 5666: Connection refused
[1687339250] SERVICE ALERT: SRV_email.cass.cl;Procesos;CRITICAL;SOFT;1;(No output on stdout) stderr: connect to address 10.0.2.25 port 5666: Connection refused
[1687339324] SERVICE ALERT: SRV_email.cass.cl;Almacenamiento Mail;OK;SOFT;2;DISK OK - free space: /mail 1814623 MiB (92.66% inode=99%):
[1687339324] SERVICE ALERT: SRV_email.cass.cl;Procesos Zombies;OK;SOFT;2;PROCS OK: 0 processes with STATE = Z
[1687339331] SERVICE ALERT: SRV_email.cass.cl;Memoria;OK;SOFT;2;[MEMORY] Total: 11939 MB - Used: 2390 MB - 20% [SWAP] Total: 2048 MB - Used: 223 MB - 10%
[1687339331] SERVICE ALERT: SRV_email.cass.cl;CPU;OK;SOFT;2;OK - load average per CPU: 0.01, 0.02, 0.01
[1687339333] SERVICE ALERT: SRV_chat.cass.cl;Actualizacion;OK;SOFT;2;Updates OK : no updates available
[1687339334] SERVICE ALERT: SRV_SOS2021.cass.cl;Actualizacion;OK;SOFT;2;Updates OK : no updates available
[1687339334] SERVICE ALERT: SRV_Cfiler.cass.cl;Actualizacion;OK;SOFT;2;Updates OK : no updates available
[1687339344] SERVICE ALERT: SRV_email.cass.cl;Almacenamiento Mail2;OK;SOFT;2;DISK OK - free space: /mail2 476410 MiB (99.82% inode=100%):
[1687339353] SERVICE ALERT: SRV_email.cass.cl;Correo Pop;OK;SOFT;2;POP OK - 0.001 second response time on 10.0.2.25 port 110 [+OK GroupWise POP3 server ready]
[1687339354] SERVICE ALERT: SRV_email.cass.cl;Actualizacion;OK;SOFT;2;Updates OK : no updates available
[1687339361] SERVICE ALERT: SRV_email.cass.cl;Tiempo Activo;OK;SOFT;2;Uptime OK: 75 day(s) 16 hour(s) 10 minute(s)
[1687339366] SERVICE ALERT: SRV_email.cass.cl;Correo Smtp;OK;SOFT;2;SMTP OK - 0.063 sec. response time
[1687339366] SERVICE ALERT: SRV_email.cass.cl;Usuarios Login;OK;SOFT;2;USERS OK - 0 users currently logged in
[1687339366] SERVICE ALERT: SRV_email.cass.cl;Almacenamiento /;OK;SOFT;2;DISK OK - free space: /var/tmp 476348 MiB (94.03% inode=-):
[1687339370] SERVICE ALERT: SRV_email.cass.cl;Procesos;OK;SOFT;2;PROCS OK: 301 processes
[1687340683] SERVICE ALERT: Pasmar;Ping;CRITICAL;SOFT;1;CRITICAL - Time to live exceeded (190.121.2.97)
[1687340683] HOST ALERT: Pasmar;DOWN;SOFT;1;CRITICAL - Time to live exceeded (190.121.2.97)
[1687340683] HOST ALERT: FW Pasmar;UNREACHABLE;SOFT;1;CRITICAL - Time to live exceeded (190.121.2.98)
[1687340686] SERVICE ALERT: FW Pasmar;Ping;CRITICAL;HARD;1;CRITICAL - Time to live exceeded (190.121.2.98)
[1687340747] HOST ALERT: Pasmar;UP;SOFT;1;PING OK - Packet loss = 0%, RTA = 26.70 ms
[1687340773] wproc: Core Worker 11601: job 1962155 (pid=15053) timed out. Killing it
[1687340773] wproc: CHECK job 1962155 from worker Core Worker 11601 timed out after 30.01s
[1687340773] wproc:   host=FW Pasmar; service=(null);
[1687340773] wproc:   early_timeout=1; exited_ok=0; wait_status=0; error_code=62;
[1687340773] Warning: Check of host 'FW Pasmar' timed out after 30.01 seconds
[1687340773] HOST ALERT: FW Pasmar;DOWN;SOFT;2;(Host check timed out after 30.01 seconds)
[1687340773] wproc: Core Worker 11601: job 1962155 (pid=15053): Dormant child reaped
[1687340807] SERVICE ALERT: Pasmar;Ping;OK;SOFT;2;PING OK - Packet loss = 0%, RTA = 23.77 ms
[1687340837] wproc: Core Worker 11599: job 1962209 (pid=15649) timed out. Killing it
[1687340837] wproc: CHECK job 1962209 from worker Core Worker 11599 timed out after 30.01s
[1687340837] wproc:   host=FW Pasmar; service=(null);
[1687340837] wproc:   early_timeout=1; exited_ok=0; wait_status=0; error_code=62;
[1687340837] Warning: Check of host 'FW Pasmar' timed out after 30.01 seconds
[1687340837] HOST ALERT: FW Pasmar;DOWN;SOFT;3;(Host check timed out after 30.01 seconds)
[1687340837] wproc: Core Worker 11599: job 1962209 (pid=15649): Dormant child reaped
[1687340872] SERVICE ALERT: FW Pasmar;Ping;OK;HARD;1;PING OK - Packet loss = 28%, RTA = 20.29 ms
[1687340876] HOST ALERT: FW Pasmar;UP;SOFT;1;PING OK - Packet loss = 0%, RTA = 23.26 ms
[1687341031] Auto-save of retention data completed successfully.
[1687341643] SERVICE ALERT: SRV_chat.cass.cl;Actualizacion;CRITICAL;SOFT;1;CHECK_NRPE STATE CRITICAL: Socket timeout after 30 seconds.
[1687341644] SERVICE ALERT: SRV_SOS2021.cass.cl;Actualizacion;CRITICAL;SOFT;1;CHECK_NRPE STATE CRITICAL: Socket timeout after 30 seconds.
[1687341644] SERVICE ALERT: SRV_Cfiler.cass.cl;Actualizacion;CRITICAL;SOFT;1;CHECK_NRPE STATE CRITICAL: Socket timeout after 30 seconds.
[1687341776] SERVICE ALERT: SRV_SOS2021.cass.cl;Actualizacion;OK;SOFT;2;Updates OK : no updates available
[1687341777] SERVICE ALERT: SRV_chat.cass.cl;Actualizacion;OK;SOFT;2;Updates OK : no updates available
[1687341777] SERVICE ALERT: SRV_Cfiler.cass.cl;Actualizacion;OK;SOFT;2;Updates OK : no updates available
[1687342201] SERVICE ALERT: SRV_SOS2021.cass.cl;Actualizacion;UNKNOWN;SOFT;1;CHECK_NRPE: Receive header underflow - only 0 bytes received (4 expected).
[1687342201] SERVICE ALERT: SRV_chat.cass.cl;Actualizacion;UNKNOWN;SOFT;1;CHECK_NRPE: Receive header underflow - only 0 bytes received (4 expected).
[1687342201] SERVICE ALERT: SRV_Cfiler.cass.cl;Actualizacion;UNKNOWN;SOFT;1;CHECK_NRPE: Receive header underflow - only 0 bytes received (4 expected).
[1687342333] SERVICE ALERT: SRV_SOS2021.cass.cl;Actualizacion;OK;SOFT;2;Updates OK : no updates available
[1687342334] SERVICE ALERT: SRV_chat.cass.cl;Actualizacion;OK;SOFT;2;Updates OK : no updates available
[1687342334] SERVICE ALERT: SRV_Cfiler.cass.cl;Actualizacion;OK;SOFT;2;Updates OK : no updates available
[1687344631] Auto-save of retention data completed successfully.
[1687347001] SERVICE ALERT: SRV_chat.cass.cl;Servicio Nginx;CRITICAL;SOFT;1;(No output on stdout) stderr: connect to address 10.0.0.92 port 5666: Connection refused
[1687347121] SERVICE ALERT: SRV_chat.cass.cl;Servicio Nginx;OK;SOFT;2;OK: Service nginx is running!
[1687348231] Auto-save of retention data completed successfully.
[1687351831] Auto-save of retention data completed successfully.
[1687354202] SERVICE ALERT: SRV_chat.cass.cl;Proceso Nginx;UNKNOWN;SOFT;1;CHECK_NRPE: Receive header underflow - only 0 bytes received (4 expected).
[1687354322] SERVICE ALERT: SRV_chat.cass.cl;Proceso Nginx;OK;SOFT;2;PROCS OK: 3 processes with command name 'nginx'
[1687354363] SERVICE ALERT: SRV_chat.cass.cl;Actualizacion;CRITICAL;SOFT;1;CHECK_NRPE STATE CRITICAL: Socket timeout after 30 seconds.
[1687354384] SERVICE ALERT: SRV_email.cass.cl;Actualizacion;CRITICAL;SOFT;1;CHECK_NRPE STATE CRITICAL: Socket timeout after 30 seconds.
[1687354422] SERVICE ALERT: SRV_SOS2021.cass.cl;Actualizacion;CRITICAL;SOFT;1;CHECK_NRPE STATE CRITICAL: Socket timeout after 30 seconds.
[1687354494] SERVICE ALERT: SRV_chat.cass.cl;Actualizacion;OK;SOFT;2;Updates OK : no updates available
[1687354518] SERVICE ALERT: SRV_email.cass.cl;Actualizacion;OK;SOFT;2;Updates OK : no updates available
[1687354554] SERVICE ALERT: SRV_SOS2021.cass.cl;Actualizacion;OK;SOFT;2;Updates OK : no updates available
[1687354801] SERVICE ALERT: SRV_chat.cass.cl;Actualizacion;UNKNOWN;SOFT;1;CHECK_NRPE: Receive header underflow - only 0 bytes received (4 expected).
[1687354802] SERVICE ALERT: SRV_SOS2021.cass.cl;Actualizacion;UNKNOWN;SOFT;1;CHECK_NRPE: Receive header underflow - only 0 bytes received (4 expected).
[1687354932] SERVICE ALERT: SRV_chat.cass.cl;Actualizacion;OK;SOFT;2;Updates OK : no updates available
[1687354933] SERVICE ALERT: SRV_SOS2021.cass.cl;Actualizacion;OK;SOFT;2;Updates OK : no updates available
[1687355431] Auto-save of retention data completed successfully.
[1687359031] Auto-save of retention data completed successfully.
[1687359702] SERVICE ALERT: SRV_chat.cass.cl;Actualizacion;CRITICAL;SOFT;1;CHECK_NRPE STATE CRITICAL: Socket timeout after 30 seconds.
[1687359704] SERVICE ALERT: SRV_Cfiler.cass.cl;Actualizacion;CRITICAL;SOFT;1;CHECK_NRPE STATE CRITICAL: Socket timeout after 30 seconds.
[1687359708] SERVICE ALERT: SRV_email.cass.cl;Actualizacion;CRITICAL;SOFT;1;CHECK_NRPE STATE CRITICAL: Socket timeout after 30 seconds.
[1687359834] SERVICE ALERT: SRV_chat.cass.cl;Actualizacion;OK;SOFT;2;Updates OK : no updates available
[1687359836] SERVICE ALERT: SRV_Cfiler.cass.cl;Actualizacion;OK;SOFT;2;Updates OK : no updates available
[1687359840] SERVICE ALERT: SRV_email.cass.cl;Actualizacion;OK;SOFT;2;Updates OK : no updates available
[1687360201] SERVICE ALERT: SRV_chat.cass.cl;Servicio Nginx;UNKNOWN;SOFT;1;CHECK_NRPE: Receive header underflow - only 0 bytes received (4 expected).
[1687360201] SERVICE ALERT: SRV_chat.cass.cl;Actualizacion;UNKNOWN;SOFT;1;CHECK_NRPE: Receive header underflow - only 0 bytes received (4 expected).
[1687360201] SERVICE ALERT: SRV_email.cass.cl;Actualizacion;UNKNOWN;SOFT;1;CHECK_NRPE: Receive header underflow - only 0 bytes received (4 expected).
[1687360202] SERVICE ALERT: SRV_Cfiler.cass.cl;Procesos;CRITICAL;SOFT;1;(No output on stdout) stderr: connect to address 10.0.0.20 port 5666: Connection refused
[1687360202] SERVICE ALERT: SRV_Cfiler.cass.cl;Actualizacion;UNKNOWN;SOFT;1;CHECK_NRPE: Receive header underflow - only 0 bytes received (4 expected).
[1687360321] SERVICE ALERT: SRV_chat.cass.cl;Servicio Nginx;OK;SOFT;2;OK: Service nginx is running!
[1687360322] SERVICE ALERT: SRV_Cfiler.cass.cl;Procesos;OK;SOFT;2;PROCS OK: 303 processes
[1687360333] SERVICE ALERT: SRV_chat.cass.cl;Actualizacion;OK;SOFT;2;Updates OK : no updates available
[1687360334] SERVICE ALERT: SRV_email.cass.cl;Actualizacion;OK;SOFT;2;Updates OK : no updates available
[1687360335] SERVICE ALERT: SRV_Cfiler.cass.cl;Actualizacion;OK;SOFT;2;Updates OK : no updates available
[1687361401] SERVICE ALERT: SRV_chat.cass.cl;Servicio Nginx;CRITICAL;SOFT;1;(No output on stdout) stderr: connect to address 10.0.0.92 port 5666: Connection refused
[1687361521] SERVICE ALERT: SRV_chat.cass.cl;Servicio Nginx;OK;SOFT;2;OK: Service nginx is running!
[1687362001] SERVICE ALERT: SRV_chat.cass.cl;Proceso Nginx;CRITICAL;SOFT;1;(No output on stdout) stderr: connect to address 10.0.0.92 port 5666: Connection refused
[1687362121] SERVICE ALERT: SRV_chat.cass.cl;Proceso Nginx;OK;SOFT;2;PROCS OK: 3 processes with command name 'nginx'
[1687362631] Auto-save of retention data completed successfully.
[1687365601] SERVICE ALERT: SRV_chat.cass.cl;Servicio Nginx;UNKNOWN;SOFT;1;CHECK_NRPE: Receive header underflow - only 0 bytes received (4 expected).
[1687365721] SERVICE ALERT: SRV_chat.cass.cl;Servicio Nginx;OK;SOFT;2;OK: Service nginx is running!
[1687366231] Auto-save of retention data completed successfully.
[1687369801] SERVICE ALERT: SRV_chat.cass.cl;Servicio Nginx;CRITICAL;SOFT;1;(No output on stdout) stderr: connect to address 10.0.0.92 port 5666: Connection refused
[1687369831] Auto-save of retention data completed successfully.
[1687369921] SERVICE ALERT: SRV_chat.cass.cl;Servicio Nginx;OK;SOFT;2;OK: Service nginx is running!
[1687370401] SERVICE ALERT: SRV_chat.cass.cl;Proceso Nginx;UNKNOWN;SOFT;1;CHECK_NRPE: Receive header underflow - only 0 bytes received (4 expected).
[1687370522] SERVICE ALERT: SRV_chat.cass.cl;Proceso Nginx;OK;SOFT;2;PROCS OK: 3 processes with command name 'nginx'
[1687373431] Auto-save of retention data completed successfully.
[1687374001] SERVICE ALERT: SRV_chat.cass.cl;Servicio Nginx;CRITICAL;SOFT;1;(No output on stdout) stderr: connect to address 10.0.0.92 port 5666: Connection refused
[1687374121] SERVICE ALERT: SRV_chat.cass.cl;Servicio Nginx;OK;SOFT;2;OK: Service nginx is running!
[1687375801] SERVICE ALERT: SRV_chat.cass.cl;Servicio Nginx;CRITICAL;SOFT;1;(No output on stdout) stderr: connect to address 10.0.0.92 port 5666: Connection refused
[1687375921] SERVICE ALERT: SRV_chat.cass.cl;Servicio Nginx;OK;SOFT;2;OK: Service nginx is running!
[1687377031] Auto-save of retention data completed successfully.
[1687380631] Auto-save of retention data completed successfully.
[1687383117] SERVICE ALERT: SRVADMIN.cass.pmc;Tiempo Activo;CRITICAL;SOFT;1;connect to address 10.0.0.109 and port 12489: Connection refused
[1687383119] SERVICE ALERT: SRVADMIN.cass.pmc;Almacenamiento;CRITICAL;SOFT;1;connect to address 10.0.0.109 and port 12489: Connection refused
[1687383120] SERVICE ALERT: SRVADMIN.cass.pmc;Memoria;CRITICAL;SOFT;1;connect to address 10.0.0.109 and port 12489: Connection refused
[1687383122] SERVICE ALERT: SRVADMIN.cass.pmc;Actualizacion;CRITICAL;SOFT;1;(No output on stdout) stderr: connect to address 10.0.0.109 port 5666: Connection refused
[1687383131] SERVICE ALERT: SRVADMIN.cass.pmc;CPU;CRITICAL;SOFT;1;connect to address 10.0.0.109 and port 12489: Connection refused
[1687383247] SERVICE ALERT: SRVADMIN.cass.pmc;Tiempo Activo;CRITICAL;SOFT;2;CRITICAL - Socket timeout
[1687383249] SERVICE ALERT: SRVADMIN.cass.pmc;Almacenamiento;CRITICAL;SOFT;2;CRITICAL - Socket timeout
[1687383250] SERVICE ALERT: SRVADMIN.cass.pmc;Memoria;CRITICAL;SOFT;2;CRITICAL - Socket timeout
[1687383261] SERVICE ALERT: SRVADMIN.cass.pmc;CPU;CRITICAL;SOFT;2;CRITICAL - Socket timeout
[1687383272] SERVICE ALERT: SRVADMIN.cass.pmc;Actualizacion;CRITICAL;SOFT;2;CHECK_NRPE STATE CRITICAL: Socket timeout after 30 seconds.
[1687383377] SERVICE NOTIFICATION: nagiosadmin;SRVADMIN.cass.pmc;Tiempo Activo;CRITICAL;notify-service-by-email;CRITICAL - Socket timeout
[1687383377] SERVICE NOTIFICATION: andresnavarro;SRVADMIN.cass.pmc;Tiempo Activo;CRITICAL;notify-service-by-email;CRITICAL - Socket timeout
[1687383377] SERVICE NOTIFICATION: soporteti;SRVADMIN.cass.pmc;Tiempo Activo;CRITICAL;notify-service-by-telegram;CRITICAL - Socket timeout
[1687383377] SERVICE NOTIFICATION: soporteti;SRVADMIN.cass.pmc;Tiempo Activo;CRITICAL;notify-service-by-email;CRITICAL - Socket timeout
[1687383377] SERVICE NOTIFICATION: carlosstange;SRVADMIN.cass.pmc;Tiempo Activo;CRITICAL;notify-service-by-telegram;CRITICAL - Socket timeout
[1687383377] SERVICE NOTIFICATION: carlosstange;SRVADMIN.cass.pmc;Tiempo Activo;CRITICAL;notify-service-by-email;CRITICAL - Socket timeout
[1687383377] SERVICE ALERT: SRVADMIN.cass.pmc;Tiempo Activo;CRITICAL;HARD;3;CRITICAL - Socket timeout
[1687383379] SERVICE NOTIFICATION: nagiosadmin;SRVADMIN.cass.pmc;Almacenamiento;CRITICAL;notify-service-by-email;CRITICAL - Socket timeout
[1687383379] SERVICE NOTIFICATION: andresnavarro;SRVADMIN.cass.pmc;Almacenamiento;CRITICAL;notify-service-by-email;CRITICAL - Socket timeout
[1687383379] SERVICE NOTIFICATION: soporteti;SRVADMIN.cass.pmc;Almacenamiento;CRITICAL;notify-service-by-telegram;CRITICAL - Socket timeout
[1687383379] SERVICE NOTIFICATION: soporteti;SRVADMIN.cass.pmc;Almacenamiento;CRITICAL;notify-service-by-email;CRITICAL - Socket timeout
[1687383379] SERVICE NOTIFICATION: carlosstange;SRVADMIN.cass.pmc;Almacenamiento;CRITICAL;notify-service-by-telegram;CRITICAL - Socket timeout
[1687383379] SERVICE NOTIFICATION: carlosstange;SRVADMIN.cass.pmc;Almacenamiento;CRITICAL;notify-service-by-email;CRITICAL - Socket timeout
[1687383379] SERVICE ALERT: SRVADMIN.cass.pmc;Almacenamiento;CRITICAL;HARD;3;CRITICAL - Socket timeout
[1687383380] SERVICE NOTIFICATION: nagiosadmin;SRVADMIN.cass.pmc;Memoria;CRITICAL;notify-service-by-email;CRITICAL - Socket timeout
[1687383380] SERVICE NOTIFICATION: andresnavarro;SRVADMIN.cass.pmc;Memoria;CRITICAL;notify-service-by-email;CRITICAL - Socket timeout
[1687383380] SERVICE NOTIFICATION: soporteti;SRVADMIN.cass.pmc;Memoria;CRITICAL;notify-service-by-telegram;CRITICAL - Socket timeout
[1687383380] SERVICE NOTIFICATION: soporteti;SRVADMIN.cass.pmc;Memoria;CRITICAL;notify-service-by-email;CRITICAL - Socket timeout
[1687383380] SERVICE NOTIFICATION: carlosstange;SRVADMIN.cass.pmc;Memoria;CRITICAL;notify-service-by-telegram;CRITICAL - Socket timeout
[1687383380] SERVICE NOTIFICATION: carlosstange;SRVADMIN.cass.pmc;Memoria;CRITICAL;notify-service-by-email;CRITICAL - Socket timeout
[1687383380] SERVICE ALERT: SRVADMIN.cass.pmc;Memoria;CRITICAL;HARD;3;CRITICAL - Socket timeout
[1687383391] SERVICE NOTIFICATION: nagiosadmin;SRVADMIN.cass.pmc;CPU;CRITICAL;notify-service-by-email;CRITICAL - Socket timeout
[1687383391] SERVICE NOTIFICATION: andresnavarro;SRVADMIN.cass.pmc;CPU;CRITICAL;notify-service-by-email;CRITICAL - Socket timeout
[1687383391] SERVICE NOTIFICATION: soporteti;SRVADMIN.cass.pmc;CPU;CRITICAL;notify-service-by-telegram;CRITICAL - Socket timeout
[1687383391] SERVICE NOTIFICATION: soporteti;SRVADMIN.cass.pmc;CPU;CRITICAL;notify-service-by-email;CRITICAL - Socket timeout
[1687383391] SERVICE NOTIFICATION: carlosstange;SRVADMIN.cass.pmc;CPU;CRITICAL;notify-service-by-telegram;CRITICAL - Socket timeout
[1687383391] SERVICE NOTIFICATION: carlosstange;SRVADMIN.cass.pmc;CPU;CRITICAL;notify-service-by-email;CRITICAL - Socket timeout
[1687383391] SERVICE ALERT: SRVADMIN.cass.pmc;CPU;CRITICAL;HARD;3;CRITICAL - Socket timeout
[1687383419] SERVICE ALERT: SRVADMIN.cass.pmc;Actualizacion;OK;SOFT;3;OK - no pending updates.
[1687383437] SERVICE NOTIFICATION: nagiosadmin;SRVADMIN.cass.pmc;Tiempo Activo;OK;notify-service-by-email;System Uptime - 0 day(s) 0 hour(s) 5 minute(s)
[1687383437] SERVICE NOTIFICATION: andresnavarro;SRVADMIN.cass.pmc;Tiempo Activo;OK;notify-service-by-email;System Uptime - 0 day(s) 0 hour(s) 5 minute(s)
[1687383437] SERVICE NOTIFICATION: soporteti;SRVADMIN.cass.pmc;Tiempo Activo;OK;notify-service-by-telegram;System Uptime - 0 day(s) 0 hour(s) 5 minute(s)
[1687383437] SERVICE NOTIFICATION: soporteti;SRVADMIN.cass.pmc;Tiempo Activo;OK;notify-service-by-email;System Uptime - 0 day(s) 0 hour(s) 5 minute(s)
[1687383437] SERVICE NOTIFICATION: carlosstange;SRVADMIN.cass.pmc;Tiempo Activo;OK;notify-service-by-telegram;System Uptime - 0 day(s) 0 hour(s) 5 minute(s)
[1687383437] SERVICE NOTIFICATION: carlosstange;SRVADMIN.cass.pmc;Tiempo Activo;OK;notify-service-by-email;System Uptime - 0 day(s) 0 hour(s) 5 minute(s)
[1687383437] SERVICE ALERT: SRVADMIN.cass.pmc;Tiempo Activo;OK;HARD;1;System Uptime - 0 day(s) 0 hour(s) 5 minute(s)
[1687383439] SERVICE NOTIFICATION: nagiosadmin;SRVADMIN.cass.pmc;Almacenamiento;OK;notify-service-by-email;c:\ - total: 299.66 Gb - used: 157.42 Gb (53%) - free 142.23 Gb (47%)
[1687383439] SERVICE NOTIFICATION: andresnavarro;SRVADMIN.cass.pmc;Almacenamiento;OK;notify-service-by-email;c:\ - total: 299.66 Gb - used: 157.42 Gb (53%) - free 142.23 Gb (47%)
[1687383439] SERVICE NOTIFICATION: soporteti;SRVADMIN.cass.pmc;Almacenamiento;OK;notify-service-by-telegram;c:\ - total: 299.66 Gb - used: 157.42 Gb (53%) - free 142.23 Gb (47%)
[1687383439] SERVICE NOTIFICATION: soporteti;SRVADMIN.cass.pmc;Almacenamiento;OK;notify-service-by-email;c:\ - total: 299.66 Gb - used: 157.42 Gb (53%) - free 142.23 Gb (47%)
[1687383439] SERVICE NOTIFICATION: carlosstange;SRVADMIN.cass.pmc;Almacenamiento;OK;notify-service-by-telegram;c:\ - total: 299.66 Gb - used: 157.42 Gb (53%) - free 142.23 Gb (47%)
[1687383439] SERVICE NOTIFICATION: carlosstange;SRVADMIN.cass.pmc;Almacenamiento;OK;notify-service-by-email;c:\ - total: 299.66 Gb - used: 157.42 Gb (53%) - free 142.23 Gb (47%)
[1687383439] SERVICE ALERT: SRVADMIN.cass.pmc;Almacenamiento;OK;HARD;1;c:\ - total: 299.66 Gb - used: 157.42 Gb (53%) - free 142.23 Gb (47%)
[1687383440] SERVICE NOTIFICATION: nagiosadmin;SRVADMIN.cass.pmc;Memoria;OK;notify-service-by-email;Memory usage: total:18171.58 MB - used: 1895.39 MB (10%) - free: 16276.19 MB (90%)
[1687383440] SERVICE NOTIFICATION: andresnavarro;SRVADMIN.cass.pmc;Memoria;OK;notify-service-by-email;Memory usage: total:18171.58 MB - used: 1895.39 MB (10%) - free: 16276.19 MB (90%)
[1687383440] SERVICE NOTIFICATION: soporteti;SRVADMIN.cass.pmc;Memoria;OK;notify-service-by-telegram;Memory usage: total:18171.58 MB - used: 1895.39 MB (10%) - free: 16276.19 MB (90%)
[1687383440] SERVICE NOTIFICATION: soporteti;SRVADMIN.cass.pmc;Memoria;OK;notify-service-by-email;Memory usage: total:18171.58 MB - used: 1895.39 MB (10%) - free: 16276.19 MB (90%)
[1687383440] SERVICE NOTIFICATION: carlosstange;SRVADMIN.cass.pmc;Memoria;OK;notify-service-by-telegram;Memory usage: total:18171.58 MB - used: 1895.39 MB (10%) - free: 16276.19 MB (90%)
[1687383440] SERVICE NOTIFICATION: carlosstange;SRVADMIN.cass.pmc;Memoria;OK;notify-service-by-email;Memory usage: total:18171.58 MB - used: 1895.39 MB (10%) - free: 16276.19 MB (90%)
[1687383440] SERVICE ALERT: SRVADMIN.cass.pmc;Memoria;OK;HARD;1;Memory usage: total:18171.58 MB - used: 1895.39 MB (10%) - free: 16276.19 MB (90%)
[1687383451] SERVICE NOTIFICATION: nagiosadmin;SRVADMIN.cass.pmc;CPU;OK;notify-service-by-email;CPU Load 0% (5 min average)
[1687383451] SERVICE NOTIFICATION: andresnavarro;SRVADMIN.cass.pmc;CPU;OK;notify-service-by-email;CPU Load 0% (5 min average)
[1687383451] SERVICE NOTIFICATION: soporteti;SRVADMIN.cass.pmc;CPU;OK;notify-service-by-telegram;CPU Load 0% (5 min average)
[1687383451] SERVICE NOTIFICATION: soporteti;SRVADMIN.cass.pmc;CPU;OK;notify-service-by-email;CPU Load 0% (5 min average)
[1687383451] SERVICE NOTIFICATION: carlosstange;SRVADMIN.cass.pmc;CPU;OK;notify-service-by-telegram;CPU Load 0% (5 min average)
[1687383451] SERVICE NOTIFICATION: carlosstange;SRVADMIN.cass.pmc;CPU;OK;notify-service-by-email;CPU Load 0% (5 min average)
[1687383451] SERVICE ALERT: SRVADMIN.cass.pmc;CPU;OK;HARD;1;CPU Load 0% (5 min average)
[1687384201] SERVICE ALERT: SRV_chat.cass.cl;Servicio Nginx;CRITICAL;SOFT;1;(No output on stdout) stderr: connect to address 10.0.0.92 port 5666: Connection refused
[1687384231] Auto-save of retention data completed successfully.
[1687384321] SERVICE ALERT: SRV_chat.cass.cl;Servicio Nginx;OK;SOFT;2;OK: Service nginx is running!
[1687384391] HOST ALERT: SRVADMIN.cass.pmc;DOWN;SOFT;1;CRITICAL - Host Unreachable (10.0.0.109)
[1687384397] SERVICE ALERT: SRVADMIN.cass.pmc;Actualizacion;CRITICAL;HARD;1;(No output on stdout) stderr: connect to address 10.0.0.109 port 5666: No route to host
[1687384400] SERVICE ALERT: SRVADMIN.cass.pmc;Almacenamiento;CRITICAL;HARD;1;connect to address 10.0.0.109 and port 12489: No route to host
[1687384400] SERVICE ALERT: SRVADMIN.cass.pmc;Tiempo Activo;CRITICAL;HARD;1;connect to address 10.0.0.109 and port 12489: No route to host
[1687384403] SERVICE ALERT: SRVADMIN.cass.pmc;Memoria;CRITICAL;HARD;1;connect to address 10.0.0.109 and port 12489: No route to host
[1687384403] SERVICE ALERT: SRVADMIN.cass.pmc;Ping;CRITICAL;HARD;1;CRITICAL - Host Unreachable (10.0.0.109)
[1687384414] SERVICE ALERT: SRVADMIN.cass.pmc;CPU;CRITICAL;HARD;1;connect to address 10.0.0.109 and port 12489: No route to host
[1687384454] HOST ALERT: SRVADMIN.cass.pmc;DOWN;SOFT;2;CRITICAL - Host Unreachable (10.0.0.109)
[1687384517] HOST ALERT: SRVADMIN.cass.pmc;DOWN;SOFT;3;CRITICAL - Host Unreachable (10.0.0.109)
[1687384580] HOST ALERT: SRVADMIN.cass.pmc;DOWN;SOFT;4;CRITICAL - Host Unreachable (10.0.0.109)
[1687384640] HOST ALERT: SRVADMIN.cass.pmc;DOWN;SOFT;5;CRITICAL - Host Unreachable (10.0.0.109)
[1687384697] SERVICE ALERT: SRVADMIN.cass.pmc;Tiempo Activo;OK;HARD;1;System Uptime - 0 day(s) 0 hour(s) 5 minute(s)
[1687384699] SERVICE ALERT: SRVADMIN.cass.pmc;Almacenamiento;OK;HARD;1;c:\ - total: 299.66 Gb - used: 157.09 Gb (52%) - free 142.57 Gb (48%)
[1687384700] SERVICE ALERT: SRVADMIN.cass.pmc;Memoria;OK;HARD;1;Memory usage: total:18171.58 MB - used: 1465.88 MB (8%) - free: 16705.70 MB (92%)
[1687384701] HOST ALERT: SRVADMIN.cass.pmc;UP;SOFT;1;PING OK - Packet loss = 0%, RTA = 0.72 ms
[1687384706] SERVICE ALERT: SRVADMIN.cass.pmc;Ping;OK;HARD;1;PING OK - Packet loss = 0%, RTA = 1.03 ms
[1687384709] SERVICE NOTIFICATION: nagiosadmin;SRVADMIN.cass.pmc;Actualizacion;CRITICAL;notify-service-by-email;CHECK_NRPE STATE CRITICAL: Socket timeout after 30 seconds.
[1687384709] SERVICE NOTIFICATION: andresnavarro;SRVADMIN.cass.pmc;Actualizacion;CRITICAL;notify-service-by-email;CHECK_NRPE STATE CRITICAL: Socket timeout after 30 seconds.
[1687384709] SERVICE NOTIFICATION: soporteti;SRVADMIN.cass.pmc;Actualizacion;CRITICAL;notify-service-by-telegram;CHECK_NRPE STATE CRITICAL: Socket timeout after 30 seconds.
[1687384709] SERVICE NOTIFICATION: soporteti;SRVADMIN.cass.pmc;Actualizacion;CRITICAL;notify-service-by-email;CHECK_NRPE STATE CRITICAL: Socket timeout after 30 seconds.
[1687384709] SERVICE NOTIFICATION: carlosstange;SRVADMIN.cass.pmc;Actualizacion;CRITICAL;notify-service-by-telegram;CHECK_NRPE STATE CRITICAL: Socket timeout after 30 seconds.
[1687384709] SERVICE NOTIFICATION: carlosstange;SRVADMIN.cass.pmc;Actualizacion;CRITICAL;notify-service-by-email;CHECK_NRPE STATE CRITICAL: Socket timeout after 30 seconds.
[1687384711] SERVICE ALERT: SRVADMIN.cass.pmc;CPU;OK;HARD;1;CPU Load 0% (5 min average)
[1687384747] SERVICE NOTIFICATION: nagiosadmin;SRVADMIN.cass.pmc;Actualizacion;OK;notify-service-by-email;OK - no pending updates.
[1687384747] SERVICE NOTIFICATION: andresnavarro;SRVADMIN.cass.pmc;Actualizacion;OK;notify-service-by-email;OK - no pending updates.
[1687384747] SERVICE NOTIFICATION: soporteti;SRVADMIN.cass.pmc;Actualizacion;OK;notify-service-by-telegram;OK - no pending updates.
[1687384747] SERVICE NOTIFICATION: soporteti;SRVADMIN.cass.pmc;Actualizacion;OK;notify-service-by-email;OK - no pending updates.
[1687384747] SERVICE NOTIFICATION: carlosstange;SRVADMIN.cass.pmc;Actualizacion;OK;notify-service-by-telegram;OK - no pending updates.
[1687384747] SERVICE NOTIFICATION: carlosstange;SRVADMIN.cass.pmc;Actualizacion;OK;notify-service-by-email;OK - no pending updates.
[1687384747] SERVICE ALERT: SRVADMIN.cass.pmc;Actualizacion;OK;HARD;1;OK - no pending updates.
[1687386001] SERVICE ALERT: SRV_chat.cass.cl;Servicio Nginx;CRITICAL;SOFT;1;(No output on stdout) stderr: connect to address 10.0.0.92 port 5666: Connection refused
[1687386121] SERVICE ALERT: SRV_chat.cass.cl;Servicio Nginx;OK;SOFT;2;OK: Service nginx is running!
[1687387802] SERVICE ALERT: SRVADMIN.cass.pmc;Actualizacion;CRITICAL;SOFT;1;(No output on stdout) stderr: connect to address 10.0.0.109 port 5666: Connection refused
[1687387827] SERVICE ALERT: SRVADMIN.cass.pmc;Tiempo Activo;CRITICAL;SOFT;1;CRITICAL - Socket timeout
[1687387829] SERVICE ALERT: SRVADMIN.cass.pmc;Almacenamiento;CRITICAL;SOFT;1;CRITICAL - Socket timeout
[1687387830] SERVICE ALERT: SRVADMIN.cass.pmc;Memoria;CRITICAL;SOFT;1;CRITICAL - Socket timeout
[1687387831] Auto-save of retention data completed successfully.
[1687387931] SERVICE ALERT: SRVADMIN.cass.pmc;Actualizacion;OK;SOFT;2;OK - no pending updates.
[1687387947] SERVICE ALERT: SRVADMIN.cass.pmc;Tiempo Activo;OK;SOFT;2;System Uptime - 0 day(s) 0 hour(s) 2 minute(s)
[1687387949] SERVICE ALERT: SRVADMIN.cass.pmc;Almacenamiento;OK;SOFT;2;c:\ - total: 299.66 Gb - used: 157.32 Gb (52%) - free 142.34 Gb (48%)
[1687387950] SERVICE ALERT: SRVADMIN.cass.pmc;Memoria;OK;SOFT;2;Memory usage: total:18171.58 MB - used: 1992.95 MB (11%) - free: 16178.63 MB (89%)
[1687391431] Auto-save of retention data completed successfully.
[1687394803] SERVICE ALERT: SRV_chat.cass.cl;Actualizacion;CRITICAL;SOFT;1;CHECK_NRPE STATE CRITICAL: Socket timeout after 30 seconds.
[1687394803] SERVICE ALERT: SRV_SOS2021.cass.cl;Actualizacion;CRITICAL;SOFT;1;CHECK_NRPE STATE CRITICAL: Socket timeout after 30 seconds.
[1687394804] SERVICE ALERT: SRV_email.cass.cl;Actualizacion;CRITICAL;SOFT;1;CHECK_NRPE STATE CRITICAL: Socket timeout after 30 seconds.
[1687394934] SERVICE ALERT: SRV_SOS2021.cass.cl;Actualizacion;OK;SOFT;2;Updates OK : no updates available
[1687394935] SERVICE ALERT: SRV_chat.cass.cl;Actualizacion;OK;SOFT;2;Updates OK : no updates available
[1687394937] SERVICE ALERT: SRV_email.cass.cl;Actualizacion;OK;SOFT;2;Updates OK : no updates available
[1687395031] Auto-save of retention data completed successfully.
[1687395601] SERVICE ALERT: SRV_chat.cass.cl;Servicio Nginx;UNKNOWN;SOFT;1;CHECK_NRPE: Receive header underflow - only 0 bytes received (4 expected).
[1687395601] SERVICE ALERT: SRV_chat.cass.cl;Actualizacion;UNKNOWN;SOFT;1;CHECK_NRPE: Receive header underflow - only 0 bytes received (4 expected).
[1687395601] SERVICE ALERT: SRV_SOS2021.cass.cl;Actualizacion;UNKNOWN;SOFT;1;CHECK_NRPE: Receive header underflow - only 0 bytes received (4 expected).
[1687395602] SERVICE ALERT: SRV_email.cass.cl;Actualizacion;UNKNOWN;SOFT;1;CHECK_NRPE: Receive header underflow - only 0 bytes received (4 expected).
[1687395721] SERVICE ALERT: SRV_chat.cass.cl;Servicio Nginx;OK;SOFT;2;OK: Service nginx is running!
[1687395733] SERVICE ALERT: SRV_SOS2021.cass.cl;Actualizacion;OK;SOFT;2;Updates OK : no updates available
[1687395735] SERVICE ALERT: SRV_email.cass.cl;Actualizacion;OK;SOFT;2;Updates OK : no updates available
[1687395736] SERVICE ALERT: SRV_chat.cass.cl;Actualizacion;OK;SOFT;2;Updates OK : no updates available
[1687397401] SERVICE ALERT: SRV_chat.cass.cl;Servicio Nginx;CRITICAL;SOFT;1;(No output on stdout) stderr: connect to address 10.0.0.92 port 5666: Connection refused
[1687397521] SERVICE ALERT: SRV_chat.cass.cl;Servicio Nginx;OK;SOFT;2;OK: Service nginx is running!
[1687398631] Auto-save of retention data completed successfully.
[1687400621] SERVICE ALERT: SRVADMIN.cass.pmc;Actualizacion;CRITICAL;SOFT;1;CHECK_NRPE STATE CRITICAL: Socket timeout after 30 seconds.
[1687400742] SERVICE ALERT: SRVADMIN.cass.pmc;Actualizacion;OK;SOFT;2;OK - no pending updates.
[1687402201] SERVICE ALERT: SRV_chat.cass.cl;Servicio Nginx;CRITICAL;SOFT;1;(No output on stdout) stderr: connect to address 10.0.0.92 port 5666: Connection refused
[1687402231] Auto-save of retention data completed successfully.
[1687402321] SERVICE ALERT: SRV_chat.cass.cl;Servicio Nginx;OK;SOFT;2;OK: Service nginx is running!
[1687403665] SERVICE ALERT: Veeam2023.cass.pmc;Actualizacion;UNKNOWN;HARD;3;CHECK_NRPE: Receive header underflow - only 0 bytes received (4 expected).
[1687403726] SERVICE ALERT: Veeam2023.cass.pmc;Actualizacion;CRITICAL;HARD;3;Updates: 1 critical, 0 optional
[1687403763] SERVICE ALERT: SRV01USER_cass.cl;Actualizacion;CRITICAL;SOFT;1;Updates: 1 critical, 0 optional
[1687403885] SERVICE ALERT: SRV01USER_cass.cl;Actualizacion;CRITICAL;SOFT;2;Updates: 1 critical, 0 optional
[1687404008] SERVICE NOTIFICATION: nagiosadmin;SRV01USER_cass.cl;Actualizacion;CRITICAL;notify-service-by-email;Updates: 1 critical, 0 optional
[1687404008] SERVICE NOTIFICATION: andresnavarro;SRV01USER_cass.cl;Actualizacion;CRITICAL;notify-service-by-email;Updates: 1 critical, 0 optional
[1687404008] SERVICE NOTIFICATION: soporteti;SRV01USER_cass.cl;Actualizacion;CRITICAL;notify-service-by-telegram;Updates: 1 critical, 0 optional
[1687404008] SERVICE NOTIFICATION: soporteti;SRV01USER_cass.cl;Actualizacion;CRITICAL;notify-service-by-email;Updates: 1 critical, 0 optional
[1687404008] SERVICE NOTIFICATION: carlosstange;SRV01USER_cass.cl;Actualizacion;CRITICAL;notify-service-by-telegram;Updates: 1 critical, 0 optional
[1687404008] SERVICE NOTIFICATION: carlosstange;SRV01USER_cass.cl;Actualizacion;CRITICAL;notify-service-by-email;Updates: 1 critical, 0 optional
[1687404008] SERVICE ALERT: SRV01USER_cass.cl;Actualizacion;CRITICAL;HARD;3;Updates: 1 critical, 0 optional
[1687405831] Auto-save of retention data completed successfully.
