[1711162800] LOG ROTATION: DAILY
[1711162800] LOG VERSION: 2.0
[1711162800] CURRENT HOST STATE: ADL Diagnostic;UP;HARD;1;PING OK - Packet loss = 0%, RTA = 36.99 ms
[1711162800] CURRENT HOST STATE: Blueshell;UP;HARD;1;PING OK - Packet loss = 0%, RTA = 3.10 ms
[1711162800] CURRENT HOST STATE: Cass Entel;UP;HARD;1;PING OK - Packet loss = 0%, RTA = 0.56 ms
[1711162800] CURRENT HOST STATE: Cass Telsur;UP;HARD;1;PING OK - Packet loss = 0%, RTA = 1.28 ms
[1711162800] CURRENT HOST STATE: Clinica PV Movistar;UP;HARD;1;PING OK - Packet loss = 0%, RTA = 33.33 ms
[1711162800] CURRENT HOST STATE: Clinica PV Telsur;UP;HARD;1;PING OK - Packet loss = 0%, RTA = 1.49 ms
[1711162800] CURRENT HOST STATE: Confe;UP;HARD;1;PING OK - Packet loss = 0%, RTA = 38.01 ms
[1711162800] CURRENT HOST STATE: Electric Works;UP;HARD;1;PING OK - Packet loss = 0%, RTA = 32.61 ms
[1711162800] CURRENT HOST STATE: Exper03.exxperience.cl;UP;HARD;1;PING OK - Packet loss = 0%, RTA = 2.02 ms
[1711162800] CURRENT HOST STATE: Ext Entel;UP;HARD;1;PING OK - Packet loss = 0%, RTA = 0.65 ms
[1711162800] CURRENT HOST STATE: Ext Telsur;UP;HARD;1;PING OK - Packet loss = 0%, RTA = 1.29 ms
[1711162800] CURRENT HOST STATE: FW ADL Diagnostic;UP;HARD;1;PING OK - Packet loss = 0%, RTA = 35.71 ms
[1711162800] CURRENT HOST STATE: FW Blueshell;UP;HARD;1;PING OK - Packet loss = 0%, RTA = 3.13 ms
[1711162800] CURRENT HOST STATE: FW Cass Entel;UP;HARD;1;PING OK - Packet loss = 0%, RTA = 35.68 ms
[1711162800] CURRENT HOST STATE: FW Cass Telsur;UP;HARD;1;PING OK - Packet loss = 0%, RTA = 0.57 ms
[1711162800] CURRENT HOST STATE: FW Clinica PV Movistar;UP;HARD;1;PING OK - Packet loss = 0%, RTA = 31.89 ms
[1711162800] CURRENT HOST STATE: FW Clinica PV Telsur;UP;HARD;1;PING OK - Packet loss = 0%, RTA = 1.50 ms
[1711162800] CURRENT HOST STATE: FW Confe;UP;HARD;1;PING OK - Packet loss = 0%, RTA = 36.33 ms
[1711162800] CURRENT HOST STATE: FW Electric Works;UP;HARD;1;PING OK - Packet loss = 0%, RTA = 34.41 ms
[1711162800] CURRENT HOST STATE: FW Gore Los Lagos;UP;HARD;1;PING OK - Packet loss = 0%, RTA = 1.18 ms
[1711162800] CURRENT HOST STATE: FW OyC;UP;HARD;1;PING OK - Packet loss = 0%, RTA = 45.69 ms
[1711162800] CURRENT HOST STATE: FW Pasmar;UP;HARD;1;PING OK - Packet loss = 0%, RTA = 1.45 ms
[1711162800] CURRENT HOST STATE: Gore Los Lagos;UP;HARD;1;PING OK - Packet loss = 0%, RTA = 1.28 ms
[1711162800] CURRENT HOST STATE: Host-10.0.0.120;UP;HARD;1;PING OK - Packet loss = 0%, RTA = 0.42 ms
[1711162800] CURRENT HOST STATE: Host-10.0.0.121;UP;HARD;1;PING OK - Packet loss = 0%, RTA = 0.83 ms
[1711162800] CURRENT HOST STATE: Host-10.0.0.124;UP;HARD;1;PING OK - Packet loss = 0%, RTA = 0.67 ms
[1711162800] CURRENT HOST STATE: Internet;UP;HARD;1;PING OK - Packet loss = 0%, RTA = 15.97 ms
[1711162800] CURRENT HOST STATE: OyC Entel;UP;HARD;1;PING OK - Packet loss = 0%, RTA = 38.67 ms
[1711162800] CURRENT HOST STATE: OyC Teledata;UP;HARD;1;PING OK - Packet loss = 0%, RTA = 50.36 ms
[1711162800] CURRENT HOST STATE: Pasmar;UP;HARD;1;PING OK - Packet loss = 0%, RTA = 1.12 ms
[1711162800] CURRENT HOST STATE: Qnap NAS;UP;HARD;1;PING OK - Packet loss = 0%, RTA = 0.34 ms
[1711162800] CURRENT HOST STATE: SRV01USER_cass.cl;UP;HARD;1;PING OK - Packet loss = 0%, RTA = 2.72 ms
[1711162800] CURRENT HOST STATE: SRV04AD01.cass.cl;UP;HARD;1;PING OK - Packet loss = 0%, RTA = 1.30 ms
[1711162800] CURRENT HOST STATE: SRV05AD02_cass.cl;UP;HARD;1;PING OK - Packet loss = 0%, RTA = 1.60 ms
[1711162800] CURRENT HOST STATE: SRV05AD2_cass.pmc;UP;HARD;1;PING OK - Packet loss = 0%, RTA = 1.99 ms
[1711162800] CURRENT HOST STATE: SRV11VIBE_cass.cl;UP;HARD;1;PING OK - Packet loss = 0%, RTA = 1.10 ms
[1711162800] CURRENT HOST STATE: SRVAD1.cass.pmc;UP;HARD;1;PING OK - Packet loss = 0%, RTA = 1.82 ms
[1711162800] CURRENT HOST STATE: SRVAD2.cass.pmc;UP;HARD;1;PING OK - Packet loss = 0%, RTA = 1.73 ms
[1711162800] CURRENT HOST STATE: SRVADMIN.cass.pmc;UP;HARD;1;PING OK - Packet loss = 0%, RTA = 1.50 ms
[1711162800] CURRENT HOST STATE: SRVCONT.cass.cl;UP;HARD;1;PING OK - Packet loss = 0%, RTA = 3.66 ms
[1711162800] CURRENT HOST STATE: SRVDC01_cass.pmc;UP;HARD;1;PING OK - Packet loss = 0%, RTA = 1.48 ms
[1711162800] CURRENT HOST STATE: SRVDC1.cass.pmc;UP;HARD;1;PING OK - Packet loss = 0%, RTA = 1.61 ms
[1711162800] CURRENT HOST STATE: SRVDNS;UP;HARD;1;PING OK - Packet loss = 0%, RTA = 0.89 ms
[1711162800] CURRENT HOST STATE: SRVWEB_cass.cl;UP;HARD;1;PING OK - Packet loss = 0%, RTA = 0.76 ms
[1711162800] CURRENT HOST STATE: SRV_Cfiler.cass.cl;UP;HARD;1;PING OK - Packet loss = 0%, RTA = 0.69 ms
[1711162800] CURRENT HOST STATE: SRV_GLPI;UP;HARD;1;PING OK - Packet loss = 0%, RTA = 1.28 ms
[1711162800] CURRENT HOST STATE: SRV_GXConsultores;UP;HARD;1;PING OK - Packet loss = 0%, RTA = 1.14 ms
[1711162800] CURRENT HOST STATE: SRV_Oraculo_cass.cl;UP;HARD;1;PING OK - Packet loss = 0%, RTA = 0.81 ms
[1711162800] CURRENT HOST STATE: SRV_Prometheus;UP;HARD;1;PING OK - Packet loss = 0%, RTA = 0.73 ms
[1711162800] CURRENT HOST STATE: SRV_SOS2021.cass.cl;UP;HARD;1;PING OK - Packet loss = 0%, RTA = 0.75 ms
[1711162800] CURRENT HOST STATE: SRV_SUM;UP;HARD;1;PING OK - Packet loss = 0%, RTA = 0.75 ms
[1711162800] CURRENT HOST STATE: SRV_Sharepoint;UP;HARD;1;PING OK - Packet loss = 0%, RTA = 1.67 ms
[1711162800] CURRENT HOST STATE: SRV_Soporte;UP;HARD;1;PING OK - Packet loss = 0%, RTA = 2.29 ms
[1711162800] CURRENT HOST STATE: SRV_VeeamOne;DOWN;HARD;10;CRITICAL - Host Unreachable (10.0.0.101)
[1711162800] CURRENT HOST STATE: SRV_chat.cass.cl;UP;HARD;1;PING OK - Packet loss = 0%, RTA = 0.55 ms
[1711162800] CURRENT HOST STATE: SRV_email.cass.cl;UP;HARD;1;PING OK - Packet loss = 0%, RTA = 1.33 ms
[1711162800] CURRENT HOST STATE: SRV_nagios;UP;HARD;1;PING OK - Packet loss = 0%, RTA = 0.08 ms
[1711162800] CURRENT HOST STATE: SRV_sync.cass.cl;UP;HARD;1;PING OK - Packet loss = 0%, RTA = 0.97 ms
[1711162800] CURRENT HOST STATE: Servidor Vcenter;UP;HARD;1;PING OK - Packet loss = 0%, RTA = 0.58 ms
[1711162800] CURRENT HOST STATE: Servidores CASS;UP;HARD;1;PING OK - Packet loss = 0%, RTA = 1.25 ms
[1711162800] CURRENT HOST STATE: Ups Principal;UP;HARD;1;PING OK - Packet loss = 0%, RTA = 1.06 ms
[1711162800] CURRENT HOST STATE: Veeam2023.cass.pmc;UP;HARD;1;PING OK - Packet loss = 0%, RTA = 2.78 ms
[1711162800] CURRENT HOST STATE: web_cass_cl;UP;HARD;1;PING OK - Packet loss = 0%, RTA = 0.48 ms
[1711162800] CURRENT SERVICE STATE: ADL Diagnostic;Ping;OK;HARD;1;PING OK - Packet loss = 0%, RTA = 37.00 ms
[1711162800] CURRENT SERVICE STATE: Blueshell;Ping;OK;HARD;1;PING OK - Packet loss = 0%, RTA = 3.06 ms
[1711162800] CURRENT SERVICE STATE: Clinica PV Movistar;Ping;OK;HARD;1;PING OK - Packet loss = 0%, RTA = 32.98 ms
[1711162800] CURRENT SERVICE STATE: Confe;Ping;OK;HARD;1;PING OK - Packet loss = 0%, RTA = 59.51 ms
[1711162800] CURRENT SERVICE STATE: Electric Works;Ping;OK;HARD;1;PING OK - Packet loss = 0%, RTA = 32.65 ms
[1711162800] CURRENT SERVICE STATE: Ext Telsur;Ping;OK;HARD;1;PING OK - Packet loss = 0%, RTA = 1.07 ms
[1711162800] CURRENT SERVICE STATE: FW ADL Diagnostic;Ping;OK;HARD;1;PING OK - Packet loss = 0%, RTA = 35.51 ms
[1711162800] CURRENT SERVICE STATE: FW Blueshell;Ping;OK;HARD;1;PING OK - Packet loss = 0%, RTA = 3.20 ms
[1711162800] CURRENT SERVICE STATE: FW Cass Entel;Ping;OK;HARD;1;PING OK - Packet loss = 0%, RTA = 35.67 ms
[1711162800] CURRENT SERVICE STATE: FW Cass Telsur;Ancho de Banda DMZ;OK;HARD;1;OK - Average IN: 11.43KB (0.01%), Average OUT: 6.86KB (0.01%)Total RX: 41.52GBytes, Total TX: 20.28GBytes
[1711162800] CURRENT SERVICE STATE: FW Cass Telsur;Ancho de Banda LAN;OK;HARD;1;OK - Average IN: 760.17B (0.00%), Average OUT: 1.23KB (0.00%)Total RX: 306.86GBytes, Total TX: 539.95GBytes
[1711162800] CURRENT SERVICE STATE: FW Cass Telsur;Ancho de Banda WAN;OK;HARD;1;OK - Average IN: 234.69B (0.00%), Average OUT: 97.90B (0.00%)Total RX: 3549.64GBytes, Total TX: 3272.86GBytes
[1711162800] CURRENT SERVICE STATE: FW Cass Telsur;Estado Puerto DMZ;OK;HARD;1;OK: Interface eth2 (index 4) is up.
[1711162800] CURRENT SERVICE STATE: FW Cass Telsur;Estado Puerto LAN;OK;HARD;1;OK: Interface eth0 (index 2) is up.
[1711162800] CURRENT SERVICE STATE: FW Cass Telsur;Estado Puerto WAN;OK;HARD;1;OK: Interface eth1 (index 3) is up.
[1711162800] CURRENT SERVICE STATE: FW Cass Telsur;Estado TCP Sophos;OK;HARD;1;TCP OK - 0.001 second response time on 201.220.96.34 port 4444
[1711162800] CURRENT SERVICE STATE: FW Cass Telsur;Ping;OK;HARD;1;PING OK - Packet loss = 0%, RTA = 0.62 ms
[1711162800] CURRENT SERVICE STATE: FW Cass Telsur;Tiempo Activo;OK;HARD;1;SNMP OK - Timeticks: (21528997) 2 days, 11:48:09.97
[1711162800] CURRENT SERVICE STATE: FW Clinica PV Movistar;Ping;OK;HARD;1;PING OK - Packet loss = 0%, RTA = 31.90 ms
[1711162800] CURRENT SERVICE STATE: FW Confe;Ping;OK;HARD;1;PING OK - Packet loss = 0%, RTA = 36.15 ms
[1711162800] CURRENT SERVICE STATE: FW Electric Works;Ping;OK;HARD;1;PING OK - Packet loss = 0%, RTA = 34.66 ms
[1711162800] CURRENT SERVICE STATE: FW Gore Los Lagos;Ping;OK;HARD;1;PING OK - Packet loss = 0%, RTA = 1.36 ms
[1711162800] CURRENT SERVICE STATE: FW Pasmar;Ping;OK;HARD;1;PING OK - Packet loss = 0%, RTA = 1.17 ms
[1711162800] CURRENT SERVICE STATE: Gore Los Lagos;Ping;OK;HARD;1;PING OK - Packet loss = 0%, RTA = 1.16 ms
[1711162800] CURRENT SERVICE STATE: Host-10.0.0.120;Ping;OK;HARD;1;PING OK - Packet loss = 0%, RTA = 0.72 ms
[1711162800] CURRENT SERVICE STATE: Host-10.0.0.121;Ping;OK;HARD;1;PING OK - Packet loss = 0%, RTA = 0.54 ms
[1711162800] CURRENT SERVICE STATE: Pasmar;Ping;OK;HARD;1;PING OK - Packet loss = 0%, RTA = 1.13 ms
[1711162800] CURRENT SERVICE STATE: Qnap NAS;Almacenamiento;OK;HARD;1;OK: Total:50TB - Used:39TB - Free:11TB - Used Space: 77%
[1711162800] CURRENT SERVICE STATE: Qnap NAS;Estado;OK;HARD;1;Power Supply #1 - OK: GOOD
[1711162800] CURRENT SERVICE STATE: Qnap NAS;Memoria;OK;HARD;1;OK: Total:3830MB - Used:1294MB - Free:2536MB = 34%
[1711162800] CURRENT SERVICE STATE: Qnap NAS;Sysinfo;OK;HARD;1;NAS Cloud, Model TS-879U-RP, Firmware 4.3.6, Max HD number 8, No. Volume 2
[1711162800] CURRENT SERVICE STATE: Qnap NAS;Temperatura;OK;HARD;1;OK: Temperature=40C
[1711162800] CURRENT SERVICE STATE: Qnap NAS;Tiempo Activo;OK;HARD;1;SNMP OK - Timeticks: (10845533) 1 day, 6:07:35.33
[1711162800] CURRENT SERVICE STATE: SRV01USER_cass.cl;Actualizacion;CRITICAL;HARD;3;Updates: 2 critical, 0 optional
[1711162800] CURRENT SERVICE STATE: SRV01USER_cass.cl;Almacenamiento C;WARNING;HARD;3;c:\ - total: 119.40 Gb - used: 101.05 Gb (85%) - free 18.34 Gb (15%)
[1711162800] CURRENT SERVICE STATE: SRV01USER_cass.cl;Almacenamiento U;OK;HARD;1;u:\ - total: 1023.98 Gb - used: 226.83 Gb (22%) - free 797.16 Gb (78%)
[1711162800] CURRENT SERVICE STATE: SRV01USER_cass.cl;CPU;OK;HARD;1;CPU Load 2% (5 min average)
[1711162800] CURRENT SERVICE STATE: SRV01USER_cass.cl;Memoria;OK;HARD;1;Memory usage: total:23599.83 MB - used: 20017.32 MB (85%) - free: 3582.52 MB (15%)
[1711162800] CURRENT SERVICE STATE: SRV01USER_cass.cl;Ping;OK;HARD;1;PING OK - Packet loss = 0%, RTA = 2.38 ms
[1711162800] CURRENT SERVICE STATE: SRV01USER_cass.cl;Tiempo Activo;OK;HARD;1;System Uptime - 5 day(s) 15 hour(s) 52 minute(s)
[1711162800] CURRENT SERVICE STATE: SRV04AD01.cass.cl;Ping;OK;HARD;1;PING OK - Packet loss = 0%, RTA = 1.18 ms
[1711162800] CURRENT SERVICE STATE: SRV05AD02_cass.cl;Ping;OK;HARD;1;PING OK - Packet loss = 0%, RTA = 1.87 ms
[1711162800] CURRENT SERVICE STATE: SRV11VIBE_cass.cl;Actualizacion;CRITICAL;HARD;3;Updates CRITICAL : discontinued OS Release SLE 15.1: At least one of your Repositories might be out of date. Please run "zypper refresh" as root to update it.  3 security update(s): 1 recommended update(s):  2 package update(s):
[1711162800] CURRENT SERVICE STATE: SRV11VIBE_cass.cl;Almacenamiento /;OK;HARD;1;DISK OK - free space: /var/tmp 78581 MiB (85.74% inode=-):
[1711162800] CURRENT SERVICE STATE: SRV11VIBE_cass.cl;CPU;OK;HARD;1;OK - load average per CPU: 0.02, 0.01, 0.00
[1711162800] CURRENT SERVICE STATE: SRV11VIBE_cass.cl;Memoria;OK;HARD;1;[MEMORY] Total: 7693 MB - Used: 2888 MB - 37% [SWAP] Total: 7944 MB - Used: 14 MB - 0%
[1711162800] CURRENT SERVICE STATE: SRV11VIBE_cass.cl;Ping;OK;HARD;1;PING OK - Packet loss = 0%, RTA = 1.14 ms
[1711162800] CURRENT SERVICE STATE: SRV11VIBE_cass.cl;Proceso Vibe;OK;HARD;1;PROCS OK: 0 processes with command name 'vibe'
[1711162800] CURRENT SERVICE STATE: SRV11VIBE_cass.cl;Procesos;OK;HARD;1;PROCS OK: 307 processes
[1711162800] CURRENT SERVICE STATE: SRV11VIBE_cass.cl;Procesos Zombies;OK;HARD;1;PROCS OK: 0 processes with STATE = Z
[1711162800] CURRENT SERVICE STATE: SRV11VIBE_cass.cl;Puerto HTTP;OK;HARD;1;TCP OK - 0.001 second response time on 10.0.2.13 port 80
[1711162800] CURRENT SERVICE STATE: SRV11VIBE_cass.cl;Puerto HTTPS;OK;HARD;1;TCP OK - 0.001 second response time on 10.0.2.13 port 443
[1711162800] CURRENT SERVICE STATE: SRV11VIBE_cass.cl;Servicio Vibe;OK;HARD;1;OK: Service vibe is running!
[1711162800] CURRENT SERVICE STATE: SRV11VIBE_cass.cl;Tiempo Activo;OK;HARD;1;Uptime OK: 14 day(s) 8 hour(s) 20 minute(s)
[1711162800] CURRENT SERVICE STATE: SRV11VIBE_cass.cl;Usuarios Login;OK;HARD;1;USERS OK - 2 users currently logged in
[1711162800] CURRENT SERVICE STATE: SRVAD1.cass.pmc;Ping;OK;HARD;1;PING OK - Packet loss = 0%, RTA = 1.98 ms
[1711162800] CURRENT SERVICE STATE: SRVAD2.cass.pmc;Ping;OK;HARD;1;PING OK - Packet loss = 0%, RTA = 1.58 ms
[1711162800] CURRENT SERVICE STATE: SRVADMIN.cass.pmc;Actualizacion;OK;HARD;1;OK - no pending updates.
[1711162800] CURRENT SERVICE STATE: SRVADMIN.cass.pmc;Almacenamiento;OK;HARD;1;c:\ - total: 299.66 Gb - used: 161.57 Gb (54%) - free 138.09 Gb (46%)
[1711162800] CURRENT SERVICE STATE: SRVADMIN.cass.pmc;CPU;OK;HARD;1;CPU Load 1% (5 min average)
[1711162800] CURRENT SERVICE STATE: SRVADMIN.cass.pmc;Memoria;OK;HARD;1;Memory usage: total:16319.56 MB - used: 10397.82 MB (64%) - free: 5921.74 MB (36%)
[1711162800] CURRENT SERVICE STATE: SRVADMIN.cass.pmc;Ping;OK;HARD;1;PING OK - Packet loss = 0%, RTA = 1.52 ms
[1711162800] CURRENT SERVICE STATE: SRVADMIN.cass.pmc;Tiempo Activo;OK;HARD;1;System Uptime - 12 day(s) 15 hour(s) 8 minute(s)
[1711162800] CURRENT SERVICE STATE: SRVCONT.cass.cl;Actualizacion;OK;HARD;1;OK - no pending updates.
[1711162800] CURRENT SERVICE STATE: SRVCONT.cass.cl;Almacenamiento;OK;HARD;1;c:\ - total: 299.33 Gb - used: 53.86 Gb (18%) - free 245.47 Gb (82%)
[1711162800] CURRENT SERVICE STATE: SRVCONT.cass.cl;CPU;OK;HARD;1;CPU Load 4% (5 min average)
[1711162800] CURRENT SERVICE STATE: SRVCONT.cass.cl;Memoria;OK;HARD;1;Memory usage: total:15332.14 MB - used: 5954.51 MB (39%) - free: 9377.63 MB (61%)
[1711162800] CURRENT SERVICE STATE: SRVCONT.cass.cl;Ping;OK;HARD;1;PING OK - Packet loss = 0%, RTA = 3.88 ms
[1711162800] CURRENT SERVICE STATE: SRVCONT.cass.cl;Tiempo Activo;OK;HARD;1;System Uptime - 3 day(s) 23 hour(s) 50 minute(s)
[1711162800] CURRENT SERVICE STATE: SRVDC1.cass.pmc;Ping;OK;HARD;1;PING OK - Packet loss = 0%, RTA = 1.71 ms
[1711162800] CURRENT SERVICE STATE: SRVDNS;Ping;OK;HARD;1;PING OK - Packet loss = 0%, RTA = 1.01 ms
[1711162800] CURRENT SERVICE STATE: SRVWEB_cass.cl;Ping;OK;HARD;1;PING OK - Packet loss = 0%, RTA = 0.91 ms
[1711162800] CURRENT SERVICE STATE: SRV_Cfiler.cass.cl;Actualizacion;OK;HARD;1;Updates OK : no updates available
[1711162800] CURRENT SERVICE STATE: SRV_Cfiler.cass.cl;Almacenamiento /;OK;HARD;1;DISK OK - free space: / 2390817 MB (71% inode=-):
[1711162800] CURRENT SERVICE STATE: SRV_Cfiler.cass.cl;CPU;OK;HARD;1;OK - load average: 0.13, 0.10, 0.09
[1711162800] CURRENT SERVICE STATE: SRV_Cfiler.cass.cl;Http;OK;HARD;1;TCP OK - 0.000 second response time on port 80
[1711162800] CURRENT SERVICE STATE: SRV_Cfiler.cass.cl;Https;OK;HARD;1;TCP OK - 0.000 second response time on port 443
[1711162800] CURRENT SERVICE STATE: SRV_Cfiler.cass.cl;Memoria;OK;HARD;1;[MEMORY] Total: 3893 MB - Used: 1346 MB - 34% [SWAP] Total: 2047 MB - Used: 101 MB - 4%
[1711162800] CURRENT SERVICE STATE: SRV_Cfiler.cass.cl;Procesos;OK;HARD;1;PROCS OK: 310 processes
[1711162800] CURRENT SERVICE STATE: SRV_Cfiler.cass.cl;Procesos Zombies;OK;HARD;1;PROCS OK: 0 processes with STATE = Z
[1711162800] CURRENT SERVICE STATE: SRV_Cfiler.cass.cl;Procs Apache;OK;HARD;1;PROCS OK: 11 processes with args 'apache2'
[1711162800] CURRENT SERVICE STATE: SRV_Cfiler.cass.cl;Serv Apache;OK;HARD;1;OK: Service apache is running!
[1711162800] CURRENT SERVICE STATE: SRV_Cfiler.cass.cl;Servicio General;OK;HARD;1;PING OK - Packet loss = 0%, RTA = 0.71 ms
[1711162800] CURRENT SERVICE STATE: SRV_Cfiler.cass.cl;Tiempo Activo;OK;HARD;1;Uptime OK: 14 day(s) 15 hour(s) 23 minute(s)
[1711162800] CURRENT SERVICE STATE: SRV_Cfiler.cass.cl;Usuarios Login;OK;HARD;1;USERS OK - 1 users currently logged in
[1711162800] CURRENT SERVICE STATE: SRV_GLPI;Agentes;OK;HARD;1;OK: Agent_version was ['3.0.1']
[1711162800] CURRENT SERVICE STATE: SRV_GLPI;CPU;OK;HARD;1;OK: Percent was 1.00 %
[1711162800] CURRENT SERVICE STATE: SRV_GLPI;Http;OK;HARD;1;HTTP OK: HTTP/1.1 301 Moved Permanently - 364 bytes in 0.002 second response time
[1711162800] CURRENT SERVICE STATE: SRV_GLPI;Memoria;OK;HARD;1;OK: Memory usage was 13.80 % (Available: 14.46 GB, Total: 16.78 GB, Free: 4.99 GB, Used: 1.83 GB)
[1711162800] CURRENT SERVICE STATE: SRV_GLPI;Usuarios Login;OK;HARD;1;USERS OK - 1 users currently logged in
[1711162800] CURRENT SERVICE STATE: SRV_Oraculo_cass.cl;Ping;OK;HARD;1;PING OK - Packet loss = 0%, RTA = 1.15 ms
[1711162800] CURRENT SERVICE STATE: SRV_SOS2021.cass.cl;Actualizacion;OK;HARD;1;Updates OK : no updates available
[1711162800] CURRENT SERVICE STATE: SRV_SOS2021.cass.cl;Almacenamiento /;OK;HARD;1;DISK OK - free space: /var/tmp 118343 MiB (91.08% inode=-):
[1711162800] CURRENT SERVICE STATE: SRV_SOS2021.cass.cl;CPU;OK;HARD;1;OK - load average per CPU: 0.01, 0.01, 0.01
[1711162800] CURRENT SERVICE STATE: SRV_SOS2021.cass.cl;Memoria;OK;HARD;1;[MEMORY] Total: 7946 MB - Used: 909 MB - 11% [SWAP] Total: 10239 MB - Used: 0 MB - 0%
[1711162800] CURRENT SERVICE STATE: SRV_SOS2021.cass.cl;Ping;OK;HARD;1;PING OK - Packet loss = 0%, RTA = 0.83 ms
[1711162800] CURRENT SERVICE STATE: SRV_SOS2021.cass.cl;Procesos;OK;HARD;1;PROCS OK: 307 processes
[1711162800] CURRENT SERVICE STATE: SRV_SOS2021.cass.cl;Procesos Zombies;OK;HARD;1;PROCS OK: 0 processes with STATE = Z
[1711162800] CURRENT SERVICE STATE: SRV_SOS2021.cass.cl;Tiempo Activo;OK;HARD;1;Uptime OK: 14 day(s) 15 hour(s) 34 minute(s)
[1711162800] CURRENT SERVICE STATE: SRV_SOS2021.cass.cl;Usuarios Login;OK;HARD;1;USERS OK - 0 users currently logged in
[1711162800] CURRENT SERVICE STATE: SRV_SUM;Ping;OK;HARD;1;PING OK - Packet loss = 0%, RTA = 0.71 ms
[1711162800] CURRENT SERVICE STATE: SRV_Soporte;Actualizacion;CRITICAL;HARD;3;Hay 6 actualizaciones pendientes.
[1711162800] CURRENT SERVICE STATE: SRV_Soporte;Agentes;OK;HARD;1;OK: Agent_version was ['3.0.1']
[1711162800] CURRENT SERVICE STATE: SRV_Soporte;CPU;OK;HARD;1;OK: Percent was 55.33 %
[1711162800] CURRENT SERVICE STATE: SRV_Soporte;Memoria;OK;HARD;1;OK: Memory usage was 54.60 % (Available: 7.81 GB, Total: 17.18 GB, Free: 7.80 GB, Used: 9.38 GB)
[1711162800] CURRENT SERVICE STATE: SRV_chat.cass.cl;Actualizacion;OK;HARD;1;Updates OK : no updates available
[1711162800] CURRENT SERVICE STATE: SRV_chat.cass.cl;Almacenamiento /;OK;HARD;1;DISK OK - free space: /var/tmp 934419 MiB (89.41% inode=-):
[1711162800] CURRENT SERVICE STATE: SRV_chat.cass.cl;CPU;OK;HARD;1;OK - load average per CPU: 0.07, 0.09, 0.09
[1711162800] CURRENT SERVICE STATE: SRV_chat.cass.cl;Memoria;OK;HARD;1;[MEMORY] Total: 7919 MB - Used: 3188 MB - 40% [SWAP] Total: 2048 MB - Used: 519 MB - 25%
[1711162800] CURRENT SERVICE STATE: SRV_chat.cass.cl;Ping;OK;HARD;1;PING OK - Packet loss = 0%, RTA = 0.54 ms
[1711162800] CURRENT SERVICE STATE: SRV_chat.cass.cl;Proceso Docker;OK;HARD;1;PROCS OK: 0 processes with command name 'docker'
[1711162800] CURRENT SERVICE STATE: SRV_chat.cass.cl;Proceso Nginx;OK;HARD;1;PROCS OK: 3 processes with command name 'nginx'
[1711162800] CURRENT SERVICE STATE: SRV_chat.cass.cl;Procesos;OK;HARD;1;PROCS OK: 276 processes
[1711162800] CURRENT SERVICE STATE: SRV_chat.cass.cl;Procesos Zombies;OK;HARD;1;PROCS OK: 0 processes with STATE = Z
[1711162800] CURRENT SERVICE STATE: SRV_chat.cass.cl;Puerto Contenedor;OK;HARD;1;TCP OK - 0.000 second response time on port 8000
[1711162800] CURRENT SERVICE STATE: SRV_chat.cass.cl;Puerto HTTP;OK;HARD;1;TCP OK - 0.000 second response time on port 80
[1711162800] CURRENT SERVICE STATE: SRV_chat.cass.cl;Puerto HTTPS;OK;HARD;1;TCP OK - 0.000 second response time on port 443
[1711162800] CURRENT SERVICE STATE: SRV_chat.cass.cl;Puerto Portainer;OK;HARD;1;TCP OK - 0.000 second response time on port 9443
[1711162800] CURRENT SERVICE STATE: SRV_chat.cass.cl;Servicio Docker;OK;HARD;1;OK: Service docker is running!
[1711162800] CURRENT SERVICE STATE: SRV_chat.cass.cl;Servicio Nginx;OK;HARD;1;OK: Service nginx is running!
[1711162800] CURRENT SERVICE STATE: SRV_chat.cass.cl;Usuarios Login;OK;HARD;1;USERS OK - 0 users currently logged in
[1711162800] CURRENT SERVICE STATE: SRV_email.cass.cl;Actualizacion;OK;HARD;1;Updates OK : no updates available
[1711162800] CURRENT SERVICE STATE: SRV_email.cass.cl;Almacenamiento /;OK;HARD;1;DISK OK - free space: /var/tmp 459481 MiB (90.67% inode=-):
[1711162800] CURRENT SERVICE STATE: SRV_email.cass.cl;Almacenamiento Mail;OK;HARD;1;DISK OK - free space: /mail 1786425 MiB (91.22% inode=99%):
[1711162800] CURRENT SERVICE STATE: SRV_email.cass.cl;Almacenamiento Mail2;OK;HARD;1;DISK OK - free space: /mail2 474148 MiB (99.34% inode=100%):
[1711162800] CURRENT SERVICE STATE: SRV_email.cass.cl;CPU;OK;HARD;1;OK - load average per CPU: 0.02, 0.02, 0.02
[1711162800] CURRENT SERVICE STATE: SRV_email.cass.cl;Correo Pop;OK;HARD;1;POP OK - 0.001 second response time on 10.0.2.25 port 110 [+OK GroupWise POP3 server ready]
[1711162800] CURRENT SERVICE STATE: SRV_email.cass.cl;Correo Smtp;OK;HARD;1;SMTP OK - 0.010 sec. response time
[1711162800] CURRENT SERVICE STATE: SRV_email.cass.cl;Memoria;OK;HARD;1;[MEMORY] Total: 11939 MB - Used: 2651 MB - 22% [SWAP] Total: 2048 MB - Used: 0 MB - 0%
[1711162800] CURRENT SERVICE STATE: SRV_email.cass.cl;Ping;OK;HARD;1;PING OK - Packet loss = 0%, RTA = 1.22 ms
[1711162800] CURRENT SERVICE STATE: SRV_email.cass.cl;Procesos;OK;HARD;1;PROCS OK: 300 processes
[1711162800] CURRENT SERVICE STATE: SRV_email.cass.cl;Procesos Zombies;OK;HARD;1;PROCS OK: 0 processes with STATE = Z
[1711162800] CURRENT SERVICE STATE: SRV_email.cass.cl;Tiempo Activo;OK;HARD;1;Uptime OK: 14 day(s) 15 hour(s) 37 minute(s)
[1711162800] CURRENT SERVICE STATE: SRV_email.cass.cl;Usuarios Login;OK;HARD;1;USERS OK - 0 users currently logged in
[1711162800] CURRENT SERVICE STATE: SRV_nagios;Actualizacion;CRITICAL;HARD;4;YUM CRITICAL: 29 Updates Available
[1711162800] CURRENT SERVICE STATE: SRV_nagios;CPU;OK;HARD;1;OK - load average: 0.15, 0.07, 0.06
[1711162800] CURRENT SERVICE STATE: SRV_nagios;Memoria;OK;HARD;1;[MEMORY] Total: 7740 MB - Used: 461 MB - 5% [SWAP] Total: 7935 MB - Used: 0 MB - 0%
[1711162800] CURRENT SERVICE STATE: SRV_nagios;PING;OK;HARD;1;PING OK - Packet loss = 0%, RTA = 0.08 ms
[1711162800] CURRENT SERVICE STATE: SRV_nagios;Procesos;OK;HARD;1;PROCS OK: 70 processes with STATE = RSZDT
[1711162800] CURRENT SERVICE STATE: SRV_nagios;Usarios Login;OK;HARD;1;USERS OK - 0 users currently logged in
[1711162800] CURRENT SERVICE STATE: SRV_sync.cass.cl;Ping;OK;HARD;1;PING OK - Packet loss = 0%, RTA = 0.86 ms
[1711162800] CURRENT SERVICE STATE: Servidor Vcenter;Ping;OK;HARD;1;PING OK - Packet loss = 0%, RTA = 0.51 ms
[1711162800] CURRENT SERVICE STATE: Servidores CASS;Ancho de Banda GE/1/0/3;OK;HARD;1;OK - Average IN: 8.18KB (0.01%), Average OUT: 5.98KB (0.00%)Total RX: 6468.69GBytes, Total TX: 34704.08GBytes
[1711162800] CURRENT SERVICE STATE: Servidores CASS;Estado Puerto 3;OK;HARD;1;OK: Interface GigabitEthernet1/0/3 (index 3) is up.
[1711162800] CURRENT SERVICE STATE: Servidores CASS;Estado Puerto 80;OK;HARD;1;TCP OK - 0.002 second response time on 10.0.0.17 port 80
[1711162800] CURRENT SERVICE STATE: Servidores CASS;Ping;OK;HARD;1;PING OK - Packet loss = 0%, RTA = 1.24 ms
[1711162800] CURRENT SERVICE STATE: Servidores CASS;Tiempo Activo;OK;HARD;1;SNMP OK - Timeticks: (126664604) 14 days, 15:50:46.04
[1711162800] CURRENT SERVICE STATE: Ups Principal;Carga;OK;HARD;1;OK: Estimated battery charge 98%, approximately 0 minutes runtime remaining.
[1711162800] CURRENT SERVICE STATE: Ups Principal;Estado;OK;HARD;1;OK: Battery Status Normal.
[1711162800] CURRENT SERVICE STATE: Ups Principal;Ping;OK;HARD;1;PING OK - Packet loss = 0%, RTA = 0.88 ms
[1711162800] CURRENT SERVICE STATE: Ups Principal;Temperatura;OK;HARD;1;OK: Battery Temperature is 30 degrees C (86.0 degrees F).
[1711162800] CURRENT SERVICE STATE: Ups Principal;Tiempo Activo;OK;HARD;1;SNMP OK - Timeticks: (124487326) 14 days, 9:47:53.26
[1711162800] CURRENT SERVICE STATE: Veeam2023.cass.pmc;Actualizacion;CRITICAL;HARD;3;Updates: 3 critical, 0 optional
[1711162800] CURRENT SERVICE STATE: Veeam2023.cass.pmc;Almacenamiento;OK;HARD;1;c:\ - total: 99.33 Gb - used: 62.00 Gb (62%) - free 37.33 Gb (38%)
[1711162800] CURRENT SERVICE STATE: Veeam2023.cass.pmc;CPU;OK;HARD;1;CPU Load 16% (5 min average)
[1711162800] CURRENT SERVICE STATE: Veeam2023.cass.pmc;Memoria;OK;HARD;1;Memory usage: total:28159.25 MB - used: 19269.87 MB (68%) - free: 8889.38 MB (32%)
[1711162800] CURRENT SERVICE STATE: Veeam2023.cass.pmc;Ping;OK;HARD;1;PING OK - Packet loss = 0%, RTA = 2.54 ms
[1711162800] CURRENT SERVICE STATE: Veeam2023.cass.pmc;Tiempo Activo;OK;HARD;1;System Uptime - 7 day(s) 11 hour(s) 25 minute(s)
[1711162800] CURRENT SERVICE STATE: web_cass_cl;Certificado;OK;HARD;1;SSL OK - Certificate '*.cass.cl' will expire in 286 days on 2025-01-03 20:59 -0300/-03.
[1711162800] CURRENT SERVICE STATE: web_cass_cl;HTTP;OK;HARD;1;HTTP OK: HTTP/1.1 302 Found - 1071 bytes in 0.187 second response time
[1711164001] SERVICE ALERT: SRV_email.cass.cl;Correo Pop;CRITICAL;SOFT;1;CHECK_NRPE: Error - Could not connect to 10.0.2.25. Check system logs on 10.0.2.25
[1711164063] SERVICE ALERT: SRV_Soporte;CPU;WARNING;SOFT;1;WARNING: Percent was 62.12 %
[1711164121] SERVICE ALERT: SRV_email.cass.cl;Correo Pop;OK;SOFT;2;POP OK - 0.000 second response time on 10.0.2.25 port 110 [+OK GroupWise POP3 server ready]
[1711164184] SERVICE ALERT: SRV_Soporte;CPU;OK;SOFT;2;OK: Percent was 28.05 %
[1711164273] SERVICE ALERT: SRVCONT.cass.cl;Actualizacion;CRITICAL;SOFT;1;CHECK_NRPE STATE CRITICAL: Socket timeout after 30 seconds.
[1711164395] SERVICE ALERT: SRVCONT.cass.cl;Actualizacion;OK;SOFT;2;OK - no pending updates.
[1711165976] Auto-save of retention data completed successfully.
[1711166405] SERVICE ALERT: SRV_Soporte;CPU;WARNING;SOFT;1;WARNING: Percent was 61.62 %
[1711166526] SERVICE ALERT: SRV_Soporte;CPU;OK;SOFT;2;OK: Percent was 36.35 %
[1711167487] SERVICE ALERT: SRV_Soporte;CPU;WARNING;SOFT;1;WARNING: Percent was 60.60 %
[1711167608] SERVICE ALERT: SRV_Soporte;CPU;OK;SOFT;2;OK: Percent was 43.95 %
[1711169576] Auto-save of retention data completed successfully.
[1711171148] SERVICE ALERT: SRV_Soporte;CPU;WARNING;SOFT;1;WARNING: Percent was 62.53 %
[1711171268] SERVICE ALERT: SRV_Soporte;CPU;OK;SOFT;2;OK: Percent was 56.05 %
[1711172228] SERVICE ALERT: SRV_Soporte;CPU;CRITICAL;SOFT;1;CRITICAL: Percent was 79.55 %
[1711172349] SERVICE ALERT: SRV_Soporte;CPU;OK;SOFT;2;OK: Percent was 33.35 %
[1711172890] SERVICE ALERT: SRV_Soporte;CPU;WARNING;SOFT;1;WARNING: Percent was 66.65 %
[1711173001] SERVICE ALERT: SRV_email.cass.cl;Correo Pop;CRITICAL;SOFT;1;CHECK_NRPE: Error - Could not connect to 10.0.2.25. Check system logs on 10.0.2.25
[1711173010] SERVICE ALERT: SRV_Soporte;CPU;OK;SOFT;2;OK: Percent was 47.72 %
[1711173121] SERVICE ALERT: SRV_email.cass.cl;Correo Pop;OK;SOFT;2;POP OK - 0.001 second response time on 10.0.2.25 port 110 [+OK GroupWise POP3 server ready]
[1711173176] Auto-save of retention data completed successfully.
[1711173611] SERVICE ALERT: SRV_Soporte;CPU;WARNING;SOFT;1;WARNING: Percent was 64.38 %
[1711173731] SERVICE ALERT: SRV_Soporte;CPU;OK;SOFT;2;OK: Percent was 25.95 %
[1711173853] SERVICE ALERT: FW Cass Entel;Ping;WARNING;SOFT;1;PING WARNING - Packet loss = 86%, RTA = 34.43 ms
[1711173877] wproc: Core Worker 1160: job 410663 (pid=10253) timed out. Killing it
[1711173877] wproc: CHECK job 410663 from worker Core Worker 1160 timed out after 30.01s
[1711173877] wproc:   host=FW ADL Diagnostic; service=(null);
[1711173877] wproc:   early_timeout=1; exited_ok=0; wait_status=0; error_code=62;
[1711173877] Warning: Check of host 'FW ADL Diagnostic' timed out after 30.01 seconds
[1711173877] HOST ALERT: FW ADL Diagnostic;DOWN;SOFT;1;(Host check timed out after 30.01 seconds)
[1711173877] wproc: Core Worker 1160: job 410663 (pid=10253): Dormant child reaped
[1711173881] wproc: Core Worker 1160: job 410666 (pid=10280) timed out. Killing it
[1711173881] wproc: CHECK job 410666 from worker Core Worker 1160 timed out after 30.01s
[1711173881] wproc:   host=FW Cass Entel; service=(null);
[1711173881] wproc:   early_timeout=1; exited_ok=0; wait_status=0; error_code=62;
[1711173881] Warning: Check of host 'FW Cass Entel' timed out after 30.01 seconds
[1711173881] HOST ALERT: FW Cass Entel;DOWN;SOFT;1;(Host check timed out after 30.01 seconds)
[1711173882] wproc: Core Worker 1160: job 410666 (pid=10280): Dormant child reaped
[1711173910] SERVICE ALERT: FW ADL Diagnostic;Ping;CRITICAL;HARD;1;PING CRITICAL - Packet loss = 100%
[1711173943] wproc: Core Worker 1157: job 410721 (pid=10817) timed out. Killing it
[1711173943] wproc: CHECK job 410721 from worker Core Worker 1157 timed out after 30.01s
[1711173943] wproc:   host=FW Cass Entel; service=(null);
[1711173943] wproc:   early_timeout=1; exited_ok=0; wait_status=0; error_code=62;
[1711173943] wproc:   stdout line 01: PING CRITICAL - Packet loss = 100%|rta=5000.000000ms;3000.000000;5000.000000;0.000000 pl=100%;80;100;0
[1711173943] Warning: Check of host 'FW Cass Entel' timed out after 30.01 seconds
[1711173943] HOST ALERT: FW Cass Entel;DOWN;SOFT;2;(Host check timed out after 30.01 seconds)
[1711173943] wproc: Core Worker 1157: job 410721 (pid=10817): Dormant child reaped
[1711173949] SERVICE ALERT: FW ADL Diagnostic;Ping;OK;HARD;1;PING OK - Packet loss = 50%, RTA = 34.38 ms
[1711173949] HOST ALERT: FW ADL Diagnostic;UP;SOFT;1;PING OK - Packet loss = 61%, RTA = 34.30 ms
[1711173977] SERVICE ALERT: FW Cass Entel;Ping;OK;SOFT;2;PING OK - Packet loss = 0%, RTA = 33.95 ms
[1711173981] HOST ALERT: FW Cass Entel;UP;SOFT;1;PING OK - Packet loss = 0%, RTA = 34.14 ms
[1711174632] SERVICE ALERT: SRV_Soporte;CPU;CRITICAL;SOFT;1;CRITICAL: Percent was 71.23 %
[1711174752] SERVICE ALERT: SRV_Soporte;CPU;OK;SOFT;2;OK: Percent was 29.57 %
[1711176776] Auto-save of retention data completed successfully.
[1711176912] SERVICE ALERT: SRV_Soporte;CPU;WARNING;SOFT;1;WARNING: Percent was 62.73 %
[1711177033] SERVICE ALERT: SRV_Soporte;CPU;OK;SOFT;2;OK: Percent was 32.58 %
[1711178294] SERVICE ALERT: SRV_Soporte;CPU;WARNING;SOFT;1;WARNING: Percent was 60.60 %
[1711178415] SERVICE ALERT: SRV_Soporte;CPU;OK;SOFT;2;OK: Percent was 37.58 %
[1711178956] SERVICE ALERT: SRV_Soporte;CPU;WARNING;SOFT;1;WARNING: Percent was 62.88 %
[1711179077] SERVICE ALERT: SRV_Soporte;CPU;OK;SOFT;2;OK: Percent was 43.17 %
[1711180376] Auto-save of retention data completed successfully.
[1711180801] SERVICE ALERT: SRV_email.cass.cl;Correo Pop;CRITICAL;SOFT;1;(No output on stdout) stderr: connect to address 10.0.2.25 port 5666: Connection refused
[1711180921] SERVICE ALERT: SRV_email.cass.cl;Correo Pop;OK;SOFT;2;POP OK - 0.001 second response time on 10.0.2.25 port 110 [+OK GroupWise POP3 server ready]
[1711182378] SERVICE ALERT: SRV_Soporte;CPU;CRITICAL;SOFT;1;CRITICAL: Percent was 72.72 %
[1711182498] SERVICE ALERT: SRV_Soporte;CPU;OK;SOFT;2;OK: Percent was 36.35 %
[1711183099] SERVICE ALERT: SRV_Soporte;CPU;CRITICAL;SOFT;1;CRITICAL: Percent was 72.42 %
[1711183201] SERVICE ALERT: SRV_email.cass.cl;Correo Pop;CRITICAL;SOFT;1;CHECK_NRPE: Error - Could not connect to 10.0.2.25: Connection reset by peer
[1711183219] SERVICE ALERT: SRV_Soporte;CPU;OK;SOFT;2;OK: Percent was 25.75 %
[1711183321] SERVICE ALERT: SRV_email.cass.cl;Correo Pop;OK;SOFT;2;POP OK - 0.002 second response time on 10.0.2.25 port 110 [+OK GroupWise POP3 server ready]
[1711183976] Auto-save of retention data completed successfully.
[1711184719] SERVICE ALERT: SRV_Soporte;CPU;CRITICAL;SOFT;1;CRITICAL: Percent was 75.03 %
[1711184840] SERVICE ALERT: SRV_Soporte;CPU;OK;SOFT;2;OK: Percent was 40.90 %
[1711186221] SERVICE ALERT: SRV_Soporte;CPU;WARNING;SOFT;1;WARNING: Percent was 68.17 %
[1711186341] SERVICE ALERT: SRV_Soporte;CPU;OK;SOFT;2;OK: Percent was 31.05 %
[1711187001] SERVICE ALERT: SRV_Soporte;CPU;WARNING;SOFT;1;WARNING: Percent was 62.88 %
[1711187122] SERVICE ALERT: SRV_Soporte;CPU;OK;SOFT;2;OK: Percent was 35.62 %
[1711187576] Auto-save of retention data completed successfully.
[1711188022] SERVICE ALERT: SRV_Soporte;CPU;WARNING;SOFT;1;WARNING: Percent was 67.40 %
[1711188143] SERVICE ALERT: SRV_Soporte;CPU;OK;SOFT;2;OK: Percent was 30.30 %
[1711189824] SERVICE ALERT: SRV_Soporte;CPU;CRITICAL;SOFT;1;CRITICAL: Percent was 71.20 %
[1711189945] SERVICE ALERT: SRV_Soporte;CPU;OK;SOFT;2;OK: Percent was 42.42 %
[1711190905] SERVICE ALERT: SRV_Soporte;CPU;WARNING;SOFT;1;WARNING: Percent was 62.47 %
[1711191026] SERVICE ALERT: SRV_Soporte;CPU;OK;SOFT;2;OK: Percent was 40.90 %
[1711191176] Auto-save of retention data completed successfully.
[1711192911] SERVICE ALERT: SRV01USER_cass.cl;Actualizacion;UNKNOWN;HARD;3;CHECK_NRPE: Receive header underflow - only 0 bytes received (4 expected).
[1711192977] SERVICE ALERT: SRV01USER_cass.cl;Actualizacion;CRITICAL;HARD;3;Updates: 2 critical, 0 optional
[1711193007] SERVICE ALERT: SRV_Soporte;CPU;WARNING;SOFT;1;WARNING: Percent was 62.88 %
[1711193127] SERVICE ALERT: SRV_Soporte;CPU;OK;SOFT;2;OK: Percent was 46.20 %
[1711194027] SERVICE ALERT: SRV_Soporte;CPU;WARNING;SOFT;1;WARNING: Percent was 68.42 %
[1711194148] SERVICE ALERT: SRV_Soporte;CPU;OK;SOFT;2;OK: Percent was 31.05 %
[1711194776] Auto-save of retention data completed successfully.
[1711195288] SERVICE ALERT: SRV_Soporte;CPU;WARNING;SOFT;1;WARNING: Percent was 61.35 %
[1711195409] SERVICE ALERT: SRV_Soporte;CPU;OK;SOFT;2;OK: Percent was 28.80 %
[1711196670] SERVICE ALERT: SRV_Soporte;CPU;WARNING;SOFT;1;WARNING: Percent was 60.60 %
[1711196790] SERVICE ALERT: SRV_Soporte;CPU;WARNING;SOFT;2;WARNING: Percent was 65.90 %
[1711196911] SERVICE ALERT: SRV_Soporte;CPU;CRITICAL;HARD;3;CRITICAL: Percent was 71.20 %
[1711196972] SERVICE ALERT: SRV_Soporte;CPU;OK;HARD;1;OK: Percent was 38.65 %
[1711197033] SERVICE ALERT: SRV_Soporte;CPU;WARNING;SOFT;1;WARNING: Percent was 63.62 %
[1711197153] SERVICE ALERT: SRV_Soporte;CPU;OK;SOFT;2;OK: Percent was 25.75 %
[1711198376] Auto-save of retention data completed successfully.
[1711200213] SERVICE ALERT: SRV_Soporte;CPU;WARNING;SOFT;1;WARNING: Percent was 63.62 %
[1711200334] SERVICE ALERT: SRV_Soporte;CPU;OK;SOFT;2;OK: Percent was 40.15 %
[1711201976] Auto-save of retention data completed successfully.
[1711202375] SERVICE ALERT: SRV_Soporte;CPU;WARNING;SOFT;1;WARNING: Percent was 68.20 %
[1711202495] SERVICE ALERT: SRV_Soporte;CPU;OK;SOFT;2;OK: Percent was 31.05 %
[1711203396] SERVICE ALERT: SRV_Soporte;CPU;WARNING;SOFT;1;WARNING: Percent was 67.95 %
[1711203516] SERVICE ALERT: SRV_Soporte;CPU;OK;SOFT;2;OK: Percent was 43.92 %
[1711204537] SERVICE ALERT: SRV_Soporte;CPU;CRITICAL;SOFT;1;CRITICAL: Percent was 75.75 %
[1711204658] SERVICE ALERT: SRV_Soporte;CPU;OK;SOFT;2;OK: Percent was 52.27 %
[1711205138] SERVICE ALERT: SRV_Soporte;CPU;WARNING;SOFT;1;WARNING: Percent was 61.35 %
[1711205259] SERVICE ALERT: SRV_Soporte;CPU;OK;SOFT;2;OK: Percent was 46.20 %
[1711205576] Auto-save of retention data completed successfully.
[1711208259] SERVICE ALERT: SRV_Soporte;CPU;WARNING;SOFT;1;WARNING: Percent was 60.58 %
[1711208380] SERVICE ALERT: SRV_Soporte;CPU;OK;SOFT;2;OK: Percent was 43.92 %
[1711209176] Auto-save of retention data completed successfully.
[1711209220] SERVICE ALERT: SRV_Soporte;CPU;WARNING;SOFT;1;WARNING: Percent was 65.92 %
[1711209341] SERVICE ALERT: SRV_Soporte;CPU;OK;SOFT;2;OK: Percent was 37.10 %
[1711210422] SERVICE ALERT: SRV_Soporte;CPU;WARNING;SOFT;1;WARNING: Percent was 62.88 %
[1711210543] SERVICE ALERT: SRV_Soporte;CPU;OK;SOFT;2;OK: Percent was 46.20 %
[1711212343] SERVICE ALERT: SRV_Soporte;CPU;WARNING;SOFT;1;WARNING: Percent was 67.40 %
[1711212464] SERVICE ALERT: SRV_Soporte;CPU;OK;SOFT;2;OK: Percent was 41.67 %
[1711212776] Auto-save of retention data completed successfully.
[1711213844] SERVICE ALERT: SRV_Soporte;CPU;CRITICAL;SOFT;1;CRITICAL: Percent was 71.22 %
[1711213965] SERVICE ALERT: SRV_Soporte;CPU;OK;SOFT;2;OK: Percent was 43.17 %
[1711214865] SERVICE ALERT: SRV_Soporte;CPU;WARNING;SOFT;1;WARNING: Percent was 63.22 %
[1711214986] SERVICE ALERT: SRV_Soporte;CPU;OK;SOFT;2;OK: Percent was 34.08 %
[1711216307] SERVICE ALERT: SRV_Soporte;CPU;CRITICAL;SOFT;1;CRITICAL: Percent was 77.28 %
[1711216376] Auto-save of retention data completed successfully.
[1711216427] SERVICE ALERT: SRV_Soporte;CPU;OK;SOFT;2;OK: Percent was 38.62 %
[1711217327] SERVICE ALERT: SRV_Soporte;CPU;WARNING;SOFT;1;WARNING: Percent was 62.88 %
[1711217448] SERVICE ALERT: SRV_Soporte;CPU;OK;SOFT;2;OK: Percent was 43.20 %
[1711217599] SERVICE ALERT: SRV_chat.cass.cl;Actualizacion;UNKNOWN;SOFT;1;Updates UNKNOWN : UNKNOWN: Error message: Failed to connect to download.opensuse.org port 80: No route to host
[1711217603] SERVICE ALERT: SRV_SOS2021.cass.cl;Actualizacion;UNKNOWN;SOFT;1;Updates UNKNOWN : UNKNOWN: Error message: Failed to connect to download.opensuse.org port 80: No route to host
[1711217733] SERVICE ALERT: SRV_chat.cass.cl;Actualizacion;OK;SOFT;2;Updates OK : no updates available
[1711217735] SERVICE ALERT: SRV_SOS2021.cass.cl;Actualizacion;OK;SOFT;2;Updates OK : no updates available
[1711218348] SERVICE ALERT: SRV_Soporte;CPU;WARNING;SOFT;1;WARNING: Percent was 69.70 %
[1711218469] SERVICE ALERT: SRV_Soporte;CPU;OK;SOFT;2;OK: Percent was 46.98 %
[1711219309] SERVICE ALERT: SRV_Soporte;CPU;WARNING;SOFT;1;WARNING: Percent was 60.12 %
[1711219430] SERVICE ALERT: SRV_Soporte;CPU;OK;SOFT;2;OK: Percent was 33.88 %
[1711219976] Auto-save of retention data completed successfully.
[1711220570] SERVICE ALERT: SRV_Soporte;CPU;WARNING;SOFT;1;WARNING: Percent was 65.15 %
[1711220691] SERVICE ALERT: SRV_Soporte;CPU;OK;SOFT;2;OK: Percent was 29.55 %
[1711221412] SERVICE ALERT: SRV_Soporte;CPU;WARNING;SOFT;1;WARNING: Percent was 68.20 %
[1711221533] SERVICE ALERT: SRV_Soporte;CPU;OK;SOFT;2;OK: Percent was 37.12 %
[1711223576] Auto-save of retention data completed successfully.
[1711223993] SERVICE ALERT: SRV_Soporte;CPU;WARNING;SOFT;1;WARNING: Percent was 64.38 %
[1711224114] SERVICE ALERT: SRV_Soporte;CPU;WARNING;SOFT;2;WARNING: Percent was 61.38 %
[1711224235] SERVICE ALERT: SRV_Soporte;CPU;OK;SOFT;3;OK: Percent was 25.85 %
[1711224817] SERVICE ALERT: FW Cass Telsur;Ancho de Banda LAN;CRITICAL;SOFT;1;(No output on stdout) stderr:
[1711224937] SERVICE ALERT: FW Cass Telsur;Ancho de Banda LAN;OK;SOFT;2;OK - Average IN: 28.43KB (0.02%), Average OUT: 445.36KB (0.36%)Total RX: 307.19GBytes, Total TX: 548.13GBytes
[1711225916] SERVICE ALERT: SRV_Soporte;CPU;CRITICAL;SOFT;1;CRITICAL: Percent was 73.47 %
[1711226037] SERVICE ALERT: SRV_Soporte;CPU;OK;SOFT;2;OK: Percent was 38.65 %
[1711227057] SERVICE ALERT: SRV_Soporte;CPU;WARNING;SOFT;1;WARNING: Percent was 62.12 %
[1711227176] Auto-save of retention data completed successfully.
[1711227178] SERVICE ALERT: SRV_Soporte;CPU;OK;SOFT;2;OK: Percent was 40.92 %
[1711227719] SERVICE ALERT: SRV_Soporte;CPU;CRITICAL;SOFT;1;CRITICAL: Percent was 75.00 %
[1711227839] SERVICE ALERT: SRV_Soporte;CPU;OK;SOFT;2;OK: Percent was 45.15 %
[1711230480] SERVICE ALERT: SRV_Soporte;CPU;CRITICAL;SOFT;1;CRITICAL: Percent was 70.17 %
[1711230600] SERVICE ALERT: SRV_Soporte;CPU;OK;SOFT;2;OK: Percent was 25.75 %
[1711230776] Auto-save of retention data completed successfully.
[1711231261] SERVICE ALERT: SRV_Soporte;CPU;WARNING;SOFT;1;WARNING: Percent was 67.42 %
[1711231382] SERVICE ALERT: SRV_Soporte;CPU;OK;SOFT;2;OK: Percent was 28.77 %
[1711231563] SERVICE ALERT: SRV_Soporte;CPU;WARNING;SOFT;1;WARNING: Percent was 65.17 %
[1711231683] SERVICE ALERT: SRV_Soporte;CPU;OK;SOFT;2;OK: Percent was 30.30 %
[1711234376] Auto-save of retention data completed successfully.
[1711235884] SERVICE ALERT: SRV_Soporte;CPU;CRITICAL;SOFT;1;CRITICAL: Percent was 74.25 %
[1711236005] SERVICE ALERT: SRV_Soporte;CPU;OK;SOFT;2;OK: Percent was 43.92 %
[1711237866] SERVICE ALERT: SRV_Soporte;CPU;CRITICAL;SOFT;1;CRITICAL: Percent was 75.78 %
[1711237976] Auto-save of retention data completed successfully.
[1711237987] SERVICE ALERT: SRV_Soporte;CPU;OK;SOFT;2;OK: Percent was 43.92 %
[1711240748] SERVICE ALERT: SRV_Soporte;CPU;CRITICAL;SOFT;1;CRITICAL: Percent was 70.45 %
[1711240869] SERVICE ALERT: SRV_Soporte;CPU;OK;SOFT;2;OK: Percent was 43.92 %
[1711241576] Auto-save of retention data completed successfully.
[1711242730] SERVICE ALERT: SRV_Soporte;CPU;WARNING;SOFT;1;WARNING: Percent was 61.35 %
[1711242850] SERVICE ALERT: SRV_Soporte;CPU;OK;SOFT;2;OK: Percent was 38.25 %
[1711244231] SERVICE ALERT: SRV_Soporte;CPU;WARNING;SOFT;1;WARNING: Percent was 65.90 %
[1711244352] SERVICE ALERT: SRV_Soporte;CPU;OK;SOFT;2;OK: Percent was 31.82 %
[1711245176] Auto-save of retention data completed successfully.
[1711245672] SERVICE ALERT: SRV_Soporte;CPU;WARNING;SOFT;1;WARNING: Percent was 61.35 %
[1711245793] SERVICE ALERT: SRV_Soporte;CPU;OK;SOFT;2;OK: Percent was 43.20 %
[1711247714] SERVICE ALERT: SRV_Soporte;CPU;WARNING;SOFT;1;WARNING: Percent was 64.72 %
[1711247835] SERVICE ALERT: SRV_Soporte;CPU;OK;SOFT;2;OK: Percent was 47.73 %
[1711248776] Auto-save of retention data completed successfully.
