[1690689600] LOG ROTATION: DAILY
[1690689600] LOG VERSION: 2.0
[1690689600] CURRENT HOST STATE: ADL Diagnostic;UP;HARD;1;PING OK - Packet loss = 0%, RTA = 46.87 ms
[1690689600] CURRENT HOST STATE: Blueshell;UP;HARD;1;PING OK - Packet loss = 0%, RTA = 9.33 ms
[1690689600] CURRENT HOST STATE: Cass Entel;UP;HARD;1;PING OK - Packet loss = 0%, RTA = 0.35 ms
[1690689600] CURRENT HOST STATE: Cass Telsur;UP;HARD;1;PING OK - Packet loss = 0%, RTA = 3.75 ms
[1690689600] CURRENT HOST STATE: Clinica PV Movistar;UP;HARD;1;PING OK - Packet loss = 0%, RTA = 37.16 ms
[1690689600] CURRENT HOST STATE: Clinica PV Telsur;UP;HARD;1;PING OK - Packet loss = 0%, RTA = 8.28 ms
[1690689600] CURRENT HOST STATE: Confe;UP;HARD;1;PING OK - Packet loss = 0%, RTA = 56.89 ms
[1690689600] CURRENT HOST STATE: Electric Works;UP;HARD;1;PING OK - Packet loss = 0%, RTA = 32.43 ms
[1690689600] CURRENT HOST STATE: Ext Entel;UP;HARD;1;PING OK - Packet loss = 0%, RTA = 0.41 ms
[1690689600] CURRENT HOST STATE: Ext Telsur;UP;HARD;1;PING OK - Packet loss = 0%, RTA = 5.07 ms
[1690689600] CURRENT HOST STATE: FW ADL Diagnostic;UP;HARD;1;PING OK - Packet loss = 0%, RTA = 49.31 ms
[1690689600] CURRENT HOST STATE: FW Blueshell;UP;HARD;1;PING OK - Packet loss = 0%, RTA = 10.91 ms
[1690689600] CURRENT HOST STATE: FW Cass Entel;UP;HARD;1;PING OK - Packet loss = 0%, RTA = 44.11 ms
[1690689600] CURRENT HOST STATE: FW Cass Telsur;UP;HARD;1;PING OK - Packet loss = 0%, RTA = 0.34 ms
[1690689600] CURRENT HOST STATE: FW Clinica PV Movistar;UP;HARD;1;PING OK - Packet loss = 0%, RTA = 40.18 ms
[1690689600] CURRENT HOST STATE: FW Clinica PV Telsur;UP;HARD;1;PING OK - Packet loss = 0%, RTA = 5.32 ms
[1690689600] CURRENT HOST STATE: FW Confe;UP;HARD;1;PING OK - Packet loss = 0%, RTA = 49.38 ms
[1690689600] CURRENT HOST STATE: FW Electric Works;UP;HARD;1;PING OK - Packet loss = 0%, RTA = 36.60 ms
[1690689600] CURRENT HOST STATE: FW Gore Los Lagos;UP;HARD;1;PING OK - Packet loss = 0%, RTA = 2.82 ms
[1690689600] CURRENT HOST STATE: FW Pasmar;UP;HARD;1;PING OK - Packet loss = 0%, RTA = 5.21 ms
[1690689600] CURRENT HOST STATE: Gore Los Lagos;UP;HARD;1;PING OK - Packet loss = 0%, RTA = 5.11 ms
[1690689600] CURRENT HOST STATE: Host-10.0.0.120;UP;HARD;1;PING OK - Packet loss = 0%, RTA = 0.47 ms
[1690689600] CURRENT HOST STATE: Host-10.0.0.121;UP;HARD;1;PING OK - Packet loss = 0%, RTA = 0.92 ms
[1690689600] CURRENT HOST STATE: Internet;UP;HARD;1;PING OK - Packet loss = 0%, RTA = 26.08 ms
[1690689600] CURRENT HOST STATE: Pasmar;UP;HARD;1;PING OK - Packet loss = 0%, RTA = 12.91 ms
[1690689600] CURRENT HOST STATE: Qnap NAS;UP;HARD;1;PING OK - Packet loss = 0%, RTA = 0.27 ms
[1690689600] CURRENT HOST STATE: SRV01USER_cass.cl;UP;HARD;1;PING OK - Packet loss = 0%, RTA = 2.17 ms
[1690689600] CURRENT HOST STATE: SRV04AD01.cass.cl;UP;HARD;1;PING OK - Packet loss = 0%, RTA = 2.48 ms
[1690689600] CURRENT HOST STATE: SRV05AD02_cass.cl;UP;HARD;1;PING OK - Packet loss = 0%, RTA = 1.48 ms
[1690689600] CURRENT HOST STATE: SRV11VIBE_cass.cl;UP;HARD;1;PING OK - Packet loss = 0%, RTA = 0.85 ms
[1690689600] CURRENT HOST STATE: SRV12WEB_cass.cl;UP;HARD;1;PING OK - Packet loss = 0%, RTA = 0.85 ms
[1690689600] CURRENT HOST STATE: SRVAD1.cass.pmc;UP;HARD;1;PING OK - Packet loss = 0%, RTA = 1.75 ms
[1690689600] CURRENT HOST STATE: SRVAD2.cass.pmc;UP;HARD;1;PING OK - Packet loss = 0%, RTA = 1.42 ms
[1690689600] CURRENT HOST STATE: SRVADMIN.cass.pmc;UP;HARD;1;PING OK - Packet loss = 0%, RTA = 1.69 ms
[1690689600] CURRENT HOST STATE: SRVCONT.cass.cl;UP;HARD;1;PING OK - Packet loss = 0%, RTA = 3.24 ms
[1690689600] CURRENT HOST STATE: SRVDC1.cass.pmc;UP;HARD;1;PING OK - Packet loss = 0%, RTA = 1.04 ms
[1690689600] CURRENT HOST STATE: SRVDNS;UP;HARD;1;PING OK - Packet loss = 0%, RTA = 1.00 ms
[1690689600] CURRENT HOST STATE: SRVMFSD;UP;HARD;1;PING OK - Packet loss = 0%, RTA = 0.68 ms
[1690689600] CURRENT HOST STATE: SRV_Cfiler.cass.cl;UP;HARD;1;PING OK - Packet loss = 0%, RTA = 1.36 ms
[1690689600] CURRENT HOST STATE: SRV_Oraculo_cass.cl;UP;HARD;1;PING OK - Packet loss = 0%, RTA = 0.92 ms
[1690689600] CURRENT HOST STATE: SRV_SOS2021.cass.cl;UP;HARD;1;PING OK - Packet loss = 0%, RTA = 0.93 ms
[1690689600] CURRENT HOST STATE: SRV_SUM;UP;HARD;1;PING OK - Packet loss = 0%, RTA = 0.59 ms
[1690689600] CURRENT HOST STATE: SRV_chat.cass.cl;UP;HARD;1;PING OK - Packet loss = 0%, RTA = 0.78 ms
[1690689600] CURRENT HOST STATE: SRV_email.cass.cl;UP;HARD;1;PING OK - Packet loss = 0%, RTA = 0.87 ms
[1690689600] CURRENT HOST STATE: SRV_nagios;UP;HARD;1;PING OK - Packet loss = 0%, RTA = 0.07 ms
[1690689600] CURRENT HOST STATE: SRV_sync.cass.cl;UP;HARD;1;PING OK - Packet loss = 0%, RTA = 0.75 ms
[1690689600] CURRENT HOST STATE: Servidor Vcenter;UP;HARD;1;PING OK - Packet loss = 0%, RTA = 0.85 ms
[1690689600] CURRENT HOST STATE: Servidores CASS;UP;HARD;1;PING OK - Packet loss = 0%, RTA = 1.22 ms
[1690689600] CURRENT HOST STATE: Ups Principal;UP;HARD;1;PING OK - Packet loss = 0%, RTA = 0.87 ms
[1690689600] CURRENT HOST STATE: Veeam2023.cass.pmc;UP;HARD;1;PING OK - Packet loss = 0%, RTA = 2.07 ms
[1690689600] CURRENT HOST STATE: web_cass_cl;UP;HARD;1;PING OK - Packet loss = 0%, RTA = 1.48 ms
[1690689600] CURRENT SERVICE STATE: ADL Diagnostic;Ping;OK;HARD;1;PING OK - Packet loss = 0%, RTA = 34.22 ms
[1690689600] CURRENT SERVICE STATE: Blueshell;Ping;OK;HARD;1;PING OK - Packet loss = 0%, RTA = 7.65 ms
[1690689600] CURRENT SERVICE STATE: Clinica PV Movistar;Ping;OK;HARD;1;PING OK - Packet loss = 0%, RTA = 32.44 ms
[1690689600] CURRENT SERVICE STATE: Confe;Ping;CRITICAL;HARD;1;PING CRITICAL - Packet loss = 100%
[1690689600] CURRENT SERVICE STATE: Electric Works;Ping;OK;HARD;1;PING OK - Packet loss = 0%, RTA = 36.26 ms
[1690689600] CURRENT SERVICE STATE: Ext Telsur;Ping;OK;HARD;1;PING OK - Packet loss = 0%, RTA = 2.57 ms
[1690689600] CURRENT SERVICE STATE: FW ADL Diagnostic;Ping;OK;HARD;1;PING OK - Packet loss = 0%, RTA = 51.05 ms
[1690689600] CURRENT SERVICE STATE: FW Blueshell;Ping;OK;HARD;1;PING OK - Packet loss = 0%, RTA = 8.11 ms
[1690689600] CURRENT SERVICE STATE: FW Cass Entel;Ping;OK;HARD;1;PING OK - Packet loss = 0%, RTA = 38.63 ms
[1690689600] CURRENT SERVICE STATE: FW Cass Telsur;Ancho de Banda DMZ;OK;HARD;1;OK - Average IN: 4.34KB (0.00%), Average OUT: 5.48KB (0.00%)Total RX: 30.54GBytes, Total TX: 64.61GBytes
[1690689600] CURRENT SERVICE STATE: FW Cass Telsur;Ancho de Banda LAN;OK;HARD;1;OK - Average IN: 1.10KB (0.00%), Average OUT: 1.29KB (0.00%)Total RX: 426.49GBytes, Total TX: 397.96GBytes
[1690689600] CURRENT SERVICE STATE: FW Cass Telsur;Ancho de Banda WAN;OK;HARD;1;OK - Average IN: 4.22MB (3.37%), Average OUT: 4.17MB (3.33%)Total RX: 2493.29GBytes, Total TX: 4656.02GBytes
[1690689600] CURRENT SERVICE STATE: FW Cass Telsur;Estado Puerto DMZ;OK;HARD;1;OK: Interface eth2 (index 4) is up.
[1690689600] CURRENT SERVICE STATE: FW Cass Telsur;Estado Puerto LAN;OK;HARD;1;OK: Interface eth0 (index 2) is up.
[1690689600] CURRENT SERVICE STATE: FW Cass Telsur;Estado Puerto WAN;OK;HARD;1;OK: Interface eth1 (index 3) is up.
[1690689600] CURRENT SERVICE STATE: FW Cass Telsur;Estado TCP Sophos;OK;HARD;1;TCP OK - 0.001 second response time on 201.220.96.34 port 4444
[1690689600] CURRENT SERVICE STATE: FW Cass Telsur;Ping;OK;HARD;1;PING OK - Packet loss = 0%, RTA = 0.45 ms
[1690689600] CURRENT SERVICE STATE: FW Cass Telsur;Tiempo Activo;OK;HARD;1;SNMP OK - Timeticks: (215737582) 24 days, 23:16:15.82
[1690689600] CURRENT SERVICE STATE: FW Clinica PV Movistar;Ping;OK;HARD;1;PING OK - Packet loss = 0%, RTA = 46.05 ms
[1690689600] CURRENT SERVICE STATE: FW Confe;Ping;OK;HARD;1;PING OK - Packet loss = 16%, RTA = 54.07 ms
[1690689600] CURRENT SERVICE STATE: FW Electric Works;Ping;OK;HARD;1;PING OK - Packet loss = 0%, RTA = 39.50 ms
[1690689600] CURRENT SERVICE STATE: FW Gore Los Lagos;Ping;OK;HARD;1;PING OK - Packet loss = 0%, RTA = 11.44 ms
[1690689600] CURRENT SERVICE STATE: FW Pasmar;Ping;OK;HARD;1;PING OK - Packet loss = 0%, RTA = 3.82 ms
[1690689600] CURRENT SERVICE STATE: Gore Los Lagos;Ping;OK;HARD;1;PING OK - Packet loss = 0%, RTA = 8.17 ms
[1690689600] CURRENT SERVICE STATE: Host-10.0.0.120;Ping;OK;HARD;1;PING OK - Packet loss = 0%, RTA = 0.91 ms
[1690689600] CURRENT SERVICE STATE: Host-10.0.0.121;Ping;OK;HARD;1;PING OK - Packet loss = 0%, RTA = 0.58 ms
[1690689600] CURRENT SERVICE STATE: Pasmar;Ping;OK;HARD;1;PING OK - Packet loss = 0%, RTA = 11.22 ms
[1690689600] CURRENT SERVICE STATE: Qnap NAS;Almacenamiento;OK;HARD;1;OK: Total:50TB - Used:29TB - Free:21TB - Used Space: 58%
[1690689600] CURRENT SERVICE STATE: Qnap NAS;Estado;OK;HARD;1;Power Supply #1 - OK: GOOD
[1690689600] CURRENT SERVICE STATE: Qnap NAS;Memoria;OK;HARD;1;OK: Total:3830MB - Used:1297MB - Free:2533MB = 34%
[1690689600] CURRENT SERVICE STATE: Qnap NAS;Sysinfo;OK;HARD;1;NAS Cloud, Model TS-879U-RP, Firmware 4.3.6, Max HD number 8, No. Volume 1
[1690689600] CURRENT SERVICE STATE: Qnap NAS;Temperatura;OK;HARD;1;OK: Temperature=38C
[1690689600] CURRENT SERVICE STATE: Qnap NAS;Tiempo Activo;OK;HARD;1;SNMP OK - Timeticks: (39946616) 4 days, 14:57:46.16
[1690689600] CURRENT SERVICE STATE: SRV01USER_cass.cl;Actualizacion;CRITICAL;HARD;3;Updates: 1 critical, 0 optional
[1690689600] CURRENT SERVICE STATE: SRV01USER_cass.cl;Almacenamiento C;OK;HARD;1;c:\ - total: 119.40 Gb - used: 92.19 Gb (77%) - free 27.21 Gb (23%)
[1690689600] CURRENT SERVICE STATE: SRV01USER_cass.cl;Almacenamiento U;OK;HARD;1;u:\ - total: 1023.98 Gb - used: 180.85 Gb (18%) - free 843.14 Gb (82%)
[1690689600] CURRENT SERVICE STATE: SRV01USER_cass.cl;CPU;OK;HARD;1;CPU Load 1% (5 min average)
[1690689600] CURRENT SERVICE STATE: SRV01USER_cass.cl;Memoria;OK;HARD;1;Memory usage: total:23551.21 MB - used: 14690.87 MB (62%) - free: 8860.35 MB (38%)
[1690689600] CURRENT SERVICE STATE: SRV01USER_cass.cl;Ping;OK;HARD;1;PING OK - Packet loss = 0%, RTA = 4.16 ms
[1690689600] CURRENT SERVICE STATE: SRV01USER_cass.cl;Tiempo Activo;OK;HARD;1;System Uptime - 11 day(s) 4 hour(s) 7 minute(s)
[1690689600] CURRENT SERVICE STATE: SRV04AD01.cass.cl;Ping;OK;HARD;1;PING OK - Packet loss = 0%, RTA = 1.82 ms
[1690689600] CURRENT SERVICE STATE: SRV05AD02_cass.cl;Ping;OK;HARD;1;PING OK - Packet loss = 0%, RTA = 1.66 ms
[1690689600] CURRENT SERVICE STATE: SRV11VIBE_cass.cl;Actualizacion;CRITICAL;HARD;3;Updates CRITICAL : discontinued OS Release SLE 15.1: At least one of your Repositories might be out of date. Please run "zypper refresh" as root to update it.  1 security update(s): 1 recommended update(s):  1 package update(s):
[1690689600] CURRENT SERVICE STATE: SRV11VIBE_cass.cl;Almacenamiento /;OK;HARD;1;DISK OK - free space: /var/tmp 78643 MiB (85.82% inode=-):
[1690689600] CURRENT SERVICE STATE: SRV11VIBE_cass.cl;CPU;OK;HARD;1;OK - load average per CPU: 0.01, 0.02, 0.01
[1690689600] CURRENT SERVICE STATE: SRV11VIBE_cass.cl;Memoria;OK;HARD;1;[MEMORY] Total: 7693 MB - Used: 4593 MB - 59% [SWAP] Total: 7944 MB - Used: 96 MB - 1%
[1690689600] CURRENT SERVICE STATE: SRV11VIBE_cass.cl;Ping;OK;HARD;1;PING OK - Packet loss = 0%, RTA = 1.03 ms
[1690689600] CURRENT SERVICE STATE: SRV11VIBE_cass.cl;Proceso Vibe;OK;HARD;1;PROCS OK: 0 processes with command name 'vibe'
[1690689600] CURRENT SERVICE STATE: SRV11VIBE_cass.cl;Procesos;OK;HARD;1;PROCS OK: 313 processes
[1690689600] CURRENT SERVICE STATE: SRV11VIBE_cass.cl;Procesos Zombies;OK;HARD;1;PROCS OK: 0 processes with STATE = Z
[1690689600] CURRENT SERVICE STATE: SRV11VIBE_cass.cl;Puerto HTTP;OK;HARD;1;TCP OK - 0.001 second response time on 10.0.2.13 port 80
[1690689600] CURRENT SERVICE STATE: SRV11VIBE_cass.cl;Puerto HTTPS;OK;HARD;1;TCP OK - 0.000 second response time on 10.0.2.13 port 443
[1690689600] CURRENT SERVICE STATE: SRV11VIBE_cass.cl;Servicio Vibe;OK;HARD;1;OK: Service vibe is running!
[1690689600] CURRENT SERVICE STATE: SRV11VIBE_cass.cl;Tiempo Activo;WARNING;HARD;3;Uptime WARNING: 99 day(s) 14 hour(s) 15 minute(s)
[1690689600] CURRENT SERVICE STATE: SRV11VIBE_cass.cl;Usuarios Login;OK;HARD;1;USERS OK - 2 users currently logged in
[1690689600] CURRENT SERVICE STATE: SRV12WEB_cass.cl;Ping;OK;HARD;1;PING OK - Packet loss = 0%, RTA = 0.82 ms
[1690689600] CURRENT SERVICE STATE: SRVAD1.cass.pmc;Ping;OK;HARD;1;PING OK - Packet loss = 0%, RTA = 1.61 ms
[1690689600] CURRENT SERVICE STATE: SRVAD2.cass.pmc;Ping;OK;HARD;1;PING OK - Packet loss = 0%, RTA = 2.35 ms
[1690689600] CURRENT SERVICE STATE: SRVADMIN.cass.pmc;Actualizacion;OK;HARD;1;OK - no pending updates.
[1690689600] CURRENT SERVICE STATE: SRVADMIN.cass.pmc;Almacenamiento;OK;HARD;1;c:\ - total: 299.66 Gb - used: 155.64 Gb (52%) - free 144.02 Gb (48%)
[1690689600] CURRENT SERVICE STATE: SRVADMIN.cass.pmc;CPU;OK;HARD;1;CPU Load 0% (5 min average)
[1690689600] CURRENT SERVICE STATE: SRVADMIN.cass.pmc;Memoria;OK;HARD;1;Memory usage: total:16012.88 MB - used: 12259.41 MB (77%) - free: 3753.47 MB (23%)
[1690689600] CURRENT SERVICE STATE: SRVADMIN.cass.pmc;Ping;OK;HARD;1;PING OK - Packet loss = 0%, RTA = 2.01 ms
[1690689600] CURRENT SERVICE STATE: SRVADMIN.cass.pmc;Tiempo Activo;OK;HARD;1;System Uptime - 11 day(s) 3 hour(s) 15 minute(s)
[1690689600] CURRENT SERVICE STATE: SRVCONT.cass.cl;Actualizacion;CRITICAL;HARD;3;Updates: 1 critical, 0 optional
[1690689600] CURRENT SERVICE STATE: SRVCONT.cass.cl;Almacenamiento;OK;HARD;1;c:\ - total: 299.33 Gb - used: 43.22 Gb (14%) - free 256.11 Gb (86%)
[1690689600] CURRENT SERVICE STATE: SRVCONT.cass.cl;CPU;OK;HARD;1;CPU Load 2% (5 min average)
[1690689600] CURRENT SERVICE STATE: SRVCONT.cass.cl;Memoria;OK;HARD;1;Memory usage: total:14143.13 MB - used: 2761.00 MB (20%) - free: 11382.13 MB (80%)
[1690689600] CURRENT SERVICE STATE: SRVCONT.cass.cl;Ping;OK;HARD;1;PING OK - Packet loss = 0%, RTA = 3.52 ms
[1690689600] CURRENT SERVICE STATE: SRVCONT.cass.cl;Tiempo Activo;OK;HARD;1;System Uptime - 11 day(s) 3 hour(s) 19 minute(s)
[1690689600] CURRENT SERVICE STATE: SRVDC1.cass.pmc;Ping;OK;HARD;1;PING OK - Packet loss = 0%, RTA = 1.53 ms
[1690689600] CURRENT SERVICE STATE: SRVDNS;Ping;OK;HARD;1;PING OK - Packet loss = 0%, RTA = 0.74 ms
[1690689600] CURRENT SERVICE STATE: SRVMFSD;Ping;OK;HARD;1;PING OK - Packet loss = 0%, RTA = 0.58 ms
[1690689600] CURRENT SERVICE STATE: SRV_Cfiler.cass.cl;Actualizacion;OK;HARD;1;Updates OK : no updates available
[1690689600] CURRENT SERVICE STATE: SRV_Cfiler.cass.cl;Almacenamiento /;OK;HARD;1;DISK OK - free space: / 2474072 MB (73% inode=-):
[1690689600] CURRENT SERVICE STATE: SRV_Cfiler.cass.cl;CPU;OK;HARD;1;OK - load average: 0.08, 0.10, 0.09
[1690689600] CURRENT SERVICE STATE: SRV_Cfiler.cass.cl;Http;OK;HARD;1;TCP OK - 0.000 second response time on port 80
[1690689600] CURRENT SERVICE STATE: SRV_Cfiler.cass.cl;Https;OK;HARD;1;TCP OK - 0.000 second response time on port 443
[1690689600] CURRENT SERVICE STATE: SRV_Cfiler.cass.cl;Memoria;OK;HARD;1;[MEMORY] Total: 3893 MB - Used: 1038 MB - 26% [SWAP] Total: 2047 MB - Used: 357 MB - 17%
[1690689600] CURRENT SERVICE STATE: SRV_Cfiler.cass.cl;Procesos;OK;HARD;1;PROCS OK: 305 processes
[1690689600] CURRENT SERVICE STATE: SRV_Cfiler.cass.cl;Procesos Zombies;OK;HARD;1;PROCS OK: 0 processes with STATE = Z
[1690689600] CURRENT SERVICE STATE: SRV_Cfiler.cass.cl;Procs Apache;OK;HARD;1;PROCS OK: 11 processes with args 'apache2'
[1690689600] CURRENT SERVICE STATE: SRV_Cfiler.cass.cl;Serv Apache;OK;HARD;1;OK: Service apache is running!
[1690689600] CURRENT SERVICE STATE: SRV_Cfiler.cass.cl;Servicio General;OK;HARD;1;PING OK - Packet loss = 0%, RTA = 0.84 ms
[1690689600] CURRENT SERVICE STATE: SRV_Cfiler.cass.cl;Tiempo Activo;WARNING;HARD;3;Uptime WARNING: 102 day(s) 2 hour(s) 3 minute(s)
[1690689600] CURRENT SERVICE STATE: SRV_Cfiler.cass.cl;Usuarios Login;OK;HARD;1;USERS OK - 1 users currently logged in
[1690689600] CURRENT SERVICE STATE: SRV_Oraculo_cass.cl;Ping;OK;HARD;1;PING OK - Packet loss = 0%, RTA = 1.03 ms
[1690689600] CURRENT SERVICE STATE: SRV_SOS2021.cass.cl;Actualizacion;OK;HARD;1;Updates OK : no updates available
[1690689600] CURRENT SERVICE STATE: SRV_SOS2021.cass.cl;Almacenamiento /;OK;HARD;1;DISK OK - free space: /var/tmp 118408 MiB (91.20% inode=-):
[1690689600] CURRENT SERVICE STATE: SRV_SOS2021.cass.cl;CPU;OK;HARD;1;OK - load average per CPU: 0.02, 0.02, 0.01
[1690689600] CURRENT SERVICE STATE: SRV_SOS2021.cass.cl;Memoria;OK;HARD;1;[MEMORY] Total: 7946 MB - Used: 1911 MB - 24% [SWAP] Total: 10239 MB - Used: 0 MB - 0%
[1690689600] CURRENT SERVICE STATE: SRV_SOS2021.cass.cl;Ping;OK;HARD;1;PING OK - Packet loss = 0%, RTA = 0.84 ms
[1690689600] CURRENT SERVICE STATE: SRV_SOS2021.cass.cl;Procesos;OK;HARD;1;PROCS OK: 311 processes
[1690689600] CURRENT SERVICE STATE: SRV_SOS2021.cass.cl;Procesos Zombies;OK;HARD;1;PROCS OK: 0 processes with STATE = Z
[1690689600] CURRENT SERVICE STATE: SRV_SOS2021.cass.cl;Tiempo Activo;OK;HARD;1;Uptime OK: 129 day(s) 11 hour(s) 37 minute(s)
[1690689600] CURRENT SERVICE STATE: SRV_SOS2021.cass.cl;Usuarios Login;OK;HARD;1;USERS OK - 0 users currently logged in
[1690689600] CURRENT SERVICE STATE: SRV_SUM;Ping;OK;HARD;1;PING OK - Packet loss = 0%, RTA = 0.66 ms
[1690689600] CURRENT SERVICE STATE: SRV_chat.cass.cl;Actualizacion;OK;HARD;1;Updates OK : no updates available
[1690689600] CURRENT SERVICE STATE: SRV_chat.cass.cl;Almacenamiento /;OK;HARD;1;DISK OK - free space: /var/tmp 972376 MiB (93.04% inode=-):
[1690689600] CURRENT SERVICE STATE: SRV_chat.cass.cl;CPU;OK;HARD;1;OK - load average per CPU: 0.10, 0.09, 0.06
[1690689600] CURRENT SERVICE STATE: SRV_chat.cass.cl;Memoria;OK;HARD;1;[MEMORY] Total: 7919 MB - Used: 3171 MB - 40% [SWAP] Total: 2048 MB - Used: 503 MB - 24%
[1690689600] CURRENT SERVICE STATE: SRV_chat.cass.cl;Ping;OK;HARD;1;PING OK - Packet loss = 0%, RTA = 1.14 ms
[1690689600] CURRENT SERVICE STATE: SRV_chat.cass.cl;Proceso Docker;OK;HARD;1;PROCS OK: 0 processes with command name 'docker'
[1690689600] CURRENT SERVICE STATE: SRV_chat.cass.cl;Proceso Nginx;OK;HARD;1;PROCS OK: 3 processes with command name 'nginx'
[1690689600] CURRENT SERVICE STATE: SRV_chat.cass.cl;Procesos;OK;HARD;1;PROCS OK: 303 processes
[1690689600] CURRENT SERVICE STATE: SRV_chat.cass.cl;Procesos Zombies;OK;HARD;1;PROCS OK: 1 process with STATE = Z
[1690689600] CURRENT SERVICE STATE: SRV_chat.cass.cl;Puerto Contenedor;OK;HARD;1;TCP OK - 0.003 second response time on port 8000
[1690689600] CURRENT SERVICE STATE: SRV_chat.cass.cl;Puerto HTTP;OK;HARD;1;TCP OK - 0.000 second response time on port 80
[1690689600] CURRENT SERVICE STATE: SRV_chat.cass.cl;Puerto HTTPS;OK;HARD;1;TCP OK - 0.000 second response time on port 443
[1690689600] CURRENT SERVICE STATE: SRV_chat.cass.cl;Puerto Portainer;OK;HARD;1;TCP OK - 0.001 second response time on port 9443
[1690689600] CURRENT SERVICE STATE: SRV_chat.cass.cl;Servicio Docker;OK;HARD;1;OK: Service docker is running!
[1690689600] CURRENT SERVICE STATE: SRV_chat.cass.cl;Servicio Nginx;OK;HARD;1;OK: Service nginx is running!
[1690689600] CURRENT SERVICE STATE: SRV_chat.cass.cl;Usuarios Login;OK;HARD;1;USERS OK - 2 users currently logged in
[1690689600] CURRENT SERVICE STATE: SRV_email.cass.cl;Actualizacion;OK;HARD;1;Updates OK : no updates available
[1690689600] CURRENT SERVICE STATE: SRV_email.cass.cl;Almacenamiento /;OK;HARD;1;DISK OK - free space: /var/tmp 476349 MiB (94.02% inode=-):
[1690689600] CURRENT SERVICE STATE: SRV_email.cass.cl;Almacenamiento Mail;OK;HARD;1;DISK OK - free space: /mail 1810180 MiB (92.43% inode=99%):
[1690689600] CURRENT SERVICE STATE: SRV_email.cass.cl;Almacenamiento Mail2;OK;HARD;1;DISK OK - free space: /mail2 476528 MiB (99.84% inode=100%):
[1690689600] CURRENT SERVICE STATE: SRV_email.cass.cl;CPU;OK;HARD;1;OK - load average per CPU: 0.01, 0.02, 0.02
[1690689600] CURRENT SERVICE STATE: SRV_email.cass.cl;Correo Pop;OK;HARD;1;POP OK - 0.001 second response time on 10.0.2.25 port 110 [+OK GroupWise POP3 server ready]
[1690689600] CURRENT SERVICE STATE: SRV_email.cass.cl;Correo Smtp;OK;HARD;1;SMTP OK - 0.025 sec. response time
[1690689600] CURRENT SERVICE STATE: SRV_email.cass.cl;Memoria;OK;HARD;1;[MEMORY] Total: 11939 MB - Used: 2651 MB - 22% [SWAP] Total: 2048 MB - Used: 442 MB - 21%
[1690689600] CURRENT SERVICE STATE: SRV_email.cass.cl;Ping;OK;HARD;1;PING OK - Packet loss = 0%, RTA = 0.73 ms
[1690689600] CURRENT SERVICE STATE: SRV_email.cass.cl;Procesos;OK;HARD;1;PROCS OK: 309 processes
[1690689600] CURRENT SERVICE STATE: SRV_email.cass.cl;Procesos Zombies;OK;HARD;1;PROCS OK: 0 processes with STATE = Z
[1690689600] CURRENT SERVICE STATE: SRV_email.cass.cl;Tiempo Activo;OK;HARD;1;Uptime OK: 114 day(s) 10 hour(s) 46 minute(s)
[1690689600] CURRENT SERVICE STATE: SRV_email.cass.cl;Usuarios Login;OK;HARD;1;USERS OK - 1 users currently logged in
[1690689600] CURRENT SERVICE STATE: SRV_nagios;Actualizacion;OK;HARD;1;YUM OK: 0 Updates Available
[1690689600] CURRENT SERVICE STATE: SRV_nagios;CPU;OK;HARD;1;OK - load average: 0.24, 0.15, 0.08
[1690689600] CURRENT SERVICE STATE: SRV_nagios;Memoria;OK;HARD;1;[MEMORY] Total: 7740 MB - Used: 706 MB - 9% [SWAP] Total: 7935 MB - Used: 0 MB - 0%
[1690689600] CURRENT SERVICE STATE: SRV_nagios;PING;OK;HARD;1;PING OK - Packet loss = 0%, RTA = 0.09 ms
[1690689600] CURRENT SERVICE STATE: SRV_nagios;Procesos;OK;HARD;1;PROCS OK: 71 processes with STATE = RSZDT
[1690689600] CURRENT SERVICE STATE: SRV_nagios;Usarios Login;OK;HARD;1;USERS OK - 0 users currently logged in
[1690689600] CURRENT SERVICE STATE: SRV_sync.cass.cl;Ping;OK;HARD;1;PING OK - Packet loss = 0%, RTA = 0.76 ms
[1690689600] CURRENT SERVICE STATE: Servidor Vcenter;Ping;OK;HARD;1;PING OK - Packet loss = 0%, RTA = 0.83 ms
[1690689600] CURRENT SERVICE STATE: Servidores CASS;Ancho de Banda GE/1/0/3;OK;HARD;1;OK - Average IN: 1.80MB (1.44%), Average OUT: 82.60MB (66.08%)Total RX: 32374.97GBytes, Total TX: 75797.89GBytes
[1690689600] CURRENT SERVICE STATE: Servidores CASS;Estado Puerto 3;OK;HARD;1;OK: Interface GigabitEthernet1/0/3 (index 3) is up.
[1690689600] CURRENT SERVICE STATE: Servidores CASS;Estado Puerto 80;OK;HARD;1;TCP OK - 0.002 second response time on 10.0.0.17 port 80
[1690689600] CURRENT SERVICE STATE: Servidores CASS;Ping;OK;HARD;1;PING OK - Packet loss = 0%, RTA = 1.21 ms
[1690689600] CURRENT SERVICE STATE: Servidores CASS;Tiempo Activo;OK;HARD;1;SNMP OK - Timeticks: (1118837995) 129 days, 11:52:59.95
[1690689600] CURRENT SERVICE STATE: Ups Principal;Carga;OK;HARD;1;OK: Estimated battery charge 98%, approximately 0 minutes runtime remaining.
[1690689600] CURRENT SERVICE STATE: Ups Principal;Estado;OK;HARD;1;OK: Battery Status Normal.
[1690689600] CURRENT SERVICE STATE: Ups Principal;Ping;OK;HARD;1;PING OK - Packet loss = 0%, RTA = 0.94 ms
[1690689600] CURRENT SERVICE STATE: Ups Principal;Temperatura;OK;HARD;1;OK: Battery Temperature is 24 degrees C (75.2 degrees F).
[1690689600] CURRENT SERVICE STATE: Ups Principal;Tiempo Activo;OK;HARD;1;SNMP OK - Timeticks: (99263255) 11 days, 11:43:52.55
[1690689600] CURRENT SERVICE STATE: Veeam2023.cass.pmc;Actualizacion;CRITICAL;HARD;3;Updates: 1 critical, 0 optional
[1690689600] CURRENT SERVICE STATE: Veeam2023.cass.pmc;Almacenamiento;OK;HARD;1;c:\ - total: 99.33 Gb - used: 87.44 Gb (88%) - free 11.89 Gb (12%)
[1690689600] CURRENT SERVICE STATE: Veeam2023.cass.pmc;CPU;OK;HARD;1;CPU Load 34% (5 min average)
[1690689600] CURRENT SERVICE STATE: Veeam2023.cass.pmc;Memoria;OK;HARD;1;Memory usage: total:19033.27 MB - used: 14665.87 MB (77%) - free: 4367.40 MB (23%)
[1690689600] CURRENT SERVICE STATE: Veeam2023.cass.pmc;Ping;OK;HARD;1;PING OK - Packet loss = 0%, RTA = 1.11 ms
[1690689600] CURRENT SERVICE STATE: Veeam2023.cass.pmc;Tiempo Activo;OK;HARD;1;System Uptime - 15 day(s) 7 hour(s) 5 minute(s)
[1690689600] CURRENT SERVICE STATE: web_cass_cl;Certificado;OK;HARD;1;SSL OK - Certificate '*.cass.cl' will expire in 149 days on 2023-12-26 20:59 -0300/-03.
[1690689600] CURRENT SERVICE STATE: web_cass_cl;HTTP;OK;HARD;1;HTTP OK: HTTP/1.1 302 Found - 1069 bytes in 0.206 second response time
[1690689738] SERVICE ALERT: Servidores CASS;Ancho de Banda GE/1/0/3;WARNING;SOFT;1;WARNING - OUT bandwidth (85.17%) too high
[1690689858] SERVICE ALERT: Servidores CASS;Ancho de Banda GE/1/0/3;WARNING;SOFT;2;WARNING - OUT bandwidth (95.11%) too high
[1690689978] SERVICE ALERT: Servidores CASS;Ancho de Banda GE/1/0/3;WARNING;HARD;3;WARNING - OUT bandwidth (96.48%) too high
[1690690519] SERVICE ALERT: Servidores CASS;Ancho de Banda GE/1/0/3;OK;HARD;1;OK - Average IN: 799.12KB (0.64%), Average OUT: 101.48MB (81.19%)Total RX: 32376.08GBytes, Total TX: 75904.09GBytes
[1690690578] SERVICE ALERT: Servidores CASS;Ancho de Banda GE/1/0/3;WARNING;SOFT;1;WARNING - OUT bandwidth (88.61%) too high
[1690690698] SERVICE ALERT: Servidores CASS;Ancho de Banda GE/1/0/3;OK;SOFT;2;OK - Average IN: 3.14MB (2.51%), Average OUT: 103.50MB (82.80%)Total RX: 32376.50GBytes, Total TX: 75923.05GBytes
[1690690819] SERVICE ALERT: Servidores CASS;Ancho de Banda GE/1/0/3;WARNING;SOFT;1;WARNING - OUT bandwidth (88.38%) too high
[1690690939] SERVICE ALERT: Servidores CASS;Ancho de Banda GE/1/0/3;WARNING;SOFT;2;WARNING - OUT bandwidth (87.18%) too high
[1690691059] SERVICE ALERT: Servidores CASS;Ancho de Banda GE/1/0/3;WARNING;HARD;3;WARNING - OUT bandwidth (90.59%) too high
[1690691179] SERVICE FLAPPING ALERT: Servidores CASS;Ancho de Banda GE/1/0/3;STARTED; Service appears to have started flapping (22.5% change >= 20.0% threshold)
[1690691179] SERVICE ALERT: Servidores CASS;Ancho de Banda GE/1/0/3;OK;HARD;1;OK - Average IN: 520.72KB (0.42%), Average OUT: 103.04MB (82.43%)Total RX: 32377.08GBytes, Total TX: 75975.98GBytes
[1690691300] SERVICE ALERT: Servidores CASS;Ancho de Banda GE/1/0/3;WARNING;SOFT;1;WARNING - OUT bandwidth (89.65%) too high
[1690691420] SERVICE ALERT: Servidores CASS;Ancho de Banda GE/1/0/3;OK;SOFT;2;OK - Average IN: 513.53KB (0.41%), Average OUT: 104.79MB (83.83%)Total RX: 32377.20GBytes, Total TX: 76001.61GBytes
[1690691601] SERVICE ALERT: Servidores CASS;Ancho de Banda GE/1/0/3;WARNING;SOFT;1;WARNING - OUT bandwidth (90.55%) too high
[1690691721] SERVICE ALERT: Servidores CASS;Ancho de Banda GE/1/0/3;WARNING;SOFT;2;WARNING - OUT bandwidth (93.03%) too high
[1690691841] SERVICE ALERT: Servidores CASS;Ancho de Banda GE/1/0/3;WARNING;HARD;3;WARNING - OUT bandwidth (90.90%) too high
[1690692021] SERVICE ALERT: Servidores CASS;Ancho de Banda GE/1/0/3;OK;HARD;1;OK - Average IN: 508.99KB (0.41%), Average OUT: 104.99MB (83.99%)Total RX: 32377.53GBytes, Total TX: 76068.35GBytes
[1690692082] SERVICE ALERT: Servidores CASS;Ancho de Banda GE/1/0/3;WARNING;SOFT;1;WARNING - OUT bandwidth (87.36%) too high
[1690692202] SERVICE ALERT: Servidores CASS;Ancho de Banda GE/1/0/3;WARNING;SOFT;2;WARNING - OUT bandwidth (90.92%) too high
[1690692322] SERVICE ALERT: Servidores CASS;Ancho de Banda GE/1/0/3;WARNING;HARD;3;WARNING - OUT bandwidth (85.30%) too high
[1690692442] SERVICE ALERT: Servidores CASS;Ancho de Banda GE/1/0/3;OK;HARD;1;OK - Average IN: 478.24KB (0.38%), Average OUT: 96.26MB (77.01%)Total RX: 32377.75GBytes, Total TX: 76114.10GBytes
[1690692631] Auto-save of retention data completed successfully.
[1690692802] SERVICE ALERT: Servidores CASS;Ancho de Banda GE/1/0/3;WARNING;SOFT;1;WARNING - OUT bandwidth (89.49%) too high
[1690692922] SERVICE ALERT: Servidores CASS;Ancho de Banda GE/1/0/3;WARNING;SOFT;2;WARNING - OUT bandwidth (85.99%) too high
[1690693043] SERVICE ALERT: Servidores CASS;Ancho de Banda GE/1/0/3;OK;SOFT;3;OK - Average IN: 512.14KB (0.41%), Average OUT: 105.00MB (84.00%)Total RX: 32378.05GBytes, Total TX: 76174.86GBytes
[1690693163] SERVICE ALERT: Servidores CASS;Ancho de Banda GE/1/0/3;WARNING;SOFT;1;WARNING - OUT bandwidth (85.19%) too high
[1690693283] SERVICE ALERT: Servidores CASS;Ancho de Banda GE/1/0/3;OK;SOFT;2;OK - Average IN: 487.79KB (0.39%), Average OUT: 100.99MB (80.79%)Total RX: 32378.18GBytes, Total TX: 76199.76GBytes
[1690693463] SERVICE ALERT: Servidores CASS;Ancho de Banda GE/1/0/3;WARNING;SOFT;1;WARNING - OUT bandwidth (94.16%) too high
[1690693583] SERVICE ALERT: Servidores CASS;Ancho de Banda GE/1/0/3;OK;SOFT;2;OK - Average IN: 524.73KB (0.42%), Average OUT: 103.81MB (83.04%)Total RX: 32378.33GBytes, Total TX: 76231.42GBytes
[1690693704] SERVICE ALERT: Servidores CASS;Ancho de Banda GE/1/0/3;WARNING;SOFT;1;WARNING - OUT bandwidth (89.61%) too high
[1690693824] SERVICE ALERT: Servidores CASS;Ancho de Banda GE/1/0/3;WARNING;SOFT;2;WARNING - OUT bandwidth (89.95%) too high
[1690693944] SERVICE ALERT: Servidores CASS;Ancho de Banda GE/1/0/3;WARNING;HARD;3;WARNING - OUT bandwidth (86.39%) too high
[1690694124] SERVICE ALERT: Servidores CASS;Ancho de Banda GE/1/0/3;OK;HARD;1;OK - Average IN: 496.41KB (0.40%), Average OUT: 99.28MB (79.42%)Total RX: 32378.63GBytes, Total TX: 76291.63GBytes
[1690694185] SERVICE ALERT: Servidores CASS;Ancho de Banda GE/1/0/3;WARNING;SOFT;1;WARNING - OUT bandwidth (85.97%) too high
[1690694305] SERVICE ALERT: Servidores CASS;Ancho de Banda GE/1/0/3;WARNING;SOFT;2;WARNING - OUT bandwidth (94.62%) too high
[1690694425] SERVICE ALERT: Servidores CASS;Ancho de Banda GE/1/0/3;WARNING;HARD;3;WARNING - OUT bandwidth (91.50%) too high
[1690694545] SERVICE ALERT: Servidores CASS;Ancho de Banda GE/1/0/3;OK;HARD;1;OK - Average IN: 518.63KB (0.41%), Average OUT: 103.94MB (83.15%)Total RX: 32378.87GBytes, Total TX: 76339.23GBytes
[1690694605] SERVICE ALERT: Servidores CASS;Ancho de Banda GE/1/0/3;WARNING;SOFT;1;WARNING - OUT bandwidth (93.83%) too high
[1690694726] SERVICE ALERT: Servidores CASS;Ancho de Banda GE/1/0/3;WARNING;SOFT;2;WARNING - OUT bandwidth (90.98%) too high
[1690694846] SERVICE ALERT: Servidores CASS;Ancho de Banda GE/1/0/3;WARNING;HARD;3;WARNING - OUT bandwidth (87.68%) too high
[1690694967] SERVICE ALERT: Servidores CASS;Ancho de Banda GE/1/0/3;OK;HARD;1;OK - Average IN: 511.90KB (0.41%), Average OUT: 103.49MB (82.80%)Total RX: 32379.11GBytes, Total TX: 76386.55GBytes
[1690695026] SERVICE ALERT: Servidores CASS;Ancho de Banda GE/1/0/3;WARNING;SOFT;1;WARNING - OUT bandwidth (91.30%) too high
[1690695146] SERVICE ALERT: Servidores CASS;Ancho de Banda GE/1/0/3;WARNING;SOFT;2;WARNING - OUT bandwidth (88.77%) too high
[1690695267] SERVICE ALERT: Servidores CASS;Ancho de Banda GE/1/0/3;WARNING;HARD;3;WARNING - OUT bandwidth (94.39%) too high
[1690695567] SERVICE ALERT: Servidores CASS;Ancho de Banda GE/1/0/3;OK;HARD;1;OK - Average IN: 516.00KB (0.41%), Average OUT: 102.63MB (82.11%)Total RX: 32379.45GBytes, Total TX: 76454.51GBytes
[1690695628] SERVICE ALERT: Servidores CASS;Ancho de Banda GE/1/0/3;WARNING;SOFT;1;WARNING - OUT bandwidth (88.15%) too high
[1690695634] SERVICE ALERT: SRV11VIBE_cass.cl;Memoria;UNKNOWN;SOFT;1;CHECK_NRPE: Receive header underflow - only 0 bytes received (4 expected).
[1690695748] SERVICE ALERT: Servidores CASS;Ancho de Banda GE/1/0/3;OK;SOFT;2;OK - Average IN: 489.74KB (0.39%), Average OUT: 100.02MB (80.01%)Total RX: 32379.54GBytes, Total TX: 76473.23GBytes
[1690695754] SERVICE ALERT: SRV11VIBE_cass.cl;Memoria;OK;SOFT;2;[MEMORY] Total: 7693 MB - Used: 4595 MB - 59% [SWAP] Total: 7944 MB - Used: 96 MB - 1%
[1690695929] SERVICE ALERT: Servidores CASS;Ancho de Banda GE/1/0/3;WARNING;SOFT;1;WARNING - OUT bandwidth (86.13%) too high
[1690696049] SERVICE ALERT: Servidores CASS;Ancho de Banda GE/1/0/3;WARNING;SOFT;2;WARNING - OUT bandwidth (85.56%) too high
[1690696169] SERVICE ALERT: Servidores CASS;Ancho de Banda GE/1/0/3;OK;SOFT;3;OK - Average IN: 512.20KB (0.41%), Average OUT: 102.81MB (82.25%)Total RX: 32379.76GBytes, Total TX: 76517.24GBytes
[1690696231] Auto-save of retention data completed successfully.
[1690696290] SERVICE ALERT: Servidores CASS;Ancho de Banda GE/1/0/3;WARNING;SOFT;1;WARNING - OUT bandwidth (86.83%) too high
[1690696410] SERVICE ALERT: Servidores CASS;Ancho de Banda GE/1/0/3;WARNING;SOFT;2;WARNING - OUT bandwidth (89.35%) too high
[1690696530] SERVICE ALERT: Servidores CASS;Ancho de Banda GE/1/0/3;OK;SOFT;3;OK - Average IN: 539.61KB (0.43%), Average OUT: 80.53MB (64.42%)Total RX: 32379.99GBytes, Total TX: 76553.44GBytes
[1690697250] SERVICE FLAPPING ALERT: Servidores CASS;Ancho de Banda GE/1/0/3;STOPPED; Service appears to have stopped flapping (4.3% change < 5.0% threshold)
[1690699234] SERVICE ALERT: SRV11VIBE_cass.cl;Memoria;UNKNOWN;SOFT;1;CHECK_NRPE: Receive header underflow - only 0 bytes received (4 expected).
[1690699354] SERVICE ALERT: SRV11VIBE_cass.cl;Memoria;OK;SOFT;2;[MEMORY] Total: 7693 MB - Used: 4591 MB - 59% [SWAP] Total: 7944 MB - Used: 96 MB - 1%
[1690699801] SERVICE ALERT: SRV_email.cass.cl;Correo Smtp;UNKNOWN;SOFT;1;CHECK_NRPE: Receive header underflow - only 0 bytes received (4 expected).
[1690699831] Auto-save of retention data completed successfully.
[1690699921] SERVICE ALERT: SRV_email.cass.cl;Correo Smtp;OK;SOFT;2;SMTP OK - 0.006 sec. response time
[1690700459] wproc: Core Worker 11601: job 4716350 (pid=15139) timed out. Killing it
[1690700459] wproc: CHECK job 4716350 from worker Core Worker 11601 timed out after 30.01s
[1690700459] wproc:   host=FW Gore Los Lagos; service=(null);
[1690700459] wproc:   early_timeout=1; exited_ok=0; wait_status=0; error_code=62;
[1690700459] Warning: Check of host 'FW Gore Los Lagos' timed out after 30.01 seconds
[1690700459] HOST ALERT: FW Gore Los Lagos;DOWN;SOFT;1;(Host check timed out after 30.01 seconds)
[1690700459] wproc: Core Worker 11601: job 4716350 (pid=15139): Dormant child reaped
[1690700461] SERVICE ALERT: FW Gore Los Lagos;Ping;CRITICAL;HARD;1;PING CRITICAL - Packet loss = 100%
[1690700465] wproc: Core Worker 11600: job 4716358 (pid=15208) timed out. Killing it
[1690700465] wproc: CHECK job 4716358 from worker Core Worker 11600 timed out after 30.01s
[1690700465] wproc:   host=Gore Los Lagos; service=(null);
[1690700465] wproc:   early_timeout=1; exited_ok=0; wait_status=0; error_code=62;
[1690700465] Warning: Check of host 'Gore Los Lagos' timed out after 30.01 seconds
[1690700465] HOST ALERT: Gore Los Lagos;DOWN;SOFT;1;(Host check timed out after 30.01 seconds)
[1690700465] wproc: Core Worker 11600: job 4716358 (pid=15208): Dormant child reaped
[1690700471] SERVICE ALERT: Gore Los Lagos;Ping;CRITICAL;HARD;1;PING CRITICAL - Packet loss = 100%
[1690700495] wproc: Core Worker 11600: job 4716378 (pid=15473) timed out. Killing it
[1690700495] wproc: CHECK job 4716378 from worker Core Worker 11600 timed out after 30.01s
[1690700495] wproc:   host=FW Gore Los Lagos; service=(null);
[1690700495] wproc:   early_timeout=1; exited_ok=0; wait_status=0; error_code=62;
[1690700495] Warning: Check of host 'FW Gore Los Lagos' timed out after 30.01 seconds
[1690700495] HOST ALERT: FW Gore Los Lagos;UNREACHABLE;SOFT;2;(Host check timed out after 30.01 seconds)
[1690700495] wproc: Core Worker 11600: job 4716378 (pid=15473): Dormant child reaped
[1690700500] SERVICE ALERT: FW Gore Los Lagos;Ping;OK;HARD;1;PING OK - Packet loss = 50%, RTA = 1.22 ms
[1690700504] SERVICE ALERT: Gore Los Lagos;Ping;OK;HARD;1;PING OK - Packet loss = 0%, RTA = 1.14 ms
[1690700504] HOST ALERT: FW Gore Los Lagos;UP;SOFT;1;PING OK - Packet loss = 0%, RTA = 1.24 ms
[1690700508] HOST ALERT: Gore Los Lagos;UP;SOFT;1;PING OK - Packet loss = 0%, RTA = 1.20 ms
[1690703431] Auto-save of retention data completed successfully.
[1690705801] SERVICE ALERT: SRV_email.cass.cl;Correo Smtp;CRITICAL;SOFT;1;CHECK_NRPE: Error - Could not connect to 10.0.2.25: Connection reset by peer
[1690705921] SERVICE ALERT: SRV_email.cass.cl;Correo Smtp;OK;SOFT;2;SMTP OK - 0.025 sec. response time
[1690707031] Auto-save of retention data completed successfully.
[1690708234] SERVICE ALERT: SRV11VIBE_cass.cl;Memoria;UNKNOWN;SOFT;1;CHECK_NRPE: Receive header underflow - only 0 bytes received (4 expected).
[1690708354] SERVICE ALERT: SRV11VIBE_cass.cl;Memoria;OK;SOFT;2;[MEMORY] Total: 7693 MB - Used: 4586 MB - 59% [SWAP] Total: 7944 MB - Used: 96 MB - 1%
[1690710083] SERVICE ALERT: SRV_nagios;Actualizacion;CRITICAL;SOFT;1;YUM CRITICAL: Yum nagios plugin has self terminated after exceeding the timeout (30 seconds)
[1690710145] SERVICE ALERT: SRV_nagios;Actualizacion;OK;SOFT;2;YUM OK: 0 Updates Available
[1690710631] Auto-save of retention data completed successfully.
[1690711201] SERVICE ALERT: SRV_email.cass.cl;Correo Smtp;CRITICAL;SOFT;1;(No output on stdout) stderr: connect to address 10.0.2.25 port 5666: Connection refused
[1690711321] SERVICE ALERT: SRV_email.cass.cl;Correo Smtp;OK;SOFT;2;SMTP OK - 0.023 sec. response time
[1690712401] SERVICE ALERT: SRV_email.cass.cl;Correo Smtp;UNKNOWN;SOFT;1;CHECK_NRPE: Receive header underflow - only 0 bytes received (4 expected).
[1690712524] SERVICE ALERT: SRV_email.cass.cl;Correo Smtp;OK;SOFT;2;SMTP OK - 3.035 sec. response time
[1690714231] Auto-save of retention data completed successfully.
[1690717831] Auto-save of retention data completed successfully.
[1690718671] SERVICE ALERT: Servidores CASS;Ancho de Banda GE/1/0/3;WARNING;SOFT;1;WARNING - IN bandwidth (86.33%) too high
[1690718791] SERVICE ALERT: Servidores CASS;Ancho de Banda GE/1/0/3;WARNING;SOFT;2;WARNING - IN bandwidth (88.04%) too high
[1690718911] SERVICE ALERT: Servidores CASS;Ancho de Banda GE/1/0/3;WARNING;HARD;3;WARNING - IN bandwidth (85.61%) too high
[1690718972] SERVICE ALERT: Servidores CASS;Ancho de Banda GE/1/0/3;OK;HARD;1;OK - Average IN: 104.87MB (83.89%), Average OUT: 47.84MB (38.27%)Total RX: 32426.60GBytes, Total TX: 76968.22GBytes
[1690719034] SERVICE ALERT: SRV11VIBE_cass.cl;Memoria;CRITICAL;SOFT;1;(No output on stdout) stderr: connect to address 10.0.2.13 port 5666: Connection refused
[1690719154] SERVICE ALERT: SRV11VIBE_cass.cl;Memoria;OK;SOFT;2;[MEMORY] Total: 7693 MB - Used: 4586 MB - 59% [SWAP] Total: 7944 MB - Used: 101 MB - 1%
[1690721431] Auto-save of retention data completed successfully.
[1690724434] SERVICE ALERT: SRV11VIBE_cass.cl;Memoria;CRITICAL;SOFT;1;(No output on stdout) stderr: connect to address 10.0.2.13 port 5666: Connection refused
[1690724555] SERVICE ALERT: SRV11VIBE_cass.cl;Memoria;OK;SOFT;2;[MEMORY] Total: 7693 MB - Used: 4586 MB - 59% [SWAP] Total: 7944 MB - Used: 101 MB - 1%
[1690725031] Auto-save of retention data completed successfully.
[1690725811] SERVICE ALERT: Servidores CASS;Ancho de Banda GE/1/0/3;WARNING;SOFT;1;WARNING - IN bandwidth (87.31%) too high
[1690725932] SERVICE ALERT: Servidores CASS;Ancho de Banda GE/1/0/3;OK;SOFT;2;OK - Average IN: 66.96MB (53.57%), Average OUT: 31.93MB (25.54%)Total RX: 32503.29GBytes, Total TX: 77063.41GBytes
[1690728631] Auto-save of retention data completed successfully.
[1690730024] SERVICE ALERT: Veeam2023.cass.pmc;Actualizacion;UNKNOWN;HARD;3;CHECK_NRPE: Receive header underflow - only 0 bytes received (4 expected).
[1690730086] SERVICE ALERT: Veeam2023.cass.pmc;Actualizacion;CRITICAL;HARD;3;Updates: 1 critical, 0 optional
[1690732231] Auto-save of retention data completed successfully.
[1690735831] Auto-save of retention data completed successfully.
[1690736792] SERVICE ALERT: Servidores CASS;Ancho de Banda GE/1/0/3;WARNING;SOFT;1;WARNING - IN bandwidth (89.01%) too high
[1690736912] SERVICE ALERT: Servidores CASS;Ancho de Banda GE/1/0/3;OK;SOFT;2;OK - Average IN: 101.61MB (81.29%), Average OUT: 17.05MB (13.64%)Total RX: 32571.18GBytes, Total TX: 77145.30GBytes
[1690737092] SERVICE ALERT: Servidores CASS;Ancho de Banda GE/1/0/3;WARNING;SOFT;1;WARNING - IN bandwidth (92.17%) too high
[1690737212] SERVICE ALERT: Servidores CASS;Ancho de Banda GE/1/0/3;WARNING;SOFT;2;WARNING - IN bandwidth (85.18%) too high
[1690737333] SERVICE ALERT: Servidores CASS;Ancho de Banda GE/1/0/3;WARNING;HARD;3;WARNING - IN bandwidth (85.75%) too high
[1690737453] SERVICE ALERT: Servidores CASS;Ancho de Banda GE/1/0/3;OK;HARD;1;OK - Average IN: 101.50MB (81.20%), Average OUT: 21.18MB (16.94%)Total RX: 32628.57GBytes, Total TX: 77155.26GBytes
[1690737573] SERVICE ALERT: Servidores CASS;Ancho de Banda GE/1/0/3;WARNING;SOFT;1;WARNING - IN bandwidth (92.25%) too high
[1690737693] SERVICE ALERT: Servidores CASS;Ancho de Banda GE/1/0/3;WARNING;SOFT;2;WARNING - IN bandwidth (91.50%) too high
[1690737814] SERVICE ALERT: Servidores CASS;Ancho de Banda GE/1/0/3;WARNING;HARD;3;WARNING - IN bandwidth (87.59%) too high
[1690737874] SERVICE FLAPPING ALERT: Servidores CASS;Ancho de Banda GE/1/0/3;STARTED; Service appears to have started flapping (23.8% change >= 20.0% threshold)
[1690737874] SERVICE ALERT: Servidores CASS;Ancho de Banda GE/1/0/3;OK;HARD;1;OK - Average IN: 104.35MB (83.48%), Average OUT: 19.90MB (15.92%)Total RX: 32674.92GBytes, Total TX: 77162.02GBytes
[1690738294] SERVICE ALERT: Servidores CASS;Ancho de Banda GE/1/0/3;WARNING;SOFT;1;WARNING - IN bandwidth (88.83%) too high
[1690738415] SERVICE ALERT: Servidores CASS;Ancho de Banda GE/1/0/3;OK;SOFT;2;OK - Average IN: 104.23MB (83.38%), Average OUT: 14.93MB (11.94%)Total RX: 32729.78GBytes, Total TX: 77172.04GBytes
[1690738535] SERVICE ALERT: Servidores CASS;Ancho de Banda GE/1/0/3;WARNING;SOFT;1;WARNING - IN bandwidth (86.19%) too high
[1690738655] SERVICE ALERT: Servidores CASS;Ancho de Banda GE/1/0/3;OK;SOFT;2;OK - Average IN: 99.33MB (79.46%), Average OUT: 18.85MB (15.08%)Total RX: 32754.62GBytes, Total TX: 77176.53GBytes
[1690739075] SERVICE ALERT: Servidores CASS;Ancho de Banda GE/1/0/3;WARNING;SOFT;1;WARNING - IN bandwidth (87.24%) too high
[1690739195] SERVICE ALERT: Servidores CASS;Ancho de Banda GE/1/0/3;OK;SOFT;2;OK - Average IN: 99.67MB (79.74%), Average OUT: 19.61MB (15.69%)Total RX: 32809.38GBytes, Total TX: 77187.33GBytes
[1690739375] SERVICE ALERT: Servidores CASS;Ancho de Banda GE/1/0/3;WARNING;SOFT;1;WARNING - IN bandwidth (85.71%) too high
[1690739402] SERVICE ALERT: SRV_SOS2021.cass.cl;Almacenamiento /;CRITICAL;SOFT;1;(No output on stdout) stderr: connect to address 10.0.0.16 port 5666: Connection refused
[1690739431] Auto-save of retention data completed successfully.
[1690739495] SERVICE ALERT: Servidores CASS;Ancho de Banda GE/1/0/3;OK;SOFT;2;OK - Average IN: 101.72MB (81.38%), Average OUT: 19.92MB (15.94%)Total RX: 32839.89GBytes, Total TX: 77193.58GBytes
[1690739522] SERVICE ALERT: SRV_SOS2021.cass.cl;Almacenamiento /;OK;SOFT;2;DISK OK - free space: /var/tmp 118412 MiB (91.21% inode=-):
[1690739735] SERVICE ALERT: Servidores CASS;Ancho de Banda GE/1/0/3;WARNING;SOFT;1;WARNING - IN bandwidth (87.09%) too high
[1690739856] SERVICE FLAPPING ALERT: Servidores CASS;Ancho de Banda GE/1/0/3;STOPPED; Service appears to have stopped flapping (3.8% change < 5.0% threshold)
[1690739856] SERVICE ALERT: Servidores CASS;Ancho de Banda GE/1/0/3;OK;SOFT;2;OK - Average IN: 103.89MB (83.11%), Average OUT: 20.09MB (16.07%)Total RX: 32877.35GBytes, Total TX: 77200.59GBytes
[1690739976] SERVICE ALERT: Servidores CASS;Ancho de Banda GE/1/0/3;WARNING;SOFT;1;WARNING - IN bandwidth (87.74%) too high
[1690740096] SERVICE ALERT: Servidores CASS;Ancho de Banda GE/1/0/3;OK;SOFT;2;OK - Average IN: 100.94MB (80.75%), Average OUT: 20.03MB (16.02%)Total RX: 32902.62GBytes, Total TX: 77205.07GBytes
[1690740336] SERVICE ALERT: Servidores CASS;Ancho de Banda GE/1/0/3;WARNING;SOFT;1;WARNING - IN bandwidth (88.07%) too high
[1690740457] SERVICE ALERT: Servidores CASS;Ancho de Banda GE/1/0/3;OK;SOFT;2;OK - Average IN: 40.58MB (32.47%), Average OUT: 8.53MB (6.82%)Total RX: 32932.98GBytes, Total TX: 77210.35GBytes
[1690742437] SERVICE ALERT: Servidores CASS;Ancho de Banda GE/1/0/3;WARNING;SOFT;1;WARNING - IN bandwidth (95.41%) too high
[1690742558] SERVICE ALERT: Servidores CASS;Ancho de Banda GE/1/0/3;WARNING;SOFT;2;WARNING - IN bandwidth (94.06%) too high
[1690742678] SERVICE ALERT: Servidores CASS;Ancho de Banda GE/1/0/3;WARNING;HARD;3;WARNING - IN bandwidth (96.31%) too high
[1690742858] SERVICE ALERT: Servidores CASS;Ancho de Banda GE/1/0/3;OK;HARD;1;OK - Average IN: 90.89MB (72.71%), Average OUT: 20.51MB (16.41%)Total RX: 33049.97GBytes, Total TX: 77242.42GBytes
[1690742979] SERVICE ALERT: Servidores CASS;Ancho de Banda GE/1/0/3;WARNING;SOFT;1;WARNING - IN bandwidth (89.14%) too high
[1690743031] Auto-save of retention data completed successfully.
[1690743099] SERVICE ALERT: Servidores CASS;Ancho de Banda GE/1/0/3;WARNING;SOFT;2;WARNING - IN bandwidth (91.23%) too high
[1690743219] SERVICE ALERT: Servidores CASS;Ancho de Banda GE/1/0/3;WARNING;HARD;3;WARNING - IN bandwidth (88.25%) too high
[1690744239] SERVICE ALERT: Servidores CASS;Ancho de Banda GE/1/0/3;CRITICAL;HARD;3;CRITICAL - IN bandwidth (100.14%) too high
[1690744299] SERVICE ALERT: Servidores CASS;Ancho de Banda GE/1/0/3;WARNING;HARD;3;WARNING - IN bandwidth (95.54%) too high
[1690744839] SERVICE ALERT: Servidores CASS;Ancho de Banda GE/1/0/3;CRITICAL;HARD;3;CRITICAL - IN bandwidth (98.14%) too high
[1690744900] SERVICE FLAPPING ALERT: Servidores CASS;Ancho de Banda GE/1/0/3;STARTED; Service appears to have started flapping (22.1% change >= 20.0% threshold)
[1690744900] SERVICE ALERT: Servidores CASS;Ancho de Banda GE/1/0/3;WARNING;HARD;3;WARNING - IN bandwidth (91.87%) too high
[1690745261] SERVICE ALERT: Servidores CASS;Ancho de Banda GE/1/0/3;OK;HARD;1;OK - Average IN: 101.48MB (81.19%), Average OUT: 21.66MB (17.33%)Total RX: 33328.73GBytes, Total TX: 77277.33GBytes
[1690746006] SERVICE ALERT: Qnap NAS;Sysinfo;CRITICAL;SOFT;1;CRITICAL: SNMP to 10.0.0.28 is not available or wrong community string
[1690746100] SERVICE FLAPPING ALERT: Servidores CASS;Ancho de Banda GE/1/0/3;STOPPED; Service appears to have stopped flapping (4.4% change < 5.0% threshold)
[1690746126] SERVICE ALERT: Qnap NAS;Sysinfo;OK;SOFT;2;NAS Cloud, Model TS-879U-RP, Firmware 4.3.6, Max HD number 8, No. Volume 1
[1690746400] SERVICE ALERT: Servidores CASS;Ancho de Banda GE/1/0/3;WARNING;SOFT;1;WARNING - IN bandwidth (92.45%) too high
[1690746520] SERVICE ALERT: Servidores CASS;Ancho de Banda GE/1/0/3;OK;SOFT;2;OK - Average IN: 88.76MB (71.01%), Average OUT: 24.89MB (19.91%)Total RX: 33413.23GBytes, Total TX: 77303.35GBytes
[1690746631] Auto-save of retention data completed successfully.
[1690747201] SERVICE ALERT: SRV_chat.cass.cl;Procesos;UNKNOWN;SOFT;1;CHECK_NRPE: Receive header underflow - only 0 bytes received (4 expected).
[1690747322] SERVICE ALERT: SRV_chat.cass.cl;Procesos;OK;SOFT;2;PROCS OK: 303 processes
[1690750231] Auto-save of retention data completed successfully.
[1690753831] Auto-save of retention data completed successfully.
[1690757431] Auto-save of retention data completed successfully.
[1690758034] SERVICE ALERT: SRV11VIBE_cass.cl;Memoria;CRITICAL;SOFT;1;(No output on stdout) stderr: connect to address 10.0.2.13 port 5666: Connection refused
[1690758155] SERVICE ALERT: SRV11VIBE_cass.cl;Memoria;OK;SOFT;2;[MEMORY] Total: 7693 MB - Used: 4584 MB - 59% [SWAP] Total: 7944 MB - Used: 101 MB - 1%
[1690761031] Auto-save of retention data completed successfully.
[1690763435] SERVICE ALERT: SRV11VIBE_cass.cl;Memoria;CRITICAL;SOFT;1;(No output on stdout) stderr: connect to address 10.0.2.13 port 5666: Connection refused
[1690763555] SERVICE ALERT: SRV11VIBE_cass.cl;Memoria;OK;SOFT;2;[MEMORY] Total: 7693 MB - Used: 4595 MB - 59% [SWAP] Total: 7944 MB - Used: 101 MB - 1%
[1690764374] SERVICE ALERT: SRV_chat.cass.cl;Actualizacion;CRITICAL;SOFT;1;CHECK_NRPE STATE CRITICAL: Socket timeout after 30 seconds.
[1690764506] SERVICE ALERT: SRV_chat.cass.cl;Actualizacion;OK;SOFT;2;Updates OK : no updates available
[1690764631] Auto-save of retention data completed successfully.
[1690768231] Auto-save of retention data completed successfully.
[1690769980] SERVICE ALERT: Servidores CASS;Ancho de Banda GE/1/0/3;WARNING;SOFT;1;WARNING - OUT bandwidth (85.72%) too high
[1690770101] SERVICE ALERT: Servidores CASS;Ancho de Banda GE/1/0/3;OK;SOFT;2;OK - Average IN: 16.51MB (13.21%), Average OUT: 96.69MB (77.35%)Total RX: 34248.13GBytes, Total TX: 78278.43GBytes
[1690771831] Auto-save of retention data completed successfully.
[1690772621] SERVICE ALERT: Servidores CASS;Ancho de Banda GE/1/0/3;WARNING;SOFT;1;WARNING - OUT bandwidth (93.47%) too high
[1690772742] SERVICE ALERT: Servidores CASS;Ancho de Banda GE/1/0/3;WARNING;SOFT;2;WARNING - OUT bandwidth (90.56%) too high
[1690772862] SERVICE ALERT: Servidores CASS;Ancho de Banda GE/1/0/3;WARNING;HARD;3;WARNING - OUT bandwidth (91.64%) too high
[1690773042] SERVICE ALERT: Servidores CASS;Ancho de Banda GE/1/0/3;CRITICAL;HARD;3;CRITICAL - OUT bandwidth (98.95%) too high
[1690773102] SERVICE ALERT: Servidores CASS;Ancho de Banda GE/1/0/3;WARNING;HARD;3;WARNING - OUT bandwidth (97.84%) too high
[1690773222] SERVICE FLAPPING ALERT: Servidores CASS;Ancho de Banda GE/1/0/3;STARTED; Service appears to have started flapping (23.6% change >= 20.0% threshold)
[1690773222] SERVICE ALERT: Servidores CASS;Ancho de Banda GE/1/0/3;CRITICAL;HARD;3;CRITICAL - OUT bandwidth (99.67%) too high
[1690773343] SERVICE ALERT: Servidores CASS;Ancho de Banda GE/1/0/3;WARNING;HARD;3;WARNING - OUT bandwidth (92.18%) too high
[1690773403] SERVICE ALERT: Servidores CASS;Ancho de Banda GE/1/0/3;OK;HARD;1;OK - Average IN: 2.21MB (1.76%), Average OUT: 50.74MB (40.60%)Total RX: 34284.07GBytes, Total TX: 78547.87GBytes
[1690774235] SERVICE ALERT: SRV11VIBE_cass.cl;Memoria;CRITICAL;SOFT;1;(No output on stdout) stderr: connect to address 10.0.2.13 port 5666: Connection refused
[1690774242] SERVICE ALERT: SRV_SOS2021.cass.cl;Actualizacion;CRITICAL;SOFT;1;CHECK_NRPE STATE CRITICAL: Socket timeout after 30 seconds.
[1690774256] SERVICE ALERT: SRV_chat.cass.cl;Actualizacion;CRITICAL;SOFT;1;CHECK_NRPE STATE CRITICAL: Socket timeout after 30 seconds.
[1690774303] SERVICE ALERT: SRV_Cfiler.cass.cl;Actualizacion;CRITICAL;SOFT;1;CHECK_NRPE STATE CRITICAL: Socket timeout after 30 seconds.
[1690774303] SERVICE ALERT: SRV_email.cass.cl;Actualizacion;CRITICAL;SOFT;1;CHECK_NRPE STATE CRITICAL: Socket timeout after 30 seconds.
[1690774356] SERVICE ALERT: SRV11VIBE_cass.cl;Memoria;OK;SOFT;2;[MEMORY] Total: 7693 MB - Used: 4591 MB - 59% [SWAP] Total: 7944 MB - Used: 101 MB - 1%
[1690774374] SERVICE ALERT: SRV_SOS2021.cass.cl;Actualizacion;OK;SOFT;2;Updates OK : no updates available
[1690774389] SERVICE ALERT: SRV_chat.cass.cl;Actualizacion;OK;SOFT;2;Updates OK : no updates available
[1690774436] SERVICE ALERT: SRV_Cfiler.cass.cl;Actualizacion;OK;SOFT;2;Updates OK : no updates available
[1690774436] SERVICE ALERT: SRV_email.cass.cl;Actualizacion;OK;SOFT;2;Updates OK : no updates available
[1690774543] SERVICE FLAPPING ALERT: Servidores CASS;Ancho de Banda GE/1/0/3;STOPPED; Service appears to have stopped flapping (3.8% change < 5.0% threshold)
[1690774801] SERVICE ALERT: SRV_email.cass.cl;Actualizacion;UNKNOWN;SOFT;1;CHECK_NRPE: Receive header underflow - only 0 bytes received (4 expected).
[1690774801] SERVICE ALERT: SRV_SOS2021.cass.cl;Actualizacion;UNKNOWN;SOFT;1;CHECK_NRPE: Receive header underflow - only 0 bytes received (4 expected).
[1690774802] SERVICE ALERT: SRV_Cfiler.cass.cl;Actualizacion;UNKNOWN;SOFT;1;CHECK_NRPE: Receive header underflow - only 0 bytes received (4 expected).
[1690774927] SERVICE ALERT: SRV_Cfiler.cass.cl;Actualizacion;OK;SOFT;2;Updates OK : no updates available
[1690774933] SERVICE ALERT: SRV_SOS2021.cass.cl;Actualizacion;OK;SOFT;2;Updates OK : no updates available
[1690774934] SERVICE ALERT: SRV_email.cass.cl;Actualizacion;OK;SOFT;2;Updates OK : no updates available
[1690775431] Auto-save of retention data completed successfully.
