[1710903600] LOG ROTATION: DAILY
[1710903600] LOG VERSION: 2.0
[1710903600] CURRENT HOST STATE: ADL Diagnostic;UP;HARD;1;PING OK - Packet loss = 0%, RTA = 34.58 ms
[1710903600] CURRENT HOST STATE: Blueshell;UP;HARD;1;PING OK - Packet loss = 0%, RTA = 2.88 ms
[1710903600] CURRENT HOST STATE: Cass Entel;UP;HARD;1;PING OK - Packet loss = 0%, RTA = 0.51 ms
[1710903600] CURRENT HOST STATE: Cass Telsur;UP;HARD;1;PING OK - Packet loss = 0%, RTA = 1.08 ms
[1710903600] CURRENT HOST STATE: Clinica PV Movistar;UP;HARD;1;PING OK - Packet loss = 0%, RTA = 36.25 ms
[1710903600] CURRENT HOST STATE: Clinica PV Telsur;UP;HARD;1;PING OK - Packet loss = 0%, RTA = 1.36 ms
[1710903600] CURRENT HOST STATE: Confe;UP;HARD;1;PING OK - Packet loss = 0%, RTA = 60.71 ms
[1710903600] CURRENT HOST STATE: Electric Works;UP;HARD;1;PING OK - Packet loss = 0%, RTA = 33.32 ms
[1710903600] CURRENT HOST STATE: Exper03.exxperience.cl;UP;HARD;1;PING OK - Packet loss = 0%, RTA = 1.90 ms
[1710903600] CURRENT HOST STATE: Ext Entel;UP;HARD;1;PING OK - Packet loss = 0%, RTA = 0.52 ms
[1710903600] CURRENT HOST STATE: Ext Telsur;UP;HARD;1;PING OK - Packet loss = 0%, RTA = 1.22 ms
[1710903600] CURRENT HOST STATE: FW ADL Diagnostic;UP;HARD;1;PING OK - Packet loss = 0%, RTA = 33.98 ms
[1710903600] CURRENT HOST STATE: FW Blueshell;UP;HARD;1;PING OK - Packet loss = 0%, RTA = 3.21 ms
[1710903600] CURRENT HOST STATE: FW Cass Entel;UP;HARD;1;PING OK - Packet loss = 0%, RTA = 34.07 ms
[1710903600] CURRENT HOST STATE: FW Cass Telsur;UP;HARD;1;PING OK - Packet loss = 0%, RTA = 0.72 ms
[1710903600] CURRENT HOST STATE: FW Clinica PV Movistar;UP;HARD;1;PING OK - Packet loss = 0%, RTA = 34.09 ms
[1710903600] CURRENT HOST STATE: FW Clinica PV Telsur;UP;HARD;1;PING OK - Packet loss = 0%, RTA = 1.43 ms
[1710903600] CURRENT HOST STATE: FW Confe;UP;HARD;1;PING OK - Packet loss = 0%, RTA = 42.86 ms
[1710903600] CURRENT HOST STATE: FW Electric Works;UP;HARD;1;PING OK - Packet loss = 0%, RTA = 34.50 ms
[1710903600] CURRENT HOST STATE: FW Gore Los Lagos;UNREACHABLE;HARD;10;(Host check timed out after 30.01 seconds)
[1710903600] CURRENT HOST STATE: FW OyC;UP;HARD;1;PING OK - Packet loss = 0%, RTA = 44.60 ms
[1710903600] CURRENT HOST STATE: FW Pasmar;UP;HARD;1;PING OK - Packet loss = 0%, RTA = 1.35 ms
[1710903600] CURRENT HOST STATE: Gore Los Lagos;DOWN;HARD;10;(Host check timed out after 30.01 seconds)
[1710903600] CURRENT HOST STATE: Host-10.0.0.120;UP;HARD;1;PING OK - Packet loss = 0%, RTA = 0.65 ms
[1710903600] CURRENT HOST STATE: Host-10.0.0.121;UP;HARD;1;PING OK - Packet loss = 0%, RTA = 0.45 ms
[1710903600] CURRENT HOST STATE: Host-10.0.0.124;UP;HARD;1;PING OK - Packet loss = 0%, RTA = 0.61 ms
[1710903600] CURRENT HOST STATE: Internet;UP;HARD;1;PING OK - Packet loss = 0%, RTA = 19.22 ms
[1710903600] CURRENT HOST STATE: OyC Entel;UP;HARD;1;PING OK - Packet loss = 0%, RTA = 38.01 ms
[1710903600] CURRENT HOST STATE: OyC Teledata;UP;HARD;1;PING OK - Packet loss = 0%, RTA = 42.27 ms
[1710903600] CURRENT HOST STATE: Pasmar;UP;HARD;1;PING OK - Packet loss = 0%, RTA = 1.31 ms
[1710903600] CURRENT HOST STATE: Qnap NAS;UP;HARD;1;PING OK - Packet loss = 0%, RTA = 0.32 ms
[1710903600] CURRENT HOST STATE: SRV01USER_cass.cl;UP;HARD;1;PING OK - Packet loss = 0%, RTA = 2.27 ms
[1710903600] CURRENT HOST STATE: SRV04AD01.cass.cl;UP;HARD;1;PING OK - Packet loss = 0%, RTA = 1.21 ms
[1710903600] CURRENT HOST STATE: SRV05AD02_cass.cl;UP;HARD;1;PING OK - Packet loss = 0%, RTA = 1.72 ms
[1710903600] CURRENT HOST STATE: SRV05AD2_cass.pmc;UP;HARD;1;PING OK - Packet loss = 0%, RTA = 2.03 ms
[1710903600] CURRENT HOST STATE: SRV11VIBE_cass.cl;UP;HARD;1;PING OK - Packet loss = 0%, RTA = 1.11 ms
[1710903600] CURRENT HOST STATE: SRVAD1.cass.pmc;UP;HARD;1;PING OK - Packet loss = 0%, RTA = 1.86 ms
[1710903600] CURRENT HOST STATE: SRVAD2.cass.pmc;UP;HARD;1;PING OK - Packet loss = 0%, RTA = 1.67 ms
[1710903600] CURRENT HOST STATE: SRVADMIN.cass.pmc;UP;HARD;1;PING OK - Packet loss = 0%, RTA = 1.32 ms
[1710903600] CURRENT HOST STATE: SRVCONT.cass.cl;UP;HARD;1;PING OK - Packet loss = 0%, RTA = 3.58 ms
[1710903600] CURRENT HOST STATE: SRVDC01_cass.pmc;UP;HARD;1;PING OK - Packet loss = 0%, RTA = 1.57 ms
[1710903600] CURRENT HOST STATE: SRVDC1.cass.pmc;UP;HARD;1;PING OK - Packet loss = 0%, RTA = 1.44 ms
[1710903600] CURRENT HOST STATE: SRVDNS;UP;HARD;1;PING OK - Packet loss = 0%, RTA = 1.19 ms
[1710903600] CURRENT HOST STATE: SRVWEB_cass.cl;UP;HARD;1;PING OK - Packet loss = 0%, RTA = 1.34 ms
[1710903600] CURRENT HOST STATE: SRV_Cfiler.cass.cl;UP;HARD;1;PING OK - Packet loss = 0%, RTA = 0.64 ms
[1710903600] CURRENT HOST STATE: SRV_GLPI;UP;HARD;1;PING OK - Packet loss = 0%, RTA = 0.53 ms
[1710903600] CURRENT HOST STATE: SRV_GXConsultores;UP;HARD;1;PING OK - Packet loss = 0%, RTA = 1.09 ms
[1710903600] CURRENT HOST STATE: SRV_Oraculo_cass.cl;UP;HARD;1;PING OK - Packet loss = 0%, RTA = 1.12 ms
[1710903600] CURRENT HOST STATE: SRV_Prometheus;UP;HARD;1;PING OK - Packet loss = 0%, RTA = 0.62 ms
[1710903600] CURRENT HOST STATE: SRV_SOS2021.cass.cl;UP;HARD;1;PING OK - Packet loss = 0%, RTA = 0.66 ms
[1710903600] CURRENT HOST STATE: SRV_SUM;UP;HARD;1;PING OK - Packet loss = 0%, RTA = 0.81 ms
[1710903600] CURRENT HOST STATE: SRV_Sharepoint;UP;HARD;1;PING OK - Packet loss = 0%, RTA = 1.33 ms
[1710903600] CURRENT HOST STATE: SRV_Soporte;UP;HARD;1;PING OK - Packet loss = 0%, RTA = 3.09 ms
[1710903600] CURRENT HOST STATE: SRV_VeeamOne;DOWN;HARD;10;CRITICAL - Host Unreachable (10.0.0.101)
[1710903600] CURRENT HOST STATE: SRV_chat.cass.cl;UP;HARD;1;PING OK - Packet loss = 0%, RTA = 0.63 ms
[1710903600] CURRENT HOST STATE: SRV_email.cass.cl;UP;HARD;1;PING OK - Packet loss = 0%, RTA = 1.20 ms
[1710903600] CURRENT HOST STATE: SRV_nagios;UP;HARD;1;PING OK - Packet loss = 0%, RTA = 0.08 ms
[1710903600] CURRENT HOST STATE: SRV_sync.cass.cl;UP;HARD;1;PING OK - Packet loss = 0%, RTA = 1.11 ms
[1710903600] CURRENT HOST STATE: Servidor Vcenter;UP;HARD;1;PING OK - Packet loss = 0%, RTA = 0.51 ms
[1710903600] CURRENT HOST STATE: Servidores CASS;UP;HARD;1;PING OK - Packet loss = 0%, RTA = 1.25 ms
[1710903600] CURRENT HOST STATE: Ups Principal;UP;HARD;1;PING OK - Packet loss = 0%, RTA = 0.81 ms
[1710903600] CURRENT HOST STATE: Veeam2023.cass.pmc;UP;HARD;1;PING OK - Packet loss = 0%, RTA = 2.05 ms
[1710903600] CURRENT HOST STATE: web_cass_cl;UP;HARD;1;PING OK - Packet loss = 0%, RTA = 0.61 ms
[1710903600] CURRENT SERVICE STATE: ADL Diagnostic;Ping;OK;HARD;1;PING OK - Packet loss = 0%, RTA = 34.84 ms
[1710903600] CURRENT SERVICE STATE: Blueshell;Ping;OK;HARD;1;PING OK - Packet loss = 0%, RTA = 3.19 ms
[1710903600] CURRENT SERVICE STATE: Clinica PV Movistar;Ping;OK;HARD;1;PING OK - Packet loss = 0%, RTA = 32.87 ms
[1710903600] CURRENT SERVICE STATE: Confe;Ping;OK;HARD;1;PING OK - Packet loss = 0%, RTA = 59.51 ms
[1710903600] CURRENT SERVICE STATE: Electric Works;Ping;OK;HARD;1;PING OK - Packet loss = 0%, RTA = 33.29 ms
[1710903600] CURRENT SERVICE STATE: Ext Telsur;Ping;OK;HARD;1;PING OK - Packet loss = 0%, RTA = 1.24 ms
[1710903600] CURRENT SERVICE STATE: FW ADL Diagnostic;Ping;OK;HARD;1;PING OK - Packet loss = 0%, RTA = 34.00 ms
[1710903600] CURRENT SERVICE STATE: FW Blueshell;Ping;OK;HARD;1;PING OK - Packet loss = 0%, RTA = 3.17 ms
[1710903600] CURRENT SERVICE STATE: FW Cass Entel;Ping;OK;HARD;1;PING OK - Packet loss = 0%, RTA = 33.88 ms
[1710903600] CURRENT SERVICE STATE: FW Cass Telsur;Ancho de Banda DMZ;OK;HARD;1;OK - Average IN: 9.00KB (0.01%), Average OUT: 6.41KB (0.01%)Total RX: 36.69GBytes, Total TX: 16.77GBytes
[1710903600] CURRENT SERVICE STATE: FW Cass Telsur;Ancho de Banda LAN;OK;HARD;1;OK - Average IN: 814.79B (0.00%), Average OUT: 1.14KB (0.00%)Total RX: 272.23GBytes, Total TX: 414.69GBytes
[1710903600] CURRENT SERVICE STATE: FW Cass Telsur;Ancho de Banda WAN;OK;HARD;1;OK - Average IN: 368.17B (0.00%), Average OUT: 150.45B (0.00%)Total RX: 3091.51GBytes, Total TX: 2575.29GBytes
[1710903600] CURRENT SERVICE STATE: FW Cass Telsur;Estado Puerto DMZ;OK;HARD;1;OK: Interface eth2 (index 4) is up.
[1710903600] CURRENT SERVICE STATE: FW Cass Telsur;Estado Puerto LAN;OK;HARD;1;OK: Interface eth0 (index 2) is up.
[1710903600] CURRENT SERVICE STATE: FW Cass Telsur;Estado Puerto WAN;OK;HARD;1;OK: Interface eth1 (index 3) is up.
[1710903600] CURRENT SERVICE STATE: FW Cass Telsur;Estado TCP Sophos;OK;HARD;1;TCP OK - 0.001 second response time on 201.220.96.34 port 4444
[1710903600] CURRENT SERVICE STATE: FW Cass Telsur;Ping;OK;HARD;1;PING OK - Packet loss = 0%, RTA = 0.60 ms
[1710903600] CURRENT SERVICE STATE: FW Cass Telsur;Tiempo Activo;OK;HARD;1;SNMP OK - Timeticks: (60777716) 7 days, 0:49:37.16
[1710903600] CURRENT SERVICE STATE: FW Clinica PV Movistar;Ping;OK;HARD;1;PING OK - Packet loss = 0%, RTA = 34.39 ms
[1710903600] CURRENT SERVICE STATE: FW Confe;Ping;OK;HARD;1;PING OK - Packet loss = 28%, RTA = 39.15 ms
[1710903600] CURRENT SERVICE STATE: FW Electric Works;Ping;OK;HARD;1;PING OK - Packet loss = 0%, RTA = 34.44 ms
[1710903600] CURRENT SERVICE STATE: FW Gore Los Lagos;Ping;CRITICAL;HARD;3;PING CRITICAL - Packet loss = 100%
[1710903600] CURRENT SERVICE STATE: FW Pasmar;Ping;OK;HARD;1;PING OK - Packet loss = 0%, RTA = 1.24 ms
[1710903600] CURRENT SERVICE STATE: Gore Los Lagos;Ping;OK;HARD;1;PING OK - Packet loss = 0%, RTA = 1.09 ms
[1710903600] CURRENT SERVICE STATE: Host-10.0.0.120;Ping;OK;HARD;1;PING OK - Packet loss = 0%, RTA = 0.45 ms
[1710903600] CURRENT SERVICE STATE: Host-10.0.0.121;Ping;OK;HARD;1;PING OK - Packet loss = 0%, RTA = 0.46 ms
[1710903600] CURRENT SERVICE STATE: Pasmar;Ping;OK;HARD;1;PING OK - Packet loss = 16%, RTA = 1.29 ms
[1710903600] CURRENT SERVICE STATE: Qnap NAS;Almacenamiento;OK;HARD;1;OK: Total:50TB - Used:38TB - Free:11TB - Used Space: 77%
[1710903600] CURRENT SERVICE STATE: Qnap NAS;Estado;OK;HARD;1;Power Supply #1 - OK: GOOD
[1710903600] CURRENT SERVICE STATE: Qnap NAS;Memoria;OK;HARD;1;OK: Total:3830MB - Used:956MB - Free:2874MB = 25%
[1710903600] CURRENT SERVICE STATE: Qnap NAS;Sysinfo;OK;HARD;1;NAS Cloud, Model TS-879U-RP, Firmware 4.3.6, Max HD number 8, No. Volume 1
[1710903600] CURRENT SERVICE STATE: Qnap NAS;Temperatura;OK;HARD;1;OK: Temperature=38C
[1710903600] CURRENT SERVICE STATE: Qnap NAS;Tiempo Activo;OK;HARD;1;SNMP OK - Timeticks: (505918497) 58 days, 13:19:44.97
[1710903600] CURRENT SERVICE STATE: SRV01USER_cass.cl;Actualizacion;CRITICAL;HARD;3;Updates: 2 critical, 0 optional
[1710903600] CURRENT SERVICE STATE: SRV01USER_cass.cl;Almacenamiento C;WARNING;HARD;3;c:\ - total: 119.40 Gb - used: 99.97 Gb (84%) - free 19.43 Gb (16%)
[1710903600] CURRENT SERVICE STATE: SRV01USER_cass.cl;Almacenamiento U;OK;HARD;1;u:\ - total: 1023.98 Gb - used: 226.77 Gb (22%) - free 797.21 Gb (78%)
[1710903600] CURRENT SERVICE STATE: SRV01USER_cass.cl;CPU;OK;HARD;1;CPU Load 2% (5 min average)
[1710903600] CURRENT SERVICE STATE: SRV01USER_cass.cl;Memoria;OK;HARD;1;Memory usage: total:23551.21 MB - used: 12237.62 MB (52%) - free: 11313.60 MB (48%)
[1710903600] CURRENT SERVICE STATE: SRV01USER_cass.cl;Ping;OK;HARD;1;PING OK - Packet loss = 0%, RTA = 2.30 ms
[1710903600] CURRENT SERVICE STATE: SRV01USER_cass.cl;Tiempo Activo;OK;HARD;1;System Uptime - 2 day(s) 15 hour(s) 52 minute(s)
[1710903600] CURRENT SERVICE STATE: SRV04AD01.cass.cl;Ping;OK;HARD;1;PING OK - Packet loss = 0%, RTA = 1.34 ms
[1710903600] CURRENT SERVICE STATE: SRV05AD02_cass.cl;Ping;OK;HARD;1;PING OK - Packet loss = 0%, RTA = 1.68 ms
[1710903600] CURRENT SERVICE STATE: SRV11VIBE_cass.cl;Actualizacion;CRITICAL;HARD;3;Updates CRITICAL : discontinued OS Release SLE 15.1: At least one of your Repositories might be out of date. Please run "zypper refresh" as root to update it.  3 security update(s): 1 recommended update(s):  2 package update(s):
[1710903600] CURRENT SERVICE STATE: SRV11VIBE_cass.cl;Almacenamiento /;OK;HARD;1;DISK OK - free space: /var/tmp 78576 MiB (85.73% inode=-):
[1710903600] CURRENT SERVICE STATE: SRV11VIBE_cass.cl;CPU;OK;HARD;1;OK - load average per CPU: 0.00, 0.01, 0.00
[1710903600] CURRENT SERVICE STATE: SRV11VIBE_cass.cl;Memoria;OK;HARD;1;[MEMORY] Total: 7693 MB - Used: 2860 MB - 37% [SWAP] Total: 7944 MB - Used: 2 MB - 0%
[1710903600] CURRENT SERVICE STATE: SRV11VIBE_cass.cl;Ping;OK;HARD;1;PING OK - Packet loss = 0%, RTA = 1.07 ms
[1710903600] CURRENT SERVICE STATE: SRV11VIBE_cass.cl;Proceso Vibe;OK;HARD;1;PROCS OK: 0 processes with command name 'vibe'
[1710903600] CURRENT SERVICE STATE: SRV11VIBE_cass.cl;Procesos;OK;HARD;1;PROCS OK: 307 processes
[1710903600] CURRENT SERVICE STATE: SRV11VIBE_cass.cl;Procesos Zombies;OK;HARD;1;PROCS OK: 0 processes with STATE = Z
[1710903600] CURRENT SERVICE STATE: SRV11VIBE_cass.cl;Puerto HTTP;OK;HARD;1;TCP OK - 0.001 second response time on 10.0.2.13 port 80
[1710903600] CURRENT SERVICE STATE: SRV11VIBE_cass.cl;Puerto HTTPS;OK;HARD;1;TCP OK - 0.001 second response time on 10.0.2.13 port 443
[1710903600] CURRENT SERVICE STATE: SRV11VIBE_cass.cl;Servicio Vibe;OK;HARD;1;OK: Service vibe is running!
[1710903600] CURRENT SERVICE STATE: SRV11VIBE_cass.cl;Tiempo Activo;OK;HARD;1;Uptime OK: 11 day(s) 8 hour(s) 20 minute(s)
[1710903600] CURRENT SERVICE STATE: SRV11VIBE_cass.cl;Usuarios Login;OK;HARD;1;USERS OK - 2 users currently logged in
[1710903600] CURRENT SERVICE STATE: SRVAD1.cass.pmc;Ping;OK;HARD;1;PING OK - Packet loss = 0%, RTA = 1.67 ms
[1710903600] CURRENT SERVICE STATE: SRVAD2.cass.pmc;Ping;OK;HARD;1;PING OK - Packet loss = 0%, RTA = 1.69 ms
[1710903600] CURRENT SERVICE STATE: SRVADMIN.cass.pmc;Actualizacion;OK;HARD;1;OK - no pending updates.
[1710903600] CURRENT SERVICE STATE: SRVADMIN.cass.pmc;Almacenamiento;OK;HARD;1;c:\ - total: 299.66 Gb - used: 161.61 Gb (54%) - free 138.05 Gb (46%)
[1710903600] CURRENT SERVICE STATE: SRVADMIN.cass.pmc;CPU;OK;HARD;1;CPU Load 1% (5 min average)
[1710903600] CURRENT SERVICE STATE: SRVADMIN.cass.pmc;Memoria;OK;HARD;1;Memory usage: total:16319.56 MB - used: 9433.50 MB (58%) - free: 6886.06 MB (42%)
[1710903600] CURRENT SERVICE STATE: SRVADMIN.cass.pmc;Ping;OK;HARD;1;PING OK - Packet loss = 0%, RTA = 1.43 ms
[1710903600] CURRENT SERVICE STATE: SRVADMIN.cass.pmc;Tiempo Activo;OK;HARD;1;System Uptime - 9 day(s) 15 hour(s) 8 minute(s)
[1710903600] CURRENT SERVICE STATE: SRVCONT.cass.cl;Actualizacion;OK;HARD;1;OK - no pending updates.
[1710903600] CURRENT SERVICE STATE: SRVCONT.cass.cl;Almacenamiento;OK;HARD;1;c:\ - total: 299.33 Gb - used: 52.49 Gb (18%) - free 246.84 Gb (82%)
[1710903600] CURRENT SERVICE STATE: SRVCONT.cass.cl;CPU;OK;HARD;1;CPU Load 3% (5 min average)
[1710903600] CURRENT SERVICE STATE: SRVCONT.cass.cl;Memoria;OK;HARD;1;Memory usage: total:14458.71 MB - used: 3762.61 MB (26%) - free: 10696.10 MB (74%)
[1710903600] CURRENT SERVICE STATE: SRVCONT.cass.cl;Ping;OK;HARD;1;PING OK - Packet loss = 0%, RTA = 4.14 ms
[1710903600] CURRENT SERVICE STATE: SRVCONT.cass.cl;Tiempo Activo;OK;HARD;1;System Uptime - 0 day(s) 23 hour(s) 50 minute(s)
[1710903600] CURRENT SERVICE STATE: SRVDC1.cass.pmc;Ping;OK;HARD;1;PING OK - Packet loss = 0%, RTA = 1.64 ms
[1710903600] CURRENT SERVICE STATE: SRVDNS;Ping;OK;HARD;1;PING OK - Packet loss = 0%, RTA = 0.96 ms
[1710903600] CURRENT SERVICE STATE: SRVWEB_cass.cl;Ping;OK;HARD;1;PING OK - Packet loss = 0%, RTA = 1.24 ms
[1710903600] CURRENT SERVICE STATE: SRV_Cfiler.cass.cl;Actualizacion;OK;HARD;1;Updates OK : no updates available
[1710903600] CURRENT SERVICE STATE: SRV_Cfiler.cass.cl;Almacenamiento /;OK;HARD;1;DISK OK - free space: / 2391239 MB (71% inode=-):
[1710903600] CURRENT SERVICE STATE: SRV_Cfiler.cass.cl;CPU;OK;HARD;1;OK - load average: 0.15, 0.14, 0.15
[1710903600] CURRENT SERVICE STATE: SRV_Cfiler.cass.cl;Http;OK;HARD;1;TCP OK - 0.000 second response time on port 80
[1710903600] CURRENT SERVICE STATE: SRV_Cfiler.cass.cl;Https;OK;HARD;1;TCP OK - 0.000 second response time on port 443
[1710903600] CURRENT SERVICE STATE: SRV_Cfiler.cass.cl;Memoria;OK;HARD;1;[MEMORY] Total: 3893 MB - Used: 1357 MB - 34% [SWAP] Total: 2047 MB - Used: 89 MB - 4%
[1710903600] CURRENT SERVICE STATE: SRV_Cfiler.cass.cl;Procesos;OK;HARD;1;PROCS OK: 315 processes
[1710903600] CURRENT SERVICE STATE: SRV_Cfiler.cass.cl;Procesos Zombies;OK;HARD;1;PROCS OK: 0 processes with STATE = Z
[1710903600] CURRENT SERVICE STATE: SRV_Cfiler.cass.cl;Procs Apache;OK;HARD;1;PROCS OK: 11 processes with args 'apache2'
[1710903600] CURRENT SERVICE STATE: SRV_Cfiler.cass.cl;Serv Apache;OK;HARD;1;OK: Service apache is running!
[1710903600] CURRENT SERVICE STATE: SRV_Cfiler.cass.cl;Servicio General;OK;HARD;1;PING OK - Packet loss = 0%, RTA = 0.55 ms
[1710903600] CURRENT SERVICE STATE: SRV_Cfiler.cass.cl;Tiempo Activo;OK;HARD;1;Uptime OK: 11 day(s) 15 hour(s) 23 minute(s)
[1710903600] CURRENT SERVICE STATE: SRV_Cfiler.cass.cl;Usuarios Login;OK;HARD;1;USERS OK - 1 users currently logged in
[1710903600] CURRENT SERVICE STATE: SRV_GLPI;Agentes;OK;HARD;1;OK: Agent_version was ['3.0.1']
[1710903600] CURRENT SERVICE STATE: SRV_GLPI;CPU;OK;HARD;1;OK: Percent was 0.50 %
[1710903600] CURRENT SERVICE STATE: SRV_GLPI;Http;OK;HARD;1;HTTP OK: HTTP/1.1 301 Moved Permanently - 364 bytes in 0.002 second response time
[1710903600] CURRENT SERVICE STATE: SRV_GLPI;Memoria;OK;HARD;1;OK: Memory usage was 13.00 % (Available: 14.59 GB, Total: 16.78 GB, Free: 6.59 GB, Used: 1.77 GB)
[1710903600] CURRENT SERVICE STATE: SRV_GLPI;Usuarios Login;OK;HARD;1;USERS OK - 1 users currently logged in
[1710903600] CURRENT SERVICE STATE: SRV_Oraculo_cass.cl;Ping;OK;HARD;1;PING OK - Packet loss = 0%, RTA = 0.64 ms
[1710903600] CURRENT SERVICE STATE: SRV_SOS2021.cass.cl;Actualizacion;OK;HARD;1;Updates OK : no updates available
[1710903600] CURRENT SERVICE STATE: SRV_SOS2021.cass.cl;Almacenamiento /;OK;HARD;1;DISK OK - free space: /var/tmp 118350 MiB (91.08% inode=-):
[1710903600] CURRENT SERVICE STATE: SRV_SOS2021.cass.cl;CPU;OK;HARD;1;OK - load average per CPU: 0.06, 0.03, 0.02
[1710903600] CURRENT SERVICE STATE: SRV_SOS2021.cass.cl;Memoria;OK;HARD;1;[MEMORY] Total: 7946 MB - Used: 862 MB - 10% [SWAP] Total: 10239 MB - Used: 0 MB - 0%
[1710903600] CURRENT SERVICE STATE: SRV_SOS2021.cass.cl;Ping;OK;HARD;1;PING OK - Packet loss = 0%, RTA = 0.61 ms
[1710903600] CURRENT SERVICE STATE: SRV_SOS2021.cass.cl;Procesos;OK;HARD;1;PROCS OK: 311 processes
[1710903600] CURRENT SERVICE STATE: SRV_SOS2021.cass.cl;Procesos Zombies;OK;HARD;1;PROCS OK: 0 processes with STATE = Z
[1710903600] CURRENT SERVICE STATE: SRV_SOS2021.cass.cl;Tiempo Activo;OK;HARD;1;Uptime OK: 11 day(s) 15 hour(s) 33 minute(s)
[1710903600] CURRENT SERVICE STATE: SRV_SOS2021.cass.cl;Usuarios Login;OK;HARD;1;USERS OK - 0 users currently logged in
[1710903600] CURRENT SERVICE STATE: SRV_SUM;Ping;OK;HARD;1;PING OK - Packet loss = 0%, RTA = 0.72 ms
[1710903600] CURRENT SERVICE STATE: SRV_Soporte;Actualizacion;CRITICAL;HARD;3;Hay 6 actualizaciones pendientes.
[1710903600] CURRENT SERVICE STATE: SRV_Soporte;Agentes;OK;HARD;1;OK: Agent_version was ['3.0.1']
[1710903600] CURRENT SERVICE STATE: SRV_Soporte;CPU;OK;HARD;1;OK: Percent was 36.38 %
[1710903600] CURRENT SERVICE STATE: SRV_Soporte;Memoria;OK;HARD;1;OK: Memory usage was 49.80 % (Available: 8.62 GB, Total: 17.18 GB, Free: 8.62 GB, Used: 8.56 GB)
[1710903600] CURRENT SERVICE STATE: SRV_chat.cass.cl;Actualizacion;OK;HARD;1;Updates OK : no updates available
[1710903600] CURRENT SERVICE STATE: SRV_chat.cass.cl;Almacenamiento /;OK;HARD;1;DISK OK - free space: /var/tmp 934424 MiB (89.41% inode=-):
[1710903600] CURRENT SERVICE STATE: SRV_chat.cass.cl;CPU;OK;HARD;1;OK - load average per CPU: 0.07, 0.08, 0.09
[1710903600] CURRENT SERVICE STATE: SRV_chat.cass.cl;Memoria;OK;HARD;1;[MEMORY] Total: 7919 MB - Used: 3195 MB - 40% [SWAP] Total: 2048 MB - Used: 479 MB - 23%
[1710903600] CURRENT SERVICE STATE: SRV_chat.cass.cl;Ping;OK;HARD;1;PING OK - Packet loss = 0%, RTA = 0.56 ms
[1710903600] CURRENT SERVICE STATE: SRV_chat.cass.cl;Proceso Docker;OK;HARD;1;PROCS OK: 0 processes with command name 'docker'
[1710903600] CURRENT SERVICE STATE: SRV_chat.cass.cl;Proceso Nginx;OK;HARD;1;PROCS OK: 3 processes with command name 'nginx'
[1710903600] CURRENT SERVICE STATE: SRV_chat.cass.cl;Procesos;OK;HARD;1;PROCS OK: 278 processes
[1710903600] CURRENT SERVICE STATE: SRV_chat.cass.cl;Procesos Zombies;OK;HARD;1;PROCS OK: 0 processes with STATE = Z
[1710903600] CURRENT SERVICE STATE: SRV_chat.cass.cl;Puerto Contenedor;OK;HARD;1;TCP OK - 0.000 second response time on port 8000
[1710903600] CURRENT SERVICE STATE: SRV_chat.cass.cl;Puerto HTTP;OK;HARD;1;TCP OK - 0.000 second response time on port 80
[1710903600] CURRENT SERVICE STATE: SRV_chat.cass.cl;Puerto HTTPS;OK;HARD;1;TCP OK - 0.000 second response time on port 443
[1710903600] CURRENT SERVICE STATE: SRV_chat.cass.cl;Puerto Portainer;OK;HARD;1;TCP OK - 0.000 second response time on port 9443
[1710903600] CURRENT SERVICE STATE: SRV_chat.cass.cl;Servicio Docker;OK;HARD;1;OK: Service docker is running!
[1710903600] CURRENT SERVICE STATE: SRV_chat.cass.cl;Servicio Nginx;OK;HARD;1;OK: Service nginx is running!
[1710903600] CURRENT SERVICE STATE: SRV_chat.cass.cl;Usuarios Login;OK;HARD;1;USERS OK - 0 users currently logged in
[1710903600] CURRENT SERVICE STATE: SRV_email.cass.cl;Actualizacion;OK;HARD;1;Updates OK : no updates available
[1710903600] CURRENT SERVICE STATE: SRV_email.cass.cl;Almacenamiento /;OK;HARD;1;DISK OK - free space: /var/tmp 459488 MiB (90.67% inode=-):
[1710903600] CURRENT SERVICE STATE: SRV_email.cass.cl;Almacenamiento Mail;OK;HARD;1;DISK OK - free space: /mail 1786866 MiB (91.24% inode=99%):
[1710903600] CURRENT SERVICE STATE: SRV_email.cass.cl;Almacenamiento Mail2;OK;HARD;1;DISK OK - free space: /mail2 474196 MiB (99.35% inode=100%):
[1710903600] CURRENT SERVICE STATE: SRV_email.cass.cl;CPU;OK;HARD;1;OK - load average per CPU: 0.01, 0.02, 0.02
[1710903600] CURRENT SERVICE STATE: SRV_email.cass.cl;Correo Pop;OK;HARD;1;POP OK - 0.001 second response time on 10.0.2.25 port 110 [+OK GroupWise POP3 server ready]
[1710903600] CURRENT SERVICE STATE: SRV_email.cass.cl;Correo Smtp;OK;HARD;1;SMTP OK - 0.030 sec. response time
[1710903600] CURRENT SERVICE STATE: SRV_email.cass.cl;Memoria;OK;HARD;1;[MEMORY] Total: 11939 MB - Used: 2522 MB - 21% [SWAP] Total: 2048 MB - Used: 0 MB - 0%
[1710903600] CURRENT SERVICE STATE: SRV_email.cass.cl;Ping;OK;HARD;1;PING OK - Packet loss = 0%, RTA = 1.21 ms
[1710903600] CURRENT SERVICE STATE: SRV_email.cass.cl;Procesos;OK;HARD;1;PROCS OK: 301 processes
[1710903600] CURRENT SERVICE STATE: SRV_email.cass.cl;Procesos Zombies;OK;HARD;1;PROCS OK: 0 processes with STATE = Z
[1710903600] CURRENT SERVICE STATE: SRV_email.cass.cl;Tiempo Activo;OK;HARD;1;Uptime OK: 11 day(s) 15 hour(s) 37 minute(s)
[1710903600] CURRENT SERVICE STATE: SRV_email.cass.cl;Usuarios Login;OK;HARD;1;USERS OK - 0 users currently logged in
[1710903600] CURRENT SERVICE STATE: SRV_nagios;Actualizacion;CRITICAL;HARD;4;YUM CRITICAL: 19 Updates Available
[1710903600] CURRENT SERVICE STATE: SRV_nagios;CPU;OK;HARD;1;OK - load average: 0.11, 0.15, 0.15
[1710903600] CURRENT SERVICE STATE: SRV_nagios;Memoria;OK;HARD;1;[MEMORY] Total: 7740 MB - Used: 443 MB - 5% [SWAP] Total: 7935 MB - Used: 0 MB - 0%
[1710903600] CURRENT SERVICE STATE: SRV_nagios;PING;OK;HARD;1;PING OK - Packet loss = 0%, RTA = 0.08 ms
[1710903600] CURRENT SERVICE STATE: SRV_nagios;Procesos;OK;HARD;1;PROCS OK: 66 processes with STATE = RSZDT
[1710903600] CURRENT SERVICE STATE: SRV_nagios;Usarios Login;OK;HARD;1;USERS OK - 0 users currently logged in
[1710903600] CURRENT SERVICE STATE: SRV_sync.cass.cl;Ping;OK;HARD;1;PING OK - Packet loss = 0%, RTA = 0.96 ms
[1710903600] CURRENT SERVICE STATE: Servidor Vcenter;Ping;OK;HARD;1;PING OK - Packet loss = 0%, RTA = 0.56 ms
[1710903600] CURRENT SERVICE STATE: Servidores CASS;Ancho de Banda GE/1/0/3;OK;HARD;1;OK - Average IN: 10.01KB (0.01%), Average OUT: 8.85KB (0.01%)Total RX: 5582.21GBytes, Total TX: 33588.32GBytes
[1710903600] CURRENT SERVICE STATE: Servidores CASS;Estado Puerto 3;OK;HARD;1;OK: Interface GigabitEthernet1/0/3 (index 3) is up.
[1710903600] CURRENT SERVICE STATE: Servidores CASS;Estado Puerto 80;OK;HARD;1;TCP OK - 0.002 second response time on 10.0.0.17 port 80
[1710903600] CURRENT SERVICE STATE: Servidores CASS;Ping;OK;HARD;1;PING OK - Packet loss = 0%, RTA = 1.24 ms
[1710903600] CURRENT SERVICE STATE: Servidores CASS;Tiempo Activo;OK;HARD;1;SNMP OK - Timeticks: (100744717) 11 days, 15:50:47.17
[1710903600] CURRENT SERVICE STATE: Ups Principal;Carga;OK;HARD;1;OK: Estimated battery charge 100%, approximately 0 minutes runtime remaining.
[1710903600] CURRENT SERVICE STATE: Ups Principal;Estado;OK;HARD;1;OK: Battery Status Normal.
[1710903600] CURRENT SERVICE STATE: Ups Principal;Ping;OK;HARD;1;PING OK - Packet loss = 0%, RTA = 1.14 ms
[1710903600] CURRENT SERVICE STATE: Ups Principal;Temperatura;OK;HARD;1;OK: Battery Temperature is 29 degrees C (84.2 degrees F).
[1710903600] CURRENT SERVICE STATE: Ups Principal;Tiempo Activo;OK;HARD;1;SNMP OK - Timeticks: (98567572) 11 days, 9:47:55.72
[1710903600] CURRENT SERVICE STATE: Veeam2023.cass.pmc;Actualizacion;CRITICAL;HARD;3;Updates: 3 critical, 0 optional
[1710903600] CURRENT SERVICE STATE: Veeam2023.cass.pmc;Almacenamiento;OK;HARD;1;c:\ - total: 99.33 Gb - used: 61.56 Gb (62%) - free 37.77 Gb (38%)
[1710903600] CURRENT SERVICE STATE: Veeam2023.cass.pmc;CPU;OK;HARD;1;CPU Load 11% (5 min average)
[1710903600] CURRENT SERVICE STATE: Veeam2023.cass.pmc;Memoria;OK;HARD;1;Memory usage: total:28159.25 MB - used: 18843.97 MB (67%) - free: 9315.28 MB (33%)
[1710903600] CURRENT SERVICE STATE: Veeam2023.cass.pmc;Ping;OK;HARD;1;PING OK - Packet loss = 0%, RTA = 2.32 ms
[1710903600] CURRENT SERVICE STATE: Veeam2023.cass.pmc;Tiempo Activo;OK;HARD;1;System Uptime - 4 day(s) 11 hour(s) 25 minute(s)
[1710903600] CURRENT SERVICE STATE: web_cass_cl;Certificado;OK;HARD;1;SSL OK - Certificate '*.cass.cl' will expire in 289 days on 2025-01-03 20:59 -0300/-03.
[1710903600] CURRENT SERVICE STATE: web_cass_cl;HTTP;OK;HARD;1;HTTP OK: HTTP/1.1 302 Found - 1073 bytes in 0.187 second response time
[1710903634] SERVICE ALERT: SRV_Soporte;CPU;WARNING;SOFT;1;WARNING: Percent was 64.40 %
[1710903755] SERVICE ALERT: SRV_Soporte;CPU;OK;SOFT;2;OK: Percent was 38.98 %
[1710904536] SERVICE ALERT: SRV_Soporte;CPU;WARNING;SOFT;1;WARNING: Percent was 65.62 %
[1710904656] SERVICE ALERT: SRV_Soporte;CPU;OK;SOFT;2;OK: Percent was 30.30 %
[1710904737] SERVICE ALERT: SRVCONT.cass.cl;Actualizacion;UNKNOWN;SOFT;1;CHECK_NRPE: Receive header underflow - only 0 bytes received (4 expected).
[1710904858] SERVICE ALERT: SRVCONT.cass.cl;Actualizacion;OK;SOFT;2;OK - no pending updates.
[1710905197] SERVICE ALERT: SRV_Soporte;CPU;WARNING;SOFT;1;WARNING: Percent was 67.02 %
[1710905318] SERVICE ALERT: SRV_Soporte;CPU;OK;SOFT;2;OK: Percent was 37.10 %
[1710906776] Auto-save of retention data completed successfully.
[1710908199] SERVICE ALERT: SRV_Soporte;CPU;WARNING;SOFT;1;WARNING: Percent was 65.15 %
[1710908320] SERVICE ALERT: SRV_Soporte;CPU;OK;SOFT;2;OK: Percent was 31.05 %
[1710910376] Auto-save of retention data completed successfully.
[1710911800] SERVICE ALERT: SRV_Soporte;CPU;WARNING;SOFT;1;WARNING: Percent was 63.62 %
[1710911921] SERVICE ALERT: SRV_Soporte;CPU;OK;SOFT;2;OK: Percent was 43.92 %
[1710913902] SERVICE ALERT: SRV_Soporte;CPU;WARNING;SOFT;1;WARNING: Percent was 62.12 %
[1710913976] Auto-save of retention data completed successfully.
[1710914023] SERVICE ALERT: SRV_Soporte;CPU;OK;SOFT;2;OK: Percent was 31.05 %
[1710917576] Auto-save of retention data completed successfully.
[1710921176] Auto-save of retention data completed successfully.
[1710923744] SERVICE ALERT: SRV_Soporte;CPU;WARNING;SOFT;1;WARNING: Percent was 62.12 %
[1710923865] SERVICE ALERT: SRV_Soporte;CPU;OK;SOFT;2;OK: Percent was 37.88 %
[1710924526] SERVICE ALERT: SRV_Soporte;CPU;CRITICAL;SOFT;1;CRITICAL: Percent was 72.70 %
[1710924646] SERVICE ALERT: SRV_Soporte;CPU;OK;SOFT;2;OK: Percent was 58.30 %
[1710924776] Auto-save of retention data completed successfully.
[1710925547] SERVICE ALERT: SRV_Soporte;CPU;WARNING;SOFT;1;WARNING: Percent was 63.93 %
[1710925668] SERVICE ALERT: SRV_Soporte;CPU;OK;SOFT;2;OK: Percent was 28.80 %
[1710926208] SERVICE ALERT: SRV_Soporte;CPU;WARNING;SOFT;1;WARNING: Percent was 65.15 %
[1710926329] SERVICE ALERT: SRV_Soporte;CPU;OK;SOFT;2;OK: Percent was 36.35 %
[1710928376] Auto-save of retention data completed successfully.
[1710928910] SERVICE ALERT: SRV_Soporte;CPU;WARNING;SOFT;1;WARNING: Percent was 61.38 %
[1710929030] SERVICE ALERT: SRV_Soporte;CPU;OK;SOFT;2;OK: Percent was 28.77 %
[1710930291] SERVICE ALERT: SRV_Soporte;CPU;WARNING;SOFT;1;WARNING: Percent was 62.88 %
[1710930412] SERVICE ALERT: SRV_Soporte;CPU;OK;SOFT;2;OK: Percent was 31.07 %
[1710931976] Auto-save of retention data completed successfully.
[1710932513] SERVICE ALERT: SRV_Soporte;CPU;WARNING;SOFT;1;WARNING: Percent was 62.90 %
[1710932634] SERVICE ALERT: SRV_Soporte;CPU;OK;SOFT;2;OK: Percent was 33.35 %
[1710932755] SERVICE ALERT: SRV_Soporte;CPU;WARNING;SOFT;1;WARNING: Percent was 60.62 %
[1710932875] SERVICE ALERT: SRV_Soporte;CPU;OK;SOFT;2;OK: Percent was 41.40 %
[1710933409] SERVICE ALERT: SRV01USER_cass.cl;Actualizacion;UNKNOWN;HARD;3;CHECK_NRPE: Receive header underflow - only 0 bytes received (4 expected).
[1710933494] SERVICE ALERT: SRV01USER_cass.cl;Actualizacion;CRITICAL;HARD;3;Updates: 2 critical, 0 optional
[1710935576] Auto-save of retention data completed successfully.
[1710938782] SERVICE ALERT: FW Cass Telsur;Ancho de Banda WAN;CRITICAL;SOFT;1;(No output on stdout) stderr:
[1710938786] SERVICE ALERT: FW Cass Telsur;Estado Puerto DMZ;WARNING;SOFT;1;WARNING: SNMP error: No response from remote host "201.220.96.34"
[1710938902] SERVICE ALERT: FW Cass Telsur;Ancho de Banda WAN;OK;SOFT;2;OK - Average IN: 331.61B (0.00%), Average OUT: 183.95B (0.00%)Total RX: 3208.62GBytes, Total TX: 2734.51GBytes
[1710938906] SERVICE ALERT: FW Cass Telsur;Estado Puerto DMZ;OK;SOFT;2;OK: Interface eth2 (index 4) is up.
[1710939010] SERVICE ALERT: FW Cass Telsur;Ancho de Banda DMZ;CRITICAL;SOFT;1;(No output on stdout) stderr:
[1710939130] SERVICE ALERT: FW Cass Telsur;Ancho de Banda DMZ;OK;SOFT;2;OK - Average IN: 15.20KB (0.01%), Average OUT: 10.59KB (0.01%)Total RX: 37.23GBytes, Total TX: 17.18GBytes
[1710939176] Auto-save of retention data completed successfully.
[1710939336] SERVICE ALERT: FW Cass Telsur;Estado Puerto DMZ;WARNING;SOFT;1;WARNING: SNMP error: No response from remote host "201.220.96.34"
[1710939356] SERVICE ALERT: SRV_Soporte;CPU;CRITICAL;SOFT;1;CRITICAL: Percent was 77.57 %
[1710939456] SERVICE ALERT: FW Cass Telsur;Estado Puerto DMZ;OK;SOFT;2;OK: Interface eth2 (index 4) is up.
[1710939477] SERVICE ALERT: SRV_Soporte;CPU;OK;SOFT;2;OK: Percent was 43.95 %
[1710940426] SERVICE ALERT: FW Cass Telsur;Estado Puerto DMZ;WARNING;SOFT;1;WARNING: SNMP error: No response from remote host "201.220.96.34"
[1710940546] SERVICE ALERT: FW Cass Telsur;Estado Puerto DMZ;OK;SOFT;2;OK: Interface eth2 (index 4) is up.
[1710940685] SERVICE ALERT: FW Cass Telsur;Ancho de Banda LAN;CRITICAL;SOFT;1;(No output on stdout) stderr:
[1710940815] SERVICE ALERT: FW Cass Telsur;Ancho de Banda LAN;CRITICAL;SOFT;2;(No output on stdout) stderr:
[1710940950] SERVICE ALERT: FW Cass Telsur;Ancho de Banda LAN;OK;SOFT;3;(No output on stdout) stderr:
[1710941000] SERVICE ALERT: FW Cass Telsur;Ancho de Banda DMZ;CRITICAL;SOFT;1;(No output on stdout) stderr:
[1710941012] SERVICE ALERT: FW Cass Telsur;Ancho de Banda WAN;CRITICAL;SOFT;1;(No output on stdout) stderr:
[1710941120] SERVICE ALERT: FW Cass Telsur;Ancho de Banda DMZ;OK;SOFT;2;OK - Average IN: 18.46KB (0.01%), Average OUT: 13.77KB (0.01%)Total RX: 37.28GBytes, Total TX: 17.22GBytes
[1710941132] SERVICE ALERT: FW Cass Telsur;Ancho de Banda WAN;OK;SOFT;2;OK - Average IN: 292.81B (0.00%), Average OUT: 90.44B (0.00%)Total RX: 3208.62GBytes, Total TX: 2734.51GBytes
[1710941730] SERVICE ALERT: FW Cass Telsur;Ancho de Banda DMZ;CRITICAL;SOFT;1;CRITICAL - IN bandwidth (210819931878.30%) too high
[1710941860] SERVICE ALERT: FW Cass Telsur;Ancho de Banda LAN;CRITICAL;SOFT;1;(No output on stdout) stderr:
[1710941860] SERVICE ALERT: FW Cass Telsur;Ancho de Banda DMZ;CRITICAL;SOFT;2;(No output on stdout) stderr:
[1710941888] SERVICE ALERT: FW Cass Telsur;Estado Puerto LAN;WARNING;SOFT;1;WARNING: SNMP error: No response from remote host "201.220.96.34"
[1710941991] SERVICE ALERT: FW Cass Telsur;Ancho de Banda DMZ;CRITICAL;HARD;3;(No output on stdout) stderr:
[1710941995] SERVICE ALERT: FW Cass Telsur;Ancho de Banda LAN;OK;SOFT;2;(No output on stdout) stderr:
[1710942008] SERVICE ALERT: FW Cass Telsur;Estado Puerto LAN;OK;SOFT;2;OK: Interface eth0 (index 2) is up.
[1710942066] SERVICE ALERT: FW Cass Telsur;Ancho de Banda DMZ;OK;HARD;1;(No output on stdout) stderr:
[1710942498] SERVICE ALERT: FW Cass Telsur;Estado Puerto LAN;WARNING;SOFT;1;WARNING: SNMP error: No response from remote host "201.220.96.34"
[1710942618] SERVICE ALERT: FW Cass Telsur;Estado Puerto LAN;OK;SOFT;2;OK: Interface eth0 (index 2) is up.
[1710942657] SERVICE ALERT: SRV_Soporte;CPU;WARNING;SOFT;1;WARNING: Percent was 69.67 %
[1710942680] SERVICE ALERT: FW Cass Telsur;Tiempo Activo;CRITICAL;SOFT;1;CRITICAL - Plugin timed out while executing system call
[1710942776] Auto-save of retention data completed successfully.
[1710942778] SERVICE ALERT: SRV_Soporte;CPU;OK;SOFT;2;OK: Percent was 39.40 %
[1710942800] SERVICE ALERT: FW Cass Telsur;Tiempo Activo;OK;SOFT;2;SNMP OK - Timeticks: (64702896) 7 days, 11:43:48.96
[1710943325] SERVICE ALERT: FW Cass Telsur;Ancho de Banda LAN;CRITICAL;SOFT;1;(No output on stdout) stderr:
[1710943376] SERVICE ALERT: FW Cass Telsur;Estado Puerto DMZ;WARNING;SOFT;1;WARNING: SNMP error: No response from remote host "201.220.96.34"
[1710943455] SERVICE ALERT: FW Cass Telsur;Ancho de Banda LAN;CRITICAL;SOFT;2;(No output on stdout) stderr:
[1710943496] SERVICE ALERT: FW Cass Telsur;Estado Puerto DMZ;OK;SOFT;2;OK: Interface eth2 (index 4) is up.
[1710943585] SERVICE ALERT: FW Cass Telsur;Ancho de Banda LAN;OK;SOFT;3;OK - Average IN: 86.32KB (0.07%), Average OUT: 548.44KB (0.44%)Total RX: 274.18GBytes, Total TX: 426.15GBytes
[1710943666] SERVICE ALERT: FW Cass Telsur;Estado Puerto WAN;WARNING;SOFT;1;WARNING: SNMP error: No response from remote host "201.220.96.34"
[1710943678] SERVICE ALERT: SRV_Soporte;CPU;WARNING;SOFT;1;WARNING: Percent was 68.17 %
[1710943786] SERVICE ALERT: FW Cass Telsur;Estado Puerto WAN;OK;SOFT;2;OK: Interface eth1 (index 3) is up.
[1710943799] SERVICE ALERT: SRV_Soporte;CPU;OK;SOFT;2;OK: Percent was 34.08 %
[1710943962] SERVICE ALERT: FW Cass Telsur;Ancho de Banda WAN;CRITICAL;SOFT;1;(No output on stdout) stderr:
[1710944087] SERVICE ALERT: FW Cass Telsur;Ancho de Banda WAN;OK;SOFT;2;OK - Average IN: 234.41B (0.00%), Average OUT: 87.38B (0.00%)Total RX: 3208.62GBytes, Total TX: 2734.51GBytes
[1710944460] SERVICE ALERT: SRV_Soporte;CPU;WARNING;SOFT;1;WARNING: Percent was 62.47 %
[1710944581] SERVICE ALERT: SRV_Soporte;CPU;OK;SOFT;2;OK: Percent was 34.12 %
[1710944608] SERVICE ALERT: FW Cass Telsur;Estado Puerto LAN;WARNING;SOFT;1;WARNING: SNMP error: No response from remote host "201.220.96.34"
[1710944636] SERVICE ALERT: FW Cass Telsur;Estado Puerto WAN;WARNING;SOFT;1;WARNING: SNMP error: No response from remote host "201.220.96.34"
[1710944698] SERVICE ALERT: FW Cass Telsur;Ancho de Banda WAN;CRITICAL;SOFT;1;(No output on stdout) stderr:
[1710944701] SERVICE ALERT: FW Cass Telsur;Ancho de Banda DMZ;CRITICAL;SOFT;1;(No output on stdout) stderr:
[1710944733] SERVICE ALERT: FW Cass Telsur;Estado Puerto LAN;OK;SOFT;2;OK: Interface eth0 (index 2) is up.
[1710944756] SERVICE ALERT: FW Cass Telsur;Estado Puerto WAN;OK;SOFT;2;OK: Interface eth1 (index 3) is up.
[1710944831] SERVICE ALERT: FW Cass Telsur;Ancho de Banda DMZ;OK;SOFT;2;OK - Average IN: 38.58KB (0.03%), Average OUT: 18.63KB (0.01%)Total RX: 37.37GBytes, Total TX: 17.27GBytes
[1710944833] SERVICE ALERT: FW Cass Telsur;Ancho de Banda WAN;OK;SOFT;2;(No output on stdout) stderr:
[1710944886] SERVICE ALERT: FW Cass Telsur;Estado Puerto WAN;WARNING;SOFT;1;WARNING: SNMP error: No response from remote host "201.220.96.34"
[1710945017] SERVICE ALERT: FW Cass Telsur;Estado Puerto WAN;WARNING;SOFT;2;WARNING: SNMP error: No response from remote host "201.220.96.34"
[1710945023] SERVICE ALERT: FW Cass Telsur;Ancho de Banda WAN;UNKNOWN;SOFT;1;UNKNOWN: Improper interface status, status received: DNE - No response from remote host "201.220.96.34"
[1710945035] SERVICE ALERT: FW Cass Telsur;Ancho de Banda LAN;CRITICAL;SOFT;1;(No output on stdout) stderr:
[1710945142] SERVICE ALERT: FW Cass Telsur;Estado Puerto WAN;OK;SOFT;3;OK: Interface eth1 (index 3) is up.
[1710945158] SERVICE ALERT: FW Cass Telsur;Ancho de Banda WAN;OK;SOFT;2;(No output on stdout) stderr:
[1710945160] SERVICE ALERT: FW Cass Telsur;Ancho de Banda LAN;OK;SOFT;2;OK - Average IN: 137.36KB (0.11%), Average OUT: 779.76KB (0.62%)Total RX: 274.35GBytes, Total TX: 428.54GBytes
[1710945261] SERVICE ALERT: FW Cass Telsur;Ancho de Banda DMZ;CRITICAL;SOFT;1;(No output on stdout) stderr:
[1710945283] SERVICE ALERT: FW Cass Telsur;Estado Puerto LAN;WARNING;SOFT;1;WARNING: SNMP error: No response from remote host "201.220.96.34"
[1710945288] SERVICE ALERT: FW Cass Telsur;Ancho de Banda WAN;CRITICAL;SOFT;1;(No output on stdout) stderr:
[1710945361] SERVICE ALERT: SRV_Soporte;CPU;CRITICAL;SOFT;1;CRITICAL: Percent was 82.58 %
[1710945396] SERVICE ALERT: FW Cass Telsur;Ancho de Banda DMZ;OK;SOFT;2;(No output on stdout) stderr:
[1710945403] SERVICE ALERT: FW Cass Telsur;Estado Puerto LAN;OK;SOFT;2;OK: Interface eth0 (index 2) is up.
[1710945423] SERVICE ALERT: FW Cass Telsur;Ancho de Banda WAN;OK;SOFT;2;(No output on stdout) stderr:
[1710945482] SERVICE ALERT: SRV_Soporte;CPU;OK;SOFT;2;OK: Percent was 34.88 %
[1710945673] SERVICE ALERT: FW Cass Telsur;Ancho de Banda WAN;CRITICAL;SOFT;1;(No output on stdout) stderr:
[1710945710] SERVICE ALERT: FW Cass Telsur;Ancho de Banda LAN;CRITICAL;SOFT;1;(No output on stdout) stderr:
[1710945783] SERVICE ALERT: SRV_Soporte;CPU;CRITICAL;SOFT;1;CRITICAL: Percent was 81.05 %
[1710945798] SERVICE ALERT: FW Cass Telsur;Ancho de Banda WAN;OK;SOFT;2;OK - Average IN: 908.36B (0.00%), Average OUT: 276.03B (0.00%)Total RX: 3208.62GBytes, Total TX: 2734.51GBytes
[1710945835] SERVICE ALERT: FW Cass Telsur;Ancho de Banda LAN;OK;SOFT;2;OK - Average IN: 227.29KB (0.18%), Average OUT: 896.55KB (0.72%)Total RX: 274.46GBytes, Total TX: 429.22GBytes
[1710945904] SERVICE ALERT: SRV_Soporte;CPU;OK;SOFT;2;OK: Percent was 36.38 %
[1710946109] SERVICE ALERT: FW Cass Telsur;Ancho de Banda WAN;UNKNOWN;SOFT;1;UNKNOWN: Improper interface status, status received: DNE - No response from remote host "201.220.96.34"
[1710946145] SERVICE ALERT: SRV_Soporte;CPU;WARNING;SOFT;1;WARNING: Percent was 67.42 %
[1710946239] SERVICE ALERT: FW Cass Telsur;Ancho de Banda WAN;OK;SOFT;2;OK - Average IN: 298.33B (0.00%), Average OUT: 102.69B (0.00%)Total RX: 3208.62GBytes, Total TX: 2734.51GBytes
[1710946265] SERVICE ALERT: SRV_Soporte;CPU;OK;SOFT;2;OK: Percent was 32.58 %
[1710946376] Auto-save of retention data completed successfully.
[1710946787] SERVICE ALERT: FW Cass Telsur;Ancho de Banda DMZ;CRITICAL;SOFT;1;(No output on stdout) stderr:
[1710946849] SERVICE ALERT: FW Cass Telsur;Ancho de Banda WAN;CRITICAL;SOFT;1;(No output on stdout) stderr:
[1710946907] SERVICE ALERT: FW Cass Telsur;Ancho de Banda DMZ;OK;SOFT;2;OK - Average IN: 52.63KB (0.04%), Average OUT: 17.95KB (0.01%)Total RX: 37.44GBytes, Total TX: 17.30GBytes
[1710946984] SERVICE ALERT: FW Cass Telsur;Ancho de Banda WAN;OK;SOFT;2;(No output on stdout) stderr:
[1710947345] SERVICE ALERT: FW Cass Telsur;Ancho de Banda LAN;UNKNOWN;SOFT;1;UNKNOWN: Improper interface status, status received: DNE - No response from remote host "201.220.96.34"
[1710947346] SERVICE ALERT: FW Cass Telsur;Estado Puerto DMZ;WARNING;SOFT;1;WARNING: SNMP error: No response from remote host "201.220.96.34"
[1710947346] SERVICE ALERT: SRV_Soporte;CPU;CRITICAL;SOFT;1;CRITICAL: Percent was 72.73 %
[1710947432] SERVICE ALERT: FW Cass Telsur;Estado Puerto WAN;WARNING;SOFT;1;WARNING: SNMP error: No response from remote host "201.220.96.34"
[1710947466] SERVICE ALERT: SRV_Soporte;CPU;OK;SOFT;2;OK: Percent was 26.52 %
[1710947476] SERVICE ALERT: FW Cass Telsur;Estado Puerto DMZ;WARNING;SOFT;2;WARNING: SNMP error: No response from remote host "201.220.96.34"
[1710947480] SERVICE ALERT: FW Cass Telsur;Ancho de Banda LAN;OK;SOFT;2;(No output on stdout) stderr:
[1710947534] SERVICE ALERT: FW Cass Telsur;Ancho de Banda WAN;CRITICAL;SOFT;1;(No output on stdout) stderr:
[1710947557] SERVICE ALERT: FW Cass Telsur;Estado Puerto WAN;OK;SOFT;2;OK: Interface eth1 (index 3) is up.
[1710947601] SERVICE ALERT: FW Cass Telsur;Estado Puerto DMZ;OK;SOFT;3;OK: Interface eth2 (index 4) is up.
[1710947670] SERVICE ALERT: FW Cass Telsur;Ancho de Banda WAN;OK;SOFT;2;(No output on stdout) stderr:
[1710947920] SERVICE ALERT: FW Cass Telsur;Ancho de Banda WAN;CRITICAL;SOFT;1;(No output on stdout) stderr:
[1710947933] SERVICE ALERT: FW Cass Telsur;Estado Puerto LAN;WARNING;SOFT;1;WARNING: SNMP error: No response from remote host "201.220.96.34"
[1710948050] SERVICE ALERT: FW Cass Telsur;Ancho de Banda WAN;OK;SOFT;2;OK - Average IN: 180.60B (0.00%), Average OUT: 86.09B (0.00%)Total RX: 3208.62GBytes, Total TX: 2734.51GBytes
[1710948053] SERVICE ALERT: FW Cass Telsur;Estado Puerto LAN;OK;SOFT;2;OK: Interface eth0 (index 2) is up.
[1710948357] SERVICE ALERT: FW Cass Telsur;Ancho de Banda DMZ;CRITICAL;SOFT;1;(No output on stdout) stderr:
[1710948492] SERVICE ALERT: FW Cass Telsur;Ancho de Banda DMZ;OK;SOFT;2;(No output on stdout) stderr:
[1710948540] SERVICE ALERT: FW Cass Telsur;Ancho de Banda WAN;CRITICAL;SOFT;1;(No output on stdout) stderr:
[1710948547] SERVICE ALERT: SRV_Soporte;CPU;CRITICAL;SOFT;1;CRITICAL: Percent was 71.97 %
[1710948570] SERVICE ALERT: FW Cass Telsur;Ancho de Banda LAN;CRITICAL;SOFT;1;(No output on stdout) stderr:
[1710948668] SERVICE ALERT: SRV_Soporte;CPU;OK;SOFT;2;OK: Percent was 34.08 %
[1710948670] SERVICE ALERT: FW Cass Telsur;Ancho de Banda WAN;OK;SOFT;2;OK - Average IN: 294.11B (0.00%), Average OUT: 98.35B (0.00%)Total RX: 3208.62GBytes, Total TX: 2734.51GBytes
[1710948691] SERVICE ALERT: FW Cass Telsur;Ancho de Banda LAN;OK;SOFT;2;OK - Average IN: 89.49KB (0.07%), Average OUT: 468.35KB (0.37%)Total RX: 274.75GBytes, Total TX: 432.03GBytes
[1710948827] SERVICE ALERT: FW Cass Telsur;Estado Puerto WAN;WARNING;SOFT;1;WARNING: SNMP error: No response from remote host "201.220.96.34"
[1710948861] SERVICE ALERT: FW Cass Telsur;Ancho de Banda WAN;CRITICAL;SOFT;1;(No output on stdout) stderr:
[1710948881] SERVICE ALERT: FW Cass Telsur;Ancho de Banda LAN;CRITICAL;SOFT;1;(No output on stdout) stderr:
[1710948944] SERVICE ALERT: SRV_SOS2021.cass.cl;Actualizacion;CRITICAL;SOFT;1;CHECK_NRPE STATE CRITICAL: Socket timeout after 30 seconds.
[1710948957] SERVICE ALERT: FW Cass Telsur;Estado Puerto WAN;WARNING;SOFT;2;WARNING: SNMP error: No response from remote host "201.220.96.34"
[1710948996] SERVICE ALERT: FW Cass Telsur;Ancho de Banda WAN;OK;SOFT;2;(No output on stdout) stderr:
[1710949016] SERVICE ALERT: FW Cass Telsur;Ancho de Banda LAN;OK;SOFT;2;(No output on stdout) stderr:
[1710949077] SERVICE ALERT: SRV_SOS2021.cass.cl;Actualizacion;OK;SOFT;2;Updates OK : no updates available
[1710949077] SERVICE ALERT: FW Cass Telsur;Estado Puerto WAN;OK;SOFT;3;OK: Interface eth1 (index 3) is up.
[1710949201] SERVICE ALERT: SRV_SOS2021.cass.cl;Actualizacion;UNKNOWN;SOFT;1;CHECK_NRPE: Receive header underflow - only 0 bytes received (4 expected).
[1710949327] SERVICE ALERT: FW Cass Telsur;Ancho de Banda LAN;CRITICAL;SOFT;1;(No output on stdout) stderr:
[1710949334] SERVICE ALERT: SRV_SOS2021.cass.cl;Actualizacion;OK;SOFT;2;Updates OK : no updates available
[1710949387] SERVICE ALERT: FW Cass Telsur;Estado Puerto WAN;WARNING;SOFT;1;WARNING: SNMP error: No response from remote host "201.220.96.34"
[1710949462] SERVICE ALERT: FW Cass Telsur;Ancho de Banda LAN;OK;SOFT;2;(No output on stdout) stderr:
[1710949512] SERVICE ALERT: FW Cass Telsur;Estado Puerto WAN;OK;SOFT;2;OK: Interface eth1 (index 3) is up.
[1710949564] SERVICE ALERT: FW Cass Telsur;Estado Puerto LAN;WARNING;SOFT;1;WARNING: SNMP error: No response from remote host "201.220.96.34"
[1710949583] SERVICE ALERT: FW Cass Telsur;Ancho de Banda DMZ;CRITICAL;SOFT;1;(No output on stdout) stderr:
[1710949604] SERVICE ALERT: SRV_email.cass.cl;Actualizacion;CRITICAL;SOFT;1;CHECK_NRPE STATE CRITICAL: Socket timeout after 30 seconds.
[1710949651] SERVICE ALERT: FW Cass Telsur;Estado Puerto DMZ;WARNING;SOFT;1;WARNING: SNMP error: No response from remote host "201.220.96.34"
[1710949684] SERVICE ALERT: FW Cass Telsur;Estado Puerto LAN;OK;SOFT;2;OK: Interface eth0 (index 2) is up.
[1710949702] SERVICE ALERT: FW Cass Telsur;Estado Puerto WAN;WARNING;SOFT;1;WARNING: SNMP error: No response from remote host "201.220.96.34"
[1710949718] SERVICE ALERT: FW Cass Telsur;Ancho de Banda DMZ;OK;SOFT;2;(No output on stdout) stderr:
[1710949737] SERVICE ALERT: SRV_email.cass.cl;Actualizacion;OK;SOFT;2;Updates OK : no updates available
[1710949781] SERVICE ALERT: FW Cass Telsur;Estado Puerto DMZ;WARNING;SOFT;2;WARNING: SNMP error: No response from remote host "201.220.96.34"
[1710949822] SERVICE ALERT: FW Cass Telsur;Estado Puerto WAN;OK;SOFT;2;OK: Interface eth1 (index 3) is up.
[1710949846] SERVICE ALERT: FW Cass Telsur;Ancho de Banda WAN;CRITICAL;SOFT;1;(No output on stdout) stderr:
[1710949893] SERVICE ALERT: FW Cass Telsur;Ancho de Banda LAN;CRITICAL;SOFT;1;(No output on stdout) stderr:
[1710949901] SERVICE ALERT: FW Cass Telsur;Estado Puerto DMZ;OK;SOFT;3;OK: Interface eth2 (index 4) is up.
[1710949908] SERVICE ALERT: FW Cass Telsur;Ancho de Banda DMZ;CRITICAL;SOFT;1;(No output on stdout) stderr:
[1710949967] SERVICE ALERT: FW Cass Telsur;Ancho de Banda WAN;OK;SOFT;2;OK - Average IN: 311.92B (0.00%), Average OUT: 119.28B (0.00%)Total RX: 3208.62GBytes, Total TX: 2734.51GBytes
[1710949976] Auto-save of retention data completed successfully.
[1710950013] SERVICE ALERT: FW Cass Telsur;Ancho de Banda LAN;OK;SOFT;2;OK - Average IN: 81.80KB (0.07%), Average OUT: 562.60KB (0.45%)Total RX: 274.86GBytes, Total TX: 432.75GBytes
[1710950028] SERVICE ALERT: FW Cass Telsur;Ancho de Banda DMZ;OK;SOFT;2;OK - Average IN: 24.30KB (0.02%), Average OUT: 16.05KB (0.01%)Total RX: 37.54GBytes, Total TX: 17.35GBytes
[1710950114] SERVICE ALERT: FW Cass Telsur;Estado Puerto LAN;WARNING;SOFT;1;WARNING: SNMP error: No response from remote host "201.220.96.34"
[1710950235] SERVICE ALERT: FW Cass Telsur;Estado Puerto LAN;OK;SOFT;2;OK: Interface eth0 (index 2) is up.
[1710950401] SERVICE ALERT: SRV_email.cass.cl;Actualizacion;UNKNOWN;SOFT;1;CHECK_NRPE: Receive header underflow - only 0 bytes received (4 expected).
[1710950535] SERVICE ALERT: SRV_email.cass.cl;Actualizacion;OK;SOFT;2;Updates OK : no updates available
[1710950612] SERVICE ALERT: FW Cass Telsur;Estado Puerto WAN;WARNING;SOFT;1;WARNING: SNMP error: No response from remote host "201.220.96.34"
[1710950732] SERVICE ALERT: FW Cass Telsur;Estado Puerto WAN;OK;SOFT;2;OK: Interface eth1 (index 3) is up.
[1710950878] SERVICE ALERT: FW Cass Telsur;Ancho de Banda WAN;CRITICAL;SOFT;1;(No output on stdout) stderr:
[1710950982] SERVICE ALERT: FW Cass Telsur;Estado Puerto WAN;WARNING;SOFT;1;WARNING: SNMP error: No response from remote host "201.220.96.34"
[1710950991] SERVICE ALERT: FW Cass Telsur;Estado Puerto DMZ;WARNING;SOFT;1;WARNING: SNMP error: No response from remote host "201.220.96.34"
[1710950998] SERVICE ALERT: FW Cass Telsur;Ancho de Banda DMZ;CRITICAL;SOFT;1;(No output on stdout) stderr:
[1710951013] SERVICE ALERT: FW Cass Telsur;Ancho de Banda WAN;OK;SOFT;2;(No output on stdout) stderr:
[1710951085] SERVICE ALERT: FW Cass Telsur;Estado Puerto LAN;WARNING;SOFT;1;WARNING: SNMP error: No response from remote host "201.220.96.34"
[1710951102] SERVICE ALERT: FW Cass Telsur;Estado Puerto WAN;OK;SOFT;2;OK: Interface eth1 (index 3) is up.
[1710951116] SERVICE ALERT: FW Cass Telsur;Estado Puerto DMZ;OK;SOFT;2;OK: Interface eth2 (index 4) is up.
[1710951133] SERVICE ALERT: FW Cass Telsur;Ancho de Banda DMZ;OK;SOFT;2;(No output on stdout) stderr:
[1710951163] SERVICE ALERT: FW Cass Telsur;Ancho de Banda LAN;CRITICAL;SOFT;1;(No output on stdout) stderr:
[1710951210] SERVICE ALERT: FW Cass Telsur;Estado Puerto LAN;OK;SOFT;2;OK: Interface eth0 (index 2) is up.
[1710951263] SERVICE ALERT: FW Cass Telsur;Ancho de Banda WAN;CRITICAL;SOFT;1;(No output on stdout) stderr:
[1710951284] SERVICE ALERT: FW Cass Telsur;Ancho de Banda LAN;OK;SOFT;2;OK - Average IN: 57.94KB (0.05%), Average OUT: 439.23KB (0.35%)Total RX: 275.54GBytes, Total TX: 433.25GBytes
[1710951398] SERVICE ALERT: FW Cass Telsur;Ancho de Banda WAN;OK;SOFT;2;(No output on stdout) stderr:
[1710951414] SERVICE ALERT: FW Cass Telsur;Ancho de Banda LAN;CRITICAL;SOFT;1;(No output on stdout) stderr:
[1710951461] SERVICE ALERT: FW Cass Telsur;Estado Puerto LAN;WARNING;SOFT;1;WARNING: SNMP error: No response from remote host "201.220.96.34"
[1710951549] SERVICE ALERT: FW Cass Telsur;Ancho de Banda LAN;OK;SOFT;2;(No output on stdout) stderr:
[1710951581] SERVICE ALERT: FW Cass Telsur;Estado Puerto LAN;OK;SOFT;2;OK: Interface eth0 (index 2) is up.
[1710951666] SERVICE ALERT: FW Cass Telsur;Estado Puerto DMZ;WARNING;SOFT;1;WARNING: SNMP error: No response from remote host "201.220.96.34"
[1710951739] SERVICE ALERT: FW Cass Telsur;Ancho de Banda LAN;CRITICAL;SOFT;1;(No output on stdout) stderr:
[1710951786] SERVICE ALERT: FW Cass Telsur;Estado Puerto DMZ;OK;SOFT;2;OK: Interface eth2 (index 4) is up.
[1710951874] SERVICE ALERT: FW Cass Telsur;Ancho de Banda LAN;OK;SOFT;2;(No output on stdout) stderr:
[1710951888] SERVICE ALERT: FW Cass Telsur;Ancho de Banda WAN;CRITICAL;SOFT;1;(No output on stdout) stderr:
[1710951952] SERVICE ALERT: FW Cass Telsur;Estado Puerto WAN;WARNING;SOFT;1;WARNING: SNMP error: No response from remote host "201.220.96.34"
[1710952023] SERVICE ALERT: FW Cass Telsur;Ancho de Banda WAN;OK;SOFT;2;(No output on stdout) stderr:
[1710952077] SERVICE ALERT: FW Cass Telsur;Estado Puerto WAN;OK;SOFT;2;OK: Interface eth1 (index 3) is up.
[1710952149] SERVICE ALERT: SRV_Soporte;CPU;WARNING;SOFT;1;WARNING: Percent was 63.62 %
[1710952270] SERVICE ALERT: SRV_Soporte;CPU;OK;SOFT;2;OK: Percent was 35.62 %
[1710952283] SERVICE ALERT: FW Cass Telsur;Ancho de Banda DMZ;CRITICAL;SOFT;1;(No output on stdout) stderr:
[1710952403] SERVICE ALERT: FW Cass Telsur;Ancho de Banda DMZ;OK;SOFT;2;OK - Average IN: 18.66KB (0.01%), Average OUT: 9.67KB (0.01%)Total RX: 37.59GBytes, Total TX: 17.39GBytes
[1710953351] SERVICE ALERT: SRV_Soporte;CPU;WARNING;SOFT;1;WARNING: Percent was 60.88 %
[1710953472] SERVICE ALERT: SRV_Soporte;CPU;OK;SOFT;2;OK: Percent was 53.80 %
[1710953576] Auto-save of retention data completed successfully.
[1710954313] SERVICE ALERT: SRV_Soporte;CPU;WARNING;SOFT;1;WARNING: Percent was 67.43 %
[1710954434] SERVICE ALERT: SRV_Soporte;CPU;OK;SOFT;2;OK: Percent was 29.52 %
[1710955875] SERVICE ALERT: SRV_Soporte;CPU;WARNING;SOFT;1;WARNING: Percent was 60.62 %
[1710955996] SERVICE ALERT: SRV_Soporte;CPU;OK;SOFT;2;OK: Percent was 40.15 %
[1710957045] SERVICE ALERT: FW Cass Telsur;Ancho de Banda LAN;CRITICAL;SOFT;1;(No output on stdout) stderr:
[1710957171] SERVICE ALERT: FW Cass Telsur;Ancho de Banda LAN;OK;SOFT;2;OK - Average IN: 49.13KB (0.04%), Average OUT: 495.66KB (0.40%)Total RX: 275.87GBytes, Total TX: 437.73GBytes
[1710957176] Auto-save of retention data completed successfully.
[1710959176] SERVICE ALERT: SRV_chat.cass.cl;Actualizacion;UNKNOWN;SOFT;1;Updates UNKNOWN : UNKNOWN: Error message: Failed to connect to download.opensuse.org port 80: No route to host
[1710959177] SERVICE ALERT: SRV_Cfiler.cass.cl;Actualizacion;UNKNOWN;SOFT;1;Updates UNKNOWN : UNKNOWN: Error message: Failed to connect to download.opensuse.org port 80: No route to host
[1710959309] SERVICE ALERT: SRV_chat.cass.cl;Actualizacion;OK;SOFT;2;Updates OK : no updates available
[1710959310] SERVICE ALERT: SRV_Cfiler.cass.cl;Actualizacion;OK;SOFT;2;Updates OK : no updates available
[1710960256] SERVICE ALERT: FW Cass Telsur;Estado Puerto DMZ;WARNING;SOFT;1;WARNING: SNMP error: No response from remote host "201.220.96.34"
[1710960359] SERVICE ALERT: SRV_chat.cass.cl;Actualizacion;CRITICAL;SOFT;1;CHECK_NRPE STATE CRITICAL: Socket timeout after 30 seconds.
[1710960373] SERVICE ALERT: FW Cass Telsur;Ancho de Banda WAN;CRITICAL;SOFT;1;(No output on stdout) stderr:
[1710960377] SERVICE ALERT: FW Cass Telsur;Estado Puerto DMZ;OK;SOFT;2;OK: Interface eth2 (index 4) is up.
[1710960453] SERVICE ALERT: FW Cass Telsur;Ancho de Banda DMZ;CRITICAL;SOFT;1;(No output on stdout) stderr:
[1710960481] SERVICE ALERT: FW Cass Telsur;Ancho de Banda LAN;CRITICAL;SOFT;1;(No output on stdout) stderr:
[1710960493] SERVICE ALERT: SRV_chat.cass.cl;Actualizacion;OK;SOFT;2;Updates OK : no updates available
[1710960503] SERVICE ALERT: FW Cass Telsur;Ancho de Banda WAN;OK;SOFT;2;OK - Average IN: 318.56B (0.00%), Average OUT: 149.35B (0.00%)Total RX: 3211.04GBytes, Total TX: 2739.02GBytes
[1710960579] SERVICE ALERT: FW Cass Telsur;Ancho de Banda DMZ;OK;SOFT;2;OK - Average IN: 100.00KB (0.08%), Average OUT: 142.00KB (0.11%)Total RX: 37.79GBytes, Total TX: 17.54GBytes
[1710960612] SERVICE ALERT: FW Cass Telsur;Ancho de Banda LAN;CRITICAL;SOFT;2;(No output on stdout) stderr:
[1710960742] SERVICE ALERT: FW Cass Telsur;Ancho de Banda LAN;CRITICAL;HARD;3;(No output on stdout) stderr:
[1710960753] SERVICE ALERT: FW Cass Telsur;Ancho de Banda WAN;CRITICAL;SOFT;1;(No output on stdout) stderr:
[1710960776] Auto-save of retention data completed successfully.
[1710960787] SERVICE ALERT: FW Cass Telsur;Estado Puerto WAN;WARNING;SOFT;1;WARNING: SNMP error: No response from remote host "201.220.96.34"
[1710960802] SERVICE ALERT: FW Cass Telsur;Ancho de Banda LAN;OK;HARD;1;OK - Average IN: 112.27KB (0.09%), Average OUT: 983.56KB (0.79%)Total RX: 276.19GBytes, Total TX: 440.68GBytes
[1710960883] SERVICE ALERT: FW Cass Telsur;Ancho de Banda WAN;CRITICAL;SOFT;2;(No output on stdout) stderr:
[1710960907] SERVICE ALERT: FW Cass Telsur;Estado Puerto WAN;OK;SOFT;2;OK: Interface eth1 (index 3) is up.
[1710961010] SERVICE ALERT: FW Cass Telsur;Ancho de Banda DMZ;CRITICAL;SOFT;1;(No output on stdout) stderr:
[1710961013] SERVICE ALERT: FW Cass Telsur;Ancho de Banda WAN;OK;SOFT;3;OK - Average IN: 246.45B (0.00%), Average OUT: 82.54B (0.00%)Total RX: 3211.04GBytes, Total TX: 2739.02GBytes
[1710961130] SERVICE ALERT: FW Cass Telsur;Ancho de Banda DMZ;OK;SOFT;2;OK - Average IN: 138.05KB (0.11%), Average OUT: 44.17KB (0.04%)Total RX: 37.83GBytes, Total TX: 17.61GBytes
[1710961647] SERVICE ALERT: FW Cass Telsur;Estado Puerto DMZ;WARNING;SOFT;1;WARNING: SNMP error: No response from remote host "201.220.96.34"
[1710961767] SERVICE ALERT: FW Cass Telsur;Estado Puerto DMZ;OK;SOFT;2;OK: Interface eth2 (index 4) is up.
[1710963121] SERVICE ALERT: FW Cass Telsur;Ancho de Banda DMZ;CRITICAL;SOFT;1;(No output on stdout) stderr:
[1710963241] SERVICE ALERT: FW Cass Telsur;Ancho de Banda DMZ;OK;SOFT;2;OK - Average IN: 54.52KB (0.04%), Average OUT: 11.25KB (0.01%)Total RX: 37.91GBytes, Total TX: 17.65GBytes
[1710964376] Auto-save of retention data completed successfully.
[1710964697] SERVICE ALERT: SRV_Soporte;CPU;WARNING;SOFT;1;WARNING: Percent was 62.90 %
[1710964817] SERVICE ALERT: SRV_Soporte;CPU;CRITICAL;SOFT;2;CRITICAL: Percent was 79.55 %
[1710964938] SERVICE ALERT: SRV_Soporte;CPU;OK;SOFT;3;OK: Percent was 39.40 %
[1710965211] SERVICE ALERT: FW Cass Telsur;Estado Puerto LAN;WARNING;SOFT;1;WARNING: SNMP error: No response from remote host "201.220.96.34"
[1710965312] SERVICE ALERT: FW Cass Telsur;Ancho de Banda LAN;CRITICAL;SOFT;1;(No output on stdout) stderr:
[1710965331] SERVICE ALERT: FW Cass Telsur;Estado Puerto LAN;OK;SOFT;2;OK: Interface eth0 (index 2) is up.
[1710965433] SERVICE ALERT: FW Cass Telsur;Ancho de Banda LAN;OK;SOFT;2;OK - Average IN: 105.77KB (0.08%), Average OUT: 726.84KB (0.58%)Total RX: 277.48GBytes, Total TX: 446.93GBytes
[1710966379] SERVICE ALERT: SRV_Soporte;CPU;CRITICAL;SOFT;1;CRITICAL: Percent was 71.97 %
[1710966499] SERVICE ALERT: SRV_Soporte;CPU;OK;SOFT;2;OK: Percent was 40.42 %
[1710966850] SERVICE ALERT: FW Cass Telsur;Ancho de Banda DMZ;CRITICAL;SOFT;1;(No output on stdout) stderr:
[1710966970] SERVICE ALERT: FW Cass Telsur;Ancho de Banda DMZ;OK;SOFT;2;OK - Average IN: 15.40KB (0.01%), Average OUT: 9.98KB (0.01%)Total RX: 37.98GBytes, Total TX: 17.70GBytes
[1710967357] SERVICE ALERT: FW Cass Telsur;Estado Puerto DMZ;WARNING;SOFT;1;WARNING: SNMP error: No response from remote host "201.220.96.34"
[1710967363] SERVICE ALERT: FW Cass Telsur;Ancho de Banda LAN;CRITICAL;SOFT;1;(No output on stdout) stderr:
[1710967477] SERVICE ALERT: FW Cass Telsur;Estado Puerto DMZ;OK;SOFT;2;OK: Interface eth2 (index 4) is up.
[1710967483] SERVICE ALERT: FW Cass Telsur;Ancho de Banda LAN;OK;SOFT;2;OK - Average IN: 84.51KB (0.07%), Average OUT: 766.00KB (0.61%)Total RX: 277.75GBytes, Total TX: 448.24GBytes
[1710967699] SERVICE ALERT: SRV_Soporte;CPU;WARNING;SOFT;1;WARNING: Percent was 61.35 %
[1710967700] SERVICE ALERT: FW Cass Telsur;Ancho de Banda DMZ;CRITICAL;SOFT;1;(No output on stdout) stderr:
[1710967820] SERVICE ALERT: SRV_Soporte;CPU;OK;SOFT;2;OK: Percent was 40.90 %
[1710967821] SERVICE ALERT: FW Cass Telsur;Ancho de Banda DMZ;OK;SOFT;2;OK - Average IN: 11.52KB (0.01%), Average OUT: 12.07KB (0.01%)Total RX: 37.99GBytes, Total TX: 17.71GBytes
[1710967976] Auto-save of retention data completed successfully.
[1710968402] SERVICE ALERT: FW Cass Telsur;Estado Puerto LAN;WARNING;SOFT;1;WARNING: SNMP error: No response from remote host "201.220.96.34"
[1710968522] SERVICE ALERT: FW Cass Telsur;Estado Puerto LAN;OK;SOFT;2;OK: Interface eth0 (index 2) is up.
[1710968660] SERVICE ALERT: SRV_Soporte;CPU;WARNING;SOFT;1;WARNING: Percent was 68.20 %
[1710968781] SERVICE ALERT: SRV_Soporte;CPU;OK;SOFT;2;OK: Percent was 37.90 %
[1710969241] SERVICE ALERT: SRV_Cfiler.cass.cl;Actualizacion;CRITICAL;SOFT;1;CHECK_NRPE STATE CRITICAL: Socket timeout after 30 seconds.
[1710969262] SERVICE ALERT: SRV_Soporte;CPU;CRITICAL;SOFT;1;CRITICAL: Percent was 71.23 %
[1710969374] SERVICE ALERT: SRV_Cfiler.cass.cl;Actualizacion;OK;SOFT;2;Updates OK : no updates available
[1710969382] SERVICE ALERT: SRV_Soporte;CPU;OK;SOFT;2;OK: Percent was 1.50 %
[1710971576] Auto-save of retention data completed successfully.
[1710971903] SERVICE ALERT: SRV_Soporte;CPU;WARNING;SOFT;1;WARNING: Percent was 66.67 %
[1710972024] SERVICE ALERT: SRV_Soporte;CPU;OK;SOFT;2;OK: Percent was 39.40 %
[1710973945] SERVICE ALERT: SRV_Soporte;CPU;WARNING;SOFT;1;WARNING: Percent was 68.95 %
[1710974065] SERVICE ALERT: SRV_Soporte;CPU;OK;SOFT;2;OK: Percent was 35.60 %
[1710974846] SERVICE ALERT: SRV_Soporte;CPU;CRITICAL;SOFT;1;CRITICAL: Percent was 71.50 %
[1710974967] SERVICE ALERT: SRV_Soporte;CPU;OK;SOFT;2;OK: Percent was 43.95 %
[1710975176] Auto-save of retention data completed successfully.
[1710976947] SERVICE ALERT: SRV_Soporte;CPU;WARNING;SOFT;1;WARNING: Percent was 60.15 %
[1710977068] SERVICE ALERT: SRV_Soporte;CPU;OK;SOFT;2;OK: Percent was 44.67 %
[1710978329] SERVICE ALERT: SRV_Soporte;CPU;WARNING;SOFT;1;WARNING: Percent was 65.90 %
[1710978450] SERVICE ALERT: SRV_Soporte;CPU;OK;SOFT;2;OK: Percent was 9.10 %
[1710978776] Auto-save of retention data completed successfully.
[1710980370] SERVICE ALERT: SRV_Soporte;CPU;WARNING;SOFT;1;WARNING: Percent was 67.42 %
[1710980491] SERVICE ALERT: SRV_Soporte;CPU;OK;SOFT;2;OK: Percent was 42.43 %
[1710981931] SERVICE ALERT: SRV_Soporte;CPU;WARNING;SOFT;1;WARNING: Percent was 66.53 %
[1710982052] SERVICE ALERT: SRV_Soporte;CPU;OK;SOFT;2;OK: Percent was 46.98 %
[1710982173] SERVICE ALERT: SRV_Soporte;CPU;CRITICAL;SOFT;1;CRITICAL: Percent was 76.53 %
[1710982294] SERVICE ALERT: SRV_Soporte;CPU;WARNING;SOFT;2;WARNING: Percent was 65.15 %
[1710982376] Auto-save of retention data completed successfully.
[1710982415] SERVICE ALERT: SRV_Soporte;CPU;OK;SOFT;3;OK: Percent was 34.08 %
[1710983286] SERVICE ALERT: Servidores CASS;Ancho de Banda GE/1/0/3;WARNING;SOFT;1;WARNING - OUT bandwidth (87.04%) too high
[1710983406] SERVICE ALERT: Servidores CASS;Ancho de Banda GE/1/0/3;WARNING;SOFT;2;WARNING - OUT bandwidth (88.48%) too high
[1710983526] SERVICE ALERT: Servidores CASS;Ancho de Banda GE/1/0/3;WARNING;HARD;3;WARNING - OUT bandwidth (86.29%) too high
[1710983587] SERVICE ALERT: Servidores CASS;Ancho de Banda GE/1/0/3;OK;HARD;1;OK - Average IN: 34.59MB (27.67%), Average OUT: 69.88MB (55.91%)Total RX: 5773.26GBytes, Total TX: 33880.57GBytes
[1710985656] SERVICE ALERT: SRV_Soporte;CPU;WARNING;SOFT;1;WARNING: Percent was 61.35 %
[1710985776] SERVICE ALERT: SRV_Soporte;CPU;OK;SOFT;2;OK: Percent was 36.38 %
[1710985976] Auto-save of retention data completed successfully.
[1710986737] SERVICE ALERT: SRV_Soporte;CPU;WARNING;SOFT;1;WARNING: Percent was 66.68 %
[1710986857] SERVICE ALERT: SRV_Soporte;CPU;OK;SOFT;2;OK: Percent was 28.77 %
[1710987398] SERVICE ALERT: SRV_Soporte;CPU;WARNING;SOFT;1;WARNING: Percent was 61.38 %
[1710987518] SERVICE ALERT: SRV_Soporte;CPU;OK;SOFT;2;OK: Percent was 37.10 %
[1710989138] SERVICE ALERT: SRV_Soporte;CPU;WARNING;SOFT;1;WARNING: Percent was 69.70 %
[1710989259] SERVICE ALERT: SRV_Soporte;CPU;OK;SOFT;2;OK: Percent was 31.85 %
[1710989576] Auto-save of retention data completed successfully.
