[1700708400] LOG ROTATION: DAILY
[1700708400] LOG VERSION: 2.0
[1700708400] CURRENT HOST STATE: ADL Diagnostic;UP;HARD;1;PING OK - Packet loss = 0%, RTA = 36.68 ms
[1700708400] CURRENT HOST STATE: Blueshell;UP;HARD;1;PING OK - Packet loss = 0%, RTA = 3.27 ms
[1700708400] CURRENT HOST STATE: Cass Entel;UP;HARD;1;PING OK - Packet loss = 0%, RTA = 0.47 ms
[1700708400] CURRENT HOST STATE: Cass Telsur;UP;HARD;1;PING OK - Packet loss = 50%, RTA = 1.23 ms
[1700708400] CURRENT HOST STATE: Clinica PV Movistar;UP;HARD;1;PING OK - Packet loss = 0%, RTA = 32.83 ms
[1700708400] CURRENT HOST STATE: Clinica PV Telsur;UP;HARD;1;PING OK - Packet loss = 0%, RTA = 1.17 ms
[1700708400] CURRENT HOST STATE: Confe;UP;HARD;1;PING OK - Packet loss = 0%, RTA = 40.63 ms
[1700708400] CURRENT HOST STATE: Electric Works;UP;HARD;1;PING OK - Packet loss = 0%, RTA = 32.68 ms
[1700708400] CURRENT HOST STATE: Exper03.exxperience.cl;UP;HARD;1;PING OK - Packet loss = 0%, RTA = 1.72 ms
[1700708400] CURRENT HOST STATE: Ext Entel;UP;HARD;1;PING OK - Packet loss = 0%, RTA = 0.44 ms
[1700708400] CURRENT HOST STATE: Ext Telsur;UP;HARD;1;PING OK - Packet loss = 37%, RTA = 1.22 ms
[1700708400] CURRENT HOST STATE: FW ADL Diagnostic;UP;HARD;1;PING OK - Packet loss = 0%, RTA = 35.39 ms
[1700708400] CURRENT HOST STATE: FW Blueshell;UP;HARD;1;PING OK - Packet loss = 0%, RTA = 3.21 ms
[1700708400] CURRENT HOST STATE: FW Cass Entel;UP;HARD;1;PING OK - Packet loss = 0%, RTA = 35.28 ms
[1700708400] CURRENT HOST STATE: FW Cass Telsur;UP;HARD;1;PING OK - Packet loss = 0%, RTA = 0.57 ms
[1700708400] CURRENT HOST STATE: FW Clinica PV Movistar;UP;HARD;1;PING OK - Packet loss = 0%, RTA = 34.78 ms
[1700708400] CURRENT HOST STATE: FW Clinica PV Telsur;UP;HARD;1;PING OK - Packet loss = 0%, RTA = 1.05 ms
[1700708400] CURRENT HOST STATE: FW Confe;UP;HARD;1;PING OK - Packet loss = 0%, RTA = 39.53 ms
[1700708400] CURRENT HOST STATE: FW Electric Works;UP;HARD;1;PING OK - Packet loss = 0%, RTA = 34.36 ms
[1700708400] CURRENT HOST STATE: FW Gore Los Lagos;UP;HARD;1;PING OK - Packet loss = 50%, RTA = 1.26 ms
[1700708400] CURRENT HOST STATE: FW Pasmar;UP;HARD;1;PING OK - Packet loss = 44%, RTA = 1.40 ms
[1700708400] CURRENT HOST STATE: Gore Los Lagos;UP;HARD;1;PING OK - Packet loss = 44%, RTA = 1.27 ms
[1700708400] CURRENT HOST STATE: Host-10.0.0.120;UP;HARD;1;PING OK - Packet loss = 0%, RTA = 0.79 ms
[1700708400] CURRENT HOST STATE: Host-10.0.0.121;UP;HARD;1;PING OK - Packet loss = 0%, RTA = 0.45 ms
[1700708400] CURRENT HOST STATE: Host-10.0.0.124;UP;HARD;1;PING OK - Packet loss = 0%, RTA = 0.63 ms
[1700708400] CURRENT HOST STATE: Internet;UP;HARD;1;PING OK - Packet loss = 0%, RTA = 19.60 ms
[1700708400] CURRENT HOST STATE: Pasmar;UP;HARD;1;PING OK - Packet loss = 54%, RTA = 1.23 ms
[1700708400] CURRENT HOST STATE: Qnap NAS;UP;HARD;1;PING OK - Packet loss = 0%, RTA = 0.32 ms
[1700708400] CURRENT HOST STATE: SRV01USER_cass.cl;UP;HARD;1;PING OK - Packet loss = 0%, RTA = 2.43 ms
[1700708400] CURRENT HOST STATE: SRV04AD01.cass.cl;UP;HARD;1;PING OK - Packet loss = 0%, RTA = 1.44 ms
[1700708400] CURRENT HOST STATE: SRV05AD02_cass.cl;UP;HARD;1;PING OK - Packet loss = 0%, RTA = 1.85 ms
[1700708400] CURRENT HOST STATE: SRV11VIBE_cass.cl;UP;HARD;1;PING OK - Packet loss = 0%, RTA = 1.12 ms
[1700708400] CURRENT HOST STATE: SRVAD1.cass.pmc;UP;HARD;1;PING OK - Packet loss = 0%, RTA = 1.69 ms
[1700708400] CURRENT HOST STATE: SRVAD2.cass.pmc;UP;HARD;1;PING OK - Packet loss = 0%, RTA = 1.58 ms
[1700708400] CURRENT HOST STATE: SRVADMIN.cass.pmc;UP;HARD;1;PING OK - Packet loss = 0%, RTA = 1.50 ms
[1700708400] CURRENT HOST STATE: SRVCONT.cass.cl;UP;HARD;1;PING OK - Packet loss = 0%, RTA = 3.46 ms
[1700708400] CURRENT HOST STATE: SRVDC01_cass.pmc;UP;HARD;1;PING OK - Packet loss = 0%, RTA = 1.76 ms
[1700708400] CURRENT HOST STATE: SRVDC1.cass.pmc;UP;HARD;1;PING OK - Packet loss = 0%, RTA = 1.92 ms
[1700708400] CURRENT HOST STATE: SRVDNS;UP;HARD;1;PING OK - Packet loss = 28%, RTA = 1.07 ms
[1700708400] CURRENT HOST STATE: SRVMFSD;DOWN;HARD;10;CRITICAL - Host Unreachable (10.0.2.12)
[1700708400] CURRENT HOST STATE: SRVWEB_cass.cl;UP;HARD;1;PING OK - Packet loss = 0%, RTA = 1.20 ms
[1700708400] CURRENT HOST STATE: SRV_Cfiler.cass.cl;UP;HARD;1;PING OK - Packet loss = 0%, RTA = 0.56 ms
[1700708400] CURRENT HOST STATE: SRV_GLPI;UP;HARD;1;PING OK - Packet loss = 0%, RTA = 0.56 ms
[1700708400] CURRENT HOST STATE: SRV_GXConsultores;UP;HARD;1;PING OK - Packet loss = 0%, RTA = 1.11 ms
[1700708400] CURRENT HOST STATE: SRV_Oraculo_cass.cl;DOWN;HARD;10;CRITICAL - Host Unreachable (10.0.2.6)
[1700708400] CURRENT HOST STATE: SRV_SOS2021.cass.cl;UP;HARD;1;PING OK - Packet loss = 0%, RTA = 0.62 ms
[1700708400] CURRENT HOST STATE: SRV_SUM;UP;HARD;1;PING OK - Packet loss = 0%, RTA = 0.59 ms
[1700708400] CURRENT HOST STATE: SRV_Soporte;UP;HARD;1;PING OK - Packet loss = 0%, RTA = 2.19 ms
[1700708400] CURRENT HOST STATE: SRV_Soporte2;DOWN;HARD;10;CRITICAL - Host Unreachable (10.0.0.97)
[1700708400] CURRENT HOST STATE: SRV_chat.cass.cl;UP;HARD;1;PING OK - Packet loss = 0%, RTA = 0.63 ms
[1700708400] CURRENT HOST STATE: SRV_email.cass.cl;UP;HARD;1;PING OK - Packet loss = 0%, RTA = 1.23 ms
[1700708400] CURRENT HOST STATE: SRV_nagios;UP;HARD;1;PING OK - Packet loss = 0%, RTA = 0.09 ms
[1700708400] CURRENT HOST STATE: SRV_sync.cass.cl;UP;HARD;1;PING OK - Packet loss = 0%, RTA = 1.67 ms
[1700708400] CURRENT HOST STATE: Servidor Vcenter;UP;HARD;1;PING OK - Packet loss = 0%, RTA = 0.61 ms
[1700708400] CURRENT HOST STATE: Servidores CASS;UP;HARD;1;PING OK - Packet loss = 0%, RTA = 1.35 ms
[1700708400] CURRENT HOST STATE: Ups Principal;UP;HARD;1;PING OK - Packet loss = 0%, RTA = 1.18 ms
[1700708400] CURRENT HOST STATE: Veeam2023.cass.pmc;UP;HARD;1;PING OK - Packet loss = 0%, RTA = 1.74 ms
[1700708400] CURRENT HOST STATE: web_cass_cl;UP;HARD;1;PING OK - Packet loss = 0%, RTA = 0.79 ms
[1700708400] CURRENT SERVICE STATE: ADL Diagnostic;Ping;OK;HARD;1;PING OK - Packet loss = 0%, RTA = 36.74 ms
[1700708400] CURRENT SERVICE STATE: Blueshell;Ping;OK;HARD;1;PING OK - Packet loss = 0%, RTA = 3.28 ms
[1700708400] CURRENT SERVICE STATE: Clinica PV Movistar;Ping;OK;HARD;1;PING OK - Packet loss = 28%, RTA = 32.82 ms
[1700708400] CURRENT SERVICE STATE: Confe;Ping;CRITICAL;HARD;3;PING CRITICAL - Packet loss = 100%
[1700708400] CURRENT SERVICE STATE: Electric Works;Ping;OK;HARD;1;PING OK - Packet loss = 0%, RTA = 32.68 ms
[1700708400] CURRENT SERVICE STATE: Ext Telsur;Ping;OK;HARD;1;PING OK - Packet loss = 0%, RTA = 1.20 ms
[1700708400] CURRENT SERVICE STATE: FW ADL Diagnostic;Ping;OK;HARD;1;PING OK - Packet loss = 0%, RTA = 35.45 ms
[1700708400] CURRENT SERVICE STATE: FW Blueshell;Ping;OK;HARD;1;PING OK - Packet loss = 0%, RTA = 3.18 ms
[1700708400] CURRENT SERVICE STATE: FW Cass Entel;Ping;OK;HARD;1;PING OK - Packet loss = 0%, RTA = 35.20 ms
[1700708400] CURRENT SERVICE STATE: FW Cass Telsur;Ancho de Banda DMZ;OK;HARD;1;OK - Average IN: 3.36KB (0.00%), Average OUT: 4.76KB (0.00%)Total RX: 17.24MBytes, Total TX: 18.30MBytes
[1700708400] CURRENT SERVICE STATE: FW Cass Telsur;Ancho de Banda LAN;OK;HARD;1;OK - Average IN: 654.98B (0.00%), Average OUT: 1.15KB (0.00%)Total RX: 2.49MBytes, Total TX: 3.97MBytes
[1700708400] CURRENT SERVICE STATE: FW Cass Telsur;Ancho de Banda WAN;OK;HARD;1;OK - Average IN: 267.33B (0.00%), Average OUT: 87.15B (0.00%)Total RX: 3.51GBytes, Total TX: 7.15GBytes
[1700708400] CURRENT SERVICE STATE: FW Cass Telsur;Estado Puerto DMZ;OK;HARD;1;OK: Interface eth2 (index 4) is up.
[1700708400] CURRENT SERVICE STATE: FW Cass Telsur;Estado Puerto LAN;OK;HARD;1;OK: Interface eth0 (index 2) is up.
[1700708400] CURRENT SERVICE STATE: FW Cass Telsur;Estado Puerto WAN;OK;HARD;1;OK: Interface eth1 (index 3) is up.
[1700708400] CURRENT SERVICE STATE: FW Cass Telsur;Estado TCP Sophos;OK;HARD;1;TCP OK - 0.001 second response time on 201.220.96.34 port 4444
[1700708400] CURRENT SERVICE STATE: FW Cass Telsur;Ping;OK;HARD;1;PING OK - Packet loss = 0%, RTA = 0.59 ms
[1700708400] CURRENT SERVICE STATE: FW Cass Telsur;Tiempo Activo;OK;HARD;1;SNMP OK - Timeticks: (327382) 0:54:33.82
[1700708400] CURRENT SERVICE STATE: FW Clinica PV Movistar;Ping;OK;HARD;1;PING OK - Packet loss = 0%, RTA = 34.82 ms
[1700708400] CURRENT SERVICE STATE: FW Confe;Ping;OK;HARD;1;PING OK - Packet loss = 0%, RTA = 39.39 ms
[1700708400] CURRENT SERVICE STATE: FW Electric Works;Ping;OK;HARD;1;PING OK - Packet loss = 0%, RTA = 34.36 ms
[1700708400] CURRENT SERVICE STATE: FW Gore Los Lagos;Ping;OK;HARD;1;PING OK - Packet loss = 0%, RTA = 1.35 ms
[1700708400] CURRENT SERVICE STATE: FW Pasmar;Ping;OK;HARD;1;PING OK - Packet loss = 0%, RTA = 1.21 ms
[1700708400] CURRENT SERVICE STATE: Gore Los Lagos;Ping;OK;HARD;1;PING OK - Packet loss = 16%, RTA = 1.28 ms
[1700708400] CURRENT SERVICE STATE: Host-10.0.0.120;Ping;OK;HARD;1;PING OK - Packet loss = 0%, RTA = 0.55 ms
[1700708400] CURRENT SERVICE STATE: Host-10.0.0.121;Ping;OK;HARD;1;PING OK - Packet loss = 0%, RTA = 0.52 ms
[1700708400] CURRENT SERVICE STATE: Pasmar;Ping;OK;HARD;1;PING OK - Packet loss = 0%, RTA = 1.27 ms
[1700708400] CURRENT SERVICE STATE: Qnap NAS;Almacenamiento;OK;HARD;1;OK: Total:50TB - Used:33TB - Free:16TB - Used Space: 66%
[1700708400] CURRENT SERVICE STATE: Qnap NAS;Estado;OK;HARD;1;Power Supply #1 - OK: GOOD
[1700708400] CURRENT SERVICE STATE: Qnap NAS;Memoria;OK;HARD;1;OK: Total:3830MB - Used:1319MB - Free:2511MB = 35%
[1700708400] CURRENT SERVICE STATE: Qnap NAS;Sysinfo;OK;HARD;1;NAS Cloud, Model TS-879U-RP, Firmware 4.3.6, Max HD number 8, No. Volume 1
[1700708400] CURRENT SERVICE STATE: Qnap NAS;Temperatura;OK;HARD;1;OK: Temperature=40C
[1700708400] CURRENT SERVICE STATE: Qnap NAS;Tiempo Activo;OK;HARD;1;SNMP OK - Timeticks: (79939906) 9 days, 6:03:19.06
[1700708400] CURRENT SERVICE STATE: SRV01USER_cass.cl;Actualizacion;CRITICAL;HARD;3;Updates: 3 critical, 0 optional
[1700708400] CURRENT SERVICE STATE: SRV01USER_cass.cl;Almacenamiento C;WARNING;HARD;3;c:\ - total: 119.40 Gb - used: 96.39 Gb (81%) - free 23.01 Gb (19%)
[1700708400] CURRENT SERVICE STATE: SRV01USER_cass.cl;Almacenamiento U;OK;HARD;1;u:\ - total: 1023.98 Gb - used: 234.29 Gb (23%) - free 789.69 Gb (77%)
[1700708400] CURRENT SERVICE STATE: SRV01USER_cass.cl;CPU;OK;HARD;1;CPU Load 2% (5 min average)
[1700708400] CURRENT SERVICE STATE: SRV01USER_cass.cl;Memoria;OK;HARD;1;Memory usage: total:23935.22 MB - used: 11852.58 MB (50%) - free: 12082.64 MB (50%)
[1700708400] CURRENT SERVICE STATE: SRV01USER_cass.cl;Ping;OK;HARD;1;PING OK - Packet loss = 0%, RTA = 2.47 ms
[1700708400] CURRENT SERVICE STATE: SRV01USER_cass.cl;Tiempo Activo;OK;HARD;1;System Uptime - 12 day(s) 4 hour(s) 44 minute(s)
[1700708400] CURRENT SERVICE STATE: SRV04AD01.cass.cl;Ping;OK;HARD;1;PING OK - Packet loss = 0%, RTA = 1.12 ms
[1700708400] CURRENT SERVICE STATE: SRV05AD02_cass.cl;Ping;OK;HARD;1;PING OK - Packet loss = 0%, RTA = 2.09 ms
[1700708400] CURRENT SERVICE STATE: SRV11VIBE_cass.cl;Actualizacion;CRITICAL;HARD;3;Updates CRITICAL : discontinued OS Release SLE 15.1: At least one of your Repositories might be out of date. Please run "zypper refresh" as root to update it.  2 security update(s): 1 recommended update(s):  2 package update(s):
[1700708400] CURRENT SERVICE STATE: SRV11VIBE_cass.cl;Almacenamiento /;OK;HARD;1;DISK OK - free space: /var/tmp 78609 MiB (85.78% inode=-):
[1700708400] CURRENT SERVICE STATE: SRV11VIBE_cass.cl;CPU;OK;HARD;1;OK - load average per CPU: 0.02, 0.02, 0.02
[1700708400] CURRENT SERVICE STATE: SRV11VIBE_cass.cl;Memoria;OK;HARD;1;[MEMORY] Total: 7693 MB - Used: 5005 MB - 65% [SWAP] Total: 7944 MB - Used: 1263 MB - 15%
[1700708400] CURRENT SERVICE STATE: SRV11VIBE_cass.cl;Ping;OK;HARD;1;PING OK - Packet loss = 0%, RTA = 1.18 ms
[1700708400] CURRENT SERVICE STATE: SRV11VIBE_cass.cl;Proceso Vibe;OK;HARD;1;PROCS OK: 0 processes with command name 'vibe'
[1700708400] CURRENT SERVICE STATE: SRV11VIBE_cass.cl;Procesos;OK;HARD;1;PROCS OK: 324 processes
[1700708400] CURRENT SERVICE STATE: SRV11VIBE_cass.cl;Procesos Zombies;OK;HARD;1;PROCS OK: 0 processes with STATE = Z
[1700708400] CURRENT SERVICE STATE: SRV11VIBE_cass.cl;Puerto HTTP;OK;HARD;1;TCP OK - 0.001 second response time on 10.0.2.13 port 80
[1700708400] CURRENT SERVICE STATE: SRV11VIBE_cass.cl;Puerto HTTPS;OK;HARD;1;TCP OK - 0.001 second response time on 10.0.2.13 port 443
[1700708400] CURRENT SERVICE STATE: SRV11VIBE_cass.cl;Servicio Vibe;OK;HARD;1;OK: Service vibe is running!
[1700708400] CURRENT SERVICE STATE: SRV11VIBE_cass.cl;Tiempo Activo;CRITICAL;HARD;3;Uptime CRITICAL: 215 day(s) 13 hour(s) 13 minute(s)
[1700708400] CURRENT SERVICE STATE: SRV11VIBE_cass.cl;Usuarios Login;OK;HARD;1;USERS OK - 2 users currently logged in
[1700708400] CURRENT SERVICE STATE: SRVAD1.cass.pmc;Ping;OK;HARD;1;PING OK - Packet loss = 0%, RTA = 1.80 ms
[1700708400] CURRENT SERVICE STATE: SRVAD2.cass.pmc;Ping;OK;HARD;1;PING OK - Packet loss = 0%, RTA = 1.63 ms
[1700708400] CURRENT SERVICE STATE: SRVADMIN.cass.pmc;Actualizacion;CRITICAL;HARD;3;Updates: 2 critical, 0 optional
[1700708400] CURRENT SERVICE STATE: SRVADMIN.cass.pmc;Almacenamiento;OK;HARD;1;c:\ - total: 299.66 Gb - used: 168.47 Gb (56%) - free 131.19 Gb (44%)
[1700708400] CURRENT SERVICE STATE: SRVADMIN.cass.pmc;CPU;OK;HARD;1;CPU Load 0% (5 min average)
[1700708400] CURRENT SERVICE STATE: SRVADMIN.cass.pmc;Memoria;OK;HARD;1;Memory usage: total:20475.60 MB - used: 8843.35 MB (43%) - free: 11632.24 MB (57%)
[1700708400] CURRENT SERVICE STATE: SRVADMIN.cass.pmc;Ping;OK;HARD;1;PING OK - Packet loss = 0%, RTA = 1.81 ms
[1700708400] CURRENT SERVICE STATE: SRVADMIN.cass.pmc;Tiempo Activo;OK;HARD;1;System Uptime - 12 day(s) 14 hour(s) 51 minute(s)
[1700708400] CURRENT SERVICE STATE: SRVCONT.cass.cl;Actualizacion;OK;HARD;1;OK - no pending updates.
[1700708400] CURRENT SERVICE STATE: SRVCONT.cass.cl;Almacenamiento;OK;HARD;1;c:\ - total: 299.33 Gb - used: 41.94 Gb (14%) - free 257.39 Gb (86%)
[1700708400] CURRENT SERVICE STATE: SRVCONT.cass.cl;CPU;OK;HARD;1;CPU Load 6% (5 min average)
[1700708400] CURRENT SERVICE STATE: SRVCONT.cass.cl;Memoria;OK;HARD;1;Memory usage: total:14143.13 MB - used: 4125.74 MB (29%) - free: 10017.39 MB (71%)
[1700708400] CURRENT SERVICE STATE: SRVCONT.cass.cl;Ping;OK;HARD;1;PING OK - Packet loss = 0%, RTA = 3.70 ms
[1700708400] CURRENT SERVICE STATE: SRVCONT.cass.cl;Tiempo Activo;OK;HARD;1;System Uptime - 13 day(s) 5 hour(s) 2 minute(s)
[1700708400] CURRENT SERVICE STATE: SRVDC1.cass.pmc;Ping;OK;HARD;1;PING OK - Packet loss = 0%, RTA = 1.60 ms
[1700708400] CURRENT SERVICE STATE: SRVDNS;Ping;OK;HARD;1;PING OK - Packet loss = 16%, RTA = 1.24 ms
[1700708400] CURRENT SERVICE STATE: SRVMFSD;Ping;CRITICAL;HARD;3;CRITICAL - Host Unreachable (10.0.2.12)
[1700708400] CURRENT SERVICE STATE: SRVWEB_cass.cl;Ping;OK;HARD;1;PING OK - Packet loss = 28%, RTA = 1.03 ms
[1700708400] CURRENT SERVICE STATE: SRV_Cfiler.cass.cl;Actualizacion;OK;HARD;1;Updates OK : no updates available
[1700708400] CURRENT SERVICE STATE: SRV_Cfiler.cass.cl;Almacenamiento /;OK;HARD;1;DISK OK - free space: / 2440711 MB (72% inode=-):
[1700708400] CURRENT SERVICE STATE: SRV_Cfiler.cass.cl;CPU;OK;HARD;1;OK - load average: 0.06, 0.13, 0.14
[1700708400] CURRENT SERVICE STATE: SRV_Cfiler.cass.cl;Http;OK;HARD;1;TCP OK - 0.000 second response time on port 80
[1700708400] CURRENT SERVICE STATE: SRV_Cfiler.cass.cl;Https;OK;HARD;1;TCP OK - 0.000 second response time on port 443
[1700708400] CURRENT SERVICE STATE: SRV_Cfiler.cass.cl;Memoria;OK;HARD;1;[MEMORY] Total: 3893 MB - Used: 1120 MB - 28% [SWAP] Total: 2047 MB - Used: 561 MB - 27%
[1700708400] CURRENT SERVICE STATE: SRV_Cfiler.cass.cl;Procesos;OK;HARD;1;PROCS OK: 303 processes
[1700708400] CURRENT SERVICE STATE: SRV_Cfiler.cass.cl;Procesos Zombies;OK;HARD;1;PROCS OK: 0 processes with STATE = Z
[1700708400] CURRENT SERVICE STATE: SRV_Cfiler.cass.cl;Procs Apache;OK;HARD;1;PROCS OK: 11 processes with args 'apache2'
[1700708400] CURRENT SERVICE STATE: SRV_Cfiler.cass.cl;Serv Apache;OK;HARD;1;OK: Service apache is running!
[1700708400] CURRENT SERVICE STATE: SRV_Cfiler.cass.cl;Servicio General;OK;HARD;1;PING OK - Packet loss = 0%, RTA = 0.60 ms
[1700708400] CURRENT SERVICE STATE: SRV_Cfiler.cass.cl;Tiempo Activo;CRITICAL;HARD;3;Uptime CRITICAL: 218 day(s) 1 hour(s) 3 minute(s)
[1700708400] CURRENT SERVICE STATE: SRV_Cfiler.cass.cl;Usuarios Login;OK;HARD;1;USERS OK - 1 users currently logged in
[1700708400] CURRENT SERVICE STATE: SRV_Oraculo_cass.cl;Ping;CRITICAL;HARD;3;CRITICAL - Host Unreachable (10.0.2.6)
[1700708400] CURRENT SERVICE STATE: SRV_SOS2021.cass.cl;Actualizacion;OK;HARD;1;Updates OK : no updates available
[1700708400] CURRENT SERVICE STATE: SRV_SOS2021.cass.cl;Almacenamiento /;OK;HARD;1;DISK OK - free space: /var/tmp 118378 MiB (91.10% inode=-):
[1700708400] CURRENT SERVICE STATE: SRV_SOS2021.cass.cl;CPU;OK;HARD;1;OK - load average per CPU: 0.01, 0.01, 0.01
[1700708400] CURRENT SERVICE STATE: SRV_SOS2021.cass.cl;Memoria;OK;HARD;1;[MEMORY] Total: 7946 MB - Used: 1633 MB - 20% [SWAP] Total: 10239 MB - Used: 1 MB - 0%
[1700708400] CURRENT SERVICE STATE: SRV_SOS2021.cass.cl;Ping;OK;HARD;1;PING OK - Packet loss = 0%, RTA = 0.40 ms
[1700708400] CURRENT SERVICE STATE: SRV_SOS2021.cass.cl;Procesos;OK;HARD;1;PROCS OK: 312 processes
[1700708400] CURRENT SERVICE STATE: SRV_SOS2021.cass.cl;Procesos Zombies;OK;HARD;1;PROCS OK: 0 processes with STATE = Z
[1700708400] CURRENT SERVICE STATE: SRV_SOS2021.cass.cl;Tiempo Activo;OK;HARD;1;Uptime OK: 245 day(s) 10 hour(s) 36 minute(s)
[1700708400] CURRENT SERVICE STATE: SRV_SOS2021.cass.cl;Usuarios Login;OK;HARD;1;USERS OK - 0 users currently logged in
[1700708400] CURRENT SERVICE STATE: SRV_SUM;Ping;OK;HARD;1;PING OK - Packet loss = 0%, RTA = 0.75 ms
[1700708400] CURRENT SERVICE STATE: SRV_chat.cass.cl;Actualizacion;OK;HARD;1;Updates OK : no updates available
[1700708400] CURRENT SERVICE STATE: SRV_chat.cass.cl;Almacenamiento /;OK;HARD;1;DISK OK - free space: /var/tmp 956721 MiB (91.42% inode=-):
[1700708400] CURRENT SERVICE STATE: SRV_chat.cass.cl;CPU;OK;HARD;1;OK - load average per CPU: 0.06, 0.09, 0.09
[1700708400] CURRENT SERVICE STATE: SRV_chat.cass.cl;Memoria;OK;HARD;1;[MEMORY] Total: 7919 MB - Used: 4109 MB - 51% [SWAP] Total: 2048 MB - Used: 314 MB - 15%
[1700708400] CURRENT SERVICE STATE: SRV_chat.cass.cl;Ping;OK;HARD;1;PING OK - Packet loss = 0%, RTA = 0.44 ms
[1700708400] CURRENT SERVICE STATE: SRV_chat.cass.cl;Proceso Docker;OK;HARD;1;PROCS OK: 0 processes with command name 'docker'
[1700708400] CURRENT SERVICE STATE: SRV_chat.cass.cl;Proceso Nginx;OK;HARD;1;PROCS OK: 3 processes with command name 'nginx'
[1700708400] CURRENT SERVICE STATE: SRV_chat.cass.cl;Procesos;OK;HARD;1;PROCS OK: 333 processes
[1700708400] CURRENT SERVICE STATE: SRV_chat.cass.cl;Procesos Zombies;OK;HARD;1;PROCS OK: 1 process with STATE = Z
[1700708400] CURRENT SERVICE STATE: SRV_chat.cass.cl;Puerto Contenedor;OK;HARD;1;TCP OK - 0.001 second response time on port 8000
[1700708400] CURRENT SERVICE STATE: SRV_chat.cass.cl;Puerto HTTP;OK;HARD;1;TCP OK - 0.000 second response time on port 80
[1700708400] CURRENT SERVICE STATE: SRV_chat.cass.cl;Puerto HTTPS;OK;HARD;1;TCP OK - 0.000 second response time on port 443
[1700708400] CURRENT SERVICE STATE: SRV_chat.cass.cl;Puerto Portainer;OK;HARD;1;TCP OK - 0.001 second response time on port 9443
[1700708400] CURRENT SERVICE STATE: SRV_chat.cass.cl;Servicio Docker;OK;HARD;1;OK: Service docker is running!
[1700708400] CURRENT SERVICE STATE: SRV_chat.cass.cl;Servicio Nginx;OK;HARD;1;OK: Service nginx is running!
[1700708400] CURRENT SERVICE STATE: SRV_chat.cass.cl;Usuarios Login;OK;HARD;1;USERS OK - 2 users currently logged in
[1700708400] CURRENT SERVICE STATE: SRV_email.cass.cl;Actualizacion;OK;HARD;1;Updates OK : no updates available
[1700708400] CURRENT SERVICE STATE: SRV_email.cass.cl;Almacenamiento /;OK;HARD;1;DISK OK - free space: /var/tmp 476344 MiB (94.02% inode=-):
[1700708400] CURRENT SERVICE STATE: SRV_email.cass.cl;Almacenamiento Mail;OK;HARD;1;DISK OK - free space: /mail 1794494 MiB (91.63% inode=99%):
[1700708400] CURRENT SERVICE STATE: SRV_email.cass.cl;Almacenamiento Mail2;OK;HARD;1;DISK OK - free space: /mail2 476068 MiB (99.75% inode=100%):
[1700708400] CURRENT SERVICE STATE: SRV_email.cass.cl;CPU;OK;HARD;1;OK - load average per CPU: 0.01, 0.01, 0.01
[1700708400] CURRENT SERVICE STATE: SRV_email.cass.cl;Correo Pop;OK;HARD;1;POP OK - 0.000 second response time on 10.0.2.25 port 110 [+OK GroupWise POP3 server ready]
[1700708400] CURRENT SERVICE STATE: SRV_email.cass.cl;Correo Smtp;OK;HARD;1;SMTP OK - 0.007 sec. response time
[1700708400] CURRENT SERVICE STATE: SRV_email.cass.cl;Memoria;OK;HARD;1;[MEMORY] Total: 11939 MB - Used: 2789 MB - 23% [SWAP] Total: 2048 MB - Used: 386 MB - 18%
[1700708400] CURRENT SERVICE STATE: SRV_email.cass.cl;Ping;OK;HARD;1;PING OK - Packet loss = 0%, RTA = 1.21 ms
[1700708400] CURRENT SERVICE STATE: SRV_email.cass.cl;Procesos;OK;HARD;1;PROCS OK: 300 processes
[1700708400] CURRENT SERVICE STATE: SRV_email.cass.cl;Procesos Zombies;OK;HARD;1;PROCS OK: 0 processes with STATE = Z
[1700708400] CURRENT SERVICE STATE: SRV_email.cass.cl;Tiempo Activo;OK;HARD;1;Uptime OK: 72 day(s) 10 hour(s) 47 minute(s)
[1700708400] CURRENT SERVICE STATE: SRV_email.cass.cl;Usuarios Login;OK;HARD;1;USERS OK - 1 users currently logged in
[1700708400] CURRENT SERVICE STATE: SRV_nagios;Actualizacion;CRITICAL;HARD;4;YUM CRITICAL: 4 Updates Available
[1700708400] CURRENT SERVICE STATE: SRV_nagios;CPU;OK;HARD;1;OK - load average: 0.20, 0.15, 0.14
[1700708400] CURRENT SERVICE STATE: SRV_nagios;Memoria;OK;HARD;1;[MEMORY] Total: 7740 MB - Used: 688 MB - 8% [SWAP] Total: 7935 MB - Used: 0 MB - 0%
[1700708400] CURRENT SERVICE STATE: SRV_nagios;PING;OK;HARD;1;PING OK - Packet loss = 0%, RTA = 0.09 ms
[1700708400] CURRENT SERVICE STATE: SRV_nagios;Procesos;OK;HARD;1;PROCS OK: 61 processes with STATE = RSZDT
[1700708400] CURRENT SERVICE STATE: SRV_nagios;Usarios Login;OK;HARD;1;USERS OK - 0 users currently logged in
[1700708400] CURRENT SERVICE STATE: SRV_sync.cass.cl;Ping;OK;HARD;1;PING OK - Packet loss = 0%, RTA = 0.88 ms
[1700708400] CURRENT SERVICE STATE: Servidor Vcenter;Ping;OK;HARD;1;PING OK - Packet loss = 0%, RTA = 0.67 ms
[1700708400] CURRENT SERVICE STATE: Servidores CASS;Ancho de Banda GE/1/0/3;OK;HARD;1;OK - Average IN: 5.82KB (0.00%), Average OUT: 5.96KB (0.00%)Total RX: 210.98GBytes, Total TX: 269.14GBytes
[1700708400] CURRENT SERVICE STATE: Servidores CASS;Estado Puerto 3;OK;HARD;1;OK: Interface GigabitEthernet1/0/3 (index 3) is up.
[1700708400] CURRENT SERVICE STATE: Servidores CASS;Estado Puerto 80;OK;HARD;1;TCP OK - 0.002 second response time on 10.0.0.17 port 80
[1700708400] CURRENT SERVICE STATE: Servidores CASS;Ping;OK;HARD;1;PING OK - Packet loss = 0%, RTA = 1.26 ms
[1700708400] CURRENT SERVICE STATE: Servidores CASS;Tiempo Activo;OK;HARD;1;SNMP OK - Timeticks: (9378895) 1 day, 2:03:08.95
[1700708400] CURRENT SERVICE STATE: Ups Principal;Carga;OK;HARD;1;OK: Estimated battery charge 98%, approximately 0 minutes runtime remaining.
[1700708400] CURRENT SERVICE STATE: Ups Principal;Estado;OK;HARD;1;OK: Battery Status Normal.
[1700708400] CURRENT SERVICE STATE: Ups Principal;Ping;OK;HARD;1;PING OK - Packet loss = 0%, RTA = 1.09 ms
[1700708400] CURRENT SERVICE STATE: Ups Principal;Temperatura;OK;HARD;1;OK: Battery Temperature is 28 degrees C (82.4 degrees F).
[1700708400] CURRENT SERVICE STATE: Ups Principal;Tiempo Activo;OK;HARD;1;SNMP OK - Timeticks: (535118339) 61 days, 22:26:23.39
[1700708400] CURRENT SERVICE STATE: Veeam2023.cass.pmc;Actualizacion;CRITICAL;HARD;3;Updates: 4 critical, 0 optional
[1700708400] CURRENT SERVICE STATE: Veeam2023.cass.pmc;Almacenamiento;OK;HARD;1;c:\ - total: 99.33 Gb - used: 84.60 Gb (85%) - free 14.73 Gb (15%)
[1700708400] CURRENT SERVICE STATE: Veeam2023.cass.pmc;CPU;OK;HARD;1;CPU Load 40% (5 min average)
[1700708400] CURRENT SERVICE STATE: Veeam2023.cass.pmc;Memoria;OK;HARD;1;Memory usage: total:28159.25 MB - used: 18526.61 MB (66%) - free: 9632.65 MB (34%)
[1700708400] CURRENT SERVICE STATE: Veeam2023.cass.pmc;Ping;OK;HARD;1;PING OK - Packet loss = 0%, RTA = 1.70 ms
[1700708400] CURRENT SERVICE STATE: Veeam2023.cass.pmc;Tiempo Activo;OK;HARD;1;System Uptime - 23 day(s) 12 hour(s) 31 minute(s)
[1700708400] CURRENT SERVICE STATE: web_cass_cl;Certificado;WARNING;HARD;3;SSL WARNING - Certificate '*.cass.cl' expires in 33 day(s) (2023-12-26 20:59 -0300/-03).
[1700708400] CURRENT SERVICE STATE: web_cass_cl;HTTP;OK;HARD;1;HTTP OK: HTTP/1.1 302 Found - 1081 bytes in 0.178 second response time
[1700709802] Auto-save of retention data completed successfully.
[1700713402] Auto-save of retention data completed successfully.
[1700717002] Auto-save of retention data completed successfully.
[1700720602] Auto-save of retention data completed successfully.
[1700724202] Auto-save of retention data completed successfully.
[1700725013] SERVICE ALERT: SRV_nagios;Actualizacion;WARNING;HARD;4;YUM WARNING: Yum output signature does not match current known format. Please make sure you have upgraded to the latest version from https://github.com/HariSekhon/Nagios-Plugins. If the problem persists, please raise a ticket at https://github.com/HariSekhon/Nagios-Plugins/issues with the full -vvv output
[1700725317] SERVICE ALERT: SRV_nagios;Actualizacion;CRITICAL;HARD;4;YUM CRITICAL: 4 Updates Available
[1700727802] Auto-save of retention data completed successfully.
[1700731402] Auto-save of retention data completed successfully.
[1700735002] Auto-save of retention data completed successfully.
[1700738602] Auto-save of retention data completed successfully.
[1700740684] SERVICE ALERT: FW Cass Telsur;Ancho de Banda LAN;CRITICAL;SOFT;1;(No output on stdout) stderr:
[1700740804] SERVICE ALERT: FW Cass Telsur;Ancho de Banda LAN;OK;SOFT;2;OK - Average IN: 661.70KB (0.53%), Average OUT: 1.34MB (1.07%)Total RX: 677.91MBytes, Total TX: 1.32GBytes
[1700740846] SERVICE ALERT: FW Cass Telsur;Ancho de Banda WAN;CRITICAL;SOFT;1;(No output on stdout) stderr:
[1700740966] SERVICE ALERT: FW Cass Telsur;Ancho de Banda WAN;OK;SOFT;2;OK - Average IN: 175.29KB (0.14%), Average OUT: 168.63KB (0.13%)Total RX: 96.07GBytes, Total TX: 155.67GBytes
[1700741475] SERVICE ALERT: FW Cass Telsur;Ancho de Banda LAN;CRITICAL;SOFT;1;(No output on stdout) stderr:
[1700741516] SERVICE ALERT: FW Cass Telsur;Ancho de Banda WAN;CRITICAL;SOFT;1;(No output on stdout) stderr:
[1700741600] SERVICE ALERT: FW Cass Telsur;Ancho de Banda LAN;OK;SOFT;2;OK - Average IN: 118.93KB (0.10%), Average OUT: 732.81KB (0.59%)Total RX: 10.79GBytes, Total TX: 1.98GBytes
[1700741617] SERVICE ALERT: FW Cass Telsur;Estado Puerto DMZ;WARNING;SOFT;1;WARNING: SNMP error: No response from remote host "201.220.96.34"
[1700741651] SERVICE ALERT: FW Cass Telsur;Ancho de Banda WAN;OK;SOFT;2;(No output on stdout) stderr:
[1700741691] SERVICE ALERT: FW Cass Telsur;Tiempo Activo;CRITICAL;SOFT;1;CRITICAL - Plugin timed out while executing system call
[1700741737] SERVICE ALERT: FW Cass Telsur;Estado Puerto DMZ;OK;SOFT;2;OK: Interface eth2 (index 4) is up.
[1700741811] SERVICE ALERT: FW Cass Telsur;Tiempo Activo;OK;SOFT;2;SNMP OK - Timeticks: (3670450) 10:11:44.50
[1700741836] SERVICE ALERT: SRV_email.cass.cl;Actualizacion;CRITICAL;SOFT;1;CHECK_NRPE STATE CRITICAL: Socket timeout after 30 seconds.
[1700741841] SERVICE ALERT: FW Cass Telsur;Ancho de Banda WAN;CRITICAL;SOFT;1;(No output on stdout) stderr:
[1700741926] SERVICE ALERT: FW Cass Telsur;Ancho de Banda DMZ;CRITICAL;SOFT;1;(No output on stdout) stderr:
[1700741929] SERVICE ALERT: FW Cass Telsur;Estado Puerto LAN;WARNING;SOFT;1;WARNING: SNMP error: No response from remote host "201.220.96.34"
[1700741962] SERVICE ALERT: FW Cass Telsur;Ancho de Banda WAN;OK;SOFT;2;OK - Average IN: 1.17MB (0.94%), Average OUT: 1.17MB (0.93%)Total RX: 96.88GBytes, Total TX: 156.48GBytes
[1700741970] SERVICE ALERT: SRV_email.cass.cl;Actualizacion;OK;SOFT;2;Updates OK : no updates available
[1700742046] SERVICE ALERT: FW Cass Telsur;Ancho de Banda DMZ;OK;SOFT;2;OK - Average IN: 20.69KB (0.02%), Average OUT: 13.82KB (0.01%)Total RX: 323.39MBytes, Total TX: 670.21MBytes
[1700742049] SERVICE ALERT: FW Cass Telsur;Estado Puerto LAN;OK;SOFT;2;OK: Interface eth0 (index 2) is up.
[1700742202] Auto-save of retention data completed successfully.
[1700745116] SERVICE ALERT: FW Cass Telsur;Ancho de Banda DMZ;CRITICAL;SOFT;1;(No output on stdout) stderr:
[1700745236] SERVICE ALERT: FW Cass Telsur;Ancho de Banda DMZ;OK;SOFT;2;OK - Average IN: 11.81KB (0.01%), Average OUT: 10.13KB (0.01%)Total RX: 389.60MBytes, Total TX: 710.76MBytes
[1700745802] Auto-save of retention data completed successfully.
[1700748844] SERVICE ALERT: Veeam2023.cass.pmc;Actualizacion;UNKNOWN;HARD;3;CHECK_NRPE: Receive header underflow - only 0 bytes received (4 expected).
[1700748916] SERVICE ALERT: Veeam2023.cass.pmc;Actualizacion;CRITICAL;HARD;3;Updates: 4 critical, 0 optional
[1700749402] Auto-save of retention data completed successfully.
[1700750949] SERVICE ALERT: FW Cass Telsur;Estado Puerto WAN;WARNING;SOFT;1;WARNING: SNMP error: No response from remote host "201.220.96.34"
[1700751069] SERVICE ALERT: FW Cass Telsur;Estado Puerto WAN;OK;SOFT;2;OK: Interface eth1 (index 3) is up.
[1700751510] SERVICE ALERT: FW Cass Telsur;Ancho de Banda LAN;CRITICAL;SOFT;1;(No output on stdout) stderr:
[1700751630] SERVICE ALERT: FW Cass Telsur;Ancho de Banda LAN;OK;SOFT;2;OK - Average IN: 81.18KB (0.06%), Average OUT: 676.78KB (0.54%)Total RX: 11.33GBytes, Total TX: 7.13GBytes
[1700751880] SERVICE ALERT: FW Cass Telsur;Ancho de Banda LAN;CRITICAL;SOFT;1;(No output on stdout) stderr:
[1700752000] SERVICE ALERT: FW Cass Telsur;Ancho de Banda LAN;OK;SOFT;2;OK - Average IN: 121.74KB (0.10%), Average OUT: 2.20MB (1.76%)Total RX: 11.36GBytes, Total TX: 7.65GBytes
[1700752067] SERVICE ALERT: FW Cass Telsur;Estado Puerto DMZ;WARNING;SOFT;1;WARNING: SNMP error: No response from remote host "201.220.96.34"
[1700752086] SERVICE ALERT: FW Cass Telsur;Ancho de Banda DMZ;CRITICAL;SOFT;1;(No output on stdout) stderr:
[1700752172] SERVICE ALERT: FW Cass Telsur;Ancho de Banda WAN;CRITICAL;SOFT;1;(No output on stdout) stderr:
[1700752187] SERVICE ALERT: FW Cass Telsur;Estado Puerto DMZ;OK;SOFT;2;OK: Interface eth2 (index 4) is up.
[1700752206] SERVICE ALERT: FW Cass Telsur;Ancho de Banda DMZ;OK;SOFT;2;OK - Average IN: 43.18KB (0.03%), Average OUT: 33.99KB (0.03%)Total RX: 575.72MBytes, Total TX: 798.22MBytes
[1700752292] SERVICE ALERT: FW Cass Telsur;Ancho de Banda WAN;OK;SOFT;2;OK - Average IN: 856.70KB (0.69%), Average OUT: 848.48KB (0.68%)Total RX: 111.21GBytes, Total TX: 171.01GBytes
[1700753002] Auto-save of retention data completed successfully.
[1700753219] SERVICE ALERT: FW Cass Telsur;Estado Puerto LAN;WARNING;SOFT;1;WARNING: SNMP error: No response from remote host "201.220.96.34"
[1700753262] SERVICE ALERT: FW Cass Telsur;Ancho de Banda WAN;UNKNOWN;SOFT;1;UNKNOWN: Improper interface status, status received: DNE - No response from remote host "201.220.96.34"
[1700753339] SERVICE ALERT: FW Cass Telsur;Estado Puerto LAN;OK;SOFT;2;OK: Interface eth0 (index 2) is up.
[1700753383] SERVICE ALERT: FW Cass Telsur;Ancho de Banda WAN;OK;SOFT;2;OK - Average IN: 1.41MB (1.13%), Average OUT: 1.40MB (1.12%)Total RX: 112.45GBytes, Total TX: 172.25GBytes
[1700754417] SERVICE ALERT: FW Cass Telsur;Estado Puerto DMZ;WARNING;SOFT;1;WARNING: SNMP error: No response from remote host "201.220.96.34"
[1700754537] SERVICE ALERT: FW Cass Telsur;Estado Puerto DMZ;OK;SOFT;2;OK: Interface eth2 (index 4) is up.
[1700754650] HOST ALERT: SRV_Oraculo_cass.cl;UP;HARD;1;PING OK - Packet loss = 0%, RTA = 1.37 ms
[1700754682] SERVICE ALERT: SRV_Oraculo_cass.cl;Ping;OK;HARD;1;PING OK - Packet loss = 0%, RTA = 0.99 ms
[1700755876] SERVICE ALERT: FW Cass Telsur;Ancho de Banda DMZ;UNKNOWN;SOFT;1;UNKNOWN: Improper interface status, status received: DNE - No response from remote host "201.220.96.34"
[1700755996] SERVICE ALERT: FW Cass Telsur;Ancho de Banda DMZ;OK;SOFT;2;OK - Average IN: 58.80KB (0.05%), Average OUT: 15.94KB (0.01%)Total RX: 699.31MBytes, Total TX: 893.42MBytes
[1700756602] Auto-save of retention data completed successfully.
[1700760202] Auto-save of retention data completed successfully.
[1700763470] SERVICE ALERT: FW Cass Telsur;Ancho de Banda LAN;UNKNOWN;SOFT;1;UNKNOWN: Improper interface status, status received: DNE - No response from remote host "201.220.96.34"
[1700763590] SERVICE ALERT: FW Cass Telsur;Ancho de Banda LAN;OK;SOFT;2;OK - Average IN: 89.10KB (0.07%), Average OUT: 814.74KB (0.65%)Total RX: 13.03GBytes, Total TX: 142.45GBytes
[1700763802] Auto-save of retention data completed successfully.
[1700764494] SERVICE ALERT: FW Cass Telsur;Ancho de Banda WAN;UNKNOWN;SOFT;1;UNKNOWN: Improper interface status, status received: DNE - No response from remote host "201.220.96.34"
[1700764614] SERVICE ALERT: FW Cass Telsur;Ancho de Banda WAN;OK;SOFT;2;OK - Average IN: 259.21B (0.00%), Average OUT: 86.94B (0.00%)Total RX: 113.59GBytes, Total TX: 174.17GBytes
[1700764647] SERVICE ALERT: FW Cass Telsur;Ancho de Banda DMZ;CRITICAL;SOFT;1;(No output on stdout) stderr:
[1700764680] SERVICE ALERT: FW Cass Telsur;Ancho de Banda LAN;CRITICAL;SOFT;1;(No output on stdout) stderr:
[1700764687] SERVICE ALERT: FW Cass Telsur;Estado Puerto DMZ;WARNING;SOFT;1;WARNING: SNMP error: No response from remote host "201.220.96.34"
[1700764782] SERVICE ALERT: FW Cass Telsur;Ancho de Banda DMZ;OK;SOFT;2;(No output on stdout) stderr:
[1700764807] SERVICE ALERT: FW Cass Telsur;Estado Puerto DMZ;OK;SOFT;2;OK: Interface eth2 (index 4) is up.
[1700764815] SERVICE ALERT: FW Cass Telsur;Ancho de Banda LAN;OK;SOFT;2;(No output on stdout) stderr:
[1700764972] SERVICE ALERT: FW Cass Telsur;Ancho de Banda DMZ;CRITICAL;SOFT;1;(No output on stdout) stderr:
[1700765092] SERVICE ALERT: FW Cass Telsur;Ancho de Banda DMZ;OK;SOFT;2;OK - Average IN: 18.92KB (0.02%), Average OUT: 8.48KB (0.01%)Total RX: 1.87GBytes, Total TX: 988.71MBytes
[1700767402] Auto-save of retention data completed successfully.
[1700770225] SERVICE ALERT: FW Cass Telsur;Ancho de Banda LAN;CRITICAL;SOFT;1;(No output on stdout) stderr:
[1700770307] SERVICE ALERT: Veeam2023.cass.pmc;Actualizacion;UNKNOWN;HARD;3;CHECK_NRPE: Receive header underflow - only 0 bytes received (4 expected).
[1700770322] SERVICE ALERT: FW Cass Telsur;Ancho de Banda DMZ;CRITICAL;SOFT;1;(No output on stdout) stderr:
[1700770329] SERVICE ALERT: FW Cass Telsur;Estado Puerto LAN;WARNING;SOFT;1;WARNING: SNMP error: No response from remote host "201.220.96.34"
[1700770345] SERVICE ALERT: FW Cass Telsur;Ancho de Banda LAN;OK;SOFT;2;OK - Average IN: 53.66KB (0.04%), Average OUT: 331.82KB (0.27%)Total RX: 13.45GBytes, Total TX: 146.51GBytes
[1700770397] SERVICE ALERT: Veeam2023.cass.pmc;Actualizacion;CRITICAL;HARD;3;CHECK_NRPE STATE CRITICAL: Socket timeout after 30 seconds.
[1700770443] SERVICE ALERT: FW Cass Telsur;Ancho de Banda DMZ;OK;SOFT;2;OK - Average IN: 46.56KB (0.04%), Average OUT: 9.18KB (0.01%)Total RX: 2.01GBytes, Total TX: 1.07GBytes
[1700770449] SERVICE ALERT: FW Cass Telsur;Estado Puerto LAN;OK;SOFT;2;OK: Interface eth0 (index 2) is up.
[1700770548] SERVICE ALERT: Veeam2023.cass.pmc;Actualizacion;UNKNOWN;HARD;3;CHECK_NRPE: Receive header underflow - only 0 bytes received (4 expected).
[1700770635] SERVICE FLAPPING ALERT: Veeam2023.cass.pmc;Actualizacion;STARTED; Service appears to have started flapping (23.9% change >= 20.0% threshold)
[1700770635] SERVICE ALERT: Veeam2023.cass.pmc;Actualizacion;CRITICAL;HARD;3;Updates: 4 critical, 0 optional
[1700771002] Auto-save of retention data completed successfully.
[1700771386] SERVICE ALERT: Veeam2023.cass.pmc;Actualizacion;UNKNOWN;HARD;3;CHECK_NRPE: Receive header underflow - only 0 bytes received (4 expected).
[1700771471] SERVICE ALERT: Veeam2023.cass.pmc;Actualizacion;CRITICAL;HARD;3;Updates: 4 critical, 0 optional
[1700772631] SERVICE FLAPPING ALERT: Veeam2023.cass.pmc;Actualizacion;STOPPED; Service appears to have stopped flapping (3.8% change < 5.0% threshold)
[1700774602] Auto-save of retention data completed successfully.
[1700778202] Auto-save of retention data completed successfully.
[1700780864] SERVICE ALERT: SRV_chat.cass.cl;Actualizacion;CRITICAL;SOFT;1;CHECK_NRPE STATE CRITICAL: Socket timeout after 30 seconds.
[1700780864] SERVICE ALERT: SRV_SOS2021.cass.cl;Actualizacion;CRITICAL;SOFT;1;CHECK_NRPE STATE CRITICAL: Socket timeout after 30 seconds.
[1700780865] SERVICE ALERT: SRV_Cfiler.cass.cl;Actualizacion;CRITICAL;SOFT;1;CHECK_NRPE STATE CRITICAL: Socket timeout after 30 seconds.
[1700780880] SERVICE ALERT: SRV_email.cass.cl;Actualizacion;CRITICAL;SOFT;1;CHECK_NRPE STATE CRITICAL: Socket timeout after 30 seconds.
[1700780996] SERVICE ALERT: SRV_chat.cass.cl;Actualizacion;OK;SOFT;2;Updates OK : no updates available
[1700780997] SERVICE ALERT: SRV_SOS2021.cass.cl;Actualizacion;OK;SOFT;2;Updates OK : no updates available
[1700780998] SERVICE ALERT: SRV_Cfiler.cass.cl;Actualizacion;OK;SOFT;2;Updates OK : no updates available
[1700781001] SERVICE ALERT: SRV_email.cass.cl;Actualizacion;UNKNOWN;SOFT;2;CHECK_NRPE: Receive header underflow - only 0 bytes received (4 expected).
[1700781134] SERVICE ALERT: SRV_email.cass.cl;Actualizacion;OK;SOFT;3;Updates OK : no updates available
[1700781601] SERVICE ALERT: SRV_chat.cass.cl;Actualizacion;UNKNOWN;SOFT;1;CHECK_NRPE: Receive header underflow - only 0 bytes received (4 expected).
[1700781601] SERVICE ALERT: SRV_SOS2021.cass.cl;Actualizacion;UNKNOWN;SOFT;1;CHECK_NRPE: Receive header underflow - only 0 bytes received (4 expected).
[1700781602] SERVICE ALERT: SRV_Cfiler.cass.cl;Actualizacion;UNKNOWN;SOFT;1;CHECK_NRPE: Receive header underflow - only 0 bytes received (4 expected).
[1700781734] SERVICE ALERT: SRV_chat.cass.cl;Actualizacion;OK;SOFT;2;Updates OK : no updates available
[1700781734] SERVICE ALERT: SRV_SOS2021.cass.cl;Actualizacion;OK;SOFT;2;Updates OK : no updates available
[1700781734] SERVICE ALERT: SRV_Cfiler.cass.cl;Actualizacion;OK;SOFT;2;Updates OK : no updates available
[1700781802] Auto-save of retention data completed successfully.
[1700785402] Auto-save of retention data completed successfully.
[1700789002] Auto-save of retention data completed successfully.
[1700791351] SERVICE ALERT: FW Pasmar;Ping;CRITICAL;SOFT;1;PING CRITICAL - Packet loss = 100%
[1700791364] SERVICE ALERT: FW Blueshell;Ping;CRITICAL;SOFT;1;PING CRITICAL - Packet loss = 100%
[1700791368] wproc: Core Worker 25164: job 4703871 (pid=5279) timed out. Killing it
[1700791368] wproc: CHECK job 4703871 from worker Core Worker 25164 timed out after 30.01s
[1700791368] wproc:   host=FW Blueshell; service=(null);
[1700791368] wproc:   early_timeout=1; exited_ok=0; wait_status=0; error_code=62;
[1700791368] Warning: Check of host 'FW Blueshell' timed out after 30.01 seconds
[1700791368] HOST ALERT: FW Blueshell;DOWN;SOFT;1;(Host check timed out after 30.01 seconds)
[1700791368] wproc: Core Worker 25164: job 4703871 (pid=5279): Dormant child reaped
[1700791381] wproc: Core Worker 25163: job 4703881 (pid=5441) timed out. Killing it
[1700791381] wproc: CHECK job 4703881 from worker Core Worker 25163 timed out after 30.01s
[1700791381] wproc:   host=FW Pasmar; service=(null);
[1700791381] wproc:   early_timeout=1; exited_ok=0; wait_status=0; error_code=62;
[1700791381] Warning: Check of host 'FW Pasmar' timed out after 30.01 seconds
[1700791381] HOST ALERT: FW Pasmar;DOWN;SOFT;1;(Host check timed out after 30.01 seconds)
[1700791381] wproc: Core Worker 25163: job 4703881 (pid=5441): Dormant child reaped
[1700791393] SERVICE ALERT: Blueshell;Ping;CRITICAL;SOFT;1;PING CRITICAL - Packet loss = 100%
[1700791396] wproc: Core Worker 25163: job 4703894 (pid=5574) timed out. Killing it
[1700791396] wproc: CHECK job 4703894 from worker Core Worker 25163 timed out after 30.01s
[1700791396] wproc:   host=Blueshell; service=(null);
[1700791396] wproc:   early_timeout=1; exited_ok=0; wait_status=0; error_code=62;
[1700791396] Warning: Check of host 'Blueshell' timed out after 30.01 seconds
[1700791396] HOST ALERT: Blueshell;DOWN;SOFT;1;(Host check timed out after 30.01 seconds)
[1700791396] wproc: Core Worker 25163: job 4703894 (pid=5574): Dormant child reaped
[1700791426] wproc: Core Worker 25162: job 4703920 (pid=5740) timed out. Killing it
[1700791426] wproc: CHECK job 4703920 from worker Core Worker 25162 timed out after 30.01s
[1700791426] wproc:   host=FW Blueshell; service=(null);
[1700791426] wproc:   early_timeout=1; exited_ok=0; wait_status=0; error_code=62;
[1700791426] Warning: Check of host 'FW Blueshell' timed out after 30.01 seconds
[1700791426] HOST ALERT: FW Blueshell;UNREACHABLE;SOFT;2;(Host check timed out after 30.01 seconds)
[1700791426] wproc: Core Worker 25162: job 4703920 (pid=5740): Dormant child reaped
[1700791471] wproc: Core Worker 25162: job 4703950 (pid=6095) timed out. Killing it
[1700791471] wproc: CHECK job 4703950 from worker Core Worker 25162 timed out after 30.01s
[1700791471] wproc:   host=FW Pasmar; service=(null);
[1700791471] wproc:   early_timeout=1; exited_ok=0; wait_status=0; error_code=62;
[1700791471] Warning: Check of host 'FW Pasmar' timed out after 30.01 seconds
[1700791471] HOST ALERT: FW Pasmar;DOWN;SOFT;2;(Host check timed out after 30.01 seconds)
[1700791471] wproc: Core Worker 25162: job 4703950 (pid=6095): Dormant child reaped
[1700791483] wproc: Core Worker 25165: job 4703957 (pid=6149) timed out. Killing it
[1700791483] wproc: CHECK job 4703957 from worker Core Worker 25165 timed out after 30.01s
[1700791483] wproc:   host=Blueshell; service=(null);
[1700791483] wproc:   early_timeout=1; exited_ok=0; wait_status=0; error_code=62;
[1700791483] Warning: Check of host 'Blueshell' timed out after 30.01 seconds
[1700791483] HOST ALERT: Blueshell;DOWN;SOFT;2;(Host check timed out after 30.01 seconds)
[1700791483] wproc: Core Worker 25165: job 4703957 (pid=6149): Dormant child reaped
[1700791488] SERVICE ALERT: FW Blueshell;Ping;OK;SOFT;2;PING OK - Packet loss = 0%, RTA = 6.90 ms
[1700791490] HOST ALERT: FW Blueshell;UP;SOFT;1;PING OK - Packet loss = 0%, RTA = 4.22 ms
[1700791499] SERVICE ALERT: FW Pasmar;Ping;WARNING;HARD;3;PING WARNING - Packet loss = 82%, RTA = 2.71 ms
[1700791517] SERVICE ALERT: Blueshell;Ping;OK;SOFT;2;PING OK - Packet loss = 0%, RTA = 5.68 ms
[1700791521] HOST ALERT: Blueshell;UP;SOFT;1;PING OK - Packet loss = 0%, RTA = 7.07 ms
[1700791535] HOST ALERT: FW Pasmar;UP;SOFT;1;PING OK - Packet loss = 0%, RTA = 3.79 ms
[1700791535] SERVICE ALERT: FW Pasmar;Ping;OK;HARD;1;PING OK - Packet loss = 0%, RTA = 3.72 ms
[1700792602] Auto-save of retention data completed successfully.
