[1711940400] LOG ROTATION: DAILY
[1711940400] LOG VERSION: 2.0
[1711940400] CURRENT HOST STATE: ADL Diagnostic;UP;HARD;1;PING OK - Packet loss = 0%, RTA = 36.29 ms
[1711940400] CURRENT HOST STATE: Blueshell;UP;HARD;1;PING OK - Packet loss = 0%, RTA = 3.13 ms
[1711940400] CURRENT HOST STATE: Cass Entel;UP;HARD;1;PING OK - Packet loss = 0%, RTA = 0.61 ms
[1711940400] CURRENT HOST STATE: Cass Telsur;UP;HARD;1;PING OK - Packet loss = 0%, RTA = 1.21 ms
[1711940400] CURRENT HOST STATE: Clinica PV Movistar;UP;HARD;1;PING OK - Packet loss = 0%, RTA = 33.08 ms
[1711940400] CURRENT HOST STATE: Clinica PV Telsur;UP;HARD;1;PING OK - Packet loss = 0%, RTA = 1.64 ms
[1711940400] CURRENT HOST STATE: Confe;UP;HARD;1;PING OK - Packet loss = 0%, RTA = 35.99 ms
[1711940400] CURRENT HOST STATE: Electric Works;UP;HARD;1;PING OK - Packet loss = 0%, RTA = 32.88 ms
[1711940400] CURRENT HOST STATE: Exper03.exxperience.cl;UP;HARD;1;PING OK - Packet loss = 0%, RTA = 2.10 ms
[1711940400] CURRENT HOST STATE: Ext Entel;UP;HARD;1;PING OK - Packet loss = 0%, RTA = 0.58 ms
[1711940400] CURRENT HOST STATE: Ext Telsur;UP;HARD;1;PING OK - Packet loss = 0%, RTA = 1.08 ms
[1711940400] CURRENT HOST STATE: FW ADL Diagnostic;UP;HARD;1;PING OK - Packet loss = 0%, RTA = 35.34 ms
[1711940400] CURRENT HOST STATE: FW Blueshell;UP;HARD;1;PING OK - Packet loss = 0%, RTA = 3.21 ms
[1711940400] CURRENT HOST STATE: FW Cass Entel;UP;HARD;1;PING OK - Packet loss = 0%, RTA = 35.24 ms
[1711940400] CURRENT HOST STATE: FW Cass Telsur;UP;HARD;1;PING OK - Packet loss = 0%, RTA = 0.49 ms
[1711940400] CURRENT HOST STATE: FW Clinica PV Movistar;UP;HARD;1;PING OK - Packet loss = 0%, RTA = 33.29 ms
[1711940400] CURRENT HOST STATE: FW Clinica PV Telsur;UP;HARD;1;PING OK - Packet loss = 0%, RTA = 1.36 ms
[1711940400] CURRENT HOST STATE: FW Confe;UP;HARD;1;PING OK - Packet loss = 0%, RTA = 36.13 ms
[1711940400] CURRENT HOST STATE: FW Electric Works;UP;HARD;1;PING OK - Packet loss = 0%, RTA = 35.54 ms
[1711940400] CURRENT HOST STATE: FW Gore Los Lagos;UP;HARD;1;PING OK - Packet loss = 0%, RTA = 1.34 ms
[1711940400] CURRENT HOST STATE: FW OyC;UP;HARD;1;PING OK - Packet loss = 28%, RTA = 53.00 ms
[1711940400] CURRENT HOST STATE: FW Pasmar;UP;HARD;1;PING OK - Packet loss = 0%, RTA = 1.51 ms
[1711940400] CURRENT HOST STATE: Gore Los Lagos;UP;HARD;1;PING OK - Packet loss = 0%, RTA = 1.21 ms
[1711940400] CURRENT HOST STATE: Host-10.0.0.120;UP;HARD;1;PING OK - Packet loss = 0%, RTA = 0.41 ms
[1711940400] CURRENT HOST STATE: Host-10.0.0.121;UP;HARD;1;PING OK - Packet loss = 0%, RTA = 0.46 ms
[1711940400] CURRENT HOST STATE: Host-10.0.0.124;UP;HARD;1;PING OK - Packet loss = 0%, RTA = 0.50 ms
[1711940400] CURRENT HOST STATE: Internet;UP;HARD;1;PING OK - Packet loss = 0%, RTA = 17.18 ms
[1711940400] CURRENT HOST STATE: OyC Entel;UP;HARD;1;PING OK - Packet loss = 0%, RTA = 38.99 ms
[1711940400] CURRENT HOST STATE: OyC Teledata;UP;HARD;1;PING OK - Packet loss = 0%, RTA = 50.02 ms
[1711940400] CURRENT HOST STATE: Pasmar;UP;HARD;1;PING OK - Packet loss = 0%, RTA = 1.35 ms
[1711940400] CURRENT HOST STATE: Qnap NAS;UP;HARD;1;PING OK - Packet loss = 0%, RTA = 0.30 ms
[1711940400] CURRENT HOST STATE: SRV01USER_cass.cl;UP;HARD;1;PING OK - Packet loss = 0%, RTA = 2.70 ms
[1711940400] CURRENT HOST STATE: SRV04AD01.cass.cl;UP;HARD;1;PING OK - Packet loss = 0%, RTA = 1.08 ms
[1711940400] CURRENT HOST STATE: SRV05AD02_cass.cl;UP;HARD;1;PING OK - Packet loss = 0%, RTA = 1.69 ms
[1711940400] CURRENT HOST STATE: SRV05AD2_cass.pmc;UP;HARD;1;PING OK - Packet loss = 0%, RTA = 1.91 ms
[1711940400] CURRENT HOST STATE: SRV11VIBE_cass.cl;UP;HARD;1;PING OK - Packet loss = 0%, RTA = 1.21 ms
[1711940400] CURRENT HOST STATE: SRVAD1.cass.pmc;UP;HARD;1;PING OK - Packet loss = 0%, RTA = 1.76 ms
[1711940400] CURRENT HOST STATE: SRVAD2.cass.pmc;UP;HARD;1;PING OK - Packet loss = 0%, RTA = 1.38 ms
[1711940400] CURRENT HOST STATE: SRVADMIN.cass.pmc;UP;HARD;1;PING OK - Packet loss = 0%, RTA = 1.28 ms
[1711940400] CURRENT HOST STATE: SRVCONT.cass.cl;UP;HARD;1;PING OK - Packet loss = 0%, RTA = 2.98 ms
[1711940400] CURRENT HOST STATE: SRVDC01_cass.pmc;UP;HARD;1;PING OK - Packet loss = 0%, RTA = 1.57 ms
[1711940400] CURRENT HOST STATE: SRVDC1.cass.pmc;UP;HARD;1;PING OK - Packet loss = 0%, RTA = 1.22 ms
[1711940400] CURRENT HOST STATE: SRVDNS;UP;HARD;1;PING OK - Packet loss = 0%, RTA = 1.15 ms
[1711940400] CURRENT HOST STATE: SRVWEB_cass.cl;UP;HARD;1;PING OK - Packet loss = 0%, RTA = 1.10 ms
[1711940400] CURRENT HOST STATE: SRV_Cfiler.cass.cl;UP;HARD;1;PING OK - Packet loss = 0%, RTA = 0.60 ms
[1711940400] CURRENT HOST STATE: SRV_GLPI;UP;HARD;1;PING OK - Packet loss = 0%, RTA = 0.67 ms
[1711940400] CURRENT HOST STATE: SRV_GXConsultores;UP;HARD;1;PING OK - Packet loss = 0%, RTA = 0.98 ms
[1711940400] CURRENT HOST STATE: SRV_Oraculo_cass.cl;UP;HARD;1;PING OK - Packet loss = 0%, RTA = 1.60 ms
[1711940400] CURRENT HOST STATE: SRV_Prometheus;UP;HARD;1;PING OK - Packet loss = 0%, RTA = 0.64 ms
[1711940400] CURRENT HOST STATE: SRV_SOS2021.cass.cl;UP;HARD;1;PING OK - Packet loss = 0%, RTA = 0.64 ms
[1711940400] CURRENT HOST STATE: SRV_SUM;UP;HARD;1;PING OK - Packet loss = 0%, RTA = 0.64 ms
[1711940400] CURRENT HOST STATE: SRV_Sharepoint;UP;HARD;1;PING OK - Packet loss = 0%, RTA = 1.31 ms
[1711940400] CURRENT HOST STATE: SRV_Soporte;UP;HARD;1;PING OK - Packet loss = 0%, RTA = 2.79 ms
[1711940400] CURRENT HOST STATE: SRV_VeeamOne;DOWN;HARD;10;CRITICAL - Host Unreachable (10.0.0.101)
[1711940400] CURRENT HOST STATE: SRV_chat.cass.cl;UP;HARD;1;PING OK - Packet loss = 0%, RTA = 0.61 ms
[1711940400] CURRENT HOST STATE: SRV_email.cass.cl;UP;HARD;1;PING OK - Packet loss = 0%, RTA = 1.22 ms
[1711940400] CURRENT HOST STATE: SRV_nagios;UP;HARD;1;PING OK - Packet loss = 0%, RTA = 0.07 ms
[1711940400] CURRENT HOST STATE: SRV_sync.cass.cl;UP;HARD;1;PING OK - Packet loss = 0%, RTA = 0.84 ms
[1711940400] CURRENT HOST STATE: Servidor Vcenter;UP;HARD;1;PING OK - Packet loss = 0%, RTA = 0.59 ms
[1711940400] CURRENT HOST STATE: Servidores CASS;UP;HARD;1;PING OK - Packet loss = 0%, RTA = 1.24 ms
[1711940400] CURRENT HOST STATE: Ups Principal;UP;HARD;1;PING OK - Packet loss = 0%, RTA = 1.09 ms
[1711940400] CURRENT HOST STATE: Veeam2023.cass.pmc;UP;HARD;1;PING OK - Packet loss = 0%, RTA = 2.30 ms
[1711940400] CURRENT HOST STATE: web_cass_cl;UP;HARD;1;PING OK - Packet loss = 0%, RTA = 0.64 ms
[1711940400] CURRENT SERVICE STATE: ADL Diagnostic;Ping;OK;HARD;1;PING OK - Packet loss = 0%, RTA = 36.35 ms
[1711940400] CURRENT SERVICE STATE: Blueshell;Ping;OK;HARD;1;PING OK - Packet loss = 0%, RTA = 3.14 ms
[1711940400] CURRENT SERVICE STATE: Clinica PV Movistar;Ping;OK;HARD;1;PING OK - Packet loss = 0%, RTA = 35.80 ms
[1711940400] CURRENT SERVICE STATE: Confe;Ping;OK;HARD;1;PING OK - Packet loss = 0%, RTA = 59.51 ms
[1711940400] CURRENT SERVICE STATE: Electric Works;Ping;OK;HARD;1;PING OK - Packet loss = 28%, RTA = 33.05 ms
[1711940400] CURRENT SERVICE STATE: Ext Telsur;Ping;OK;HARD;1;PING OK - Packet loss = 0%, RTA = 1.17 ms
[1711940400] CURRENT SERVICE STATE: FW ADL Diagnostic;Ping;OK;HARD;1;PING OK - Packet loss = 0%, RTA = 35.28 ms
[1711940400] CURRENT SERVICE STATE: FW Blueshell;Ping;OK;HARD;1;PING OK - Packet loss = 0%, RTA = 3.18 ms
[1711940400] CURRENT SERVICE STATE: FW Cass Entel;Ping;OK;HARD;1;PING OK - Packet loss = 0%, RTA = 35.16 ms
[1711940400] CURRENT SERVICE STATE: FW Cass Telsur;Ancho de Banda DMZ;OK;HARD;1;OK - Average IN: 8.81KB (0.01%), Average OUT: 5.64KB (0.00%)Total RX: 64.24GBytes, Total TX: 31.12GBytes
[1711940400] CURRENT SERVICE STATE: FW Cass Telsur;Ancho de Banda LAN;OK;HARD;1;OK - Average IN: 1.79KB (0.00%), Average OUT: 32.91KB (0.03%)Total RX: 633.94GBytes, Total TX: 707.44GBytes
[1711940400] CURRENT SERVICE STATE: FW Cass Telsur;Ancho de Banda WAN;OK;HARD;1;OK - Average IN: 1.06KB (0.00%), Average OUT: 346.37B (0.00%)Total RX: 4673.28GBytes, Total TX: 5098.53GBytes
[1711940400] CURRENT SERVICE STATE: FW Cass Telsur;Estado Puerto DMZ;OK;HARD;1;OK: Interface eth2 (index 4) is up.
[1711940400] CURRENT SERVICE STATE: FW Cass Telsur;Estado Puerto LAN;OK;HARD;1;OK: Interface eth0 (index 2) is up.
[1711940400] CURRENT SERVICE STATE: FW Cass Telsur;Estado Puerto WAN;OK;HARD;1;OK: Interface eth1 (index 3) is up.
[1711940400] CURRENT SERVICE STATE: FW Cass Telsur;Estado TCP Sophos;OK;HARD;1;TCP OK - 0.001 second response time on 201.220.96.34 port 4444
[1711940400] CURRENT SERVICE STATE: FW Cass Telsur;Ping;OK;HARD;1;PING OK - Packet loss = 16%, RTA = 0.61 ms
[1711940400] CURRENT SERVICE STATE: FW Cass Telsur;Tiempo Activo;OK;HARD;1;SNMP OK - Timeticks: (99288902) 11 days, 11:48:09.02
[1711940400] CURRENT SERVICE STATE: FW Clinica PV Movistar;Ping;OK;HARD;1;PING OK - Packet loss = 0%, RTA = 33.11 ms
[1711940400] CURRENT SERVICE STATE: FW Confe;Ping;OK;HARD;1;PING OK - Packet loss = 0%, RTA = 36.16 ms
[1711940400] CURRENT SERVICE STATE: FW Electric Works;Ping;OK;HARD;1;PING OK - Packet loss = 0%, RTA = 35.34 ms
[1711940400] CURRENT SERVICE STATE: FW Gore Los Lagos;Ping;OK;HARD;1;PING OK - Packet loss = 0%, RTA = 1.04 ms
[1711940400] CURRENT SERVICE STATE: FW Pasmar;Ping;OK;HARD;1;PING OK - Packet loss = 16%, RTA = 1.42 ms
[1711940400] CURRENT SERVICE STATE: Gore Los Lagos;Ping;OK;HARD;1;PING OK - Packet loss = 0%, RTA = 1.19 ms
[1711940400] CURRENT SERVICE STATE: Host-10.0.0.120;Ping;OK;HARD;1;PING OK - Packet loss = 0%, RTA = 0.61 ms
[1711940400] CURRENT SERVICE STATE: Host-10.0.0.121;Ping;OK;HARD;1;PING OK - Packet loss = 0%, RTA = 0.48 ms
[1711940400] CURRENT SERVICE STATE: Pasmar;Ping;OK;HARD;1;PING OK - Packet loss = 0%, RTA = 1.39 ms
[1711940400] CURRENT SERVICE STATE: Qnap NAS;Almacenamiento;OK;HARD;1;OK: Total:50TB - Used:36TB - Free:14TB - Used Space: 71%
[1711940400] CURRENT SERVICE STATE: Qnap NAS;Estado;OK;HARD;1;Power Supply #1 - OK: GOOD
[1711940400] CURRENT SERVICE STATE: Qnap NAS;Memoria;OK;HARD;1;OK: Total:3830MB - Used:1286MB - Free:2544MB = 34%
[1711940400] CURRENT SERVICE STATE: Qnap NAS;Sysinfo;OK;HARD;1;NAS Cloud, Model TS-879U-RP, Firmware 4.3.6, Max HD number 8, No. Volume 2
[1711940400] CURRENT SERVICE STATE: Qnap NAS;Temperatura;OK;HARD;1;OK: Temperature=35C
[1711940400] CURRENT SERVICE STATE: Qnap NAS;Tiempo Activo;OK;HARD;1;SNMP OK - Timeticks: (39140170) 4 days, 12:43:21.70
[1711940400] CURRENT SERVICE STATE: SRV01USER_cass.cl;Actualizacion;OK;HARD;1;OK - no pending updates.
[1711940400] CURRENT SERVICE STATE: SRV01USER_cass.cl;Almacenamiento C;WARNING;HARD;3;c:\ - total: 119.40 Gb - used: 98.22 Gb (82%) - free 21.17 Gb (18%)
[1711940400] CURRENT SERVICE STATE: SRV01USER_cass.cl;Almacenamiento U;OK;HARD;1;u:\ - total: 1023.98 Gb - used: 226.99 Gb (22%) - free 797.00 Gb (78%)
[1711940400] CURRENT SERVICE STATE: SRV01USER_cass.cl;CPU;OK;HARD;1;CPU Load 1% (5 min average)
[1711940400] CURRENT SERVICE STATE: SRV01USER_cass.cl;Memoria;OK;HARD;1;Memory usage: total:23551.21 MB - used: 2310.78 MB (10%) - free: 21240.43 MB (90%)
[1711940400] CURRENT SERVICE STATE: SRV01USER_cass.cl;Ping;OK;HARD;1;PING OK - Packet loss = 0%, RTA = 2.59 ms
[1711940400] CURRENT SERVICE STATE: SRV01USER_cass.cl;Tiempo Activo;OK;HARD;1;System Uptime - 0 day(s) 15 hour(s) 53 minute(s)
[1711940400] CURRENT SERVICE STATE: SRV04AD01.cass.cl;Ping;OK;HARD;1;PING OK - Packet loss = 0%, RTA = 1.62 ms
[1711940400] CURRENT SERVICE STATE: SRV05AD02_cass.cl;Ping;OK;HARD;1;PING OK - Packet loss = 0%, RTA = 1.72 ms
[1711940400] CURRENT SERVICE STATE: SRV11VIBE_cass.cl;Actualizacion;CRITICAL;HARD;3;Updates CRITICAL : discontinued OS Release SLE 15.1: At least one of your Repositories might be out of date. Please run "zypper refresh" as root to update it.  3 security update(s): 1 recommended update(s):  2 package update(s):
[1711940400] CURRENT SERVICE STATE: SRV11VIBE_cass.cl;Almacenamiento /;OK;HARD;1;DISK OK - free space: /var/tmp 78582 MiB (85.74% inode=-):
[1711940400] CURRENT SERVICE STATE: SRV11VIBE_cass.cl;CPU;OK;HARD;1;OK - load average per CPU: 0.03, 0.04, 0.02
[1711940400] CURRENT SERVICE STATE: SRV11VIBE_cass.cl;Memoria;OK;HARD;1;[MEMORY] Total: 7693 MB - Used: 3317 MB - 43% [SWAP] Total: 7944 MB - Used: 14 MB - 0%
[1711940400] CURRENT SERVICE STATE: SRV11VIBE_cass.cl;Ping;OK;HARD;1;PING OK - Packet loss = 0%, RTA = 1.22 ms
[1711940400] CURRENT SERVICE STATE: SRV11VIBE_cass.cl;Proceso Vibe;OK;HARD;1;PROCS OK: 0 processes with command name 'vibe'
[1711940400] CURRENT SERVICE STATE: SRV11VIBE_cass.cl;Procesos;OK;HARD;1;PROCS OK: 314 processes
[1711940400] CURRENT SERVICE STATE: SRV11VIBE_cass.cl;Procesos Zombies;OK;HARD;1;PROCS OK: 0 processes with STATE = Z
[1711940400] CURRENT SERVICE STATE: SRV11VIBE_cass.cl;Puerto HTTP;OK;HARD;1;TCP OK - 0.000 second response time on 10.0.2.13 port 80
[1711940400] CURRENT SERVICE STATE: SRV11VIBE_cass.cl;Puerto HTTPS;OK;HARD;1;TCP OK - 0.000 second response time on 10.0.2.13 port 443
[1711940400] CURRENT SERVICE STATE: SRV11VIBE_cass.cl;Servicio Vibe;OK;HARD;1;OK: Service vibe is running!
[1711940400] CURRENT SERVICE STATE: SRV11VIBE_cass.cl;Tiempo Activo;OK;HARD;1;Uptime OK: 23 day(s) 8 hour(s) 19 minute(s)
[1711940400] CURRENT SERVICE STATE: SRV11VIBE_cass.cl;Usuarios Login;OK;HARD;1;USERS OK - 2 users currently logged in
[1711940400] CURRENT SERVICE STATE: SRVAD1.cass.pmc;Ping;OK;HARD;1;PING OK - Packet loss = 0%, RTA = 1.91 ms
[1711940400] CURRENT SERVICE STATE: SRVAD2.cass.pmc;Ping;OK;HARD;1;PING OK - Packet loss = 0%, RTA = 1.62 ms
[1711940400] CURRENT SERVICE STATE: SRVADMIN.cass.pmc;Actualizacion;OK;HARD;1;OK - no pending updates.
[1711940400] CURRENT SERVICE STATE: SRVADMIN.cass.pmc;Almacenamiento;OK;HARD;1;c:\ - total: 299.66 Gb - used: 161.58 Gb (54%) - free 138.07 Gb (46%)
[1711940400] CURRENT SERVICE STATE: SRVADMIN.cass.pmc;CPU;OK;HARD;1;CPU Load 1% (5 min average)
[1711940400] CURRENT SERVICE STATE: SRVADMIN.cass.pmc;Memoria;OK;HARD;1;Memory usage: total:16319.56 MB - used: 9810.62 MB (60%) - free: 6508.94 MB (40%)
[1711940400] CURRENT SERVICE STATE: SRVADMIN.cass.pmc;Ping;OK;HARD;1;PING OK - Packet loss = 0%, RTA = 1.42 ms
[1711940400] CURRENT SERVICE STATE: SRVADMIN.cass.pmc;Tiempo Activo;OK;HARD;1;System Uptime - 21 day(s) 15 hour(s) 8 minute(s)
[1711940400] CURRENT SERVICE STATE: SRVCONT.cass.cl;Actualizacion;OK;HARD;1;OK - no pending updates.
[1711940400] CURRENT SERVICE STATE: SRVCONT.cass.cl;Almacenamiento;OK;HARD;1;c:\ - total: 299.33 Gb - used: 57.11 Gb (19%) - free 242.22 Gb (81%)
[1711940400] CURRENT SERVICE STATE: SRVCONT.cass.cl;CPU;OK;HARD;1;CPU Load 21% (5 min average)
[1711940400] CURRENT SERVICE STATE: SRVCONT.cass.cl;Memoria;OK;HARD;1;Memory usage: total:16702.07 MB - used: 9194.29 MB (55%) - free: 7507.77 MB (45%)
[1711940400] CURRENT SERVICE STATE: SRVCONT.cass.cl;Ping;OK;HARD;1;PING OK - Packet loss = 0%, RTA = 3.31 ms
[1711940400] CURRENT SERVICE STATE: SRVCONT.cass.cl;Tiempo Activo;OK;HARD;1;System Uptime - 12 day(s) 23 hour(s) 50 minute(s)
[1711940400] CURRENT SERVICE STATE: SRVDC1.cass.pmc;Ping;OK;HARD;1;PING OK - Packet loss = 0%, RTA = 1.64 ms
[1711940400] CURRENT SERVICE STATE: SRVDNS;Ping;OK;HARD;1;PING OK - Packet loss = 0%, RTA = 1.11 ms
[1711940400] CURRENT SERVICE STATE: SRVWEB_cass.cl;Ping;OK;HARD;1;PING OK - Packet loss = 0%, RTA = 1.23 ms
[1711940400] CURRENT SERVICE STATE: SRV_Cfiler.cass.cl;Actualizacion;OK;HARD;1;Updates OK : no updates available
[1711940400] CURRENT SERVICE STATE: SRV_Cfiler.cass.cl;Almacenamiento /;OK;HARD;1;DISK OK - free space: / 2388608 MB (71% inode=-):
[1711940400] CURRENT SERVICE STATE: SRV_Cfiler.cass.cl;CPU;OK;HARD;1;OK - load average: 0.17, 0.20, 0.16
[1711940400] CURRENT SERVICE STATE: SRV_Cfiler.cass.cl;Http;OK;HARD;1;TCP OK - 0.001 second response time on port 80
[1711940400] CURRENT SERVICE STATE: SRV_Cfiler.cass.cl;Https;OK;HARD;1;TCP OK - 0.000 second response time on port 443
[1711940400] CURRENT SERVICE STATE: SRV_Cfiler.cass.cl;Memoria;OK;HARD;1;[MEMORY] Total: 3893 MB - Used: 1258 MB - 32% [SWAP] Total: 2047 MB - Used: 134 MB - 6%
[1711940400] CURRENT SERVICE STATE: SRV_Cfiler.cass.cl;Procesos;OK;HARD;1;PROCS OK: 321 processes
[1711940400] CURRENT SERVICE STATE: SRV_Cfiler.cass.cl;Procesos Zombies;OK;HARD;1;PROCS OK: 0 processes with STATE = Z
[1711940400] CURRENT SERVICE STATE: SRV_Cfiler.cass.cl;Procs Apache;OK;HARD;1;PROCS OK: 11 processes with args 'apache2'
[1711940400] CURRENT SERVICE STATE: SRV_Cfiler.cass.cl;Serv Apache;OK;HARD;1;OK: Service apache is running!
[1711940400] CURRENT SERVICE STATE: SRV_Cfiler.cass.cl;Servicio General;OK;HARD;1;PING OK - Packet loss = 0%, RTA = 0.67 ms
[1711940400] CURRENT SERVICE STATE: SRV_Cfiler.cass.cl;Tiempo Activo;OK;HARD;1;Uptime OK: 23 day(s) 15 hour(s) 23 minute(s)
[1711940400] CURRENT SERVICE STATE: SRV_Cfiler.cass.cl;Usuarios Login;OK;HARD;1;USERS OK - 1 users currently logged in
[1711940400] CURRENT SERVICE STATE: SRV_GLPI;Agentes;OK;HARD;1;OK: Agent_version was ['3.0.1']
[1711940400] CURRENT SERVICE STATE: SRV_GLPI;CPU;OK;HARD;1;OK: Percent was 0.50 %
[1711940400] CURRENT SERVICE STATE: SRV_GLPI;Http;OK;HARD;1;HTTP OK: HTTP/1.1 301 Moved Permanently - 364 bytes in 0.002 second response time
[1711940400] CURRENT SERVICE STATE: SRV_GLPI;Memoria;OK;HARD;1;OK: Memory usage was 14.10 % (Available: 14.41 GB, Total: 16.78 GB, Free: 0.72 GB, Used: 1.87 GB)
[1711940400] CURRENT SERVICE STATE: SRV_GLPI;Usuarios Login;OK;HARD;1;USERS OK - 1 users currently logged in
[1711940400] CURRENT SERVICE STATE: SRV_Oraculo_cass.cl;Ping;OK;HARD;1;PING OK - Packet loss = 0%, RTA = 1.14 ms
[1711940400] CURRENT SERVICE STATE: SRV_SOS2021.cass.cl;Actualizacion;OK;HARD;1;Updates OK : no updates available
[1711940400] CURRENT SERVICE STATE: SRV_SOS2021.cass.cl;Almacenamiento /;OK;HARD;1;DISK OK - free space: /var/tmp 118338 MiB (91.07% inode=-):
[1711940400] CURRENT SERVICE STATE: SRV_SOS2021.cass.cl;CPU;OK;HARD;1;OK - load average per CPU: 0.02, 0.02, 0.01
[1711940400] CURRENT SERVICE STATE: SRV_SOS2021.cass.cl;Memoria;OK;HARD;1;[MEMORY] Total: 7946 MB - Used: 1035 MB - 13% [SWAP] Total: 10239 MB - Used: 0 MB - 0%
[1711940400] CURRENT SERVICE STATE: SRV_SOS2021.cass.cl;Ping;OK;HARD;1;PING OK - Packet loss = 0%, RTA = 0.92 ms
[1711940400] CURRENT SERVICE STATE: SRV_SOS2021.cass.cl;Procesos;OK;HARD;1;PROCS OK: 304 processes
[1711940400] CURRENT SERVICE STATE: SRV_SOS2021.cass.cl;Procesos Zombies;OK;HARD;1;PROCS OK: 0 processes with STATE = Z
[1711940400] CURRENT SERVICE STATE: SRV_SOS2021.cass.cl;Tiempo Activo;OK;HARD;1;Uptime OK: 23 day(s) 15 hour(s) 33 minute(s)
[1711940400] CURRENT SERVICE STATE: SRV_SOS2021.cass.cl;Usuarios Login;OK;HARD;1;USERS OK - 0 users currently logged in
[1711940400] CURRENT SERVICE STATE: SRV_SUM;Ping;OK;HARD;1;PING OK - Packet loss = 0%, RTA = 0.54 ms
[1711940400] CURRENT SERVICE STATE: SRV_Soporte;Actualizacion;CRITICAL;HARD;3;Hay 5 actualizaciones pendientes.
[1711940400] CURRENT SERVICE STATE: SRV_Soporte;Agentes;OK;HARD;1;OK: Agent_version was ['3.0.1']
[1711940400] CURRENT SERVICE STATE: SRV_Soporte;CPU;OK;HARD;1;OK: Percent was 31.23 %
[1711940400] CURRENT SERVICE STATE: SRV_Soporte;Memoria;OK;HARD;1;OK: Memory usage was 56.10 % (Available: 7.55 GB, Total: 17.18 GB, Free: 7.54 GB, Used: 9.64 GB)
[1711940400] CURRENT SERVICE STATE: SRV_chat.cass.cl;Actualizacion;OK;HARD;1;Updates OK : no updates available
[1711940400] CURRENT SERVICE STATE: SRV_chat.cass.cl;Almacenamiento /;OK;HARD;1;DISK OK - free space: /var/tmp 932341 MiB (89.19% inode=-):
[1711940400] CURRENT SERVICE STATE: SRV_chat.cass.cl;CPU;OK;HARD;1;OK - load average per CPU: 0.06, 0.07, 0.08
[1711940400] CURRENT SERVICE STATE: SRV_chat.cass.cl;Memoria;OK;HARD;1;[MEMORY] Total: 7919 MB - Used: 3209 MB - 40% [SWAP] Total: 2048 MB - Used: 355 MB - 17%
[1711940400] CURRENT SERVICE STATE: SRV_chat.cass.cl;Ping;OK;HARD;1;PING OK - Packet loss = 0%, RTA = 0.50 ms
[1711940400] CURRENT SERVICE STATE: SRV_chat.cass.cl;Proceso Docker;OK;HARD;1;PROCS OK: 0 processes with command name 'docker'
[1711940400] CURRENT SERVICE STATE: SRV_chat.cass.cl;Proceso Nginx;OK;HARD;1;PROCS OK: 3 processes with command name 'nginx'
[1711940400] CURRENT SERVICE STATE: SRV_chat.cass.cl;Procesos;OK;HARD;1;PROCS OK: 276 processes
[1711940400] CURRENT SERVICE STATE: SRV_chat.cass.cl;Procesos Zombies;OK;HARD;1;PROCS OK: 0 processes with STATE = Z
[1711940400] CURRENT SERVICE STATE: SRV_chat.cass.cl;Puerto Contenedor;OK;HARD;1;TCP OK - 0.000 second response time on port 8000
[1711940400] CURRENT SERVICE STATE: SRV_chat.cass.cl;Puerto HTTP;OK;HARD;1;TCP OK - 0.000 second response time on port 80
[1711940400] CURRENT SERVICE STATE: SRV_chat.cass.cl;Puerto HTTPS;OK;HARD;1;TCP OK - 0.000 second response time on port 443
[1711940400] CURRENT SERVICE STATE: SRV_chat.cass.cl;Puerto Portainer;OK;HARD;1;TCP OK - 0.001 second response time on port 9443
[1711940400] CURRENT SERVICE STATE: SRV_chat.cass.cl;Servicio Docker;OK;HARD;1;OK: Service docker is running!
[1711940400] CURRENT SERVICE STATE: SRV_chat.cass.cl;Servicio Nginx;OK;HARD;1;OK: Service nginx is running!
[1711940400] CURRENT SERVICE STATE: SRV_chat.cass.cl;Usuarios Login;OK;HARD;1;USERS OK - 0 users currently logged in
[1711940400] CURRENT SERVICE STATE: SRV_email.cass.cl;Actualizacion;OK;HARD;1;Updates OK : no updates available
[1711940400] CURRENT SERVICE STATE: SRV_email.cass.cl;Almacenamiento /;OK;HARD;1;DISK OK - free space: /var/tmp 459465 MiB (90.67% inode=-):
[1711940400] CURRENT SERVICE STATE: SRV_email.cass.cl;Almacenamiento Mail;OK;HARD;1;DISK OK - free space: /mail 1785277 MiB (91.16% inode=99%):
[1711940400] CURRENT SERVICE STATE: SRV_email.cass.cl;Almacenamiento Mail2;OK;HARD;1;DISK OK - free space: /mail2 474010 MiB (99.32% inode=100%):
[1711940400] CURRENT SERVICE STATE: SRV_email.cass.cl;CPU;OK;HARD;1;OK - load average per CPU: 0.01, 0.01, 0.02
[1711940400] CURRENT SERVICE STATE: SRV_email.cass.cl;Correo Pop;OK;HARD;1;POP OK - 0.001 second response time on 10.0.2.25 port 110 [+OK GroupWise POP3 server ready]
[1711940400] CURRENT SERVICE STATE: SRV_email.cass.cl;Correo Smtp;OK;HARD;1;SMTP OK - 0.005 sec. response time
[1711940400] CURRENT SERVICE STATE: SRV_email.cass.cl;Memoria;OK;HARD;1;[MEMORY] Total: 11939 MB - Used: 2737 MB - 22% [SWAP] Total: 2048 MB - Used: 2 MB - 0%
[1711940400] CURRENT SERVICE STATE: SRV_email.cass.cl;Ping;OK;HARD;1;PING OK - Packet loss = 0%, RTA = 1.37 ms
[1711940400] CURRENT SERVICE STATE: SRV_email.cass.cl;Procesos;OK;HARD;1;PROCS OK: 300 processes
[1711940400] CURRENT SERVICE STATE: SRV_email.cass.cl;Procesos Zombies;OK;HARD;1;PROCS OK: 0 processes with STATE = Z
[1711940400] CURRENT SERVICE STATE: SRV_email.cass.cl;Tiempo Activo;OK;HARD;1;Uptime OK: 23 day(s) 15 hour(s) 37 minute(s)
[1711940400] CURRENT SERVICE STATE: SRV_email.cass.cl;Usuarios Login;OK;HARD;1;USERS OK - 0 users currently logged in
[1711940400] CURRENT SERVICE STATE: SRV_nagios;Actualizacion;CRITICAL;HARD;4;YUM CRITICAL: 29 Updates Available
[1711940400] CURRENT SERVICE STATE: SRV_nagios;CPU;OK;HARD;1;OK - load average: 0.07, 0.06, 0.05
[1711940400] CURRENT SERVICE STATE: SRV_nagios;Memoria;OK;HARD;1;[MEMORY] Total: 7740 MB - Used: 471 MB - 6% [SWAP] Total: 7935 MB - Used: 0 MB - 0%
[1711940400] CURRENT SERVICE STATE: SRV_nagios;PING;OK;HARD;1;PING OK - Packet loss = 0%, RTA = 0.07 ms
[1711940400] CURRENT SERVICE STATE: SRV_nagios;Procesos;OK;HARD;1;PROCS OK: 60 processes with STATE = RSZDT
[1711940400] CURRENT SERVICE STATE: SRV_nagios;Usarios Login;OK;HARD;1;USERS OK - 0 users currently logged in
[1711940400] CURRENT SERVICE STATE: SRV_sync.cass.cl;Ping;OK;HARD;1;PING OK - Packet loss = 0%, RTA = 1.00 ms
[1711940400] CURRENT SERVICE STATE: Servidor Vcenter;Ping;OK;HARD;1;PING OK - Packet loss = 0%, RTA = 0.46 ms
[1711940400] CURRENT SERVICE STATE: Servidores CASS;Ancho de Banda GE/1/0/3;OK;HARD;1;OK - Average IN: 41.38KB (0.03%), Average OUT: 8.83KB (0.01%)Total RX: 10255.17GBytes, Total TX: 39555.55GBytes
[1711940400] CURRENT SERVICE STATE: Servidores CASS;Estado Puerto 3;OK;HARD;1;OK: Interface GigabitEthernet1/0/3 (index 3) is up.
[1711940400] CURRENT SERVICE STATE: Servidores CASS;Estado Puerto 80;OK;HARD;1;TCP OK - 0.002 second response time on 10.0.0.17 port 80
[1711940400] CURRENT SERVICE STATE: Servidores CASS;Ping;OK;HARD;1;PING OK - Packet loss = 0%, RTA = 4.02 ms
[1711940400] CURRENT SERVICE STATE: Servidores CASS;Tiempo Activo;OK;HARD;1;SNMP OK - Timeticks: (204424409) 23 days, 15:50:44.09
[1711940400] CURRENT SERVICE STATE: Ups Principal;Carga;OK;HARD;1;OK: Estimated battery charge 100%, approximately 0 minutes runtime remaining.
[1711940400] CURRENT SERVICE STATE: Ups Principal;Estado;OK;HARD;1;OK: Battery Status Normal.
[1711940400] CURRENT SERVICE STATE: Ups Principal;Ping;OK;HARD;1;PING OK - Packet loss = 0%, RTA = 1.11 ms
[1711940400] CURRENT SERVICE STATE: Ups Principal;Temperatura;OK;HARD;1;OK: Battery Temperature is 27 degrees C (80.6 degrees F).
[1711940400] CURRENT SERVICE STATE: Ups Principal;Tiempo Activo;OK;HARD;1;SNMP OK - Timeticks: (17500053) 2 days, 0:36:40.53
[1711940400] CURRENT SERVICE STATE: Veeam2023.cass.pmc;Actualizacion;CRITICAL;HARD;3;Updates: 3 critical, 0 optional
[1711940400] CURRENT SERVICE STATE: Veeam2023.cass.pmc;Almacenamiento;OK;HARD;1;c:\ - total: 99.33 Gb - used: 63.02 Gb (63%) - free 36.31 Gb (37%)
[1711940400] CURRENT SERVICE STATE: Veeam2023.cass.pmc;CPU;OK;HARD;1;CPU Load 10% (5 min average)
[1711940400] CURRENT SERVICE STATE: Veeam2023.cass.pmc;Memoria;OK;HARD;1;Memory usage: total:28252.82 MB - used: 19474.22 MB (69%) - free: 8778.60 MB (31%)
[1711940400] CURRENT SERVICE STATE: Veeam2023.cass.pmc;Ping;OK;HARD;1;PING OK - Packet loss = 0%, RTA = 2.39 ms
[1711940400] CURRENT SERVICE STATE: Veeam2023.cass.pmc;Tiempo Activo;OK;HARD;1;System Uptime - 16 day(s) 11 hour(s) 24 minute(s)
[1711940400] CURRENT SERVICE STATE: web_cass_cl;Certificado;OK;HARD;1;SSL OK - Certificate '*.cass.cl' will expire in 277 days on 2025-01-03 20:59 -0300/-03.
[1711940400] CURRENT SERVICE STATE: web_cass_cl;HTTP;OK;HARD;1;HTTP OK: HTTP/1.1 302 Found - 1077 bytes in 0.183 second response time
[1711940403] SERVICE ALERT: SRV_email.cass.cl;Correo Pop;CRITICAL;SOFT;1;(No output on stdout) stderr: connect to address 10.0.2.25 port 5666: Connection refused
[1711940438] SERVICE ALERT: SRV_chat.cass.cl;CPU;CRITICAL;SOFT;1;CRITICAL - load average per CPU: 2.94, 0.74, 0.30
[1711940446] SERVICE ALERT: SRV_chat.cass.cl;Actualizacion;CRITICAL;SOFT;1;CHECK_NRPE STATE CRITICAL: Socket timeout after 30 seconds.
[1711940524] SERVICE ALERT: SRV_email.cass.cl;Correo Pop;OK;SOFT;2;POP OK - 0.002 second response time on 10.0.2.25 port 110 [+OK GroupWise POP3 server ready]
[1711940558] SERVICE ALERT: SRV_chat.cass.cl;CPU;OK;SOFT;2;OK - load average per CPU: 1.00, 0.76, 0.37
[1711940579] SERVICE ALERT: SRV_chat.cass.cl;Actualizacion;OK;SOFT;2;Updates OK : no updates available
[1711941002] SERVICE ALERT: SRV_chat.cass.cl;Actualizacion;UNKNOWN;SOFT;1;CHECK_NRPE: Receive header underflow - only 0 bytes received (4 expected).
[1711941137] SERVICE ALERT: SRV_chat.cass.cl;Actualizacion;OK;SOFT;2;Updates OK : no updates available
[1711941296] SERVICE ALERT: web_cass_cl;HTTP;CRITICAL;SOFT;1;CRITICAL - Socket timeout
[1711941314] SERVICE ALERT: SRV_Cfiler.cass.cl;Actualizacion;CRITICAL;SOFT;1;CHECK_NRPE STATE CRITICAL: Socket timeout after 30 seconds.
[1711941416] SERVICE ALERT: web_cass_cl;HTTP;OK;SOFT;2;HTTP OK: HTTP/1.1 302 Found - 1079 bytes in 0.202 second response time
[1711941458] SERVICE ALERT: SRV_Cfiler.cass.cl;Actualizacion;OK;SOFT;2;Updates OK : no updates available
[1711942695] SERVICE ALERT: SRVCONT.cass.cl;Actualizacion;CRITICAL;SOFT;1;CHECK_NRPE STATE CRITICAL: Socket timeout after 30 seconds.
[1711942816] SERVICE ALERT: SRVCONT.cass.cl;Actualizacion;OK;SOFT;2;OK - no pending updates.
[1711943576] Auto-save of retention data completed successfully.
[1711943681] SERVICE ALERT: SRV_SOS2021.cass.cl;Actualizacion;CRITICAL;SOFT;1;CHECK_NRPE STATE CRITICAL: Socket timeout after 30 seconds.
[1711943687] SERVICE ALERT: SRV_chat.cass.cl;Actualizacion;CRITICAL;SOFT;1;CHECK_NRPE STATE CRITICAL: Socket timeout after 30 seconds.
[1711943707] SERVICE ALERT: SRV_email.cass.cl;Actualizacion;CRITICAL;SOFT;1;CHECK_NRPE STATE CRITICAL: Socket timeout after 30 seconds.
[1711943708] SERVICE ALERT: SRV_Cfiler.cass.cl;Actualizacion;CRITICAL;SOFT;1;CHECK_NRPE STATE CRITICAL: Socket timeout after 30 seconds.
[1711943831] SERVICE ALERT: SRV_SOS2021.cass.cl;Actualizacion;CRITICAL;SOFT;2;CHECK_NRPE STATE CRITICAL: Socket timeout after 30 seconds.
[1711943837] SERVICE ALERT: SRV_chat.cass.cl;Actualizacion;CRITICAL;SOFT;2;CHECK_NRPE STATE CRITICAL: Socket timeout after 30 seconds.
[1711943857] SERVICE ALERT: SRV_email.cass.cl;Actualizacion;CRITICAL;SOFT;2;CHECK_NRPE STATE CRITICAL: Socket timeout after 30 seconds.
[1711943858] SERVICE ALERT: SRV_Cfiler.cass.cl;Actualizacion;CRITICAL;SOFT;2;CHECK_NRPE STATE CRITICAL: Socket timeout after 30 seconds.
[1711943981] SERVICE ALERT: SRV_SOS2021.cass.cl;Actualizacion;CRITICAL;HARD;3;CHECK_NRPE STATE CRITICAL: Socket timeout after 30 seconds.
[1711943987] SERVICE ALERT: SRV_chat.cass.cl;Actualizacion;CRITICAL;HARD;3;CHECK_NRPE STATE CRITICAL: Socket timeout after 30 seconds.
[1711944001] SERVICE ALERT: SRV_Cfiler.cass.cl;Actualizacion;UNKNOWN;HARD;3;CHECK_NRPE: Receive header underflow - only 0 bytes received (4 expected).
[1711944004] SERVICE ALERT: SRV_email.cass.cl;Correo Pop;CRITICAL;SOFT;1;(No output on stdout) stderr: connect to address 10.0.2.25 port 5666: Connection refused
[1711944008] SERVICE ALERT: SRV_email.cass.cl;Actualizacion;CRITICAL;HARD;3;CHECK_NRPE STATE CRITICAL: Socket timeout after 30 seconds.
[1711944017] SERVICE ALERT: SRV_chat.cass.cl;Puerto Contenedor;CRITICAL;SOFT;1;(No output on stdout) stderr: connect to address 10.0.0.92 port 5666: Connection refused
[1711944091] SERVICE ALERT: SRV_Cfiler.cass.cl;Actualizacion;CRITICAL;HARD;3;CHECK_NRPE STATE CRITICAL: Socket timeout after 30 seconds.
[1711944124] SERVICE ALERT: SRV_email.cass.cl;Correo Pop;OK;SOFT;2;POP OK - 0.001 second response time on 10.0.2.25 port 110 [+OK GroupWise POP3 server ready]
[1711944137] SERVICE ALERT: SRV_chat.cass.cl;Puerto Contenedor;OK;SOFT;2;TCP OK - 0.000 second response time on port 8000
[1711944361] SERVICE ALERT: SRV_Soporte;CPU;WARNING;SOFT;1;WARNING: Percent was 62.65 %
[1711944481] SERVICE ALERT: SRV_Soporte;CPU;OK;SOFT;2;OK: Percent was 28.12 %
[1711944604] SERVICE ALERT: SRV_email.cass.cl;Correo Pop;CRITICAL;SOFT;1;(No output on stdout) stderr: connect to address 10.0.2.25 port 5666: Connection refused
[1711944617] SERVICE ALERT: SRV_chat.cass.cl;Actualizacion;UNKNOWN;HARD;3;CHECK_NRPE: Receive header underflow - only 0 bytes received (4 expected).
[1711944617] SERVICE ALERT: SRV_SOS2021.cass.cl;Procesos Zombies;CRITICAL;SOFT;1;(No output on stdout) stderr: connect to address 10.0.0.16 port 5666: Connection refused
[1711944707] SERVICE ALERT: SRV_chat.cass.cl;Actualizacion;CRITICAL;HARD;3;CHECK_NRPE STATE CRITICAL: Socket timeout after 30 seconds.
[1711944724] SERVICE ALERT: SRV_email.cass.cl;Correo Pop;OK;SOFT;2;POP OK - 0.000 second response time on 10.0.2.25 port 110 [+OK GroupWise POP3 server ready]
[1711944737] SERVICE ALERT: SRV_SOS2021.cass.cl;Procesos Zombies;OK;SOFT;2;PROCS OK: 0 processes with STATE = Z
[1711945155] SERVICE FLAPPING ALERT: SRV_chat.cass.cl;Actualizacion;STARTED; Service appears to have started flapping (20.7% change >= 20.0% threshold)
[1711945155] SERVICE ALERT: SRV_chat.cass.cl;Actualizacion;OK;HARD;1;Updates OK : no updates available
[1711945161] SERVICE ALERT: SRV_email.cass.cl;Actualizacion;OK;HARD;1;Updates OK : no updates available
[1711945183] SERVICE ALERT: SRV_Cfiler.cass.cl;Actualizacion;OK;HARD;1;Updates OK : no updates available
[1711945193] SERVICE ALERT: SRV_SOS2021.cass.cl;Actualizacion;OK;HARD;1;Updates OK : no updates available
[1711945681] SERVICE ALERT: SRV_Soporte;CPU;WARNING;SOFT;1;WARNING: Percent was 62.50 %
[1711945802] SERVICE ALERT: SRV_Soporte;CPU;OK;SOFT;2;OK: Percent was 43.75 %
[1711945919] SERVICE FLAPPING ALERT: SRV_chat.cass.cl;Actualizacion;STOPPED; Service appears to have stopped flapping (4.5% change < 5.0% threshold)
[1711946198] SERVICE ALERT: SRV_email.cass.cl;Actualizacion;CRITICAL;SOFT;1;CHECK_NRPE STATE CRITICAL: Socket timeout after 30 seconds.
[1711946221] SERVICE ALERT: SRV_Cfiler.cass.cl;Actualizacion;CRITICAL;SOFT;1;CHECK_NRPE STATE CRITICAL: Socket timeout after 30 seconds.
[1711946231] SERVICE ALERT: SRV_SOS2021.cass.cl;Actualizacion;CRITICAL;SOFT;1;CHECK_NRPE STATE CRITICAL: Socket timeout after 30 seconds.
[1711946237] SERVICE ALERT: SRV_chat.cass.cl;Actualizacion;CRITICAL;SOFT;1;CHECK_NRPE STATE CRITICAL: Socket timeout after 30 seconds.
[1711946348] SERVICE ALERT: SRV_email.cass.cl;Actualizacion;CRITICAL;SOFT;2;CHECK_NRPE STATE CRITICAL: Socket timeout after 30 seconds.
[1711946371] SERVICE ALERT: SRV_Cfiler.cass.cl;Actualizacion;CRITICAL;SOFT;2;CHECK_NRPE STATE CRITICAL: Socket timeout after 30 seconds.
[1711946381] SERVICE ALERT: SRV_SOS2021.cass.cl;Actualizacion;CRITICAL;SOFT;2;CHECK_NRPE STATE CRITICAL: Socket timeout after 30 seconds.
[1711946387] SERVICE ALERT: SRV_chat.cass.cl;Actualizacion;CRITICAL;SOFT;2;CHECK_NRPE STATE CRITICAL: Socket timeout after 30 seconds.
[1711946498] SERVICE ALERT: SRV_email.cass.cl;Actualizacion;CRITICAL;HARD;3;CHECK_NRPE STATE CRITICAL: Socket timeout after 30 seconds.
[1711946521] SERVICE ALERT: SRV_Cfiler.cass.cl;Actualizacion;CRITICAL;HARD;3;CHECK_NRPE STATE CRITICAL: Socket timeout after 30 seconds.
[1711946531] SERVICE ALERT: SRV_SOS2021.cass.cl;Actualizacion;CRITICAL;HARD;3;CHECK_NRPE STATE CRITICAL: Socket timeout after 30 seconds.
[1711946537] SERVICE ALERT: SRV_chat.cass.cl;Actualizacion;CRITICAL;HARD;3;CHECK_NRPE STATE CRITICAL: Socket timeout after 30 seconds.
[1711947001] SERVICE ALERT: SRV_email.cass.cl;Actualizacion;UNKNOWN;HARD;3;CHECK_NRPE: Receive header underflow - only 0 bytes received (4 expected).
[1711947002] SERVICE ALERT: SRV_Cfiler.cass.cl;Actualizacion;UNKNOWN;HARD;3;CHECK_NRPE: Receive header underflow - only 0 bytes received (4 expected).
[1711947092] SERVICE ALERT: SRV_email.cass.cl;Actualizacion;CRITICAL;HARD;3;CHECK_NRPE STATE CRITICAL: Socket timeout after 30 seconds.
[1711947092] SERVICE ALERT: SRV_Cfiler.cass.cl;Actualizacion;CRITICAL;HARD;3;CHECK_NRPE STATE CRITICAL: Socket timeout after 30 seconds.
[1711947176] Auto-save of retention data completed successfully.
[1711947601] SERVICE FLAPPING ALERT: SRV_email.cass.cl;Actualizacion;STARTED; Service appears to have started flapping (20.5% change >= 20.0% threshold)
[1711947601] SERVICE ALERT: SRV_email.cass.cl;Actualizacion;UNKNOWN;HARD;3;CHECK_NRPE: Receive header underflow - only 0 bytes received (4 expected).
[1711947601] SERVICE FLAPPING ALERT: SRV_Cfiler.cass.cl;Actualizacion;STARTED; Service appears to have started flapping (20.5% change >= 20.0% threshold)
[1711947601] SERVICE ALERT: SRV_Cfiler.cass.cl;Actualizacion;UNKNOWN;HARD;3;CHECK_NRPE: Receive header underflow - only 0 bytes received (4 expected).
[1711947691] SERVICE ALERT: SRV_email.cass.cl;Actualizacion;CRITICAL;HARD;3;CHECK_NRPE STATE CRITICAL: Socket timeout after 30 seconds.
[1711947691] SERVICE ALERT: SRV_Cfiler.cass.cl;Actualizacion;CRITICAL;HARD;3;CHECK_NRPE STATE CRITICAL: Socket timeout after 30 seconds.
[1711947903] SERVICE ALERT: SRV_Soporte;CPU;WARNING;SOFT;1;WARNING: Percent was 67.95 %
[1711948024] SERVICE ALERT: SRV_Soporte;CPU;OK;SOFT;2;OK: Percent was 36.70 %
[1711948205] SERVICE ALERT: SRV_Soporte;CPU;WARNING;SOFT;1;WARNING: Percent was 63.27 %
[1711948325] SERVICE ALERT: SRV_Soporte;CPU;OK;SOFT;2;OK: Percent was 38.45 %
[1711948446] SERVICE ALERT: SRV_Soporte;CPU;WARNING;SOFT;1;WARNING: Percent was 67.97 %
[1711948567] SERVICE ALERT: SRV_Soporte;CPU;OK;SOFT;2;OK: Percent was 53.92 %
[1711948861] SERVICE FLAPPING ALERT: SRV_Cfiler.cass.cl;Actualizacion;STOPPED; Service appears to have stopped flapping (3.8% change < 5.0% threshold)
[1711948861] SERVICE FLAPPING ALERT: SRV_email.cass.cl;Actualizacion;STOPPED; Service appears to have stopped flapping (3.8% change < 5.0% threshold)
[1711949468] SERVICE ALERT: SRV_Soporte;CPU;WARNING;SOFT;1;WARNING: Percent was 69.52 %
[1711949589] SERVICE ALERT: SRV_Soporte;CPU;OK;SOFT;2;OK: Percent was 35.92 %
[1711950190] SERVICE ALERT: SRV_Soporte;CPU;WARNING;SOFT;1;WARNING: Percent was 60.95 %
[1711950311] SERVICE ALERT: SRV_Soporte;CPU;OK;SOFT;2;OK: Percent was 37.92 %
[1711950776] Auto-save of retention data completed successfully.
[1711951212] SERVICE ALERT: SRV_Soporte;CPU;CRITICAL;SOFT;1;CRITICAL: Percent was 90.62 %
[1711951332] SERVICE ALERT: SRV_Soporte;CPU;WARNING;SOFT;2;WARNING: Percent was 60.95 %
[1711951453] SERVICE ALERT: SRV_Soporte;CPU;OK;SOFT;3;OK: Percent was 45.30 %
[1711951545] SERVICE ALERT: SRV_email.cass.cl;Actualizacion;OK;HARD;1;Updates OK : no updates available
[1711951681] SERVICE ALERT: SRV_email.cass.cl;Actualizacion;CRITICAL;SOFT;1;CHECK_NRPE STATE CRITICAL: Socket timeout after 30 seconds.
[1711951804] SERVICE ALERT: SRV_email.cass.cl;Correo Pop;CRITICAL;SOFT;1;(No output on stdout) stderr: connect to address 10.0.2.25 port 5666: Connection refused
[1711951814] SERVICE ALERT: SRV_Soporte;CPU;WARNING;SOFT;1;WARNING: Percent was 60.15 %
[1711951817] SERVICE ALERT: SRV_SOS2021.cass.cl;Procesos Zombies;CRITICAL;SOFT;1;(No output on stdout) stderr: connect to address 10.0.0.16 port 5666: Connection refused
[1711951819] SERVICE ALERT: SRV_email.cass.cl;Usuarios Login;CRITICAL;SOFT;1;(No output on stdout) stderr: connect to address 10.0.2.25 port 5666: Connection refused
[1711951826] SERVICE ALERT: SRV_email.cass.cl;Almacenamiento Mail;CRITICAL;SOFT;1;(No output on stdout) stderr: connect to address 10.0.2.25 port 5666: Connection refused
[1711951831] SERVICE ALERT: SRV_email.cass.cl;Actualizacion;CRITICAL;SOFT;2;CHECK_NRPE STATE CRITICAL: Socket timeout after 30 seconds.
[1711951832] SERVICE ALERT: SRV_SOS2021.cass.cl;Almacenamiento /;CRITICAL;SOFT;1;(No output on stdout) stderr: connect to address 10.0.0.16 port 5666: Connection refused
[1711951834] SERVICE ALERT: SRV_email.cass.cl;Correo Smtp;CRITICAL;SOFT;1;(No output on stdout) stderr: connect to address 10.0.2.25 port 5666: Connection refused
[1711951836] SERVICE ALERT: SRV_email.cass.cl;Almacenamiento /;CRITICAL;SOFT;1;(No output on stdout) stderr: connect to address 10.0.2.25 port 5666: Connection refused
[1711951836] SERVICE ALERT: SRV_email.cass.cl;Memoria;CRITICAL;SOFT;1;(No output on stdout) stderr: connect to address 10.0.2.25 port 5666: Connection refused
[1711951836] SERVICE ALERT: SRV_email.cass.cl;Procesos Zombies;CRITICAL;SOFT;1;(No output on stdout) stderr: connect to address 10.0.2.25 port 5666: Connection refused
[1711951924] SERVICE ALERT: SRV_email.cass.cl;Correo Pop;OK;SOFT;2;POP OK - 0.001 second response time on 10.0.2.25 port 110 [+OK GroupWise POP3 server ready]
[1711951935] SERVICE ALERT: SRV_Soporte;CPU;WARNING;SOFT;2;WARNING: Percent was 69.75 %
[1711951937] SERVICE ALERT: SRV_SOS2021.cass.cl;Procesos Zombies;OK;SOFT;2;PROCS OK: 0 processes with STATE = Z
[1711951939] SERVICE ALERT: SRV_email.cass.cl;Usuarios Login;OK;SOFT;2;USERS OK - 0 users currently logged in
[1711951947] SERVICE ALERT: SRV_email.cass.cl;Almacenamiento Mail;OK;SOFT;2;DISK OK - free space: /mail 1785267 MiB (91.16% inode=99%):
[1711951952] SERVICE ALERT: SRV_SOS2021.cass.cl;Almacenamiento /;OK;SOFT;2;DISK OK - free space: /var/tmp 118355 MiB (91.09% inode=-):
[1711951955] SERVICE ALERT: SRV_email.cass.cl;Correo Smtp;OK;SOFT;2;SMTP OK - 0.034 sec. response time
[1711951956] SERVICE ALERT: SRV_email.cass.cl;Almacenamiento /;OK;SOFT;2;DISK OK - free space: /var/tmp 459475 MiB (90.67% inode=-):
[1711951956] SERVICE ALERT: SRV_email.cass.cl;Memoria;OK;SOFT;2;[MEMORY] Total: 11939 MB - Used: 2741 MB - 22% [SWAP] Total: 2048 MB - Used: 2 MB - 0%
[1711951956] SERVICE ALERT: SRV_email.cass.cl;Procesos Zombies;OK;SOFT;2;PROCS OK: 0 processes with STATE = Z
[1711951981] SERVICE ALERT: SRV_email.cass.cl;Actualizacion;CRITICAL;HARD;3;CHECK_NRPE STATE CRITICAL: Socket timeout after 30 seconds.
[1711952056] SERVICE ALERT: SRV_Soporte;CPU;OK;SOFT;3;OK: Percent was 46.88 %
[1711952177] SERVICE ALERT: SRV_Soporte;CPU;WARNING;SOFT;1;WARNING: Percent was 65.95 %
[1711952298] SERVICE ALERT: SRV_Soporte;CPU;CRITICAL;SOFT;2;CRITICAL: Percent was 75.78 %
[1711952404] SERVICE ALERT: SRV_email.cass.cl;Correo Pop;CRITICAL;SOFT;1;(No output on stdout) stderr: connect to address 10.0.2.25 port 5666: Connection refused
[1711952417] SERVICE ALERT: SRV_chat.cass.cl;Puerto Contenedor;CRITICAL;SOFT;1;(No output on stdout) stderr: connect to address 10.0.0.92 port 5666: Connection refused
[1711952417] SERVICE ALERT: SRV_SOS2021.cass.cl;Procesos Zombies;CRITICAL;SOFT;1;(No output on stdout) stderr: connect to address 10.0.0.16 port 5666: Connection refused
[1711952417] SERVICE ALERT: SRV_chat.cass.cl;Memoria;CRITICAL;SOFT;1;(No output on stdout) stderr: connect to address 10.0.0.92 port 5666: Connection refused
[1711952419] SERVICE ALERT: SRV_Soporte;CPU;OK;SOFT;3;OK: Percent was 56.23 %
[1711952419] SERVICE ALERT: SRV_email.cass.cl;Usuarios Login;CRITICAL;SOFT;1;(No output on stdout) stderr: connect to address 10.0.2.25 port 5666: Connection refused
[1711952420] SERVICE ALERT: SRV_Cfiler.cass.cl;Https;CRITICAL;SOFT;1;(No output on stdout) stderr: connect to address 10.0.0.20 port 5666: Connection refused
[1711952425] SERVICE ALERT: SRV_chat.cass.cl;Puerto Portainer;CRITICAL;SOFT;1;(No output on stdout) stderr: connect to address 10.0.0.92 port 5666: Connection refused
[1711952426] SERVICE ALERT: SRV_chat.cass.cl;Puerto HTTP;CRITICAL;SOFT;1;(No output on stdout) stderr: connect to address 10.0.0.92 port 5666: Connection refused
[1711952426] SERVICE ALERT: SRV_Cfiler.cass.cl;Procs Apache;CRITICAL;SOFT;1;(No output on stdout) stderr: connect to address 10.0.0.20 port 5666: Connection refused
[1711952426] SERVICE ALERT: SRV_Cfiler.cass.cl;CPU;CRITICAL;SOFT;1;(No output on stdout) stderr: connect to address 10.0.0.20 port 5666: Connection refused
[1711952426] SERVICE ALERT: SRV_Cfiler.cass.cl;Tiempo Activo;CRITICAL;SOFT;1;(No output on stdout) stderr: connect to address 10.0.0.20 port 5666: Connection refused
[1711952427] SERVICE ALERT: SRV_email.cass.cl;Almacenamiento Mail;CRITICAL;SOFT;1;(No output on stdout) stderr: connect to address 10.0.2.25 port 5666: Connection refused
[1711952429] SERVICE ALERT: SRV_Cfiler.cass.cl;Memoria;CRITICAL;SOFT;1;(No output on stdout) stderr: connect to address 10.0.0.20 port 5666: Connection refused
[1711952432] SERVICE ALERT: SRV_SOS2021.cass.cl;Almacenamiento /;CRITICAL;SOFT;1;(No output on stdout) stderr: connect to address 10.0.0.16 port 5666: Connection refused
[1711952435] SERVICE ALERT: SRV_email.cass.cl;Correo Smtp;CRITICAL;SOFT;1;(No output on stdout) stderr: connect to address 10.0.2.25 port 5666: Connection refused
[1711952436] SERVICE ALERT: SRV_email.cass.cl;Procesos Zombies;CRITICAL;SOFT;1;(No output on stdout) stderr: connect to address 10.0.2.25 port 5666: Connection refused
[1711952436] SERVICE ALERT: SRV_chat.cass.cl;Servicio Nginx;CRITICAL;SOFT;1;(No output on stdout) stderr: connect to address 10.0.0.92 port 5666: Connection refused
[1711952436] SERVICE ALERT: SRV_chat.cass.cl;Puerto HTTPS;CRITICAL;SOFT;1;(No output on stdout) stderr: connect to address 10.0.0.92 port 5666: Connection refused
[1711952436] SERVICE ALERT: SRV_SOS2021.cass.cl;Tiempo Activo;CRITICAL;SOFT;1;(No output on stdout) stderr: connect to address 10.0.0.16 port 5666: Connection refused
[1711952436] SERVICE ALERT: SRV_chat.cass.cl;Procesos;CRITICAL;SOFT;1;(No output on stdout) stderr: connect to address 10.0.0.92 port 5666: Connection refused
[1711952436] SERVICE ALERT: SRV_chat.cass.cl;Proceso Docker;CRITICAL;SOFT;1;(No output on stdout) stderr: connect to address 10.0.0.92 port 5666: Connection refused
[1711952436] SERVICE ALERT: SRV_email.cass.cl;Almacenamiento /;CRITICAL;SOFT;1;(No output on stdout) stderr: connect to address 10.0.2.25 port 5666: Connection refused
[1711952436] SERVICE ALERT: SRV_chat.cass.cl;Proceso Nginx;CRITICAL;SOFT;1;(No output on stdout) stderr: connect to address 10.0.0.92 port 5666: Connection refused
[1711952436] SERVICE ALERT: SRV_chat.cass.cl;Procesos Zombies;CRITICAL;SOFT;1;(No output on stdout) stderr: connect to address 10.0.0.92 port 5666: Connection refused
[1711952436] SERVICE ALERT: SRV_email.cass.cl;Memoria;CRITICAL;SOFT;1;(No output on stdout) stderr: connect to address 10.0.2.25 port 5666: Connection refused
[1711952437] SERVICE ALERT: SRV_email.cass.cl;CPU;CRITICAL;SOFT;1;(No output on stdout) stderr: connect to address 10.0.2.25 port 5666: Connection refused
[1711952438] SERVICE ALERT: SRV_chat.cass.cl;CPU;CRITICAL;SOFT;1;(No output on stdout) stderr: connect to address 10.0.0.92 port 5666: Connection refused
[1711952440] SERVICE ALERT: SRV_chat.cass.cl;Usuarios Login;CRITICAL;SOFT;1;(No output on stdout) stderr: connect to address 10.0.0.92 port 5666: Connection refused
[1711952440] SERVICE ALERT: SRV_chat.cass.cl;Servicio Docker;CRITICAL;SOFT;1;(No output on stdout) stderr: connect to address 10.0.0.92 port 5666: Connection refused
[1711952442] SERVICE ALERT: SRV_Cfiler.cass.cl;Procesos Zombies;CRITICAL;SOFT;1;(No output on stdout) stderr: connect to address 10.0.0.20 port 5666: Connection refused
[1711952443] SERVICE ALERT: SRV_Cfiler.cass.cl;Almacenamiento /;CRITICAL;SOFT;1;(No output on stdout) stderr: connect to address 10.0.0.20 port 5666: Connection refused
[1711952444] SERVICE ALERT: SRV_email.cass.cl;Tiempo Activo;CRITICAL;SOFT;1;(No output on stdout) stderr: connect to address 10.0.2.25 port 5666: Connection refused
[1711952446] SERVICE ALERT: SRV_email.cass.cl;Almacenamiento Mail2;CRITICAL;SOFT;1;(No output on stdout) stderr: connect to address 10.0.2.25 port 5666: Connection refused
[1711952448] SERVICE ALERT: SRV_chat.cass.cl;Almacenamiento /;CRITICAL;SOFT;1;(No output on stdout) stderr: connect to address 10.0.0.92 port 5666: Connection refused
[1711952449] SERVICE ALERT: SRV_Cfiler.cass.cl;Serv Apache;CRITICAL;SOFT;1;(No output on stdout) stderr: connect to address 10.0.0.20 port 5666: Connection refused
[1711952449] SERVICE ALERT: SRV_Cfiler.cass.cl;Http;CRITICAL;SOFT;1;(No output on stdout) stderr: connect to address 10.0.0.20 port 5666: Connection refused
[1711952452] SERVICE ALERT: SRV_Cfiler.cass.cl;Procesos;CRITICAL;SOFT;1;(No output on stdout) stderr: connect to address 10.0.0.20 port 5666: Connection refused
[1711952455] SERVICE ALERT: SRV_Cfiler.cass.cl;Usuarios Login;CRITICAL;SOFT;1;(No output on stdout) stderr: connect to address 10.0.0.20 port 5666: Connection refused
[1711952456] SERVICE ALERT: SRV_SOS2021.cass.cl;CPU;CRITICAL;SOFT;1;(No output on stdout) stderr: connect to address 10.0.0.16 port 5666: Connection refused
[1711952456] SERVICE ALERT: SRV_SOS2021.cass.cl;Memoria;CRITICAL;SOFT;1;(No output on stdout) stderr: connect to address 10.0.0.16 port 5666: Connection refused
[1711952456] SERVICE ALERT: SRV_SOS2021.cass.cl;Procesos;CRITICAL;SOFT;1;(No output on stdout) stderr: connect to address 10.0.0.16 port 5666: Connection refused
[1711952456] SERVICE ALERT: SRV_email.cass.cl;Procesos;CRITICAL;SOFT;1;(No output on stdout) stderr: connect to address 10.0.2.25 port 5666: Connection refused
[1711952460] SERVICE ALERT: SRV_SOS2021.cass.cl;Usuarios Login;CRITICAL;SOFT;1;(No output on stdout) stderr: connect to address 10.0.0.16 port 5666: Connection refused
[1711952524] SERVICE ALERT: SRV_email.cass.cl;Correo Pop;OK;SOFT;2;POP OK - 0.001 second response time on 10.0.2.25 port 110 [+OK GroupWise POP3 server ready]
[1711952537] SERVICE ALERT: SRV_chat.cass.cl;Puerto Contenedor;OK;SOFT;2;TCP OK - 0.000 second response time on port 8000
[1711952538] SERVICE ALERT: SRV_SOS2021.cass.cl;Procesos Zombies;OK;SOFT;2;PROCS OK: 0 processes with STATE = Z
[1711952538] SERVICE ALERT: SRV_chat.cass.cl;Memoria;OK;SOFT;2;[MEMORY] Total: 7919 MB - Used: 3211 MB - 40% [SWAP] Total: 2048 MB - Used: 355 MB - 17%
[1711952539] SERVICE ALERT: SRV_email.cass.cl;Usuarios Login;OK;SOFT;2;USERS OK - 0 users currently logged in
[1711952541] SERVICE ALERT: SRV_Cfiler.cass.cl;Https;OK;SOFT;2;TCP OK - 0.001 second response time on port 443
[1711952545] SERVICE ALERT: SRV_chat.cass.cl;Puerto Portainer;OK;SOFT;2;TCP OK - 0.000 second response time on port 9443
[1711952546] SERVICE ALERT: SRV_chat.cass.cl;Puerto HTTP;OK;SOFT;2;TCP OK - 0.000 second response time on port 80
[1711952546] SERVICE ALERT: SRV_Cfiler.cass.cl;Procs Apache;OK;SOFT;2;PROCS OK: 11 processes with args 'apache2'
[1711952546] SERVICE ALERT: SRV_Cfiler.cass.cl;CPU;OK;SOFT;2;OK - load average: 0.20, 0.13, 0.05
[1711952546] SERVICE ALERT: SRV_Cfiler.cass.cl;Tiempo Activo;OK;SOFT;2;Uptime OK: 23 day(s) 18 hour(s) 46 minute(s)
[1711952547] SERVICE ALERT: SRV_email.cass.cl;Almacenamiento Mail;OK;SOFT;2;DISK OK - free space: /mail 1785267 MiB (91.16% inode=99%):
[1711952549] SERVICE ALERT: SRV_Cfiler.cass.cl;Memoria;OK;SOFT;2;[MEMORY] Total: 3893 MB - Used: 1291 MB - 33% [SWAP] Total: 2047 MB - Used: 134 MB - 6%
[1711952552] SERVICE ALERT: SRV_SOS2021.cass.cl;Almacenamiento /;OK;SOFT;2;DISK OK - free space: /var/tmp 118355 MiB (91.09% inode=-):
[1711952555] SERVICE ALERT: SRV_email.cass.cl;Correo Smtp;OK;SOFT;2;SMTP OK - 0.029 sec. response time
[1711952556] SERVICE ALERT: SRV_email.cass.cl;Procesos Zombies;OK;SOFT;2;PROCS OK: 0 processes with STATE = Z
[1711952556] SERVICE ALERT: SRV_chat.cass.cl;Servicio Nginx;OK;SOFT;2;OK: Service nginx is running!
[1711952556] SERVICE ALERT: SRV_chat.cass.cl;Puerto HTTPS;OK;SOFT;2;TCP OK - 0.000 second response time on port 443
[1711952556] SERVICE ALERT: SRV_SOS2021.cass.cl;Tiempo Activo;OK;SOFT;2;Uptime OK: 23 day(s) 18 hour(s) 56 minute(s)
[1711952556] SERVICE ALERT: SRV_chat.cass.cl;Proceso Docker;OK;SOFT;2;PROCS OK: 0 processes with command name 'docker'
[1711952556] SERVICE ALERT: SRV_chat.cass.cl;Procesos;OK;SOFT;2;PROCS OK: 287 processes
[1711952557] SERVICE ALERT: SRV_email.cass.cl;Almacenamiento /;OK;SOFT;2;DISK OK - free space: /var/tmp 459475 MiB (90.67% inode=-):
[1711952557] SERVICE ALERT: SRV_chat.cass.cl;Procesos Zombies;OK;SOFT;2;PROCS OK: 0 processes with STATE = Z
[1711952557] SERVICE ALERT: SRV_chat.cass.cl;Proceso Nginx;OK;SOFT;2;PROCS OK: 3 processes with command name 'nginx'
[1711952557] SERVICE ALERT: SRV_email.cass.cl;Memoria;OK;SOFT;2;[MEMORY] Total: 11939 MB - Used: 2747 MB - 22% [SWAP] Total: 2048 MB - Used: 2 MB - 0%
[1711952557] SERVICE ALERT: SRV_email.cass.cl;CPU;OK;SOFT;2;OK - load average per CPU: 0.01, 0.01, 0.01
[1711952559] SERVICE ALERT: SRV_chat.cass.cl;CPU;OK;SOFT;2;OK - load average per CPU: 0.12, 0.08, 0.03
[1711952560] SERVICE ALERT: SRV_chat.cass.cl;Usuarios Login;OK;SOFT;2;USERS OK - 0 users currently logged in
[1711952560] SERVICE ALERT: SRV_chat.cass.cl;Servicio Docker;OK;SOFT;2;OK: Service docker is running!
[1711952563] SERVICE ALERT: SRV_Cfiler.cass.cl;Procesos Zombies;OK;SOFT;2;PROCS OK: 0 processes with STATE = Z
[1711952563] SERVICE ALERT: SRV_Cfiler.cass.cl;Almacenamiento /;OK;SOFT;2;DISK OK - free space: / 2388628 MB (71% inode=-):
[1711952564] SERVICE ALERT: SRV_email.cass.cl;Tiempo Activo;OK;SOFT;2;Uptime OK: 23 day(s) 19 hour(s) 0 minute(s)
[1711952566] SERVICE ALERT: SRV_email.cass.cl;Almacenamiento Mail2;OK;SOFT;2;DISK OK - free space: /mail2 474010 MiB (99.32% inode=100%):
[1711952568] SERVICE ALERT: SRV_chat.cass.cl;Almacenamiento /;OK;SOFT;2;DISK OK - free space: /var/tmp 932340 MiB (89.19% inode=-):
[1711952569] SERVICE ALERT: SRV_Cfiler.cass.cl;Serv Apache;OK;SOFT;2;OK: Service apache is running!
[1711952570] SERVICE ALERT: SRV_Cfiler.cass.cl;Http;OK;SOFT;2;TCP OK - 0.000 second response time on port 80
[1711952572] SERVICE ALERT: SRV_Cfiler.cass.cl;Procesos;OK;SOFT;2;PROCS OK: 321 processes
[1711952575] SERVICE ALERT: SRV_Cfiler.cass.cl;Usuarios Login;OK;SOFT;2;USERS OK - 1 users currently logged in
[1711952576] SERVICE ALERT: SRV_SOS2021.cass.cl;CPU;OK;SOFT;2;OK - load average per CPU: 0.00, 0.00, 0.00
[1711952576] SERVICE ALERT: SRV_SOS2021.cass.cl;Memoria;OK;SOFT;2;[MEMORY] Total: 7946 MB - Used: 1063 MB - 13% [SWAP] Total: 10239 MB - Used: 0 MB - 0%
[1711952576] SERVICE ALERT: SRV_SOS2021.cass.cl;Procesos;OK;SOFT;2;PROCS OK: 312 processes
[1711952577] SERVICE ALERT: SRV_email.cass.cl;Procesos;OK;SOFT;2;PROCS OK: 310 processes
[1711952580] SERVICE ALERT: SRV_SOS2021.cass.cl;Usuarios Login;OK;SOFT;2;USERS OK - 0 users currently logged in
[1711953004] SERVICE ALERT: SRV_email.cass.cl;Correo Pop;CRITICAL;SOFT;1;(No output on stdout) stderr: connect to address 10.0.2.25 port 5666: Connection refused
[1711953017] SERVICE ALERT: SRV_chat.cass.cl;Puerto Contenedor;CRITICAL;SOFT;1;(No output on stdout) stderr: connect to address 10.0.0.92 port 5666: Connection refused
[1711953018] SERVICE ALERT: SRV_chat.cass.cl;Memoria;CRITICAL;SOFT;1;(No output on stdout) stderr: connect to address 10.0.0.92 port 5666: Connection refused
[1711953018] SERVICE ALERT: SRV_SOS2021.cass.cl;Procesos Zombies;CRITICAL;SOFT;1;(No output on stdout) stderr: connect to address 10.0.0.16 port 5666: Connection refused
[1711953019] SERVICE ALERT: SRV_email.cass.cl;Usuarios Login;CRITICAL;SOFT;1;(No output on stdout) stderr: connect to address 10.0.2.25 port 5666: Connection refused
[1711953021] SERVICE ALERT: SRV_Cfiler.cass.cl;Https;CRITICAL;SOFT;1;(No output on stdout) stderr: connect to address 10.0.0.20 port 5666: Connection refused
[1711953025] SERVICE ALERT: SRV_chat.cass.cl;Puerto Portainer;CRITICAL;SOFT;1;(No output on stdout) stderr: connect to address 10.0.0.92 port 5666: Connection refused
[1711953026] SERVICE ALERT: SRV_Cfiler.cass.cl;CPU;CRITICAL;SOFT;1;(No output on stdout) stderr: connect to address 10.0.0.20 port 5666: Connection refused
[1711953026] SERVICE ALERT: SRV_Cfiler.cass.cl;Tiempo Activo;CRITICAL;SOFT;1;(No output on stdout) stderr: connect to address 10.0.0.20 port 5666: Connection refused
[1711953026] SERVICE ALERT: SRV_chat.cass.cl;Puerto HTTP;CRITICAL;SOFT;1;(No output on stdout) stderr: connect to address 10.0.0.92 port 5666: Connection refused
[1711953026] SERVICE ALERT: SRV_Cfiler.cass.cl;Procs Apache;CRITICAL;SOFT;1;(No output on stdout) stderr: connect to address 10.0.0.20 port 5666: Connection refused
[1711953027] SERVICE ALERT: SRV_email.cass.cl;Almacenamiento Mail;CRITICAL;SOFT;1;(No output on stdout) stderr: connect to address 10.0.2.25 port 5666: Connection refused
[1711953029] SERVICE ALERT: SRV_Cfiler.cass.cl;Memoria;CRITICAL;SOFT;1;(No output on stdout) stderr: connect to address 10.0.0.20 port 5666: Connection refused
[1711953032] SERVICE ALERT: SRV_SOS2021.cass.cl;Almacenamiento /;CRITICAL;SOFT;1;(No output on stdout) stderr: connect to address 10.0.0.16 port 5666: Connection refused
[1711953035] SERVICE ALERT: SRV_email.cass.cl;Correo Smtp;CRITICAL;SOFT;1;(No output on stdout) stderr: connect to address 10.0.2.25 port 5666: Connection refused
[1711953036] SERVICE ALERT: SRV_chat.cass.cl;Puerto HTTPS;CRITICAL;SOFT;1;(No output on stdout) stderr: connect to address 10.0.0.92 port 5666: Connection refused
[1711953036] SERVICE ALERT: SRV_chat.cass.cl;Servicio Nginx;CRITICAL;SOFT;1;(No output on stdout) stderr: connect to address 10.0.0.92 port 5666: Connection refused
[1711953036] SERVICE ALERT: SRV_email.cass.cl;Procesos Zombies;CRITICAL;SOFT;1;(No output on stdout) stderr: connect to address 10.0.2.25 port 5666: Connection refused
[1711953036] SERVICE ALERT: SRV_chat.cass.cl;Proceso Docker;CRITICAL;SOFT;1;(No output on stdout) stderr: connect to address 10.0.0.92 port 5666: Connection refused
[1711953036] SERVICE ALERT: SRV_chat.cass.cl;Procesos;CRITICAL;SOFT;1;(No output on stdout) stderr: connect to address 10.0.0.92 port 5666: Connection refused
[1711953036] SERVICE ALERT: SRV_SOS2021.cass.cl;Tiempo Activo;CRITICAL;SOFT;1;(No output on stdout) stderr: connect to address 10.0.0.16 port 5666: Connection refused
[1711953037] SERVICE ALERT: SRV_email.cass.cl;CPU;CRITICAL;SOFT;1;(No output on stdout) stderr: connect to address 10.0.2.25 port 5666: Connection refused
[1711953037] SERVICE ALERT: SRV_chat.cass.cl;Proceso Nginx;CRITICAL;SOFT;1;(No output on stdout) stderr: connect to address 10.0.0.92 port 5666: Connection refused
[1711953037] SERVICE ALERT: SRV_chat.cass.cl;Procesos Zombies;CRITICAL;SOFT;1;(No output on stdout) stderr: connect to address 10.0.0.92 port 5666: Connection refused
[1711953037] SERVICE ALERT: SRV_email.cass.cl;Almacenamiento /;CRITICAL;SOFT;1;(No output on stdout) stderr: connect to address 10.0.2.25 port 5666: Connection refused
[1711953037] SERVICE ALERT: SRV_email.cass.cl;Memoria;CRITICAL;SOFT;1;(No output on stdout) stderr: connect to address 10.0.2.25 port 5666: Connection refused
[1711953039] SERVICE ALERT: SRV_chat.cass.cl;CPU;CRITICAL;SOFT;1;(No output on stdout) stderr: connect to address 10.0.0.92 port 5666: Connection refused
[1711953040] SERVICE ALERT: SRV_chat.cass.cl;Servicio Docker;CRITICAL;SOFT;1;(No output on stdout) stderr: connect to address 10.0.0.92 port 5666: Connection refused
[1711953040] SERVICE ALERT: SRV_chat.cass.cl;Usuarios Login;CRITICAL;SOFT;1;(No output on stdout) stderr: connect to address 10.0.0.92 port 5666: Connection refused
[1711953043] SERVICE ALERT: SRV_Cfiler.cass.cl;Procesos Zombies;CRITICAL;SOFT;1;(No output on stdout) stderr: connect to address 10.0.0.20 port 5666: Connection refused
[1711953043] SERVICE ALERT: SRV_Cfiler.cass.cl;Almacenamiento /;CRITICAL;SOFT;1;(No output on stdout) stderr: connect to address 10.0.0.20 port 5666: Connection refused
[1711953044] SERVICE ALERT: SRV_email.cass.cl;Tiempo Activo;CRITICAL;SOFT;1;(No output on stdout) stderr: connect to address 10.0.2.25 port 5666: Connection refused
[1711953046] SERVICE ALERT: SRV_email.cass.cl;Almacenamiento Mail2;CRITICAL;SOFT;1;(No output on stdout) stderr: connect to address 10.0.2.25 port 5666: Connection refused
[1711953049] SERVICE ALERT: SRV_Cfiler.cass.cl;Serv Apache;CRITICAL;SOFT;1;(No output on stdout) stderr: connect to address 10.0.0.20 port 5666: Connection refused
[1711953050] SERVICE ALERT: SRV_Cfiler.cass.cl;Http;CRITICAL;SOFT;1;(No output on stdout) stderr: connect to address 10.0.0.20 port 5666: Connection refused
[1711953052] SERVICE ALERT: SRV_Cfiler.cass.cl;Procesos;CRITICAL;SOFT;1;(No output on stdout) stderr: connect to address 10.0.0.20 port 5666: Connection refused
[1711953056] SERVICE ALERT: SRV_Cfiler.cass.cl;Usuarios Login;CRITICAL;SOFT;1;(No output on stdout) stderr: connect to address 10.0.0.20 port 5666: Connection refused
[1711953057] SERVICE ALERT: SRV_email.cass.cl;Procesos;CRITICAL;SOFT;1;(No output on stdout) stderr: connect to address 10.0.2.25 port 5666: Connection refused
[1711953124] SERVICE ALERT: SRV_email.cass.cl;Correo Pop;OK;SOFT;2;POP OK - 0.001 second response time on 10.0.2.25 port 110 [+OK GroupWise POP3 server ready]
[1711953137] SERVICE ALERT: SRV_chat.cass.cl;Puerto Contenedor;OK;SOFT;2;TCP OK - 0.000 second response time on port 8000
[1711953138] SERVICE ALERT: SRV_chat.cass.cl;Memoria;OK;SOFT;2;[MEMORY] Total: 7919 MB - Used: 3209 MB - 40% [SWAP] Total: 2048 MB - Used: 355 MB - 17%
[1711953138] SERVICE ALERT: SRV_SOS2021.cass.cl;Procesos Zombies;OK;SOFT;2;PROCS OK: 0 processes with STATE = Z
[1711953139] SERVICE ALERT: SRV_email.cass.cl;Usuarios Login;OK;SOFT;2;USERS OK - 0 users currently logged in
[1711953141] SERVICE ALERT: SRV_Cfiler.cass.cl;Https;OK;SOFT;2;TCP OK - 0.000 second response time on port 443
[1711953145] SERVICE ALERT: SRV_chat.cass.cl;Puerto Portainer;OK;SOFT;2;TCP OK - 0.000 second response time on port 9443
[1711953146] SERVICE ALERT: SRV_Cfiler.cass.cl;CPU;OK;SOFT;2;OK - load average: 0.02, 0.07, 0.05
[1711953146] SERVICE ALERT: SRV_Cfiler.cass.cl;Tiempo Activo;OK;SOFT;2;Uptime OK: 23 day(s) 18 hour(s) 56 minute(s)
[1711953146] SERVICE ALERT: SRV_chat.cass.cl;Puerto HTTP;OK;SOFT;2;TCP OK - 0.000 second response time on port 80
[1711953147] SERVICE ALERT: SRV_Cfiler.cass.cl;Procs Apache;OK;SOFT;2;PROCS OK: 11 processes with args 'apache2'
[1711953147] SERVICE ALERT: SRV_email.cass.cl;Almacenamiento Mail;OK;SOFT;2;DISK OK - free space: /mail 1785267 MiB (91.16% inode=99%):
[1711953149] SERVICE ALERT: SRV_Cfiler.cass.cl;Memoria;OK;SOFT;2;[MEMORY] Total: 3893 MB - Used: 1288 MB - 33% [SWAP] Total: 2047 MB - Used: 134 MB - 6%
[1711953153] SERVICE ALERT: SRV_SOS2021.cass.cl;Almacenamiento /;OK;SOFT;2;DISK OK - free space: /var/tmp 118354 MiB (91.09% inode=-):
[1711953155] SERVICE ALERT: SRV_email.cass.cl;Correo Smtp;OK;SOFT;2;SMTP OK - 0.029 sec. response time
[1711953156] SERVICE ALERT: SRV_chat.cass.cl;Puerto HTTPS;OK;SOFT;2;TCP OK - 0.000 second response time on port 443
[1711953156] SERVICE ALERT: SRV_chat.cass.cl;Servicio Nginx;OK;SOFT;2;OK: Service nginx is running!
[1711953156] SERVICE ALERT: SRV_email.cass.cl;Procesos Zombies;OK;SOFT;2;PROCS OK: 0 processes with STATE = Z
[1711953156] SERVICE ALERT: SRV_chat.cass.cl;Proceso Docker;OK;SOFT;2;PROCS OK: 0 processes with command name 'docker'
[1711953156] SERVICE ALERT: SRV_chat.cass.cl;Procesos;OK;SOFT;2;PROCS OK: 286 processes
[1711953156] SERVICE ALERT: SRV_SOS2021.cass.cl;Tiempo Activo;OK;SOFT;2;Uptime OK: 23 day(s) 19 hour(s) 6 minute(s)
[1711953157] SERVICE ALERT: SRV_email.cass.cl;CPU;OK;SOFT;2;OK - load average per CPU: 0.00, 0.01, 0.01
[1711953157] SERVICE ALERT: SRV_chat.cass.cl;Procesos Zombies;OK;SOFT;2;PROCS OK: 0 processes with STATE = Z
[1711953157] SERVICE ALERT: SRV_chat.cass.cl;Proceso Nginx;OK;SOFT;2;PROCS OK: 3 processes with command name 'nginx'
[1711953157] SERVICE ALERT: SRV_email.cass.cl;Almacenamiento /;OK;SOFT;2;DISK OK - free space: /var/tmp 459474 MiB (90.67% inode=-):
[1711953157] SERVICE ALERT: SRV_email.cass.cl;Memoria;OK;SOFT;2;[MEMORY] Total: 11939 MB - Used: 2745 MB - 22% [SWAP] Total: 2048 MB - Used: 2 MB - 0%
[1711953159] SERVICE ALERT: SRV_chat.cass.cl;CPU;OK;SOFT;2;OK - load average per CPU: 0.10, 0.10, 0.05
[1711953160] SERVICE ALERT: SRV_chat.cass.cl;Servicio Docker;OK;SOFT;2;OK: Service docker is running!
[1711953160] SERVICE ALERT: SRV_chat.cass.cl;Usuarios Login;OK;SOFT;2;USERS OK - 0 users currently logged in
[1711953163] SERVICE ALERT: SRV_Cfiler.cass.cl;Procesos Zombies;OK;SOFT;2;PROCS OK: 0 processes with STATE = Z
[1711953163] SERVICE ALERT: SRV_Cfiler.cass.cl;Almacenamiento /;OK;SOFT;2;DISK OK - free space: / 2388628 MB (71% inode=-):
[1711953164] SERVICE ALERT: SRV_email.cass.cl;Tiempo Activo;OK;SOFT;2;Uptime OK: 23 day(s) 19 hour(s) 10 minute(s)
[1711953166] SERVICE ALERT: SRV_email.cass.cl;Almacenamiento Mail2;OK;SOFT;2;DISK OK - free space: /mail2 474010 MiB (99.32% inode=100%):
[1711953169] SERVICE ALERT: SRV_Cfiler.cass.cl;Serv Apache;OK;SOFT;2;OK: Service apache is running!
[1711953170] SERVICE ALERT: SRV_Cfiler.cass.cl;Http;OK;SOFT;2;TCP OK - 0.000 second response time on port 80
[1711953172] SERVICE ALERT: SRV_Cfiler.cass.cl;Procesos;OK;SOFT;2;PROCS OK: 320 processes
[1711953176] SERVICE ALERT: SRV_Cfiler.cass.cl;Usuarios Login;OK;SOFT;2;USERS OK - 1 users currently logged in
[1711953177] SERVICE ALERT: SRV_email.cass.cl;Procesos;OK;SOFT;2;PROCS OK: 310 processes
[1711953500] SERVICE ALERT: SRV_Soporte;CPU;WARNING;SOFT;1;WARNING: Percent was 63.62 %
[1711953604] SERVICE ALERT: SRV_email.cass.cl;Correo Pop;CRITICAL;SOFT;1;(No output on stdout) stderr: connect to address 10.0.2.25 port 5666: Connection refused
[1711953617] SERVICE ALERT: SRV_chat.cass.cl;Puerto Contenedor;CRITICAL;SOFT;1;(No output on stdout) stderr: connect to address 10.0.0.92 port 5666: Connection refused
[1711953618] SERVICE ALERT: SRV_chat.cass.cl;Memoria;CRITICAL;SOFT;1;(No output on stdout) stderr: connect to address 10.0.0.92 port 5666: Connection refused
[1711953618] SERVICE ALERT: SRV_SOS2021.cass.cl;Procesos Zombies;CRITICAL;SOFT;1;(No output on stdout) stderr: connect to address 10.0.0.16 port 5666: Connection refused
[1711953619] SERVICE ALERT: SRV_email.cass.cl;Usuarios Login;CRITICAL;SOFT;1;(No output on stdout) stderr: connect to address 10.0.2.25 port 5666: Connection refused
[1711953621] SERVICE ALERT: SRV_Cfiler.cass.cl;Https;CRITICAL;SOFT;1;(No output on stdout) stderr: connect to address 10.0.0.20 port 5666: Connection refused
[1711953621] SERVICE ALERT: SRV_Soporte;CPU;OK;SOFT;2;OK: Percent was 41.38 %
[1711953625] SERVICE ALERT: SRV_chat.cass.cl;Puerto Portainer;CRITICAL;SOFT;1;(No output on stdout) stderr: connect to address 10.0.0.92 port 5666: Connection refused
[1711953626] SERVICE ALERT: SRV_chat.cass.cl;Puerto HTTP;CRITICAL;SOFT;1;(No output on stdout) stderr: connect to address 10.0.0.92 port 5666: Connection refused
[1711953626] SERVICE ALERT: SRV_Cfiler.cass.cl;CPU;CRITICAL;SOFT;1;(No output on stdout) stderr: connect to address 10.0.0.20 port 5666: Connection refused
[1711953626] SERVICE ALERT: SRV_Cfiler.cass.cl;Tiempo Activo;CRITICAL;SOFT;1;(No output on stdout) stderr: connect to address 10.0.0.20 port 5666: Connection refused
[1711953627] SERVICE ALERT: SRV_email.cass.cl;Almacenamiento Mail;CRITICAL;SOFT;1;(No output on stdout) stderr: connect to address 10.0.2.25 port 5666: Connection refused
[1711953627] SERVICE ALERT: SRV_Cfiler.cass.cl;Procs Apache;CRITICAL;SOFT;1;(No output on stdout) stderr: connect to address 10.0.0.20 port 5666: Connection refused
[1711953629] SERVICE ALERT: SRV_Cfiler.cass.cl;Memoria;CRITICAL;SOFT;1;(No output on stdout) stderr: connect to address 10.0.0.20 port 5666: Connection refused
[1711953633] SERVICE ALERT: SRV_SOS2021.cass.cl;Almacenamiento /;CRITICAL;SOFT;1;(No output on stdout) stderr: connect to address 10.0.0.16 port 5666: Connection refused
[1711953635] SERVICE ALERT: SRV_email.cass.cl;Correo Smtp;CRITICAL;SOFT;1;(No output on stdout) stderr: connect to address 10.0.2.25 port 5666: Connection refused
[1711953636] SERVICE ALERT: SRV_email.cass.cl;Procesos Zombies;CRITICAL;SOFT;1;(No output on stdout) stderr: connect to address 10.0.2.25 port 5666: Connection refused
[1711953636] SERVICE ALERT: SRV_chat.cass.cl;Procesos;CRITICAL;SOFT;1;(No output on stdout) stderr: connect to address 10.0.0.92 port 5666: Connection refused
[1711953636] SERVICE ALERT: SRV_chat.cass.cl;Proceso Docker;CRITICAL;SOFT;1;(No output on stdout) stderr: connect to address 10.0.0.92 port 5666: Connection refused
[1711953636] SERVICE ALERT: SRV_SOS2021.cass.cl;Tiempo Activo;CRITICAL;SOFT;1;(No output on stdout) stderr: connect to address 10.0.0.16 port 5666: Connection refused
[1711953636] SERVICE ALERT: SRV_chat.cass.cl;Puerto HTTPS;CRITICAL;SOFT;1;(No output on stdout) stderr: connect to address 10.0.0.92 port 5666: Connection refused
[1711953636] SERVICE ALERT: SRV_chat.cass.cl;Servicio Nginx;CRITICAL;SOFT;1;(No output on stdout) stderr: connect to address 10.0.0.92 port 5666: Connection refused
[1711953637] SERVICE ALERT: SRV_chat.cass.cl;Proceso Nginx;CRITICAL;SOFT;1;(No output on stdout) stderr: connect to address 10.0.0.92 port 5666: Connection refused
[1711953637] SERVICE ALERT: SRV_chat.cass.cl;Procesos Zombies;CRITICAL;SOFT;1;(No output on stdout) stderr: connect to address 10.0.0.92 port 5666: Connection refused
[1711953637] SERVICE ALERT: SRV_email.cass.cl;CPU;CRITICAL;SOFT;1;(No output on stdout) stderr: connect to address 10.0.2.25 port 5666: Connection refused
[1711953637] SERVICE ALERT: SRV_email.cass.cl;Almacenamiento /;CRITICAL;SOFT;1;(No output on stdout) stderr: connect to address 10.0.2.25 port 5666: Connection refused
[1711953637] SERVICE ALERT: SRV_email.cass.cl;Memoria;CRITICAL;SOFT;1;(No output on stdout) stderr: connect to address 10.0.2.25 port 5666: Connection refused
[1711953639] SERVICE ALERT: SRV_chat.cass.cl;CPU;CRITICAL;SOFT;1;(No output on stdout) stderr: connect to address 10.0.0.92 port 5666: Connection refused
[1711953640] SERVICE ALERT: SRV_chat.cass.cl;Usuarios Login;CRITICAL;SOFT;1;(No output on stdout) stderr: connect to address 10.0.0.92 port 5666: Connection refused
[1711953640] SERVICE ALERT: SRV_chat.cass.cl;Servicio Docker;CRITICAL;SOFT;1;(No output on stdout) stderr: connect to address 10.0.0.92 port 5666: Connection refused
[1711953643] SERVICE ALERT: SRV_Cfiler.cass.cl;Almacenamiento /;CRITICAL;SOFT;1;(No output on stdout) stderr: connect to address 10.0.0.20 port 5666: Connection refused
[1711953643] SERVICE ALERT: SRV_Cfiler.cass.cl;Procesos Zombies;CRITICAL;SOFT;1;(No output on stdout) stderr: connect to address 10.0.0.20 port 5666: Connection refused
[1711953644] SERVICE ALERT: SRV_email.cass.cl;Tiempo Activo;CRITICAL;SOFT;1;(No output on stdout) stderr: connect to address 10.0.2.25 port 5666: Connection refused
[1711953646] SERVICE ALERT: SRV_email.cass.cl;Almacenamiento Mail2;CRITICAL;SOFT;1;(No output on stdout) stderr: connect to address 10.0.2.25 port 5666: Connection refused
[1711953648] SERVICE ALERT: SRV_chat.cass.cl;Almacenamiento /;CRITICAL;SOFT;1;(No output on stdout) stderr: connect to address 10.0.0.92 port 5666: Connection refused
[1711953649] SERVICE ALERT: SRV_Cfiler.cass.cl;Serv Apache;CRITICAL;SOFT;1;(No output on stdout) stderr: connect to address 10.0.0.20 port 5666: Connection refused
[1711953651] SERVICE ALERT: SRV_Cfiler.cass.cl;Http;CRITICAL;SOFT;1;(No output on stdout) stderr: connect to address 10.0.0.20 port 5666: Connection refused
[1711953652] SERVICE ALERT: SRV_Cfiler.cass.cl;Procesos;CRITICAL;SOFT;1;(No output on stdout) stderr: connect to address 10.0.0.20 port 5666: Connection refused
[1711953656] SERVICE ALERT: SRV_Cfiler.cass.cl;Usuarios Login;CRITICAL;SOFT;1;(No output on stdout) stderr: connect to address 10.0.0.20 port 5666: Connection refused
[1711953657] SERVICE ALERT: SRV_email.cass.cl;Procesos;CRITICAL;SOFT;1;(No output on stdout) stderr: connect to address 10.0.2.25 port 5666: Connection refused
[1711953725] SERVICE ALERT: SRV_email.cass.cl;Correo Pop;OK;SOFT;2;POP OK - 0.001 second response time on 10.0.2.25 port 110 [+OK GroupWise POP3 server ready]
[1711953737] SERVICE ALERT: SRV_chat.cass.cl;Puerto Contenedor;OK;SOFT;2;TCP OK - 0.000 second response time on port 8000
[1711953738] SERVICE ALERT: SRV_chat.cass.cl;Memoria;OK;SOFT;2;[MEMORY] Total: 7919 MB - Used: 3211 MB - 40% [SWAP] Total: 2048 MB - Used: 355 MB - 17%
[1711953738] SERVICE ALERT: SRV_SOS2021.cass.cl;Procesos Zombies;OK;SOFT;2;PROCS OK: 0 processes with STATE = Z
[1711953739] SERVICE ALERT: SRV_email.cass.cl;Usuarios Login;OK;SOFT;2;USERS OK - 0 users currently logged in
[1711953741] SERVICE ALERT: SRV_Cfiler.cass.cl;Https;OK;SOFT;2;TCP OK - 0.000 second response time on port 443
[1711953745] SERVICE ALERT: SRV_chat.cass.cl;Puerto Portainer;OK;SOFT;2;TCP OK - 0.000 second response time on port 9443
[1711953746] SERVICE ALERT: SRV_chat.cass.cl;Puerto HTTP;OK;SOFT;2;TCP OK - 0.000 second response time on port 80
[1711953746] SERVICE ALERT: SRV_Cfiler.cass.cl;CPU;OK;SOFT;2;OK - load average: 0.00, 0.03, 0.04
[1711953746] SERVICE ALERT: SRV_Cfiler.cass.cl;Tiempo Activo;OK;SOFT;2;Uptime OK: 23 day(s) 19 hour(s) 6 minute(s)
[1711953747] SERVICE ALERT: SRV_email.cass.cl;Almacenamiento Mail;OK;SOFT;2;DISK OK - free space: /mail 1785267 MiB (91.16% inode=99%):
[1711953747] SERVICE ALERT: SRV_Cfiler.cass.cl;Procs Apache;OK;SOFT;2;PROCS OK: 11 processes with args 'apache2'
[1711953749] SERVICE ALERT: SRV_Cfiler.cass.cl;Memoria;OK;SOFT;2;[MEMORY] Total: 3893 MB - Used: 1288 MB - 33% [SWAP] Total: 2047 MB - Used: 134 MB - 6%
[1711953753] SERVICE ALERT: SRV_SOS2021.cass.cl;Almacenamiento /;OK;SOFT;2;DISK OK - free space: /var/tmp 118354 MiB (91.09% inode=-):
[1711953756] SERVICE ALERT: SRV_email.cass.cl;Correo Smtp;OK;SOFT;2;SMTP OK - 0.027 sec. response time
[1711953756] SERVICE ALERT: SRV_email.cass.cl;Procesos Zombies;OK;SOFT;2;PROCS OK: 0 processes with STATE = Z
[1711953756] SERVICE ALERT: SRV_chat.cass.cl;Proceso Docker;OK;SOFT;2;PROCS OK: 0 processes with command name 'docker'
[1711953756] SERVICE ALERT: SRV_chat.cass.cl;Procesos;OK;SOFT;2;PROCS OK: 286 processes
[1711953756] SERVICE ALERT: SRV_SOS2021.cass.cl;Tiempo Activo;OK;SOFT;2;Uptime OK: 23 day(s) 19 hour(s) 16 minute(s)
[1711953756] SERVICE ALERT: SRV_chat.cass.cl;Puerto HTTPS;OK;SOFT;2;TCP OK - 0.000 second response time on port 443
[1711953756] SERVICE ALERT: SRV_chat.cass.cl;Servicio Nginx;OK;SOFT;2;OK: Service nginx is running!
[1711953757] SERVICE ALERT: SRV_chat.cass.cl;Procesos Zombies;OK;SOFT;2;PROCS OK: 0 processes with STATE = Z
[1711953757] SERVICE ALERT: SRV_chat.cass.cl;Proceso Nginx;OK;SOFT;2;PROCS OK: 3 processes with command name 'nginx'
[1711953757] SERVICE ALERT: SRV_email.cass.cl;Almacenamiento /;OK;SOFT;2;DISK OK - free space: /var/tmp 459474 MiB (90.67% inode=-):
[1711953757] SERVICE ALERT: SRV_email.cass.cl;CPU;OK;SOFT;2;OK - load average per CPU: 0.01, 0.01, 0.01
[1711953757] SERVICE ALERT: SRV_email.cass.cl;Memoria;OK;SOFT;2;[MEMORY] Total: 11939 MB - Used: 2748 MB - 23% [SWAP] Total: 2048 MB - Used: 2 MB - 0%
[1711953760] SERVICE ALERT: SRV_chat.cass.cl;CPU;OK;SOFT;2;OK - load average per CPU: 0.01, 0.03, 0.04
[1711953760] SERVICE ALERT: SRV_chat.cass.cl;Usuarios Login;OK;SOFT;2;USERS OK - 0 users currently logged in
[1711953760] SERVICE ALERT: SRV_chat.cass.cl;Servicio Docker;OK;SOFT;2;OK: Service docker is running!
[1711953763] SERVICE ALERT: SRV_Cfiler.cass.cl;Almacenamiento /;OK;SOFT;2;DISK OK - free space: / 2388627 MB (71% inode=-):
[1711953763] SERVICE ALERT: SRV_Cfiler.cass.cl;Procesos Zombies;OK;SOFT;2;PROCS OK: 0 processes with STATE = Z
[1711953765] SERVICE ALERT: SRV_email.cass.cl;Tiempo Activo;OK;SOFT;2;Uptime OK: 23 day(s) 19 hour(s) 20 minute(s)
[1711953766] SERVICE ALERT: SRV_email.cass.cl;Almacenamiento Mail2;OK;SOFT;2;DISK OK - free space: /mail2 474010 MiB (99.32% inode=100%):
[1711953768] SERVICE ALERT: SRV_chat.cass.cl;Almacenamiento /;OK;SOFT;2;DISK OK - free space: /var/tmp 932339 MiB (89.19% inode=-):
[1711953770] SERVICE ALERT: SRV_Cfiler.cass.cl;Serv Apache;OK;SOFT;2;OK: Service apache is running!
[1711953771] SERVICE ALERT: SRV_Cfiler.cass.cl;Http;OK;SOFT;2;TCP OK - 0.000 second response time on port 80
[1711953772] SERVICE ALERT: SRV_Cfiler.cass.cl;Procesos;OK;SOFT;2;PROCS OK: 319 processes
[1711953776] SERVICE ALERT: SRV_Cfiler.cass.cl;Usuarios Login;OK;SOFT;2;USERS OK - 1 users currently logged in
[1711953777] SERVICE ALERT: SRV_email.cass.cl;Procesos;OK;SOFT;2;PROCS OK: 311 processes
[1711953861] SERVICE ALERT: SRV_Soporte;CPU;WARNING;SOFT;1;WARNING: Percent was 67.97 %
[1711953883] SERVICE ALERT: SRV_chat.cass.cl;Actualizacion;UNKNOWN;HARD;3;Updates UNKNOWN : UNKNOWN: Error message: Recv failure: Connection reset by peer
[1711953883] SERVICE ALERT: SRV_Cfiler.cass.cl;Actualizacion;UNKNOWN;HARD;3;Updates UNKNOWN : UNKNOWN: Error message: Recv failure: Connection reset by peer
[1711953973] SERVICE ALERT: SRV_chat.cass.cl;Actualizacion;CRITICAL;HARD;3;CHECK_NRPE STATE CRITICAL: Socket timeout after 30 seconds.
[1711953973] SERVICE ALERT: SRV_Cfiler.cass.cl;Actualizacion;CRITICAL;HARD;3;CHECK_NRPE STATE CRITICAL: Socket timeout after 30 seconds.
[1711953982] SERVICE ALERT: SRV_Soporte;CPU;CRITICAL;SOFT;2;CRITICAL: Percent was 73.45 %
[1711954103] SERVICE ALERT: SRV_Soporte;CPU;OK;SOFT;3;OK: Percent was 28.93 %
[1711954153] SERVICE ALERT: SRV_email.cass.cl;Actualizacion;OK;HARD;1;Updates OK : no updates available
[1711954202] SERVICE ALERT: SRV_email.cass.cl;Actualizacion;UNKNOWN;SOFT;1;CHECK_NRPE: Receive header underflow - only 0 bytes received (4 expected).
[1711954220] SERVICE ALERT: SRV_SOS2021.cass.cl;Actualizacion;UNKNOWN;HARD;3;Updates UNKNOWN : UNKNOWN: Error message: The requested URL returned error: 500 Internal Server Error
[1711954228] SERVICE ALERT: SRV_Cfiler.cass.cl;Actualizacion;OK;HARD;1;Updates OK : no updates available
[1711954229] SERVICE ALERT: SRV_chat.cass.cl;Actualizacion;OK;HARD;1;Updates OK : no updates available
[1711954286] SERVICE ALERT: SRV_chat.cass.cl;Actualizacion;UNKNOWN;SOFT;1;Updates UNKNOWN : UNKNOWN: Error message: Recv failure: Connection reset by peer
[1711954287] SERVICE ALERT: SRV_Cfiler.cass.cl;Actualizacion;UNKNOWN;SOFT;1;Updates UNKNOWN : UNKNOWN: Error message: Recv failure: Connection reset by peer
[1711954335] SERVICE ALERT: SRV_email.cass.cl;Actualizacion;OK;SOFT;2;Updates OK : no updates available
[1711954376] Auto-save of retention data completed successfully.
[1711954412] SERVICE ALERT: SRV_SOS2021.cass.cl;Actualizacion;OK;HARD;1;Updates OK : no updates available
[1711954419] SERVICE ALERT: SRV_Cfiler.cass.cl;Actualizacion;OK;SOFT;2;Updates OK : no updates available
[1711954419] SERVICE ALERT: SRV_chat.cass.cl;Actualizacion;OK;SOFT;2;Updates OK : no updates available
[1711954609] SERVICE ALERT: SRV_chat.cass.cl;Actualizacion;UNKNOWN;SOFT;1;Updates UNKNOWN : UNKNOWN: Error message: Empty reply from server
[1711954641] SERVICE ALERT: SRV_SOS2021.cass.cl;Actualizacion;UNKNOWN;SOFT;1;Updates UNKNOWN : UNKNOWN: Error message: Empty reply from server
[1711954663] SERVICE ALERT: SRV_Cfiler.cass.cl;Actualizacion;UNKNOWN;SOFT;1;Updates UNKNOWN : UNKNOWN: Error message: Empty reply from server
[1711954665] SERVICE ALERT: SRV_email.cass.cl;Actualizacion;CRITICAL;SOFT;1;CHECK_NRPE STATE CRITICAL: Socket timeout after 30 seconds.
[1711954730] SERVICE ALERT: SRV_chat.cass.cl;Actualizacion;UNKNOWN;SOFT;2;Updates UNKNOWN : UNKNOWN: Error message: Empty reply from server
[1711954763] SERVICE ALERT: SRV_SOS2021.cass.cl;Actualizacion;UNKNOWN;SOFT;2;Updates UNKNOWN : UNKNOWN: Error message: Empty reply from server
[1711954785] SERVICE ALERT: SRV_Cfiler.cass.cl;Actualizacion;UNKNOWN;SOFT;2;Updates UNKNOWN : UNKNOWN: Error message: Recv failure: Connection reset by peer
[1711954799] SERVICE ALERT: SRV_email.cass.cl;Actualizacion;OK;SOFT;2;Updates OK : no updates available
[1711954852] SERVICE FLAPPING ALERT: SRV_chat.cass.cl;Actualizacion;STARTED; Service appears to have started flapping (22.6% change >= 20.0% threshold)
[1711954852] SERVICE ALERT: SRV_chat.cass.cl;Actualizacion;UNKNOWN;HARD;3;Updates UNKNOWN : UNKNOWN: Error message: Empty reply from server
[1711954889] SERVICE ALERT: SRV_SOS2021.cass.cl;Actualizacion;UNKNOWN;HARD;3;Updates UNKNOWN : UNKNOWN: Error message: Empty reply from server
[1711954917] SERVICE ALERT: SRV_Cfiler.cass.cl;Actualizacion;OK;SOFT;3;Updates OK : no updates available
[1711954924] SERVICE ALERT: SRV_chat.cass.cl;Actualizacion;OK;HARD;1;Updates OK : no updates available
[1711955020] SERVICE FLAPPING ALERT: SRV_SOS2021.cass.cl;Actualizacion;STARTED; Service appears to have started flapping (22.8% change >= 20.0% threshold)
[1711955020] SERVICE ALERT: SRV_SOS2021.cass.cl;Actualizacion;OK;HARD;1;Updates OK : no updates available
[1711955401] SERVICE ALERT: SRV_email.cass.cl;Actualizacion;UNKNOWN;SOFT;1;CHECK_NRPE: Receive header underflow - only 0 bytes received (4 expected).
[1711955401] SERVICE ALERT: SRV_Cfiler.cass.cl;Actualizacion;UNKNOWN;SOFT;1;CHECK_NRPE: Receive header underflow - only 0 bytes received (4 expected).
[1711955401] SERVICE ALERT: SRV_chat.cass.cl;Actualizacion;UNKNOWN;SOFT;1;CHECK_NRPE: Receive header underflow - only 0 bytes received (4 expected).
[1711955527] SERVICE ALERT: SRV_Cfiler.cass.cl;Actualizacion;OK;SOFT;2;Updates OK : no updates available
[1711955534] SERVICE ALERT: SRV_email.cass.cl;Actualizacion;OK;SOFT;2;Updates OK : no updates available
[1711955534] SERVICE ALERT: SRV_chat.cass.cl;Actualizacion;OK;SOFT;2;Updates OK : no updates available
[1711956101] SERVICE FLAPPING ALERT: SRV_SOS2021.cass.cl;Actualizacion;STOPPED; Service appears to have stopped flapping (3.9% change < 5.0% threshold)
[1711956269] SERVICE FLAPPING ALERT: SRV_chat.cass.cl;Actualizacion;STOPPED; Service appears to have stopped flapping (3.8% change < 5.0% threshold)
[1711956272] SERVICE ALERT: SRV_SOS2021.cass.cl;Actualizacion;UNKNOWN;SOFT;1;Updates UNKNOWN : UNKNOWN: Error message: Empty reply from server
[1711956311] SERVICE ALERT: SRV_Cfiler.cass.cl;Actualizacion;UNKNOWN;SOFT;1;Updates UNKNOWN : UNKNOWN: Error message: Empty reply from server
[1711956320] SERVICE ALERT: SRV_chat.cass.cl;Actualizacion;UNKNOWN;SOFT;1;Updates UNKNOWN : UNKNOWN: Error message: Empty reply from server
[1711956397] SERVICE ALERT: SRV_SOS2021.cass.cl;Actualizacion;UNKNOWN;SOFT;2;Updates UNKNOWN : UNKNOWN: Error message: Empty reply from server
[1711956443] SERVICE ALERT: SRV_Cfiler.cass.cl;Actualizacion;OK;SOFT;2;Updates OK : no updates available
[1711956452] SERVICE ALERT: SRV_chat.cass.cl;Actualizacion;OK;SOFT;2;Updates OK : no updates available
[1711956529] SERVICE ALERT: SRV_SOS2021.cass.cl;Actualizacion;OK;SOFT;3;Updates OK : no updates available
[1711956752] SERVICE ALERT: SRV_Cfiler.cass.cl;Actualizacion;UNKNOWN;SOFT;1;Updates UNKNOWN : UNKNOWN: Error message: Empty reply from server
[1711956877] SERVICE ALERT: SRV_Cfiler.cass.cl;Actualizacion;UNKNOWN;SOFT;2;Updates UNKNOWN : UNKNOWN: Error message: Empty reply from server
[1711956880] SERVICE ALERT: SRV_chat.cass.cl;Actualizacion;UNKNOWN;SOFT;1;Updates UNKNOWN : UNKNOWN: Error message: Empty reply from server
[1711957003] SERVICE ALERT: SRV_Cfiler.cass.cl;Actualizacion;UNKNOWN;HARD;3;Updates UNKNOWN : UNKNOWN: Error message: Empty reply from server
[1711957016] SERVICE ALERT: SRV_chat.cass.cl;Actualizacion;OK;SOFT;2;Updates OK : no updates available
[1711957075] SERVICE ALERT: SRV_Cfiler.cass.cl;Actualizacion;OK;HARD;1;Updates OK : no updates available
[1711957202] SERVICE ALERT: SRV_chat.cass.cl;Actualizacion;UNKNOWN;SOFT;1;CHECK_NRPE: Receive header underflow - only 0 bytes received (4 expected).
[1711957329] SERVICE ALERT: SRV_chat.cass.cl;Actualizacion;UNKNOWN;SOFT;2;Updates UNKNOWN : UNKNOWN: Error message: Empty reply from server
[1711957465] SERVICE ALERT: SRV_chat.cass.cl;Actualizacion;OK;SOFT;3;Updates OK : no updates available
[1711957488] SERVICE ALERT: SRV_Cfiler.cass.cl;Actualizacion;UNKNOWN;SOFT;1;Updates UNKNOWN : UNKNOWN: Error message: Empty reply from server
[1711957524] SERVICE ALERT: SRV_Soporte;CPU;WARNING;SOFT;1;WARNING: Percent was 66.40 %
[1711957621] SERVICE ALERT: SRV_Cfiler.cass.cl;Actualizacion;OK;SOFT;2;Updates OK : no updates available
[1711957644] SERVICE ALERT: SRV_Soporte;CPU;OK;SOFT;2;OK: Percent was 41.40 %
[1711957653] SERVICE ALERT: SRV_chat.cass.cl;Actualizacion;UNKNOWN;SOFT;1;Updates UNKNOWN : UNKNOWN: Error message: Empty reply from server
[1711957785] SERVICE ALERT: SRV_chat.cass.cl;Actualizacion;OK;SOFT;2;Updates OK : no updates available
[1711957801] SERVICE ALERT: SRV_SOS2021.cass.cl;Actualizacion;UNKNOWN;SOFT;1;CHECK_NRPE: Receive header underflow - only 0 bytes received (4 expected).
[1711957801] SERVICE ALERT: SRV_Cfiler.cass.cl;Actualizacion;UNKNOWN;SOFT;1;CHECK_NRPE: Receive header underflow - only 0 bytes received (4 expected).
[1711957928] SERVICE ALERT: SRV_Cfiler.cass.cl;Actualizacion;UNKNOWN;SOFT;2;Updates UNKNOWN : UNKNOWN: Error message: Empty reply from server
[1711957930] SERVICE ALERT: SRV_SOS2021.cass.cl;Actualizacion;UNKNOWN;SOFT;2;Updates UNKNOWN : UNKNOWN: Error message: Empty reply from server
[1711957976] Auto-save of retention data completed successfully.
[1711958063] SERVICE ALERT: SRV_Cfiler.cass.cl;Actualizacion;OK;SOFT;3;Updates OK : no updates available
[1711958065] SERVICE ALERT: SRV_SOS2021.cass.cl;Actualizacion;OK;SOFT;3;Updates OK : no updates available
[1711958191] SERVICE ALERT: SRV_Cfiler.cass.cl;Actualizacion;UNKNOWN;SOFT;1;Updates UNKNOWN : UNKNOWN: Error message: Empty reply from server
[1711958325] SERVICE ALERT: SRV_Cfiler.cass.cl;Actualizacion;OK;SOFT;2;Updates OK : no updates available
[1711958331] SERVICE ALERT: SRV_chat.cass.cl;Actualizacion;UNKNOWN;SOFT;1;Updates UNKNOWN : UNKNOWN: Error message: Empty reply from server
[1711958464] SERVICE ALERT: SRV_chat.cass.cl;Actualizacion;OK;SOFT;2;Updates OK : no updates available
[1711958691] SERVICE ALERT: SRV_Cfiler.cass.cl;Actualizacion;UNKNOWN;SOFT;1;Updates UNKNOWN : UNKNOWN: Error message: Empty reply from server
[1711958817] SERVICE ALERT: SRV_Cfiler.cass.cl;Actualizacion;OK;SOFT;2;Updates OK : no updates available
[1711958951] SERVICE ALERT: SRV_chat.cass.cl;Actualizacion;UNKNOWN;SOFT;1;Updates UNKNOWN : UNKNOWN: Error message: Empty reply from server
[1711958965] SERVICE ALERT: SRV_Soporte;CPU;WARNING;SOFT;1;WARNING: Percent was 64.30 %
[1711959001] SERVICE ALERT: SRV_Cfiler.cass.cl;Actualizacion;UNKNOWN;SOFT;1;CHECK_NRPE: Receive header underflow - only 0 bytes received (4 expected).
[1711959076] SERVICE ALERT: SRV_chat.cass.cl;Actualizacion;UNKNOWN;SOFT;2;Updates UNKNOWN : UNKNOWN: Error message: Empty reply from server
[1711959086] SERVICE ALERT: SRV_Soporte;CPU;OK;SOFT;2;OK: Percent was 57.00 %
[1711959088] SERVICE ALERT: SRV_SOS2021.cass.cl;Actualizacion;UNKNOWN;SOFT;1;Updates UNKNOWN : UNKNOWN: Error message: Empty reply from server
[1711959127] SERVICE ALERT: SRV_Cfiler.cass.cl;Actualizacion;OK;SOFT;2;Updates OK : no updates available
[1711959202] SERVICE ALERT: SRV_chat.cass.cl;Actualizacion;UNKNOWN;HARD;3;Updates UNKNOWN : UNKNOWN: Error message: Empty reply from server
[1711959222] SERVICE ALERT: SRV_SOS2021.cass.cl;Actualizacion;OK;SOFT;2;Updates OK : no updates available
[1711959277] SERVICE ALERT: SRV_chat.cass.cl;Actualizacion;OK;HARD;1;Updates OK : no updates available
[1711961576] Auto-save of retention data completed successfully.
[1711963827] SERVICE ALERT: SRV_Soporte;CPU;WARNING;SOFT;1;WARNING: Percent was 60.92 %
[1711963948] SERVICE ALERT: SRV_Soporte;CPU;OK;SOFT;2;OK: Percent was 45.32 %
[1711964309] SERVICE ALERT: SRV_Soporte;CPU;WARNING;SOFT;1;WARNING: Percent was 64.82 %
[1711964430] SERVICE ALERT: SRV_Soporte;CPU;OK;SOFT;2;OK: Percent was 32.83 %
[1711965176] Auto-save of retention data completed successfully.
[1711968776] Auto-save of retention data completed successfully.
[1711969231] SERVICE ALERT: SRV_Soporte;CPU;WARNING;SOFT;1;WARNING: Percent was 64.08 %
[1711969350] SERVICE ALERT: SRV_Soporte;CPU;OK;SOFT;2;OK: Percent was 29.67 %
[1711972376] Auto-save of retention data completed successfully.
[1711973550] SERVICE ALERT: SRV_Soporte;CPU;WARNING;SOFT;1;WARNING: Percent was 60.92 %
[1711973671] SERVICE ALERT: SRV_Soporte;CPU;OK;SOFT;2;OK: Percent was 46.85 %
[1711974152] SERVICE ALERT: SRV_Soporte;CPU;WARNING;SOFT;1;WARNING: Percent was 60.17 %
[1711974221] SERVICE ALERT: SRV_nagios;Actualizacion;OK;HARD;1;YUM OK: 0 Updates Available
[1711974273] SERVICE ALERT: SRV_Soporte;CPU;OK;SOFT;2;OK: Percent was 42.98 %
[1711974814] SERVICE ALERT: SRV_Soporte;CPU;WARNING;SOFT;1;WARNING: Percent was 67.15 %
[1711974935] SERVICE ALERT: SRV_Soporte;CPU;OK;SOFT;2;OK: Percent was 34.27 %
[1711975596] SERVICE ALERT: SRV_Soporte;CPU;WARNING;SOFT;1;WARNING: Percent was 60.92 %
[1711975717] SERVICE ALERT: SRV_Soporte;CPU;WARNING;SOFT;2;WARNING: Percent was 67.17 %
[1711975838] SERVICE ALERT: SRV_Soporte;CPU;OK;SOFT;3;OK: Percent was 52.33 %
[1711975976] Auto-save of retention data completed successfully.
[1711977399] SERVICE ALERT: SRV_Soporte;CPU;WARNING;SOFT;1;WARNING: Percent was 62.97 %
[1711977519] SERVICE ALERT: SRV_Soporte;CPU;OK;SOFT;2;OK: Percent was 29.70 %
[1711978300] SERVICE ALERT: SRV_Soporte;CPU;WARNING;SOFT;1;WARNING: Percent was 61.70 %
[1711978421] SERVICE ALERT: SRV_Soporte;CPU;OK;SOFT;2;OK: Percent was 28.15 %
[1711978962] SERVICE ALERT: SRV_Soporte;CPU;WARNING;SOFT;1;WARNING: Percent was 60.90 %
[1711979083] SERVICE ALERT: SRV_Soporte;CPU;OK;SOFT;2;OK: Percent was 37.50 %
[1711979563] SERVICE ALERT: SRV_Soporte;CPU;WARNING;SOFT;1;WARNING: Percent was 69.53 %
[1711979576] Auto-save of retention data completed successfully.
[1711979684] SERVICE ALERT: SRV_Soporte;CPU;OK;SOFT;2;OK: Percent was 44.23 %
[1711980105] SERVICE ALERT: SRV_Soporte;CPU;WARNING;SOFT;1;WARNING: Percent was 65.25 %
[1711980226] SERVICE ALERT: SRV_Soporte;CPU;OK;SOFT;2;OK: Percent was 50.02 %
[1711980706] SERVICE ALERT: SRV_Soporte;CPU;WARNING;SOFT;1;WARNING: Percent was 67.97 %
[1711980827] SERVICE ALERT: SRV_Soporte;CPU;OK;SOFT;2;OK: Percent was 47.72 %
[1711981127] SERVICE ALERT: SRV_Soporte;CPU;CRITICAL;SOFT;1;CRITICAL: Percent was 71.10 %
[1711981248] SERVICE ALERT: SRV_Soporte;CPU;OK;SOFT;2;OK: Percent was 39.08 %
[1711981854] SERVICE ALERT: SRV_GLPI;CPU;WARNING;SOFT;1;WARNING: Percent was 60.25 %
[1711981975] SERVICE ALERT: SRV_GLPI;CPU;OK;SOFT;2;OK: Percent was 28.05 %
[1711982260] SERVICE ALERT: FW Cass Telsur;Ancho de Banda LAN;CRITICAL;SOFT;1;(No output on stdout) stderr:
[1711982381] SERVICE ALERT: FW Cass Telsur;Ancho de Banda LAN;OK;SOFT;2;OK - Average IN: 48.70KB (0.04%), Average OUT: 383.39KB (0.31%)Total RX: 636.76GBytes, Total TX: 753.38GBytes
[1711982586] SERVICE ALERT: FW Cass Telsur;Ancho de Banda DMZ;CRITICAL;SOFT;1;(No output on stdout) stderr:
[1711982706] SERVICE ALERT: FW Cass Telsur;Ancho de Banda DMZ;OK;SOFT;2;OK - Average IN: 11.05KB (0.01%), Average OUT: 7.82KB (0.01%)Total RX: 100.06GBytes, Total TX: 32.17GBytes
[1711983176] Auto-save of retention data completed successfully.
[1711984911] SERVICE ALERT: FW Cass Telsur;Ancho de Banda LAN;CRITICAL;SOFT;1;(No output on stdout) stderr:
[1711985031] SERVICE ALERT: FW Cass Telsur;Ancho de Banda LAN;OK;SOFT;2;OK - Average IN: 1.84MB (1.47%), Average OUT: 3.05MB (2.44%)Total RX: 637.36GBytes, Total TX: 755.01GBytes
[1711985626] SERVICE ALERT: FW Cass Telsur;Estado Puerto LAN;WARNING;SOFT;1;WARNING: SNMP error: No response from remote host "201.220.96.34"
[1711985746] SERVICE ALERT: FW Cass Telsur;Estado Puerto LAN;OK;SOFT;2;OK: Interface eth0 (index 2) is up.
[1711986469] SERVICE ALERT: SRV_Soporte;CPU;WARNING;SOFT;1;WARNING: Percent was 61.75 %
[1711986589] SERVICE ALERT: SRV_Soporte;CPU;OK;SOFT;2;OK: Percent was 37.50 %
[1711986776] Auto-save of retention data completed successfully.
[1711986796] SERVICE ALERT: FW Cass Telsur;Ancho de Banda DMZ;CRITICAL;SOFT;1;CRITICAL - IN bandwidth (210819931096.29%) too high
[1711986917] SERVICE ALERT: FW Cass Telsur;Ancho de Banda DMZ;CRITICAL;SOFT;2;CRITICAL - IN bandwidth (685.05%) too high
[1711987037] SERVICE ALERT: FW Cass Telsur;Ancho de Banda DMZ;OK;SOFT;3;OK - Average IN: 3.19MB (2.55%), Average OUT: 70.71KB (0.06%)Total RX: 107.59GBytes, Total TX: 32.38GBytes
[1711987249] SERVICE ALERT: SRV_Soporte;CPU;WARNING;SOFT;1;WARNING: Percent was 65.40 %
[1711987370] SERVICE ALERT: SRV_Soporte;CPU;OK;SOFT;2;OK: Percent was 35.15 %
[1711987551] SERVICE ALERT: SRV_Soporte;CPU;CRITICAL;SOFT;1;CRITICAL: Percent was 79.70 %
[1711987672] SERVICE ALERT: SRV_Soporte;CPU;OK;SOFT;2;OK: Percent was 33.60 %
[1711987973] SERVICE ALERT: SRV_Soporte;CPU;CRITICAL;SOFT;1;CRITICAL: Percent was 78.40 %
[1711988094] SERVICE ALERT: SRV_Soporte;CPU;WARNING;SOFT;2;WARNING: Percent was 67.40 %
[1711988214] SERVICE ALERT: SRV_Soporte;CPU;OK;SOFT;3;OK: Percent was 44.53 %
[1711988395] SERVICE ALERT: SRV_Soporte;CPU;WARNING;SOFT;1;WARNING: Percent was 60.18 %
[1711988516] SERVICE ALERT: SRV_Soporte;CPU;WARNING;SOFT;2;WARNING: Percent was 69.20 %
[1711988637] SERVICE ALERT: SRV_Soporte;CPU;OK;SOFT;3;OK: Percent was 37.53 %
[1711988878] SERVICE ALERT: SRV_Soporte;CPU;CRITICAL;SOFT;1;CRITICAL: Percent was 79.12 %
[1711988999] SERVICE ALERT: SRV_Soporte;CPU;OK;SOFT;2;OK: Percent was 46.08 %
[1711990376] Auto-save of retention data completed successfully.
[1711990410] SERVICE ALERT: FW Cass Telsur;Ancho de Banda WAN;CRITICAL;SOFT;1;(No output on stdout) stderr:
[1711990530] SERVICE ALERT: FW Cass Telsur;Ancho de Banda WAN;OK;SOFT;2;OK - Average IN: 305.47B (0.00%), Average OUT: 102.76B (0.00%)Total RX: 4745.44GBytes, Total TX: 5230.03GBytes
[1711991159] SERVICE ALERT: SRV_Soporte;CPU;WARNING;SOFT;1;WARNING: Percent was 63.30 %
[1711991280] SERVICE ALERT: SRV_Soporte;CPU;OK;SOFT;2;OK: Percent was 49.98 %
[1711992781] SERVICE ALERT: SRV_Soporte;CPU;WARNING;SOFT;1;WARNING: Percent was 60.92 %
[1711992902] SERVICE ALERT: SRV_Soporte;CPU;OK;SOFT;2;OK: Percent was 38.30 %
[1711993021] SERVICE ALERT: FW Cass Telsur;Ancho de Banda LAN;CRITICAL;SOFT;1;(No output on stdout) stderr:
[1711993141] SERVICE ALERT: FW Cass Telsur;Ancho de Banda LAN;OK;SOFT;2;OK - Average IN: 45.62KB (0.04%), Average OUT: 902.61KB (0.72%)Total RX: 638.30GBytes, Total TX: 772.29GBytes
[1711993240] SERVICE ALERT: FW Cass Telsur;Ancho de Banda WAN;CRITICAL;SOFT;1;(No output on stdout) stderr:
[1711993361] SERVICE ALERT: FW Cass Telsur;Ancho de Banda WAN;OK;SOFT;2;OK - Average IN: 325.81B (0.00%), Average OUT: 119.02B (0.00%)Total RX: 4746.27GBytes, Total TX: 5232.18GBytes
[1711993976] Auto-save of retention data completed successfully.
[1711994211] SERVICE ALERT: FW Cass Telsur;Ancho de Banda WAN;CRITICAL;SOFT;1;(No output on stdout) stderr:
[1711994332] SERVICE ALERT: FW Cass Telsur;Ancho de Banda WAN;OK;SOFT;2;OK - Average IN: 317.24B (0.00%), Average OUT: 112.17B (0.00%)Total RX: 4746.27GBytes, Total TX: 5232.18GBytes
[1711994711] SERVICE ALERT: FW Cass Telsur;Ancho de Banda LAN;CRITICAL;SOFT;1;(No output on stdout) stderr:
[1711994831] SERVICE ALERT: FW Cass Telsur;Ancho de Banda LAN;OK;SOFT;2;OK - Average IN: 117.55KB (0.09%), Average OUT: 2.02MB (1.61%)Total RX: 638.41GBytes, Total TX: 774.31GBytes
[1711995015] SERVICE ALERT: FW Cass Telsur;Estado Puerto WAN;WARNING;SOFT;1;WARNING: SNMP error: No response from remote host "201.220.96.34"
[1711995056] SERVICE ALERT: FW Cass Telsur;Estado Puerto LAN;WARNING;SOFT;1;WARNING: SNMP error: No response from remote host "201.220.96.34"
[1711995062] SERVICE ALERT: FW Cass Telsur;Ancho de Banda WAN;CRITICAL;SOFT;1;(No output on stdout) stderr:
[1711995135] SERVICE ALERT: FW Cass Telsur;Estado Puerto WAN;OK;SOFT;2;OK: Interface eth1 (index 3) is up.
[1711995176] SERVICE ALERT: FW Cass Telsur;Estado Puerto LAN;OK;SOFT;2;OK: Interface eth0 (index 2) is up.
[1711995182] SERVICE ALERT: FW Cass Telsur;Ancho de Banda WAN;OK;SOFT;2;OK - Average IN: 277.28B (0.00%), Average OUT: 96.28B (0.00%)Total RX: 4746.27GBytes, Total TX: 5232.18GBytes
[1711997576] Auto-save of retention data completed successfully.
[1711999041] SERVICE ALERT: FW Cass Telsur;Ancho de Banda LAN;CRITICAL;SOFT;1;(No output on stdout) stderr:
[1711999161] SERVICE ALERT: FW Cass Telsur;Ancho de Banda LAN;OK;SOFT;2;OK - Average IN: 106.81KB (0.09%), Average OUT: 458.51KB (0.37%)Total RX: 638.98GBytes, Total TX: 778.28GBytes
[1711999345] SERVICE ALERT: FW Cass Telsur;Estado Puerto WAN;WARNING;SOFT;1;WARNING: SNMP error: No response from remote host "201.220.96.34"
[1711999465] SERVICE ALERT: FW Cass Telsur;Estado Puerto WAN;OK;SOFT;2;OK: Interface eth1 (index 3) is up.
[1712001176] Auto-save of retention data completed successfully.
[1712001963] SERVICE ALERT: SRV_Soporte;CPU;WARNING;SOFT;1;WARNING: Percent was 66.33 %
[1712002084] SERVICE ALERT: SRV_Soporte;CPU;OK;SOFT;2;OK: Percent was 46.10 %
[1712002564] SERVICE ALERT: SRV_Soporte;CPU;WARNING;SOFT;1;WARNING: Percent was 64.60 %
[1712002685] SERVICE ALERT: SRV_Soporte;CPU;OK;SOFT;2;OK: Percent was 34.38 %
[1712003345] SERVICE ALERT: SRV_Soporte;CPU;WARNING;SOFT;1;WARNING: Percent was 67.95 %
[1712003466] SERVICE ALERT: SRV_Soporte;CPU;OK;SOFT;2;OK: Percent was 47.67 %
[1712003647] SERVICE ALERT: SRV_Soporte;CPU;WARNING;SOFT;1;WARNING: Percent was 61.73 %
[1712003768] SERVICE ALERT: SRV_Soporte;CPU;OK;SOFT;2;OK: Percent was 42.17 %
[1712004249] SERVICE ALERT: SRV_Soporte;CPU;CRITICAL;SOFT;1;CRITICAL: Percent was 70.33 %
[1712004370] SERVICE ALERT: SRV_Soporte;CPU;OK;SOFT;2;OK: Percent was 55.45 %
[1712004776] Auto-save of retention data completed successfully.
[1712005450] SERVICE ALERT: SRV_Soporte;CPU;WARNING;SOFT;1;WARNING: Percent was 60.15 %
[1712005571] SERVICE ALERT: SRV_Soporte;CPU;OK;SOFT;2;OK: Percent was 34.38 %
[1712006052] SERVICE ALERT: SRV_Soporte;CPU;WARNING;SOFT;1;WARNING: Percent was 62.52 %
[1712006172] SERVICE ALERT: SRV_Soporte;CPU;OK;SOFT;2;OK: Percent was 28.12 %
[1712006653] SERVICE ALERT: SRV_Soporte;CPU;WARNING;SOFT;1;WARNING: Percent was 65.60 %
[1712006774] SERVICE ALERT: SRV_Soporte;CPU;OK;SOFT;2;OK: Percent was 49.23 %
[1712008376] Auto-save of retention data completed successfully.
[1712011634] SERVICE ALERT: SRV_Soporte;CPU;CRITICAL;SOFT;1;CRITICAL: Percent was 74.22 %
[1712011755] SERVICE ALERT: SRV_Soporte;CPU;OK;SOFT;2;OK: Percent was 46.88 %
[1712011976] Auto-save of retention data completed successfully.
[1712015116] SERVICE ALERT: SRV_Soporte;CPU;CRITICAL;SOFT;1;CRITICAL: Percent was 87.47 %
[1712015238] SERVICE ALERT: SRV_Soporte;CPU;WARNING;SOFT;2;WARNING: Percent was 67.97 %
[1712015359] SERVICE ALERT: SRV_Soporte;CPU;OK;SOFT;3;OK: Percent was 28.93 %
[1712015576] Auto-save of retention data completed successfully.
[1712015661] SERVICE ALERT: SRV_Soporte;CPU;WARNING;SOFT;1;WARNING: Percent was 63.27 %
[1712015781] SERVICE ALERT: SRV_Soporte;CPU;OK;SOFT;2;OK: Percent was 5.45 %
[1712016022] SERVICE ALERT: SRV_Soporte;CPU;WARNING;SOFT;1;WARNING: Percent was 60.15 %
[1712016143] SERVICE ALERT: SRV_Soporte;CPU;OK;SOFT;2;OK: Percent was 50.00 %
[1712016324] SERVICE ALERT: SRV_Soporte;CPU;WARNING;SOFT;1;WARNING: Percent was 65.90 %
[1712016445] SERVICE ALERT: SRV_Soporte;CPU;OK;SOFT;2;OK: Percent was 8.60 %
[1712016775] SERVICE ALERT: SRV_GLPI;CPU;WARNING;SOFT;1;WARNING: Percent was 65.97 %
[1712016896] SERVICE ALERT: SRV_GLPI;CPU;OK;SOFT;2;OK: Percent was 0.00 %
[1712019176] Auto-save of retention data completed successfully.
[1712020318] SERVICE ALERT: Veeam2023.cass.pmc;CPU;WARNING;SOFT;1;CPU Load 99% (5 min average)
[1712020438] SERVICE ALERT: Veeam2023.cass.pmc;CPU;WARNING;SOFT;2;CPU Load 99% (5 min average)
[1712020558] SERVICE NOTIFICATION: nagiosadmin;Veeam2023.cass.pmc;CPU;WARNING;notify-service-by-email;CPU Load 99% (5 min average)
[1712020558] SERVICE NOTIFICATION: andresnavarro;Veeam2023.cass.pmc;CPU;WARNING;notify-service-by-email;CPU Load 99% (5 min average)
[1712020558] SERVICE NOTIFICATION: soporteti;Veeam2023.cass.pmc;CPU;WARNING;notify-service-by-telegram;CPU Load 99% (5 min average)
[1712020558] SERVICE NOTIFICATION: soporteti;Veeam2023.cass.pmc;CPU;WARNING;notify-service-by-email;CPU Load 99% (5 min average)
[1712020558] SERVICE NOTIFICATION: carlosstange;Veeam2023.cass.pmc;CPU;WARNING;notify-service-by-telegram;CPU Load 99% (5 min average)
[1712020558] SERVICE NOTIFICATION: carlosstange;Veeam2023.cass.pmc;CPU;WARNING;notify-service-by-email;CPU Load 99% (5 min average)
[1712020558] SERVICE ALERT: Veeam2023.cass.pmc;CPU;WARNING;HARD;3;CPU Load 99% (5 min average)
[1712020858] SERVICE NOTIFICATION: nagiosadmin;Veeam2023.cass.pmc;CPU;OK;notify-service-by-email;CPU Load 88% (5 min average)
[1712020858] SERVICE NOTIFICATION: andresnavarro;Veeam2023.cass.pmc;CPU;OK;notify-service-by-email;CPU Load 88% (5 min average)
[1712020858] SERVICE NOTIFICATION: soporteti;Veeam2023.cass.pmc;CPU;OK;notify-service-by-telegram;CPU Load 88% (5 min average)
[1712020858] SERVICE NOTIFICATION: soporteti;Veeam2023.cass.pmc;CPU;OK;notify-service-by-email;CPU Load 88% (5 min average)
[1712020858] SERVICE NOTIFICATION: carlosstange;Veeam2023.cass.pmc;CPU;OK;notify-service-by-telegram;CPU Load 88% (5 min average)
[1712020858] SERVICE NOTIFICATION: carlosstange;Veeam2023.cass.pmc;CPU;OK;notify-service-by-email;CPU Load 88% (5 min average)
[1712020858] SERVICE ALERT: Veeam2023.cass.pmc;CPU;OK;HARD;1;CPU Load 88% (5 min average)
[1712022776] Auto-save of retention data completed successfully.
[1712023766] SERVICE ALERT: SRV_Soporte;CPU;WARNING;SOFT;1;WARNING: Percent was 63.53 %
[1712023887] SERVICE ALERT: SRV_Soporte;CPU;WARNING;SOFT;2;WARNING: Percent was 67.20 %
[1712024008] SERVICE ALERT: SRV_Soporte;CPU;OK;SOFT;3;OK: Percent was 50.77 %
[1712024096] SERVICE ALERT: Veeam2023.cass.pmc;Actualizacion;UNKNOWN;HARD;3;CHECK_NRPE: Receive header underflow - only 0 bytes received (4 expected).
[1712024158] SERVICE ALERT: Veeam2023.cass.pmc;Actualizacion;CRITICAL;HARD;3;Updates: 3 critical, 0 optional
[1712026376] Auto-save of retention data completed successfully.
