[1693281600] LOG ROTATION: DAILY
[1693281600] LOG VERSION: 2.0
[1693281600] CURRENT HOST STATE: ADL Diagnostic;UP;HARD;1;PING OK - Packet loss = 0%, RTA = 36.67 ms
[1693281600] CURRENT HOST STATE: Blueshell;UP;HARD;1;PING OK - Packet loss = 0%, RTA = 3.30 ms
[1693281600] CURRENT HOST STATE: Cass Entel;UP;HARD;1;PING OK - Packet loss = 0%, RTA = 0.66 ms
[1693281600] CURRENT HOST STATE: Cass Telsur;UP;HARD;1;PING OK - Packet loss = 0%, RTA = 1.33 ms
[1693281600] CURRENT HOST STATE: Clinica PV Movistar;UP;HARD;1;PING OK - Packet loss = 44%, RTA = 31.61 ms
[1693281600] CURRENT HOST STATE: Clinica PV Telsur;UP;HARD;1;PING OK - Packet loss = 0%, RTA = 1.23 ms
[1693281600] CURRENT HOST STATE: Confe;UP;HARD;1;PING OK - Packet loss = 37%, RTA = 40.04 ms
[1693281600] CURRENT HOST STATE: Electric Works;UP;HARD;1;PING OK - Packet loss = 0%, RTA = 32.88 ms
[1693281600] CURRENT HOST STATE: Ext Entel;UP;HARD;1;PING OK - Packet loss = 0%, RTA = 0.46 ms
[1693281600] CURRENT HOST STATE: Ext Telsur;UP;HARD;1;PING OK - Packet loss = 16%, RTA = 1.28 ms
[1693281600] CURRENT HOST STATE: FW ADL Diagnostic;UP;HARD;1;PING OK - Packet loss = 0%, RTA = 35.30 ms
[1693281600] CURRENT HOST STATE: FW Blueshell;UP;HARD;1;PING OK - Packet loss = 0%, RTA = 2.91 ms
[1693281600] CURRENT HOST STATE: FW Cass Entel;UP;HARD;1;PING OK - Packet loss = 0%, RTA = 35.17 ms
[1693281600] CURRENT HOST STATE: FW Cass Telsur;UP;HARD;1;PING OK - Packet loss = 0%, RTA = 0.53 ms
[1693281600] CURRENT HOST STATE: FW Clinica PV Movistar;UP;HARD;1;PING OK - Packet loss = 0%, RTA = 34.76 ms
[1693281600] CURRENT HOST STATE: FW Clinica PV Telsur;UP;HARD;1;PING OK - Packet loss = 0%, RTA = 1.43 ms
[1693281600] CURRENT HOST STATE: FW Confe;UP;HARD;1;PING OK - Packet loss = 0%, RTA = 39.28 ms
[1693281600] CURRENT HOST STATE: FW Electric Works;UP;HARD;1;PING OK - Packet loss = 0%, RTA = 34.07 ms
[1693281600] CURRENT HOST STATE: FW Gore Los Lagos;UP;HARD;1;PING OK - Packet loss = 0%, RTA = 1.35 ms
[1693281600] CURRENT HOST STATE: FW Pasmar;UP;HARD;1;PING OK - Packet loss = 0%, RTA = 1.37 ms
[1693281600] CURRENT HOST STATE: Gore Los Lagos;UP;HARD;1;PING OK - Packet loss = 0%, RTA = 1.10 ms
[1693281600] CURRENT HOST STATE: Host-10.0.0.120;UP;HARD;1;PING OK - Packet loss = 0%, RTA = 0.54 ms
[1693281600] CURRENT HOST STATE: Host-10.0.0.121;UP;HARD;1;PING OK - Packet loss = 0%, RTA = 0.50 ms
[1693281600] CURRENT HOST STATE: Internet;UP;HARD;1;PING OK - Packet loss = 0%, RTA = 18.18 ms
[1693281600] CURRENT HOST STATE: Pasmar;UP;HARD;1;PING OK - Packet loss = 0%, RTA = 1.34 ms
[1693281600] CURRENT HOST STATE: Qnap NAS;UP;HARD;1;PING OK - Packet loss = 0%, RTA = 0.31 ms
[1693281600] CURRENT HOST STATE: SRV01USER_cass.cl;UP;HARD;1;PING OK - Packet loss = 0%, RTA = 2.21 ms
[1693281600] CURRENT HOST STATE: SRV04AD01.cass.cl;UP;HARD;1;PING OK - Packet loss = 0%, RTA = 1.61 ms
[1693281600] CURRENT HOST STATE: SRV05AD02_cass.cl;UP;HARD;1;PING OK - Packet loss = 0%, RTA = 1.61 ms
[1693281600] CURRENT HOST STATE: SRV11VIBE_cass.cl;UP;HARD;1;PING OK - Packet loss = 0%, RTA = 1.24 ms
[1693281600] CURRENT HOST STATE: SRV12WEB_cass.cl;UP;HARD;1;PING OK - Packet loss = 0%, RTA = 1.27 ms
[1693281600] CURRENT HOST STATE: SRVAD1.cass.pmc;UP;HARD;1;PING OK - Packet loss = 0%, RTA = 1.63 ms
[1693281600] CURRENT HOST STATE: SRVAD2.cass.pmc;UP;HARD;1;PING OK - Packet loss = 0%, RTA = 1.45 ms
[1693281600] CURRENT HOST STATE: SRVADMIN.cass.pmc;UP;HARD;1;PING OK - Packet loss = 0%, RTA = 1.75 ms
[1693281600] CURRENT HOST STATE: SRVCONT.cass.cl;UP;HARD;1;PING OK - Packet loss = 0%, RTA = 3.25 ms
[1693281600] CURRENT HOST STATE: SRVDC1.cass.pmc;UP;HARD;1;PING OK - Packet loss = 0%, RTA = 1.71 ms
[1693281600] CURRENT HOST STATE: SRVDNS;UP;HARD;1;PING OK - Packet loss = 0%, RTA = 0.94 ms
[1693281600] CURRENT HOST STATE: SRVMFSD;UP;HARD;1;PING OK - Packet loss = 0%, RTA = 1.21 ms
[1693281600] CURRENT HOST STATE: SRV_Cfiler.cass.cl;UP;HARD;1;PING OK - Packet loss = 0%, RTA = 0.60 ms
[1693281600] CURRENT HOST STATE: SRV_Oraculo_cass.cl;UP;HARD;1;PING OK - Packet loss = 0%, RTA = 1.25 ms
[1693281600] CURRENT HOST STATE: SRV_SOS2021.cass.cl;UP;HARD;1;PING OK - Packet loss = 0%, RTA = 0.58 ms
[1693281600] CURRENT HOST STATE: SRV_SUM;UP;HARD;1;PING OK - Packet loss = 0%, RTA = 0.69 ms
[1693281600] CURRENT HOST STATE: SRV_chat.cass.cl;UP;HARD;1;PING OK - Packet loss = 0%, RTA = 0.54 ms
[1693281600] CURRENT HOST STATE: SRV_email.cass.cl;UP;HARD;1;PING OK - Packet loss = 0%, RTA = 0.94 ms
[1693281600] CURRENT HOST STATE: SRV_nagios;UP;HARD;1;PING OK - Packet loss = 0%, RTA = 0.09 ms
[1693281600] CURRENT HOST STATE: SRV_sync.cass.cl;UP;HARD;1;PING OK - Packet loss = 28%, RTA = 0.95 ms
[1693281600] CURRENT HOST STATE: Servidor Vcenter;UP;HARD;1;PING OK - Packet loss = 0%, RTA = 0.55 ms
[1693281600] CURRENT HOST STATE: Servidores CASS;UP;HARD;1;PING OK - Packet loss = 0%, RTA = 1.25 ms
[1693281600] CURRENT HOST STATE: Ups Principal;UP;HARD;1;PING OK - Packet loss = 0%, RTA = 0.91 ms
[1693281600] CURRENT HOST STATE: Veeam2023.cass.pmc;UP;HARD;1;PING OK - Packet loss = 0%, RTA = 1.55 ms
[1693281600] CURRENT HOST STATE: web_cass_cl;UP;HARD;1;PING OK - Packet loss = 0%, RTA = 0.59 ms
[1693281600] CURRENT SERVICE STATE: ADL Diagnostic;Ping;OK;HARD;1;PING OK - Packet loss = 0%, RTA = 36.60 ms
[1693281600] CURRENT SERVICE STATE: Blueshell;Ping;OK;HARD;1;PING OK - Packet loss = 0%, RTA = 3.11 ms
[1693281600] CURRENT SERVICE STATE: Clinica PV Movistar;Ping;OK;HARD;1;PING OK - Packet loss = 37%, RTA = 31.52 ms
[1693281600] CURRENT SERVICE STATE: Confe;Ping;CRITICAL;HARD;1;PING CRITICAL - Packet loss = 100%
[1693281600] CURRENT SERVICE STATE: Electric Works;Ping;OK;HARD;1;PING OK - Packet loss = 0%, RTA = 32.97 ms
[1693281600] CURRENT SERVICE STATE: Ext Telsur;Ping;OK;HARD;1;PING OK - Packet loss = 0%, RTA = 1.32 ms
[1693281600] CURRENT SERVICE STATE: FW ADL Diagnostic;Ping;OK;HARD;1;PING OK - Packet loss = 0%, RTA = 35.28 ms
[1693281600] CURRENT SERVICE STATE: FW Blueshell;Ping;OK;HARD;1;PING OK - Packet loss = 0%, RTA = 2.86 ms
[1693281600] CURRENT SERVICE STATE: FW Cass Entel;Ping;OK;HARD;1;PING OK - Packet loss = 0%, RTA = 35.33 ms
[1693281600] CURRENT SERVICE STATE: FW Cass Telsur;Ancho de Banda DMZ;OK;HARD;1;OK - Average IN: 8.89KB (0.01%), Average OUT: 4.97KB (0.00%)Total RX: 30.44GBytes, Total TX: 33.44GBytes
[1693281600] CURRENT SERVICE STATE: FW Cass Telsur;Ancho de Banda LAN;OK;HARD;1;OK - Average IN: 908.35B (0.00%), Average OUT: 826.27B (0.00%)Total RX: 515.49GBytes, Total TX: 498.97GBytes
[1693281600] CURRENT SERVICE STATE: FW Cass Telsur;Ancho de Banda WAN;OK;HARD;1;OK - Average IN: 27.65B (0.00%), Average OUT: 2.80B (0.00%)Total RX: 8799.45GBytes, Total TX: 5102.21GBytes
[1693281600] CURRENT SERVICE STATE: FW Cass Telsur;Estado Puerto DMZ;OK;HARD;1;OK: Interface eth2 (index 4) is up.
[1693281600] CURRENT SERVICE STATE: FW Cass Telsur;Estado Puerto LAN;OK;HARD;1;OK: Interface eth0 (index 2) is up.
[1693281600] CURRENT SERVICE STATE: FW Cass Telsur;Estado Puerto WAN;OK;HARD;1;OK: Interface eth1 (index 3) is up.
[1693281600] CURRENT SERVICE STATE: FW Cass Telsur;Estado TCP Sophos;OK;HARD;1;TCP OK - 0.001 second response time on 201.220.96.34 port 4444
[1693281600] CURRENT SERVICE STATE: FW Cass Telsur;Ping;OK;HARD;1;PING OK - Packet loss = 0%, RTA = 0.53 ms
[1693281600] CURRENT SERVICE STATE: FW Cass Telsur;Tiempo Activo;OK;HARD;1;SNMP OK - Timeticks: (166374865) 19 days, 6:09:08.65
[1693281600] CURRENT SERVICE STATE: FW Clinica PV Movistar;Ping;OK;HARD;1;PING OK - Packet loss = 0%, RTA = 34.86 ms
[1693281600] CURRENT SERVICE STATE: FW Confe;Ping;OK;HARD;1;PING OK - Packet loss = 0%, RTA = 39.32 ms
[1693281600] CURRENT SERVICE STATE: FW Electric Works;Ping;OK;HARD;1;PING OK - Packet loss = 0%, RTA = 34.06 ms
[1693281600] CURRENT SERVICE STATE: FW Gore Los Lagos;Ping;OK;HARD;1;PING OK - Packet loss = 0%, RTA = 1.39 ms
[1693281600] CURRENT SERVICE STATE: FW Pasmar;Ping;OK;HARD;1;PING OK - Packet loss = 0%, RTA = 1.42 ms
[1693281600] CURRENT SERVICE STATE: Gore Los Lagos;Ping;OK;HARD;1;PING OK - Packet loss = 0%, RTA = 0.88 ms
[1693281600] CURRENT SERVICE STATE: Host-10.0.0.120;Ping;OK;HARD;1;PING OK - Packet loss = 0%, RTA = 0.56 ms
[1693281600] CURRENT SERVICE STATE: Host-10.0.0.121;Ping;OK;HARD;1;PING OK - Packet loss = 0%, RTA = 0.51 ms
[1693281600] CURRENT SERVICE STATE: Pasmar;Ping;OK;HARD;1;PING OK - Packet loss = 0%, RTA = 1.72 ms
[1693281600] CURRENT SERVICE STATE: Qnap NAS;Almacenamiento;OK;HARD;1;OK: Total:50TB - Used:28TB - Free:22TB - Used Space: 56%
[1693281600] CURRENT SERVICE STATE: Qnap NAS;Estado;OK;HARD;1;Power Supply #1 - OK: GOOD
[1693281600] CURRENT SERVICE STATE: Qnap NAS;Memoria;OK;HARD;1;OK: Total:3830MB - Used:1278MB - Free:2552MB = 34%
[1693281600] CURRENT SERVICE STATE: Qnap NAS;Sysinfo;OK;HARD;1;NAS Cloud, Model TS-879U-RP, Firmware 4.3.6, Max HD number 8, No. Volume 1
[1693281600] CURRENT SERVICE STATE: Qnap NAS;Temperatura;OK;HARD;1;OK: Temperature=36C
[1693281600] CURRENT SERVICE STATE: Qnap NAS;Tiempo Activo;OK;HARD;1;SNMP OK - Timeticks: (299143778) 34 days, 14:57:17.78
[1693281600] CURRENT SERVICE STATE: SRV01USER_cass.cl;Actualizacion;CRITICAL;HARD;3;Updates: 11 critical, 0 optional
[1693281600] CURRENT SERVICE STATE: SRV01USER_cass.cl;Almacenamiento C;WARNING;HARD;3;c:\ - total: 119.40 Gb - used: 100.18 Gb (84%) - free 19.21 Gb (16%)
[1693281600] CURRENT SERVICE STATE: SRV01USER_cass.cl;Almacenamiento U;OK;HARD;1;u:\ - total: 1023.98 Gb - used: 181.65 Gb (18%) - free 842.33 Gb (82%)
[1693281600] CURRENT SERVICE STATE: SRV01USER_cass.cl;CPU;OK;HARD;1;CPU Load 3% (5 min average)
[1693281600] CURRENT SERVICE STATE: SRV01USER_cass.cl;Memoria;OK;HARD;1;Memory usage: total:29952.35 MB - used: 19604.26 MB (65%) - free: 10348.09 MB (35%)
[1693281600] CURRENT SERVICE STATE: SRV01USER_cass.cl;Ping;OK;HARD;1;PING OK - Packet loss = 0%, RTA = 2.46 ms
[1693281600] CURRENT SERVICE STATE: SRV01USER_cass.cl;Tiempo Activo;OK;HARD;1;System Uptime - 41 day(s) 4 hour(s) 7 minute(s)
[1693281600] CURRENT SERVICE STATE: SRV04AD01.cass.cl;Ping;OK;HARD;1;PING OK - Packet loss = 0%, RTA = 2.82 ms
[1693281600] CURRENT SERVICE STATE: SRV05AD02_cass.cl;Ping;OK;HARD;1;PING OK - Packet loss = 0%, RTA = 1.61 ms
[1693281600] CURRENT SERVICE STATE: SRV11VIBE_cass.cl;Actualizacion;CRITICAL;HARD;3;Updates CRITICAL : discontinued OS Release SLE 15.1: At least one of your Repositories might be out of date. Please run "zypper refresh" as root to update it.  2 security update(s): 1 recommended update(s):  2 package update(s):
[1693281600] CURRENT SERVICE STATE: SRV11VIBE_cass.cl;Almacenamiento /;OK;HARD;1;DISK OK - free space: /var/tmp 78645 MiB (85.82% inode=-):
[1693281600] CURRENT SERVICE STATE: SRV11VIBE_cass.cl;CPU;OK;HARD;1;OK - load average per CPU: 0.02, 0.02, 0.00
[1693281600] CURRENT SERVICE STATE: SRV11VIBE_cass.cl;Memoria;OK;HARD;1;[MEMORY] Total: 7693 MB - Used: 5017 MB - 65% [SWAP] Total: 7944 MB - Used: 451 MB - 5%
[1693281600] CURRENT SERVICE STATE: SRV11VIBE_cass.cl;Ping;OK;HARD;1;PING OK - Packet loss = 0%, RTA = 1.19 ms
[1693281600] CURRENT SERVICE STATE: SRV11VIBE_cass.cl;Proceso Vibe;OK;HARD;1;PROCS OK: 0 processes with command name 'vibe'
[1693281600] CURRENT SERVICE STATE: SRV11VIBE_cass.cl;Procesos;OK;HARD;1;PROCS OK: 318 processes
[1693281600] CURRENT SERVICE STATE: SRV11VIBE_cass.cl;Procesos Zombies;OK;HARD;1;PROCS OK: 0 processes with STATE = Z
[1693281600] CURRENT SERVICE STATE: SRV11VIBE_cass.cl;Puerto HTTP;OK;HARD;1;TCP OK - 0.000 second response time on 10.0.2.13 port 80
[1693281600] CURRENT SERVICE STATE: SRV11VIBE_cass.cl;Puerto HTTPS;OK;HARD;1;TCP OK - 0.001 second response time on 10.0.2.13 port 443
[1693281600] CURRENT SERVICE STATE: SRV11VIBE_cass.cl;Servicio Vibe;OK;HARD;1;OK: Service vibe is running!
[1693281600] CURRENT SERVICE STATE: SRV11VIBE_cass.cl;Tiempo Activo;WARNING;HARD;3;Uptime WARNING: 129 day(s) 14 hour(s) 15 minute(s)
[1693281600] CURRENT SERVICE STATE: SRV11VIBE_cass.cl;Usuarios Login;OK;HARD;1;USERS OK - 2 users currently logged in
[1693281600] CURRENT SERVICE STATE: SRV12WEB_cass.cl;Ping;OK;HARD;1;PING OK - Packet loss = 0%, RTA = 1.05 ms
[1693281600] CURRENT SERVICE STATE: SRVAD1.cass.pmc;Ping;OK;HARD;1;PING OK - Packet loss = 0%, RTA = 1.71 ms
[1693281600] CURRENT SERVICE STATE: SRVAD2.cass.pmc;Ping;OK;HARD;1;PING OK - Packet loss = 0%, RTA = 1.47 ms
[1693281600] CURRENT SERVICE STATE: SRVADMIN.cass.pmc;Actualizacion;CRITICAL;HARD;3;Updates: 4 critical, 0 optional
[1693281600] CURRENT SERVICE STATE: SRVADMIN.cass.pmc;Almacenamiento;OK;HARD;1;c:\ - total: 299.66 Gb - used: 165.80 Gb (55%) - free 133.86 Gb (45%)
[1693281600] CURRENT SERVICE STATE: SRVADMIN.cass.pmc;CPU;OK;HARD;1;CPU Load 0% (5 min average)
[1693281600] CURRENT SERVICE STATE: SRVADMIN.cass.pmc;Memoria;OK;HARD;1;Memory usage: total:18079.09 MB - used: 13743.18 MB (76%) - free: 4335.92 MB (24%)
[1693281600] CURRENT SERVICE STATE: SRVADMIN.cass.pmc;Ping;OK;HARD;1;PING OK - Packet loss = 0%, RTA = 1.98 ms
[1693281600] CURRENT SERVICE STATE: SRVADMIN.cass.pmc;Tiempo Activo;OK;HARD;1;System Uptime - 41 day(s) 3 hour(s) 15 minute(s)
[1693281600] CURRENT SERVICE STATE: SRVCONT.cass.cl;Actualizacion;CRITICAL;HARD;3;Updates: 3 critical, 0 optional
[1693281600] CURRENT SERVICE STATE: SRVCONT.cass.cl;Almacenamiento;OK;HARD;1;c:\ - total: 299.33 Gb - used: 41.85 Gb (14%) - free 257.48 Gb (86%)
[1693281600] CURRENT SERVICE STATE: SRVCONT.cass.cl;CPU;OK;HARD;1;CPU Load 2% (5 min average)
[1693281600] CURRENT SERVICE STATE: SRVCONT.cass.cl;Memoria;OK;HARD;1;Memory usage: total:14143.13 MB - used: 3940.98 MB (28%) - free: 10202.16 MB (72%)
[1693281600] CURRENT SERVICE STATE: SRVCONT.cass.cl;Ping;OK;HARD;1;PING OK - Packet loss = 0%, RTA = 3.26 ms
[1693281600] CURRENT SERVICE STATE: SRVCONT.cass.cl;Tiempo Activo;OK;HARD;1;System Uptime - 41 day(s) 3 hour(s) 18 minute(s)
[1693281600] CURRENT SERVICE STATE: SRVDC1.cass.pmc;Ping;OK;HARD;1;PING OK - Packet loss = 0%, RTA = 1.64 ms
[1693281600] CURRENT SERVICE STATE: SRVDNS;Ping;OK;HARD;1;PING OK - Packet loss = 0%, RTA = 1.24 ms
[1693281600] CURRENT SERVICE STATE: SRVMFSD;Ping;OK;HARD;1;PING OK - Packet loss = 0%, RTA = 0.82 ms
[1693281600] CURRENT SERVICE STATE: SRV_Cfiler.cass.cl;Actualizacion;OK;HARD;1;Updates OK : no updates available
[1693281600] CURRENT SERVICE STATE: SRV_Cfiler.cass.cl;Almacenamiento /;OK;HARD;1;DISK OK - free space: / 2467992 MB (73% inode=-):
[1693281600] CURRENT SERVICE STATE: SRV_Cfiler.cass.cl;CPU;OK;HARD;1;OK - load average: 0.15, 0.14, 0.10
[1693281600] CURRENT SERVICE STATE: SRV_Cfiler.cass.cl;Http;OK;HARD;1;TCP OK - 0.000 second response time on port 80
[1693281600] CURRENT SERVICE STATE: SRV_Cfiler.cass.cl;Https;OK;HARD;1;TCP OK - 0.000 second response time on port 443
[1693281600] CURRENT SERVICE STATE: SRV_Cfiler.cass.cl;Memoria;OK;HARD;1;[MEMORY] Total: 3893 MB - Used: 1042 MB - 26% [SWAP] Total: 2047 MB - Used: 416 MB - 20%
[1693281600] CURRENT SERVICE STATE: SRV_Cfiler.cass.cl;Procesos;OK;HARD;1;PROCS OK: 303 processes
[1693281600] CURRENT SERVICE STATE: SRV_Cfiler.cass.cl;Procesos Zombies;OK;HARD;1;PROCS OK: 0 processes with STATE = Z
[1693281600] CURRENT SERVICE STATE: SRV_Cfiler.cass.cl;Procs Apache;OK;HARD;1;PROCS OK: 11 processes with args 'apache2'
[1693281600] CURRENT SERVICE STATE: SRV_Cfiler.cass.cl;Serv Apache;OK;HARD;1;OK: Service apache is running!
[1693281600] CURRENT SERVICE STATE: SRV_Cfiler.cass.cl;Servicio General;OK;HARD;1;PING OK - Packet loss = 0%, RTA = 0.74 ms
[1693281600] CURRENT SERVICE STATE: SRV_Cfiler.cass.cl;Tiempo Activo;WARNING;HARD;3;Uptime WARNING: 132 day(s) 2 hour(s) 3 minute(s)
[1693281600] CURRENT SERVICE STATE: SRV_Cfiler.cass.cl;Usuarios Login;OK;HARD;1;USERS OK - 1 users currently logged in
[1693281600] CURRENT SERVICE STATE: SRV_Oraculo_cass.cl;Ping;OK;HARD;1;PING OK - Packet loss = 0%, RTA = 1.24 ms
[1693281600] CURRENT SERVICE STATE: SRV_SOS2021.cass.cl;Actualizacion;OK;HARD;1;Updates OK : no updates available
[1693281600] CURRENT SERVICE STATE: SRV_SOS2021.cass.cl;Almacenamiento /;OK;HARD;1;DISK OK - free space: /var/tmp 118429 MiB (91.15% inode=-):
[1693281600] CURRENT SERVICE STATE: SRV_SOS2021.cass.cl;CPU;OK;HARD;1;OK - load average per CPU: 0.02, 0.01, 0.01
[1693281600] CURRENT SERVICE STATE: SRV_SOS2021.cass.cl;Memoria;OK;HARD;1;[MEMORY] Total: 7946 MB - Used: 1584 MB - 19% [SWAP] Total: 10239 MB - Used: 0 MB - 0%
[1693281600] CURRENT SERVICE STATE: SRV_SOS2021.cass.cl;Ping;OK;HARD;1;PING OK - Packet loss = 0%, RTA = 0.65 ms
[1693281600] CURRENT SERVICE STATE: SRV_SOS2021.cass.cl;Procesos;OK;HARD;1;PROCS OK: 312 processes
[1693281600] CURRENT SERVICE STATE: SRV_SOS2021.cass.cl;Procesos Zombies;OK;HARD;1;PROCS OK: 0 processes with STATE = Z
[1693281600] CURRENT SERVICE STATE: SRV_SOS2021.cass.cl;Tiempo Activo;OK;HARD;1;Uptime OK: 159 day(s) 11 hour(s) 36 minute(s)
[1693281600] CURRENT SERVICE STATE: SRV_SOS2021.cass.cl;Usuarios Login;OK;HARD;1;USERS OK - 0 users currently logged in
[1693281600] CURRENT SERVICE STATE: SRV_SUM;Ping;OK;HARD;1;PING OK - Packet loss = 0%, RTA = 0.77 ms
[1693281600] CURRENT SERVICE STATE: SRV_chat.cass.cl;Actualizacion;OK;HARD;1;Updates OK : no updates available
[1693281600] CURRENT SERVICE STATE: SRV_chat.cass.cl;Almacenamiento /;OK;HARD;1;DISK OK - free space: /var/tmp 971946 MiB (92.99% inode=-):
[1693281600] CURRENT SERVICE STATE: SRV_chat.cass.cl;CPU;OK;HARD;1;OK - load average per CPU: 0.04, 0.06, 0.04
[1693281600] CURRENT SERVICE STATE: SRV_chat.cass.cl;Memoria;OK;HARD;1;[MEMORY] Total: 7919 MB - Used: 3289 MB - 41% [SWAP] Total: 2048 MB - Used: 1065 MB - 51%
[1693281600] CURRENT SERVICE STATE: SRV_chat.cass.cl;Ping;OK;HARD;1;PING OK - Packet loss = 0%, RTA = 0.46 ms
[1693281600] CURRENT SERVICE STATE: SRV_chat.cass.cl;Proceso Docker;OK;HARD;1;PROCS OK: 0 processes with command name 'docker'
[1693281600] CURRENT SERVICE STATE: SRV_chat.cass.cl;Proceso Nginx;OK;HARD;1;PROCS OK: 3 processes with command name 'nginx'
[1693281600] CURRENT SERVICE STATE: SRV_chat.cass.cl;Procesos;OK;HARD;1;PROCS OK: 303 processes
[1693281600] CURRENT SERVICE STATE: SRV_chat.cass.cl;Procesos Zombies;OK;HARD;1;PROCS OK: 1 process with STATE = Z
[1693281600] CURRENT SERVICE STATE: SRV_chat.cass.cl;Puerto Contenedor;OK;HARD;1;TCP OK - 0.001 second response time on port 8000
[1693281600] CURRENT SERVICE STATE: SRV_chat.cass.cl;Puerto HTTP;OK;HARD;1;TCP OK - 0.000 second response time on port 80
[1693281600] CURRENT SERVICE STATE: SRV_chat.cass.cl;Puerto HTTPS;OK;HARD;1;TCP OK - 0.000 second response time on port 443
[1693281600] CURRENT SERVICE STATE: SRV_chat.cass.cl;Puerto Portainer;OK;HARD;1;TCP OK - 0.001 second response time on port 9443
[1693281600] CURRENT SERVICE STATE: SRV_chat.cass.cl;Servicio Docker;OK;HARD;1;OK: Service docker is running!
[1693281600] CURRENT SERVICE STATE: SRV_chat.cass.cl;Servicio Nginx;OK;HARD;1;OK: Service nginx is running!
[1693281600] CURRENT SERVICE STATE: SRV_chat.cass.cl;Usuarios Login;OK;HARD;1;USERS OK - 2 users currently logged in
[1693281600] CURRENT SERVICE STATE: SRV_email.cass.cl;Actualizacion;OK;HARD;1;Updates OK : no updates available
[1693281600] CURRENT SERVICE STATE: SRV_email.cass.cl;Almacenamiento /;OK;HARD;1;DISK OK - free space: /var/tmp 476370 MiB (94.03% inode=-):
[1693281600] CURRENT SERVICE STATE: SRV_email.cass.cl;Almacenamiento Mail;OK;HARD;1;DISK OK - free space: /mail 1806359 MiB (92.24% inode=99%):
[1693281600] CURRENT SERVICE STATE: SRV_email.cass.cl;Almacenamiento Mail2;OK;HARD;1;DISK OK - free space: /mail2 476507 MiB (99.84% inode=100%):
[1693281600] CURRENT SERVICE STATE: SRV_email.cass.cl;CPU;OK;HARD;1;OK - load average per CPU: 0.01, 0.02, 0.01
[1693281600] CURRENT SERVICE STATE: SRV_email.cass.cl;Correo Pop;OK;HARD;1;POP OK - 0.001 second response time on 10.0.2.25 port 110 [+OK GroupWise POP3 server ready]
[1693281600] CURRENT SERVICE STATE: SRV_email.cass.cl;Correo Smtp;OK;HARD;1;SMTP OK - 0.035 sec. response time
[1693281600] CURRENT SERVICE STATE: SRV_email.cass.cl;Memoria;OK;HARD;1;[MEMORY] Total: 11939 MB - Used: 2731 MB - 22% [SWAP] Total: 2048 MB - Used: 488 MB - 23%
[1693281600] CURRENT SERVICE STATE: SRV_email.cass.cl;Ping;OK;HARD;1;PING OK - Packet loss = 0%, RTA = 1.46 ms
[1693281600] CURRENT SERVICE STATE: SRV_email.cass.cl;Procesos;OK;HARD;1;PROCS OK: 310 processes
[1693281600] CURRENT SERVICE STATE: SRV_email.cass.cl;Procesos Zombies;OK;HARD;1;PROCS OK: 0 processes with STATE = Z
[1693281600] CURRENT SERVICE STATE: SRV_email.cass.cl;Tiempo Activo;OK;HARD;1;Uptime OK: 144 day(s) 10 hour(s) 46 minute(s)
[1693281600] CURRENT SERVICE STATE: SRV_email.cass.cl;Usuarios Login;OK;HARD;1;USERS OK - 1 users currently logged in
[1693281600] CURRENT SERVICE STATE: SRV_nagios;Actualizacion;CRITICAL;HARD;4;YUM CRITICAL: 11 Updates Available
[1693281600] CURRENT SERVICE STATE: SRV_nagios;CPU;OK;HARD;1;OK - load average: 0.15, 0.09, 0.06
[1693281600] CURRENT SERVICE STATE: SRV_nagios;Memoria;OK;HARD;1;[MEMORY] Total: 7740 MB - Used: 713 MB - 9% [SWAP] Total: 7935 MB - Used: 0 MB - 0%
[1693281600] CURRENT SERVICE STATE: SRV_nagios;PING;OK;HARD;1;PING OK - Packet loss = 0%, RTA = 0.10 ms
[1693281600] CURRENT SERVICE STATE: SRV_nagios;Procesos;OK;HARD;1;PROCS OK: 51 processes with STATE = RSZDT
[1693281600] CURRENT SERVICE STATE: SRV_nagios;Usarios Login;OK;HARD;1;USERS OK - 0 users currently logged in
[1693281600] CURRENT SERVICE STATE: SRV_sync.cass.cl;Ping;OK;HARD;1;PING OK - Packet loss = 16%, RTA = 1.08 ms
[1693281600] CURRENT SERVICE STATE: Servidor Vcenter;Ping;OK;HARD;1;PING OK - Packet loss = 0%, RTA = 0.55 ms
[1693281600] CURRENT SERVICE STATE: Servidores CASS;Ancho de Banda GE/1/0/3;OK;HARD;1;OK - Average IN: 7.30KB (0.01%), Average OUT: 8.50KB (0.01%)Total RX: 37815.31GBytes, Total TX: 84554.82GBytes
[1693281600] CURRENT SERVICE STATE: Servidores CASS;Estado Puerto 3;OK;HARD;1;OK: Interface GigabitEthernet1/0/3 (index 3) is up.
[1693281600] CURRENT SERVICE STATE: Servidores CASS;Estado Puerto 80;OK;HARD;1;TCP OK - 0.002 second response time on 10.0.0.17 port 80
[1693281600] CURRENT SERVICE STATE: Servidores CASS;Ping;OK;HARD;1;PING OK - Packet loss = 0%, RTA = 1.18 ms
[1693281600] CURRENT SERVICE STATE: Servidores CASS;Tiempo Activo;OK;HARD;1;SNMP OK - Timeticks: (1378036341) 159 days, 11:52:43.41
[1693281600] CURRENT SERVICE STATE: Ups Principal;Carga;OK;HARD;1;OK: Estimated battery charge 100%, approximately 0 minutes runtime remaining.
[1693281600] CURRENT SERVICE STATE: Ups Principal;Estado;OK;HARD;1;OK: Battery Status Normal.
[1693281600] CURRENT SERVICE STATE: Ups Principal;Ping;OK;HARD;1;PING OK - Packet loss = 0%, RTA = 1.03 ms
[1693281600] CURRENT SERVICE STATE: Ups Principal;Temperatura;OK;HARD;1;OK: Battery Temperature is 22 degrees C (71.6 degrees F).
[1693281600] CURRENT SERVICE STATE: Ups Principal;Tiempo Activo;OK;HARD;1;SNMP OK - Timeticks: (3785182) 10:30:51.82
[1693281600] CURRENT SERVICE STATE: Veeam2023.cass.pmc;Actualizacion;CRITICAL;HARD;3;Updates: 4 critical, 0 optional
[1693281600] CURRENT SERVICE STATE: Veeam2023.cass.pmc;Almacenamiento;OK;HARD;1;c:\ - total: 99.33 Gb - used: 75.54 Gb (76%) - free 23.79 Gb (24%)
[1693281600] CURRENT SERVICE STATE: Veeam2023.cass.pmc;CPU;OK;HARD;1;CPU Load 14% (5 min average)
[1693281600] CURRENT SERVICE STATE: Veeam2023.cass.pmc;Memoria;OK;HARD;1;Memory usage: total:28159.25 MB - used: 9764.13 MB (35%) - free: 18395.13 MB (65%)
[1693281600] CURRENT SERVICE STATE: Veeam2023.cass.pmc;Ping;OK;HARD;1;PING OK - Packet loss = 0%, RTA = 1.62 ms
[1693281600] CURRENT SERVICE STATE: Veeam2023.cass.pmc;Tiempo Activo;OK;HARD;1;System Uptime - 0 day(s) 13 hour(s) 52 minute(s)
[1693281600] CURRENT SERVICE STATE: web_cass_cl;Certificado;OK;HARD;1;SSL OK - Certificate '*.cass.cl' will expire in 119 days on 2023-12-26 20:59 -0300/-03.
[1693281600] CURRENT SERVICE STATE: web_cass_cl;HTTP;OK;HARD;1;HTTP OK: HTTP/1.1 302 Found - 1077 bytes in 0.155 second response time
[1693282801] SERVICE ALERT: SRV_chat.cass.cl;Procesos Zombies;UNKNOWN;SOFT;1;CHECK_NRPE: Receive header underflow - only 0 bytes received (4 expected).
[1693282921] SERVICE ALERT: SRV_chat.cass.cl;Procesos Zombies;OK;SOFT;2;PROCS OK: 1 process with STATE = Z
[1693283458] SERVICE ALERT: SRV11VIBE_cass.cl;Procesos Zombies;CRITICAL;SOFT;1;(No output on stdout) stderr: connect to address 10.0.2.13 port 5666: Connection refused
[1693283578] SERVICE ALERT: SRV11VIBE_cass.cl;Procesos Zombies;OK;SOFT;2;PROCS OK: 0 processes with STATE = Z
[1693284631] Auto-save of retention data completed successfully.
[1693285802] SERVICE ALERT: SRV_chat.cass.cl;Servicio Nginx;CRITICAL;SOFT;1;(No output on stdout) stderr: connect to address 10.0.0.92 port 5666: Connection refused
[1693285922] SERVICE ALERT: SRV_chat.cass.cl;Servicio Nginx;OK;SOFT;2;OK: Service nginx is running!
[1693287601] SERVICE ALERT: SRV_chat.cass.cl;Procesos Zombies;UNKNOWN;SOFT;1;CHECK_NRPE: Receive header underflow - only 0 bytes received (4 expected).
[1693287721] SERVICE ALERT: SRV_chat.cass.cl;Procesos Zombies;OK;SOFT;2;PROCS OK: 1 process with STATE = Z
[1693288231] Auto-save of retention data completed successfully.
[1693291801] SERVICE ALERT: SRV_chat.cass.cl;Procesos Zombies;UNKNOWN;SOFT;1;CHECK_NRPE: Receive header underflow - only 0 bytes received (4 expected).
[1693291831] Auto-save of retention data completed successfully.
[1693291922] SERVICE ALERT: SRV_chat.cass.cl;Procesos Zombies;OK;SOFT;2;PROCS OK: 1 process with STATE = Z
[1693293104] SERVICE ALERT: SRV_Cfiler.cass.cl;Actualizacion;CRITICAL;SOFT;1;CHECK_NRPE STATE CRITICAL: Socket timeout after 30 seconds.
[1693293236] SERVICE ALERT: SRV_Cfiler.cass.cl;Actualizacion;OK;SOFT;2;Updates OK : no updates available
[1693293601] SERVICE ALERT: SRV_Cfiler.cass.cl;Actualizacion;UNKNOWN;SOFT;1;CHECK_NRPE: Receive header underflow - only 0 bytes received (4 expected).
[1693293733] SERVICE ALERT: SRV_Cfiler.cass.cl;Actualizacion;OK;SOFT;2;Updates OK : no updates available
[1693294602] SERVICE ALERT: SRV_SOS2021.cass.cl;Actualizacion;CRITICAL;SOFT;1;CHECK_NRPE STATE CRITICAL: Socket timeout after 30 seconds.
[1693294604] SERVICE ALERT: SRV_email.cass.cl;Actualizacion;CRITICAL;SOFT;1;CHECK_NRPE STATE CRITICAL: Socket timeout after 30 seconds.
[1693294604] SERVICE ALERT: SRV_chat.cass.cl;Actualizacion;CRITICAL;SOFT;1;CHECK_NRPE STATE CRITICAL: Socket timeout after 30 seconds.
[1693294733] SERVICE ALERT: SRV_SOS2021.cass.cl;Actualizacion;OK;SOFT;2;Updates OK : no updates available
[1693294736] SERVICE ALERT: SRV_chat.cass.cl;Actualizacion;OK;SOFT;2;Updates OK : no updates available
[1693294736] SERVICE ALERT: SRV_email.cass.cl;Actualizacion;OK;SOFT;2;Updates OK : no updates available
[1693295401] SERVICE ALERT: SRV_chat.cass.cl;Actualizacion;UNKNOWN;SOFT;1;CHECK_NRPE: Receive header underflow - only 0 bytes received (4 expected).
[1693295401] SERVICE ALERT: SRV_SOS2021.cass.cl;Actualizacion;UNKNOWN;SOFT;1;CHECK_NRPE: Receive header underflow - only 0 bytes received (4 expected).
[1693295402] SERVICE ALERT: SRV_email.cass.cl;Actualizacion;UNKNOWN;SOFT;1;CHECK_NRPE: Receive header underflow - only 0 bytes received (4 expected).
[1693295431] Auto-save of retention data completed successfully.
[1693295533] SERVICE ALERT: SRV_chat.cass.cl;Actualizacion;OK;SOFT;2;Updates OK : no updates available
[1693295533] SERVICE ALERT: SRV_SOS2021.cass.cl;Actualizacion;OK;SOFT;2;Updates OK : no updates available
[1693295534] SERVICE ALERT: SRV_email.cass.cl;Actualizacion;OK;SOFT;2;Updates OK : no updates available
[1693299031] Auto-save of retention data completed successfully.
[1693302631] Auto-save of retention data completed successfully.
[1693305002] SERVICE ALERT: SRV_Cfiler.cass.cl;Procesos;UNKNOWN;SOFT;1;CHECK_NRPE: Receive header underflow - only 0 bytes received (4 expected).
[1693305122] SERVICE ALERT: SRV_Cfiler.cass.cl;Procesos;OK;SOFT;2;PROCS OK: 300 processes
[1693306231] Auto-save of retention data completed successfully.
[1693307488] SERVICE ALERT: SRV11VIBE_cass.cl;Procesos Zombies;CRITICAL;SOFT;1;CHECK_NRPE STATE CRITICAL: Socket timeout after 30 seconds.
[1693307608] SERVICE ALERT: SRV11VIBE_cass.cl;Procesos Zombies;OK;SOFT;2;PROCS OK: 0 processes with STATE = Z
[1693309831] Auto-save of retention data completed successfully.
[1693313431] Auto-save of retention data completed successfully.
[1693313464] SERVICE ALERT: FW Cass Telsur;Estado Puerto DMZ;WARNING;SOFT;1;WARNING: SNMP error: No response from remote host "201.220.96.34"
[1693313584] SERVICE ALERT: FW Cass Telsur;Estado Puerto DMZ;OK;SOFT;2;OK: Interface eth2 (index 4) is up.
[1693313902] SERVICE ALERT: FW Cass Telsur;Ancho de Banda LAN;CRITICAL;SOFT;1;(No output on stdout) stderr:
[1693314031] SERVICE ALERT: FW Cass Telsur;Estado Puerto WAN;WARNING;SOFT;1;WARNING: SNMP error: No response from remote host "201.220.96.34"
[1693314032] SERVICE ALERT: FW Cass Telsur;Ancho de Banda LAN;CRITICAL;SOFT;2;(No output on stdout) stderr:
[1693314151] SERVICE ALERT: FW Cass Telsur;Estado Puerto WAN;OK;SOFT;2;OK: Interface eth1 (index 3) is up.
[1693314163] SERVICE NOTIFICATION: nagiosadmin;FW Cass Telsur;Ancho de Banda LAN;CRITICAL;notify-service-by-email;(No output on stdout) stderr:
[1693314163] SERVICE NOTIFICATION: andresnavarro;FW Cass Telsur;Ancho de Banda LAN;CRITICAL;notify-service-by-email;(No output on stdout) stderr:
[1693314163] SERVICE NOTIFICATION: soporteti;FW Cass Telsur;Ancho de Banda LAN;CRITICAL;notify-service-by-telegram;(No output on stdout) stderr:
[1693314163] SERVICE NOTIFICATION: soporteti;FW Cass Telsur;Ancho de Banda LAN;CRITICAL;notify-service-by-email;(No output on stdout) stderr:
[1693314163] SERVICE NOTIFICATION: carlosstange;FW Cass Telsur;Ancho de Banda LAN;CRITICAL;notify-service-by-telegram;(No output on stdout) stderr:
[1693314163] SERVICE NOTIFICATION: carlosstange;FW Cass Telsur;Ancho de Banda LAN;CRITICAL;notify-service-by-email;(No output on stdout) stderr:
[1693314163] SERVICE ALERT: FW Cass Telsur;Ancho de Banda LAN;CRITICAL;HARD;3;(No output on stdout) stderr:
[1693314223] SERVICE NOTIFICATION: nagiosadmin;FW Cass Telsur;Ancho de Banda LAN;OK;notify-service-by-email;OK - Average IN: 150.84KB (0.12%), Average OUT: 3.84MB (3.07%)Total RX: 515.74GBytes, Total TX: 502.14GBytes
[1693314223] SERVICE NOTIFICATION: andresnavarro;FW Cass Telsur;Ancho de Banda LAN;OK;notify-service-by-email;OK - Average IN: 150.84KB (0.12%), Average OUT: 3.84MB (3.07%)Total RX: 515.74GBytes, Total TX: 502.14GBytes
[1693314223] SERVICE NOTIFICATION: soporteti;FW Cass Telsur;Ancho de Banda LAN;OK;notify-service-by-telegram;OK - Average IN: 150.84KB (0.12%), Average OUT: 3.84MB (3.07%)Total RX: 515.74GBytes, Total TX: 502.14GBytes
[1693314223] SERVICE NOTIFICATION: soporteti;FW Cass Telsur;Ancho de Banda LAN;OK;notify-service-by-email;OK - Average IN: 150.84KB (0.12%), Average OUT: 3.84MB (3.07%)Total RX: 515.74GBytes, Total TX: 502.14GBytes
[1693314223] SERVICE NOTIFICATION: carlosstange;FW Cass Telsur;Ancho de Banda LAN;OK;notify-service-by-telegram;OK - Average IN: 150.84KB (0.12%), Average OUT: 3.84MB (3.07%)Total RX: 515.74GBytes, Total TX: 502.14GBytes
[1693314223] SERVICE NOTIFICATION: carlosstange;FW Cass Telsur;Ancho de Banda LAN;OK;notify-service-by-email;OK - Average IN: 150.84KB (0.12%), Average OUT: 3.84MB (3.07%)Total RX: 515.74GBytes, Total TX: 502.14GBytes
[1693314223] SERVICE ALERT: FW Cass Telsur;Ancho de Banda LAN;OK;HARD;1;OK - Average IN: 150.84KB (0.12%), Average OUT: 3.84MB (3.07%)Total RX: 515.74GBytes, Total TX: 502.14GBytes
[1693314395] SERVICE ALERT: FW Cass Telsur;Ancho de Banda WAN;CRITICAL;SOFT;1;(No output on stdout) stderr:
[1693314458] SERVICE ALERT: FW Cass Telsur;Ancho de Banda DMZ;CRITICAL;SOFT;1;CRITICAL - OUT bandwidth (210819931927.38%) too high
[1693314520] SERVICE ALERT: FW Cass Telsur;Ancho de Banda WAN;OK;SOFT;2;OK - Average IN: 2.08MB (1.66%), Average OUT: 2.48MB (1.99%)Total RX: 9036.54GBytes, Total TX: 5254.95GBytes
[1693314579] SERVICE ALERT: FW Cass Telsur;Ancho de Banda DMZ;CRITICAL;SOFT;2;CRITICAL - OUT bandwidth (198.79%) too high
[1693314699] SERVICE ALERT: FW Cass Telsur;Ancho de Banda DMZ;OK;SOFT;3;OK - Average IN: 7.44KB (0.01%), Average OUT: 9.16KB (0.01%)Total RX: 30.73GBytes, Total TX: 33.64GBytes
[1693315201] SERVICE ALERT: SRV_chat.cass.cl;Servicio Nginx;CRITICAL;SOFT;1;(No output on stdout) stderr: connect to address 10.0.0.92 port 5666: Connection refused
[1693315309] SERVICE ALERT: FW Cass Telsur;Ancho de Banda DMZ;CRITICAL;SOFT;1;(No output on stdout) stderr:
[1693315321] SERVICE ALERT: SRV_chat.cass.cl;Servicio Nginx;OK;SOFT;2;OK: Service nginx is running!
[1693315429] SERVICE ALERT: FW Cass Telsur;Ancho de Banda DMZ;OK;SOFT;2;OK - Average IN: 255.62KB (0.20%), Average OUT: 108.83KB (0.09%)Total RX: 30.84GBytes, Total TX: 33.68GBytes
[1693316073] SERVICE ALERT: FW Cass Telsur;Estado Puerto LAN;WARNING;SOFT;1;WARNING: SNMP error: No response from remote host "201.220.96.34"
[1693316193] SERVICE ALERT: FW Cass Telsur;Estado Puerto LAN;OK;SOFT;2;OK: Interface eth0 (index 2) is up.
[1693316519] SERVICE ALERT: FW Cass Telsur;Ancho de Banda DMZ;CRITICAL;SOFT;1;(No output on stdout) stderr:
[1693316654] SERVICE ALERT: FW Cass Telsur;Ancho de Banda DMZ;OK;SOFT;2;(No output on stdout) stderr:
[1693316981] SERVICE ALERT: FW Cass Telsur;Estado Puerto WAN;WARNING;SOFT;1;WARNING: SNMP error: No response from remote host "201.220.96.34"
[1693317031] Auto-save of retention data completed successfully.
[1693317102] SERVICE ALERT: FW Cass Telsur;Estado Puerto WAN;OK;SOFT;2;OK: Interface eth1 (index 3) is up.
[1693317233] SERVICE ALERT: FW Cass Telsur;Ancho de Banda LAN;CRITICAL;SOFT;1;(No output on stdout) stderr:
[1693317358] SERVICE ALERT: FW Cass Telsur;Ancho de Banda LAN;OK;SOFT;2;OK - Average IN: 112.57KB (0.09%), Average OUT: 612.78KB (0.49%)Total RX: 531.59GBytes, Total TX: 508.40GBytes
[1693317464] SERVICE ALERT: FW Cass Telsur;Estado Puerto LAN;WARNING;SOFT;1;WARNING: SNMP error: No response from remote host "201.220.96.34"
[1693317584] SERVICE ALERT: FW Cass Telsur;Estado Puerto LAN;OK;SOFT;2;OK: Interface eth0 (index 2) is up.
[1693318034] SERVICE ALERT: FW Cass Telsur;Estado Puerto DMZ;WARNING;SOFT;1;WARNING: SNMP error: No response from remote host "201.220.96.34"
[1693318154] SERVICE ALERT: FW Cass Telsur;Estado Puerto DMZ;OK;SOFT;2;OK: Interface eth2 (index 4) is up.
[1693318312] SERVICE ALERT: FW Cass Telsur;Estado Puerto WAN;WARNING;SOFT;1;WARNING: SNMP error: No response from remote host "201.220.96.34"
[1693318432] SERVICE ALERT: FW Cass Telsur;Estado Puerto WAN;OK;SOFT;2;OK: Interface eth1 (index 3) is up.
[1693318610] SERVICE ALERT: FW Cass Telsur;Ancho de Banda WAN;CRITICAL;SOFT;1;(No output on stdout) stderr:
[1693318730] SERVICE ALERT: FW Cass Telsur;Ancho de Banda WAN;OK;SOFT;2;OK - Average IN: 291.31B (0.00%), Average OUT: 113.18B (0.00%)Total RX: 9036.54GBytes, Total TX: 5254.95GBytes
[1693320631] Auto-save of retention data completed successfully.
[1693321797] HOST ALERT: SRV_Oraculo_cass.cl;DOWN;SOFT;1;CRITICAL - Host Unreachable (10.0.2.6)
[1693321797] SERVICE ALERT: SRV_Oraculo_cass.cl;Ping;CRITICAL;HARD;1;CRITICAL - Host Unreachable (10.0.2.6)
[1693321824] SERVICE ALERT: FW Cass Telsur;Ancho de Banda DMZ;UNKNOWN;SOFT;1;UNKNOWN: Improper interface status, status received: DNE - No response from remote host "201.220.96.34"
[1693321860] HOST ALERT: SRV_Oraculo_cass.cl;DOWN;SOFT;2;CRITICAL - Host Unreachable (10.0.2.6)
[1693321921] SERVICE ALERT: FW Cass Telsur;Ancho de Banda WAN;CRITICAL;SOFT;1;(No output on stdout) stderr:
[1693321923] HOST ALERT: SRV_Oraculo_cass.cl;DOWN;SOFT;3;CRITICAL - Host Unreachable (10.0.2.6)
[1693321945] SERVICE ALERT: FW Cass Telsur;Ancho de Banda DMZ;OK;SOFT;2;OK - Average IN: 16.02KB (0.01%), Average OUT: 13.19KB (0.01%)Total RX: 31.14GBytes, Total TX: 33.78GBytes
[1693321986] HOST ALERT: SRV_Oraculo_cass.cl;DOWN;SOFT;4;CRITICAL - Host Unreachable (10.0.2.6)
[1693322041] SERVICE ALERT: FW Cass Telsur;Ancho de Banda WAN;OK;SOFT;2;OK - Average IN: 158.35B (0.00%), Average OUT: 62.35B (0.00%)Total RX: 9036.54GBytes, Total TX: 5254.95GBytes
[1693322049] HOST ALERT: SRV_Oraculo_cass.cl;DOWN;SOFT;5;CRITICAL - Host Unreachable (10.0.2.6)
[1693322112] HOST ALERT: SRV_Oraculo_cass.cl;DOWN;SOFT;6;CRITICAL - Host Unreachable (10.0.2.6)
[1693322175] HOST ALERT: SRV_Oraculo_cass.cl;DOWN;SOFT;7;CRITICAL - Host Unreachable (10.0.2.6)
[1693322238] HOST ALERT: SRV_Oraculo_cass.cl;DOWN;SOFT;8;CRITICAL - Host Unreachable (10.0.2.6)
[1693322301] HOST ALERT: SRV_Oraculo_cass.cl;DOWN;SOFT;9;CRITICAL - Host Unreachable (10.0.2.6)
[1693322364] HOST NOTIFICATION: nagiosadmin;SRV_Oraculo_cass.cl;DOWN;notify-host-by-email;CRITICAL - Host Unreachable (10.0.2.6)
[1693322364] HOST NOTIFICATION: andresnavarro;SRV_Oraculo_cass.cl;DOWN;notify-host-by-email;CRITICAL - Host Unreachable (10.0.2.6)
[1693322364] HOST NOTIFICATION: soporteti;SRV_Oraculo_cass.cl;DOWN;notify-host-by-telegram;CRITICAL - Host Unreachable (10.0.2.6)
[1693322364] HOST NOTIFICATION: soporteti;SRV_Oraculo_cass.cl;DOWN;notify-host-by-email;CRITICAL - Host Unreachable (10.0.2.6)
[1693322364] HOST NOTIFICATION: carlosstange;SRV_Oraculo_cass.cl;DOWN;notify-host-by-telegram;CRITICAL - Host Unreachable (10.0.2.6)
[1693322364] HOST NOTIFICATION: carlosstange;SRV_Oraculo_cass.cl;DOWN;notify-host-by-email;CRITICAL - Host Unreachable (10.0.2.6)
[1693322364] HOST ALERT: SRV_Oraculo_cass.cl;DOWN;HARD;10;CRITICAL - Host Unreachable (10.0.2.6)
[1693323001] SERVICE ALERT: SRV_chat.cass.cl;Servicio Nginx;CRITICAL;SOFT;1;(No output on stdout) stderr: connect to address 10.0.0.92 port 5666: Connection refused
[1693323121] SERVICE ALERT: SRV_chat.cass.cl;Servicio Nginx;OK;SOFT;2;OK: Service nginx is running!
[1693323601] SERVICE ALERT: SRV_chat.cass.cl;Procesos Zombies;CRITICAL;SOFT;1;(No output on stdout) stderr: connect to address 10.0.0.92 port 5666: Connection refused
[1693323722] SERVICE ALERT: SRV_chat.cass.cl;Procesos Zombies;OK;SOFT;2;PROCS OK: 1 process with STATE = Z
[1693324231] Auto-save of retention data completed successfully.
[1693326601] SERVICE ALERT: SRV_chat.cass.cl;Servicio Nginx;CRITICAL;SOFT;1;CHECK_NRPE: Error - Could not connect to 10.0.0.92: Connection reset by peer
[1693326721] SERVICE ALERT: SRV_chat.cass.cl;Servicio Nginx;OK;SOFT;2;OK: Service nginx is running!
[1693327831] Auto-save of retention data completed successfully.
[1693331431] Auto-save of retention data completed successfully.
[1693333128] EXTERNAL COMMAND: DISABLE_SVC_NOTIFICATIONS;SRV01USER_cass.cl;Almacenamiento C
[1693334111] SERVICE ALERT: FW Cass Telsur;Ancho de Banda WAN;CRITICAL;SOFT;1;(No output on stdout) stderr:
[1693334231] SERVICE ALERT: FW Cass Telsur;Ancho de Banda WAN;OK;SOFT;2;OK - Average IN: 1.03MB (0.83%), Average OUT: 10.94MB (8.76%)Total RX: 9038.87GBytes, Total TX: 5339.67GBytes
[1693335031] Auto-save of retention data completed successfully.
[1693335488] SERVICE ALERT: FW Cass Telsur;Ancho de Banda LAN;CRITICAL;SOFT;1;(No output on stdout) stderr:
[1693335602] SERVICE ALERT: FW Cass Telsur;Estado Puerto WAN;WARNING;SOFT;1;WARNING: SNMP error: No response from remote host "201.220.96.34"
[1693335623] SERVICE ALERT: FW Cass Telsur;Ancho de Banda LAN;OK;SOFT;2;(No output on stdout) stderr:
[1693335723] SERVICE ALERT: FW Cass Telsur;Estado Puerto WAN;OK;SOFT;2;OK: Interface eth1 (index 3) is up.
[1693336655] SERVICE ALERT: FW Cass Telsur;Ancho de Banda DMZ;CRITICAL;SOFT;1;(No output on stdout) stderr:
[1693336701] SERVICE ALERT: FW Cass Telsur;Ancho de Banda WAN;CRITICAL;SOFT;1;(No output on stdout) stderr:
[1693336780] SERVICE ALERT: FW Cass Telsur;Ancho de Banda DMZ;OK;SOFT;2;OK - Average IN: 18.63KB (0.01%), Average OUT: 13.13KB (0.01%)Total RX: 31.70GBytes, Total TX: 34.03GBytes
[1693336821] SERVICE ALERT: FW Cass Telsur;Ancho de Banda WAN;OK;SOFT;2;OK - Average IN: 201.31KB (0.16%), Average OUT: 11.36MB (9.08%)Total RX: 9041.07GBytes, Total TX: 5368.64GBytes
[1693337270] SERVICE ALERT: FW Cass Telsur;Ancho de Banda DMZ;CRITICAL;SOFT;1;(No output on stdout) stderr:
[1693337274] SERVICE ALERT: FW Cass Telsur;Estado Puerto LAN;WARNING;SOFT;1;WARNING: SNMP error: No response from remote host "201.220.96.34"
[1693337390] SERVICE ALERT: FW Cass Telsur;Ancho de Banda DMZ;OK;SOFT;2;OK - Average IN: 5.79KB (0.00%), Average OUT: 6.84KB (0.01%)Total RX: 31.72GBytes, Total TX: 34.05GBytes
[1693337394] SERVICE ALERT: FW Cass Telsur;Estado Puerto LAN;OK;SOFT;2;OK: Interface eth0 (index 2) is up.
[1693337432] SERVICE ALERT: FW Cass Telsur;Ancho de Banda WAN;CRITICAL;SOFT;1;(No output on stdout) stderr:
[1693337433] SERVICE ALERT: FW Cass Telsur;Ancho de Banda LAN;CRITICAL;SOFT;1;(No output on stdout) stderr:
[1693337567] SERVICE ALERT: FW Cass Telsur;Ancho de Banda WAN;OK;SOFT;2;(No output on stdout) stderr:
[1693337568] SERVICE ALERT: FW Cass Telsur;Ancho de Banda LAN;OK;SOFT;2;(No output on stdout) stderr:
[1693337604] SERVICE ALERT: FW Cass Telsur;Estado Puerto DMZ;WARNING;SOFT;1;WARNING: SNMP error: No response from remote host "201.220.96.34"
[1693337640] SERVICE ALERT: FW Cass Telsur;Ancho de Banda DMZ;CRITICAL;SOFT;1;(No output on stdout) stderr:
[1693337734] SERVICE ALERT: FW Cass Telsur;Estado Puerto DMZ;WARNING;SOFT;2;WARNING: SNMP error: No response from remote host "201.220.96.34"
[1693337758] SERVICE ALERT: FW Cass Telsur;Ancho de Banda LAN;CRITICAL;SOFT;1;(No output on stdout) stderr:
[1693337764] SERVICE ALERT: FW Cass Telsur;Estado Puerto LAN;WARNING;SOFT;1;WARNING: SNMP error: No response from remote host "201.220.96.34"
[1693337775] SERVICE ALERT: FW Cass Telsur;Ancho de Banda DMZ;OK;SOFT;2;(No output on stdout) stderr:
[1693337860] SERVICE ALERT: FW Cass Telsur;Estado Puerto DMZ;OK;SOFT;3;OK: Interface eth2 (index 4) is up.
[1693337878] SERVICE ALERT: FW Cass Telsur;Ancho de Banda LAN;OK;SOFT;2;OK - Average IN: 104.17KB (0.08%), Average OUT: 846.30KB (0.68%)Total RX: 533.03GBytes, Total TX: 520.12GBytes
[1693337885] SERVICE ALERT: FW Cass Telsur;Estado Puerto LAN;OK;SOFT;2;OK: Interface eth0 (index 2) is up.
[1693338297] SERVICE ALERT: FW Cass Telsur;Ancho de Banda WAN;CRITICAL;SOFT;1;(No output on stdout) stderr:
[1693338315] SERVICE ALERT: FW Cass Telsur;Estado Puerto LAN;WARNING;SOFT;1;WARNING: SNMP error: No response from remote host "201.220.96.34"
[1693338417] SERVICE ALERT: FW Cass Telsur;Ancho de Banda WAN;OK;SOFT;2;OK - Average IN: 185.57KB (0.15%), Average OUT: 11.03MB (8.82%)Total RX: 9041.37GBytes, Total TX: 5386.07GBytes
[1693338435] SERVICE ALERT: FW Cass Telsur;Estado Puerto LAN;OK;SOFT;2;OK: Interface eth0 (index 2) is up.
[1693338601] SERVICE ALERT: SRV_chat.cass.cl;Servicio Nginx;UNKNOWN;SOFT;1;CHECK_NRPE: Receive header underflow - only 0 bytes received (4 expected).
[1693338631] Auto-save of retention data completed successfully.
[1693338721] SERVICE ALERT: SRV_chat.cass.cl;Servicio Nginx;OK;SOFT;2;OK: Service nginx is running!
[1693342207] SERVICE ALERT: FW Cass Telsur;Ancho de Banda WAN;UNKNOWN;SOFT;1;UNKNOWN: Improper interface status, status received: DNE - No response from remote host "201.220.96.34"
[1693342231] Auto-save of retention data completed successfully.
[1693342327] SERVICE ALERT: FW Cass Telsur;Ancho de Banda WAN;OK;SOFT;2;OK - Average IN: 191.77KB (0.15%), Average OUT: 11.05MB (8.84%)Total RX: 9041.95GBytes, Total TX: 5407.49GBytes
[1693342457] SERVICE ALERT: FW Cass Telsur;Ancho de Banda WAN;CRITICAL;SOFT;1;(No output on stdout) stderr:
[1693342592] SERVICE ALERT: FW Cass Telsur;Ancho de Banda WAN;OK;SOFT;2;(No output on stdout) stderr:
[1693342610] SERVICE ALERT: FW Cass Telsur;Estado Puerto DMZ;WARNING;SOFT;1;WARNING: SNMP error: No response from remote host "201.220.96.34"
[1693342627] SERVICE ALERT: FW Cass Telsur;Ancho de Banda LAN;CRITICAL;SOFT;1;(No output on stdout) stderr:
[1693342741] SERVICE ALERT: FW Cass Telsur;Estado Puerto DMZ;WARNING;SOFT;2;WARNING: SNMP error: No response from remote host "201.220.96.34"
[1693342753] SERVICE ALERT: FW Cass Telsur;Estado Puerto WAN;WARNING;SOFT;1;WARNING: SNMP error: No response from remote host "201.220.96.34"
[1693342757] SERVICE ALERT: FW Cass Telsur;Ancho de Banda LAN;OK;SOFT;2;OK - Average IN: 84.89KB (0.07%), Average OUT: 895.03KB (0.72%)Total RX: 535.11GBytes, Total TX: 525.09GBytes
[1693342825] SERVICE ALERT: FW Cass Telsur;Ancho de Banda DMZ;CRITICAL;SOFT;1;(No output on stdout) stderr:
[1693342866] SERVICE ALERT: FW Cass Telsur;Estado Puerto DMZ;OK;SOFT;3;OK: Interface eth2 (index 4) is up.
[1693342873] SERVICE ALERT: FW Cass Telsur;Estado Puerto WAN;OK;SOFT;2;OK: Interface eth1 (index 3) is up.
[1693342902] SERVICE ALERT: FW Cass Telsur;Ancho de Banda WAN;CRITICAL;SOFT;1;(No output on stdout) stderr:
[1693342960] SERVICE ALERT: FW Cass Telsur;Ancho de Banda DMZ;OK;SOFT;2;(No output on stdout) stderr:
[1693342996] SERVICE ALERT: FW Cass Telsur;Estado Puerto DMZ;WARNING;SOFT;1;WARNING: SNMP error: No response from remote host "201.220.96.34"
[1693343022] SERVICE ALERT: FW Cass Telsur;Ancho de Banda WAN;OK;SOFT;2;OK - Average IN: 113.38B (0.00%), Average OUT: 40.31B (0.00%)Total RX: 9041.97GBytes, Total TX: 5408.18GBytes
[1693343116] SERVICE ALERT: FW Cass Telsur;Estado Puerto DMZ;OK;SOFT;2;OK: Interface eth2 (index 4) is up.
[1693344602] SERVICE ALERT: SRV_chat.cass.cl;Proceso Nginx;CRITICAL;SOFT;1;(No output on stdout) stderr: connect to address 10.0.0.92 port 5666: Connection refused
[1693344722] SERVICE ALERT: SRV_chat.cass.cl;Proceso Nginx;OK;SOFT;2;PROCS OK: 3 processes with command name 'nginx'
[1693345283] SERVICE ALERT: FW Cass Telsur;Estado Puerto WAN;WARNING;SOFT;1;WARNING: SNMP error: No response from remote host "201.220.96.34"
[1693345403] SERVICE ALERT: FW Cass Telsur;Estado Puerto WAN;OK;SOFT;2;OK: Interface eth1 (index 3) is up.
[1693345490] SERVICE ALERT: FW Cass Telsur;Ancho de Banda DMZ;CRITICAL;SOFT;1;(No output on stdout) stderr:
[1693345553] SERVICE ALERT: FW Cass Telsur;Ancho de Banda WAN;CRITICAL;SOFT;1;(No output on stdout) stderr:
[1693345610] SERVICE ALERT: FW Cass Telsur;Ancho de Banda DMZ;OK;SOFT;2;OK - Average IN: 4.41KB (0.00%), Average OUT: 6.76KB (0.01%)Total RX: 31.88GBytes, Total TX: 34.21GBytes
[1693345646] SERVICE ALERT: FW Cass Telsur;Estado Puerto DMZ;WARNING;SOFT;1;WARNING: SNMP error: No response from remote host "201.220.96.34"
[1693345683] SERVICE ALERT: FW Cass Telsur;Ancho de Banda WAN;OK;SOFT;2;OK - Average IN: 234.97B (0.00%), Average OUT: 83.80B (0.00%)Total RX: 9041.97GBytes, Total TX: 5408.18GBytes
[1693345766] SERVICE ALERT: FW Cass Telsur;Estado Puerto DMZ;OK;SOFT;2;OK: Interface eth2 (index 4) is up.
[1693345831] Auto-save of retention data completed successfully.
[1693347956] SERVICE ALERT: FW Cass Telsur;Tiempo Activo;CRITICAL;SOFT;1;CRITICAL - Plugin timed out while executing system call
[1693348076] SERVICE ALERT: FW Cass Telsur;Tiempo Activo;OK;SOFT;2;SNMP OK - Timeticks: (173023917) 20 days, 0:37:19.17
[1693349431] Auto-save of retention data completed successfully.
[1693353031] Auto-save of retention data completed successfully.
[1693355743] SERVICE ALERT: SRV_chat.cass.cl;Actualizacion;CRITICAL;SOFT;1;CHECK_NRPE STATE CRITICAL: Socket timeout after 30 seconds.
[1693355744] SERVICE ALERT: SRV_email.cass.cl;Actualizacion;CRITICAL;SOFT;1;CHECK_NRPE STATE CRITICAL: Socket timeout after 30 seconds.
[1693355875] SERVICE ALERT: SRV_chat.cass.cl;Actualizacion;OK;SOFT;2;Updates OK : no updates available
[1693355877] SERVICE ALERT: SRV_email.cass.cl;Actualizacion;OK;SOFT;2;Updates OK : no updates available
[1693356001] SERVICE ALERT: SRV_chat.cass.cl;Servicio Nginx;UNKNOWN;SOFT;1;CHECK_NRPE: Receive header underflow - only 0 bytes received (4 expected).
[1693356001] SERVICE ALERT: SRV_email.cass.cl;Actualizacion;UNKNOWN;SOFT;1;CHECK_NRPE: Receive header underflow - only 0 bytes received (4 expected).
[1693356001] SERVICE ALERT: SRV_chat.cass.cl;Actualizacion;UNKNOWN;SOFT;1;CHECK_NRPE: Receive header underflow - only 0 bytes received (4 expected).
[1693356121] SERVICE ALERT: SRV_chat.cass.cl;Servicio Nginx;OK;SOFT;2;OK: Service nginx is running!
[1693356133] SERVICE ALERT: SRV_email.cass.cl;Actualizacion;OK;SOFT;2;Updates OK : no updates available
[1693356133] SERVICE ALERT: SRV_chat.cass.cl;Actualizacion;OK;SOFT;2;Updates OK : no updates available
[1693356631] Auto-save of retention data completed successfully.
[1693359602] SERVICE ALERT: SRV_Cfiler.cass.cl;Procesos;UNKNOWN;SOFT;1;CHECK_NRPE: Receive header underflow - only 0 bytes received (4 expected).
[1693359722] SERVICE ALERT: SRV_Cfiler.cass.cl;Procesos;OK;SOFT;2;PROCS OK: 303 processes
[1693360231] Auto-save of retention data completed successfully.
[1693362001] SERVICE ALERT: SRV_chat.cass.cl;Servicio Nginx;CRITICAL;SOFT;1;(No output on stdout) stderr: connect to address 10.0.0.92 port 5666: Connection refused
[1693362121] SERVICE ALERT: SRV_chat.cass.cl;Servicio Nginx;OK;SOFT;2;OK: Service nginx is running!
[1693363831] Auto-save of retention data completed successfully.
[1693365304] SERVICE ALERT: Veeam2023.cass.pmc;Actualizacion;UNKNOWN;HARD;3;CHECK_NRPE: Receive header underflow - only 0 bytes received (4 expected).
[1693365365] SERVICE ALERT: Veeam2023.cass.pmc;Actualizacion;CRITICAL;HARD;3;Updates: 4 critical, 0 optional
[1693367431] Auto-save of retention data completed successfully.
