[1678935600] LOG ROTATION: DAILY
[1678935600] LOG VERSION: 2.0
[1678935600] CURRENT HOST STATE: ADL Diagnostic;UP;HARD;1;PING OK - Packet loss = 0%, RTA = 34.77 ms
[1678935600] CURRENT HOST STATE: Blueshell;UP;HARD;1;PING OK - Packet loss = 16%, RTA = 3.04 ms
[1678935600] CURRENT HOST STATE: Cass Entel;UP;HARD;1;PING OK - Packet loss = 0%, RTA = 0.69 ms
[1678935600] CURRENT HOST STATE: Cass Telsur;UP;HARD;1;PING OK - Packet loss = 0%, RTA = 1.17 ms
[1678935600] CURRENT HOST STATE: Clinica PV Movistar;UP;HARD;1;PING OK - Packet loss = 0%, RTA = 31.02 ms
[1678935600] CURRENT HOST STATE: Clinica PV Telsur;UP;HARD;1;PING OK - Packet loss = 0%, RTA = 1.26 ms
[1678935600] CURRENT HOST STATE: Confe;UP;HARD;1;PING OK - Packet loss = 0%, RTA = 37.49 ms
[1678935600] CURRENT HOST STATE: Electric Works;UP;HARD;1;PING OK - Packet loss = 0%, RTA = 33.78 ms
[1678935600] CURRENT HOST STATE: Ext Entel;UP;HARD;1;PING OK - Packet loss = 0%, RTA = 0.56 ms
[1678935600] CURRENT HOST STATE: Ext Telsur;UP;HARD;1;PING OK - Packet loss = 0%, RTA = 1.19 ms
[1678935600] CURRENT HOST STATE: FW ADL Diagnostic;UP;HARD;1;PING OK - Packet loss = 0%, RTA = 33.78 ms
[1678935600] CURRENT HOST STATE: FW Blueshell;UP;HARD;1;PING OK - Packet loss = 0%, RTA = 3.24 ms
[1678935600] CURRENT HOST STATE: FW Cass Entel;UP;HARD;1;PING OK - Packet loss = 0%, RTA = 33.59 ms
[1678935600] CURRENT HOST STATE: FW Cass Telsur;UP;HARD;1;PING OK - Packet loss = 0%, RTA = 0.46 ms
[1678935600] CURRENT HOST STATE: FW Clinica PV Movistar;UP;HARD;1;PING OK - Packet loss = 0%, RTA = 34.17 ms
[1678935600] CURRENT HOST STATE: FW Clinica PV Telsur;UP;HARD;1;PING OK - Packet loss = 0%, RTA = 1.39 ms
[1678935600] CURRENT HOST STATE: FW Confe;UP;HARD;1;PING OK - Packet loss = 0%, RTA = 37.64 ms
[1678935600] CURRENT HOST STATE: FW Electric Works;UP;HARD;1;PING OK - Packet loss = 0%, RTA = 33.53 ms
[1678935600] CURRENT HOST STATE: FW Gore Los Lagos;UP;HARD;1;PING OK - Packet loss = 0%, RTA = 1.19 ms
[1678935600] CURRENT HOST STATE: FW Pasmar;UP;HARD;1;PING OK - Packet loss = 0%, RTA = 1.28 ms
[1678935600] CURRENT HOST STATE: Gore Los Lagos;UP;HARD;1;PING OK - Packet loss = 16%, RTA = 1.39 ms
[1678935600] CURRENT HOST STATE: Host-10.0.0.120;UP;HARD;1;PING OK - Packet loss = 0%, RTA = 0.48 ms
[1678935600] CURRENT HOST STATE: Host-10.0.0.121;UP;HARD;1;PING OK - Packet loss = 0%, RTA = 0.39 ms
[1678935600] CURRENT HOST STATE: Internet;UP;HARD;1;PING OK - Packet loss = 0%, RTA = 17.34 ms
[1678935600] CURRENT HOST STATE: Pasmar;UP;HARD;1;PING OK - Packet loss = 0%, RTA = 1.20 ms
[1678935600] CURRENT HOST STATE: Qnap NAS;UP;HARD;1;PING OK - Packet loss = 0%, RTA = 0.28 ms
[1678935600] CURRENT HOST STATE: SRV01USER_cass.cl;UP;HARD;1;PING OK - Packet loss = 0%, RTA = 2.11 ms
[1678935600] CURRENT HOST STATE: SRV04AD01.cass.cl;UP;HARD;1;PING OK - Packet loss = 0%, RTA = 1.50 ms
[1678935600] CURRENT HOST STATE: SRV05AD02_cass.cl;UP;HARD;1;PING OK - Packet loss = 0%, RTA = 1.45 ms
[1678935600] CURRENT HOST STATE: SRV11VIBE_cass.cl;UP;HARD;1;PING OK - Packet loss = 0%, RTA = 0.92 ms
[1678935600] CURRENT HOST STATE: SRV12WEB_cass.cl;UP;HARD;1;PING OK - Packet loss = 0%, RTA = 0.74 ms
[1678935600] CURRENT HOST STATE: SRVAD1.cass.pmc;UP;HARD;1;PING OK - Packet loss = 0%, RTA = 1.41 ms
[1678935600] CURRENT HOST STATE: SRVAD2.cass.pmc;UP;HARD;1;PING OK - Packet loss = 0%, RTA = 1.17 ms
[1678935600] CURRENT HOST STATE: SRVADMIN.cass.pmc;UP;HARD;1;PING OK - Packet loss = 0%, RTA = 1.09 ms
[1678935600] CURRENT HOST STATE: SRVCONT.cass.cl;UP;HARD;1;PING OK - Packet loss = 0%, RTA = 2.91 ms
[1678935600] CURRENT HOST STATE: SRVDC1.cass.pmc;UP;HARD;1;PING OK - Packet loss = 0%, RTA = 1.37 ms
[1678935600] CURRENT HOST STATE: SRVDNS;UP;HARD;1;PING OK - Packet loss = 0%, RTA = 0.89 ms
[1678935600] CURRENT HOST STATE: SRVMFSD;UP;HARD;1;PING OK - Packet loss = 0%, RTA = 1.14 ms
[1678935600] CURRENT HOST STATE: SRV_Cfiler.cass.cl;UP;HARD;1;PING OK - Packet loss = 0%, RTA = 0.59 ms
[1678935600] CURRENT HOST STATE: SRV_Oraculo_cass.cl;UP;HARD;1;PING OK - Packet loss = 28%, RTA = 0.99 ms
[1678935600] CURRENT HOST STATE: SRV_SOS2021.cass.cl;UP;HARD;1;PING OK - Packet loss = 0%, RTA = 0.57 ms
[1678935600] CURRENT HOST STATE: SRV_SUM;UP;HARD;1;PING OK - Packet loss = 0%, RTA = 0.56 ms
[1678935600] CURRENT HOST STATE: SRV_chat.cass.cl;UP;HARD;1;PING OK - Packet loss = 0%, RTA = 0.59 ms
[1678935600] CURRENT HOST STATE: SRV_email.cass.cl;UP;HARD;1;PING OK - Packet loss = 0%, RTA = 1.03 ms
[1678935600] CURRENT HOST STATE: SRV_nagios;UP;HARD;1;PING OK - Packet loss = 0%, RTA = 0.10 ms
[1678935600] CURRENT HOST STATE: SRV_sync.cass.cl;UP;HARD;1;PING OK - Packet loss = 0%, RTA = 1.01 ms
[1678935600] CURRENT HOST STATE: Servidor Vcenter;UP;HARD;1;PING OK - Packet loss = 0%, RTA = 0.50 ms
[1678935600] CURRENT HOST STATE: Servidores CASS;UP;HARD;1;PING OK - Packet loss = 0%, RTA = 1.25 ms
[1678935600] CURRENT HOST STATE: Ups Principal;UP;HARD;1;PING OK - Packet loss = 0%, RTA = 0.97 ms
[1678935600] CURRENT HOST STATE: Veeam2023.cass.pmc;UP;HARD;1;PING OK - Packet loss = 0%, RTA = 1.35 ms
[1678935600] CURRENT HOST STATE: web_cass_cl;UP;HARD;1;PING OK - Packet loss = 0%, RTA = 0.60 ms
[1678935600] CURRENT SERVICE STATE: ADL Diagnostic;Ping;OK;HARD;1;PING OK - Packet loss = 0%, RTA = 34.38 ms
[1678935600] CURRENT SERVICE STATE: Blueshell;Ping;OK;HARD;1;PING OK - Packet loss = 0%, RTA = 3.00 ms
[1678935600] CURRENT SERVICE STATE: Clinica PV Movistar;Ping;OK;HARD;1;PING OK - Packet loss = 0%, RTA = 31.03 ms
[1678935600] CURRENT SERVICE STATE: Confe;Ping;OK;HARD;1;PING OK - Packet loss = 0%, RTA = 37.37 ms
[1678935600] CURRENT SERVICE STATE: Electric Works;Ping;OK;HARD;1;PING OK - Packet loss = 0%, RTA = 33.76 ms
[1678935600] CURRENT SERVICE STATE: Ext Telsur;Ping;OK;HARD;1;PING OK - Packet loss = 0%, RTA = 0.81 ms
[1678935600] CURRENT SERVICE STATE: FW ADL Diagnostic;Ping;OK;HARD;1;PING OK - Packet loss = 0%, RTA = 33.83 ms
[1678935600] CURRENT SERVICE STATE: FW Blueshell;Ping;OK;HARD;1;PING OK - Packet loss = 16%, RTA = 3.17 ms
[1678935600] CURRENT SERVICE STATE: FW Cass Entel;Ping;OK;HARD;1;PING OK - Packet loss = 0%, RTA = 33.69 ms
[1678935600] CURRENT SERVICE STATE: FW Cass Telsur;Ancho de Banda DMZ;OK;HARD;1;OK - Average IN: 7.74KB (0.01%), Average OUT: 5.42KB (0.00%)Total RX: 65.14GBytes, Total TX: 46.91GBytes
[1678935600] CURRENT SERVICE STATE: FW Cass Telsur;Ancho de Banda LAN;OK;HARD;1;OK - Average IN: 2.90KB (0.00%), Average OUT: 3.40KB (0.00%)Total RX: 810.66GBytes, Total TX: 809.80GBytes
[1678935600] CURRENT SERVICE STATE: FW Cass Telsur;Ancho de Banda WAN;OK;HARD;1;OK - Average IN: 19.77B (0.00%), Average OUT: 0.00B (0.00%)Total RX: 16719.05GBytes, Total TX: 9190.17GBytes
[1678935600] CURRENT SERVICE STATE: FW Cass Telsur;Estado Puerto DMZ;OK;HARD;1;OK: Interface eth2 (index 4) is up.
[1678935600] CURRENT SERVICE STATE: FW Cass Telsur;Estado Puerto LAN;OK;HARD;1;OK: Interface eth0 (index 2) is up.
[1678935600] CURRENT SERVICE STATE: FW Cass Telsur;Estado Puerto WAN;OK;HARD;1;OK: Interface eth1 (index 3) is up.
[1678935600] CURRENT SERVICE STATE: FW Cass Telsur;Estado TCP Sophos;OK;HARD;1;TCP OK - 0.000 second response time on 201.220.96.34 port 4444
[1678935600] CURRENT SERVICE STATE: FW Cass Telsur;Ping;OK;HARD;1;PING OK - Packet loss = 0%, RTA = 0.49 ms
[1678935600] CURRENT SERVICE STATE: FW Cass Telsur;Tiempo Activo;OK;HARD;1;SNMP OK - Timeticks: (423331924) 48 days, 23:55:19.24
[1678935600] CURRENT SERVICE STATE: FW Clinica PV Movistar;Ping;OK;HARD;1;PING OK - Packet loss = 0%, RTA = 34.04 ms
[1678935600] CURRENT SERVICE STATE: FW Confe;Ping;OK;HARD;1;PING OK - Packet loss = 0%, RTA = 37.34 ms
[1678935600] CURRENT SERVICE STATE: FW Electric Works;Ping;OK;HARD;1;PING OK - Packet loss = 0%, RTA = 33.54 ms
[1678935600] CURRENT SERVICE STATE: FW Gore Los Lagos;Ping;OK;HARD;1;PING OK - Packet loss = 0%, RTA = 0.96 ms
[1678935600] CURRENT SERVICE STATE: FW Pasmar;Ping;OK;HARD;1;PING OK - Packet loss = 44%, RTA = 1.33 ms
[1678935600] CURRENT SERVICE STATE: Gore Los Lagos;Ping;OK;HARD;1;PING OK - Packet loss = 0%, RTA = 1.15 ms
[1678935600] CURRENT SERVICE STATE: Host-10.0.0.120;Ping;OK;HARD;1;PING OK - Packet loss = 0%, RTA = 0.52 ms
[1678935600] CURRENT SERVICE STATE: Host-10.0.0.121;Ping;OK;HARD;1;PING OK - Packet loss = 0%, RTA = 0.50 ms
[1678935600] CURRENT SERVICE STATE: Pasmar;Ping;OK;HARD;1;PING OK - Packet loss = 28%, RTA = 1.14 ms
[1678935600] CURRENT SERVICE STATE: Qnap NAS;Almacenamiento;OK;HARD;1;OK: Total:50TB - Used:34TB - Free:15TB - Used Space: 69%
[1678935600] CURRENT SERVICE STATE: Qnap NAS;Estado;OK;HARD;1;Power Supply #1 - OK: GOOD
[1678935600] CURRENT SERVICE STATE: Qnap NAS;Memoria;OK;HARD;1;OK: Total:3830MB - Used:1056MB - Free:2774MB = 28%
[1678935600] CURRENT SERVICE STATE: Qnap NAS;Sysinfo;OK;HARD;1;NAS Cloud, Model TS-879U-RP, Firmware 4.3.6, Max HD number 8, No. Volume 1
[1678935600] CURRENT SERVICE STATE: Qnap NAS;Temperatura;OK;HARD;1;OK: Temperature=36C
[1678935600] CURRENT SERVICE STATE: Qnap NAS;Tiempo Activo;OK;HARD;1;SNMP OK - Timeticks: (591343640) 68 days, 10:37:16.40
[1678935600] CURRENT SERVICE STATE: SRV01USER_cass.cl;Actualizacion;CRITICAL;HARD;3;Updates: 5 critical, 0 optional
[1678935600] CURRENT SERVICE STATE: SRV01USER_cass.cl;Almacenamiento C;OK;HARD;1;c:\ - total: 119.40 Gb - used: 87.34 Gb (73%) - free 32.06 Gb (27%)
[1678935600] CURRENT SERVICE STATE: SRV01USER_cass.cl;Almacenamiento U;OK;HARD;1;u:\ - total: 1023.98 Gb - used: 180.32 Gb (18%) - free 843.67 Gb (82%)
[1678935600] CURRENT SERVICE STATE: SRV01USER_cass.cl;CPU;OK;HARD;1;CPU Load 2% (5 min average)
[1678935600] CURRENT SERVICE STATE: SRV01USER_cass.cl;Memoria;OK;HARD;1;Memory usage: total:27021.92 MB - used: 17502.45 MB (65%) - free: 9519.47 MB (35%)
[1678935600] CURRENT SERVICE STATE: SRV01USER_cass.cl;Ping;OK;HARD;1;PING OK - Packet loss = 0%, RTA = 2.06 ms
[1678935600] CURRENT SERVICE STATE: SRV01USER_cass.cl;Tiempo Activo;OK;HARD;1;System Uptime - 26 day(s) 3 hour(s) 9 minute(s)
[1678935600] CURRENT SERVICE STATE: SRV04AD01.cass.cl;Ping;OK;HARD;1;PING OK - Packet loss = 0%, RTA = 1.45 ms
[1678935600] CURRENT SERVICE STATE: SRV05AD02_cass.cl;Ping;OK;HARD;1;PING OK - Packet loss = 0%, RTA = 1.18 ms
[1678935600] CURRENT SERVICE STATE: SRV11VIBE_cass.cl;Actualizacion;CRITICAL;HARD;3;Updates CRITICAL : discontinued OS Release SLE 15.1: no updates available
[1678935600] CURRENT SERVICE STATE: SRV11VIBE_cass.cl;Almacenamiento /;OK;HARD;1;DISK OK - free space: /var/tmp 78494 MiB (85.72% inode=-):
[1678935600] CURRENT SERVICE STATE: SRV11VIBE_cass.cl;CPU;OK;HARD;1;OK - load average per CPU: 0.01, 0.01, 0.00
[1678935600] CURRENT SERVICE STATE: SRV11VIBE_cass.cl;Memoria;OK;HARD;1;[MEMORY] Total: 7693 MB - Used: 2546 MB - 33% [SWAP] Total: 7944 MB - Used: 0 MB - 0%
[1678935600] CURRENT SERVICE STATE: SRV11VIBE_cass.cl;Ping;OK;HARD;1;PING OK - Packet loss = 0%, RTA = 0.99 ms
[1678935600] CURRENT SERVICE STATE: SRV11VIBE_cass.cl;Proceso Vibe;OK;HARD;1;PROCS OK: 0 processes with command name 'vibe'
[1678935600] CURRENT SERVICE STATE: SRV11VIBE_cass.cl;Procesos;OK;HARD;1;PROCS OK: 266 processes
[1678935600] CURRENT SERVICE STATE: SRV11VIBE_cass.cl;Procesos Zombies;OK;HARD;1;PROCS OK: 0 processes with STATE = Z
[1678935600] CURRENT SERVICE STATE: SRV11VIBE_cass.cl;Puerto HTTP;OK;HARD;1;TCP OK - 0.001 second response time on 10.0.2.13 port 80
[1678935600] CURRENT SERVICE STATE: SRV11VIBE_cass.cl;Puerto HTTPS;OK;HARD;1;TCP OK - 0.001 second response time on 10.0.2.13 port 443
[1678935600] CURRENT SERVICE STATE: SRV11VIBE_cass.cl;Servicio Vibe;OK;HARD;1;OK: Service vibe is running!
[1678935600] CURRENT SERVICE STATE: SRV11VIBE_cass.cl;Tiempo Activo;OK;HARD;1;Uptime OK: 55 day(s) 12 hour(s) 28 minute(s)
[1678935600] CURRENT SERVICE STATE: SRV11VIBE_cass.cl;Usuarios Login;OK;HARD;1;USERS OK - 0 users currently logged in
[1678935600] CURRENT SERVICE STATE: SRV12WEB_cass.cl;Ping;OK;HARD;1;PING OK - Packet loss = 0%, RTA = 1.16 ms
[1678935600] CURRENT SERVICE STATE: SRVAD1.cass.pmc;Ping;OK;HARD;1;PING OK - Packet loss = 0%, RTA = 1.30 ms
[1678935600] CURRENT SERVICE STATE: SRVAD2.cass.pmc;Ping;OK;HARD;1;PING OK - Packet loss = 0%, RTA = 1.21 ms
[1678935600] CURRENT SERVICE STATE: SRVADMIN.cass.pmc;Actualizacion;CRITICAL;HARD;3;Updates: 3 critical, 0 optional
[1678935600] CURRENT SERVICE STATE: SRVADMIN.cass.pmc;Almacenamiento;OK;HARD;1;c:\ - total: 299.66 Gb - used: 156.13 Gb (52%) - free 143.52 Gb (48%)
[1678935600] CURRENT SERVICE STATE: SRVADMIN.cass.pmc;CPU;OK;HARD;1;CPU Load 13% (5 min average)
[1678935600] CURRENT SERVICE STATE: SRVADMIN.cass.pmc;Memoria;OK;HARD;1;Memory usage: total:17693.55 MB - used: 14559.93 MB (82%) - free: 3133.62 MB (18%)
[1678935600] CURRENT SERVICE STATE: SRVADMIN.cass.pmc;Ping;OK;HARD;1;PING OK - Packet loss = 0%, RTA = 1.21 ms
[1678935600] CURRENT SERVICE STATE: SRVADMIN.cass.pmc;Tiempo Activo;OK;HARD;1;System Uptime - 27 day(s) 5 hour(s) 9 minute(s)
[1678935600] CURRENT SERVICE STATE: SRVCONT.cass.cl;Actualizacion;CRITICAL;HARD;3;Updates: 2 critical, 0 optional
[1678935600] CURRENT SERVICE STATE: SRVCONT.cass.cl;Almacenamiento;OK;HARD;1;c:\ - total: 299.33 Gb - used: 37.90 Gb (13%) - free 261.43 Gb (87%)
[1678935600] CURRENT SERVICE STATE: SRVCONT.cass.cl;CPU;OK;HARD;1;CPU Load 2% (5 min average)
[1678935600] CURRENT SERVICE STATE: SRVCONT.cass.cl;Memoria;OK;HARD;1;Memory usage: total:14143.13 MB - used: 3875.93 MB (27%) - free: 10267.20 MB (73%)
[1678935600] CURRENT SERVICE STATE: SRVCONT.cass.cl;Ping;OK;HARD;1;PING OK - Packet loss = 0%, RTA = 2.78 ms
[1678935600] CURRENT SERVICE STATE: SRVCONT.cass.cl;Tiempo Activo;OK;HARD;1;System Uptime - 26 day(s) 2 hour(s) 49 minute(s)
[1678935600] CURRENT SERVICE STATE: SRVDC1.cass.pmc;Ping;OK;HARD;1;PING OK - Packet loss = 0%, RTA = 1.24 ms
[1678935600] CURRENT SERVICE STATE: SRVDNS;Ping;OK;HARD;1;PING OK - Packet loss = 0%, RTA = 0.98 ms
[1678935600] CURRENT SERVICE STATE: SRVMFSD;Ping;OK;HARD;1;PING OK - Packet loss = 0%, RTA = 0.88 ms
[1678935600] CURRENT SERVICE STATE: SRV_Cfiler.cass.cl;Actualizacion;OK;HARD;1;Updates OK : no updates available
[1678935600] CURRENT SERVICE STATE: SRV_Cfiler.cass.cl;Almacenamiento /;OK;HARD;1;DISK OK - free space: / 2546718 MB (75% inode=-):
[1678935600] CURRENT SERVICE STATE: SRV_Cfiler.cass.cl;CPU;OK;HARD;1;OK - load average: 0.12, 0.11, 0.09
[1678935600] CURRENT SERVICE STATE: SRV_Cfiler.cass.cl;Http;OK;HARD;1;TCP OK - 0.000 second response time on port 80
[1678935600] CURRENT SERVICE STATE: SRV_Cfiler.cass.cl;Https;OK;HARD;1;TCP OK - 0.000 second response time on port 443
[1678935600] CURRENT SERVICE STATE: SRV_Cfiler.cass.cl;Memoria;OK;HARD;1;[MEMORY] Total: 3893 MB - Used: 1054 MB - 27% [SWAP] Total: 2047 MB - Used: 343 MB - 16%
[1678935600] CURRENT SERVICE STATE: SRV_Cfiler.cass.cl;Procesos;OK;HARD;1;PROCS OK: 309 processes
[1678935600] CURRENT SERVICE STATE: SRV_Cfiler.cass.cl;Procesos Zombies;OK;HARD;1;PROCS OK: 0 processes with STATE = Z
[1678935600] CURRENT SERVICE STATE: SRV_Cfiler.cass.cl;Procs Apache;OK;HARD;1;PROCS OK: 11 processes with args 'apache2'
[1678935600] CURRENT SERVICE STATE: SRV_Cfiler.cass.cl;Serv Apache;OK;HARD;1;OK: Service apache is running!
[1678935600] CURRENT SERVICE STATE: SRV_Cfiler.cass.cl;Servicio General;OK;HARD;1;PING OK - Packet loss = 0%, RTA = 1.32 ms
[1678935600] CURRENT SERVICE STATE: SRV_Cfiler.cass.cl;Tiempo Activo;OK;HARD;1;Uptime OK: 48 day(s) 9 hour(s) 56 minute(s)
[1678935600] CURRENT SERVICE STATE: SRV_Cfiler.cass.cl;Usuarios Login;OK;HARD;1;USERS OK - 1 users currently logged in
[1678935600] CURRENT SERVICE STATE: SRV_Oraculo_cass.cl;Ping;OK;HARD;1;PING OK - Packet loss = 16%, RTA = 1.06 ms
[1678935600] CURRENT SERVICE STATE: SRV_SOS2021.cass.cl;Actualizacion;OK;HARD;1;Updates OK : no updates available
[1678935600] CURRENT SERVICE STATE: SRV_SOS2021.cass.cl;Almacenamiento /;OK;HARD;1;DISK OK - free space: /var/tmp 118471 MiB (91.26% inode=-):
[1678935600] CURRENT SERVICE STATE: SRV_SOS2021.cass.cl;CPU;OK;HARD;1;OK - load average per CPU: 0.02, 0.02, 0.01
[1678935600] CURRENT SERVICE STATE: SRV_SOS2021.cass.cl;Memoria;OK;HARD;1;[MEMORY] Total: 7946 MB - Used: 905 MB - 11% [SWAP] Total: 10239 MB - Used: 0 MB - 0%
[1678935600] CURRENT SERVICE STATE: SRV_SOS2021.cass.cl;Ping;OK;HARD;1;PING OK - Packet loss = 0%, RTA = 0.52 ms
[1678935600] CURRENT SERVICE STATE: SRV_SOS2021.cass.cl;Procesos;OK;HARD;1;PROCS OK: 322 processes
[1678935600] CURRENT SERVICE STATE: SRV_SOS2021.cass.cl;Procesos Zombies;OK;HARD;1;PROCS OK: 0 processes with STATE = Z
[1678935600] CURRENT SERVICE STATE: SRV_SOS2021.cass.cl;Tiempo Activo;OK;HARD;1;Uptime OK: 33 day(s) 4 hour(s) 47 minute(s)
[1678935600] CURRENT SERVICE STATE: SRV_SOS2021.cass.cl;Usuarios Login;OK;HARD;1;USERS OK - 0 users currently logged in
[1678935600] CURRENT SERVICE STATE: SRV_SUM;Ping;OK;HARD;1;PING OK - Packet loss = 0%, RTA = 0.58 ms
[1678935600] CURRENT SERVICE STATE: SRV_chat.cass.cl;Actualizacion;OK;HARD;1;Updates OK : no updates available
[1678935600] CURRENT SERVICE STATE: SRV_chat.cass.cl;Almacenamiento /;UNKNOWN;HARD;3;DISK UNKNOWN - free space:
[1678935600] CURRENT SERVICE STATE: SRV_chat.cass.cl;CPU;OK;HARD;1;OK - load average per CPU: 0.00, 0.04, 0.06
[1678935600] CURRENT SERVICE STATE: SRV_chat.cass.cl;Memoria;OK;HARD;1;[MEMORY] Total: 7919 MB - Used: 2624 MB - 33% [SWAP] Total: 2048 MB - Used: 2 MB - 0%
[1678935600] CURRENT SERVICE STATE: SRV_chat.cass.cl;Ping;OK;HARD;1;PING OK - Packet loss = 0%, RTA = 0.58 ms
[1678935600] CURRENT SERVICE STATE: SRV_chat.cass.cl;Proceso Docker;OK;HARD;1;PROCS OK: 0 processes with command name 'docker'
[1678935600] CURRENT SERVICE STATE: SRV_chat.cass.cl;Proceso Nginx;OK;HARD;1;PROCS OK: 3 processes with command name 'nginx'
[1678935600] CURRENT SERVICE STATE: SRV_chat.cass.cl;Procesos;OK;HARD;1;PROCS OK: 294 processes
[1678935600] CURRENT SERVICE STATE: SRV_chat.cass.cl;Procesos Zombies;OK;HARD;1;PROCS OK: 0 processes with STATE = Z
[1678935600] CURRENT SERVICE STATE: SRV_chat.cass.cl;Puerto Chat;OK;HARD;1;TCP OK - 0.000 second response time on port 3000
[1678935600] CURRENT SERVICE STATE: SRV_chat.cass.cl;Puerto Contenedor;OK;HARD;1;TCP OK - 0.000 second response time on port 8000
[1678935600] CURRENT SERVICE STATE: SRV_chat.cass.cl;Puerto HTTP;OK;HARD;1;TCP OK - 0.000 second response time on port 80
[1678935600] CURRENT SERVICE STATE: SRV_chat.cass.cl;Puerto HTTPS;OK;HARD;1;TCP OK - 0.000 second response time on port 443
[1678935600] CURRENT SERVICE STATE: SRV_chat.cass.cl;Puerto Portainer;OK;HARD;1;TCP OK - 0.000 second response time on port 9443
[1678935600] CURRENT SERVICE STATE: SRV_chat.cass.cl;Servicio Docker;OK;HARD;1;OK: Service docker is running!
[1678935600] CURRENT SERVICE STATE: SRV_chat.cass.cl;Servicio Nginx;OK;HARD;1;OK: Service nginx is running!
[1678935600] CURRENT SERVICE STATE: SRV_chat.cass.cl;Usuarios Login;OK;HARD;1;USERS OK - 2 users currently logged in
[1678935600] CURRENT SERVICE STATE: SRV_email.cass.cl;Actualizacion;OK;HARD;1;Updates OK : no updates available
[1678935600] CURRENT SERVICE STATE: SRV_email.cass.cl;Almacenamiento /;OK;HARD;1;DISK OK - free space: /var/tmp 481613 MiB (95.05% inode=-):
[1678935600] CURRENT SERVICE STATE: SRV_email.cass.cl;Almacenamiento Mail;OK;HARD;1;DISK OK - free space: /mail 1826224 MiB (93.25% inode=99%):
[1678935600] CURRENT SERVICE STATE: SRV_email.cass.cl;Almacenamiento Mail2;OK;HARD;1;DISK OK - free space: /mail2 476786 MiB (99.90% inode=100%):
[1678935600] CURRENT SERVICE STATE: SRV_email.cass.cl;CPU;OK;HARD;1;OK - load average per CPU: 0.02, 0.01, 0.01
[1678935600] CURRENT SERVICE STATE: SRV_email.cass.cl;Correo Pop;OK;HARD;1;POP OK - 0.001 second response time on 10.0.2.25 port 110 [+OK GroupWise POP3 server ready]
[1678935600] CURRENT SERVICE STATE: SRV_email.cass.cl;Correo Smtp;OK;HARD;1;SMTP OK - 0.023 sec. response time
[1678935600] CURRENT SERVICE STATE: SRV_email.cass.cl;Memoria;OK;HARD;1;[MEMORY] Total: 11939 MB - Used: 1643 MB - 13% [SWAP] Total: 2048 MB - Used: 116 MB - 5%
[1678935600] CURRENT SERVICE STATE: SRV_email.cass.cl;Ping;OK;HARD;1;PING OK - Packet loss = 0%, RTA = 1.02 ms
[1678935600] CURRENT SERVICE STATE: SRV_email.cass.cl;Procesos;OK;HARD;1;PROCS OK: 291 processes
[1678935600] CURRENT SERVICE STATE: SRV_email.cass.cl;Procesos Zombies;OK;HARD;1;PROCS OK: 0 processes with STATE = Z
[1678935600] CURRENT SERVICE STATE: SRV_email.cass.cl;Tiempo Activo;OK;HARD;1;Uptime OK: 70 day(s) 15 hour(s) 1 minute(s)
[1678935600] CURRENT SERVICE STATE: SRV_email.cass.cl;Usuarios Login;OK;HARD;1;USERS OK - 0 users currently logged in
[1678935600] CURRENT SERVICE STATE: SRV_nagios;Actualizacion;OK;HARD;1;YUM OK: 0 Updates Available
[1678935600] CURRENT SERVICE STATE: SRV_nagios;Almacenamiento;OK;HARD;1;DISK OK - free space: / 46884 MiB (91.61% inode=100%):
[1678935600] CURRENT SERVICE STATE: SRV_nagios;CPU;OK;HARD;1;OK - load average: 0.13, 0.11, 0.10
[1678935600] CURRENT SERVICE STATE: SRV_nagios;Memoria;OK;HARD;1;[MEMORY] Total: 7740 MB - Used: 558 MB - 7% [SWAP] Total: 7935 MB - Used: 0 MB - 0%
[1678935600] CURRENT SERVICE STATE: SRV_nagios;PING;OK;HARD;1;PING OK - Packet loss = 0%, RTA = 0.08 ms
[1678935600] CURRENT SERVICE STATE: SRV_nagios;Procesos;OK;HARD;1;PROCS OK: 73 processes with STATE = RSZDT
[1678935600] CURRENT SERVICE STATE: SRV_nagios;Usarios Login;OK;HARD;1;USERS OK - 0 users currently logged in
[1678935600] CURRENT SERVICE STATE: SRV_sync.cass.cl;Ping;OK;HARD;1;PING OK - Packet loss = 16%, RTA = 0.82 ms
[1678935600] CURRENT SERVICE STATE: Servidor Vcenter;Ping;OK;HARD;1;PING OK - Packet loss = 0%, RTA = 0.52 ms
[1678935600] CURRENT SERVICE STATE: Servidores CASS;Ancho de Banda GE/1/0/3;OK;HARD;1;OK - Average IN: 10.38KB (0.01%), Average OUT: 11.35KB (0.01%)Total RX: 17263.50GBytes, Total TX: 28514.54GBytes
[1678935600] CURRENT SERVICE STATE: Servidores CASS;Estado Puerto 3;OK;HARD;1;OK: Interface GigabitEthernet1/0/3 (index 3) is up.
[1678935600] CURRENT SERVICE STATE: Servidores CASS;Estado Puerto 80;OK;HARD;1;TCP OK - 0.002 second response time on 10.0.0.17 port 80
[1678935600] CURRENT SERVICE STATE: Servidores CASS;Ping;OK;HARD;1;PING OK - Packet loss = 0%, RTA = 1.21 ms
[1678935600] CURRENT SERVICE STATE: Servidores CASS;Tiempo Activo;OK;HARD;1;SNMP OK - Timeticks: (616482352) 71 days, 8:27:03.52
[1678935600] CURRENT SERVICE STATE: Ups Principal;Carga;OK;HARD;1;OK: Estimated battery charge 98%, approximately 0 minutes runtime remaining.
[1678935600] CURRENT SERVICE STATE: Ups Principal;Estado;OK;HARD;1;OK: Battery Status Normal.
[1678935600] CURRENT SERVICE STATE: Ups Principal;Ping;OK;HARD;1;PING OK - Packet loss = 37%, RTA = 0.95 ms
[1678935600] CURRENT SERVICE STATE: Ups Principal;Temperatura;OK;HARD;1;OK: Battery Temperature is 25 degrees C (77.0 degrees F).
[1678935600] CURRENT SERVICE STATE: Ups Principal;Tiempo Activo;OK;HARD;1;SNMP OK - Timeticks: (167019552) 19 days, 7:56:35.52
[1678935600] CURRENT SERVICE STATE: Veeam2023.cass.pmc;Actualizacion;CRITICAL;HARD;3;Updates: 2 critical, 0 optional
[1678935600] CURRENT SERVICE STATE: Veeam2023.cass.pmc;Almacenamiento;OK;HARD;1;c:\ - total: 99.33 Gb - used: 69.18 Gb (70%) - free 30.15 Gb (30%)
[1678935600] CURRENT SERVICE STATE: Veeam2023.cass.pmc;CPU;OK;HARD;1;CPU Load 6% (5 min average)
[1678935600] CURRENT SERVICE STATE: Veeam2023.cass.pmc;Memoria;OK;HARD;1;Memory usage: total:18815.17 MB - used: 8837.58 MB (47%) - free: 9977.59 MB (53%)
[1678935600] CURRENT SERVICE STATE: Veeam2023.cass.pmc;Ping;OK;HARD;1;PING OK - Packet loss = 0%, RTA = 1.26 ms
[1678935600] CURRENT SERVICE STATE: Veeam2023.cass.pmc;Tiempo Activo;OK;HARD;1;System Uptime - 26 day(s) 0 hour(s) 6 minute(s)
[1678935600] CURRENT SERVICE STATE: web_cass_cl;Certificado;OK;HARD;1;SSL OK - Certificate '*.cass.cl' will expire in 285 days on 2023-12-26 20:59 -0300/-03.
[1678935600] CURRENT SERVICE STATE: web_cass_cl;HTTP;OK;HARD;1;HTTP OK: HTTP/1.1 302 Found - 1073 bytes in 0.163 second response time
[1678938443] Auto-save of retention data completed successfully.
[1678942043] Auto-save of retention data completed successfully.
[1678943755] SERVICE ALERT: SRV_email.cass.cl;Actualizacion;CRITICAL;SOFT;1;CHECK_NRPE STATE CRITICAL: Socket timeout after 30 seconds.
[1678943763] SERVICE ALERT: SRV_chat.cass.cl;Actualizacion;CRITICAL;SOFT;1;CHECK_NRPE STATE CRITICAL: Socket timeout after 30 seconds.
[1678943764] SERVICE ALERT: SRV_Cfiler.cass.cl;Actualizacion;CRITICAL;SOFT;1;CHECK_NRPE STATE CRITICAL: Socket timeout after 30 seconds.
[1678943823] SERVICE ALERT: SRV_SOS2021.cass.cl;Actualizacion;CRITICAL;SOFT;1;CHECK_NRPE STATE CRITICAL: Socket timeout after 30 seconds.
[1678943886] SERVICE ALERT: SRV_email.cass.cl;Actualizacion;OK;SOFT;2;Updates OK : no updates available
[1678943894] SERVICE ALERT: SRV_chat.cass.cl;Actualizacion;OK;SOFT;2;Updates OK : no updates available
[1678943897] SERVICE ALERT: SRV_Cfiler.cass.cl;Actualizacion;OK;SOFT;2;Updates OK : no updates available
[1678943954] SERVICE ALERT: SRV_SOS2021.cass.cl;Actualizacion;OK;SOFT;2;Updates OK : no updates available
[1678945643] Auto-save of retention data completed successfully.
[1678949243] Auto-save of retention data completed successfully.
[1678952843] Auto-save of retention data completed successfully.
[1678956443] Auto-save of retention data completed successfully.
[1678960043] Auto-save of retention data completed successfully.
[1678963643] Auto-save of retention data completed successfully.
[1678967082] SERVICE ALERT: FW Cass Telsur;Ancho de Banda DMZ;CRITICAL;SOFT;1;(No output on stdout) stderr:
[1678967202] SERVICE ALERT: FW Cass Telsur;Ancho de Banda DMZ;OK;SOFT;2;OK - Average IN: 39.28KB (0.03%), Average OUT: 12.87KB (0.01%)Total RX: 65.38GBytes, Total TX: 47.09GBytes
[1678967243] Auto-save of retention data completed successfully.
[1678970843] Auto-save of retention data completed successfully.
[1678971018] SERVICE ALERT: FW Cass Telsur;Estado Puerto DMZ;WARNING;SOFT;1;WARNING: SNMP error: No response from remote host "201.220.96.34"
[1678971055] SERVICE ALERT: FW Cass Telsur;Ancho de Banda WAN;CRITICAL;SOFT;1;(No output on stdout) stderr:
[1678971058] SERVICE ALERT: FW Cass Telsur;Ancho de Banda LAN;CRITICAL;SOFT;1;(No output on stdout) stderr:
[1678971082] SERVICE ALERT: FW Cass Telsur;Estado Puerto LAN;WARNING;SOFT;1;WARNING: SNMP error: No response from remote host "201.220.96.34"
[1678971138] SERVICE ALERT: FW Cass Telsur;Estado Puerto DMZ;OK;SOFT;2;OK: Interface eth2 (index 4) is up.
[1678971190] SERVICE ALERT: FW Cass Telsur;Ancho de Banda WAN;OK;SOFT;2;(No output on stdout) stderr:
[1678971194] SERVICE ALERT: FW Cass Telsur;Ancho de Banda LAN;OK;SOFT;2;(No output on stdout) stderr:
[1678971202] SERVICE ALERT: FW Cass Telsur;Estado Puerto LAN;OK;SOFT;2;OK: Interface eth0 (index 2) is up.
[1678971320] SERVICE ALERT: FW Cass Telsur;Ancho de Banda WAN;CRITICAL;SOFT;1;(No output on stdout) stderr:
[1678971455] SERVICE ALERT: FW Cass Telsur;Ancho de Banda WAN;OK;SOFT;2;(No output on stdout) stderr:
[1678971504] SERVICE ALERT: FW Cass Telsur;Ancho de Banda LAN;CRITICAL;SOFT;1;(No output on stdout) stderr:
[1678971532] SERVICE ALERT: FW Cass Telsur;Ancho de Banda DMZ;CRITICAL;SOFT;1;(No output on stdout) stderr:
[1678971639] SERVICE ALERT: FW Cass Telsur;Ancho de Banda LAN;OK;SOFT;2;(No output on stdout) stderr:
[1678971668] SERVICE ALERT: FW Cass Telsur;Ancho de Banda DMZ;OK;SOFT;2;(No output on stdout) stderr:
[1678971872] SERVICE ALERT: FW Cass Telsur;Estado Puerto LAN;WARNING;SOFT;1;WARNING: SNMP error: No response from remote host "201.220.96.34"
[1678971889] SERVICE ALERT: FW Cass Telsur;Ancho de Banda LAN;CRITICAL;SOFT;1;(No output on stdout) stderr:
[1678971896] SERVICE ALERT: FW Cass Telsur;Estado Puerto WAN;WARNING;SOFT;1;WARNING: SNMP error: No response from remote host "201.220.96.34"
[1678971945] SERVICE ALERT: FW Cass Telsur;Ancho de Banda WAN;CRITICAL;SOFT;1;(No output on stdout) stderr:
[1678971992] SERVICE ALERT: FW Cass Telsur;Estado Puerto LAN;OK;SOFT;2;OK: Interface eth0 (index 2) is up.
[1678972016] SERVICE ALERT: FW Cass Telsur;Estado Puerto WAN;OK;SOFT;2;OK: Interface eth1 (index 3) is up.
[1678972019] SERVICE ALERT: FW Cass Telsur;Ancho de Banda LAN;CRITICAL;SOFT;2;(No output on stdout) stderr:
[1678972076] SERVICE ALERT: FW Cass Telsur;Ancho de Banda WAN;OK;SOFT;2;OK - Average IN: 4.77MB (3.81%), Average OUT: 4.95MB (3.96%)Total RX: 16801.36GBytes, Total TX: 9336.73GBytes
[1678972149] SERVICE NOTIFICATION: nagiosadmin;FW Cass Telsur;Ancho de Banda LAN;CRITICAL;notify-service-by-email;(No output on stdout) stderr:
[1678972149] SERVICE NOTIFICATION: andresnavarro;FW Cass Telsur;Ancho de Banda LAN;CRITICAL;notify-service-by-email;(No output on stdout) stderr:
[1678972149] SERVICE NOTIFICATION: soporteti;FW Cass Telsur;Ancho de Banda LAN;CRITICAL;notify-service-by-telegram;(No output on stdout) stderr:
[1678972149] SERVICE NOTIFICATION: soporteti;FW Cass Telsur;Ancho de Banda LAN;CRITICAL;notify-service-by-email;(No output on stdout) stderr:
[1678972149] SERVICE NOTIFICATION: carlosstange;FW Cass Telsur;Ancho de Banda LAN;CRITICAL;notify-service-by-telegram;(No output on stdout) stderr:
[1678972149] SERVICE NOTIFICATION: carlosstange;FW Cass Telsur;Ancho de Banda LAN;CRITICAL;notify-service-by-email;(No output on stdout) stderr:
[1678972149] SERVICE ALERT: FW Cass Telsur;Ancho de Banda LAN;CRITICAL;HARD;3;(No output on stdout) stderr:
[1678972206] SERVICE ALERT: FW Cass Telsur;Ancho de Banda WAN;CRITICAL;SOFT;1;(No output on stdout) stderr:
[1678972269] SERVICE NOTIFICATION: nagiosadmin;FW Cass Telsur;Ancho de Banda LAN;OK;notify-service-by-email;OK - Average IN: 73.61KB (0.06%), Average OUT: 1.36MB (1.08%)Total RX: 828.20GBytes, Total TX: 816.81GBytes
[1678972269] SERVICE NOTIFICATION: andresnavarro;FW Cass Telsur;Ancho de Banda LAN;OK;notify-service-by-email;OK - Average IN: 73.61KB (0.06%), Average OUT: 1.36MB (1.08%)Total RX: 828.20GBytes, Total TX: 816.81GBytes
[1678972269] SERVICE NOTIFICATION: soporteti;FW Cass Telsur;Ancho de Banda LAN;OK;notify-service-by-telegram;OK - Average IN: 73.61KB (0.06%), Average OUT: 1.36MB (1.08%)Total RX: 828.20GBytes, Total TX: 816.81GBytes
[1678972269] SERVICE NOTIFICATION: soporteti;FW Cass Telsur;Ancho de Banda LAN;OK;notify-service-by-email;OK - Average IN: 73.61KB (0.06%), Average OUT: 1.36MB (1.08%)Total RX: 828.20GBytes, Total TX: 816.81GBytes
[1678972269] SERVICE NOTIFICATION: carlosstange;FW Cass Telsur;Ancho de Banda LAN;OK;notify-service-by-telegram;OK - Average IN: 73.61KB (0.06%), Average OUT: 1.36MB (1.08%)Total RX: 828.20GBytes, Total TX: 816.81GBytes
[1678972269] SERVICE NOTIFICATION: carlosstange;FW Cass Telsur;Ancho de Banda LAN;OK;notify-service-by-email;OK - Average IN: 73.61KB (0.06%), Average OUT: 1.36MB (1.08%)Total RX: 828.20GBytes, Total TX: 816.81GBytes
[1678972269] SERVICE ALERT: FW Cass Telsur;Ancho de Banda LAN;OK;HARD;1;OK - Average IN: 73.61KB (0.06%), Average OUT: 1.36MB (1.08%)Total RX: 828.20GBytes, Total TX: 816.81GBytes
[1678972341] SERVICE ALERT: FW Cass Telsur;Ancho de Banda WAN;OK;SOFT;2;(No output on stdout) stderr:
[1678972349] SERVICE ALERT: FW Cass Telsur;Estado Puerto DMZ;WARNING;SOFT;1;WARNING: SNMP error: No response from remote host "201.220.96.34"
[1678972469] SERVICE ALERT: FW Cass Telsur;Estado Puerto DMZ;OK;SOFT;2;OK: Interface eth2 (index 4) is up.
[1678974443] Auto-save of retention data completed successfully.
[1678974822] SERVICE ALERT: FW Cass Telsur;Estado Puerto LAN;WARNING;SOFT;1;WARNING: SNMP error: No response from remote host "201.220.96.34"
[1678974942] SERVICE ALERT: FW Cass Telsur;Estado Puerto LAN;OK;SOFT;2;OK: Interface eth0 (index 2) is up.
[1678975458] SERVICE ALERT: FW Cass Telsur;Ancho de Banda DMZ;CRITICAL;SOFT;1;(No output on stdout) stderr:
[1678975459] SERVICE ALERT: FW Cass Telsur;Ancho de Banda LAN;CRITICAL;SOFT;1;CRITICAL - OUT bandwidth (245956576769.42%) too high
[1678975578] SERVICE ALERT: FW Cass Telsur;Ancho de Banda DMZ;OK;SOFT;2;OK - Average IN: 7.43KB (0.01%), Average OUT: 8.23KB (0.01%)Total RX: 65.53GBytes, Total TX: 47.20GBytes
[1678975580] SERVICE ALERT: FW Cass Telsur;Ancho de Banda LAN;CRITICAL;SOFT;2;CRITICAL - OUT bandwidth (5395.61%) too high
[1678975700] SERVICE ALERT: FW Cass Telsur;Ancho de Banda LAN;OK;SOFT;3;OK - Average IN: 38.90KB (0.03%), Average OUT: 1.09MB (0.87%)Total RX: 828.34GBytes, Total TX: 818.31GBytes
[1678975828] SERVICE ALERT: FW Cass Telsur;Ancho de Banda DMZ;CRITICAL;SOFT;1;CRITICAL - OUT bandwidth (210819931780.12%) too high
[1678975949] SERVICE ALERT: FW Cass Telsur;Ancho de Banda DMZ;CRITICAL;SOFT;2;CRITICAL - OUT bandwidth (283.97%) too high
[1678976069] SERVICE ALERT: FW Cass Telsur;Ancho de Banda DMZ;OK;SOFT;3;OK - Average IN: 11.53KB (0.01%), Average OUT: 8.78KB (0.01%)Total RX: 65.54GBytes, Total TX: 47.20GBytes
[1678978043] Auto-save of retention data completed successfully.
[1678978807] SERVICE ALERT: FW Cass Telsur;Estado Puerto WAN;WARNING;SOFT;1;WARNING: SNMP error: No response from remote host "201.220.96.34"
[1678978927] SERVICE ALERT: FW Cass Telsur;Estado Puerto WAN;OK;SOFT;2;OK: Interface eth1 (index 3) is up.
[1678980331] SERVICE ALERT: FW Cass Telsur;Ancho de Banda WAN;CRITICAL;SOFT;1;(No output on stdout) stderr:
[1678980461] SERVICE ALERT: FW Cass Telsur;Ancho de Banda WAN;CRITICAL;SOFT;2;(No output on stdout) stderr:
[1678980473] SERVICE ALERT: FW Cass Telsur;Estado Puerto LAN;WARNING;SOFT;1;WARNING: SNMP error: No response from remote host "201.220.96.34"
[1678980592] SERVICE NOTIFICATION: nagiosadmin;FW Cass Telsur;Ancho de Banda WAN;CRITICAL;notify-service-by-email;(No output on stdout) stderr:
[1678980592] SERVICE NOTIFICATION: andresnavarro;FW Cass Telsur;Ancho de Banda WAN;CRITICAL;notify-service-by-email;(No output on stdout) stderr:
[1678980592] SERVICE NOTIFICATION: soporteti;FW Cass Telsur;Ancho de Banda WAN;CRITICAL;notify-service-by-telegram;(No output on stdout) stderr:
[1678980592] SERVICE NOTIFICATION: soporteti;FW Cass Telsur;Ancho de Banda WAN;CRITICAL;notify-service-by-email;(No output on stdout) stderr:
[1678980592] SERVICE NOTIFICATION: carlosstange;FW Cass Telsur;Ancho de Banda WAN;CRITICAL;notify-service-by-telegram;(No output on stdout) stderr:
[1678980592] SERVICE NOTIFICATION: carlosstange;FW Cass Telsur;Ancho de Banda WAN;CRITICAL;notify-service-by-email;(No output on stdout) stderr:
[1678980592] SERVICE ALERT: FW Cass Telsur;Ancho de Banda WAN;CRITICAL;HARD;3;(No output on stdout) stderr:
[1678980598] SERVICE ALERT: FW Cass Telsur;Estado Puerto LAN;OK;SOFT;2;OK: Interface eth0 (index 2) is up.
[1678980667] SERVICE NOTIFICATION: nagiosadmin;FW Cass Telsur;Ancho de Banda WAN;OK;notify-service-by-email;(No output on stdout) stderr:
[1678980667] SERVICE NOTIFICATION: andresnavarro;FW Cass Telsur;Ancho de Banda WAN;OK;notify-service-by-email;(No output on stdout) stderr:
[1678980667] SERVICE NOTIFICATION: soporteti;FW Cass Telsur;Ancho de Banda WAN;OK;notify-service-by-telegram;(No output on stdout) stderr:
[1678980667] SERVICE NOTIFICATION: soporteti;FW Cass Telsur;Ancho de Banda WAN;OK;notify-service-by-email;(No output on stdout) stderr:
[1678980667] SERVICE NOTIFICATION: carlosstange;FW Cass Telsur;Ancho de Banda WAN;OK;notify-service-by-telegram;(No output on stdout) stderr:
[1678980667] SERVICE NOTIFICATION: carlosstange;FW Cass Telsur;Ancho de Banda WAN;OK;notify-service-by-email;(No output on stdout) stderr:
[1678980667] SERVICE ALERT: FW Cass Telsur;Ancho de Banda WAN;OK;HARD;1;(No output on stdout) stderr:
[1678980728] SERVICE ALERT: FW Cass Telsur;Estado Puerto LAN;WARNING;SOFT;1;WARNING: SNMP error: No response from remote host "201.220.96.34"
[1678980848] SERVICE ALERT: FW Cass Telsur;Estado Puerto LAN;OK;SOFT;2;OK: Interface eth0 (index 2) is up.
[1678980857] SERVICE ALERT: FW Cass Telsur;Estado Puerto WAN;WARNING;SOFT;1;WARNING: SNMP error: No response from remote host "201.220.96.34"
[1678980902] SERVICE ALERT: FW Cass Telsur;Ancho de Banda WAN;CRITICAL;SOFT;1;(No output on stdout) stderr:
[1678980987] SERVICE ALERT: FW Cass Telsur;Estado Puerto WAN;WARNING;SOFT;2;WARNING: SNMP error: No response from remote host "201.220.96.34"
[1678981032] SERVICE ALERT: FW Cass Telsur;Ancho de Banda WAN;OK;SOFT;2;OK - Average IN: 3.80MB (3.04%), Average OUT: 3.57MB (2.86%)Total RX: 16842.61GBytes, Total TX: 9378.35GBytes
[1678981050] SERVICE ALERT: FW Cass Telsur;Ancho de Banda LAN;CRITICAL;SOFT;1;(No output on stdout) stderr:
[1678981107] SERVICE ALERT: FW Cass Telsur;Estado Puerto WAN;OK;SOFT;3;OK: Interface eth1 (index 3) is up.
[1678981163] SERVICE ALERT: FW Cass Telsur;Ancho de Banda WAN;CRITICAL;SOFT;1;(No output on stdout) stderr:
[1678981180] SERVICE ALERT: FW Cass Telsur;Ancho de Banda LAN;OK;SOFT;2;OK - Average IN: 77.45KB (0.06%), Average OUT: 618.09KB (0.49%)Total RX: 828.64GBytes, Total TX: 820.77GBytes
[1678981239] SERVICE ALERT: FW Cass Telsur;Ancho de Banda DMZ;CRITICAL;SOFT;1;(No output on stdout) stderr:
[1678981298] SERVICE ALERT: FW Cass Telsur;Ancho de Banda WAN;OK;SOFT;2;(No output on stdout) stderr:
[1678981370] SERVICE ALERT: FW Cass Telsur;Ancho de Banda LAN;CRITICAL;SOFT;1;(No output on stdout) stderr:
[1678981375] SERVICE ALERT: FW Cass Telsur;Ancho de Banda DMZ;OK;SOFT;2;(No output on stdout) stderr:
[1678981500] SERVICE ALERT: FW Cass Telsur;Ancho de Banda LAN;CRITICAL;SOFT;2;(No output on stdout) stderr:
[1678981608] SERVICE ALERT: FW Cass Telsur;Ancho de Banda WAN;CRITICAL;SOFT;1;(No output on stdout) stderr:
[1678981635] SERVICE ALERT: FW Cass Telsur;Ancho de Banda LAN;OK;SOFT;3;(No output on stdout) stderr:
[1678981643] Auto-save of retention data completed successfully.
[1678981659] SERVICE ALERT: FW Cass Telsur;Estado Puerto DMZ;WARNING;SOFT;1;WARNING: SNMP error: No response from remote host "201.220.96.34"
[1678981743] SERVICE ALERT: FW Cass Telsur;Ancho de Banda WAN;OK;SOFT;2;(No output on stdout) stderr:
[1678981779] SERVICE ALERT: FW Cass Telsur;Estado Puerto DMZ;OK;SOFT;2;OK: Interface eth2 (index 4) is up.
[1678981805] SERVICE ALERT: FW Cass Telsur;Ancho de Banda DMZ;CRITICAL;SOFT;1;(No output on stdout) stderr:
[1678981941] SERVICE ALERT: FW Cass Telsur;Ancho de Banda DMZ;OK;SOFT;2;(No output on stdout) stderr:
[1678981945] SERVICE ALERT: FW Cass Telsur;Ancho de Banda LAN;CRITICAL;SOFT;1;(No output on stdout) stderr:
[1678981958] SERVICE ALERT: FW Cass Telsur;Estado Puerto WAN;WARNING;SOFT;1;WARNING: SNMP error: No response from remote host "201.220.96.34"
[1678982078] SERVICE ALERT: FW Cass Telsur;Estado Puerto WAN;OK;SOFT;2;OK: Interface eth1 (index 3) is up.
[1678982081] SERVICE ALERT: FW Cass Telsur;Ancho de Banda LAN;OK;SOFT;2;(No output on stdout) stderr:
[1678982211] SERVICE ALERT: FW Cass Telsur;Ancho de Banda LAN;CRITICAL;SOFT;1;(No output on stdout) stderr:
[1678982251] SERVICE ALERT: FW Cass Telsur;Ancho de Banda DMZ;CRITICAL;SOFT;1;(No output on stdout) stderr:
[1678982341] SERVICE ALERT: FW Cass Telsur;Ancho de Banda LAN;CRITICAL;SOFT;2;(No output on stdout) stderr:
[1678982358] SERVICE ALERT: FW Cass Telsur;Estado Puerto LAN;WARNING;SOFT;1;WARNING: SNMP error: No response from remote host "201.220.96.34"
[1678982381] SERVICE ALERT: FW Cass Telsur;Ancho de Banda DMZ;CRITICAL;SOFT;2;(No output on stdout) stderr:
[1678982448] SERVICE ALERT: FW Cass Telsur;Estado Puerto WAN;WARNING;SOFT;1;WARNING: SNMP error: No response from remote host "201.220.96.34"
[1678982473] SERVICE ALERT: FW Cass Telsur;Ancho de Banda WAN;CRITICAL;SOFT;1;(No output on stdout) stderr:
[1678982476] SERVICE ALERT: FW Cass Telsur;Ancho de Banda LAN;OK;SOFT;3;(No output on stdout) stderr:
[1678982488] SERVICE ALERT: FW Cass Telsur;Estado Puerto LAN;WARNING;SOFT;2;WARNING: SNMP error: No response from remote host "201.220.96.34"
[1678982510] SERVICE ALERT: FW Cass Telsur;Estado Puerto DMZ;WARNING;SOFT;1;WARNING: SNMP error: No response from remote host "201.220.96.34"
[1678982511] SERVICE NOTIFICATION: nagiosadmin;FW Cass Telsur;Ancho de Banda DMZ;CRITICAL;notify-service-by-email;(No output on stdout) stderr:
[1678982511] SERVICE NOTIFICATION: andresnavarro;FW Cass Telsur;Ancho de Banda DMZ;CRITICAL;notify-service-by-email;(No output on stdout) stderr:
[1678982511] SERVICE NOTIFICATION: soporteti;FW Cass Telsur;Ancho de Banda DMZ;CRITICAL;notify-service-by-telegram;(No output on stdout) stderr:
[1678982511] SERVICE NOTIFICATION: soporteti;FW Cass Telsur;Ancho de Banda DMZ;CRITICAL;notify-service-by-email;(No output on stdout) stderr:
[1678982511] SERVICE NOTIFICATION: carlosstange;FW Cass Telsur;Ancho de Banda DMZ;CRITICAL;notify-service-by-telegram;(No output on stdout) stderr:
[1678982511] SERVICE NOTIFICATION: carlosstange;FW Cass Telsur;Ancho de Banda DMZ;CRITICAL;notify-service-by-email;(No output on stdout) stderr:
[1678982511] SERVICE ALERT: FW Cass Telsur;Ancho de Banda DMZ;CRITICAL;HARD;3;(No output on stdout) stderr:
[1678982578] SERVICE ALERT: FW Cass Telsur;Estado Puerto WAN;WARNING;SOFT;2;WARNING: SNMP error: No response from remote host "201.220.96.34"
[1678982603] SERVICE ALERT: FW Cass Telsur;Ancho de Banda WAN;CRITICAL;SOFT;2;(No output on stdout) stderr:
[1678982606] SERVICE ALERT: FW Cass Telsur;Ancho de Banda LAN;CRITICAL;SOFT;1;(No output on stdout) stderr:
[1678982608] SERVICE ALERT: FW Cass Telsur;Estado Puerto LAN;OK;SOFT;3;OK: Interface eth0 (index 2) is up.
[1678982630] SERVICE ALERT: FW Cass Telsur;Estado Puerto DMZ;OK;SOFT;2;OK: Interface eth2 (index 4) is up.
[1678982646] SERVICE NOTIFICATION: nagiosadmin;FW Cass Telsur;Ancho de Banda DMZ;OK;notify-service-by-email;(No output on stdout) stderr:
[1678982646] SERVICE NOTIFICATION: andresnavarro;FW Cass Telsur;Ancho de Banda DMZ;OK;notify-service-by-email;(No output on stdout) stderr:
[1678982646] SERVICE NOTIFICATION: soporteti;FW Cass Telsur;Ancho de Banda DMZ;OK;notify-service-by-telegram;(No output on stdout) stderr:
[1678982646] SERVICE NOTIFICATION: soporteti;FW Cass Telsur;Ancho de Banda DMZ;OK;notify-service-by-email;(No output on stdout) stderr:
[1678982646] SERVICE NOTIFICATION: carlosstange;FW Cass Telsur;Ancho de Banda DMZ;OK;notify-service-by-telegram;(No output on stdout) stderr:
[1678982646] SERVICE NOTIFICATION: carlosstange;FW Cass Telsur;Ancho de Banda DMZ;OK;notify-service-by-email;(No output on stdout) stderr:
[1678982646] SERVICE ALERT: FW Cass Telsur;Ancho de Banda DMZ;OK;HARD;1;(No output on stdout) stderr:
[1678982698] SERVICE ALERT: FW Cass Telsur;Estado Puerto WAN;OK;SOFT;3;OK: Interface eth1 (index 3) is up.
[1678982701] SERVICE ALERT: FW Cass Telsur;Ancho de Banda DMZ;CRITICAL;SOFT;1;(No output on stdout) stderr:
[1678982733] SERVICE NOTIFICATION: nagiosadmin;FW Cass Telsur;Ancho de Banda WAN;CRITICAL;notify-service-by-email;(No output on stdout) stderr:
[1678982733] SERVICE NOTIFICATION: andresnavarro;FW Cass Telsur;Ancho de Banda WAN;CRITICAL;notify-service-by-email;(No output on stdout) stderr:
[1678982733] SERVICE NOTIFICATION: soporteti;FW Cass Telsur;Ancho de Banda WAN;CRITICAL;notify-service-by-telegram;(No output on stdout) stderr:
[1678982733] SERVICE NOTIFICATION: soporteti;FW Cass Telsur;Ancho de Banda WAN;CRITICAL;notify-service-by-email;(No output on stdout) stderr:
[1678982733] SERVICE NOTIFICATION: carlosstange;FW Cass Telsur;Ancho de Banda WAN;CRITICAL;notify-service-by-telegram;(No output on stdout) stderr:
[1678982733] SERVICE NOTIFICATION: carlosstange;FW Cass Telsur;Ancho de Banda WAN;CRITICAL;notify-service-by-email;(No output on stdout) stderr:
[1678982733] SERVICE ALERT: FW Cass Telsur;Ancho de Banda WAN;CRITICAL;HARD;3;(No output on stdout) stderr:
[1678982741] SERVICE ALERT: FW Cass Telsur;Ancho de Banda LAN;OK;SOFT;2;(No output on stdout) stderr:
[1678982772] SERVICE ALERT: FW Cass Telsur;Tiempo Activo;CRITICAL;SOFT;1;CRITICAL - Plugin timed out while executing system call
[1678982793] SERVICE NOTIFICATION: nagiosadmin;FW Cass Telsur;Ancho de Banda WAN;OK;notify-service-by-email;OK - Average IN: 6.00KB (0.00%), Average OUT: 315.16KB (0.25%)Total RX: 16846.74GBytes, Total TX: 9382.60GBytes
[1678982793] SERVICE NOTIFICATION: andresnavarro;FW Cass Telsur;Ancho de Banda WAN;OK;notify-service-by-email;OK - Average IN: 6.00KB (0.00%), Average OUT: 315.16KB (0.25%)Total RX: 16846.74GBytes, Total TX: 9382.60GBytes
[1678982793] SERVICE NOTIFICATION: soporteti;FW Cass Telsur;Ancho de Banda WAN;OK;notify-service-by-telegram;OK - Average IN: 6.00KB (0.00%), Average OUT: 315.16KB (0.25%)Total RX: 16846.74GBytes, Total TX: 9382.60GBytes
[1678982793] SERVICE NOTIFICATION: soporteti;FW Cass Telsur;Ancho de Banda WAN;OK;notify-service-by-email;OK - Average IN: 6.00KB (0.00%), Average OUT: 315.16KB (0.25%)Total RX: 16846.74GBytes, Total TX: 9382.60GBytes
[1678982793] SERVICE NOTIFICATION: carlosstange;FW Cass Telsur;Ancho de Banda WAN;OK;notify-service-by-telegram;OK - Average IN: 6.00KB (0.00%), Average OUT: 315.16KB (0.25%)Total RX: 16846.74GBytes, Total TX: 9382.60GBytes
[1678982793] SERVICE NOTIFICATION: carlosstange;FW Cass Telsur;Ancho de Banda WAN;OK;notify-service-by-email;OK - Average IN: 6.00KB (0.00%), Average OUT: 315.16KB (0.25%)Total RX: 16846.74GBytes, Total TX: 9382.60GBytes
[1678982793] SERVICE ALERT: FW Cass Telsur;Ancho de Banda WAN;OK;HARD;1;OK - Average IN: 6.00KB (0.00%), Average OUT: 315.16KB (0.25%)Total RX: 16846.74GBytes, Total TX: 9382.60GBytes
[1678982831] SERVICE ALERT: FW Cass Telsur;Ancho de Banda DMZ;CRITICAL;SOFT;2;(No output on stdout) stderr:
[1678982895] SERVICE ALERT: FW Cass Telsur;Tiempo Activo;OK;SOFT;2;SNMP OK - Timeticks: (428067385) 49 days, 13:04:33.85
[1678982966] SERVICE ALERT: FW Cass Telsur;Ancho de Banda DMZ;OK;SOFT;3;(No output on stdout) stderr:
[1678982991] SERVICE ALERT: FW Cass Telsur;Ancho de Banda LAN;CRITICAL;SOFT;1;(No output on stdout) stderr:
[1678983043] SERVICE ALERT: FW Cass Telsur;Ancho de Banda WAN;CRITICAL;SOFT;1;(No output on stdout) stderr:
[1678983126] SERVICE ALERT: FW Cass Telsur;Ancho de Banda LAN;OK;SOFT;2;(No output on stdout) stderr:
[1678983178] SERVICE ALERT: FW Cass Telsur;Ancho de Banda WAN;OK;SOFT;2;(No output on stdout) stderr:
[1678983212] SERVICE ALERT: SRV_nagios;Actualizacion;CRITICAL;SOFT;1;YUM CRITICAL: Yum nagios plugin has self terminated after exceeding the timeout (30 seconds)
[1678983240] SERVICE ALERT: FW Cass Telsur;Estado Puerto DMZ;WARNING;SOFT;1;WARNING: SNMP error: No response from remote host "201.220.96.34"
[1678983282] SERVICE ALERT: SRV_nagios;Actualizacion;OK;SOFT;2;YUM OK: 0 Updates Available
[1678983338] SERVICE ALERT: FW Cass Telsur;Estado Puerto LAN;WARNING;SOFT;1;WARNING: SNMP error: No response from remote host "201.220.96.34"
[1678983360] SERVICE ALERT: FW Cass Telsur;Estado Puerto DMZ;OK;SOFT;2;OK: Interface eth2 (index 4) is up.
[1678983458] SERVICE ALERT: FW Cass Telsur;Estado Puerto LAN;OK;SOFT;2;OK: Interface eth0 (index 2) is up.
[1678983516] SERVICE ALERT: FW Cass Telsur;Ancho de Banda DMZ;CRITICAL;SOFT;1;(No output on stdout) stderr:
[1678983588] SERVICE ALERT: FW Cass Telsur;Estado Puerto LAN;WARNING;SOFT;1;WARNING: SNMP error: No response from remote host "201.220.96.34"
[1678983610] SERVICE ALERT: FW Cass Telsur;Estado Puerto DMZ;WARNING;SOFT;1;WARNING: SNMP error: No response from remote host "201.220.96.34"
[1678983626] SERVICE ALERT: FW Cass Telsur;Tiempo Activo;CRITICAL;SOFT;1;CRITICAL - Plugin timed out while executing system call
[1678983651] SERVICE ALERT: FW Cass Telsur;Ancho de Banda DMZ;OK;SOFT;2;(No output on stdout) stderr:
[1678983718] SERVICE ALERT: FW Cass Telsur;Estado Puerto LAN;WARNING;SOFT;2;WARNING: SNMP error: No response from remote host "201.220.96.34"
[1678983728] SERVICE ALERT: FW Cass Telsur;Ancho de Banda WAN;CRITICAL;SOFT;1;(No output on stdout) stderr:
[1678983730] SERVICE ALERT: FW Cass Telsur;Estado Puerto DMZ;OK;SOFT;2;OK: Interface eth2 (index 4) is up.
[1678983749] SERVICE ALERT: FW Cass Telsur;Tiempo Activo;OK;SOFT;2;SNMP OK - Timeticks: (428152749) 49 days, 13:18:47.49
[1678983844] SERVICE ALERT: FW Cass Telsur;Estado Puerto LAN;OK;SOFT;3;OK: Interface eth0 (index 2) is up.
[1678983848] SERVICE ALERT: FW Cass Telsur;Ancho de Banda WAN;OK;SOFT;2;OK - Average IN: 9.98B (0.00%), Average OUT: 5.90B (0.00%)Total RX: 16846.74GBytes, Total TX: 9382.60GBytes
[1678983917] SERVICE ALERT: FW Cass Telsur;Ancho de Banda LAN;CRITICAL;SOFT;1;(No output on stdout) stderr:
[1678983921] SERVICE ALERT: FW Cass Telsur;Estado Puerto DMZ;WARNING;SOFT;1;WARNING: SNMP error: No response from remote host "201.220.96.34"
[1678984034] SERVICE ALERT: FW Cass Telsur;Estado Puerto LAN;WARNING;SOFT;1;WARNING: SNMP error: No response from remote host "201.220.96.34"
[1678984037] SERVICE ALERT: FW Cass Telsur;Ancho de Banda LAN;OK;SOFT;2;OK - Average IN: 77.39KB (0.06%), Average OUT: 1.18MB (0.94%)Total RX: 828.86GBytes, Total TX: 822.57GBytes
[1678984046] SERVICE ALERT: FW Cass Telsur;Estado Puerto DMZ;OK;SOFT;2;OK: Interface eth2 (index 4) is up.
[1678984154] SERVICE ALERT: FW Cass Telsur;Estado Puerto LAN;OK;SOFT;2;OK: Interface eth0 (index 2) is up.
[1678984218] SERVICE ALERT: FW Cass Telsur;Ancho de Banda WAN;CRITICAL;SOFT;1;(No output on stdout) stderr:
[1678984321] SERVICE ALERT: FW Cass Telsur;Ancho de Banda DMZ;CRITICAL;SOFT;1;(No output on stdout) stderr:
[1678984348] SERVICE ALERT: FW Cass Telsur;Ancho de Banda WAN;CRITICAL;SOFT;2;(No output on stdout) stderr:
[1678984356] SERVICE ALERT: FW Cass Telsur;Estado Puerto DMZ;WARNING;SOFT;1;WARNING: SNMP error: No response from remote host "201.220.96.34"
[1678984388] SERVICE ALERT: FW Cass Telsur;Estado Puerto WAN;WARNING;SOFT;1;WARNING: SNMP error: No response from remote host "201.220.96.34"
[1678984456] SERVICE ALERT: FW Cass Telsur;Ancho de Banda DMZ;OK;SOFT;2;(No output on stdout) stderr:
[1678984476] SERVICE ALERT: FW Cass Telsur;Estado Puerto DMZ;OK;SOFT;2;OK: Interface eth2 (index 4) is up.
[1678984478] SERVICE ALERT: FW Cass Telsur;Ancho de Banda WAN;OK;SOFT;3;OK - Average IN: 36.28B (0.00%), Average OUT: 10.70B (0.00%)Total RX: 16846.74GBytes, Total TX: 9382.60GBytes
[1678984508] SERVICE ALERT: FW Cass Telsur;Estado Puerto WAN;OK;SOFT;2;OK: Interface eth1 (index 3) is up.
[1678984607] SERVICE ALERT: FW Cass Telsur;Estado Puerto DMZ;WARNING;SOFT;1;WARNING: SNMP error: No response from remote host "201.220.96.34"
[1678984727] SERVICE ALERT: FW Cass Telsur;Estado Puerto DMZ;OK;SOFT;2;OK: Interface eth2 (index 4) is up.
[1678985088] SERVICE ALERT: FW Cass Telsur;Ancho de Banda WAN;CRITICAL;SOFT;1;(No output on stdout) stderr:
[1678985127] SERVICE ALERT: FW Cass Telsur;Ancho de Banda DMZ;CRITICAL;SOFT;1;(No output on stdout) stderr:
[1678985127] SERVICE ALERT: FW Cass Telsur;Ancho de Banda LAN;CRITICAL;SOFT;1;(No output on stdout) stderr:
[1678985157] SERVICE ALERT: FW Cass Telsur;Estado Puerto DMZ;WARNING;SOFT;1;WARNING: SNMP error: No response from remote host "201.220.96.34"
[1678985218] SERVICE ALERT: FW Cass Telsur;Ancho de Banda WAN;CRITICAL;SOFT;2;(No output on stdout) stderr:
[1678985243] Auto-save of retention data completed successfully.
[1678985262] SERVICE ALERT: FW Cass Telsur;Ancho de Banda DMZ;OK;SOFT;2;(No output on stdout) stderr:
[1678985262] SERVICE ALERT: FW Cass Telsur;Ancho de Banda LAN;OK;SOFT;2;(No output on stdout) stderr:
[1678985283] SERVICE ALERT: FW Cass Telsur;Estado Puerto DMZ;OK;SOFT;2;OK: Interface eth2 (index 4) is up.
[1678985338] SERVICE ALERT: FW Cass Telsur;Ancho de Banda WAN;OK;SOFT;3;OK - Average IN: 17.56B (0.00%), Average OUT: 46.65B (0.00%)Total RX: 16846.74GBytes, Total TX: 9382.60GBytes
[1678985392] SERVICE ALERT: FW Cass Telsur;Ancho de Banda DMZ;CRITICAL;SOFT;1;(No output on stdout) stderr:
[1678985473] SERVICE ALERT: FW Cass Telsur;Estado Puerto DMZ;WARNING;SOFT;1;WARNING: SNMP error: No response from remote host "201.220.96.34"
[1678985527] SERVICE ALERT: FW Cass Telsur;Ancho de Banda DMZ;OK;SOFT;2;(No output on stdout) stderr:
[1678985598] SERVICE ALERT: FW Cass Telsur;Estado Puerto DMZ;OK;SOFT;2;OK: Interface eth2 (index 4) is up.
[1678985657] SERVICE ALERT: FW Cass Telsur;Ancho de Banda DMZ;CRITICAL;SOFT;1;(No output on stdout) stderr:
[1678985777] SERVICE ALERT: FW Cass Telsur;Ancho de Banda DMZ;OK;SOFT;2;OK - Average IN: 7.43KB (0.01%), Average OUT: 8.30KB (0.01%)Total RX: 65.70GBytes, Total TX: 47.34GBytes
[1678985872] SERVICE ALERT: FW Cass Telsur;Ancho de Banda LAN;UNKNOWN;SOFT;1;UNKNOWN: Improper interface status, status received: DNE - No response from remote host "201.220.96.34"
[1678985968] SERVICE ALERT: FW Cass Telsur;Ancho de Banda DMZ;CRITICAL;SOFT;1;(No output on stdout) stderr:
[1678985969] SERVICE ALERT: FW Cass Telsur;Estado Puerto DMZ;WARNING;SOFT;1;WARNING: SNMP error: No response from remote host "201.220.96.34"
[1678986002] SERVICE ALERT: FW Cass Telsur;Ancho de Banda LAN;OK;SOFT;2;OK - Average IN: 43.67KB (0.03%), Average OUT: 368.81KB (0.30%)Total RX: 828.97GBytes, Total TX: 823.46GBytes
[1678986078] SERVICE ALERT: FW Cass Telsur;Estado Puerto WAN;WARNING;SOFT;1;WARNING: SNMP error: No response from remote host "201.220.96.34"
[1678986089] SERVICE ALERT: FW Cass Telsur;Estado Puerto DMZ;OK;SOFT;2;OK: Interface eth2 (index 4) is up.
[1678986093] SERVICE ALERT: FW Cass Telsur;Ancho de Banda DMZ;OK;SOFT;2;OK - Average IN: 5.02KB (0.00%), Average OUT: 6.88KB (0.01%)Total RX: 65.70GBytes, Total TX: 47.34GBytes
[1678986132] SERVICE ALERT: FW Cass Telsur;Ancho de Banda LAN;CRITICAL;SOFT;1;(No output on stdout) stderr:
[1678986203] SERVICE ALERT: FW Cass Telsur;Estado Puerto WAN;OK;SOFT;2;OK: Interface eth1 (index 3) is up.
[1678986204] SERVICE ALERT: FW Cass Telsur;Estado Puerto LAN;WARNING;SOFT;1;WARNING: SNMP error: No response from remote host "201.220.96.34"
[1678986257] SERVICE ALERT: FW Cass Telsur;Ancho de Banda LAN;OK;SOFT;2;OK - Average IN: 57.32KB (0.05%), Average OUT: 404.65KB (0.32%)Total RX: 828.98GBytes, Total TX: 823.56GBytes
[1678986283] SERVICE ALERT: FW Cass Telsur;Ancho de Banda DMZ;CRITICAL;SOFT;1;(No output on stdout) stderr:
[1678986324] SERVICE ALERT: FW Cass Telsur;Estado Puerto LAN;OK;SOFT;2;OK: Interface eth0 (index 2) is up.
[1678986408] SERVICE ALERT: FW Cass Telsur;Ancho de Banda DMZ;OK;SOFT;2;OK - Average IN: 5.08KB (0.00%), Average OUT: 6.50KB (0.01%)Total RX: 65.70GBytes, Total TX: 47.34GBytes
[1678986459] SERVICE ALERT: FW Cass Telsur;Estado Puerto DMZ;WARNING;SOFT;1;WARNING: SNMP error: No response from remote host "201.220.96.34"
[1678986538] SERVICE ALERT: FW Cass Telsur;Ancho de Banda DMZ;CRITICAL;SOFT;1;(No output on stdout) stderr:
[1678986579] SERVICE ALERT: FW Cass Telsur;Estado Puerto DMZ;OK;SOFT;2;OK: Interface eth2 (index 4) is up.
[1678986673] SERVICE ALERT: FW Cass Telsur;Ancho de Banda DMZ;OK;SOFT;2;(No output on stdout) stderr:
[1678986693] SERVICE ALERT: FW Cass Telsur;Estado Puerto WAN;WARNING;SOFT;1;WARNING: SNMP error: No response from remote host "201.220.96.34"
[1678986770] SERVICE ALERT: FW Cass Telsur;Estado Puerto DMZ;WARNING;SOFT;1;WARNING: SNMP error: No response from remote host "201.220.96.34"
[1678986818] SERVICE ALERT: FW Cass Telsur;Estado Puerto WAN;OK;SOFT;2;OK: Interface eth1 (index 3) is up.
[1678986890] SERVICE ALERT: FW Cass Telsur;Estado Puerto DMZ;OK;SOFT;2;OK: Interface eth2 (index 4) is up.
[1678986983] SERVICE ALERT: FW Cass Telsur;Ancho de Banda DMZ;CRITICAL;SOFT;1;(No output on stdout) stderr:
[1678986987] SERVICE ALERT: FW Cass Telsur;Ancho de Banda LAN;CRITICAL;SOFT;1;(No output on stdout) stderr:
[1678987088] SERVICE ALERT: FW Cass Telsur;Ancho de Banda WAN;CRITICAL;SOFT;1;(No output on stdout) stderr:
[1678987113] SERVICE ALERT: FW Cass Telsur;Ancho de Banda DMZ;CRITICAL;SOFT;2;(No output on stdout) stderr:
[1678987114] SERVICE ALERT: FW Cass Telsur;Estado Puerto LAN;WARNING;SOFT;1;WARNING: SNMP error: No response from remote host "201.220.96.34"
[1678987117] SERVICE ALERT: FW Cass Telsur;Ancho de Banda LAN;CRITICAL;SOFT;2;(No output on stdout) stderr:
[1678987140] SERVICE ALERT: FW Cass Telsur;Estado Puerto DMZ;WARNING;SOFT;1;WARNING: SNMP error: No response from remote host "201.220.96.34"
[1678987218] SERVICE ALERT: FW Cass Telsur;Ancho de Banda WAN;CRITICAL;SOFT;2;(No output on stdout) stderr:
[1678987234] SERVICE ALERT: FW Cass Telsur;Estado Puerto LAN;OK;SOFT;2;OK: Interface eth0 (index 2) is up.
[1678987243] SERVICE NOTIFICATION: nagiosadmin;FW Cass Telsur;Ancho de Banda DMZ;CRITICAL;notify-service-by-email;(No output on stdout) stderr:
[1678987243] SERVICE NOTIFICATION: andresnavarro;FW Cass Telsur;Ancho de Banda DMZ;CRITICAL;notify-service-by-email;(No output on stdout) stderr:
[1678987243] SERVICE NOTIFICATION: soporteti;FW Cass Telsur;Ancho de Banda DMZ;CRITICAL;notify-service-by-telegram;(No output on stdout) stderr:
[1678987243] SERVICE NOTIFICATION: soporteti;FW Cass Telsur;Ancho de Banda DMZ;CRITICAL;notify-service-by-email;(No output on stdout) stderr:
[1678987243] SERVICE NOTIFICATION: carlosstange;FW Cass Telsur;Ancho de Banda DMZ;CRITICAL;notify-service-by-telegram;(No output on stdout) stderr:
[1678987243] SERVICE NOTIFICATION: carlosstange;FW Cass Telsur;Ancho de Banda DMZ;CRITICAL;notify-service-by-email;(No output on stdout) stderr:
[1678987243] SERVICE ALERT: FW Cass Telsur;Ancho de Banda DMZ;CRITICAL;HARD;3;(No output on stdout) stderr:
[1678987247] SERVICE ALERT: FW Cass Telsur;Ancho de Banda LAN;OK;SOFT;3;OK - Average IN: 55.36KB (0.04%), Average OUT: 441.52KB (0.35%)Total RX: 829.03GBytes, Total TX: 823.95GBytes
[1678987260] SERVICE ALERT: FW Cass Telsur;Estado Puerto DMZ;OK;SOFT;2;OK: Interface eth2 (index 4) is up.
[1678987318] SERVICE NOTIFICATION: nagiosadmin;FW Cass Telsur;Ancho de Banda DMZ;OK;notify-service-by-email;(No output on stdout) stderr:
[1678987318] SERVICE NOTIFICATION: andresnavarro;FW Cass Telsur;Ancho de Banda DMZ;OK;notify-service-by-email;(No output on stdout) stderr:
[1678987318] SERVICE NOTIFICATION: soporteti;FW Cass Telsur;Ancho de Banda DMZ;OK;notify-service-by-telegram;(No output on stdout) stderr:
[1678987318] SERVICE NOTIFICATION: soporteti;FW Cass Telsur;Ancho de Banda DMZ;OK;notify-service-by-email;(No output on stdout) stderr:
[1678987318] SERVICE NOTIFICATION: carlosstange;FW Cass Telsur;Ancho de Banda DMZ;OK;notify-service-by-telegram;(No output on stdout) stderr:
[1678987318] SERVICE NOTIFICATION: carlosstange;FW Cass Telsur;Ancho de Banda DMZ;OK;notify-service-by-email;(No output on stdout) stderr:
[1678987318] SERVICE ALERT: FW Cass Telsur;Ancho de Banda DMZ;OK;HARD;1;(No output on stdout) stderr:
[1678987348] SERVICE ALERT: FW Cass Telsur;Ancho de Banda WAN;OK;SOFT;3;OK - Average IN: 10.41B (0.00%), Average OUT: 5.35B (0.00%)Total RX: 16847.42GBytes, Total TX: 9383.89GBytes
[1678987377] SERVICE ALERT: FW Cass Telsur;Ancho de Banda LAN;CRITICAL;SOFT;1;(No output on stdout) stderr:
[1678987507] SERVICE ALERT: FW Cass Telsur;Ancho de Banda LAN;CRITICAL;SOFT;2;(No output on stdout) stderr:
[1678987538] SERVICE ALERT: FW Cass Telsur;Ancho de Banda WAN;CRITICAL;SOFT;1;(No output on stdout) stderr:
[1678987553] SERVICE ALERT: FW Cass Telsur;Ancho de Banda DMZ;CRITICAL;SOFT;1;(No output on stdout) stderr:
[1678987638] SERVICE NOTIFICATION: nagiosadmin;FW Cass Telsur;Ancho de Banda LAN;CRITICAL;notify-service-by-email;(No output on stdout) stderr:
[1678987638] SERVICE NOTIFICATION: andresnavarro;FW Cass Telsur;Ancho de Banda LAN;CRITICAL;notify-service-by-email;(No output on stdout) stderr:
[1678987638] SERVICE NOTIFICATION: soporteti;FW Cass Telsur;Ancho de Banda LAN;CRITICAL;notify-service-by-telegram;(No output on stdout) stderr:
[1678987638] SERVICE NOTIFICATION: soporteti;FW Cass Telsur;Ancho de Banda LAN;CRITICAL;notify-service-by-email;(No output on stdout) stderr:
[1678987638] SERVICE NOTIFICATION: carlosstange;FW Cass Telsur;Ancho de Banda LAN;CRITICAL;notify-service-by-telegram;(No output on stdout) stderr:
[1678987638] SERVICE NOTIFICATION: carlosstange;FW Cass Telsur;Ancho de Banda LAN;CRITICAL;notify-service-by-email;(No output on stdout) stderr:
[1678987638] SERVICE ALERT: FW Cass Telsur;Ancho de Banda LAN;CRITICAL;HARD;3;(No output on stdout) stderr:
[1678987668] SERVICE ALERT: FW Cass Telsur;Ancho de Banda WAN;CRITICAL;SOFT;2;(No output on stdout) stderr:
[1678987688] SERVICE ALERT: FW Cass Telsur;Ancho de Banda DMZ;OK;SOFT;2;(No output on stdout) stderr:
[1678987690] SERVICE ALERT: FW Cass Telsur;Estado Puerto DMZ;WARNING;SOFT;1;WARNING: SNMP error: No response from remote host "201.220.96.34"
[1678987713] SERVICE NOTIFICATION: nagiosadmin;FW Cass Telsur;Ancho de Banda LAN;OK;notify-service-by-email;(No output on stdout) stderr:
[1678987713] SERVICE NOTIFICATION: andresnavarro;FW Cass Telsur;Ancho de Banda LAN;OK;notify-service-by-email;(No output on stdout) stderr:
[1678987713] SERVICE NOTIFICATION: soporteti;FW Cass Telsur;Ancho de Banda LAN;OK;notify-service-by-telegram;(No output on stdout) stderr:
[1678987713] SERVICE NOTIFICATION: soporteti;FW Cass Telsur;Ancho de Banda LAN;OK;notify-service-by-email;(No output on stdout) stderr:
[1678987713] SERVICE NOTIFICATION: carlosstange;FW Cass Telsur;Ancho de Banda LAN;OK;notify-service-by-telegram;(No output on stdout) stderr:
[1678987713] SERVICE NOTIFICATION: carlosstange;FW Cass Telsur;Ancho de Banda LAN;OK;notify-service-by-email;(No output on stdout) stderr:
[1678987713] SERVICE ALERT: FW Cass Telsur;Ancho de Banda LAN;OK;HARD;1;(No output on stdout) stderr:
[1678987804] SERVICE ALERT: FW Cass Telsur;Ancho de Banda WAN;OK;SOFT;3;(No output on stdout) stderr:
[1678987818] SERVICE ALERT: FW Cass Telsur;Ancho de Banda DMZ;CRITICAL;SOFT;1;(No output on stdout) stderr:
[1678987820] SERVICE ALERT: FW Cass Telsur;Estado Puerto DMZ;WARNING;SOFT;2;WARNING: SNMP error: No response from remote host "201.220.96.34"
[1678987945] SERVICE ALERT: FW Cass Telsur;Estado Puerto DMZ;OK;SOFT;3;OK: Interface eth2 (index 4) is up.
[1678987948] SERVICE ALERT: FW Cass Telsur;Ancho de Banda LAN;CRITICAL;SOFT;1;(No output on stdout) stderr:
[1678987953] SERVICE ALERT: FW Cass Telsur;Ancho de Banda DMZ;OK;SOFT;2;(No output on stdout) stderr:
[1678988029] SERVICE ALERT: FW Cass Telsur;Estado Puerto WAN;WARNING;SOFT;1;WARNING: SNMP error: No response from remote host "201.220.96.34"
[1678988084] SERVICE ALERT: FW Cass Telsur;Ancho de Banda LAN;OK;SOFT;2;(No output on stdout) stderr:
[1678988114] SERVICE ALERT: FW Cass Telsur;Ancho de Banda WAN;CRITICAL;SOFT;1;(No output on stdout) stderr:
[1678988135] SERVICE ALERT: FW Cass Telsur;Estado Puerto DMZ;WARNING;SOFT;1;WARNING: SNMP error: No response from remote host "201.220.96.34"
[1678988149] SERVICE ALERT: FW Cass Telsur;Estado Puerto WAN;OK;SOFT;2;OK: Interface eth1 (index 3) is up.
[1678988172] SERVICE ALERT: SRV_nagios;Actualizacion;CRITICAL;SOFT;1;YUM CRITICAL: Yum nagios plugin has self terminated after exceeding the timeout (30 seconds)
[1678988239] SERVICE ALERT: SRV_nagios;Actualizacion;OK;SOFT;2;YUM OK: 0 Updates Available
[1678988239] SERVICE ALERT: FW Cass Telsur;Ancho de Banda WAN;OK;SOFT;2;OK - Average IN: 11.16B (0.00%), Average OUT: 4.76B (0.00%)Total RX: 16847.42GBytes, Total TX: 9383.89GBytes
[1678988256] SERVICE ALERT: FW Cass Telsur;Estado Puerto DMZ;OK;SOFT;2;OK: Interface eth2 (index 4) is up.
[1678988263] SERVICE ALERT: FW Cass Telsur;Ancho de Banda DMZ;CRITICAL;SOFT;1;(No output on stdout) stderr:
[1678988334] SERVICE ALERT: FW Cass Telsur;Ancho de Banda LAN;CRITICAL;SOFT;1;(No output on stdout) stderr:
[1678988369] SERVICE ALERT: FW Cass Telsur;Ancho de Banda WAN;CRITICAL;SOFT;1;(No output on stdout) stderr:
[1678988398] SERVICE ALERT: FW Cass Telsur;Ancho de Banda DMZ;OK;SOFT;2;(No output on stdout) stderr:
[1678988444] SERVICE ALERT: FW Cass Telsur;Estado Puerto LAN;WARNING;SOFT;1;WARNING: SNMP error: No response from remote host "201.220.96.34"
[1678988469] SERVICE ALERT: FW Cass Telsur;Ancho de Banda LAN;OK;SOFT;2;(No output on stdout) stderr:
[1678988505] SERVICE ALERT: FW Cass Telsur;Ancho de Banda WAN;OK;SOFT;2;(No output on stdout) stderr:
[1678988564] SERVICE ALERT: FW Cass Telsur;Estado Puerto LAN;OK;SOFT;2;OK: Interface eth0 (index 2) is up.
[1678988579] SERVICE ALERT: FW Cass Telsur;Estado Puerto WAN;WARNING;SOFT;1;WARNING: SNMP error: No response from remote host "201.220.96.34"
[1678988599] SERVICE ALERT: FW Cass Telsur;Ancho de Banda LAN;CRITICAL;SOFT;1;(No output on stdout) stderr:
[1678988629] SERVICE ALERT: SRV_nagios;Actualizacion;CRITICAL;SOFT;1;YUM CRITICAL: Yum nagios plugin has self terminated after exceeding the timeout (30 seconds)
[1678988635] SERVICE ALERT: FW Cass Telsur;Ancho de Banda WAN;CRITICAL;SOFT;1;(No output on stdout) stderr:
[1678988648] SERVICE ALERT: FW Cass Telsur;Ancho de Banda DMZ;CRITICAL;SOFT;1;(No output on stdout) stderr:
[1678988686] SERVICE ALERT: FW Cass Telsur;Estado Puerto DMZ;WARNING;SOFT;1;WARNING: SNMP error: No response from remote host "201.220.96.34"
[1678988694] SERVICE ALERT: FW Cass Telsur;Estado Puerto LAN;WARNING;SOFT;1;WARNING: SNMP error: No response from remote host "201.220.96.34"
[1678988704] SERVICE ALERT: FW Cass Telsur;Estado Puerto WAN;OK;SOFT;2;OK: Interface eth1 (index 3) is up.
[1678988715] SERVICE ALERT: SRV_nagios;Actualizacion;OK;SOFT;2;YUM OK: 0 Updates Available
[1678988734] SERVICE ALERT: FW Cass Telsur;Ancho de Banda LAN;OK;SOFT;2;(No output on stdout) stderr:
[1678988770] SERVICE ALERT: FW Cass Telsur;Ancho de Banda WAN;OK;SOFT;2;(No output on stdout) stderr:
[1678988784] SERVICE ALERT: FW Cass Telsur;Ancho de Banda DMZ;OK;SOFT;2;(No output on stdout) stderr:
[1678988811] SERVICE ALERT: FW Cass Telsur;Estado Puerto DMZ;OK;SOFT;2;OK: Interface eth2 (index 4) is up.
[1678988814] SERVICE ALERT: FW Cass Telsur;Estado Puerto LAN;OK;SOFT;2;OK: Interface eth0 (index 2) is up.
[1678988843] Auto-save of retention data completed successfully.
[1678989044] SERVICE ALERT: FW Cass Telsur;Ancho de Banda LAN;CRITICAL;SOFT;1;(No output on stdout) stderr:
[1678989164] SERVICE ALERT: FW Cass Telsur;Ancho de Banda LAN;OK;SOFT;2;OK - Average IN: 52.83KB (0.04%), Average OUT: 514.85KB (0.41%)Total RX: 829.16GBytes, Total TX: 825.03GBytes
[1678989380] SERVICE ALERT: FW Cass Telsur;Ancho de Banda WAN;CRITICAL;SOFT;1;(No output on stdout) stderr:
[1678989500] SERVICE ALERT: FW Cass Telsur;Ancho de Banda WAN;OK;SOFT;2;OK - Average IN: 13.46B (0.00%), Average OUT: 6.18B (0.00%)Total RX: 16847.42GBytes, Total TX: 9383.89GBytes
[1678989901] SERVICE ALERT: FW Cass Telsur;Estado Puerto DMZ;WARNING;SOFT;1;WARNING: SNMP error: No response from remote host "201.220.96.34"
[1678989930] SERVICE ALERT: FW Cass Telsur;Ancho de Banda WAN;CRITICAL;SOFT;1;CRITICAL - IN bandwidth (118059054264.63%) too high
[1678989974] SERVICE ALERT: FW Cass Telsur;Estado Puerto WAN;WARNING;SOFT;1;WARNING: SNMP error: No response from remote host "201.220.96.34"
[1678990014] SERVICE ALERT: FW Cass Telsur;Ancho de Banda LAN;CRITICAL;SOFT;1;(No output on stdout) stderr:
[1678990022] SERVICE ALERT: FW Cass Telsur;Estado Puerto DMZ;OK;SOFT;2;OK: Interface eth2 (index 4) is up.
[1678990050] SERVICE ALERT: FW Cass Telsur;Ancho de Banda WAN;CRITICAL;SOFT;2;CRITICAL - IN bandwidth (112299.08%) too high
[1678990054] SERVICE ALERT: FW Cass Telsur;Ancho de Banda DMZ;CRITICAL;SOFT;1;(No output on stdout) stderr:
[1678990084] SERVICE ALERT: FW Cass Telsur;Estado Puerto LAN;WARNING;SOFT;1;WARNING: SNMP error: No response from remote host "201.220.96.34"
[1678990104] SERVICE ALERT: FW Cass Telsur;Estado Puerto WAN;WARNING;SOFT;2;WARNING: SNMP error: No response from remote host "201.220.96.34"
[1678990134] SERVICE ALERT: FW Cass Telsur;Ancho de Banda LAN;OK;SOFT;2;OK - Average IN: 59.25KB (0.05%), Average OUT: 578.13KB (0.46%)Total RX: 829.20GBytes, Total TX: 825.53GBytes
[1678990171] SERVICE ALERT: FW Cass Telsur;Ancho de Banda WAN;OK;SOFT;3;OK - Average IN: 6.41B (0.00%), Average OUT: 4.85B (0.00%)Total RX: 16847.42GBytes, Total TX: 9383.89GBytes
[1678990174] SERVICE ALERT: FW Cass Telsur;Ancho de Banda DMZ;OK;SOFT;2;OK - Average IN: 46.06KB (0.04%), Average OUT: 7.79KB (0.01%)Total RX: 65.78GBytes, Total TX: 47.38GBytes
[1678990205] SERVICE ALERT: FW Cass Telsur;Estado Puerto LAN;OK;SOFT;2;OK: Interface eth0 (index 2) is up.
[1678990224] SERVICE ALERT: FW Cass Telsur;Estado Puerto WAN;OK;SOFT;3;OK: Interface eth1 (index 3) is up.
[1678991044] SERVICE ALERT: FW Cass Telsur;Ancho de Banda LAN;CRITICAL;SOFT;1;(No output on stdout) stderr:
[1678991165] SERVICE ALERT: FW Cass Telsur;Ancho de Banda LAN;OK;SOFT;2;OK - Average IN: 168.59KB (0.13%), Average OUT: 492.00KB (0.39%)Total RX: 829.31GBytes, Total TX: 825.92GBytes
[1678991415] SERVICE ALERT: FW Cass Telsur;Ancho de Banda LAN;CRITICAL;SOFT;1;(No output on stdout) stderr:
[1678991535] SERVICE ALERT: FW Cass Telsur;Ancho de Banda LAN;OK;SOFT;2;OK - Average IN: 4.65MB (3.72%), Average OUT: 527.13KB (0.42%)Total RX: 830.20GBytes, Total TX: 826.08GBytes
[1678992041] SERVICE ALERT: FW Cass Telsur;Ancho de Banda WAN;CRITICAL;SOFT;1;(No output on stdout) stderr:
[1678992161] SERVICE ALERT: FW Cass Telsur;Ancho de Banda WAN;OK;SOFT;2;OK - Average IN: 16.62B (0.00%), Average OUT: 6.91B (0.00%)Total RX: 16847.42GBytes, Total TX: 9383.89GBytes
[1678992443] Auto-save of retention data completed successfully.
[1678992926] SERVICE ALERT: FW Cass Telsur;Ancho de Banda LAN;CRITICAL;SOFT;1;(No output on stdout) stderr:
[1678993061] SERVICE ALERT: FW Cass Telsur;Ancho de Banda LAN;OK;SOFT;2;(No output on stdout) stderr:
[1678994952] SERVICE ALERT: FW Cass Telsur;Estado Puerto DMZ;WARNING;SOFT;1;WARNING: SNMP error: No response from remote host "201.220.96.34"
[1678995044] SERVICE ALERT: FW Cass Telsur;Ancho de Banda DMZ;CRITICAL;SOFT;1;(No output on stdout) stderr:
[1678995073] SERVICE ALERT: FW Cass Telsur;Estado Puerto DMZ;OK;SOFT;2;OK: Interface eth2 (index 4) is up.
[1678995164] SERVICE ALERT: FW Cass Telsur;Ancho de Banda DMZ;OK;SOFT;2;OK - Average IN: 7.44KB (0.01%), Average OUT: 7.06KB (0.01%)Total RX: 65.91GBytes, Total TX: 47.44GBytes
[1678995274] SERVICE ALERT: FW Cass Telsur;Estado Puerto WAN;WARNING;SOFT;1;WARNING: SNMP error: No response from remote host "201.220.96.34"
[1678995399] SERVICE ALERT: FW Cass Telsur;Estado Puerto WAN;OK;SOFT;2;OK: Interface eth1 (index 3) is up.
[1678995411] SERVICE ALERT: FW Cass Telsur;Ancho de Banda LAN;CRITICAL;SOFT;1;(No output on stdout) stderr:
[1678995474] SERVICE ALERT: FW Cass Telsur;Ancho de Banda DMZ;CRITICAL;SOFT;1;(No output on stdout) stderr:
[1678995531] SERVICE ALERT: FW Cass Telsur;Ancho de Banda WAN;CRITICAL;SOFT;1;(No output on stdout) stderr:
[1678995541] SERVICE ALERT: FW Cass Telsur;Ancho de Banda LAN;CRITICAL;SOFT;2;(No output on stdout) stderr:
[1678995594] SERVICE ALERT: FW Cass Telsur;Ancho de Banda DMZ;OK;SOFT;2;OK - Average IN: 7.20KB (0.01%), Average OUT: 7.29KB (0.01%)Total RX: 65.91GBytes, Total TX: 47.44GBytes
[1678995652] SERVICE ALERT: FW Cass Telsur;Ancho de Banda WAN;OK;SOFT;2;OK - Average IN: 14.45B (0.00%), Average OUT: 10.24B (0.00%)Total RX: 16847.42GBytes, Total TX: 9383.89GBytes
[1678995661] SERVICE ALERT: FW Cass Telsur;Ancho de Banda LAN;OK;SOFT;3;OK - Average IN: 100.57KB (0.08%), Average OUT: 613.47KB (0.49%)Total RX: 830.45GBytes, Total TX: 827.74GBytes
[1678996043] Auto-save of retention data completed successfully.
[1678996862] SERVICE ALERT: FW Cass Telsur;Ancho de Banda WAN;CRITICAL;SOFT;1;(No output on stdout) stderr:
[1678996943] SERVICE ALERT: FW Cass Telsur;Estado Puerto DMZ;WARNING;SOFT;1;WARNING: SNMP error: No response from remote host "201.220.96.34"
[1678996988] SERVICE ALERT: FW Cass Telsur;Ancho de Banda WAN;OK;SOFT;2;OK - Average IN: 143.57B (0.00%), Average OUT: 5.79KB (0.00%)Total RX: 16847.42GBytes, Total TX: 9383.89GBytes
[1678997063] SERVICE ALERT: FW Cass Telsur;Estado Puerto DMZ;OK;SOFT;2;OK: Interface eth2 (index 4) is up.
[1678997771] SERVICE ALERT: FW Cass Telsur;Ancho de Banda LAN;CRITICAL;SOFT;1;(No output on stdout) stderr:
[1678997891] SERVICE ALERT: FW Cass Telsur;Ancho de Banda LAN;OK;SOFT;2;OK - Average IN: 54.08KB (0.04%), Average OUT: 538.17KB (0.43%)Total RX: 830.58GBytes, Total TX: 828.79GBytes
[1678998004] SERVICE ALERT: FW Cass Telsur;Ancho de Banda DMZ;CRITICAL;SOFT;1;(No output on stdout) stderr:
[1678998022] SERVICE ALERT: FW Cass Telsur;Ancho de Banda LAN;CRITICAL;SOFT;1;(No output on stdout) stderr:
[1678998078] SERVICE ALERT: FW Cass Telsur;Ancho de Banda WAN;CRITICAL;SOFT;1;(No output on stdout) stderr:
[1678998124] SERVICE ALERT: FW Cass Telsur;Ancho de Banda DMZ;OK;SOFT;2;OK - Average IN: 11.51KB (0.01%), Average OUT: 8.47KB (0.01%)Total RX: 65.97GBytes, Total TX: 47.47GBytes
[1678998147] SERVICE ALERT: FW Cass Telsur;Ancho de Banda LAN;OK;SOFT;2;OK - Average IN: 95.06KB (0.08%), Average OUT: 480.53KB (0.38%)Total RX: 830.61GBytes, Total TX: 828.91GBytes
[1678998198] SERVICE ALERT: FW Cass Telsur;Ancho de Banda WAN;OK;SOFT;2;OK - Average IN: 9.97B (0.00%), Average OUT: 4.35B (0.00%)Total RX: 16847.66GBytes, Total TX: 9383.95GBytes
[1678998754] SERVICE ALERT: SRV_email.cass.cl;Actualizacion;CRITICAL;SOFT;1;CHECK_NRPE STATE CRITICAL: Socket timeout after 30 seconds.
[1678998886] SERVICE ALERT: SRV_email.cass.cl;Actualizacion;OK;SOFT;2;Updates OK : no updates available
[1678998933] SERVICE ALERT: FW Cass Telsur;Estado Puerto DMZ;WARNING;SOFT;1;WARNING: SNMP error: No response from remote host "201.220.96.34"
[1678999053] SERVICE ALERT: FW Cass Telsur;Estado Puerto DMZ;OK;SOFT;2;OK: Interface eth2 (index 4) is up.
[1678999643] Auto-save of retention data completed successfully.
[1678999948] SERVICE ALERT: FW Cass Telsur;Ancho de Banda WAN;CRITICAL;SOFT;1;(No output on stdout) stderr:
[1679000054] SERVICE ALERT: FW Cass Telsur;Ancho de Banda DMZ;CRITICAL;SOFT;1;(No output on stdout) stderr:
[1679000084] SERVICE ALERT: FW Cass Telsur;Ancho de Banda WAN;OK;SOFT;2;(No output on stdout) stderr:
[1679000089] SERVICE ALERT: FW Cass Telsur;Estado Puerto WAN;WARNING;SOFT;1;WARNING: SNMP error: No response from remote host "201.220.96.34"
[1679000115] SERVICE ALERT: FW Cass Telsur;Estado Puerto LAN;WARNING;SOFT;1;WARNING: SNMP error: No response from remote host "201.220.96.34"
[1679000174] SERVICE ALERT: FW Cass Telsur;Ancho de Banda DMZ;OK;SOFT;2;OK - Average IN: 15.82KB (0.01%), Average OUT: 10.09KB (0.01%)Total RX: 66.02GBytes, Total TX: 47.50GBytes
[1679000209] SERVICE ALERT: FW Cass Telsur;Estado Puerto WAN;OK;SOFT;2;OK: Interface eth1 (index 3) is up.
[1679000236] SERVICE ALERT: FW Cass Telsur;Estado Puerto LAN;OK;SOFT;2;OK: Interface eth0 (index 2) is up.
[1679000964] SERVICE ALERT: FW Cass Telsur;Ancho de Banda DMZ;CRITICAL;SOFT;1;(No output on stdout) stderr:
[1679001099] SERVICE ALERT: FW Cass Telsur;Ancho de Banda DMZ;OK;SOFT;2;(No output on stdout) stderr:
[1679001104] SERVICE ALERT: SRV_chat.cass.cl;Actualizacion;CRITICAL;SOFT;1;CHECK_NRPE STATE CRITICAL: Socket timeout after 30 seconds.
[1679001217] SERVICE ALERT: FW Cass Telsur;Ancho de Banda LAN;CRITICAL;SOFT;1;(No output on stdout) stderr:
[1679001236] SERVICE ALERT: SRV_chat.cass.cl;Actualizacion;OK;SOFT;2;Updates OK : no updates available
[1679001283] SERVICE ALERT: FW Cass Telsur;Estado Puerto DMZ;WARNING;SOFT;1;WARNING: SNMP error: No response from remote host "201.220.96.34"
[1679001349] SERVICE ALERT: FW Cass Telsur;Ancho de Banda DMZ;CRITICAL;SOFT;1;(No output on stdout) stderr:
[1679001352] SERVICE ALERT: FW Cass Telsur;Ancho de Banda LAN;OK;SOFT;2;(No output on stdout) stderr:
[1679001403] SERVICE ALERT: FW Cass Telsur;Estado Puerto DMZ;OK;SOFT;2;OK: Interface eth2 (index 4) is up.
[1679001484] SERVICE ALERT: FW Cass Telsur;Ancho de Banda DMZ;OK;SOFT;2;(No output on stdout) stderr:
[1679001542] SERVICE ALERT: FW Cass Telsur;Ancho de Banda LAN;CRITICAL;SOFT;1;(No output on stdout) stderr:
[1679001566] SERVICE ALERT: FW Cass Telsur;Estado Puerto LAN;WARNING;SOFT;1;WARNING: SNMP error: No response from remote host "201.220.96.34"
[1679001593] SERVICE ALERT: FW Cass Telsur;Estado Puerto DMZ;WARNING;SOFT;1;WARNING: SNMP error: No response from remote host "201.220.96.34"
[1679001654] SERVICE ALERT: FW Cass Telsur;Ancho de Banda WAN;CRITICAL;SOFT;1;(No output on stdout) stderr:
[1679001677] SERVICE ALERT: FW Cass Telsur;Ancho de Banda LAN;OK;SOFT;2;(No output on stdout) stderr:
[1679001686] SERVICE ALERT: FW Cass Telsur;Estado Puerto LAN;OK;SOFT;2;OK: Interface eth0 (index 2) is up.
[1679001713] SERVICE ALERT: FW Cass Telsur;Estado Puerto DMZ;OK;SOFT;2;OK: Interface eth2 (index 4) is up.
[1679001734] SERVICE ALERT: FW Cass Telsur;Ancho de Banda DMZ;CRITICAL;SOFT;1;(No output on stdout) stderr:
[1679001780] SERVICE ALERT: FW Cass Telsur;Ancho de Banda WAN;OK;SOFT;2;OK - Average IN: 12.53B (0.00%), Average OUT: 5.02B (0.00%)Total RX: 16847.66GBytes, Total TX: 9383.95GBytes
[1679001859] SERVICE ALERT: FW Cass Telsur;Ancho de Banda DMZ;OK;SOFT;2;OK - Average IN: 24.96KB (0.02%), Average OUT: 9.01KB (0.01%)Total RX: 66.05GBytes, Total TX: 47.52GBytes
[1679001876] SERVICE ALERT: FW Cass Telsur;Estado Puerto LAN;WARNING;SOFT;1;WARNING: SNMP error: No response from remote host "201.220.96.34"
[1679001970] SERVICE ALERT: FW Cass Telsur;Ancho de Banda WAN;CRITICAL;SOFT;1;(No output on stdout) stderr:
[1679001987] SERVICE ALERT: FW Cass Telsur;Ancho de Banda LAN;CRITICAL;SOFT;1;(No output on stdout) stderr:
[1679001989] SERVICE ALERT: FW Cass Telsur;Ancho de Banda DMZ;CRITICAL;SOFT;1;(No output on stdout) stderr:
[1679002002] SERVICE ALERT: FW Cass Telsur;Estado Puerto LAN;OK;SOFT;2;OK: Interface eth0 (index 2) is up.
[1679002019] SERVICE ALERT: FW Cass Telsur;Estado Puerto WAN;WARNING;SOFT;1;WARNING: SNMP error: No response from remote host "201.220.96.34"
[1679002083] SERVICE ALERT: FW Cass Telsur;Estado Puerto DMZ;WARNING;SOFT;1;WARNING: SNMP error: No response from remote host "201.220.96.34"
[1679002090] SERVICE ALERT: FW Cass Telsur;Ancho de Banda WAN;OK;SOFT;2;OK - Average IN: 45.15B (0.00%), Average OUT: 9.38B (0.00%)Total RX: 16847.66GBytes, Total TX: 9383.95GBytes
[1679002109] SERVICE ALERT: FW Cass Telsur;Ancho de Banda DMZ;OK;SOFT;2;OK - Average IN: 5.00KB (0.00%), Average OUT: 7.71KB (0.01%)Total RX: 66.05GBytes, Total TX: 47.52GBytes
[1679002112] SERVICE ALERT: FW Cass Telsur;Ancho de Banda LAN;OK;SOFT;2;OK - Average IN: 52.69KB (0.04%), Average OUT: 371.91KB (0.30%)Total RX: 830.83GBytes, Total TX: 830.53GBytes
[1679002139] SERVICE ALERT: FW Cass Telsur;Estado Puerto WAN;OK;SOFT;2;OK: Interface eth1 (index 3) is up.
[1679002203] SERVICE ALERT: FW Cass Telsur;Estado Puerto DMZ;OK;SOFT;2;OK: Interface eth2 (index 4) is up.
[1679002299] SERVICE ALERT: FW Cass Telsur;Ancho de Banda DMZ;CRITICAL;SOFT;1;(No output on stdout) stderr:
[1679002419] SERVICE ALERT: FW Cass Telsur;Ancho de Banda DMZ;OK;SOFT;2;OK - Average IN: 4.16KB (0.00%), Average OUT: 6.33KB (0.01%)Total RX: 66.05GBytes, Total TX: 47.52GBytes
[1679002602] SERVICE ALERT: FW Cass Telsur;Ancho de Banda LAN;CRITICAL;SOFT;1;(No output on stdout) stderr:
[1679002609] SERVICE ALERT: FW Cass Telsur;Ancho de Banda DMZ;CRITICAL;SOFT;1;(No output on stdout) stderr:
[1679002722] SERVICE ALERT: FW Cass Telsur;Ancho de Banda LAN;OK;SOFT;2;OK - Average IN: 58.91KB (0.05%), Average OUT: 512.48KB (0.41%)Total RX: 830.86GBytes, Total TX: 830.75GBytes
[1679002729] SERVICE ALERT: FW Cass Telsur;Ancho de Banda DMZ;OK;SOFT;2;OK - Average IN: 10.58KB (0.01%), Average OUT: 6.47KB (0.01%)Total RX: 66.05GBytes, Total TX: 47.52GBytes
[1679003243] Auto-save of retention data completed successfully.
[1679006843] Auto-save of retention data completed successfully.
[1679010443] Auto-save of retention data completed successfully.
[1679014043] Auto-save of retention data completed successfully.
[1679017643] Auto-save of retention data completed successfully.
[1679021243] Auto-save of retention data completed successfully.
