[1711335600] LOG ROTATION: DAILY
[1711335600] LOG VERSION: 2.0
[1711335600] CURRENT HOST STATE: ADL Diagnostic;UP;HARD;1;PING OK - Packet loss = 0%, RTA = 34.70 ms
[1711335600] CURRENT HOST STATE: Blueshell;UP;HARD;1;PING OK - Packet loss = 0%, RTA = 3.12 ms
[1711335600] CURRENT HOST STATE: Cass Entel;UP;HARD;1;PING OK - Packet loss = 16%, RTA = 0.69 ms
[1711335600] CURRENT HOST STATE: Cass Telsur;UP;HARD;1;PING OK - Packet loss = 0%, RTA = 1.25 ms
[1711335600] CURRENT HOST STATE: Clinica PV Movistar;UP;HARD;1;PING OK - Packet loss = 0%, RTA = 32.85 ms
[1711335600] CURRENT HOST STATE: Clinica PV Telsur;UP;HARD;1;PING OK - Packet loss = 0%, RTA = 1.46 ms
[1711335600] CURRENT HOST STATE: Confe;UP;HARD;1;PING OK - Packet loss = 0%, RTA = 38.19 ms
[1711335600] CURRENT HOST STATE: Electric Works;UP;HARD;1;PING OK - Packet loss = 0%, RTA = 32.43 ms
[1711335600] CURRENT HOST STATE: Exper03.exxperience.cl;UP;HARD;1;PING OK - Packet loss = 0%, RTA = 1.88 ms
[1711335600] CURRENT HOST STATE: Ext Entel;UP;HARD;1;PING OK - Packet loss = 0%, RTA = 0.58 ms
[1711335600] CURRENT HOST STATE: Ext Telsur;UP;HARD;1;PING OK - Packet loss = 0%, RTA = 1.26 ms
[1711335600] CURRENT HOST STATE: FW ADL Diagnostic;UP;HARD;1;PING OK - Packet loss = 0%, RTA = 33.98 ms
[1711335600] CURRENT HOST STATE: FW Blueshell;UP;HARD;1;PING OK - Packet loss = 0%, RTA = 3.33 ms
[1711335600] CURRENT HOST STATE: FW Cass Entel;UP;HARD;1;PING OK - Packet loss = 0%, RTA = 34.06 ms
[1711335600] CURRENT HOST STATE: FW Cass Telsur;UP;HARD;1;PING OK - Packet loss = 0%, RTA = 0.57 ms
[1711335600] CURRENT HOST STATE: FW Clinica PV Movistar;UP;HARD;1;PING OK - Packet loss = 0%, RTA = 33.99 ms
[1711335600] CURRENT HOST STATE: FW Clinica PV Telsur;UP;HARD;1;PING OK - Packet loss = 0%, RTA = 1.55 ms
[1711335600] CURRENT HOST STATE: FW Confe;UP;HARD;1;PING OK - Packet loss = 0%, RTA = 38.16 ms
[1711335600] CURRENT HOST STATE: FW Electric Works;UP;HARD;1;PING OK - Packet loss = 0%, RTA = 34.27 ms
[1711335600] CURRENT HOST STATE: FW Gore Los Lagos;UP;HARD;1;PING OK - Packet loss = 0%, RTA = 1.28 ms
[1711335600] CURRENT HOST STATE: FW OyC;UP;HARD;1;PING OK - Packet loss = 0%, RTA = 53.77 ms
[1711335600] CURRENT HOST STATE: FW Pasmar;UP;HARD;1;PING OK - Packet loss = 16%, RTA = 1.50 ms
[1711335600] CURRENT HOST STATE: Gore Los Lagos;UP;HARD;1;PING OK - Packet loss = 0%, RTA = 1.18 ms
[1711335600] CURRENT HOST STATE: Host-10.0.0.120;UP;HARD;1;PING OK - Packet loss = 0%, RTA = 1.18 ms
[1711335600] CURRENT HOST STATE: Host-10.0.0.121;UP;HARD;1;PING OK - Packet loss = 0%, RTA = 0.49 ms
[1711335600] CURRENT HOST STATE: Host-10.0.0.124;UP;HARD;1;PING OK - Packet loss = 0%, RTA = 0.55 ms
[1711335600] CURRENT HOST STATE: Internet;UP;HARD;1;PING OK - Packet loss = 0%, RTA = 18.07 ms
[1711335600] CURRENT HOST STATE: OyC Entel;UP;HARD;1;PING OK - Packet loss = 16%, RTA = 50.47 ms
[1711335600] CURRENT HOST STATE: OyC Teledata;UP;HARD;1;PING OK - Packet loss = 0%, RTA = 43.94 ms
[1711335600] CURRENT HOST STATE: Pasmar;UP;HARD;1;PING OK - Packet loss = 0%, RTA = 1.32 ms
[1711335600] CURRENT HOST STATE: Qnap NAS;UP;HARD;1;PING OK - Packet loss = 0%, RTA = 0.28 ms
[1711335600] CURRENT HOST STATE: SRV01USER_cass.cl;UP;HARD;1;PING OK - Packet loss = 0%, RTA = 2.58 ms
[1711335600] CURRENT HOST STATE: SRV04AD01.cass.cl;UP;HARD;1;PING OK - Packet loss = 0%, RTA = 1.96 ms
[1711335600] CURRENT HOST STATE: SRV05AD02_cass.cl;UP;HARD;1;PING OK - Packet loss = 0%, RTA = 1.61 ms
[1711335600] CURRENT HOST STATE: SRV05AD2_cass.pmc;UP;HARD;1;PING OK - Packet loss = 0%, RTA = 1.60 ms
[1711335600] CURRENT HOST STATE: SRV11VIBE_cass.cl;UP;HARD;1;PING OK - Packet loss = 0%, RTA = 0.97 ms
[1711335600] CURRENT HOST STATE: SRVAD1.cass.pmc;UP;HARD;1;PING OK - Packet loss = 0%, RTA = 1.91 ms
[1711335600] CURRENT HOST STATE: SRVAD2.cass.pmc;UP;HARD;1;PING OK - Packet loss = 0%, RTA = 2.10 ms
[1711335600] CURRENT HOST STATE: SRVADMIN.cass.pmc;UP;HARD;1;PING OK - Packet loss = 0%, RTA = 1.40 ms
[1711335600] CURRENT HOST STATE: SRVCONT.cass.cl;UP;HARD;1;PING OK - Packet loss = 0%, RTA = 3.06 ms
[1711335600] CURRENT HOST STATE: SRVDC01_cass.pmc;UP;HARD;1;PING OK - Packet loss = 0%, RTA = 2.00 ms
[1711335600] CURRENT HOST STATE: SRVDC1.cass.pmc;UP;HARD;1;PING OK - Packet loss = 0%, RTA = 2.02 ms
[1711335600] CURRENT HOST STATE: SRVDNS;UP;HARD;1;PING OK - Packet loss = 0%, RTA = 1.12 ms
[1711335600] CURRENT HOST STATE: SRVWEB_cass.cl;UP;HARD;1;PING OK - Packet loss = 0%, RTA = 1.07 ms
[1711335600] CURRENT HOST STATE: SRV_Cfiler.cass.cl;UP;HARD;1;PING OK - Packet loss = 0%, RTA = 0.68 ms
[1711335600] CURRENT HOST STATE: SRV_GLPI;UP;HARD;1;PING OK - Packet loss = 0%, RTA = 0.61 ms
[1711335600] CURRENT HOST STATE: SRV_GXConsultores;UP;HARD;1;PING OK - Packet loss = 0%, RTA = 0.96 ms
[1711335600] CURRENT HOST STATE: SRV_Oraculo_cass.cl;UP;HARD;1;PING OK - Packet loss = 0%, RTA = 1.82 ms
[1711335600] CURRENT HOST STATE: SRV_Prometheus;UP;HARD;1;PING OK - Packet loss = 0%, RTA = 0.71 ms
[1711335600] CURRENT HOST STATE: SRV_SOS2021.cass.cl;UP;HARD;1;PING OK - Packet loss = 0%, RTA = 1.07 ms
[1711335600] CURRENT HOST STATE: SRV_SUM;UP;HARD;1;PING OK - Packet loss = 0%, RTA = 0.69 ms
[1711335600] CURRENT HOST STATE: SRV_Sharepoint;UP;HARD;1;PING OK - Packet loss = 0%, RTA = 1.19 ms
[1711335600] CURRENT HOST STATE: SRV_Soporte;UP;HARD;1;PING OK - Packet loss = 0%, RTA = 2.88 ms
[1711335600] CURRENT HOST STATE: SRV_VeeamOne;DOWN;HARD;10;CRITICAL - Host Unreachable (10.0.0.101)
[1711335600] CURRENT HOST STATE: SRV_chat.cass.cl;UP;HARD;1;PING OK - Packet loss = 0%, RTA = 0.56 ms
[1711335600] CURRENT HOST STATE: SRV_email.cass.cl;UP;HARD;1;PING OK - Packet loss = 0%, RTA = 1.08 ms
[1711335600] CURRENT HOST STATE: SRV_nagios;UP;HARD;1;PING OK - Packet loss = 0%, RTA = 0.10 ms
[1711335600] CURRENT HOST STATE: SRV_sync.cass.cl;UP;HARD;1;PING OK - Packet loss = 0%, RTA = 1.00 ms
[1711335600] CURRENT HOST STATE: Servidor Vcenter;UP;HARD;1;PING OK - Packet loss = 0%, RTA = 0.63 ms
[1711335600] CURRENT HOST STATE: Servidores CASS;UP;HARD;1;PING OK - Packet loss = 0%, RTA = 1.33 ms
[1711335600] CURRENT HOST STATE: Ups Principal;UP;HARD;1;PING OK - Packet loss = 0%, RTA = 0.89 ms
[1711335600] CURRENT HOST STATE: Veeam2023.cass.pmc;UP;HARD;1;PING OK - Packet loss = 0%, RTA = 2.26 ms
[1711335600] CURRENT HOST STATE: web_cass_cl;UP;HARD;1;PING OK - Packet loss = 0%, RTA = 0.61 ms
[1711335600] CURRENT SERVICE STATE: ADL Diagnostic;Ping;OK;HARD;1;PING OK - Packet loss = 0%, RTA = 35.07 ms
[1711335600] CURRENT SERVICE STATE: Blueshell;Ping;OK;HARD;1;PING OK - Packet loss = 0%, RTA = 3.20 ms
[1711335600] CURRENT SERVICE STATE: Clinica PV Movistar;Ping;OK;HARD;1;PING OK - Packet loss = 0%, RTA = 32.82 ms
[1711335600] CURRENT SERVICE STATE: Confe;Ping;OK;HARD;1;PING OK - Packet loss = 0%, RTA = 59.51 ms
[1711335600] CURRENT SERVICE STATE: Electric Works;Ping;OK;HARD;1;PING OK - Packet loss = 0%, RTA = 32.53 ms
[1711335600] CURRENT SERVICE STATE: Ext Telsur;Ping;OK;HARD;1;PING OK - Packet loss = 0%, RTA = 1.08 ms
[1711335600] CURRENT SERVICE STATE: FW ADL Diagnostic;Ping;OK;HARD;1;PING OK - Packet loss = 0%, RTA = 33.93 ms
[1711335600] CURRENT SERVICE STATE: FW Blueshell;Ping;OK;HARD;1;PING OK - Packet loss = 0%, RTA = 3.25 ms
[1711335600] CURRENT SERVICE STATE: FW Cass Entel;Ping;OK;HARD;1;PING OK - Packet loss = 0%, RTA = 34.04 ms
[1711335600] CURRENT SERVICE STATE: FW Cass Telsur;Ancho de Banda DMZ;OK;HARD;1;OK - Average IN: 8.77KB (0.01%), Average OUT: 5.91KB (0.00%)Total RX: 43.71GBytes, Total TX: 21.51GBytes
[1711335600] CURRENT SERVICE STATE: FW Cass Telsur;Ancho de Banda LAN;OK;HARD;1;OK - Average IN: 747.07B (0.00%), Average OUT: 1.23KB (0.00%)Total RX: 307.47GBytes, Total TX: 554.84GBytes
[1711335600] CURRENT SERVICE STATE: FW Cass Telsur;Ancho de Banda WAN;OK;HARD;1;OK - Average IN: 353.75B (0.00%), Average OUT: 139.97B (0.00%)Total RX: 3817.67GBytes, Total TX: 3648.88GBytes
[1711335600] CURRENT SERVICE STATE: FW Cass Telsur;Estado Puerto DMZ;OK;HARD;1;OK: Interface eth2 (index 4) is up.
[1711335600] CURRENT SERVICE STATE: FW Cass Telsur;Estado Puerto LAN;OK;HARD;1;OK: Interface eth0 (index 2) is up.
[1711335600] CURRENT SERVICE STATE: FW Cass Telsur;Estado Puerto WAN;OK;HARD;1;OK: Interface eth1 (index 3) is up.
[1711335600] CURRENT SERVICE STATE: FW Cass Telsur;Estado TCP Sophos;OK;HARD;1;TCP OK - 0.001 second response time on 201.220.96.34 port 4444
[1711335600] CURRENT SERVICE STATE: FW Cass Telsur;Ping;OK;HARD;1;PING OK - Packet loss = 0%, RTA = 0.63 ms
[1711335600] CURRENT SERVICE STATE: FW Cass Telsur;Tiempo Activo;OK;HARD;1;SNMP OK - Timeticks: (38808962) 4 days, 11:48:09.62
[1711335600] CURRENT SERVICE STATE: FW Clinica PV Movistar;Ping;OK;HARD;1;PING OK - Packet loss = 0%, RTA = 34.15 ms
[1711335600] CURRENT SERVICE STATE: FW Confe;Ping;OK;HARD;1;PING OK - Packet loss = 0%, RTA = 38.20 ms
[1711335600] CURRENT SERVICE STATE: FW Electric Works;Ping;OK;HARD;1;PING OK - Packet loss = 0%, RTA = 34.51 ms
[1711335600] CURRENT SERVICE STATE: FW Gore Los Lagos;Ping;OK;HARD;1;PING OK - Packet loss = 0%, RTA = 1.30 ms
[1711335600] CURRENT SERVICE STATE: FW Pasmar;Ping;OK;HARD;1;PING OK - Packet loss = 0%, RTA = 1.44 ms
[1711335600] CURRENT SERVICE STATE: Gore Los Lagos;Ping;OK;HARD;1;PING OK - Packet loss = 0%, RTA = 1.22 ms
[1711335600] CURRENT SERVICE STATE: Host-10.0.0.120;Ping;OK;HARD;1;PING OK - Packet loss = 0%, RTA = 0.80 ms
[1711335600] CURRENT SERVICE STATE: Host-10.0.0.121;Ping;OK;HARD;1;PING OK - Packet loss = 0%, RTA = 0.53 ms
[1711335600] CURRENT SERVICE STATE: Pasmar;Ping;OK;HARD;1;PING OK - Packet loss = 0%, RTA = 1.37 ms
[1711335600] CURRENT SERVICE STATE: Qnap NAS;Almacenamiento;OK;HARD;1;OK: Total:50TB - Used:38TB - Free:11TB - Used Space: 77%
[1711335600] CURRENT SERVICE STATE: Qnap NAS;Estado;OK;HARD;1;Power Supply #1 - OK: GOOD
[1711335600] CURRENT SERVICE STATE: Qnap NAS;Memoria;OK;HARD;1;OK: Total:3830MB - Used:1285MB - Free:2545MB = 34%
[1711335600] CURRENT SERVICE STATE: Qnap NAS;Sysinfo;OK;HARD;1;NAS Cloud, Model TS-879U-RP, Firmware 4.3.6, Max HD number 8, No. Volume 2
[1711335600] CURRENT SERVICE STATE: Qnap NAS;Temperatura;OK;HARD;1;OK: Temperature=39C
[1711335600] CURRENT SERVICE STATE: Qnap NAS;Tiempo Activo;OK;HARD;1;SNMP OK - Timeticks: (28125298) 3 days, 6:07:32.98
[1711335600] CURRENT SERVICE STATE: SRV01USER_cass.cl;Actualizacion;CRITICAL;HARD;3;Updates: 1 critical, 0 optional
[1711335600] CURRENT SERVICE STATE: SRV01USER_cass.cl;Almacenamiento C;WARNING;HARD;3;c:\ - total: 119.40 Gb - used: 97.99 Gb (82%) - free 21.41 Gb (18%)
[1711335600] CURRENT SERVICE STATE: SRV01USER_cass.cl;Almacenamiento U;OK;HARD;1;u:\ - total: 1023.98 Gb - used: 226.83 Gb (22%) - free 797.15 Gb (78%)
[1711335600] CURRENT SERVICE STATE: SRV01USER_cass.cl;CPU;OK;HARD;1;CPU Load 1% (5 min average)
[1711335600] CURRENT SERVICE STATE: SRV01USER_cass.cl;Memoria;OK;HARD;1;Memory usage: total:23551.21 MB - used: 2371.09 MB (10%) - free: 21180.12 MB (90%)
[1711335600] CURRENT SERVICE STATE: SRV01USER_cass.cl;Ping;OK;HARD;1;PING OK - Packet loss = 0%, RTA = 2.48 ms
[1711335600] CURRENT SERVICE STATE: SRV01USER_cass.cl;Tiempo Activo;OK;HARD;1;System Uptime - 0 day(s) 15 hour(s) 53 minute(s)
[1711335600] CURRENT SERVICE STATE: SRV04AD01.cass.cl;Ping;OK;HARD;1;PING OK - Packet loss = 0%, RTA = 1.31 ms
[1711335600] CURRENT SERVICE STATE: SRV05AD02_cass.cl;Ping;OK;HARD;1;PING OK - Packet loss = 0%, RTA = 1.52 ms
[1711335600] CURRENT SERVICE STATE: SRV11VIBE_cass.cl;Actualizacion;CRITICAL;HARD;3;Updates CRITICAL : discontinued OS Release SLE 15.1: At least one of your Repositories might be out of date. Please run "zypper refresh" as root to update it.  3 security update(s): 1 recommended update(s):  2 package update(s):
[1711335600] CURRENT SERVICE STATE: SRV11VIBE_cass.cl;Almacenamiento /;OK;HARD;1;DISK OK - free space: /var/tmp 78580 MiB (85.73% inode=-):
[1711335600] CURRENT SERVICE STATE: SRV11VIBE_cass.cl;CPU;OK;HARD;1;OK - load average per CPU: 0.03, 0.01, 0.00
[1711335600] CURRENT SERVICE STATE: SRV11VIBE_cass.cl;Memoria;OK;HARD;1;[MEMORY] Total: 7693 MB - Used: 2911 MB - 37% [SWAP] Total: 7944 MB - Used: 14 MB - 0%
[1711335600] CURRENT SERVICE STATE: SRV11VIBE_cass.cl;Ping;OK;HARD;1;PING OK - Packet loss = 0%, RTA = 1.12 ms
[1711335600] CURRENT SERVICE STATE: SRV11VIBE_cass.cl;Proceso Vibe;OK;HARD;1;PROCS OK: 0 processes with command name 'vibe'
[1711335600] CURRENT SERVICE STATE: SRV11VIBE_cass.cl;Procesos;OK;HARD;1;PROCS OK: 312 processes
[1711335600] CURRENT SERVICE STATE: SRV11VIBE_cass.cl;Procesos Zombies;OK;HARD;1;PROCS OK: 0 processes with STATE = Z
[1711335600] CURRENT SERVICE STATE: SRV11VIBE_cass.cl;Puerto HTTP;OK;HARD;1;TCP OK - 0.001 second response time on 10.0.2.13 port 80
[1711335600] CURRENT SERVICE STATE: SRV11VIBE_cass.cl;Puerto HTTPS;OK;HARD;1;TCP OK - 0.001 second response time on 10.0.2.13 port 443
[1711335600] CURRENT SERVICE STATE: SRV11VIBE_cass.cl;Servicio Vibe;OK;HARD;1;OK: Service vibe is running!
[1711335600] CURRENT SERVICE STATE: SRV11VIBE_cass.cl;Tiempo Activo;OK;HARD;1;Uptime OK: 16 day(s) 8 hour(s) 19 minute(s)
[1711335600] CURRENT SERVICE STATE: SRV11VIBE_cass.cl;Usuarios Login;OK;HARD;1;USERS OK - 2 users currently logged in
[1711335600] CURRENT SERVICE STATE: SRVAD1.cass.pmc;Ping;OK;HARD;1;PING OK - Packet loss = 0%, RTA = 1.80 ms
[1711335600] CURRENT SERVICE STATE: SRVAD2.cass.pmc;Ping;OK;HARD;1;PING OK - Packet loss = 0%, RTA = 1.50 ms
[1711335600] CURRENT SERVICE STATE: SRVADMIN.cass.pmc;Actualizacion;OK;HARD;1;OK - no pending updates.
[1711335600] CURRENT SERVICE STATE: SRVADMIN.cass.pmc;Almacenamiento;OK;HARD;1;c:\ - total: 299.66 Gb - used: 161.56 Gb (54%) - free 138.10 Gb (46%)
[1711335600] CURRENT SERVICE STATE: SRVADMIN.cass.pmc;CPU;OK;HARD;1;CPU Load 1% (5 min average)
[1711335600] CURRENT SERVICE STATE: SRVADMIN.cass.pmc;Memoria;OK;HARD;1;Memory usage: total:16319.56 MB - used: 10603.73 MB (65%) - free: 5715.83 MB (35%)
[1711335600] CURRENT SERVICE STATE: SRVADMIN.cass.pmc;Ping;OK;HARD;1;PING OK - Packet loss = 0%, RTA = 1.49 ms
[1711335600] CURRENT SERVICE STATE: SRVADMIN.cass.pmc;Tiempo Activo;OK;HARD;1;System Uptime - 14 day(s) 15 hour(s) 8 minute(s)
[1711335600] CURRENT SERVICE STATE: SRVCONT.cass.cl;Actualizacion;OK;HARD;1;OK - no pending updates.
[1711335600] CURRENT SERVICE STATE: SRVCONT.cass.cl;Almacenamiento;OK;HARD;1;c:\ - total: 299.33 Gb - used: 53.93 Gb (18%) - free 245.40 Gb (82%)
[1711335600] CURRENT SERVICE STATE: SRVCONT.cass.cl;CPU;OK;HARD;1;CPU Load 4% (5 min average)
[1711335600] CURRENT SERVICE STATE: SRVCONT.cass.cl;Memoria;OK;HARD;1;Memory usage: total:15332.14 MB - used: 6075.40 MB (40%) - free: 9256.74 MB (60%)
[1711335600] CURRENT SERVICE STATE: SRVCONT.cass.cl;Ping;OK;HARD;1;PING OK - Packet loss = 0%, RTA = 4.36 ms
[1711335600] CURRENT SERVICE STATE: SRVCONT.cass.cl;Tiempo Activo;OK;HARD;1;System Uptime - 5 day(s) 23 hour(s) 50 minute(s)
[1711335600] CURRENT SERVICE STATE: SRVDC1.cass.pmc;Ping;OK;HARD;1;PING OK - Packet loss = 0%, RTA = 1.61 ms
[1711335600] CURRENT SERVICE STATE: SRVDNS;Ping;OK;HARD;1;PING OK - Packet loss = 0%, RTA = 1.67 ms
[1711335600] CURRENT SERVICE STATE: SRVWEB_cass.cl;Ping;OK;HARD;1;PING OK - Packet loss = 0%, RTA = 1.15 ms
[1711335600] CURRENT SERVICE STATE: SRV_Cfiler.cass.cl;Actualizacion;OK;HARD;1;Updates OK : no updates available
[1711335600] CURRENT SERVICE STATE: SRV_Cfiler.cass.cl;Almacenamiento /;OK;HARD;1;DISK OK - free space: / 2390991 MB (71% inode=-):
[1711335600] CURRENT SERVICE STATE: SRV_Cfiler.cass.cl;CPU;OK;HARD;1;OK - load average: 0.17, 0.14, 0.13
[1711335600] CURRENT SERVICE STATE: SRV_Cfiler.cass.cl;Http;OK;HARD;1;TCP OK - 0.000 second response time on port 80
[1711335600] CURRENT SERVICE STATE: SRV_Cfiler.cass.cl;Https;OK;HARD;1;TCP OK - 0.000 second response time on port 443
[1711335600] CURRENT SERVICE STATE: SRV_Cfiler.cass.cl;Memoria;OK;HARD;1;[MEMORY] Total: 3893 MB - Used: 1295 MB - 33% [SWAP] Total: 2047 MB - Used: 113 MB - 5%
[1711335600] CURRENT SERVICE STATE: SRV_Cfiler.cass.cl;Procesos;OK;HARD;1;PROCS OK: 312 processes
[1711335600] CURRENT SERVICE STATE: SRV_Cfiler.cass.cl;Procesos Zombies;OK;HARD;1;PROCS OK: 0 processes with STATE = Z
[1711335600] CURRENT SERVICE STATE: SRV_Cfiler.cass.cl;Procs Apache;OK;HARD;1;PROCS OK: 10 processes with args 'apache2'
[1711335600] CURRENT SERVICE STATE: SRV_Cfiler.cass.cl;Serv Apache;OK;HARD;1;OK: Service apache is running!
[1711335600] CURRENT SERVICE STATE: SRV_Cfiler.cass.cl;Servicio General;OK;HARD;1;PING OK - Packet loss = 0%, RTA = 0.64 ms
[1711335600] CURRENT SERVICE STATE: SRV_Cfiler.cass.cl;Tiempo Activo;OK;HARD;1;Uptime OK: 16 day(s) 15 hour(s) 23 minute(s)
[1711335600] CURRENT SERVICE STATE: SRV_Cfiler.cass.cl;Usuarios Login;OK;HARD;1;USERS OK - 1 users currently logged in
[1711335600] CURRENT SERVICE STATE: SRV_GLPI;Agentes;OK;HARD;1;OK: Agent_version was ['3.0.1']
[1711335600] CURRENT SERVICE STATE: SRV_GLPI;CPU;OK;HARD;1;OK: Percent was 0.50 %
[1711335600] CURRENT SERVICE STATE: SRV_GLPI;Http;OK;HARD;1;HTTP OK: HTTP/1.1 301 Moved Permanently - 364 bytes in 0.001 second response time
[1711335600] CURRENT SERVICE STATE: SRV_GLPI;Memoria;OK;HARD;1;OK: Memory usage was 13.90 % (Available: 14.44 GB, Total: 16.78 GB, Free: 4.82 GB, Used: 1.84 GB)
[1711335600] CURRENT SERVICE STATE: SRV_GLPI;Usuarios Login;OK;HARD;1;USERS OK - 1 users currently logged in
[1711335600] CURRENT SERVICE STATE: SRV_Oraculo_cass.cl;Ping;OK;HARD;1;PING OK - Packet loss = 0%, RTA = 0.89 ms
[1711335600] CURRENT SERVICE STATE: SRV_SOS2021.cass.cl;Actualizacion;OK;HARD;1;Updates OK : no updates available
[1711335600] CURRENT SERVICE STATE: SRV_SOS2021.cass.cl;Almacenamiento /;OK;HARD;1;DISK OK - free space: /var/tmp 118345 MiB (91.08% inode=-):
[1711335600] CURRENT SERVICE STATE: SRV_SOS2021.cass.cl;CPU;OK;HARD;1;OK - load average per CPU: 0.00, 0.01, 0.01
[1711335600] CURRENT SERVICE STATE: SRV_SOS2021.cass.cl;Memoria;OK;HARD;1;[MEMORY] Total: 7946 MB - Used: 948 MB - 11% [SWAP] Total: 10239 MB - Used: 0 MB - 0%
[1711335600] CURRENT SERVICE STATE: SRV_SOS2021.cass.cl;Ping;OK;HARD;1;PING OK - Packet loss = 0%, RTA = 0.53 ms
[1711335600] CURRENT SERVICE STATE: SRV_SOS2021.cass.cl;Procesos;OK;HARD;1;PROCS OK: 302 processes
[1711335600] CURRENT SERVICE STATE: SRV_SOS2021.cass.cl;Procesos Zombies;OK;HARD;1;PROCS OK: 0 processes with STATE = Z
[1711335600] CURRENT SERVICE STATE: SRV_SOS2021.cass.cl;Tiempo Activo;OK;HARD;1;Uptime OK: 16 day(s) 15 hour(s) 33 minute(s)
[1711335600] CURRENT SERVICE STATE: SRV_SOS2021.cass.cl;Usuarios Login;OK;HARD;1;USERS OK - 0 users currently logged in
[1711335600] CURRENT SERVICE STATE: SRV_SUM;Ping;OK;HARD;1;PING OK - Packet loss = 0%, RTA = 0.69 ms
[1711335600] CURRENT SERVICE STATE: SRV_Soporte;Actualizacion;CRITICAL;HARD;3;Hay 6 actualizaciones pendientes.
[1711335600] CURRENT SERVICE STATE: SRV_Soporte;Agentes;OK;HARD;1;OK: Agent_version was ['3.0.1']
[1711335600] CURRENT SERVICE STATE: SRV_Soporte;CPU;OK;HARD;1;OK: Percent was 51.23 %
[1711335600] CURRENT SERVICE STATE: SRV_Soporte;Memoria;OK;HARD;1;OK: Memory usage was 52.10 % (Available: 8.23 GB, Total: 17.18 GB, Free: 8.22 GB, Used: 8.96 GB)
[1711335600] CURRENT SERVICE STATE: SRV_chat.cass.cl;Actualizacion;OK;HARD;1;Updates OK : no updates available
[1711335600] CURRENT SERVICE STATE: SRV_chat.cass.cl;Almacenamiento /;OK;HARD;1;DISK OK - free space: /var/tmp 934666 MiB (89.43% inode=-):
[1711335600] CURRENT SERVICE STATE: SRV_chat.cass.cl;CPU;OK;HARD;1;OK - load average per CPU: 0.10, 0.07, 0.07
[1711335600] CURRENT SERVICE STATE: SRV_chat.cass.cl;Memoria;OK;HARD;1;[MEMORY] Total: 7919 MB - Used: 3148 MB - 39% [SWAP] Total: 2048 MB - Used: 567 MB - 27%
[1711335600] CURRENT SERVICE STATE: SRV_chat.cass.cl;Ping;OK;HARD;1;PING OK - Packet loss = 0%, RTA = 0.55 ms
[1711335600] CURRENT SERVICE STATE: SRV_chat.cass.cl;Proceso Docker;OK;HARD;1;PROCS OK: 0 processes with command name 'docker'
[1711335600] CURRENT SERVICE STATE: SRV_chat.cass.cl;Proceso Nginx;OK;HARD;1;PROCS OK: 3 processes with command name 'nginx'
[1711335600] CURRENT SERVICE STATE: SRV_chat.cass.cl;Procesos;OK;HARD;1;PROCS OK: 285 processes
[1711335600] CURRENT SERVICE STATE: SRV_chat.cass.cl;Procesos Zombies;OK;HARD;1;PROCS OK: 0 processes with STATE = Z
[1711335600] CURRENT SERVICE STATE: SRV_chat.cass.cl;Puerto Contenedor;OK;HARD;1;TCP OK - 0.000 second response time on port 8000
[1711335600] CURRENT SERVICE STATE: SRV_chat.cass.cl;Puerto HTTP;OK;HARD;1;TCP OK - 0.000 second response time on port 80
[1711335600] CURRENT SERVICE STATE: SRV_chat.cass.cl;Puerto HTTPS;OK;HARD;1;TCP OK - 0.000 second response time on port 443
[1711335600] CURRENT SERVICE STATE: SRV_chat.cass.cl;Puerto Portainer;OK;HARD;1;TCP OK - 0.000 second response time on port 9443
[1711335600] CURRENT SERVICE STATE: SRV_chat.cass.cl;Servicio Docker;OK;HARD;1;OK: Service docker is running!
[1711335600] CURRENT SERVICE STATE: SRV_chat.cass.cl;Servicio Nginx;OK;HARD;1;OK: Service nginx is running!
[1711335600] CURRENT SERVICE STATE: SRV_chat.cass.cl;Usuarios Login;OK;HARD;1;USERS OK - 0 users currently logged in
[1711335600] CURRENT SERVICE STATE: SRV_email.cass.cl;Actualizacion;OK;HARD;1;Updates OK : no updates available
[1711335600] CURRENT SERVICE STATE: SRV_email.cass.cl;Almacenamiento /;OK;HARD;1;DISK OK - free space: /var/tmp 459741 MiB (90.72% inode=-):
[1711335600] CURRENT SERVICE STATE: SRV_email.cass.cl;Almacenamiento Mail;OK;HARD;1;DISK OK - free space: /mail 1786375 MiB (91.22% inode=99%):
[1711335600] CURRENT SERVICE STATE: SRV_email.cass.cl;Almacenamiento Mail2;OK;HARD;1;DISK OK - free space: /mail2 474139 MiB (99.34% inode=100%):
[1711335600] CURRENT SERVICE STATE: SRV_email.cass.cl;CPU;OK;HARD;1;OK - load average per CPU: 0.04, 0.03, 0.02
[1711335600] CURRENT SERVICE STATE: SRV_email.cass.cl;Correo Pop;OK;HARD;1;POP OK - 0.001 second response time on 10.0.2.25 port 110 [+OK GroupWise POP3 server ready]
[1711335600] CURRENT SERVICE STATE: SRV_email.cass.cl;Correo Smtp;OK;HARD;1;SMTP OK - 0.007 sec. response time
[1711335600] CURRENT SERVICE STATE: SRV_email.cass.cl;Memoria;OK;HARD;1;[MEMORY] Total: 11939 MB - Used: 2663 MB - 22% [SWAP] Total: 2048 MB - Used: 1 MB - 0%
[1711335600] CURRENT SERVICE STATE: SRV_email.cass.cl;Ping;OK;HARD;1;PING OK - Packet loss = 0%, RTA = 1.15 ms
[1711335600] CURRENT SERVICE STATE: SRV_email.cass.cl;Procesos;OK;HARD;1;PROCS OK: 300 processes
[1711335600] CURRENT SERVICE STATE: SRV_email.cass.cl;Procesos Zombies;OK;HARD;1;PROCS OK: 0 processes with STATE = Z
[1711335600] CURRENT SERVICE STATE: SRV_email.cass.cl;Tiempo Activo;OK;HARD;1;Uptime OK: 16 day(s) 15 hour(s) 37 minute(s)
[1711335600] CURRENT SERVICE STATE: SRV_email.cass.cl;Usuarios Login;OK;HARD;1;USERS OK - 0 users currently logged in
[1711335600] CURRENT SERVICE STATE: SRV_nagios;Actualizacion;CRITICAL;HARD;4;YUM CRITICAL: 29 Updates Available
[1711335600] CURRENT SERVICE STATE: SRV_nagios;CPU;OK;HARD;1;OK - load average: 0.11, 0.08, 0.08
[1711335600] CURRENT SERVICE STATE: SRV_nagios;Memoria;OK;HARD;1;[MEMORY] Total: 7740 MB - Used: 458 MB - 5% [SWAP] Total: 7935 MB - Used: 0 MB - 0%
[1711335600] CURRENT SERVICE STATE: SRV_nagios;PING;OK;HARD;1;PING OK - Packet loss = 0%, RTA = 0.09 ms
[1711335600] CURRENT SERVICE STATE: SRV_nagios;Procesos;OK;HARD;1;PROCS OK: 60 processes with STATE = RSZDT
[1711335600] CURRENT SERVICE STATE: SRV_nagios;Usarios Login;OK;HARD;1;USERS OK - 0 users currently logged in
[1711335600] CURRENT SERVICE STATE: SRV_sync.cass.cl;Ping;OK;HARD;1;PING OK - Packet loss = 0%, RTA = 1.07 ms
[1711335600] CURRENT SERVICE STATE: Servidor Vcenter;Ping;OK;HARD;1;PING OK - Packet loss = 0%, RTA = 0.57 ms
[1711335600] CURRENT SERVICE STATE: Servidores CASS;Ancho de Banda GE/1/0/3;OK;HARD;1;OK - Average IN: 7.91KB (0.01%), Average OUT: 5.49KB (0.00%)Total RX: 6668.09GBytes, Total TX: 34939.55GBytes
[1711335600] CURRENT SERVICE STATE: Servidores CASS;Estado Puerto 3;OK;HARD;1;OK: Interface GigabitEthernet1/0/3 (index 3) is up.
[1711335600] CURRENT SERVICE STATE: Servidores CASS;Estado Puerto 80;OK;HARD;1;TCP OK - 0.003 second response time on 10.0.0.17 port 80
[1711335600] CURRENT SERVICE STATE: Servidores CASS;Ping;OK;HARD;1;PING OK - Packet loss = 0%, RTA = 1.24 ms
[1711335600] CURRENT SERVICE STATE: Servidores CASS;Tiempo Activo;OK;HARD;1;SNMP OK - Timeticks: (143944639) 16 days, 15:50:46.39
[1711335600] CURRENT SERVICE STATE: Ups Principal;Carga;OK;HARD;1;OK: Estimated battery charge 98%, approximately 0 minutes runtime remaining.
[1711335600] CURRENT SERVICE STATE: Ups Principal;Estado;OK;HARD;1;OK: Battery Status Normal.
[1711335600] CURRENT SERVICE STATE: Ups Principal;Ping;OK;HARD;1;PING OK - Packet loss = 0%, RTA = 1.16 ms
[1711335600] CURRENT SERVICE STATE: Ups Principal;Temperatura;OK;HARD;1;OK: Battery Temperature is 29 degrees C (84.2 degrees F).
[1711335600] CURRENT SERVICE STATE: Ups Principal;Tiempo Activo;OK;HARD;1;SNMP OK - Timeticks: (141767112) 16 days, 9:47:51.12
[1711335600] CURRENT SERVICE STATE: Veeam2023.cass.pmc;Actualizacion;CRITICAL;HARD;3;Updates: 3 critical, 0 optional
[1711335600] CURRENT SERVICE STATE: Veeam2023.cass.pmc;Almacenamiento;OK;HARD;1;c:\ - total: 99.33 Gb - used: 62.09 Gb (63%) - free 37.24 Gb (37%)
[1711335600] CURRENT SERVICE STATE: Veeam2023.cass.pmc;CPU;OK;HARD;1;CPU Load 13% (5 min average)
[1711335600] CURRENT SERVICE STATE: Veeam2023.cass.pmc;Memoria;OK;HARD;1;Memory usage: total:28159.25 MB - used: 19578.95 MB (70%) - free: 8580.30 MB (30%)
[1711335600] CURRENT SERVICE STATE: Veeam2023.cass.pmc;Ping;OK;HARD;1;PING OK - Packet loss = 0%, RTA = 2.48 ms
[1711335600] CURRENT SERVICE STATE: Veeam2023.cass.pmc;Tiempo Activo;OK;HARD;1;System Uptime - 9 day(s) 11 hour(s) 25 minute(s)
[1711335600] CURRENT SERVICE STATE: web_cass_cl;Certificado;OK;HARD;1;SSL OK - Certificate '*.cass.cl' will expire in 284 days on 2025-01-03 20:59 -0300/-03.
[1711335600] CURRENT SERVICE STATE: web_cass_cl;HTTP;OK;HARD;1;HTTP OK: HTTP/1.1 302 Found - 1075 bytes in 0.209 second response time
[1711336717] SERVICE ALERT: SRV_Soporte;CPU;WARNING;SOFT;1;WARNING: Percent was 65.17 %
[1711336838] SERVICE ALERT: SRV_Soporte;CPU;OK;SOFT;2;OK: Percent was 48.50 %
[1711337256] SERVICE ALERT: SRVCONT.cass.cl;Actualizacion;UNKNOWN;SOFT;1;CHECK_NRPE: Receive header underflow - only 0 bytes received (4 expected).
[1711337377] SERVICE ALERT: SRVCONT.cass.cl;Actualizacion;OK;SOFT;2;OK - no pending updates.
[1711338776] Auto-save of retention data completed successfully.
[1711338879] SERVICE ALERT: SRV_Soporte;CPU;WARNING;SOFT;1;WARNING: Percent was 62.88 %
[1711338999] SERVICE ALERT: SRV_Soporte;CPU;OK;SOFT;2;OK: Percent was 40.92 %
[1711339480] SERVICE ALERT: SRV_Soporte;CPU;CRITICAL;SOFT;1;CRITICAL: Percent was 70.47 %
[1711339601] SERVICE ALERT: SRV_Soporte;CPU;OK;SOFT;2;OK: Percent was 40.15 %
[1711342376] Auto-save of retention data completed successfully.
[1711345976] Auto-save of retention data completed successfully.
[1711347162] SERVICE ALERT: SRV_Soporte;CPU;WARNING;SOFT;1;WARNING: Percent was 62.12 %
[1711347283] SERVICE ALERT: SRV_Soporte;CPU;OK;SOFT;2;OK: Percent was 55.30 %
[1711349143] SERVICE ALERT: SRV_Soporte;CPU;CRITICAL;SOFT;1;CRITICAL: Percent was 91.65 %
[1711349264] SERVICE ALERT: SRV_Soporte;CPU;OK;SOFT;2;OK: Percent was 33.35 %
[1711349564] SERVICE ALERT: SRV_Soporte;CPU;CRITICAL;SOFT;1;CRITICAL: Percent was 78.03 %
[1711349576] Auto-save of retention data completed successfully.
[1711349685] SERVICE ALERT: SRV_Soporte;CPU;OK;SOFT;2;OK: Percent was 27.30 %
[1711351234] SERVICE ALERT: SRV_GLPI;CPU;WARNING;SOFT;1;WARNING: Percent was 64.78 %
[1711351355] SERVICE ALERT: SRV_GLPI;CPU;OK;SOFT;2;OK: Percent was 0.50 %
[1711351425] SERVICE ALERT: SRV_Soporte;CPU;WARNING;SOFT;1;WARNING: Percent was 68.18 %
[1711351546] SERVICE ALERT: SRV_Soporte;CPU;OK;SOFT;2;OK: Percent was 35.62 %
[1711352446] SERVICE ALERT: SRV_Soporte;CPU;WARNING;SOFT;1;WARNING: Percent was 63.62 %
[1711352567] SERVICE ALERT: SRV_Soporte;CPU;OK;SOFT;2;OK: Percent was 39.38 %
[1711353176] Auto-save of retention data completed successfully.
[1711353707] SERVICE ALERT: SRV_Soporte;CPU;WARNING;SOFT;1;WARNING: Percent was 60.62 %
[1711353828] SERVICE ALERT: SRV_Soporte;CPU;OK;SOFT;2;OK: Percent was 30.30 %
[1711354668] SERVICE ALERT: SRV_Soporte;CPU;WARNING;SOFT;1;WARNING: Percent was 65.15 %
[1711354789] SERVICE ALERT: SRV_Soporte;CPU;OK;SOFT;2;OK: Percent was 35.60 %
[1711355570] SERVICE ALERT: SRV_Soporte;CPU;WARNING;SOFT;1;WARNING: Percent was 60.63 %
[1711355690] SERVICE ALERT: SRV_Soporte;CPU;OK;SOFT;2;OK: Percent was 40.92 %
[1711356776] Auto-save of retention data completed successfully.
[1711357551] SERVICE ALERT: SRV_Soporte;CPU;CRITICAL;SOFT;1;CRITICAL: Percent was 70.45 %
[1711357672] SERVICE ALERT: SRV_Soporte;CPU;WARNING;SOFT;2;WARNING: Percent was 69.68 %
[1711357793] SERVICE ALERT: SRV_Soporte;CPU;OK;SOFT;3;OK: Percent was 42.40 %
[1711359113] SERVICE ALERT: SRV_Soporte;CPU;WARNING;SOFT;1;WARNING: Percent was 60.60 %
[1711359234] SERVICE ALERT: SRV_Soporte;CPU;OK;SOFT;2;OK: Percent was 29.57 %
[1711360015] SERVICE ALERT: SRV_Soporte;CPU;CRITICAL;SOFT;1;CRITICAL: Percent was 71.35 %
[1711360135] SERVICE ALERT: SRV_Soporte;CPU;OK;SOFT;2;OK: Percent was 46.97 %
[1711360376] Auto-save of retention data completed successfully.
[1711360916] SERVICE ALERT: SRV_Soporte;CPU;WARNING;SOFT;1;WARNING: Percent was 67.45 %
[1711361037] SERVICE ALERT: SRV_Soporte;CPU;OK;SOFT;2;OK: Percent was 34.82 %
[1711361817] SERVICE ALERT: SRV_Soporte;CPU;WARNING;SOFT;1;WARNING: Percent was 65.15 %
[1711361938] SERVICE ALERT: SRV_Soporte;CPU;OK;SOFT;2;OK: Percent was 46.98 %
[1711363976] Auto-save of retention data completed successfully.
[1711365419] SERVICE ALERT: SRV_Soporte;CPU;WARNING;SOFT;1;WARNING: Percent was 61.70 %
[1711365540] SERVICE ALERT: SRV_Soporte;CPU;OK;SOFT;2;OK: Percent was 0.75 %
[1711367402] SERVICE ALERT: SRV_SOS2021.cass.cl;Actualizacion;UNKNOWN;SOFT;1;CHECK_NRPE: Receive header underflow - only 0 bytes received (4 expected).
[1711367474] SERVICE ALERT: FW Cass Telsur;Ancho de Banda DMZ;UNKNOWN;SOFT;1;UNKNOWN: Improper interface status, status received: DNE - No response from remote host "201.220.96.34"
[1711367535] SERVICE ALERT: SRV_SOS2021.cass.cl;Actualizacion;OK;SOFT;2;Updates OK : no updates available
[1711367576] Auto-save of retention data completed successfully.
[1711367595] SERVICE ALERT: FW Cass Telsur;Ancho de Banda DMZ;OK;SOFT;2;OK - Average IN: 15.80KB (0.01%), Average OUT: 18.70KB (0.01%)Total RX: 44.20GBytes, Total TX: 21.73GBytes
[1711367785] SERVICE ALERT: FW Cass Telsur;Ancho de Banda DMZ;UNKNOWN;SOFT;1;UNKNOWN: Improper interface status, status received: DNE - No response from remote host "201.220.96.34"
[1711367905] SERVICE ALERT: FW Cass Telsur;Ancho de Banda DMZ;OK;SOFT;2;OK - Average IN: 42.30KB (0.03%), Average OUT: 22.17KB (0.02%)Total RX: 44.21GBytes, Total TX: 21.73GBytes
[1711368481] SERVICE ALERT: SRV_Soporte;CPU;WARNING;SOFT;1;WARNING: Percent was 61.38 %
[1711368588] SERVICE ALERT: FW Cass Telsur;Estado Puerto DMZ;WARNING;SOFT;1;WARNING: SNMP error: No response from remote host "201.220.96.34"
[1711368602] SERVICE ALERT: SRV_Soporte;CPU;OK;SOFT;2;OK: Percent was 25.77 %
[1711368653] SERVICE ALERT: FW Cass Telsur;Ancho de Banda WAN;CRITICAL;SOFT;1;(No output on stdout) stderr:
[1711368708] SERVICE ALERT: FW Cass Telsur;Estado Puerto DMZ;OK;SOFT;2;OK: Interface eth2 (index 4) is up.
[1711368778] SERVICE ALERT: FW Cass Telsur;Ancho de Banda WAN;OK;SOFT;2;OK - Average IN: 6.60MB (5.28%), Average OUT: 6.60MB (5.28%)Total RX: 3921.97GBytes, Total TX: 3784.38GBytes
[1711368839] SERVICE ALERT: FW Cass Telsur;Estado Puerto DMZ;WARNING;SOFT;1;WARNING: SNMP error: No response from remote host "201.220.96.34"
[1711368959] SERVICE ALERT: FW Cass Telsur;Estado Puerto DMZ;OK;SOFT;2;OK: Interface eth2 (index 4) is up.
[1711369490] SERVICE ALERT: SRVADMIN.cass.pmc;Actualizacion;UNKNOWN;SOFT;1;CHECK_NRPE: Receive header underflow - only 0 bytes received (4 expected).
[1711369611] SERVICE ALERT: SRVADMIN.cass.pmc;Actualizacion;OK;SOFT;2;OK - no pending updates.
[1711369730] SERVICE ALERT: Veeam2023.cass.pmc;CPU;WARNING;SOFT;1;CPU Load 96% (5 min average)
[1711369850] SERVICE ALERT: Veeam2023.cass.pmc;CPU;WARNING;SOFT;2;CPU Load 99% (5 min average)
[1711369970] SERVICE NOTIFICATION: nagiosadmin;Veeam2023.cass.pmc;CPU;WARNING;notify-service-by-email;CPU Load 99% (5 min average)
[1711369970] SERVICE NOTIFICATION: andresnavarro;Veeam2023.cass.pmc;CPU;WARNING;notify-service-by-email;CPU Load 99% (5 min average)
[1711369970] SERVICE NOTIFICATION: soporteti;Veeam2023.cass.pmc;CPU;WARNING;notify-service-by-telegram;CPU Load 99% (5 min average)
[1711369970] SERVICE NOTIFICATION: soporteti;Veeam2023.cass.pmc;CPU;WARNING;notify-service-by-email;CPU Load 99% (5 min average)
[1711369970] SERVICE NOTIFICATION: carlosstange;Veeam2023.cass.pmc;CPU;WARNING;notify-service-by-telegram;CPU Load 99% (5 min average)
[1711369970] SERVICE NOTIFICATION: carlosstange;Veeam2023.cass.pmc;CPU;WARNING;notify-service-by-email;CPU Load 99% (5 min average)
[1711369970] SERVICE ALERT: Veeam2023.cass.pmc;CPU;WARNING;HARD;3;CPU Load 99% (5 min average)
[1711370150] SERVICE NOTIFICATION: nagiosadmin;Veeam2023.cass.pmc;CPU;OK;notify-service-by-email;CPU Load 86% (5 min average)
[1711370150] SERVICE NOTIFICATION: andresnavarro;Veeam2023.cass.pmc;CPU;OK;notify-service-by-email;CPU Load 86% (5 min average)
[1711370150] SERVICE NOTIFICATION: soporteti;Veeam2023.cass.pmc;CPU;OK;notify-service-by-telegram;CPU Load 86% (5 min average)
[1711370150] SERVICE NOTIFICATION: soporteti;Veeam2023.cass.pmc;CPU;OK;notify-service-by-email;CPU Load 86% (5 min average)
[1711370150] SERVICE NOTIFICATION: carlosstange;Veeam2023.cass.pmc;CPU;OK;notify-service-by-telegram;CPU Load 86% (5 min average)
[1711370150] SERVICE NOTIFICATION: carlosstange;Veeam2023.cass.pmc;CPU;OK;notify-service-by-email;CPU Load 86% (5 min average)
[1711370150] SERVICE ALERT: Veeam2023.cass.pmc;CPU;OK;HARD;1;CPU Load 86% (5 min average)
[1711370883] SERVICE ALERT: SRV_Soporte;CPU;WARNING;SOFT;1;WARNING: Percent was 62.12 %
[1711371004] SERVICE ALERT: SRV_Soporte;CPU;OK;SOFT;2;OK: Percent was 36.38 %
[1711371176] Auto-save of retention data completed successfully.
[1711372077] SERVICE ALERT: FW Cass Telsur;Estado Puerto LAN;WARNING;SOFT;1;WARNING: SNMP error: No response from remote host "201.220.96.34"
[1711372088] SERVICE ALERT: FW Cass Telsur;Ancho de Banda WAN;CRITICAL;SOFT;1;(No output on stdout) stderr:
[1711372197] SERVICE ALERT: FW Cass Telsur;Estado Puerto LAN;OK;SOFT;2;OK: Interface eth0 (index 2) is up.
[1711372208] SERVICE ALERT: FW Cass Telsur;Ancho de Banda WAN;OK;SOFT;2;OK - Average IN: 4.86MB (3.89%), Average OUT: 5.67MB (4.54%)Total RX: 3944.56GBytes, Total TX: 3807.08GBytes
[1711372625] SERVICE ALERT: SRV_Soporte;CPU;CRITICAL;SOFT;1;CRITICAL: Percent was 70.45 %
[1711372745] SERVICE ALERT: SRV_Soporte;CPU;OK;SOFT;2;OK: Percent was 40.15 %
[1711374605] SERVICE ALERT: SRV_Soporte;CPU;WARNING;SOFT;1;WARNING: Percent was 67.42 %
[1711374726] SERVICE ALERT: SRV_Soporte;CPU;OK;SOFT;2;OK: Percent was 27.95 %
[1711374776] Auto-save of retention data completed successfully.
[1711375866] SERVICE ALERT: SRV_Soporte;CPU;WARNING;SOFT;1;WARNING: Percent was 68.97 %
[1711375885] wproc: Core Worker 1158: job 592738 (pid=7627) timed out. Killing it
[1711375885] wproc: CHECK job 592738 from worker Core Worker 1158 timed out after 30.00s
[1711375885] wproc:   host=SRV_sync.cass.cl; service=(null);
[1711375885] wproc:   early_timeout=1; exited_ok=0; wait_status=0; error_code=62;
[1711375885] Warning: Check of host 'SRV_sync.cass.cl' timed out after 30.00 seconds
[1711375885] HOST ALERT: SRV_sync.cass.cl;DOWN;SOFT;1;(Host check timed out after 30.00 seconds)
[1711375885] wproc: Core Worker 1158: job 592738 (pid=7627): Dormant child reaped
[1711375911] HOST ALERT: SRV_sync.cass.cl;UP;SOFT;1;PING OK - Packet loss = 0%, RTA = 0.86 ms
[1711375987] SERVICE ALERT: SRV_Soporte;CPU;OK;SOFT;2;OK: Percent was 40.90 %
[1711376468] SERVICE ALERT: SRV_Soporte;CPU;WARNING;SOFT;1;WARNING: Percent was 62.85 %
[1711376588] SERVICE ALERT: SRV_Soporte;CPU;OK;SOFT;2;OK: Percent was 39.40 %
[1711378329] SERVICE ALERT: SRV_Soporte;CPU;WARNING;SOFT;1;WARNING: Percent was 65.92 %
[1711378367] HOST ALERT: SRVAD2.cass.pmc;DOWN;SOFT;1;CRITICAL - Host Unreachable (10.0.0.5)
[1711378376] Auto-save of retention data completed successfully.
[1711378414] HOST ALERT: SRVAD2.cass.pmc;UP;SOFT;1;PING OK - Packet loss = 0%, RTA = 1.45 ms
[1711378449] SERVICE ALERT: SRV_Soporte;CPU;OK;SOFT;2;OK: Percent was 46.20 %
[1711379349] SERVICE ALERT: SRV_Soporte;CPU;WARNING;SOFT;1;WARNING: Percent was 66.67 %
[1711379470] SERVICE ALERT: SRV_Soporte;CPU;OK;SOFT;2;OK: Percent was 46.23 %
[1711379751] SERVICE ALERT: FW Cass Telsur;Tiempo Activo;CRITICAL;SOFT;1;CRITICAL - Plugin timed out while executing system call
[1711379778] SERVICE ALERT: FW Cass Telsur;Ancho de Banda WAN;UNKNOWN;SOFT;1;UNKNOWN: Improper interface status, status received: DNE - No response from remote host "201.220.96.34"
[1711379871] SERVICE ALERT: FW Cass Telsur;Tiempo Activo;OK;SOFT;2;SNMP OK - Timeticks: (43238037) 5 days, 0:06:20.37
[1711379898] SERVICE ALERT: FW Cass Telsur;Ancho de Banda WAN;OK;SOFT;2;OK - Average IN: 356.49B (0.00%), Average OUT: 106.52B (0.00%)Total RX: 3963.18GBytes, Total TX: 3825.82GBytes
[1711379915] SERVICE ALERT: FW Cass Telsur;Ancho de Banda DMZ;CRITICAL;SOFT;1;(No output on stdout) stderr:
[1711380035] SERVICE ALERT: FW Cass Telsur;Ancho de Banda DMZ;OK;SOFT;2;OK - Average IN: 25.51KB (0.02%), Average OUT: 18.23KB (0.01%)Total RX: 44.67GBytes, Total TX: 21.93GBytes
[1711380070] SERVICE ALERT: SRV_Soporte;CPU;CRITICAL;SOFT;1;CRITICAL: Percent was 77.27 %
[1711380191] SERVICE ALERT: SRV_Soporte;CPU;WARNING;SOFT;2;WARNING: Percent was 60.60 %
[1711380312] SERVICE ALERT: SRV_Soporte;CPU;OK;SOFT;3;OK: Percent was 45.45 %
[1711380877] HOST ALERT: SRV05AD2_cass.pmc;DOWN;SOFT;1;CRITICAL - Host Unreachable (10.0.0.5)
[1711380877] HOST ALERT: SRVAD2.cass.pmc;DOWN;SOFT;1;CRITICAL - Host Unreachable (10.0.0.5)
[1711380877] SERVICE ALERT: SRVAD2.cass.pmc;Ping;CRITICAL;HARD;1;CRITICAL - Host Unreachable (10.0.0.5)
[1711380930] SERVICE ALERT: SRVAD2.cass.pmc;Ping;OK;HARD;1;PING OK - Packet loss = 0%, RTA = 2.05 ms
[1711380934] HOST ALERT: SRVAD2.cass.pmc;UP;SOFT;1;PING OK - Packet loss = 0%, RTA = 1.84 ms
[1711380941] HOST ALERT: SRV05AD2_cass.pmc;UP;SOFT;1;PING OK - Packet loss = 0%, RTA = 1.67 ms
[1711381425] SERVICE ALERT: SRV_email.cass.cl;Actualizacion;CRITICAL;SOFT;1;CHECK_NRPE STATE CRITICAL: Socket timeout after 30 seconds.
[1711381513] SERVICE ALERT: SRV_Soporte;CPU;WARNING;SOFT;1;WARNING: Percent was 62.12 %
[1711381538] HOST ALERT: SRV05AD2_cass.pmc;DOWN;SOFT;1;CRITICAL - Host Unreachable (10.0.0.5)
[1711381538] HOST ALERT: SRVAD2.cass.pmc;DOWN;SOFT;1;CRITICAL - Host Unreachable (10.0.0.5)
[1711381538] SERVICE ALERT: SRVAD2.cass.pmc;Ping;CRITICAL;HARD;1;CRITICAL - Host Unreachable (10.0.0.5)
[1711381568] SERVICE ALERT: SRV_email.cass.cl;Actualizacion;OK;SOFT;2;Updates OK : no updates available
[1711381590] SERVICE FLAPPING ALERT: SRVAD2.cass.pmc;Ping;STARTED; Service appears to have started flapping (21.8% change >= 20.0% threshold)
[1711381590] SERVICE ALERT: SRVAD2.cass.pmc;Ping;OK;HARD;1;PING OK - Packet loss = 0%, RTA = 1.65 ms
[1711381594] HOST ALERT: SRVAD2.cass.pmc;UP;SOFT;1;PING OK - Packet loss = 0%, RTA = 1.34 ms
[1711381602] HOST FLAPPING ALERT: SRV05AD2_cass.pmc;STARTED; Host appears to have started flapping (21.8% change > 20.0% threshold)
[1711381602] HOST ALERT: SRV05AD2_cass.pmc;UP;SOFT;1;PING OK - Packet loss = 0%, RTA = 1.44 ms
[1711381634] SERVICE ALERT: SRV_Soporte;CPU;OK;SOFT;2;OK: Percent was 29.55 %
[1711381755] SERVICE ALERT: SRV_Soporte;CPU;CRITICAL;SOFT;1;CRITICAL: Percent was 70.43 %
[1711381876] SERVICE ALERT: SRV_Soporte;CPU;OK;SOFT;2;OK: Percent was 24.22 %
[1711381976] Auto-save of retention data completed successfully.
[1711382075] SERVICE ALERT: SRV_GLPI;CPU;CRITICAL;SOFT;1;CRITICAL: Percent was 73.08 %
[1711382196] SERVICE ALERT: SRV_GLPI;CPU;OK;SOFT;2;OK: Percent was 0.95 %
[1711382730] SERVICE FLAPPING ALERT: SRVAD2.cass.pmc;Ping;STOPPED; Service appears to have stopped flapping (3.8% change < 5.0% threshold)
[1711382742] HOST FLAPPING ALERT: SRV05AD2_cass.pmc;STOPPED; Host appears to have stopped flapping (3.8% change < 5.0% threshold)
[1711383121] SERVICE ALERT: SRV_sync.cass.cl;Ping;CRITICAL;SOFT;1;CRITICAL - Host Unreachable (10.0.2.26)
[1711383121] HOST ALERT: SRV_sync.cass.cl;DOWN;SOFT;1;CRITICAL - Host Unreachable (10.0.2.26)
[1711383185] HOST ALERT: SRV_sync.cass.cl;UP;SOFT;1;PING OK - Packet loss = 0%, RTA = 1.26 ms
[1711383245] SERVICE ALERT: SRV_sync.cass.cl;Ping;OK;SOFT;2;PING OK - Packet loss = 0%, RTA = 1.14 ms
[1711385576] Auto-save of retention data completed successfully.
[1711385806] SERVICE ALERT: FW Cass Telsur;Ancho de Banda LAN;CRITICAL;SOFT;1;(No output on stdout) stderr:
[1711385829] SERVICE ALERT: FW Cass Telsur;Estado Puerto DMZ;WARNING;SOFT;1;WARNING: SNMP error: No response from remote host "201.220.96.34"
[1711385908] SERVICE ALERT: FW Cass Telsur;Ancho de Banda WAN;CRITICAL;SOFT;1;(No output on stdout) stderr:
[1711385936] SERVICE ALERT: FW Cass Telsur;Ancho de Banda LAN;CRITICAL;SOFT;2;(No output on stdout) stderr:
[1711385949] SERVICE ALERT: FW Cass Telsur;Estado Puerto DMZ;OK;SOFT;2;OK: Interface eth2 (index 4) is up.
[1711386028] SERVICE ALERT: FW Cass Telsur;Ancho de Banda WAN;OK;SOFT;2;OK - Average IN: 260.88B (0.00%), Average OUT: 141.73B (0.00%)Total RX: 3963.18GBytes, Total TX: 3825.82GBytes
[1711386056] SERVICE ALERT: FW Cass Telsur;Ancho de Banda LAN;OK;SOFT;3;OK - Average IN: 105.95KB (0.08%), Average OUT: 1.65MB (1.32%)Total RX: 316.07GBytes, Total TX: 569.15GBytes
[1711386350] SERVICE ALERT: FW Cass Telsur;Estado Puerto WAN;WARNING;SOFT;1;WARNING: SNMP error: No response from remote host "201.220.96.34"
[1711386398] SERVICE ALERT: FW Cass Telsur;Ancho de Banda WAN;CRITICAL;SOFT;1;(No output on stdout) stderr:
[1711386470] SERVICE ALERT: FW Cass Telsur;Estado Puerto WAN;OK;SOFT;2;OK: Interface eth1 (index 3) is up.
[1711386518] SERVICE ALERT: FW Cass Telsur;Ancho de Banda WAN;OK;SOFT;2;OK - Average IN: 115.25KB (0.09%), Average OUT: 157.09KB (0.13%)Total RX: 3963.21GBytes, Total TX: 3825.86GBytes
[1711386857] SERVICE ALERT: SRV_Soporte;CPU;WARNING;SOFT;1;WARNING: Percent was 65.92 %
[1711386946] SERVICE ALERT: FW Cass Telsur;Ancho de Banda DMZ;UNKNOWN;SOFT;1;UNKNOWN: Improper interface status, status received: DNE - No response from remote host "201.220.96.34"
[1711386977] SERVICE ALERT: SRV_Soporte;CPU;OK;SOFT;2;OK: Percent was 43.20 %
[1711387020] SERVICE ALERT: FW Cass Telsur;Estado Puerto WAN;WARNING;SOFT;1;WARNING: SNMP error: No response from remote host "201.220.96.34"
[1711387039] SERVICE ALERT: FW Cass Telsur;Estado Puerto DMZ;WARNING;SOFT;1;WARNING: SNMP error: No response from remote host "201.220.96.34"
[1711387071] SERVICE ALERT: FW Cass Telsur;Ancho de Banda DMZ;OK;SOFT;2;OK - Average IN: 47.70KB (0.04%), Average OUT: 16.28KB (0.01%)Total RX: 44.88GBytes, Total TX: 22.03GBytes
[1711387145] SERVICE ALERT: FW Cass Telsur;Estado Puerto WAN;OK;SOFT;2;OK: Interface eth1 (index 3) is up.
[1711387159] SERVICE ALERT: FW Cass Telsur;Estado Puerto DMZ;OK;SOFT;2;OK: Interface eth2 (index 4) is up.
[1711387261] SERVICE ALERT: FW Cass Telsur;Ancho de Banda DMZ;CRITICAL;SOFT;1;(No output on stdout) stderr:
[1711387266] SERVICE ALERT: FW Cass Telsur;Ancho de Banda LAN;CRITICAL;SOFT;1;(No output on stdout) stderr:
[1711387278] SERVICE ALERT: SRV_Soporte;CPU;WARNING;SOFT;1;WARNING: Percent was 65.45 %
[1711387381] SERVICE ALERT: FW Cass Telsur;Ancho de Banda DMZ;OK;SOFT;2;OK - Average IN: 25.06KB (0.02%), Average OUT: 10.77KB (0.01%)Total RX: 44.89GBytes, Total TX: 22.04GBytes
[1711387386] SERVICE ALERT: FW Cass Telsur;Ancho de Banda LAN;OK;SOFT;2;OK - Average IN: 86.08KB (0.07%), Average OUT: 1.16MB (0.93%)Total RX: 316.66GBytes, Total TX: 570.55GBytes
[1711387398] SERVICE ALERT: SRV_Soporte;CPU;OK;SOFT;2;OK: Percent was 46.97 %
[1711387511] SERVICE ALERT: FW Cass Telsur;Ancho de Banda DMZ;CRITICAL;SOFT;1;(No output on stdout) stderr:
[1711387646] SERVICE ALERT: FW Cass Telsur;Ancho de Banda DMZ;OK;SOFT;2;(No output on stdout) stderr:
[1711388417] SERVICE ALERT: FW Cass Telsur;Ancho de Banda LAN;CRITICAL;SOFT;1;(No output on stdout) stderr:
[1711388496] SERVICE ALERT: FW Cass Telsur;Ancho de Banda DMZ;CRITICAL;SOFT;1;(No output on stdout) stderr:
[1711388542] SERVICE ALERT: FW Cass Telsur;Ancho de Banda LAN;OK;SOFT;2;OK - Average IN: 66.08KB (0.05%), Average OUT: 838.88KB (0.67%)Total RX: 316.72GBytes, Total TX: 571.74GBytes
[1711388616] SERVICE ALERT: FW Cass Telsur;Ancho de Banda DMZ;OK;SOFT;2;OK - Average IN: 17.34KB (0.01%), Average OUT: 14.20KB (0.01%)Total RX: 44.91GBytes, Total TX: 22.06GBytes
[1711389176] Auto-save of retention data completed successfully.
[1711389258] SERVICE ALERT: SRV_Soporte;CPU;WARNING;SOFT;1;WARNING: Percent was 60.60 %
[1711389273] SERVICE ALERT: FW Cass Telsur;Ancho de Banda LAN;CRITICAL;SOFT;1;(No output on stdout) stderr:
[1711389288] SERVICE ALERT: FW Cass Telsur;Ancho de Banda WAN;CRITICAL;SOFT;1;(No output on stdout) stderr:
[1711389379] SERVICE ALERT: SRV_Soporte;CPU;OK;SOFT;2;OK: Percent was 37.90 %
[1711389393] SERVICE ALERT: FW Cass Telsur;Ancho de Banda LAN;OK;SOFT;2;OK - Average IN: 77.48KB (0.06%), Average OUT: 701.16KB (0.56%)Total RX: 316.78GBytes, Total TX: 572.52GBytes
[1711389408] SERVICE ALERT: FW Cass Telsur;Ancho de Banda WAN;OK;SOFT;2;OK - Average IN: 312.00B (0.00%), Average OUT: 104.39B (0.00%)Total RX: 3964.99GBytes, Total TX: 3828.37GBytes
[1711390280] SERVICE ALERT: SRV_Soporte;CPU;WARNING;SOFT;1;WARNING: Percent was 63.62 %
[1711390401] SERVICE ALERT: SRV_Soporte;CPU;OK;SOFT;2;OK: Percent was 27.27 %
[1711390882] SERVICE ALERT: SRV_Soporte;CPU;WARNING;SOFT;1;WARNING: Percent was 60.18 %
[1711391002] SERVICE ALERT: SRV_Soporte;CPU;OK;SOFT;2;OK: Percent was 41.67 %
[1711392776] Auto-save of retention data completed successfully.
[1711394483] SERVICE ALERT: SRV_Soporte;CPU;CRITICAL;SOFT;1;CRITICAL: Percent was 75.97 %
[1711394603] SERVICE ALERT: SRV_Soporte;CPU;OK;SOFT;2;OK: Percent was 34.85 %
[1711394963] SERVICE ALERT: SRV_Soporte;CPU;WARNING;SOFT;1;WARNING: Percent was 69.97 %
[1711395084] SERVICE ALERT: SRV_Soporte;CPU;OK;SOFT;2;OK: Percent was 46.98 %
[1711395093] SERVICE ALERT: FW Cass Telsur;Ancho de Banda LAN;WARNING;SOFT;1;WARNING - IN bandwidth (85.80%) too high
[1711395127] SERVICE ALERT: Servidores CASS;Ancho de Banda GE/1/0/3;WARNING;SOFT;1;WARNING - OUT bandwidth (88.46%) too high
[1711395213] SERVICE ALERT: FW Cass Telsur;Ancho de Banda LAN;OK;SOFT;2;OK - Average IN: 104.25MB (83.40%), Average OUT: 541.37KB (0.43%)Total RX: 354.94GBytes, Total TX: 576.20GBytes
[1711395248] SERVICE ALERT: Servidores CASS;Ancho de Banda GE/1/0/3;WARNING;SOFT;2;WARNING - IN bandwidth (85.77%) too high
[1711395368] SERVICE ALERT: Servidores CASS;Ancho de Banda GE/1/0/3;OK;SOFT;3;OK - Average IN: 55.64MB (44.52%), Average OUT: 61.61MB (49.29%)Total RX: 6852.44GBytes, Total TX: 35288.34GBytes
[1711396376] Auto-save of retention data completed successfully.
[1711396769] SERVICE ALERT: FW Cass Telsur;Estado Puerto DMZ;WARNING;SOFT;1;WARNING: SNMP error: No response from remote host "201.220.96.34"
[1711396889] SERVICE ALERT: FW Cass Telsur;Estado Puerto DMZ;OK;SOFT;2;OK: Interface eth2 (index 4) is up.
[1711397005] SERVICE ALERT: SRV_Soporte;CPU;CRITICAL;SOFT;1;CRITICAL: Percent was 71.22 %
[1711397126] SERVICE ALERT: SRV_Soporte;CPU;OK;SOFT;2;OK: Percent was 31.35 %
[1711397559] SERVICE ALERT: FW Cass Telsur;Estado Puerto DMZ;WARNING;SOFT;1;WARNING: SNMP error: No response from remote host "201.220.96.34"
[1711397667] SERVICE ALERT: SRV_Soporte;CPU;WARNING;SOFT;1;WARNING: Percent was 65.15 %
[1711397680] SERVICE ALERT: FW Cass Telsur;Estado Puerto DMZ;OK;SOFT;2;OK: Interface eth2 (index 4) is up.
[1711397788] SERVICE ALERT: SRV_Soporte;CPU;OK;SOFT;2;OK: Percent was 38.62 %
[1711397863] SERVICE ALERT: FW Cass Telsur;Ancho de Banda LAN;CRITICAL;SOFT;1;(No output on stdout) stderr:
[1711397909] SERVICE ALERT: SRV_Soporte;CPU;WARNING;SOFT;1;WARNING: Percent was 65.90 %
[1711397984] SERVICE ALERT: FW Cass Telsur;Ancho de Banda LAN;OK;SOFT;2;OK - Average IN: 87.15KB (0.07%), Average OUT: 664.48KB (0.53%)Total RX: 365.13GBytes, Total TX: 578.88GBytes
[1711398029] SERVICE ALERT: SRV_Soporte;CPU;OK;SOFT;2;OK: Percent was 38.62 %
[1711398210] SERVICE ALERT: SRV_Soporte;CPU;CRITICAL;SOFT;1;CRITICAL: Percent was 76.62 %
[1711398331] SERVICE ALERT: SRV_Soporte;CPU;OK;SOFT;2;OK: Percent was 31.82 %
[1711398512] SERVICE ALERT: SRV_Soporte;CPU;WARNING;SOFT;1;WARNING: Percent was 65.90 %
[1711398633] SERVICE ALERT: SRV_Soporte;CPU;OK;SOFT;2;OK: Percent was 35.62 %
[1711398898] SERVICE ALERT: FW Cass Telsur;Ancho de Banda WAN;CRITICAL;SOFT;1;(No output on stdout) stderr:
[1711399018] SERVICE ALERT: FW Cass Telsur;Ancho de Banda WAN;OK;SOFT;2;OK - Average IN: 340.33B (0.00%), Average OUT: 126.52B (0.00%)Total RX: 3965.38GBytes, Total TX: 3835.77GBytes
[1711399534] SERVICE ALERT: SRV_Soporte;CPU;WARNING;SOFT;1;WARNING: Percent was 67.43 %
[1711399654] SERVICE ALERT: SRV_Soporte;CPU;OK;SOFT;2;OK: Percent was 1.50 %
[1711399976] Auto-save of retention data completed successfully.
[1711400555] SERVICE ALERT: SRV_Soporte;CPU;CRITICAL;SOFT;1;CRITICAL: Percent was 80.30 %
[1711400675] SERVICE ALERT: SRV_Soporte;CPU;OK;SOFT;2;OK: Percent was 50.75 %
[1711401894] SERVICE ALERT: FW Cass Telsur;Ancho de Banda LAN;CRITICAL;SOFT;1;(No output on stdout) stderr:
[1711402015] SERVICE ALERT: FW Cass Telsur;Ancho de Banda LAN;OK;SOFT;2;OK - Average IN: 65.40KB (0.05%), Average OUT: 449.61KB (0.36%)Total RX: 366.02GBytes, Total TX: 580.88GBytes
[1711402835] SERVICE ALERT: SRV_Soporte;CPU;CRITICAL;SOFT;1;CRITICAL: Percent was 71.20 %
[1711402956] SERVICE ALERT: SRV_Soporte;CPU;OK;SOFT;2;OK: Percent was 39.40 %
[1711403437] SERVICE ALERT: SRV_Soporte;CPU;WARNING;SOFT;1;WARNING: Percent was 61.38 %
[1711403557] SERVICE ALERT: SRV_Soporte;CPU;OK;SOFT;2;OK: Percent was 34.85 %
[1711403576] Auto-save of retention data completed successfully.
[1711404098] SERVICE ALERT: SRV_Soporte;CPU;WARNING;SOFT;1;WARNING: Percent was 69.70 %
[1711404218] SERVICE ALERT: SRV_Soporte;CPU;OK;SOFT;2;OK: Percent was 34.85 %
[1711407176] Auto-save of retention data completed successfully.
[1711410776] Auto-save of retention data completed successfully.
[1711412258] SERVICE ALERT: SRV_Soporte;CPU;WARNING;SOFT;1;WARNING: Percent was 66.65 %
[1711412379] SERVICE ALERT: SRV_Soporte;CPU;OK;SOFT;2;OK: Percent was 29.55 %
[1711413520] SERVICE ALERT: SRV_Soporte;CPU;WARNING;SOFT;1;WARNING: Percent was 63.62 %
[1711413640] SERVICE ALERT: SRV_Soporte;CPU;OK;SOFT;2;OK: Percent was 42.42 %
[1711414376] Auto-save of retention data completed successfully.
[1711414836] wproc: Core Worker 1157: job 627830 (pid=23883) timed out. Killing it
[1711414836] wproc: CHECK job 627830 from worker Core Worker 1157 timed out after 30.01s
[1711414836] wproc:   host=Exper03.exxperience.cl; service=(null);
[1711414836] wproc:   early_timeout=1; exited_ok=0; wait_status=0; error_code=62;
[1711414836] Warning: Check of host 'Exper03.exxperience.cl' timed out after 30.01 seconds
[1711414836] HOST ALERT: Exper03.exxperience.cl;DOWN;SOFT;1;(Host check timed out after 30.01 seconds)
[1711414836] wproc: Core Worker 1157: job 627830 (pid=23883): Dormant child reaped
[1711414926] wproc: Core Worker 1158: job 627909 (pid=25054) timed out. Killing it
[1711414926] wproc: CHECK job 627909 from worker Core Worker 1158 timed out after 30.00s
[1711414926] wproc:   host=Exper03.exxperience.cl; service=(null);
[1711414926] wproc:   early_timeout=1; exited_ok=0; wait_status=0; error_code=62;
[1711414926] Warning: Check of host 'Exper03.exxperience.cl' timed out after 30.00 seconds
[1711414926] HOST ALERT: Exper03.exxperience.cl;DOWN;SOFT;2;(Host check timed out after 30.00 seconds)
[1711414926] wproc: Core Worker 1158: job 627909 (pid=25054): Dormant child reaped
[1711414961] SERVICE ALERT: SRV_Soporte;CPU;WARNING;SOFT;1;WARNING: Percent was 67.40 %
[1711414990] HOST ALERT: Exper03.exxperience.cl;UP;SOFT;1;PING OK - Packet loss = 0%, RTA = 2.75 ms
[1711415081] SERVICE ALERT: SRV_Soporte;CPU;OK;SOFT;2;OK: Percent was 42.45 %
[1711417542] SERVICE ALERT: SRV_Soporte;CPU;WARNING;SOFT;1;WARNING: Percent was 62.88 %
[1711417662] SERVICE ALERT: SRV_Soporte;CPU;OK;SOFT;2;OK: Percent was 31.25 %
[1711417976] Auto-save of retention data completed successfully.
[1711418436] SERVICE ALERT: SRV_GLPI;CPU;CRITICAL;SOFT;1;CRITICAL: Percent was 97.97 %
[1711418557] SERVICE ALERT: SRV_GLPI;CPU;OK;SOFT;2;OK: Percent was 0.00 %
[1711419344] SERVICE ALERT: Veeam2023.cass.pmc;Actualizacion;UNKNOWN;HARD;3;CHECK_NRPE: Receive header underflow - only 0 bytes received (4 expected).
[1711419405] SERVICE ALERT: Veeam2023.cass.pmc;Actualizacion;CRITICAL;HARD;3;Updates: 3 critical, 0 optional
[1711420801] SERVICE ALERT: SRV_email.cass.cl;Correo Pop;CRITICAL;SOFT;1;(No output on stdout) stderr: connect to address 10.0.2.25 port 5666: Connection refused
[1711420921] SERVICE ALERT: SRV_email.cass.cl;Correo Pop;OK;SOFT;2;POP OK - 0.002 second response time on 10.0.2.25 port 110 [+OK GroupWise POP3 server ready]
[1711421142] SERVICE ALERT: SRV_Soporte;CPU;WARNING;SOFT;1;WARNING: Percent was 62.85 %
[1711421263] SERVICE ALERT: SRV_Soporte;CPU;OK;SOFT;2;OK: Percent was 35.60 %
[1711421576] Auto-save of retention data completed successfully.
