[1693195200] LOG ROTATION: DAILY
[1693195200] LOG VERSION: 2.0
[1693195200] CURRENT HOST STATE: ADL Diagnostic;UP;HARD;1;PING OK - Packet loss = 50%, RTA = 36.53 ms
[1693195200] CURRENT HOST STATE: Blueshell;UP;HARD;1;PING OK - Packet loss = 0%, RTA = 3.21 ms
[1693195200] CURRENT HOST STATE: Cass Entel;UP;HARD;1;PING OK - Packet loss = 0%, RTA = 0.60 ms
[1693195200] CURRENT HOST STATE: Cass Telsur;UP;HARD;1;PING OK - Packet loss = 54%, RTA = 1.01 ms
[1693195200] CURRENT HOST STATE: Clinica PV Movistar;UP;HARD;1;PING OK - Packet loss = 50%, RTA = 38.81 ms
[1693195200] CURRENT HOST STATE: Clinica PV Telsur;UP;HARD;1;PING OK - Packet loss = 0%, RTA = 1.39 ms
[1693195200] CURRENT HOST STATE: Confe;UP;HARD;1;PING OK - Packet loss = 0%, RTA = 39.90 ms
[1693195200] CURRENT HOST STATE: Electric Works;UP;HARD;1;PING OK - Packet loss = 0%, RTA = 33.02 ms
[1693195200] CURRENT HOST STATE: Ext Entel;UP;HARD;1;PING OK - Packet loss = 0%, RTA = 0.60 ms
[1693195200] CURRENT HOST STATE: Ext Telsur;UP;HARD;1;PING OK - Packet loss = 44%, RTA = 1.16 ms
[1693195200] CURRENT HOST STATE: FW ADL Diagnostic;UP;HARD;1;PING OK - Packet loss = 0%, RTA = 32.71 ms
[1693195200] CURRENT HOST STATE: FW Blueshell;UP;HARD;1;PING OK - Packet loss = 0%, RTA = 3.45 ms
[1693195200] CURRENT HOST STATE: FW Cass Entel;UP;HARD;1;PING OK - Packet loss = 0%, RTA = 32.75 ms
[1693195200] CURRENT HOST STATE: FW Cass Telsur;UP;HARD;1;PING OK - Packet loss = 0%, RTA = 0.57 ms
[1693195200] CURRENT HOST STATE: FW Clinica PV Movistar;UP;HARD;1;PING OK - Packet loss = 0%, RTA = 36.44 ms
[1693195200] CURRENT HOST STATE: FW Clinica PV Telsur;UP;HARD;1;PING OK - Packet loss = 0%, RTA = 1.39 ms
[1693195200] CURRENT HOST STATE: FW Confe;UP;HARD;1;PING OK - Packet loss = 0%, RTA = 39.18 ms
[1693195200] CURRENT HOST STATE: FW Electric Works;UP;HARD;1;PING OK - Packet loss = 0%, RTA = 34.15 ms
[1693195200] CURRENT HOST STATE: FW Gore Los Lagos;UP;HARD;1;PING OK - Packet loss = 0%, RTA = 1.25 ms
[1693195200] CURRENT HOST STATE: FW Pasmar;UP;HARD;1;PING OK - Packet loss = 0%, RTA = 1.37 ms
[1693195200] CURRENT HOST STATE: Gore Los Lagos;UP;HARD;1;PING OK - Packet loss = 0%, RTA = 1.15 ms
[1693195200] CURRENT HOST STATE: Host-10.0.0.120;UP;HARD;1;PING OK - Packet loss = 0%, RTA = 0.49 ms
[1693195200] CURRENT HOST STATE: Host-10.0.0.121;UP;HARD;1;PING OK - Packet loss = 0%, RTA = 0.66 ms
[1693195200] CURRENT HOST STATE: Internet;UP;HARD;1;PING OK - Packet loss = 0%, RTA = 17.75 ms
[1693195200] CURRENT HOST STATE: Pasmar;UP;HARD;1;PING OK - Packet loss = 0%, RTA = 1.04 ms
[1693195200] CURRENT HOST STATE: Qnap NAS;UP;HARD;1;PING OK - Packet loss = 0%, RTA = 0.25 ms
[1693195200] CURRENT HOST STATE: SRV01USER_cass.cl;UP;HARD;1;PING OK - Packet loss = 0%, RTA = 2.13 ms
[1693195200] CURRENT HOST STATE: SRV04AD01.cass.cl;UP;HARD;1;PING OK - Packet loss = 0%, RTA = 1.83 ms
[1693195200] CURRENT HOST STATE: SRV05AD02_cass.cl;UP;HARD;1;PING OK - Packet loss = 0%, RTA = 1.45 ms
[1693195200] CURRENT HOST STATE: SRV11VIBE_cass.cl;UP;HARD;1;PING OK - Packet loss = 0%, RTA = 1.26 ms
[1693195200] CURRENT HOST STATE: SRV12WEB_cass.cl;UP;HARD;1;PING OK - Packet loss = 0%, RTA = 1.07 ms
[1693195200] CURRENT HOST STATE: SRVAD1.cass.pmc;UP;HARD;1;PING OK - Packet loss = 0%, RTA = 1.77 ms
[1693195200] CURRENT HOST STATE: SRVAD2.cass.pmc;UP;HARD;1;PING OK - Packet loss = 0%, RTA = 1.57 ms
[1693195200] CURRENT HOST STATE: SRVADMIN.cass.pmc;UP;HARD;1;PING OK - Packet loss = 0%, RTA = 1.66 ms
[1693195200] CURRENT HOST STATE: SRVCONT.cass.cl;UP;HARD;1;PING OK - Packet loss = 0%, RTA = 3.19 ms
[1693195200] CURRENT HOST STATE: SRVDC1.cass.pmc;UP;HARD;1;PING OK - Packet loss = 0%, RTA = 1.62 ms
[1693195200] CURRENT HOST STATE: SRVDNS;UP;HARD;1;PING OK - Packet loss = 0%, RTA = 0.97 ms
[1693195200] CURRENT HOST STATE: SRVMFSD;UP;HARD;1;PING OK - Packet loss = 0%, RTA = 1.25 ms
[1693195200] CURRENT HOST STATE: SRV_Cfiler.cass.cl;UP;HARD;1;PING OK - Packet loss = 0%, RTA = 0.54 ms
[1693195200] CURRENT HOST STATE: SRV_Oraculo_cass.cl;UP;HARD;1;PING OK - Packet loss = 0%, RTA = 1.14 ms
[1693195200] CURRENT HOST STATE: SRV_SOS2021.cass.cl;UP;HARD;1;PING OK - Packet loss = 0%, RTA = 0.62 ms
[1693195200] CURRENT HOST STATE: SRV_SUM;UP;HARD;1;PING OK - Packet loss = 0%, RTA = 0.81 ms
[1693195200] CURRENT HOST STATE: SRV_chat.cass.cl;UP;HARD;1;PING OK - Packet loss = 0%, RTA = 0.63 ms
[1693195200] CURRENT HOST STATE: SRV_email.cass.cl;UP;HARD;1;PING OK - Packet loss = 0%, RTA = 1.09 ms
[1693195200] CURRENT HOST STATE: SRV_nagios;UP;HARD;1;PING OK - Packet loss = 0%, RTA = 0.08 ms
[1693195200] CURRENT HOST STATE: SRV_sync.cass.cl;UP;HARD;1;PING OK - Packet loss = 28%, RTA = 1.02 ms
[1693195200] CURRENT HOST STATE: Servidor Vcenter;UP;HARD;1;PING OK - Packet loss = 0%, RTA = 0.51 ms
[1693195200] CURRENT HOST STATE: Servidores CASS;UP;HARD;1;PING OK - Packet loss = 0%, RTA = 1.24 ms
[1693195200] CURRENT HOST STATE: Ups Principal;UP;HARD;1;PING OK - Packet loss = 0%, RTA = 1.03 ms
[1693195200] CURRENT HOST STATE: Veeam2023.cass.pmc;UP;HARD;1;PING OK - Packet loss = 0%, RTA = 1.61 ms
[1693195200] CURRENT HOST STATE: web_cass_cl;UP;HARD;1;PING OK - Packet loss = 0%, RTA = 0.75 ms
[1693195200] CURRENT SERVICE STATE: ADL Diagnostic;Ping;OK;HARD;1;PING OK - Packet loss = 0%, RTA = 36.75 ms
[1693195200] CURRENT SERVICE STATE: Blueshell;Ping;OK;HARD;1;PING OK - Packet loss = 0%, RTA = 3.16 ms
[1693195200] CURRENT SERVICE STATE: Clinica PV Movistar;Ping;OK;HARD;1;PING OK - Packet loss = 16%, RTA = 31.60 ms
[1693195200] CURRENT SERVICE STATE: Confe;Ping;CRITICAL;HARD;1;PING CRITICAL - Packet loss = 100%
[1693195200] CURRENT SERVICE STATE: Electric Works;Ping;OK;HARD;1;PING OK - Packet loss = 0%, RTA = 33.13 ms
[1693195200] CURRENT SERVICE STATE: Ext Telsur;Ping;OK;HARD;1;PING OK - Packet loss = 0%, RTA = 1.29 ms
[1693195200] CURRENT SERVICE STATE: FW ADL Diagnostic;Ping;OK;HARD;1;PING OK - Packet loss = 0%, RTA = 32.91 ms
[1693195200] CURRENT SERVICE STATE: FW Blueshell;Ping;OK;HARD;1;PING OK - Packet loss = 0%, RTA = 3.22 ms
[1693195200] CURRENT SERVICE STATE: FW Cass Entel;Ping;OK;HARD;1;PING OK - Packet loss = 0%, RTA = 32.79 ms
[1693195200] CURRENT SERVICE STATE: FW Cass Telsur;Ancho de Banda DMZ;OK;HARD;1;OK - Average IN: 2.84KB (0.00%), Average OUT: 4.13KB (0.00%)Total RX: 29.10GBytes, Total TX: 32.55GBytes
[1693195200] CURRENT SERVICE STATE: FW Cass Telsur;Ancho de Banda LAN;OK;HARD;1;OK - Average IN: 859.93B (0.00%), Average OUT: 853.53B (0.00%)Total RX: 490.05GBytes, Total TX: 471.93GBytes
[1693195200] CURRENT SERVICE STATE: FW Cass Telsur;Ancho de Banda WAN;OK;HARD;1;OK - Average IN: 248.95B (0.00%), Average OUT: 94.43B (0.00%)Total RX: 8585.12GBytes, Total TX: 4936.59GBytes
[1693195200] CURRENT SERVICE STATE: FW Cass Telsur;Estado Puerto DMZ;OK;HARD;1;OK: Interface eth2 (index 4) is up.
[1693195200] CURRENT SERVICE STATE: FW Cass Telsur;Estado Puerto LAN;OK;HARD;1;OK: Interface eth0 (index 2) is up.
[1693195200] CURRENT SERVICE STATE: FW Cass Telsur;Estado Puerto WAN;OK;HARD;1;OK: Interface eth1 (index 3) is up.
[1693195200] CURRENT SERVICE STATE: FW Cass Telsur;Estado TCP Sophos;OK;HARD;1;TCP OK - 0.000 second response time on 201.220.96.34 port 4444
[1693195200] CURRENT SERVICE STATE: FW Cass Telsur;Ping;OK;HARD;1;PING OK - Packet loss = 0%, RTA = 0.56 ms
[1693195200] CURRENT SERVICE STATE: FW Cass Telsur;Tiempo Activo;OK;HARD;1;SNMP OK - Timeticks: (157732557) 18 days, 6:08:45.57
[1693195200] CURRENT SERVICE STATE: FW Clinica PV Movistar;Ping;OK;HARD;1;PING OK - Packet loss = 64%, RTA = 42.28 ms
[1693195200] CURRENT SERVICE STATE: FW Confe;Ping;OK;HARD;1;PING OK - Packet loss = 0%, RTA = 39.50 ms
[1693195200] CURRENT SERVICE STATE: FW Electric Works;Ping;OK;HARD;1;PING OK - Packet loss = 0%, RTA = 33.94 ms
[1693195200] CURRENT SERVICE STATE: FW Gore Los Lagos;Ping;OK;HARD;1;PING OK - Packet loss = 0%, RTA = 1.28 ms
[1693195200] CURRENT SERVICE STATE: FW Pasmar;Ping;OK;HARD;1;PING OK - Packet loss = 0%, RTA = 1.37 ms
[1693195200] CURRENT SERVICE STATE: Gore Los Lagos;Ping;OK;HARD;1;PING OK - Packet loss = 0%, RTA = 1.33 ms
[1693195200] CURRENT SERVICE STATE: Host-10.0.0.120;Ping;OK;HARD;1;PING OK - Packet loss = 0%, RTA = 0.46 ms
[1693195200] CURRENT SERVICE STATE: Host-10.0.0.121;Ping;OK;HARD;1;PING OK - Packet loss = 0%, RTA = 0.50 ms
[1693195200] CURRENT SERVICE STATE: Pasmar;Ping;OK;HARD;1;PING OK - Packet loss = 58%, RTA = 1.18 ms
[1693195200] CURRENT SERVICE STATE: Qnap NAS;Almacenamiento;OK;HARD;1;OK: Total:50TB - Used:28TB - Free:22TB - Used Space: 55%
[1693195200] CURRENT SERVICE STATE: Qnap NAS;Estado;OK;HARD;1;Power Supply #1 - OK: GOOD
[1693195200] CURRENT SERVICE STATE: Qnap NAS;Memoria;OK;HARD;1;OK: Total:3830MB - Used:1272MB - Free:2558MB = 34%
[1693195200] CURRENT SERVICE STATE: Qnap NAS;Sysinfo;OK;HARD;1;NAS Cloud, Model TS-879U-RP, Firmware 4.3.6, Max HD number 8, No. Volume 1
[1693195200] CURRENT SERVICE STATE: Qnap NAS;Temperatura;OK;HARD;1;OK: Temperature=34C
[1693195200] CURRENT SERVICE STATE: Qnap NAS;Tiempo Activo;OK;HARD;1;SNMP OK - Timeticks: (290503821) 33 days, 14:57:18.21
[1693195200] CURRENT SERVICE STATE: SRV01USER_cass.cl;Actualizacion;CRITICAL;HARD;3;Updates: 11 critical, 0 optional
[1693195200] CURRENT SERVICE STATE: SRV01USER_cass.cl;Almacenamiento C;WARNING;HARD;3;c:\ - total: 119.40 Gb - used: 100.01 Gb (84%) - free 19.39 Gb (16%)
[1693195200] CURRENT SERVICE STATE: SRV01USER_cass.cl;Almacenamiento U;OK;HARD;1;u:\ - total: 1023.98 Gb - used: 181.60 Gb (18%) - free 842.38 Gb (82%)
[1693195200] CURRENT SERVICE STATE: SRV01USER_cass.cl;CPU;OK;HARD;1;CPU Load 2% (5 min average)
[1693195200] CURRENT SERVICE STATE: SRV01USER_cass.cl;Memoria;OK;HARD;1;Memory usage: total:29952.35 MB - used: 17784.36 MB (59%) - free: 12168.00 MB (41%)
[1693195200] CURRENT SERVICE STATE: SRV01USER_cass.cl;Ping;OK;HARD;1;PING OK - Packet loss = 0%, RTA = 3.55 ms
[1693195200] CURRENT SERVICE STATE: SRV01USER_cass.cl;Tiempo Activo;OK;HARD;1;System Uptime - 40 day(s) 4 hour(s) 7 minute(s)
[1693195200] CURRENT SERVICE STATE: SRV04AD01.cass.cl;Ping;OK;HARD;1;PING OK - Packet loss = 0%, RTA = 2.01 ms
[1693195200] CURRENT SERVICE STATE: SRV05AD02_cass.cl;Ping;OK;HARD;1;PING OK - Packet loss = 0%, RTA = 1.54 ms
[1693195200] CURRENT SERVICE STATE: SRV11VIBE_cass.cl;Actualizacion;CRITICAL;HARD;3;Updates CRITICAL : discontinued OS Release SLE 15.1: At least one of your Repositories might be out of date. Please run "zypper refresh" as root to update it.  2 security update(s): 1 recommended update(s):  2 package update(s):
[1693195200] CURRENT SERVICE STATE: SRV11VIBE_cass.cl;Almacenamiento /;OK;HARD;1;DISK OK - free space: /var/tmp 78649 MiB (85.83% inode=-):
[1693195200] CURRENT SERVICE STATE: SRV11VIBE_cass.cl;CPU;OK;HARD;1;OK - load average per CPU: 0.03, 0.03, 0.02
[1693195200] CURRENT SERVICE STATE: SRV11VIBE_cass.cl;Memoria;OK;HARD;1;[MEMORY] Total: 7693 MB - Used: 5019 MB - 65% [SWAP] Total: 7944 MB - Used: 442 MB - 5%
[1693195200] CURRENT SERVICE STATE: SRV11VIBE_cass.cl;Ping;OK;HARD;1;PING OK - Packet loss = 0%, RTA = 1.64 ms
[1693195200] CURRENT SERVICE STATE: SRV11VIBE_cass.cl;Proceso Vibe;OK;HARD;1;PROCS OK: 0 processes with command name 'vibe'
[1693195200] CURRENT SERVICE STATE: SRV11VIBE_cass.cl;Procesos;OK;HARD;1;PROCS OK: 319 processes
[1693195200] CURRENT SERVICE STATE: SRV11VIBE_cass.cl;Procesos Zombies;OK;HARD;1;PROCS OK: 0 processes with STATE = Z
[1693195200] CURRENT SERVICE STATE: SRV11VIBE_cass.cl;Puerto HTTP;OK;HARD;1;TCP OK - 0.001 second response time on 10.0.2.13 port 80
[1693195200] CURRENT SERVICE STATE: SRV11VIBE_cass.cl;Puerto HTTPS;OK;HARD;1;TCP OK - 0.001 second response time on 10.0.2.13 port 443
[1693195200] CURRENT SERVICE STATE: SRV11VIBE_cass.cl;Servicio Vibe;OK;HARD;1;OK: Service vibe is running!
[1693195200] CURRENT SERVICE STATE: SRV11VIBE_cass.cl;Tiempo Activo;WARNING;HARD;3;Uptime WARNING: 128 day(s) 14 hour(s) 15 minute(s)
[1693195200] CURRENT SERVICE STATE: SRV11VIBE_cass.cl;Usuarios Login;OK;HARD;1;USERS OK - 2 users currently logged in
[1693195200] CURRENT SERVICE STATE: SRV12WEB_cass.cl;Ping;OK;HARD;1;PING OK - Packet loss = 0%, RTA = 1.24 ms
[1693195200] CURRENT SERVICE STATE: SRVAD1.cass.pmc;Ping;OK;HARD;1;PING OK - Packet loss = 0%, RTA = 1.61 ms
[1693195200] CURRENT SERVICE STATE: SRVAD2.cass.pmc;Ping;OK;HARD;1;PING OK - Packet loss = 0%, RTA = 1.28 ms
[1693195200] CURRENT SERVICE STATE: SRVADMIN.cass.pmc;Actualizacion;CRITICAL;HARD;3;Updates: 4 critical, 0 optional
[1693195200] CURRENT SERVICE STATE: SRVADMIN.cass.pmc;Almacenamiento;OK;HARD;1;c:\ - total: 299.66 Gb - used: 165.77 Gb (55%) - free 133.89 Gb (45%)
[1693195200] CURRENT SERVICE STATE: SRVADMIN.cass.pmc;CPU;OK;HARD;1;CPU Load 0% (5 min average)
[1693195200] CURRENT SERVICE STATE: SRVADMIN.cass.pmc;Memoria;OK;HARD;1;Memory usage: total:18079.09 MB - used: 13554.91 MB (75%) - free: 4524.18 MB (25%)
[1693195200] CURRENT SERVICE STATE: SRVADMIN.cass.pmc;Ping;OK;HARD;1;PING OK - Packet loss = 0%, RTA = 1.58 ms
[1693195200] CURRENT SERVICE STATE: SRVADMIN.cass.pmc;Tiempo Activo;OK;HARD;1;System Uptime - 40 day(s) 3 hour(s) 15 minute(s)
[1693195200] CURRENT SERVICE STATE: SRVCONT.cass.cl;Actualizacion;CRITICAL;HARD;3;Updates: 3 critical, 0 optional
[1693195200] CURRENT SERVICE STATE: SRVCONT.cass.cl;Almacenamiento;OK;HARD;1;c:\ - total: 299.33 Gb - used: 41.73 Gb (14%) - free 257.60 Gb (86%)
[1693195200] CURRENT SERVICE STATE: SRVCONT.cass.cl;CPU;OK;HARD;1;CPU Load 2% (5 min average)
[1693195200] CURRENT SERVICE STATE: SRVCONT.cass.cl;Memoria;OK;HARD;1;Memory usage: total:14143.13 MB - used: 3886.91 MB (27%) - free: 10256.22 MB (73%)
[1693195200] CURRENT SERVICE STATE: SRVCONT.cass.cl;Ping;OK;HARD;1;PING OK - Packet loss = 0%, RTA = 3.58 ms
[1693195200] CURRENT SERVICE STATE: SRVCONT.cass.cl;Tiempo Activo;OK;HARD;1;System Uptime - 40 day(s) 3 hour(s) 18 minute(s)
[1693195200] CURRENT SERVICE STATE: SRVDC1.cass.pmc;Ping;OK;HARD;1;PING OK - Packet loss = 0%, RTA = 1.73 ms
[1693195200] CURRENT SERVICE STATE: SRVDNS;Ping;OK;HARD;1;PING OK - Packet loss = 0%, RTA = 0.96 ms
[1693195200] CURRENT SERVICE STATE: SRVMFSD;Ping;OK;HARD;1;PING OK - Packet loss = 0%, RTA = 1.20 ms
[1693195200] CURRENT SERVICE STATE: SRV_Cfiler.cass.cl;Actualizacion;OK;HARD;1;Updates OK : no updates available
[1693195200] CURRENT SERVICE STATE: SRV_Cfiler.cass.cl;Almacenamiento /;OK;HARD;1;DISK OK - free space: / 2468028 MB (73% inode=-):
[1693195200] CURRENT SERVICE STATE: SRV_Cfiler.cass.cl;CPU;OK;HARD;1;OK - load average: 0.08, 0.10, 0.09
[1693195200] CURRENT SERVICE STATE: SRV_Cfiler.cass.cl;Http;OK;HARD;1;TCP OK - 0.000 second response time on port 80
[1693195200] CURRENT SERVICE STATE: SRV_Cfiler.cass.cl;Https;OK;HARD;1;TCP OK - 0.000 second response time on port 443
[1693195200] CURRENT SERVICE STATE: SRV_Cfiler.cass.cl;Memoria;OK;HARD;1;[MEMORY] Total: 3893 MB - Used: 1067 MB - 27% [SWAP] Total: 2047 MB - Used: 412 MB - 20%
[1693195200] CURRENT SERVICE STATE: SRV_Cfiler.cass.cl;Procesos;OK;HARD;1;PROCS OK: 302 processes
[1693195200] CURRENT SERVICE STATE: SRV_Cfiler.cass.cl;Procesos Zombies;OK;HARD;1;PROCS OK: 0 processes with STATE = Z
[1693195200] CURRENT SERVICE STATE: SRV_Cfiler.cass.cl;Procs Apache;OK;HARD;1;PROCS OK: 11 processes with args 'apache2'
[1693195200] CURRENT SERVICE STATE: SRV_Cfiler.cass.cl;Serv Apache;OK;HARD;1;OK: Service apache is running!
[1693195200] CURRENT SERVICE STATE: SRV_Cfiler.cass.cl;Servicio General;OK;HARD;1;PING OK - Packet loss = 0%, RTA = 0.56 ms
[1693195200] CURRENT SERVICE STATE: SRV_Cfiler.cass.cl;Tiempo Activo;WARNING;HARD;3;Uptime WARNING: 131 day(s) 2 hour(s) 3 minute(s)
[1693195200] CURRENT SERVICE STATE: SRV_Cfiler.cass.cl;Usuarios Login;OK;HARD;1;USERS OK - 1 users currently logged in
[1693195200] CURRENT SERVICE STATE: SRV_Oraculo_cass.cl;Ping;OK;HARD;1;PING OK - Packet loss = 0%, RTA = 1.03 ms
[1693195200] CURRENT SERVICE STATE: SRV_SOS2021.cass.cl;Actualizacion;OK;HARD;1;Updates OK : no updates available
[1693195200] CURRENT SERVICE STATE: SRV_SOS2021.cass.cl;Almacenamiento /;OK;HARD;1;DISK OK - free space: /var/tmp 118433 MiB (91.15% inode=-):
[1693195200] CURRENT SERVICE STATE: SRV_SOS2021.cass.cl;CPU;OK;HARD;1;OK - load average per CPU: 0.03, 0.02, 0.01
[1693195200] CURRENT SERVICE STATE: SRV_SOS2021.cass.cl;Memoria;OK;HARD;1;[MEMORY] Total: 7946 MB - Used: 1565 MB - 19% [SWAP] Total: 10239 MB - Used: 0 MB - 0%
[1693195200] CURRENT SERVICE STATE: SRV_SOS2021.cass.cl;Ping;OK;HARD;1;PING OK - Packet loss = 0%, RTA = 0.58 ms
[1693195200] CURRENT SERVICE STATE: SRV_SOS2021.cass.cl;Procesos;OK;HARD;1;PROCS OK: 310 processes
[1693195200] CURRENT SERVICE STATE: SRV_SOS2021.cass.cl;Procesos Zombies;OK;HARD;1;PROCS OK: 0 processes with STATE = Z
[1693195200] CURRENT SERVICE STATE: SRV_SOS2021.cass.cl;Tiempo Activo;OK;HARD;1;Uptime OK: 158 day(s) 11 hour(s) 37 minute(s)
[1693195200] CURRENT SERVICE STATE: SRV_SOS2021.cass.cl;Usuarios Login;OK;HARD;1;USERS OK - 0 users currently logged in
[1693195200] CURRENT SERVICE STATE: SRV_SUM;Ping;OK;HARD;1;PING OK - Packet loss = 0%, RTA = 0.63 ms
[1693195200] CURRENT SERVICE STATE: SRV_chat.cass.cl;Actualizacion;OK;HARD;1;Updates OK : no updates available
[1693195200] CURRENT SERVICE STATE: SRV_chat.cass.cl;Almacenamiento /;OK;HARD;1;DISK OK - free space: /var/tmp 971972 MiB (93.00% inode=-):
[1693195200] CURRENT SERVICE STATE: SRV_chat.cass.cl;CPU;OK;HARD;1;OK - load average per CPU: 0.04, 0.05, 0.04
[1693195200] CURRENT SERVICE STATE: SRV_chat.cass.cl;Memoria;OK;HARD;1;[MEMORY] Total: 7919 MB - Used: 3552 MB - 44% [SWAP] Total: 2048 MB - Used: 1045 MB - 51%
[1693195200] CURRENT SERVICE STATE: SRV_chat.cass.cl;Ping;OK;HARD;1;PING OK - Packet loss = 0%, RTA = 0.69 ms
[1693195200] CURRENT SERVICE STATE: SRV_chat.cass.cl;Proceso Docker;OK;HARD;1;PROCS OK: 0 processes with command name 'docker'
[1693195200] CURRENT SERVICE STATE: SRV_chat.cass.cl;Proceso Nginx;OK;HARD;1;PROCS OK: 3 processes with command name 'nginx'
[1693195200] CURRENT SERVICE STATE: SRV_chat.cass.cl;Procesos;OK;HARD;1;PROCS OK: 305 processes
[1693195200] CURRENT SERVICE STATE: SRV_chat.cass.cl;Procesos Zombies;OK;HARD;1;PROCS OK: 1 process with STATE = Z
[1693195200] CURRENT SERVICE STATE: SRV_chat.cass.cl;Puerto Contenedor;OK;HARD;1;TCP OK - 0.000 second response time on port 8000
[1693195200] CURRENT SERVICE STATE: SRV_chat.cass.cl;Puerto HTTP;OK;HARD;1;TCP OK - 0.000 second response time on port 80
[1693195200] CURRENT SERVICE STATE: SRV_chat.cass.cl;Puerto HTTPS;OK;HARD;1;TCP OK - 0.000 second response time on port 443
[1693195200] CURRENT SERVICE STATE: SRV_chat.cass.cl;Puerto Portainer;OK;HARD;1;TCP OK - 0.000 second response time on port 9443
[1693195200] CURRENT SERVICE STATE: SRV_chat.cass.cl;Servicio Docker;OK;HARD;1;OK: Service docker is running!
[1693195200] CURRENT SERVICE STATE: SRV_chat.cass.cl;Servicio Nginx;OK;HARD;1;OK: Service nginx is running!
[1693195200] CURRENT SERVICE STATE: SRV_chat.cass.cl;Usuarios Login;OK;HARD;1;USERS OK - 2 users currently logged in
[1693195200] CURRENT SERVICE STATE: SRV_email.cass.cl;Actualizacion;OK;HARD;1;Updates OK : no updates available
[1693195200] CURRENT SERVICE STATE: SRV_email.cass.cl;Almacenamiento /;OK;HARD;1;DISK OK - free space: /var/tmp 476371 MiB (94.03% inode=-):
[1693195200] CURRENT SERVICE STATE: SRV_email.cass.cl;Almacenamiento Mail;OK;HARD;1;DISK OK - free space: /mail 1806589 MiB (92.25% inode=99%):
[1693195200] CURRENT SERVICE STATE: SRV_email.cass.cl;Almacenamiento Mail2;OK;HARD;1;DISK OK - free space: /mail2 476518 MiB (99.84% inode=100%):
[1693195200] CURRENT SERVICE STATE: SRV_email.cass.cl;CPU;OK;HARD;1;OK - load average per CPU: 0.03, 0.02, 0.02
[1693195200] CURRENT SERVICE STATE: SRV_email.cass.cl;Correo Pop;OK;HARD;1;POP OK - 0.001 second response time on 10.0.2.25 port 110 [+OK GroupWise POP3 server ready]
[1693195200] CURRENT SERVICE STATE: SRV_email.cass.cl;Correo Smtp;OK;HARD;1;SMTP OK - 0.011 sec. response time
[1693195200] CURRENT SERVICE STATE: SRV_email.cass.cl;Memoria;OK;HARD;1;[MEMORY] Total: 11939 MB - Used: 2799 MB - 23% [SWAP] Total: 2048 MB - Used: 489 MB - 23%
[1693195200] CURRENT SERVICE STATE: SRV_email.cass.cl;Ping;OK;HARD;1;PING OK - Packet loss = 28%, RTA = 1.27 ms
[1693195200] CURRENT SERVICE STATE: SRV_email.cass.cl;Procesos;OK;HARD;1;PROCS OK: 309 processes
[1693195200] CURRENT SERVICE STATE: SRV_email.cass.cl;Procesos Zombies;OK;HARD;1;PROCS OK: 0 processes with STATE = Z
[1693195200] CURRENT SERVICE STATE: SRV_email.cass.cl;Tiempo Activo;OK;HARD;1;Uptime OK: 143 day(s) 10 hour(s) 46 minute(s)
[1693195200] CURRENT SERVICE STATE: SRV_email.cass.cl;Usuarios Login;OK;HARD;1;USERS OK - 1 users currently logged in
[1693195200] CURRENT SERVICE STATE: SRV_nagios;Actualizacion;CRITICAL;HARD;4;YUM CRITICAL: 11 Updates Available
[1693195200] CURRENT SERVICE STATE: SRV_nagios;CPU;OK;HARD;1;OK - load average: 0.07, 0.10, 0.11
[1693195200] CURRENT SERVICE STATE: SRV_nagios;Memoria;OK;HARD;1;[MEMORY] Total: 7740 MB - Used: 715 MB - 9% [SWAP] Total: 7935 MB - Used: 0 MB - 0%
[1693195200] CURRENT SERVICE STATE: SRV_nagios;PING;OK;HARD;1;PING OK - Packet loss = 0%, RTA = 0.07 ms
[1693195200] CURRENT SERVICE STATE: SRV_nagios;Procesos;OK;HARD;1;PROCS OK: 55 processes with STATE = RSZDT
[1693195200] CURRENT SERVICE STATE: SRV_nagios;Usarios Login;OK;HARD;1;USERS OK - 0 users currently logged in
[1693195200] CURRENT SERVICE STATE: SRV_sync.cass.cl;Ping;OK;HARD;1;PING OK - Packet loss = 0%, RTA = 1.11 ms
[1693195200] CURRENT SERVICE STATE: Servidor Vcenter;Ping;OK;HARD;1;PING OK - Packet loss = 0%, RTA = 0.49 ms
[1693195200] CURRENT SERVICE STATE: Servidores CASS;Ancho de Banda GE/1/0/3;OK;HARD;1;OK - Average IN: 7.75KB (0.01%), Average OUT: 10.09KB (0.01%)Total RX: 37629.26GBytes, Total TX: 84368.78GBytes
[1693195200] CURRENT SERVICE STATE: Servidores CASS;Estado Puerto 3;OK;HARD;1;OK: Interface GigabitEthernet1/0/3 (index 3) is up.
[1693195200] CURRENT SERVICE STATE: Servidores CASS;Estado Puerto 80;OK;HARD;1;TCP OK - 0.002 second response time on 10.0.0.17 port 80
[1693195200] CURRENT SERVICE STATE: Servidores CASS;Ping;OK;HARD;1;PING OK - Packet loss = 0%, RTA = 1.52 ms
[1693195200] CURRENT SERVICE STATE: Servidores CASS;Tiempo Activo;OK;HARD;1;SNMP OK - Timeticks: (1369396548) 158 days, 11:52:45.48
[1693195200] CURRENT SERVICE STATE: Ups Principal;Carga;OK;HARD;1;OK: Estimated battery charge 98%, approximately 0 minutes runtime remaining.
[1693195200] CURRENT SERVICE STATE: Ups Principal;Estado;OK;HARD;1;OK: Battery Status Normal.
[1693195200] CURRENT SERVICE STATE: Ups Principal;Ping;OK;HARD;1;PING OK - Packet loss = 0%, RTA = 0.92 ms
[1693195200] CURRENT SERVICE STATE: Ups Principal;Temperatura;OK;HARD;1;OK: Battery Temperature is 21 degrees C (69.8 degrees F).
[1693195200] CURRENT SERVICE STATE: Ups Principal;Tiempo Activo;OK;HARD;1;SNMP OK - Timeticks: (349819325) 40 days, 11:43:13.25
[1693195200] CURRENT SERVICE STATE: Veeam2023.cass.pmc;Actualizacion;CRITICAL;HARD;3;Updates: 4 critical, 0 optional
[1693195200] CURRENT SERVICE STATE: Veeam2023.cass.pmc;Almacenamiento;OK;HARD;1;c:\ - total: 99.33 Gb - used: 76.23 Gb (77%) - free 23.10 Gb (23%)
[1693195200] CURRENT SERVICE STATE: Veeam2023.cass.pmc;CPU;OK;HARD;1;CPU Load 13% (5 min average)
[1693195200] CURRENT SERVICE STATE: Veeam2023.cass.pmc;Memoria;OK;HARD;1;Memory usage: total:20290.78 MB - used: 16041.86 MB (79%) - free: 4248.92 MB (21%)
[1693195200] CURRENT SERVICE STATE: Veeam2023.cass.pmc;Ping;OK;HARD;1;PING OK - Packet loss = 0%, RTA = 1.73 ms
[1693195200] CURRENT SERVICE STATE: Veeam2023.cass.pmc;Tiempo Activo;OK;HARD;1;System Uptime - 44 day(s) 7 hour(s) 4 minute(s)
[1693195200] CURRENT SERVICE STATE: web_cass_cl;Certificado;OK;HARD;1;SSL OK - Certificate '*.cass.cl' will expire in 120 days on 2023-12-26 20:59 -0300/-03.
[1693195200] CURRENT SERVICE STATE: web_cass_cl;HTTP;OK;HARD;1;HTTP OK: HTTP/1.1 302 Found - 1075 bytes in 0.173 second response time
[1693198231] Auto-save of retention data completed successfully.
[1693201831] Auto-save of retention data completed successfully.
[1693205431] Auto-save of retention data completed successfully.
[1693209031] Auto-save of retention data completed successfully.
[1693212631] Auto-save of retention data completed successfully.
[1693216231] Auto-save of retention data completed successfully.
[1693219831] Auto-save of retention data completed successfully.
[1693221658] SERVICE ALERT: SRV11VIBE_cass.cl;Procesos Zombies;UNKNOWN;SOFT;1;CHECK_NRPE: Receive header underflow - only 0 bytes received (4 expected).
[1693221778] SERVICE ALERT: SRV11VIBE_cass.cl;Procesos Zombies;OK;SOFT;2;PROCS OK: 0 processes with STATE = Z
[1693223431] Auto-save of retention data completed successfully.
[1693223742] SERVICE ALERT: SRV_SOS2021.cass.cl;Actualizacion;CRITICAL;SOFT;1;CHECK_NRPE STATE CRITICAL: Socket timeout after 30 seconds.
[1693223743] SERVICE ALERT: SRV_Cfiler.cass.cl;Actualizacion;CRITICAL;SOFT;1;CHECK_NRPE STATE CRITICAL: Socket timeout after 30 seconds.
[1693223743] SERVICE ALERT: SRV_email.cass.cl;Actualizacion;CRITICAL;SOFT;1;CHECK_NRPE STATE CRITICAL: Socket timeout after 30 seconds.
[1693223748] SERVICE ALERT: SRV_chat.cass.cl;Actualizacion;CRITICAL;SOFT;1;CHECK_NRPE STATE CRITICAL: Socket timeout after 30 seconds.
[1693223874] SERVICE ALERT: SRV_SOS2021.cass.cl;Actualizacion;OK;SOFT;2;Updates OK : no updates available
[1693223875] SERVICE ALERT: SRV_Cfiler.cass.cl;Actualizacion;OK;SOFT;2;Updates OK : no updates available
[1693223875] SERVICE ALERT: SRV_email.cass.cl;Actualizacion;OK;SOFT;2;Updates OK : no updates available
[1693223880] SERVICE ALERT: SRV_chat.cass.cl;Actualizacion;OK;SOFT;2;Updates OK : no updates available
[1693224001] SERVICE ALERT: SRV_email.cass.cl;Actualizacion;UNKNOWN;SOFT;1;CHECK_NRPE: Receive header underflow - only 0 bytes received (4 expected).
[1693224001] SERVICE ALERT: SRV_Cfiler.cass.cl;Actualizacion;UNKNOWN;SOFT;1;CHECK_NRPE: Receive header underflow - only 0 bytes received (4 expected).
[1693224002] SERVICE ALERT: SRV_chat.cass.cl;Actualizacion;UNKNOWN;SOFT;1;CHECK_NRPE: Receive header underflow - only 0 bytes received (4 expected).
[1693224002] SERVICE ALERT: SRV_SOS2021.cass.cl;Actualizacion;UNKNOWN;SOFT;1;CHECK_NRPE: Receive header underflow - only 0 bytes received (4 expected).
[1693224134] SERVICE ALERT: SRV_email.cass.cl;Actualizacion;OK;SOFT;2;Updates OK : no updates available
[1693224134] SERVICE ALERT: SRV_SOS2021.cass.cl;Actualizacion;OK;SOFT;2;Updates OK : no updates available
[1693224134] SERVICE ALERT: SRV_chat.cass.cl;Actualizacion;OK;SOFT;2;Updates OK : no updates available
[1693224134] SERVICE ALERT: SRV_Cfiler.cass.cl;Actualizacion;OK;SOFT;2;Updates OK : no updates available
[1693226936] SERVICE ALERT: Gore Los Lagos;Ping;WARNING;SOFT;1;PING WARNING - Packet loss = 90%, RTA = 1.65 ms
[1693227031] Auto-save of retention data completed successfully.
[1693227061] SERVICE ALERT: Gore Los Lagos;Ping;OK;SOFT;2;PING OK - Packet loss = 16%, RTA = 1.13 ms
[1693228011] SERVICE ALERT: Servidores CASS;Ancho de Banda GE/1/0/3;WARNING;SOFT;1;WARNING - IN bandwidth (85.34%) too high
[1693228132] SERVICE ALERT: Servidores CASS;Ancho de Banda GE/1/0/3;OK;SOFT;2;OK - Average IN: 4.83MB (3.86%), Average OUT: 3.19MB (2.55%)Total RX: 37658.17GBytes, Total TX: 84407.87GBytes
[1693229512] SERVICE ALERT: Servidores CASS;Ancho de Banda GE/1/0/3;WARNING;SOFT;1;WARNING - IN bandwidth (85.21%) too high
[1693229632] SERVICE ALERT: Servidores CASS;Ancho de Banda GE/1/0/3;OK;SOFT;2;OK - Average IN: 100.19MB (80.15%), Average OUT: 307.13KB (0.25%)Total RX: 37697.06GBytes, Total TX: 84408.25GBytes
[1693230372] SERVICE ALERT: Veeam2023.cass.pmc;CPU;CRITICAL;SOFT;1;CRITICAL - Socket timeout
[1693230374] HOST ALERT: Veeam2023.cass.pmc;DOWN;SOFT;1;CRITICAL - Host Unreachable (10.0.0.83)
[1693230386] SERVICE ALERT: Veeam2023.cass.pmc;Memoria;CRITICAL;HARD;1;connect to address 10.0.0.83 and port 12489: No route to host
[1693230386] SERVICE ALERT: Veeam2023.cass.pmc;Tiempo Activo;CRITICAL;HARD;1;connect to address 10.0.0.83 and port 12489: No route to host
[1693230386] SERVICE ALERT: Veeam2023.cass.pmc;Almacenamiento;CRITICAL;HARD;1;connect to address 10.0.0.83 and port 12489: No route to host
[1693230414] SERVICE ALERT: Veeam2023.cass.pmc;Ping;CRITICAL;HARD;1;CRITICAL - Host Unreachable (10.0.0.83)
[1693230435] HOST ALERT: Veeam2023.cass.pmc;DOWN;SOFT;2;CRITICAL - Host Unreachable (10.0.0.83)
[1693230495] SERVICE ALERT: Veeam2023.cass.pmc;CPU;CRITICAL;HARD;3;connect to address 10.0.0.83 and port 12489: No route to host
[1693230498] HOST ALERT: Veeam2023.cass.pmc;DOWN;SOFT;3;CRITICAL - Host Unreachable (10.0.0.83)
[1693230561] HOST ALERT: Veeam2023.cass.pmc;DOWN;SOFT;4;CRITICAL - Host Unreachable (10.0.0.83)
[1693230624] HOST ALERT: Veeam2023.cass.pmc;DOWN;SOFT;5;CRITICAL - Host Unreachable (10.0.0.83)
[1693230631] Auto-save of retention data completed successfully.
[1693230686] HOST ALERT: Veeam2023.cass.pmc;DOWN;SOFT;6;CRITICAL - Host Unreachable (10.0.0.83)
[1693230746] HOST ALERT: Veeam2023.cass.pmc;DOWN;SOFT;7;CRITICAL - Host Unreachable (10.0.0.83)
[1693230806] HOST ALERT: Veeam2023.cass.pmc;DOWN;SOFT;8;CRITICAL - Host Unreachable (10.0.0.83)
[1693230866] HOST ALERT: Veeam2023.cass.pmc;DOWN;SOFT;9;CRITICAL - Host Unreachable (10.0.0.83)
[1693230926] HOST NOTIFICATION: nagiosadmin;Veeam2023.cass.pmc;DOWN;notify-host-by-email;CRITICAL - Host Unreachable (10.0.0.83)
[1693230926] HOST NOTIFICATION: andresnavarro;Veeam2023.cass.pmc;DOWN;notify-host-by-email;CRITICAL - Host Unreachable (10.0.0.83)
[1693230926] HOST NOTIFICATION: soporteti;Veeam2023.cass.pmc;DOWN;notify-host-by-telegram;CRITICAL - Host Unreachable (10.0.0.83)
[1693230926] HOST NOTIFICATION: soporteti;Veeam2023.cass.pmc;DOWN;notify-host-by-email;CRITICAL - Host Unreachable (10.0.0.83)
[1693230926] HOST NOTIFICATION: carlosstange;Veeam2023.cass.pmc;DOWN;notify-host-by-telegram;CRITICAL - Host Unreachable (10.0.0.83)
[1693230926] HOST NOTIFICATION: carlosstange;Veeam2023.cass.pmc;DOWN;notify-host-by-email;CRITICAL - Host Unreachable (10.0.0.83)
[1693230926] HOST ALERT: Veeam2023.cass.pmc;DOWN;HARD;10;CRITICAL - Host Unreachable (10.0.0.83)
[1693231676] SERVICE ALERT: Veeam2023.cass.pmc;Ping;OK;HARD;1;PING OK - Packet loss = 0%, RTA = 2.48 ms
[1693231680] HOST NOTIFICATION: nagiosadmin;Veeam2023.cass.pmc;UP;notify-host-by-email;PING OK - Packet loss = 0%, RTA = 1.05 ms
[1693231680] HOST NOTIFICATION: andresnavarro;Veeam2023.cass.pmc;UP;notify-host-by-email;PING OK - Packet loss = 0%, RTA = 1.05 ms
[1693231680] HOST NOTIFICATION: soporteti;Veeam2023.cass.pmc;UP;notify-host-by-telegram;PING OK - Packet loss = 0%, RTA = 1.05 ms
[1693231680] HOST NOTIFICATION: soporteti;Veeam2023.cass.pmc;UP;notify-host-by-email;PING OK - Packet loss = 0%, RTA = 1.05 ms
[1693231680] HOST NOTIFICATION: carlosstange;Veeam2023.cass.pmc;UP;notify-host-by-telegram;PING OK - Packet loss = 0%, RTA = 1.05 ms
[1693231680] HOST NOTIFICATION: carlosstange;Veeam2023.cass.pmc;UP;notify-host-by-email;PING OK - Packet loss = 0%, RTA = 1.05 ms
[1693231680] HOST ALERT: Veeam2023.cass.pmc;UP;HARD;1;PING OK - Packet loss = 0%, RTA = 1.05 ms
[1693231693] SERVICE ALERT: Veeam2023.cass.pmc;CPU;OK;HARD;1;CPU Load 0% (5 min average)
[1693231703] SERVICE ALERT: Veeam2023.cass.pmc;Tiempo Activo;OK;HARD;1;System Uptime - 0 day(s) 0 hour(s) 1 minute(s)
[1693231704] SERVICE ALERT: Veeam2023.cass.pmc;Almacenamiento;OK;HARD;1;c:\ - total: 99.33 Gb - used: 75.56 Gb (76%) - free 23.77 Gb (24%)
[1693231707] SERVICE ALERT: Veeam2023.cass.pmc;Memoria;OK;HARD;1;Memory usage: total:28159.25 MB - used: 2630.25 MB (9%) - free: 25529.01 MB (91%)
[1693233172] SERVICE ALERT: FW Cass Telsur;Ancho de Banda WAN;CRITICAL;SOFT;1;(No output on stdout) stderr:
[1693233293] SERVICE ALERT: FW Cass Telsur;Ancho de Banda WAN;OK;SOFT;2;OK - Average IN: 95.51B (0.00%), Average OUT: 37.07B (0.00%)Total RX: 8781.21GBytes, Total TX: 5059.35GBytes
[1693234231] Auto-save of retention data completed successfully.
[1693234589] SERVICE ALERT: FW Cass Telsur;Estado Puerto LAN;WARNING;SOFT;1;WARNING: SNMP error: No response from remote host "201.220.96.34"
[1693234709] SERVICE ALERT: FW Cass Telsur;Estado Puerto LAN;OK;SOFT;2;OK: Interface eth0 (index 2) is up.
[1693235564] SERVICE ALERT: SRV_SOS2021.cass.cl;Actualizacion;CRITICAL;SOFT;1;CHECK_NRPE STATE CRITICAL: Socket timeout after 30 seconds.
[1693235564] SERVICE ALERT: SRV_email.cass.cl;Actualizacion;CRITICAL;SOFT;1;CHECK_NRPE STATE CRITICAL: Socket timeout after 30 seconds.
[1693235564] SERVICE ALERT: SRV_chat.cass.cl;Actualizacion;CRITICAL;SOFT;1;CHECK_NRPE STATE CRITICAL: Socket timeout after 30 seconds.
[1693235564] SERVICE ALERT: SRV_Cfiler.cass.cl;Actualizacion;CRITICAL;SOFT;1;CHECK_NRPE STATE CRITICAL: Socket timeout after 30 seconds.
[1693235696] SERVICE ALERT: SRV_SOS2021.cass.cl;Actualizacion;OK;SOFT;2;Updates OK : no updates available
[1693235696] SERVICE ALERT: SRV_chat.cass.cl;Actualizacion;OK;SOFT;2;Updates OK : no updates available
[1693235696] SERVICE ALERT: SRV_email.cass.cl;Actualizacion;OK;SOFT;2;Updates OK : no updates available
[1693235697] SERVICE ALERT: SRV_Cfiler.cass.cl;Actualizacion;OK;SOFT;2;Updates OK : no updates available
[1693236001] SERVICE ALERT: SRV_SOS2021.cass.cl;Actualizacion;UNKNOWN;SOFT;1;CHECK_NRPE: Receive header underflow - only 0 bytes received (4 expected).
[1693236001] SERVICE ALERT: SRV_Cfiler.cass.cl;Actualizacion;UNKNOWN;SOFT;1;CHECK_NRPE: Receive header underflow - only 0 bytes received (4 expected).
[1693236002] SERVICE ALERT: SRV_email.cass.cl;Actualizacion;UNKNOWN;SOFT;1;CHECK_NRPE: Receive header underflow - only 0 bytes received (4 expected).
[1693236002] SERVICE ALERT: SRV_chat.cass.cl;Puerto HTTP;CRITICAL;SOFT;1;(No output on stdout) stderr: connect to address 10.0.0.92 port 5666: Connection refused
[1693236002] SERVICE ALERT: SRV_chat.cass.cl;Puerto HTTPS;CRITICAL;SOFT;1;(No output on stdout) stderr: connect to address 10.0.0.92 port 5666: Connection refused
[1693236002] SERVICE ALERT: SRV_chat.cass.cl;Servicio Nginx;CRITICAL;SOFT;1;(No output on stdout) stderr: connect to address 10.0.0.92 port 5666: Connection refused
[1693236002] SERVICE ALERT: SRV_chat.cass.cl;Actualizacion;UNKNOWN;SOFT;1;CHECK_NRPE: Receive header underflow - only 0 bytes received (4 expected).
[1693236122] SERVICE ALERT: SRV_chat.cass.cl;Puerto HTTP;OK;SOFT;2;TCP OK - 0.000 second response time on port 80
[1693236122] SERVICE ALERT: SRV_chat.cass.cl;Puerto HTTPS;OK;SOFT;2;TCP OK - 0.000 second response time on port 443
[1693236122] SERVICE ALERT: SRV_chat.cass.cl;Servicio Nginx;OK;SOFT;2;OK: Service nginx is running!
[1693236133] SERVICE ALERT: SRV_SOS2021.cass.cl;Actualizacion;OK;SOFT;2;Updates OK : no updates available
[1693236134] SERVICE ALERT: SRV_chat.cass.cl;Actualizacion;OK;SOFT;2;Updates OK : no updates available
[1693236134] SERVICE ALERT: SRV_email.cass.cl;Actualizacion;OK;SOFT;2;Updates OK : no updates available
[1693236134] SERVICE ALERT: SRV_Cfiler.cass.cl;Actualizacion;OK;SOFT;2;Updates OK : no updates available
[1693236865] SERVICE ALERT: FW Cass Telsur;Ancho de Banda DMZ;CRITICAL;SOFT;1;(No output on stdout) stderr:
[1693236985] SERVICE ALERT: FW Cass Telsur;Ancho de Banda DMZ;OK;SOFT;2;OK - Average IN: 8.22KB (0.01%), Average OUT: 6.98KB (0.01%)Total RX: 29.69GBytes, Total TX: 32.88GBytes
[1693237831] Auto-save of retention data completed successfully.
[1693239035] SERVICE ALERT: FW Cass Telsur;Ancho de Banda DMZ;CRITICAL;SOFT;1;(No output on stdout) stderr:
[1693239155] SERVICE ALERT: FW Cass Telsur;Ancho de Banda DMZ;OK;SOFT;2;OK - Average IN: 16.83KB (0.01%), Average OUT: 13.30KB (0.01%)Total RX: 29.73GBytes, Total TX: 32.92GBytes
[1693239226] SERVICE ALERT: FW Cass Telsur;Ancho de Banda LAN;CRITICAL;SOFT;1;(No output on stdout) stderr:
[1693239346] SERVICE ALERT: FW Cass Telsur;Ancho de Banda LAN;OK;SOFT;2;OK - Average IN: 73.92KB (0.06%), Average OUT: 950.16KB (0.76%)Total RX: 508.49GBytes, Total TX: 483.81GBytes
[1693241431] Auto-save of retention data completed successfully.
[1693242393] SERVICE ALERT: FW Cass Telsur;Tiempo Activo;CRITICAL;SOFT;1;CRITICAL - Plugin timed out while executing system call
[1693242399] SERVICE ALERT: FW Cass Telsur;Estado Puerto LAN;WARNING;SOFT;1;WARNING: SNMP error: No response from remote host "201.220.96.34"
[1693242513] SERVICE ALERT: FW Cass Telsur;Tiempo Activo;OK;SOFT;2;SNMP OK - Timeticks: (162467662) 18 days, 19:17:56.62
[1693242519] SERVICE ALERT: FW Cass Telsur;Estado Puerto LAN;OK;SOFT;2;OK: Interface eth0 (index 2) is up.
[1693242852] SERVICE ALERT: FW Cass Telsur;Estado Puerto DMZ;WARNING;SOFT;1;WARNING: SNMP error: No response from remote host "201.220.96.34"
[1693242972] SERVICE ALERT: FW Cass Telsur;Estado Puerto DMZ;OK;SOFT;2;OK: Interface eth2 (index 4) is up.
[1693243717] SERVICE ALERT: Ups Principal;Temperatura;UNKNOWN;SOFT;1;Plugin check_ups_snmp failure - snmpget command error.
[1693243837] SERVICE ALERT: Ups Principal;Temperatura;OK;SOFT;2;OK: Battery Temperature is 25 degrees C (77.0 degrees F).
[1693245031] Auto-save of retention data completed successfully.
[1693248631] Auto-save of retention data completed successfully.
[1693248885] SERVICE ALERT: FW Cass Telsur;Ancho de Banda DMZ;CRITICAL;SOFT;1;(No output on stdout) stderr:
[1693248903] SERVICE ALERT: FW Cass Telsur;Ancho de Banda WAN;CRITICAL;SOFT;1;(No output on stdout) stderr:
[1693248982] SERVICE ALERT: FW Cass Telsur;Estado Puerto DMZ;WARNING;SOFT;1;WARNING: SNMP error: No response from remote host "201.220.96.34"
[1693249005] SERVICE ALERT: FW Cass Telsur;Ancho de Banda DMZ;OK;SOFT;2;OK - Average IN: 33.59KB (0.03%), Average OUT: 13.55KB (0.01%)Total RX: 30.03GBytes, Total TX: 33.09GBytes
[1693249023] SERVICE ALERT: FW Cass Telsur;Ancho de Banda WAN;OK;SOFT;2;OK - Average IN: 442.48B (0.00%), Average OUT: 210.65B (0.00%)Total RX: 8784.85GBytes, Total TX: 5064.99GBytes
[1693249103] SERVICE ALERT: FW Cass Telsur;Estado Puerto DMZ;OK;SOFT;2;OK: Interface eth2 (index 4) is up.
[1693249858] SERVICE ALERT: SRV11VIBE_cass.cl;Procesos Zombies;CRITICAL;SOFT;1;(No output on stdout) stderr: connect to address 10.0.2.13 port 5666: Connection refused
[1693249978] SERVICE ALERT: SRV11VIBE_cass.cl;Procesos Zombies;OK;SOFT;2;PROCS OK: 0 processes with STATE = Z
[1693250930] SERVICE ALERT: FW Cass Telsur;Estado Puerto LAN;WARNING;SOFT;1;WARNING: SNMP error: No response from remote host "201.220.96.34"
[1693250953] SERVICE ALERT: FW Cass Telsur;Ancho de Banda WAN;CRITICAL;SOFT;1;(No output on stdout) stderr:
[1693251050] SERVICE ALERT: FW Cass Telsur;Estado Puerto LAN;OK;SOFT;2;OK: Interface eth0 (index 2) is up.
[1693251089] SERVICE ALERT: FW Cass Telsur;Ancho de Banda WAN;OK;SOFT;2;(No output on stdout) stderr:
[1693251170] SERVICE ALERT: FW Cass Telsur;Estado Puerto WAN;WARNING;SOFT;1;WARNING: SNMP error: No response from remote host "201.220.96.34"
[1693251290] SERVICE ALERT: FW Cass Telsur;Estado Puerto WAN;OK;SOFT;2;OK: Interface eth1 (index 3) is up.
[1693252231] Auto-save of retention data completed successfully.
[1693252801] SERVICE ALERT: SRV_chat.cass.cl;Almacenamiento /;UNKNOWN;SOFT;1;CHECK_NRPE: Receive header underflow - only 0 bytes received (4 expected).
[1693252921] SERVICE ALERT: SRV_chat.cass.cl;Almacenamiento /;OK;SOFT;2;DISK OK - free space: /var/tmp 971960 MiB (93.00% inode=-):
[1693255831] Auto-save of retention data completed successfully.
[1693257001] SERVICE ALERT: SRV_chat.cass.cl;Almacenamiento /;CRITICAL;SOFT;1;(No output on stdout) stderr: connect to address 10.0.0.92 port 5666: Connection refused
[1693257121] SERVICE ALERT: SRV_chat.cass.cl;Almacenamiento /;OK;SOFT;2;DISK OK - free space: /var/tmp 971958 MiB (93.00% inode=-):
[1693258414] SERVICE ALERT: FW Cass Telsur;Estado Puerto DMZ;WARNING;SOFT;1;WARNING: SNMP error: No response from remote host "201.220.96.34"
[1693258534] SERVICE ALERT: FW Cass Telsur;Estado Puerto DMZ;OK;SOFT;2;OK: Interface eth2 (index 4) is up.
[1693258736] SERVICE ALERT: FW Cass Telsur;Ancho de Banda LAN;CRITICAL;SOFT;1;(No output on stdout) stderr:
[1693258740] SERVICE ALERT: FW Cass Telsur;Estado Puerto WAN;WARNING;SOFT;1;WARNING: SNMP error: No response from remote host "201.220.96.34"
[1693258740] SERVICE ALERT: FW Cass Telsur;Estado Puerto LAN;WARNING;SOFT;1;WARNING: SNMP error: No response from remote host "201.220.96.34"
[1693258860] SERVICE ALERT: FW Cass Telsur;Estado Puerto WAN;OK;SOFT;2;OK: Interface eth1 (index 3) is up.
[1693258870] SERVICE ALERT: FW Cass Telsur;Estado Puerto LAN;WARNING;SOFT;2;WARNING: SNMP error: No response from remote host "201.220.96.34"
[1693258872] SERVICE ALERT: FW Cass Telsur;Ancho de Banda LAN;OK;SOFT;2;(No output on stdout) stderr:
[1693258900] SERVICE ALERT: FW Cass Telsur;Ancho de Banda WAN;CRITICAL;SOFT;1;(No output on stdout) stderr:
[1693258975] SERVICE ALERT: FW Cass Telsur;Ancho de Banda DMZ;CRITICAL;SOFT;1;(No output on stdout) stderr:
[1693258995] SERVICE ALERT: FW Cass Telsur;Estado Puerto LAN;OK;SOFT;3;OK: Interface eth0 (index 2) is up.
[1693259024] SERVICE ALERT: FW Cass Telsur;Tiempo Activo;CRITICAL;SOFT;1;CRITICAL - Plugin timed out while executing system call
[1693259035] SERVICE ALERT: FW Cass Telsur;Ancho de Banda WAN;OK;SOFT;2;(No output on stdout) stderr:
[1693259062] SERVICE ALERT: FW Cass Telsur;Ancho de Banda LAN;CRITICAL;SOFT;1;(No output on stdout) stderr:
[1693259105] SERVICE ALERT: FW Cass Telsur;Ancho de Banda DMZ;OK;SOFT;2;OK - Average IN: 6.95KB (0.01%), Average OUT: 6.85KB (0.01%)Total RX: 30.23GBytes, Total TX: 33.26GBytes
[1693259144] SERVICE ALERT: FW Cass Telsur;Tiempo Activo;OK;SOFT;2;SNMP OK - Timeticks: (164130714) 18 days, 23:55:07.14
[1693259197] SERVICE ALERT: FW Cass Telsur;Ancho de Banda LAN;OK;SOFT;2;(No output on stdout) stderr:
[1693259384] SERVICE ALERT: FW Cass Telsur;Estado Puerto DMZ;WARNING;SOFT;1;WARNING: SNMP error: No response from remote host "201.220.96.34"
[1693259387] SERVICE ALERT: FW Cass Telsur;Ancho de Banda LAN;CRITICAL;SOFT;1;(No output on stdout) stderr:
[1693259431] Auto-save of retention data completed successfully.
[1693259465] SERVICE ALERT: FW Cass Telsur;Ancho de Banda WAN;CRITICAL;SOFT;1;(No output on stdout) stderr:
[1693259470] SERVICE ALERT: FW Cass Telsur;Estado Puerto WAN;WARNING;SOFT;1;WARNING: SNMP error: No response from remote host "201.220.96.34"
[1693259475] SERVICE ALERT: FW Cass Telsur;Ancho de Banda DMZ;CRITICAL;SOFT;1;(No output on stdout) stderr:
[1693259514] SERVICE ALERT: FW Cass Telsur;Estado Puerto DMZ;WARNING;SOFT;2;WARNING: SNMP error: No response from remote host "201.220.96.34"
[1693259522] SERVICE ALERT: FW Cass Telsur;Ancho de Banda LAN;OK;SOFT;2;(No output on stdout) stderr:
[1693259585] SERVICE ALERT: FW Cass Telsur;Ancho de Banda WAN;OK;SOFT;2;OK - Average IN: 104.49B (0.00%), Average OUT: 39.17B (0.00%)Total RX: 8785.23GBytes, Total TX: 5074.67GBytes
[1693259590] SERVICE ALERT: FW Cass Telsur;Estado Puerto WAN;OK;SOFT;2;OK: Interface eth1 (index 3) is up.
[1693259596] SERVICE ALERT: FW Cass Telsur;Ancho de Banda DMZ;OK;SOFT;2;OK - Average IN: 14.97KB (0.01%), Average OUT: 20.57KB (0.02%)Total RX: 30.24GBytes, Total TX: 33.27GBytes
[1693259634] SERVICE ALERT: FW Cass Telsur;Estado Puerto DMZ;OK;SOFT;3;OK: Interface eth2 (index 4) is up.
[1693260372] SERVICE ALERT: FW Cass Telsur;Ancho de Banda LAN;CRITICAL;SOFT;1;(No output on stdout) stderr:
[1693260375] SERVICE ALERT: FW Cass Telsur;Ancho de Banda WAN;CRITICAL;SOFT;1;(No output on stdout) stderr:
[1693260380] SERVICE ALERT: FW Cass Telsur;Estado Puerto WAN;WARNING;SOFT;1;WARNING: SNMP error: No response from remote host "201.220.96.34"
[1693260385] SERVICE ALERT: FW Cass Telsur;Estado Puerto LAN;WARNING;SOFT;1;WARNING: SNMP error: No response from remote host "201.220.96.34"
[1693260386] SERVICE ALERT: FW Cass Telsur;Ancho de Banda DMZ;CRITICAL;SOFT;1;(No output on stdout) stderr:
[1693260492] SERVICE ALERT: FW Cass Telsur;Ancho de Banda LAN;OK;SOFT;2;OK - Average IN: 86.88KB (0.07%), Average OUT: 688.51KB (0.55%)Total RX: 515.36GBytes, Total TX: 498.20GBytes
[1693260495] SERVICE ALERT: FW Cass Telsur;Ancho de Banda WAN;OK;SOFT;2;OK - Average IN: 285.04B (0.00%), Average OUT: 114.64B (0.00%)Total RX: 8785.23GBytes, Total TX: 5074.67GBytes
[1693260501] SERVICE ALERT: FW Cass Telsur;Estado Puerto WAN;OK;SOFT;2;OK: Interface eth1 (index 3) is up.
[1693260505] SERVICE ALERT: FW Cass Telsur;Estado Puerto LAN;OK;SOFT;2;OK: Interface eth0 (index 2) is up.
[1693260507] SERVICE ALERT: FW Cass Telsur;Ancho de Banda DMZ;OK;SOFT;2;OK - Average IN: 4.81KB (0.00%), Average OUT: 7.35KB (0.01%)Total RX: 30.24GBytes, Total TX: 33.28GBytes
[1693260925] SERVICE ALERT: FW Cass Telsur;Ancho de Banda WAN;CRITICAL;SOFT;1;(No output on stdout) stderr:
[1693261045] SERVICE ALERT: FW Cass Telsur;Ancho de Banda WAN;OK;SOFT;2;OK - Average IN: 225.10B (0.00%), Average OUT: 140.12B (0.00%)Total RX: 8785.23GBytes, Total TX: 5074.67GBytes
[1693262458] SERVICE ALERT: SRV11VIBE_cass.cl;Procesos Zombies;UNKNOWN;SOFT;1;CHECK_NRPE: Receive header underflow - only 0 bytes received (4 expected).
[1693262578] SERVICE ALERT: SRV11VIBE_cass.cl;Procesos Zombies;OK;SOFT;2;PROCS OK: 0 processes with STATE = Z
[1693263031] Auto-save of retention data completed successfully.
[1693266631] Auto-save of retention data completed successfully.
[1693269711] SERVICE ALERT: ADL Diagnostic;Ping;CRITICAL;SOFT;1;CRITICAL - Time to live exceeded (190.151.63.105)
[1693269711] HOST ALERT: ADL Diagnostic;DOWN;SOFT;1;CRITICAL - Time to live exceeded (190.151.63.105)
[1693269711] HOST ALERT: FW ADL Diagnostic;UNREACHABLE;SOFT;1;CRITICAL - Time to live exceeded (190.151.63.108)
[1693269772] SERVICE ALERT: FW Cass Entel;Ping;CRITICAL;SOFT;1;PING CRITICAL - Packet loss = 100%
[1693269775] HOST ALERT: ADL Diagnostic;UP;SOFT;1;PING OK - Packet loss = 0%, RTA = 34.40 ms
[1693269781] wproc: Core Worker 11599: job 6817876 (pid=7369) timed out. Killing it
[1693269781] wproc: CHECK job 6817876 from worker Core Worker 11599 timed out after 30.01s
[1693269781] wproc:   host=FW Cass Entel; service=(null);
[1693269781] wproc:   early_timeout=1; exited_ok=0; wait_status=0; error_code=62;
[1693269781] Warning: Check of host 'FW Cass Entel' timed out after 30.01 seconds
[1693269781] HOST ALERT: FW Cass Entel;DOWN;SOFT;1;(Host check timed out after 30.01 seconds)
[1693269781] wproc: Core Worker 11599: job 6817876 (pid=7369): Dormant child reaped
[1693269791] SERVICE ALERT: FW ADL Diagnostic;Ping;CRITICAL;HARD;1;PING CRITICAL - Packet loss = 100%
[1693269801] wproc: Core Worker 11598: job 6817889 (pid=7496) timed out. Killing it
[1693269801] wproc: CHECK job 6817889 from worker Core Worker 11598 timed out after 30.01s
[1693269801] wproc:   host=FW ADL Diagnostic; service=(null);
[1693269801] wproc:   early_timeout=1; exited_ok=0; wait_status=0; error_code=62;
[1693269801] Warning: Check of host 'FW ADL Diagnostic' timed out after 30.01 seconds
[1693269801] HOST ALERT: FW ADL Diagnostic;DOWN;SOFT;2;(Host check timed out after 30.01 seconds)
[1693269801] wproc: Core Worker 11598: job 6817889 (pid=7496): Dormant child reaped
[1693269831] SERVICE ALERT: ADL Diagnostic;Ping;CRITICAL;SOFT;2;CRITICAL - Time to live exceeded (190.151.63.105)
[1693269831] HOST ALERT: ADL Diagnostic;DOWN;SOFT;1;CRITICAL - Time to live exceeded (190.151.63.105)
[1693269831] HOST ALERT: FW ADL Diagnostic;UNREACHABLE;SOFT;3;CRITICAL - Time to live exceeded (190.151.63.108)
[1693269832] HOST ALERT: FW Cass Entel;DOWN;SOFT;2;CRITICAL - Time to live exceeded (190.151.63.108)
[1693269833] SERVICE ALERT: SRV01USER_cass.cl;Actualizacion;UNKNOWN;HARD;3;CHECK_NRPE: Receive header underflow - only 0 bytes received (4 expected).
[1693269891] HOST ALERT: ADL Diagnostic;DOWN;SOFT;2;CRITICAL - Time to live exceeded (190.151.63.105)
[1693269891] HOST ALERT: FW ADL Diagnostic;UNREACHABLE;SOFT;4;CRITICAL - Time to live exceeded (190.151.63.108)
[1693269892] SERVICE ALERT: FW Cass Entel;Ping;CRITICAL;HARD;3;CRITICAL - Time to live exceeded (190.151.63.108)
[1693269892] HOST ALERT: FW Cass Entel;DOWN;SOFT;3;CRITICAL - Time to live exceeded (190.151.63.108)
[1693269896] SERVICE ALERT: SRV01USER_cass.cl;Actualizacion;CRITICAL;HARD;3;Updates: 11 critical, 0 optional
[1693269945] SERVICE ALERT: FW ADL Diagnostic;Ping;OK;HARD;1;PING OK - Packet loss = 0%, RTA = 35.77 ms
[1693269949] HOST FLAPPING ALERT: FW ADL Diagnostic;STARTED; Host appears to have started flapping (22.6% change > 20.0% threshold)
[1693269949] HOST ALERT: FW ADL Diagnostic;UP;SOFT;1;PING OK - Packet loss = 0%, RTA = 35.25 ms
[1693269955] SERVICE ALERT: ADL Diagnostic;Ping;OK;SOFT;3;PING OK - Packet loss = 0%, RTA = 34.28 ms
[1693269955] HOST FLAPPING ALERT: ADL Diagnostic;STARTED; Host appears to have started flapping (23.2% change > 20.0% threshold)
[1693269955] HOST ALERT: ADL Diagnostic;UP;SOFT;1;PING OK - Packet loss = 0%, RTA = 34.21 ms
[1693269956] SERVICE ALERT: FW Cass Entel;Ping;OK;HARD;1;PING OK - Packet loss = 0%, RTA = 35.43 ms
[1693269956] HOST ALERT: FW Cass Entel;UP;SOFT;1;PING OK - Packet loss = 0%, RTA = 35.24 ms
[1693270231] Auto-save of retention data completed successfully.
[1693270258] SERVICE ALERT: SRV11VIBE_cass.cl;Procesos Zombies;CRITICAL;SOFT;1;(No output on stdout) stderr: connect to address 10.0.2.13 port 5666: Connection refused
[1693270378] SERVICE ALERT: SRV11VIBE_cass.cl;Procesos Zombies;OK;SOFT;2;PROCS OK: 0 processes with STATE = Z
[1693270429] HOST FLAPPING ALERT: FW ADL Diagnostic;STOPPED; Host appears to have stopped flapping (4.1% change < 5.0% threshold)
[1693270499] HOST FLAPPING ALERT: ADL Diagnostic;STOPPED; Host appears to have stopped flapping (4.0% change < 5.0% threshold)
[1693270801] SERVICE ALERT: SRV_chat.cass.cl;Almacenamiento /;CRITICAL;SOFT;1;CHECK_NRPE: Error - Could not connect to 10.0.0.92. Check system logs on 10.0.0.92
[1693270921] SERVICE ALERT: SRV_chat.cass.cl;Almacenamiento /;OK;SOFT;2;DISK OK - free space: /var/tmp 971950 MiB (92.99% inode=-):
[1693272001] SERVICE ALERT: SRV_chat.cass.cl;Almacenamiento /;CRITICAL;SOFT;1;(No output on stdout) stderr: connect to address 10.0.0.92 port 5666: Connection refused
[1693272122] SERVICE ALERT: SRV_chat.cass.cl;Almacenamiento /;OK;SOFT;2;DISK OK - free space: /var/tmp 971949 MiB (92.99% inode=-):
[1693273201] SERVICE ALERT: SRV_chat.cass.cl;Procesos Zombies;UNKNOWN;SOFT;1;CHECK_NRPE: Receive header underflow - only 0 bytes received (4 expected).
[1693273321] SERVICE ALERT: SRV_chat.cass.cl;Procesos Zombies;OK;SOFT;2;PROCS OK: 1 process with STATE = Z
[1693273831] Auto-save of retention data completed successfully.
[1693275132] SERVICE ALERT: Veeam2023.cass.pmc;CPU;WARNING;SOFT;1;CPU Load 98% (5 min average)
[1693275252] SERVICE ALERT: Veeam2023.cass.pmc;CPU;WARNING;SOFT;2;CPU Load 99% (5 min average)
[1693275372] SERVICE NOTIFICATION: nagiosadmin;Veeam2023.cass.pmc;CPU;WARNING;notify-service-by-email;CPU Load 99% (5 min average)
[1693275372] SERVICE NOTIFICATION: andresnavarro;Veeam2023.cass.pmc;CPU;WARNING;notify-service-by-email;CPU Load 99% (5 min average)
[1693275372] SERVICE NOTIFICATION: soporteti;Veeam2023.cass.pmc;CPU;WARNING;notify-service-by-telegram;CPU Load 99% (5 min average)
[1693275372] SERVICE NOTIFICATION: soporteti;Veeam2023.cass.pmc;CPU;WARNING;notify-service-by-email;CPU Load 99% (5 min average)
[1693275372] SERVICE NOTIFICATION: carlosstange;Veeam2023.cass.pmc;CPU;WARNING;notify-service-by-telegram;CPU Load 99% (5 min average)
[1693275372] SERVICE NOTIFICATION: carlosstange;Veeam2023.cass.pmc;CPU;WARNING;notify-service-by-email;CPU Load 99% (5 min average)
[1693275372] SERVICE ALERT: Veeam2023.cass.pmc;CPU;WARNING;HARD;3;CPU Load 99% (5 min average)
[1693275672] SERVICE NOTIFICATION: nagiosadmin;Veeam2023.cass.pmc;CPU;OK;notify-service-by-email;CPU Load 80% (5 min average)
[1693275672] SERVICE NOTIFICATION: andresnavarro;Veeam2023.cass.pmc;CPU;OK;notify-service-by-email;CPU Load 80% (5 min average)
[1693275672] SERVICE NOTIFICATION: soporteti;Veeam2023.cass.pmc;CPU;OK;notify-service-by-telegram;CPU Load 80% (5 min average)
[1693275672] SERVICE NOTIFICATION: soporteti;Veeam2023.cass.pmc;CPU;OK;notify-service-by-email;CPU Load 80% (5 min average)
[1693275672] SERVICE NOTIFICATION: carlosstange;Veeam2023.cass.pmc;CPU;OK;notify-service-by-telegram;CPU Load 80% (5 min average)
[1693275672] SERVICE NOTIFICATION: carlosstange;Veeam2023.cass.pmc;CPU;OK;notify-service-by-email;CPU Load 80% (5 min average)
[1693275672] SERVICE ALERT: Veeam2023.cass.pmc;CPU;OK;HARD;1;CPU Load 80% (5 min average)
[1693277431] Auto-save of retention data completed successfully.
[1693278001] SERVICE ALERT: SRV_chat.cass.cl;Procesos Zombies;UNKNOWN;SOFT;1;CHECK_NRPE: Receive header underflow - only 0 bytes received (4 expected).
[1693278121] SERVICE ALERT: SRV_chat.cass.cl;Procesos Zombies;OK;SOFT;2;PROCS OK: 1 process with STATE = Z
[1693278873] SERVICE ALERT: Veeam2023.cass.pmc;Actualizacion;UNKNOWN;HARD;3;CHECK_NRPE: Receive header underflow - only 0 bytes received (4 expected).
[1693278934] SERVICE ALERT: Veeam2023.cass.pmc;Actualizacion;CRITICAL;HARD;3;Updates: 4 critical, 0 optional
[1693279202] SERVICE ALERT: SRV_chat.cass.cl;Puerto HTTP;CRITICAL;SOFT;1;(No output on stdout) stderr: connect to address 10.0.0.92 port 5666: Connection refused
[1693279202] SERVICE ALERT: SRV_chat.cass.cl;Puerto HTTPS;CRITICAL;SOFT;1;(No output on stdout) stderr: connect to address 10.0.0.92 port 5666: Connection refused
[1693279202] SERVICE ALERT: SRV_chat.cass.cl;Almacenamiento /;CRITICAL;SOFT;1;(No output on stdout) stderr: connect to address 10.0.0.92 port 5666: Connection refused
[1693279202] SERVICE ALERT: SRV_chat.cass.cl;Servicio Nginx;CRITICAL;SOFT;1;(No output on stdout) stderr: connect to address 10.0.0.92 port 5666: Connection refused
[1693279322] SERVICE ALERT: SRV_chat.cass.cl;Puerto HTTPS;OK;SOFT;2;TCP OK - 0.000 second response time on port 443
[1693279322] SERVICE ALERT: SRV_chat.cass.cl;Puerto HTTP;OK;SOFT;2;TCP OK - 0.001 second response time on port 80
[1693279322] SERVICE ALERT: SRV_chat.cass.cl;Servicio Nginx;OK;SOFT;2;OK: Service nginx is running!
[1693279322] SERVICE ALERT: SRV_chat.cass.cl;Almacenamiento /;OK;SOFT;2;DISK OK - free space: /var/tmp 971947 MiB (92.99% inode=-):
[1693281031] Auto-save of retention data completed successfully.
