[1717387200] LOG ROTATION: DAILY
[1717387200] LOG VERSION: 2.0
[1717387200] CURRENT HOST STATE: ADL Diagnostic;UP;HARD;1;PING OK - Packet loss = 0%, RTA = 35.19 ms
[1717387200] CURRENT HOST STATE: Blueshell;UP;HARD;1;PING OK - Packet loss = 0%, RTA = 3.62 ms
[1717387200] CURRENT HOST STATE: Cass Entel;UP;HARD;1;PING OK - Packet loss = 0%, RTA = 0.77 ms
[1717387200] CURRENT HOST STATE: Cass Telsur;UP;HARD;1;PING OK - Packet loss = 0%, RTA = 1.41 ms
[1717387200] CURRENT HOST STATE: Clinica PV Movistar;UP;HARD;1;PING OK - Packet loss = 0%, RTA = 32.91 ms
[1717387200] CURRENT HOST STATE: Clinica PV Telsur;UP;HARD;1;PING OK - Packet loss = 0%, RTA = 1.23 ms
[1717387200] CURRENT HOST STATE: Confe;UP;HARD;1;PING OK - Packet loss = 0%, RTA = 38.71 ms
[1717387200] CURRENT HOST STATE: Electric Works;UP;HARD;1;PING OK - Packet loss = 16%, RTA = 34.19 ms
[1717387200] CURRENT HOST STATE: Exper03.exxperience.cl;UP;HARD;1;PING OK - Packet loss = 0%, RTA = 2.17 ms
[1717387200] CURRENT HOST STATE: Ext Entel;UP;HARD;1;PING OK - Packet loss = 0%, RTA = 0.82 ms
[1717387200] CURRENT HOST STATE: Ext Telsur;UP;HARD;1;PING OK - Packet loss = 0%, RTA = 1.41 ms
[1717387200] CURRENT HOST STATE: FW ADL Diagnostic;UP;HARD;1;PING OK - Packet loss = 0%, RTA = 33.93 ms
[1717387200] CURRENT HOST STATE: FW Blueshell;UP;HARD;1;PING OK - Packet loss = 0%, RTA = 3.47 ms
[1717387200] CURRENT HOST STATE: FW Cass Entel;UP;HARD;1;PING OK - Packet loss = 0%, RTA = 33.92 ms
[1717387200] CURRENT HOST STATE: FW Cass Telsur;UP;HARD;1;PING OK - Packet loss = 0%, RTA = 0.63 ms
[1717387200] CURRENT HOST STATE: FW Clinica PV Movistar;UP;HARD;1;PING OK - Packet loss = 0%, RTA = 33.79 ms
[1717387200] CURRENT HOST STATE: FW Clinica PV Telsur;UP;HARD;1;PING OK - Packet loss = 0%, RTA = 1.64 ms
[1717387200] CURRENT HOST STATE: FW Confe;UP;HARD;1;PING OK - Packet loss = 0%, RTA = 40.62 ms
[1717387200] CURRENT HOST STATE: FW Electric Works;UP;HARD;1;PING OK - Packet loss = 0%, RTA = 33.25 ms
[1717387200] CURRENT HOST STATE: FW Gore Los Lagos;UP;HARD;1;PING OK - Packet loss = 0%, RTA = 1.17 ms
[1717387200] CURRENT HOST STATE: FW OyC;UP;HARD;1;PING OK - Packet loss = 0%, RTA = 45.34 ms
[1717387200] CURRENT HOST STATE: FW Pasmar;UP;HARD;1;PING OK - Packet loss = 0%, RTA = 1.46 ms
[1717387200] CURRENT HOST STATE: Gore Los Lagos;UP;HARD;1;PING OK - Packet loss = 0%, RTA = 1.42 ms
[1717387200] CURRENT HOST STATE: Host-10.0.0.120;UP;HARD;1;PING OK - Packet loss = 0%, RTA = 0.60 ms
[1717387200] CURRENT HOST STATE: Host-10.0.0.121;UP;HARD;1;PING OK - Packet loss = 0%, RTA = 0.46 ms
[1717387200] CURRENT HOST STATE: Host-10.0.0.124;UP;HARD;1;PING OK - Packet loss = 0%, RTA = 0.89 ms
[1717387200] CURRENT HOST STATE: Internet;UP;HARD;1;PING OK - Packet loss = 0%, RTA = 17.21 ms
[1717387200] CURRENT HOST STATE: OyC Entel;UP;HARD;1;PING OK - Packet loss = 0%, RTA = 37.75 ms
[1717387200] CURRENT HOST STATE: OyC Teledata;UP;HARD;1;PING OK - Packet loss = 0%, RTA = 43.60 ms
[1717387200] CURRENT HOST STATE: Pasmar;UP;HARD;1;PING OK - Packet loss = 0%, RTA = 1.08 ms
[1717387200] CURRENT HOST STATE: Qnap NAS;UP;HARD;1;PING OK - Packet loss = 0%, RTA = 0.33 ms
[1717387200] CURRENT HOST STATE: SRV01USER_cass.cl;UP;HARD;1;PING OK - Packet loss = 0%, RTA = 2.81 ms
[1717387200] CURRENT HOST STATE: SRV04AD01.cass.cl;UP;HARD;1;PING OK - Packet loss = 0%, RTA = 1.14 ms
[1717387200] CURRENT HOST STATE: SRV05AD02_cass.cl;UP;HARD;1;PING OK - Packet loss = 0%, RTA = 1.42 ms
[1717387200] CURRENT HOST STATE: SRV05AD2_cass.pmc;UP;HARD;1;PING OK - Packet loss = 0%, RTA = 1.96 ms
[1717387200] CURRENT HOST STATE: SRV11VIBE_cass.cl;UP;HARD;1;PING OK - Packet loss = 0%, RTA = 1.46 ms
[1717387200] CURRENT HOST STATE: SRVAD1.cass.pmc;UP;HARD;1;PING OK - Packet loss = 0%, RTA = 2.63 ms
[1717387200] CURRENT HOST STATE: SRVAD2.cass.pmc;UP;HARD;1;PING OK - Packet loss = 0%, RTA = 1.56 ms
[1717387200] CURRENT HOST STATE: SRVADMIN.cass.pmc;UP;HARD;1;PING OK - Packet loss = 0%, RTA = 1.72 ms
[1717387200] CURRENT HOST STATE: SRVCONT.cass.cl;UP;HARD;1;PING OK - Packet loss = 0%, RTA = 4.15 ms
[1717387200] CURRENT HOST STATE: SRVDC01_cass.pmc;UP;HARD;1;PING OK - Packet loss = 0%, RTA = 1.92 ms
[1717387200] CURRENT HOST STATE: SRVDC1.cass.pmc;UP;HARD;1;PING OK - Packet loss = 0%, RTA = 1.75 ms
[1717387200] CURRENT HOST STATE: SRVDNS;UP;HARD;1;PING OK - Packet loss = 37%, RTA = 1.40 ms
[1717387200] CURRENT HOST STATE: SRVWEB_cass.cl;UP;HARD;1;PING OK - Packet loss = 0%, RTA = 1.33 ms
[1717387200] CURRENT HOST STATE: SRV_Cfiler.cass.cl;UP;HARD;1;PING OK - Packet loss = 0%, RTA = 0.88 ms
[1717387200] CURRENT HOST STATE: SRV_GLPI;UP;HARD;1;PING OK - Packet loss = 0%, RTA = 0.73 ms
[1717387200] CURRENT HOST STATE: SRV_GXConsultores;UP;HARD;1;PING OK - Packet loss = 0%, RTA = 1.04 ms
[1717387200] CURRENT HOST STATE: SRV_Oraculo_cass.cl;UP;HARD;1;PING OK - Packet loss = 28%, RTA = 1.28 ms
[1717387200] CURRENT HOST STATE: SRV_Prometheus;UP;HARD;1;PING OK - Packet loss = 0%, RTA = 0.74 ms
[1717387200] CURRENT HOST STATE: SRV_SOS2021.cass.cl;UP;HARD;1;PING OK - Packet loss = 0%, RTA = 0.61 ms
[1717387200] CURRENT HOST STATE: SRV_SUM;UP;HARD;1;PING OK - Packet loss = 0%, RTA = 0.96 ms
[1717387200] CURRENT HOST STATE: SRV_Sharepoint;DOWN;HARD;10;CRITICAL - Host Unreachable (10.0.0.89)
[1717387200] CURRENT HOST STATE: SRV_Soporte;UP;HARD;1;PING OK - Packet loss = 0%, RTA = 2.75 ms
[1717387200] CURRENT HOST STATE: SRV_VeeamOne;DOWN;HARD;10;CRITICAL - Host Unreachable (10.0.0.101)
[1717387200] CURRENT HOST STATE: SRV_chat.cass.cl;UP;HARD;1;PING OK - Packet loss = 0%, RTA = 0.66 ms
[1717387200] CURRENT HOST STATE: SRV_email.cass.cl;UP;HARD;1;PING OK - Packet loss = 0%, RTA = 1.43 ms
[1717387200] CURRENT HOST STATE: SRV_nagios;UP;HARD;1;PING OK - Packet loss = 0%, RTA = 0.06 ms
[1717387200] CURRENT HOST STATE: SRV_sync.cass.cl;UP;HARD;1;PING OK - Packet loss = 0%, RTA = 1.36 ms
[1717387200] CURRENT HOST STATE: Servidor Vcenter;UP;HARD;1;PING OK - Packet loss = 0%, RTA = 0.59 ms
[1717387200] CURRENT HOST STATE: Servidores CASS;DOWN;HARD;10;CRITICAL - Host Unreachable (10.0.0.17)
[1717387200] CURRENT HOST STATE: Ups Principal;UNREACHABLE;HARD;10;CRITICAL - Host Unreachable (192.168.10.19)
[1717387200] CURRENT HOST STATE: Veeam2023.cass.pmc;UP;HARD;1;PING OK - Packet loss = 0%, RTA = 2.32 ms
[1717387200] CURRENT HOST STATE: web_cass_cl;UP;HARD;1;PING OK - Packet loss = 0%, RTA = 0.70 ms
[1717387200] CURRENT SERVICE STATE: ADL Diagnostic;Ping;OK;HARD;1;PING OK - Packet loss = 0%, RTA = 35.35 ms
[1717387200] CURRENT SERVICE STATE: Blueshell;Ping;OK;HARD;1;PING OK - Packet loss = 0%, RTA = 3.42 ms
[1717387200] CURRENT SERVICE STATE: Clinica PV Movistar;Ping;OK;HARD;1;PING OK - Packet loss = 0%, RTA = 31.86 ms
[1717387200] CURRENT SERVICE STATE: Confe;Ping;OK;HARD;1;PING OK - Packet loss = 0%, RTA = 59.51 ms
[1717387200] CURRENT SERVICE STATE: Electric Works;Ping;OK;HARD;1;PING OK - Packet loss = 54%, RTA = 34.34 ms
[1717387200] CURRENT SERVICE STATE: Ext Telsur;Ping;OK;HARD;1;PING OK - Packet loss = 16%, RTA = 1.46 ms
[1717387200] CURRENT SERVICE STATE: FW ADL Diagnostic;Ping;OK;HARD;1;PING OK - Packet loss = 0%, RTA = 34.08 ms
[1717387200] CURRENT SERVICE STATE: FW Blueshell;Ping;OK;HARD;1;PING OK - Packet loss = 0%, RTA = 3.50 ms
[1717387200] CURRENT SERVICE STATE: FW Cass Entel;Ping;OK;HARD;1;PING OK - Packet loss = 0%, RTA = 34.06 ms
[1717387200] CURRENT SERVICE STATE: FW Cass Telsur;Ancho de Banda DMZ;OK;HARD;1;OK - Average IN: 7.14KB (0.01%), Average OUT: 4.44KB (0.00%)Total RX: 6.18GBytes, Total TX: 3.83GBytes
[1717387200] CURRENT SERVICE STATE: FW Cass Telsur;Ancho de Banda LAN;OK;HARD;1;OK - Average IN: 821.76B (0.00%), Average OUT: 1.72KB (0.00%)Total RX: 84.31GBytes, Total TX: 93.87GBytes
[1717387200] CURRENT SERVICE STATE: FW Cass Telsur;Ancho de Banda WAN;OK;HARD;1;OK - Average IN: 31.42B (0.00%), Average OUT: 11.88B (0.00%)Total RX: 1107.37GBytes, Total TX: 1513.81GBytes
[1717387200] CURRENT SERVICE STATE: FW Cass Telsur;Estado Puerto DMZ;OK;HARD;1;OK: Interface eth2 (index 4) is up.
[1717387200] CURRENT SERVICE STATE: FW Cass Telsur;Estado Puerto LAN;OK;HARD;1;OK: Interface eth0 (index 2) is up.
[1717387200] CURRENT SERVICE STATE: FW Cass Telsur;Estado Puerto WAN;OK;HARD;1;OK: Interface eth1 (index 3) is up.
[1717387200] CURRENT SERVICE STATE: FW Cass Telsur;Estado TCP Sophos;OK;HARD;1;TCP OK - 0.001 second response time on 201.220.96.34 port 4444
[1717387200] CURRENT SERVICE STATE: FW Cass Telsur;Ping;OK;HARD;1;PING OK - Packet loss = 0%, RTA = 0.81 ms
[1717387200] CURRENT SERVICE STATE: FW Cass Telsur;Tiempo Activo;OK;HARD;1;SNMP OK - Timeticks: (45587017) 5 days, 6:37:50.17
[1717387200] CURRENT SERVICE STATE: FW Clinica PV Movistar;Ping;OK;HARD;1;PING OK - Packet loss = 50%, RTA = 33.94 ms
[1717387200] CURRENT SERVICE STATE: FW Confe;Ping;OK;HARD;1;PING OK - Packet loss = 0%, RTA = 38.79 ms
[1717387200] CURRENT SERVICE STATE: FW Electric Works;Ping;OK;HARD;1;PING OK - Packet loss = 0%, RTA = 33.27 ms
[1717387200] CURRENT SERVICE STATE: FW Gore Los Lagos;Ping;OK;HARD;1;PING OK - Packet loss = 0%, RTA = 1.47 ms
[1717387200] CURRENT SERVICE STATE: FW Pasmar;Ping;OK;HARD;1;PING OK - Packet loss = 0%, RTA = 1.31 ms
[1717387200] CURRENT SERVICE STATE: Gore Los Lagos;Ping;OK;HARD;1;PING OK - Packet loss = 0%, RTA = 1.03 ms
[1717387200] CURRENT SERVICE STATE: Host-10.0.0.120;Ping;OK;HARD;1;PING OK - Packet loss = 0%, RTA = 0.52 ms
[1717387200] CURRENT SERVICE STATE: Host-10.0.0.121;Ping;OK;HARD;1;PING OK - Packet loss = 0%, RTA = 0.53 ms
[1717387200] CURRENT SERVICE STATE: Pasmar;Ping;OK;HARD;1;PING OK - Packet loss = 0%, RTA = 1.14 ms
[1717387200] CURRENT SERVICE STATE: Qnap NAS;Almacenamiento;OK;HARD;1;OK: Total:50TB - Used:36TB - Free:14TB - Used Space: 71%
[1717387200] CURRENT SERVICE STATE: Qnap NAS;Estado;OK;HARD;1;Power Supply #1 - OK: GOOD
[1717387200] CURRENT SERVICE STATE: Qnap NAS;Memoria;OK;HARD;1;OK: Total:3830MB - Used:1280MB - Free:2550MB = 34%
[1717387200] CURRENT SERVICE STATE: Qnap NAS;Sysinfo;OK;HARD;1;NAS Cloud, Model TS-879U-RP, Firmware 4.3.6, Max HD number 8, No. Volume 2
[1717387200] CURRENT SERVICE STATE: Qnap NAS;Temperatura;OK;HARD;1;OK: Temperature=33C
[1717387200] CURRENT SERVICE STATE: Qnap NAS;Tiempo Activo;OK;HARD;1;SNMP OK - Timeticks: (134539216) 15 days, 13:43:12.16
[1717387200] CURRENT SERVICE STATE: SRV01USER_cass.cl;Actualizacion;CRITICAL;HARD;3;Updates: 2 critical, 0 optional
[1717387200] CURRENT SERVICE STATE: SRV01USER_cass.cl;Almacenamiento C;WARNING;HARD;3;c:\ - total: 119.40 Gb - used: 101.55 Gb (85%) - free 17.84 Gb (15%)
[1717387200] CURRENT SERVICE STATE: SRV01USER_cass.cl;Almacenamiento U;OK;HARD;1;u:\ - total: 1023.98 Gb - used: 228.16 Gb (22%) - free 795.82 Gb (78%)
[1717387200] CURRENT SERVICE STATE: SRV01USER_cass.cl;CPU;OK;HARD;1;CPU Load 1% (5 min average)
[1717387200] CURRENT SERVICE STATE: SRV01USER_cass.cl;Memoria;OK;HARD;1;Memory usage: total:23551.21 MB - used: 2275.42 MB (10%) - free: 21275.79 MB (90%)
[1717387200] CURRENT SERVICE STATE: SRV01USER_cass.cl;Ping;OK;HARD;1;PING OK - Packet loss = 0%, RTA = 2.92 ms
[1717387200] CURRENT SERVICE STATE: SRV01USER_cass.cl;Tiempo Activo;OK;HARD;1;System Uptime - 0 day(s) 15 hour(s) 56 minute(s)
[1717387200] CURRENT SERVICE STATE: SRV04AD01.cass.cl;Ping;OK;HARD;1;PING OK - Packet loss = 0%, RTA = 1.20 ms
[1717387200] CURRENT SERVICE STATE: SRV05AD02_cass.cl;Ping;OK;HARD;1;PING OK - Packet loss = 0%, RTA = 1.52 ms
[1717387200] CURRENT SERVICE STATE: SRV11VIBE_cass.cl;Actualizacion;CRITICAL;HARD;3;Updates CRITICAL : discontinued OS Release SLE 15.1: At least one of your Repositories might be out of date. Please run "zypper refresh" as root to update it.  3 security update(s): 1 recommended update(s):  2 package update(s):
[1717387200] CURRENT SERVICE STATE: SRV11VIBE_cass.cl;Almacenamiento /;OK;HARD;1;DISK OK - free space: /var/tmp 78567 MiB (85.72% inode=-):
[1717387200] CURRENT SERVICE STATE: SRV11VIBE_cass.cl;CPU;OK;HARD;1;OK - load average per CPU: 0.05, 0.02, 0.01
[1717387200] CURRENT SERVICE STATE: SRV11VIBE_cass.cl;Memoria;OK;HARD;1;[MEMORY] Total: 7693 MB - Used: 2368 MB - 30% [SWAP] Total: 7944 MB - Used: 3 MB - 0%
[1717387200] CURRENT SERVICE STATE: SRV11VIBE_cass.cl;Ping;OK;HARD;1;PING OK - Packet loss = 0%, RTA = 1.46 ms
[1717387200] CURRENT SERVICE STATE: SRV11VIBE_cass.cl;Proceso Vibe;OK;HARD;1;PROCS OK: 0 processes with command name 'vibe'
[1717387200] CURRENT SERVICE STATE: SRV11VIBE_cass.cl;Procesos;OK;HARD;1;PROCS OK: 268 processes
[1717387200] CURRENT SERVICE STATE: SRV11VIBE_cass.cl;Procesos Zombies;OK;HARD;1;PROCS OK: 0 processes with STATE = Z
[1717387200] CURRENT SERVICE STATE: SRV11VIBE_cass.cl;Puerto HTTP;OK;HARD;1;TCP OK - 0.001 second response time on 10.0.2.13 port 80
[1717387200] CURRENT SERVICE STATE: SRV11VIBE_cass.cl;Puerto HTTPS;OK;HARD;1;TCP OK - 0.001 second response time on 10.0.2.13 port 443
[1717387200] CURRENT SERVICE STATE: SRV11VIBE_cass.cl;Servicio Vibe;OK;HARD;1;OK: Service vibe is running!
[1717387200] CURRENT SERVICE STATE: SRV11VIBE_cass.cl;Tiempo Activo;OK;HARD;1;Uptime OK: 15 day(s) 14 hour(s) 23 minute(s)
[1717387200] CURRENT SERVICE STATE: SRV11VIBE_cass.cl;Usuarios Login;OK;HARD;1;USERS OK - 0 users currently logged in
[1717387200] CURRENT SERVICE STATE: SRVAD1.cass.pmc;Ping;OK;HARD;1;PING OK - Packet loss = 0%, RTA = 2.75 ms
[1717387200] CURRENT SERVICE STATE: SRVAD2.cass.pmc;Ping;OK;HARD;1;PING OK - Packet loss = 0%, RTA = 1.88 ms
[1717387200] CURRENT SERVICE STATE: SRVADMIN.cass.pmc;Actualizacion;OK;HARD;1;OK - no pending updates.
[1717387200] CURRENT SERVICE STATE: SRVADMIN.cass.pmc;Almacenamiento;OK;HARD;1;c:\ - total: 299.66 Gb - used: 162.83 Gb (54%) - free 136.83 Gb (46%)
[1717387200] CURRENT SERVICE STATE: SRVADMIN.cass.pmc;CPU;OK;HARD;1;CPU Load 1% (5 min average)
[1717387200] CURRENT SERVICE STATE: SRVADMIN.cass.pmc;Memoria;OK;HARD;1;Memory usage: total:16511.56 MB - used: 8863.73 MB (54%) - free: 7647.83 MB (46%)
[1717387200] CURRENT SERVICE STATE: SRVADMIN.cass.pmc;Ping;OK;HARD;1;PING OK - Packet loss = 0%, RTA = 2.36 ms
[1717387200] CURRENT SERVICE STATE: SRVADMIN.cass.pmc;Tiempo Activo;OK;HARD;1;System Uptime - 15 day(s) 13 hour(s) 25 minute(s)
[1717387200] CURRENT SERVICE STATE: SRVCONT.cass.cl;Actualizacion;OK;HARD;1;OK - no pending updates.
[1717387200] CURRENT SERVICE STATE: SRVCONT.cass.cl;Almacenamiento;OK;HARD;1;c:\ - total: 299.33 Gb - used: 57.79 Gb (19%) - free 241.54 Gb (81%)
[1717387200] CURRENT SERVICE STATE: SRVCONT.cass.cl;CPU;OK;HARD;1;CPU Load 3% (5 min average)
[1717387200] CURRENT SERVICE STATE: SRVCONT.cass.cl;Memoria;OK;HARD;1;Memory usage: total:12991.12 MB - used: 2266.15 MB (17%) - free: 10724.97 MB (83%)
[1717387200] CURRENT SERVICE STATE: SRVCONT.cass.cl;Ping;OK;HARD;1;PING OK - Packet loss = 0%, RTA = 3.98 ms
[1717387200] CURRENT SERVICE STATE: SRVCONT.cass.cl;Tiempo Activo;OK;HARD;1;System Uptime - 1 day(s) 2 hour(s) 55 minute(s)
[1717387200] CURRENT SERVICE STATE: SRVDC1.cass.pmc;Ping;OK;HARD;1;PING OK - Packet loss = 0%, RTA = 1.62 ms
[1717387200] CURRENT SERVICE STATE: SRVDNS;Ping;OK;HARD;1;PING OK - Packet loss = 0%, RTA = 1.28 ms
[1717387200] CURRENT SERVICE STATE: SRVWEB_cass.cl;Ping;OK;HARD;1;PING OK - Packet loss = 0%, RTA = 1.12 ms
[1717387200] CURRENT SERVICE STATE: SRV_Cfiler.cass.cl;Actualizacion;OK;HARD;1;Updates OK : no updates available
[1717387200] CURRENT SERVICE STATE: SRV_Cfiler.cass.cl;Almacenamiento /;CRITICAL;HARD;3;DISK CRITICAL - free space: / 0 MB (0% inode=-)]:
[1717387200] CURRENT SERVICE STATE: SRV_Cfiler.cass.cl;CPU;OK;HARD;1;OK - load average: 0.13, 0.13, 0.09
[1717387200] CURRENT SERVICE STATE: SRV_Cfiler.cass.cl;Http;OK;HARD;1;TCP OK - 0.000 second response time on port 80
[1717387200] CURRENT SERVICE STATE: SRV_Cfiler.cass.cl;Https;OK;HARD;1;TCP OK - 0.000 second response time on port 443
[1717387200] CURRENT SERVICE STATE: SRV_Cfiler.cass.cl;Memoria;OK;HARD;1;[MEMORY] Total: 3893 MB - Used: 1645 MB - 42% [SWAP] Total: 2047 MB - Used: 154 MB - 7%
[1717387200] CURRENT SERVICE STATE: SRV_Cfiler.cass.cl;Procesos;OK;HARD;1;PROCS OK: 335 processes
[1717387200] CURRENT SERVICE STATE: SRV_Cfiler.cass.cl;Procesos Zombies;OK;HARD;1;PROCS OK: 0 processes with STATE = Z
[1717387200] CURRENT SERVICE STATE: SRV_Cfiler.cass.cl;Procs Apache;OK;HARD;1;PROCS OK: 12 processes with args 'apache2'
[1717387200] CURRENT SERVICE STATE: SRV_Cfiler.cass.cl;Serv Apache;OK;HARD;1;OK: Service apache is running!
[1717387200] CURRENT SERVICE STATE: SRV_Cfiler.cass.cl;Servicio General;OK;HARD;1;PING OK - Packet loss = 0%, RTA = 0.71 ms
[1717387200] CURRENT SERVICE STATE: SRV_Cfiler.cass.cl;Tiempo Activo;OK;HARD;1;Uptime OK: 15 day(s) 13 hour(s) 14 minute(s)
[1717387200] CURRENT SERVICE STATE: SRV_Cfiler.cass.cl;Usuarios Login;OK;HARD;1;USERS OK - 1 users currently logged in
[1717387200] CURRENT SERVICE STATE: SRV_GLPI;Agentes;UNKNOWN;HARD;3;UNKNOWN: An error occured connecting to API. (Connection error: '[Errno 111] Connection refused')
[1717387200] CURRENT SERVICE STATE: SRV_GLPI;CPU;UNKNOWN;HARD;3;UNKNOWN: An error occured connecting to API. (Connection error: '[Errno 111] Connection refused')
[1717387200] CURRENT SERVICE STATE: SRV_GLPI;Http;OK;HARD;1;HTTP OK: HTTP/1.1 301 Moved Permanently - 364 bytes in 0.002 second response time
[1717387200] CURRENT SERVICE STATE: SRV_GLPI;Memoria;UNKNOWN;HARD;3;UNKNOWN: An error occured connecting to API. (Connection error: '[Errno 111] Connection refused')
[1717387200] CURRENT SERVICE STATE: SRV_GLPI;Usuarios Login;CRITICAL;HARD;3;(No output on stdout) stderr: connect to address 10.0.0.106 port 5666: Connection refused
[1717387200] CURRENT SERVICE STATE: SRV_Oraculo_cass.cl;Ping;OK;HARD;1;PING OK - Packet loss = 0%, RTA = 1.75 ms
[1717387200] CURRENT SERVICE STATE: SRV_SOS2021.cass.cl;Actualizacion;OK;HARD;1;Updates OK : no updates available
[1717387200] CURRENT SERVICE STATE: SRV_SOS2021.cass.cl;Almacenamiento /;OK;HARD;1;DISK OK - free space: /var/tmp 118323 MiB (91.06% inode=-):
[1717387200] CURRENT SERVICE STATE: SRV_SOS2021.cass.cl;CPU;OK;HARD;1;OK - load average per CPU: 0.03, 0.02, 0.02
[1717387200] CURRENT SERVICE STATE: SRV_SOS2021.cass.cl;Memoria;OK;HARD;1;[MEMORY] Total: 7946 MB - Used: 926 MB - 11% [SWAP] Total: 10239 MB - Used: 0 MB - 0%
[1717387200] CURRENT SERVICE STATE: SRV_SOS2021.cass.cl;Ping;OK;HARD;1;PING OK - Packet loss = 0%, RTA = 0.61 ms
[1717387200] CURRENT SERVICE STATE: SRV_SOS2021.cass.cl;Procesos;OK;HARD;1;PROCS OK: 301 processes
[1717387200] CURRENT SERVICE STATE: SRV_SOS2021.cass.cl;Procesos Zombies;OK;HARD;1;PROCS OK: 0 processes with STATE = Z
[1717387200] CURRENT SERVICE STATE: SRV_SOS2021.cass.cl;Tiempo Activo;OK;HARD;1;Uptime OK: 15 day(s) 14 hour(s) 4 minute(s)
[1717387200] CURRENT SERVICE STATE: SRV_SOS2021.cass.cl;Usuarios Login;OK;HARD;1;USERS OK - 0 users currently logged in
[1717387200] CURRENT SERVICE STATE: SRV_SUM;Ping;OK;HARD;1;PING OK - Packet loss = 0%, RTA = 0.83 ms
[1717387200] CURRENT SERVICE STATE: SRV_Soporte;Actualizacion;CRITICAL;HARD;3;Hay 7 actualizaciones pendientes.
[1717387200] CURRENT SERVICE STATE: SRV_Soporte;Agentes;OK;HARD;1;OK: Agent_version was ['3.0.1']
[1717387200] CURRENT SERVICE STATE: SRV_Soporte;CPU;OK;HARD;1;OK: Percent was 41.70 %
[1717387200] CURRENT SERVICE STATE: SRV_Soporte;Memoria;OK;HARD;1;OK: Memory usage was 43.80 % (Available: 9.66 GB, Total: 17.18 GB, Free: 9.66 GB, Used: 7.53 GB)
[1717387200] CURRENT SERVICE STATE: SRV_chat.cass.cl;Actualizacion;OK;HARD;1;Updates OK : no updates available
[1717387200] CURRENT SERVICE STATE: SRV_chat.cass.cl;Almacenamiento /;OK;HARD;1;DISK OK - free space: /var/tmp 925413 MiB (88.44% inode=-):
[1717387200] CURRENT SERVICE STATE: SRV_chat.cass.cl;CPU;OK;HARD;1;OK - load average per CPU: 0.04, 0.09, 0.09
[1717387200] CURRENT SERVICE STATE: SRV_chat.cass.cl;Memoria;OK;HARD;1;[MEMORY] Total: 7919 MB - Used: 4056 MB - 51% [SWAP] Total: 2048 MB - Used: 362 MB - 17%
[1717387200] CURRENT SERVICE STATE: SRV_chat.cass.cl;Ping;OK;HARD;1;PING OK - Packet loss = 0%, RTA = 0.50 ms
[1717387200] CURRENT SERVICE STATE: SRV_chat.cass.cl;Proceso Docker;OK;HARD;1;PROCS OK: 0 processes with command name 'docker'
[1717387200] CURRENT SERVICE STATE: SRV_chat.cass.cl;Proceso Nginx;OK;HARD;1;PROCS OK: 3 processes with command name 'nginx'
[1717387200] CURRENT SERVICE STATE: SRV_chat.cass.cl;Procesos;OK;HARD;1;PROCS OK: 322 processes
[1717387200] CURRENT SERVICE STATE: SRV_chat.cass.cl;Procesos Zombies;OK;HARD;1;PROCS OK: 0 processes with STATE = Z
[1717387200] CURRENT SERVICE STATE: SRV_chat.cass.cl;Puerto Contenedor;OK;HARD;1;TCP OK - 0.000 second response time on port 8000
[1717387200] CURRENT SERVICE STATE: SRV_chat.cass.cl;Puerto HTTP;OK;HARD;1;TCP OK - 0.000 second response time on port 80
[1717387200] CURRENT SERVICE STATE: SRV_chat.cass.cl;Puerto HTTPS;OK;HARD;1;TCP OK - 0.000 second response time on port 443
[1717387200] CURRENT SERVICE STATE: SRV_chat.cass.cl;Puerto Portainer;OK;HARD;1;TCP OK - 0.000 second response time on port 9443
[1717387200] CURRENT SERVICE STATE: SRV_chat.cass.cl;Servicio Docker;OK;HARD;1;OK: Service docker is running!
[1717387200] CURRENT SERVICE STATE: SRV_chat.cass.cl;Servicio Nginx;OK;HARD;1;OK: Service nginx is running!
[1717387200] CURRENT SERVICE STATE: SRV_chat.cass.cl;Usuarios Login;OK;HARD;1;USERS OK - 2 users currently logged in
[1717387200] CURRENT SERVICE STATE: SRV_email.cass.cl;Actualizacion;OK;HARD;1;Updates OK : no updates available
[1717387200] CURRENT SERVICE STATE: SRV_email.cass.cl;Almacenamiento /;OK;HARD;1;DISK OK - free space: /var/tmp 459138 MiB (90.60% inode=-):
[1717387200] CURRENT SERVICE STATE: SRV_email.cass.cl;Almacenamiento Mail;OK;HARD;1;DISK OK - free space: /mail 1759819 MiB (89.86% inode=99%):
[1717387200] CURRENT SERVICE STATE: SRV_email.cass.cl;Almacenamiento Mail2;OK;HARD;1;DISK OK - free space: /mail2 473827 MiB (99.28% inode=100%):
[1717387200] CURRENT SERVICE STATE: SRV_email.cass.cl;CPU;OK;HARD;1;OK - load average per CPU: 0.01, 0.01, 0.01
[1717387200] CURRENT SERVICE STATE: SRV_email.cass.cl;Correo Pop;OK;HARD;1;POP OK - 0.001 second response time on 10.0.2.25 port 110 [+OK GroupWise POP3 server ready]
[1717387200] CURRENT SERVICE STATE: SRV_email.cass.cl;Correo Smtp;OK;HARD;1;SMTP OK - 0.004 sec. response time
[1717387200] CURRENT SERVICE STATE: SRV_email.cass.cl;Memoria;OK;HARD;1;[MEMORY] Total: 11939 MB - Used: 2793 MB - 23% [SWAP] Total: 2048 MB - Used: 3 MB - 0%
[1717387200] CURRENT SERVICE STATE: SRV_email.cass.cl;Ping;OK;HARD;1;PING OK - Packet loss = 0%, RTA = 1.74 ms
[1717387200] CURRENT SERVICE STATE: SRV_email.cass.cl;Procesos;OK;HARD;1;PROCS OK: 303 processes
[1717387200] CURRENT SERVICE STATE: SRV_email.cass.cl;Procesos Zombies;OK;HARD;1;PROCS OK: 0 processes with STATE = Z
[1717387200] CURRENT SERVICE STATE: SRV_email.cass.cl;Tiempo Activo;OK;HARD;1;Uptime OK: 15 day(s) 14 hour(s) 13 minute(s)
[1717387200] CURRENT SERVICE STATE: SRV_email.cass.cl;Usuarios Login;OK;HARD;1;USERS OK - 0 users currently logged in
[1717387200] CURRENT SERVICE STATE: SRV_nagios;Actualizacion;CRITICAL;HARD;4;YUM CRITICAL: 4 Updates Available
[1717387200] CURRENT SERVICE STATE: SRV_nagios;CPU;OK;HARD;1;OK - load average: 0.09, 0.09, 0.06
[1717387200] CURRENT SERVICE STATE: SRV_nagios;Memoria;OK;HARD;1;[MEMORY] Total: 7740 MB - Used: 430 MB - 5% [SWAP] Total: 7935 MB - Used: 0 MB - 0%
[1717387200] CURRENT SERVICE STATE: SRV_nagios;PING;OK;HARD;1;PING OK - Packet loss = 0%, RTA = 0.08 ms
[1717387200] CURRENT SERVICE STATE: SRV_nagios;Procesos;OK;HARD;1;PROCS OK: 74 processes with STATE = RSZDT
[1717387200] CURRENT SERVICE STATE: SRV_nagios;Usarios Login;OK;HARD;1;USERS OK - 0 users currently logged in
[1717387200] CURRENT SERVICE STATE: SRV_sync.cass.cl;Ping;OK;HARD;1;PING OK - Packet loss = 0%, RTA = 1.28 ms
[1717387200] CURRENT SERVICE STATE: Servidor Vcenter;Ping;OK;HARD;1;PING OK - Packet loss = 0%, RTA = 0.58 ms
[1717387200] CURRENT SERVICE STATE: Servidores CASS;Estado Puerto 3;WARNING;HARD;1;WARNING: SNMP error: No response from remote host "10.0.0.17"
[1717387200] CURRENT SERVICE STATE: Servidores CASS;Estado Puerto 80;CRITICAL;HARD;1;connect to address 10.0.0.17 and port 80: No route to host
[1717387200] CURRENT SERVICE STATE: Servidores CASS;Ping;CRITICAL;HARD;1;CRITICAL - Host Unreachable (10.0.0.17)
[1717387200] CURRENT SERVICE STATE: Servidores CASS;Uptime;CRITICAL;HARD;1;CRITICAL - Plugin timed out while executing system call
[1717387200] CURRENT SERVICE STATE: Ups Principal;Carga;UNKNOWN;HARD;3;Plugin check_ups_snmp failure - snmpget command error.
[1717387200] CURRENT SERVICE STATE: Ups Principal;Estado;UNKNOWN;HARD;3;Plugin check_ups_snmp failure - snmpget command error.
[1717387200] CURRENT SERVICE STATE: Ups Principal;Ping;CRITICAL;HARD;3;CRITICAL - Host Unreachable (192.168.10.19)
[1717387200] CURRENT SERVICE STATE: Ups Principal;Temperatura;UNKNOWN;HARD;3;Plugin check_ups_snmp failure - snmpget command error.
[1717387200] CURRENT SERVICE STATE: Ups Principal;Tiempo Activo;CRITICAL;HARD;3;CRITICAL - Plugin timed out while executing system call
[1717387200] CURRENT SERVICE STATE: Veeam2023.cass.pmc;Actualizacion;CRITICAL;HARD;3;Updates: 3 critical, 0 optional
[1717387200] CURRENT SERVICE STATE: Veeam2023.cass.pmc;Almacenamiento;OK;HARD;1;c:\ - total: 99.33 Gb - used: 68.23 Gb (69%) - free 31.09 Gb (31%)
[1717387200] CURRENT SERVICE STATE: Veeam2023.cass.pmc;CPU;OK;HARD;1;CPU Load 10% (5 min average)
[1717387200] CURRENT SERVICE STATE: Veeam2023.cass.pmc;Memoria;OK;HARD;1;Memory usage: total:28159.25 MB - used: 16688.97 MB (59%) - free: 11470.29 MB (41%)
[1717387200] CURRENT SERVICE STATE: Veeam2023.cass.pmc;Ping;OK;HARD;1;PING OK - Packet loss = 0%, RTA = 2.64 ms
[1717387200] CURRENT SERVICE STATE: Veeam2023.cass.pmc;Tiempo Activo;OK;HARD;1;System Uptime - 4 day(s) 4 hour(s) 23 minute(s)
[1717387200] CURRENT SERVICE STATE: web_cass_cl;Certificado;OK;HARD;1;SSL OK - Certificate '*.cass.cl' will expire in 214 days on 2025-01-03 20:59 -0300/-03.
[1717387200] CURRENT SERVICE STATE: web_cass_cl;HTTP;OK;HARD;1;HTTP OK: HTTP/1.1 302 Found - 1075 bytes in 0.168 second response time
[1717387854] SERVICE ALERT: SRV_Soporte;CPU;WARNING;SOFT;1;WARNING: Percent was 68.17 %
[1717387975] SERVICE ALERT: SRV_Soporte;CPU;OK;SOFT;2;OK: Percent was 35.17 %
[1717388816] SERVICE ALERT: SRV_Soporte;CPU;WARNING;SOFT;1;WARNING: Percent was 64.38 %
[1717388936] SERVICE ALERT: SRV_Soporte;CPU;OK;SOFT;2;OK: Percent was 43.75 %
[1717389597] SERVICE ALERT: SRV_Soporte;CPU;CRITICAL;SOFT;1;CRITICAL: Percent was 71.97 %
[1717389718] SERVICE ALERT: SRV_Soporte;CPU;WARNING;SOFT;2;WARNING: Percent was 66.70 %
[1717389839] SERVICE ALERT: SRV_Soporte;CPU;OK;SOFT;3;OK: Percent was 47.73 %
[1717390187] Auto-save of retention data completed successfully.
[1717390740] SERVICE ALERT: SRV_Soporte;CPU;CRITICAL;SOFT;1;CRITICAL: Percent was 75.20 %
[1717390861] SERVICE ALERT: SRV_Soporte;CPU;OK;SOFT;2;OK: Percent was 38.27 %
[1717392662] SERVICE ALERT: SRV_Soporte;CPU;CRITICAL;SOFT;1;CRITICAL: Percent was 71.20 %
[1717392783] SERVICE ALERT: SRV_Soporte;CPU;OK;SOFT;2;OK: Percent was 40.17 %
[1717393504] SERVICE ALERT: SRV_Soporte;CPU;WARNING;SOFT;1;WARNING: Percent was 63.62 %
[1717393624] SERVICE ALERT: SRV_Soporte;CPU;OK;SOFT;2;OK: Percent was 27.95 %
[1717393787] Auto-save of retention data completed successfully.
[1717397387] Auto-save of retention data completed successfully.
[1717398363] SERVICE ALERT: SRV_Soporte;CPU;WARNING;SOFT;1;WARNING: Percent was 63.27 %
[1717398484] SERVICE ALERT: SRV_Soporte;CPU;OK;SOFT;2;OK: Percent was 52.28 %
[1717399205] SERVICE ALERT: SRV_Soporte;CPU;WARNING;SOFT;1;WARNING: Percent was 61.72 %
[1717399326] SERVICE ALERT: SRV_Soporte;CPU;OK;SOFT;2;OK: Percent was 30.45 %
[1717400987] Auto-save of retention data completed successfully.
[1717402026] SERVICE ALERT: SRV_Soporte;CPU;WARNING;SOFT;1;WARNING: Percent was 64.40 %
[1717402147] SERVICE ALERT: SRV_Soporte;CPU;OK;SOFT;2;OK: Percent was 37.53 %
[1717404368] SERVICE ALERT: SRV_Soporte;CPU;WARNING;SOFT;1;WARNING: Percent was 68.17 %
[1717404489] SERVICE ALERT: SRV_Soporte;CPU;OK;SOFT;2;OK: Percent was 45.45 %
[1717404587] Auto-save of retention data completed successfully.
[1717405629] SERVICE ALERT: SRV_Soporte;CPU;WARNING;SOFT;1;WARNING: Percent was 69.15 %
[1717405750] SERVICE ALERT: SRV_Soporte;CPU;OK;SOFT;2;OK: Percent was 32.80 %
[1717406531] SERVICE ALERT: SRV_Soporte;CPU;WARNING;SOFT;1;WARNING: Percent was 62.50 %
[1717406651] SERVICE ALERT: SRV_Soporte;CPU;OK;SOFT;2;OK: Percent was 32.58 %
[1717408187] Auto-save of retention data completed successfully.
[1717408272] SERVICE ALERT: SRV_Soporte;CPU;WARNING;SOFT;1;WARNING: Percent was 68.95 %
[1717408393] SERVICE ALERT: SRV_Soporte;CPU;OK;SOFT;2;OK: Percent was 40.92 %
[1717411094] SERVICE ALERT: SRV_Soporte;CPU;WARNING;SOFT;1;WARNING: Percent was 60.98 %
[1717411214] SERVICE ALERT: SRV_Soporte;CPU;OK;SOFT;2;OK: Percent was 31.25 %
[1717411515] SERVICE ALERT: SRV_Soporte;CPU;WARNING;SOFT;1;WARNING: Percent was 60.95 %
[1717411635] SERVICE ALERT: SRV_Soporte;CPU;OK;SOFT;2;OK: Percent was 39.08 %
[1717411787] Auto-save of retention data completed successfully.
[1717413376] SERVICE ALERT: SRV_Soporte;CPU;WARNING;SOFT;1;WARNING: Percent was 61.77 %
[1717413496] SERVICE ALERT: SRV_Soporte;CPU;OK;SOFT;2;OK: Percent was 35.62 %
[1717414396] SERVICE ALERT: SRV_Soporte;CPU;WARNING;SOFT;1;WARNING: Percent was 65.15 %
[1717414517] SERVICE ALERT: SRV_Soporte;CPU;OK;SOFT;2;OK: Percent was 39.40 %
[1717415357] SERVICE ALERT: SRV_Soporte;CPU;WARNING;SOFT;1;WARNING: Percent was 69.70 %
[1717415387] Auto-save of retention data completed successfully.
[1717415478] SERVICE ALERT: SRV_Soporte;CPU;OK;SOFT;2;OK: Percent was 42.17 %
[1717415599] SERVICE ALERT: SRV_Soporte;CPU;WARNING;SOFT;1;WARNING: Percent was 61.38 %
[1717415720] SERVICE ALERT: SRV_Soporte;CPU;OK;SOFT;2;OK: Percent was 28.12 %
[1717418987] Auto-save of retention data completed successfully.
[1717419027] SERVICE ALERT: FW Cass Telsur;Ancho de Banda DMZ;CRITICAL;SOFT;1;(No output on stdout) stderr:
[1717419147] SERVICE ALERT: FW Cass Telsur;Ancho de Banda DMZ;OK;SOFT;2;OK - Average IN: 18.81KB (0.02%), Average OUT: 10.86KB (0.01%)Total RX: 6.59GBytes, Total TX: 4.03GBytes
[1717419500] SERVICE ALERT: SRV_Soporte;CPU;WARNING;SOFT;1;WARNING: Percent was 60.55 %
[1717419621] SERVICE ALERT: SRV_Soporte;CPU;OK;SOFT;2;OK: Percent was 44.70 %
[1717420521] SERVICE ALERT: SRV_Soporte;CPU;CRITICAL;SOFT;1;CRITICAL: Percent was 75.75 %
[1717420642] SERVICE ALERT: SRV_Soporte;CPU;OK;SOFT;2;OK: Percent was 7.57 %
[1717421723] SERVICE ALERT: SRV_Soporte;CPU;WARNING;SOFT;1;WARNING: Percent was 68.58 %
[1717421843] SERVICE ALERT: SRV_Soporte;CPU;OK;SOFT;2;OK: Percent was 35.95 %
[1717422587] Auto-save of retention data completed successfully.
[1717423307] SERVICE ALERT: SRV01USER_cass.cl;Actualizacion;UNKNOWN;HARD;3;CHECK_NRPE: Receive header underflow - only 0 bytes received (4 expected).
[1717423371] SERVICE ALERT: SRV01USER_cass.cl;Actualizacion;CRITICAL;HARD;3;Updates: 2 critical, 0 optional
[1717423584] SERVICE ALERT: SRV_Soporte;CPU;WARNING;SOFT;1;WARNING: Percent was 63.85 %
[1717423704] SERVICE ALERT: SRV_Soporte;CPU;OK;SOFT;2;OK: Percent was 34.85 %
[1717424424] SERVICE ALERT: SRV_Soporte;CPU;WARNING;SOFT;1;WARNING: Percent was 65.90 %
[1717424545] SERVICE ALERT: SRV_Soporte;CPU;OK;SOFT;2;OK: Percent was 35.15 %
[1717425085] SERVICE ALERT: SRV_Soporte;CPU;WARNING;SOFT;1;WARNING: Percent was 65.65 %
[1717425206] SERVICE ALERT: SRV_Soporte;CPU;OK;SOFT;2;OK: Percent was 34.10 %
[1717426187] Auto-save of retention data completed successfully.
[1717427247] SERVICE ALERT: SRV_Soporte;CPU;WARNING;SOFT;1;WARNING: Percent was 62.50 %
[1717427367] SERVICE ALERT: SRV_Soporte;CPU;OK;SOFT;2;OK: Percent was 29.70 %
[1717428688] SERVICE ALERT: SRV_Soporte;CPU;CRITICAL;SOFT;1;CRITICAL: Percent was 70.60 %
[1717428809] SERVICE ALERT: SRV_Soporte;CPU;OK;SOFT;2;OK: Percent was 42.95 %
[1717428929] SERVICE ALERT: SRV_Soporte;CPU;CRITICAL;SOFT;1;CRITICAL: Percent was 85.03 %
[1717429050] SERVICE ALERT: SRV_Soporte;CPU;OK;SOFT;2;OK: Percent was 40.60 %
[1717429787] Auto-save of retention data completed successfully.
[1717431391] SERVICE ALERT: SRV_Soporte;CPU;WARNING;SOFT;1;WARNING: Percent was 63.25 %
[1717431511] SERVICE ALERT: SRV_Soporte;CPU;OK;SOFT;2;OK: Percent was 34.10 %
[1717433371] SERVICE ALERT: SRV_Soporte;CPU;CRITICAL;SOFT;1;CRITICAL: Percent was 74.82 %
[1717433387] Auto-save of retention data completed successfully.
[1717433492] SERVICE ALERT: SRV_Soporte;CPU;OK;SOFT;2;OK: Percent was 30.32 %
[1717434333] SERVICE ALERT: SRV_Soporte;CPU;WARNING;SOFT;1;WARNING: Percent was 67.42 %
[1717434453] SERVICE ALERT: SRV_Soporte;CPU;OK;SOFT;2;OK: Percent was 38.85 %
[1717434995] SERVICE ALERT: SRV_SOS2021.cass.cl;Actualizacion;UNKNOWN;SOFT;1;Updates UNKNOWN : UNKNOWN: Error message: Failed to connect to download.opensuse.org port 80: No route to host
[1717435126] SERVICE ALERT: SRV_SOS2021.cass.cl;Actualizacion;OK;SOFT;2;Updates OK : no updates available
[1717435353] SERVICE ALERT: SRV_Soporte;CPU;WARNING;SOFT;1;WARNING: Percent was 62.12 %
[1717435474] SERVICE ALERT: SRV_Soporte;CPU;WARNING;SOFT;2;WARNING: Percent was 62.90 %
[1717435595] SERVICE ALERT: SRV_Soporte;CPU;OK;SOFT;3;OK: Percent was 38.25 %
[1717436337] SERVICE ALERT: FW Cass Telsur;Estado Puerto DMZ;WARNING;SOFT;1;WARNING: SNMP error: No response from remote host "201.220.96.34"
[1717436457] SERVICE ALERT: FW Cass Telsur;Estado Puerto DMZ;OK;SOFT;2;OK: Interface eth2 (index 4) is up.
[1717436987] Auto-save of retention data completed successfully.
[1717437936] SERVICE ALERT: SRV_Soporte;CPU;CRITICAL;SOFT;1;CRITICAL: Percent was 87.85 %
[1717438057] SERVICE ALERT: SRV_Soporte;CPU;OK;SOFT;2;OK: Percent was 29.70 %
[1717438538] SERVICE ALERT: SRV_Soporte;CPU;WARNING;SOFT;1;WARNING: Percent was 64.05 %
[1717438659] SERVICE ALERT: SRV_Soporte;CPU;OK;SOFT;2;OK: Percent was 33.12 %
[1717439377] SERVICE ALERT: FW Cass Telsur;Ancho de Banda DMZ;CRITICAL;SOFT;1;(No output on stdout) stderr:
[1717439497] SERVICE ALERT: FW Cass Telsur;Ancho de Banda DMZ;OK;SOFT;2;OK - Average IN: 10.32KB (0.01%), Average OUT: 9.68KB (0.01%)Total RX: 7.19GBytes, Total TX: 4.34GBytes
[1717440245] SERVICE ALERT: FW Cass Telsur;Ancho de Banda WAN;CRITICAL;SOFT;1;(No output on stdout) stderr:
[1717440287] SERVICE ALERT: FW Cass Telsur;Ancho de Banda DMZ;CRITICAL;SOFT;1;(No output on stdout) stderr:
[1717440380] SERVICE ALERT: FW Cass Telsur;Ancho de Banda WAN;OK;SOFT;2;(No output on stdout) stderr:
[1717440422] SERVICE ALERT: FW Cass Telsur;Ancho de Banda DMZ;OK;SOFT;2;(No output on stdout) stderr:
[1717440423] SERVICE ALERT: FW Cass Telsur;Ancho de Banda LAN;CRITICAL;SOFT;1;(No output on stdout) stderr:
[1717440427] SERVICE ALERT: FW Cass Telsur;Estado Puerto DMZ;WARNING;SOFT;1;WARNING: SNMP error: No response from remote host "201.220.96.34"
[1717440469] SERVICE ALERT: FW Cass Telsur;Estado Puerto LAN;WARNING;SOFT;1;WARNING: SNMP error: No response from remote host "201.220.96.34"
[1717440543] SERVICE ALERT: FW Cass Telsur;Ancho de Banda LAN;OK;SOFT;2;OK - Average IN: 85.06KB (0.07%), Average OUT: 1.29MB (1.03%)Total RX: 114.81GBytes, Total TX: 111.10GBytes
[1717440547] SERVICE ALERT: FW Cass Telsur;Estado Puerto DMZ;OK;SOFT;2;OK: Interface eth2 (index 4) is up.
[1717440587] Auto-save of retention data completed successfully.
[1717440590] SERVICE ALERT: FW Cass Telsur;Estado Puerto LAN;OK;SOFT;2;OK: Interface eth0 (index 2) is up.
[1717440640] SERVICE ALERT: SRV_Soporte;CPU;WARNING;SOFT;1;WARNING: Percent was 62.00 %
[1717440760] SERVICE ALERT: SRV_Soporte;CPU;OK;SOFT;2;OK: Percent was 37.75 %
[1717440912] SERVICE ALERT: FW Cass Telsur;Ancho de Banda DMZ;CRITICAL;SOFT;1;(No output on stdout) stderr:
[1717440960] SERVICE ALERT: FW Cass Telsur;Estado Puerto LAN;WARNING;SOFT;1;WARNING: SNMP error: No response from remote host "201.220.96.34"
[1717441042] SERVICE ALERT: FW Cass Telsur;Ancho de Banda DMZ;CRITICAL;SOFT;2;(No output on stdout) stderr:
[1717441080] SERVICE ALERT: FW Cass Telsur;Estado Puerto LAN;OK;SOFT;2;OK: Interface eth0 (index 2) is up.
[1717441153] SERVICE ALERT: FW Cass Telsur;Ancho de Banda LAN;CRITICAL;SOFT;1;(No output on stdout) stderr:
[1717441171] SERVICE ALERT: FW Cass Telsur;Ancho de Banda WAN;CRITICAL;SOFT;1;(No output on stdout) stderr:
[1717441177] SERVICE ALERT: FW Cass Telsur;Ancho de Banda DMZ;OK;SOFT;3;(No output on stdout) stderr:
[1717441201] SERVICE ALERT: SRV_SOS2021.cass.cl;Actualizacion;UNKNOWN;SOFT;1;CHECK_NRPE: Receive header underflow - only 0 bytes received (4 expected).
[1717441288] SERVICE ALERT: FW Cass Telsur;Ancho de Banda LAN;OK;SOFT;2;(No output on stdout) stderr:
[1717441306] SERVICE ALERT: FW Cass Telsur;Ancho de Banda WAN;OK;SOFT;2;(No output on stdout) stderr:
[1717441333] SERVICE ALERT: SRV_SOS2021.cass.cl;Actualizacion;OK;SOFT;2;Updates OK : no updates available
[1717441391] SERVICE ALERT: FW Cass Telsur;Estado Puerto LAN;WARNING;SOFT;1;WARNING: SNMP error: No response from remote host "201.220.96.34"
[1717441511] SERVICE ALERT: FW Cass Telsur;Estado Puerto LAN;OK;SOFT;2;OK: Interface eth0 (index 2) is up.
[1717441539] SERVICE ALERT: FW Cass Telsur;Ancho de Banda LAN;CRITICAL;SOFT;1;(No output on stdout) stderr:
[1717441547] SERVICE ALERT: FW Cass Telsur;Ancho de Banda DMZ;CRITICAL;SOFT;1;(No output on stdout) stderr:
[1717441659] SERVICE ALERT: FW Cass Telsur;Ancho de Banda LAN;OK;SOFT;2;OK - Average IN: 92.22KB (0.07%), Average OUT: 907.54KB (0.73%)Total RX: 114.90GBytes, Total TX: 112.15GBytes
[1717441667] SERVICE ALERT: FW Cass Telsur;Ancho de Banda DMZ;OK;SOFT;2;OK - Average IN: 61.09KB (0.05%), Average OUT: 11.32KB (0.01%)Total RX: 7.23GBytes, Total TX: 4.37GBytes
[1717441937] SERVICE ALERT: FW Cass Telsur;Estado Puerto DMZ;WARNING;SOFT;1;WARNING: SNMP error: No response from remote host "201.220.96.34"
[1717442057] SERVICE ALERT: FW Cass Telsur;Estado Puerto DMZ;OK;SOFT;2;OK: Interface eth2 (index 4) is up.
[1717443349] SERVICE ALERT: FW Cass Telsur;Ancho de Banda LAN;CRITICAL;SOFT;1;(No output on stdout) stderr:
[1717443469] SERVICE ALERT: FW Cass Telsur;Ancho de Banda LAN;OK;SOFT;2;OK - Average IN: 105.16KB (0.08%), Average OUT: 1.09MB (0.87%)Total RX: 115.06GBytes, Total TX: 113.85GBytes
[1717443941] SERVICE ALERT: SRV_Soporte;CPU;CRITICAL;SOFT;1;CRITICAL: Percent was 75.75 %
[1717444061] SERVICE ALERT: SRV_Soporte;CPU;OK;SOFT;2;OK: Percent was 3.80 %
[1717444187] Auto-save of retention data completed successfully.
[1717445261] SERVICE ALERT: SRV_Soporte;CPU;WARNING;SOFT;1;WARNING: Percent was 60.92 %
[1717445382] SERVICE ALERT: SRV_Soporte;CPU;OK;SOFT;2;OK: Percent was 39.43 %
[1717446267] SERVICE ALERT: FW Cass Telsur;Estado Puerto DMZ;WARNING;SOFT;1;WARNING: SNMP error: No response from remote host "201.220.96.34"
[1717446387] SERVICE ALERT: FW Cass Telsur;Estado Puerto DMZ;OK;SOFT;2;OK: Interface eth2 (index 4) is up.
[1717446477] SERVICE ALERT: FW Cass Telsur;Ancho de Banda DMZ;CRITICAL;SOFT;1;(No output on stdout) stderr:
[1717446518] SERVICE ALERT: FW Cass Telsur;Estado Puerto DMZ;WARNING;SOFT;1;WARNING: SNMP error: No response from remote host "201.220.96.34"
[1717446522] SERVICE ALERT: SRV_Soporte;CPU;CRITICAL;SOFT;1;CRITICAL: Percent was 71.10 %
[1717446608] SERVICE ALERT: FW Cass Telsur;Ancho de Banda DMZ;OK;SOFT;2;OK - Average IN: 16.37KB (0.01%), Average OUT: 9.33KB (0.01%)Total RX: 7.41GBytes, Total TX: 4.44GBytes
[1717446638] SERVICE ALERT: FW Cass Telsur;Estado Puerto DMZ;OK;SOFT;2;OK: Interface eth2 (index 4) is up.
[1717446643] SERVICE ALERT: SRV_Soporte;CPU;OK;SOFT;2;OK: Percent was 37.12 %
[1717447543] SERVICE ALERT: SRV_Soporte;CPU;CRITICAL;SOFT;1;CRITICAL: Percent was 87.90 %
[1717447664] SERVICE ALERT: SRV_Soporte;CPU;OK;SOFT;2;OK: Percent was 32.55 %
[1717447787] Auto-save of retention data completed successfully.
[1717447942] SERVICE ALERT: FW Cass Telsur;Estado Puerto LAN;WARNING;SOFT;1;WARNING: SNMP error: No response from remote host "201.220.96.34"
[1717448062] SERVICE ALERT: FW Cass Telsur;Estado Puerto LAN;OK;SOFT;2;OK: Interface eth0 (index 2) is up.
[1717449165] SERVICE ALERT: SRV_Soporte;CPU;CRITICAL;SOFT;1;CRITICAL: Percent was 71.85 %
[1717449285] SERVICE ALERT: SRV_Soporte;CPU;OK;SOFT;2;OK: Percent was 31.07 %
[1717450185] SERVICE ALERT: SRV_Soporte;CPU;WARNING;SOFT;1;WARNING: Percent was 65.12 %
[1717450306] SERVICE ALERT: SRV_Soporte;CPU;OK;SOFT;2;OK: Percent was 36.35 %
[1717450677] SERVICE ALERT: FW Cass Telsur;Ancho de Banda WAN;CRITICAL;SOFT;1;(No output on stdout) stderr:
[1717450797] SERVICE ALERT: FW Cass Telsur;Ancho de Banda WAN;OK;SOFT;2;OK - Average IN: 605.18KB (0.48%), Average OUT: 10.08MB (8.06%)Total RX: 1175.49GBytes, Total TX: 1948.11GBytes
[1717451146] SERVICE ALERT: SRV_Soporte;CPU;CRITICAL;SOFT;1;CRITICAL: Percent was 85.17 %
[1717451267] SERVICE ALERT: SRV_Soporte;CPU;OK;SOFT;2;OK: Percent was 40.47 %
[1717451387] Auto-save of retention data completed successfully.
[1717452348] SERVICE ALERT: SRV_Soporte;CPU;CRITICAL;SOFT;1;CRITICAL: Percent was 76.65 %
[1717452468] SERVICE ALERT: SRV_Soporte;CPU;OK;SOFT;2;OK: Percent was 35.52 %
[1717453669] SERVICE ALERT: SRV_Soporte;CPU;WARNING;SOFT;1;WARNING: Percent was 69.88 %
[1717453790] SERVICE ALERT: SRV_Soporte;CPU;OK;SOFT;2;OK: Percent was 35.85 %
[1717454987] Auto-save of retention data completed successfully.
[1717455950] SERVICE ALERT: SRV_Soporte;CPU;CRITICAL;SOFT;1;CRITICAL: Percent was 99.22 %
[1717456071] SERVICE ALERT: SRV_Soporte;CPU;OK;SOFT;2;OK: Percent was 40.15 %
[1717457152] SERVICE ALERT: SRV_Soporte;CPU;WARNING;SOFT;1;WARNING: Percent was 62.12 %
[1717457273] SERVICE ALERT: SRV_Soporte;CPU;OK;SOFT;2;OK: Percent was 25.73 %
[1717458587] Auto-save of retention data completed successfully.
[1717458954] SERVICE ALERT: SRV_Soporte;CPU;WARNING;SOFT;1;WARNING: Percent was 60.60 %
[1717459075] SERVICE ALERT: SRV_Soporte;CPU;OK;SOFT;2;OK: Percent was 28.80 %
[1717461476] SERVICE ALERT: SRV_Soporte;CPU;WARNING;SOFT;1;WARNING: Percent was 61.73 %
[1717461597] SERVICE ALERT: SRV_Soporte;CPU;OK;SOFT;2;OK: Percent was 31.05 %
[1717461718] SERVICE ALERT: SRV_Soporte;CPU;CRITICAL;SOFT;1;CRITICAL: Percent was 85.15 %
[1717461839] SERVICE ALERT: SRV_Soporte;CPU;OK;SOFT;2;OK: Percent was 56.23 %
[1717461959] SERVICE ALERT: SRV_Soporte;CPU;WARNING;SOFT;1;WARNING: Percent was 64.40 %
[1717462080] SERVICE ALERT: SRV_Soporte;CPU;WARNING;SOFT;2;WARNING: Percent was 60.15 %
[1717462187] Auto-save of retention data completed successfully.
[1717462201] SERVICE ALERT: SRV_Soporte;CPU;OK;SOFT;3;OK: Percent was 28.10 %
[1717463642] SERVICE ALERT: SRV_Soporte;CPU;WARNING;SOFT;1;WARNING: Percent was 60.17 %
[1717463763] SERVICE ALERT: SRV_Soporte;CPU;OK;SOFT;2;OK: Percent was 39.67 %
[1717464303] SERVICE ALERT: SRV_Soporte;CPU;CRITICAL;SOFT;1;CRITICAL: Percent was 80.30 %
[1717464424] SERVICE ALERT: SRV_Soporte;CPU;OK;SOFT;2;OK: Percent was 38.62 %
[1717464812] SERVICE ALERT: FW Pasmar;Ping;CRITICAL;SOFT;1;PING CRITICAL - Packet loss = 100%
[1717464821] wproc: Core Worker 21855: job 874412 (pid=4559) timed out. Killing it
[1717464821] wproc: CHECK job 874412 from worker Core Worker 21855 timed out after 30.01s
[1717464821] wproc:   host=FW Pasmar; service=(null);
[1717464821] wproc:   early_timeout=1; exited_ok=0; wait_status=0; error_code=62;
[1717464821] Warning: Check of host 'FW Pasmar' timed out after 30.01 seconds
[1717464821] HOST ALERT: FW Pasmar;DOWN;SOFT;1;(Host check timed out after 30.01 seconds)
[1717464821] wproc: Core Worker 21855: job 874412 (pid=4559): Dormant child reaped
[1717464902] wproc: Core Worker 21858: job 874484 (pid=5247) timed out. Killing it
[1717464902] wproc: CHECK job 874484 from worker Core Worker 21858 timed out after 30.01s
[1717464902] wproc:   host=FW Pasmar; service=(null);
[1717464902] wproc:   early_timeout=1; exited_ok=0; wait_status=0; error_code=62;
[1717464902] Warning: Check of host 'FW Pasmar' timed out after 30.01 seconds
[1717464902] HOST ALERT: FW Pasmar;DOWN;SOFT;2;(Host check timed out after 30.01 seconds)
[1717464902] wproc: Core Worker 21858: job 874484 (pid=5247): Dormant child reaped
[1717464936] SERVICE ALERT: FW Pasmar;Ping;OK;SOFT;2;PING OK - Packet loss = 0%, RTA = 20.14 ms
[1717464940] HOST ALERT: FW Pasmar;UP;SOFT;1;PING OK - Packet loss = 0%, RTA = 19.79 ms
[1717465505] SERVICE ALERT: SRV_Soporte;CPU;WARNING;SOFT;1;WARNING: Percent was 66.65 %
[1717465625] SERVICE ALERT: SRV_Soporte;CPU;OK;SOFT;2;OK: Percent was 28.90 %
[1717465787] Auto-save of retention data completed successfully.
[1717466990] SERVICE ALERT: Veeam2023.cass.pmc;CPU;WARNING;SOFT;1;CPU Load 99% (5 min average)
[1717467110] SERVICE ALERT: Veeam2023.cass.pmc;CPU;WARNING;SOFT;2;CPU Load 99% (5 min average)
[1717467230] SERVICE NOTIFICATION: nagiosadmin;Veeam2023.cass.pmc;CPU;WARNING;notify-service-by-email;CPU Load 99% (5 min average)
[1717467230] SERVICE NOTIFICATION: andresnavarro;Veeam2023.cass.pmc;CPU;WARNING;notify-service-by-email;CPU Load 99% (5 min average)
[1717467230] SERVICE NOTIFICATION: soporteti;Veeam2023.cass.pmc;CPU;WARNING;notify-service-by-telegram;CPU Load 99% (5 min average)
[1717467230] SERVICE NOTIFICATION: soporteti;Veeam2023.cass.pmc;CPU;WARNING;notify-service-by-email;CPU Load 99% (5 min average)
[1717467230] SERVICE NOTIFICATION: carlosstange;Veeam2023.cass.pmc;CPU;WARNING;notify-service-by-telegram;CPU Load 99% (5 min average)
[1717467230] SERVICE NOTIFICATION: carlosstange;Veeam2023.cass.pmc;CPU;WARNING;notify-service-by-email;CPU Load 99% (5 min average)
[1717467230] SERVICE ALERT: Veeam2023.cass.pmc;CPU;WARNING;HARD;3;CPU Load 99% (5 min average)
[1717467470] SERVICE NOTIFICATION: nagiosadmin;Veeam2023.cass.pmc;CPU;OK;notify-service-by-email;CPU Load 87% (5 min average)
[1717467470] SERVICE NOTIFICATION: andresnavarro;Veeam2023.cass.pmc;CPU;OK;notify-service-by-email;CPU Load 87% (5 min average)
[1717467470] SERVICE NOTIFICATION: soporteti;Veeam2023.cass.pmc;CPU;OK;notify-service-by-telegram;CPU Load 87% (5 min average)
[1717467470] SERVICE NOTIFICATION: soporteti;Veeam2023.cass.pmc;CPU;OK;notify-service-by-email;CPU Load 87% (5 min average)
[1717467470] SERVICE NOTIFICATION: carlosstange;Veeam2023.cass.pmc;CPU;OK;notify-service-by-telegram;CPU Load 87% (5 min average)
[1717467470] SERVICE NOTIFICATION: carlosstange;Veeam2023.cass.pmc;CPU;OK;notify-service-by-email;CPU Load 87% (5 min average)
[1717467470] SERVICE ALERT: Veeam2023.cass.pmc;CPU;OK;HARD;1;CPU Load 87% (5 min average)
[1717469387] Auto-save of retention data completed successfully.
[1717469766] SERVICE ALERT: SRV_Soporte;CPU;WARNING;SOFT;1;WARNING: Percent was 62.62 %
[1717469887] SERVICE ALERT: SRV_Soporte;CPU;OK;SOFT;2;OK: Percent was 30.30 %
[1717472708] SERVICE ALERT: SRV_Soporte;CPU;WARNING;SOFT;1;WARNING: Percent was 67.28 %
[1717472829] SERVICE ALERT: SRV_Soporte;CPU;OK;SOFT;2;OK: Percent was 32.02 %
[1717472962] SERVICE ALERT: SRVCONT.cass.cl;Actualizacion;UNKNOWN;SOFT;1;CHECK_NRPE: Receive header underflow - only 0 bytes received (4 expected).
[1717472987] Auto-save of retention data completed successfully.
[1717473083] SERVICE ALERT: SRVCONT.cass.cl;Actualizacion;OK;SOFT;2;OK - no pending updates.
