[1700103600] LOG ROTATION: DAILY
[1700103600] LOG VERSION: 2.0
[1700103600] CURRENT HOST STATE: ADL Diagnostic;UP;HARD;1;PING OK - Packet loss = 0%, RTA = 47.47 ms
[1700103600] CURRENT HOST STATE: Blueshell;UP;HARD;1;PING OK - Packet loss = 61%, RTA = 20.23 ms
[1700103600] CURRENT HOST STATE: Cass Entel;UP;HARD;1;PING OK - Packet loss = 0%, RTA = 0.39 ms
[1700103600] CURRENT HOST STATE: Cass Telsur;UP;HARD;1;PING OK - Packet loss = 28%, RTA = 5.40 ms
[1700103600] CURRENT HOST STATE: Clinica PV Movistar;UP;HARD;1;PING OK - Packet loss = 0%, RTA = 40.58 ms
[1700103600] CURRENT HOST STATE: Clinica PV Telsur;UP;HARD;1;PING OK - Packet loss = 0%, RTA = 18.60 ms
[1700103600] CURRENT HOST STATE: Confe;UP;HARD;1;PING OK - Packet loss = 0%, RTA = 61.61 ms
[1700103600] CURRENT HOST STATE: Electric Works;UP;HARD;1;PING OK - Packet loss = 0%, RTA = 40.68 ms
[1700103600] CURRENT HOST STATE: Exper03.exxperience.cl;UP;HARD;1;PING OK - Packet loss = 0%, RTA = 1.87 ms
[1700103600] CURRENT HOST STATE: Ext Entel;UP;HARD;1;PING OK - Packet loss = 0%, RTA = 0.34 ms
[1700103600] CURRENT HOST STATE: Ext Telsur;UP;HARD;1;PING OK - Packet loss = 0%, RTA = 4.04 ms
[1700103600] CURRENT HOST STATE: FW ADL Diagnostic;UP;HARD;1;PING OK - Packet loss = 54%, RTA = 44.44 ms
[1700103600] CURRENT HOST STATE: FW Blueshell;UP;HARD;1;PING OK - Packet loss = 0%, RTA = 17.59 ms
[1700103600] CURRENT HOST STATE: FW Cass Entel;UP;HARD;1;PING OK - Packet loss = 0%, RTA = 46.18 ms
[1700103600] CURRENT HOST STATE: FW Cass Telsur;UP;HARD;1;PING OK - Packet loss = 0%, RTA = 0.32 ms
[1700103600] CURRENT HOST STATE: FW Clinica PV Movistar;UP;HARD;1;PING OK - Packet loss = 0%, RTA = 44.26 ms
[1700103600] CURRENT HOST STATE: FW Clinica PV Telsur;UP;HARD;1;PING OK - Packet loss = 0%, RTA = 15.74 ms
[1700103600] CURRENT HOST STATE: FW Confe;UP;HARD;1;PING OK - Packet loss = 0%, RTA = 52.96 ms
[1700103600] CURRENT HOST STATE: FW Electric Works;UP;HARD;1;PING OK - Packet loss = 50%, RTA = 44.73 ms
[1700103600] CURRENT HOST STATE: FW Gore Los Lagos;UP;HARD;1;PING OK - Packet loss = 0%, RTA = 11.56 ms
[1700103600] CURRENT HOST STATE: FW Pasmar;UP;HARD;1;PING OK - Packet loss = 44%, RTA = 8.84 ms
[1700103600] CURRENT HOST STATE: Gore Los Lagos;UP;HARD;1;PING OK - Packet loss = 0%, RTA = 7.87 ms
[1700103600] CURRENT HOST STATE: Host-10.0.0.120;UP;HARD;1;PING OK - Packet loss = 0%, RTA = 0.43 ms
[1700103600] CURRENT HOST STATE: Host-10.0.0.121;UP;HARD;1;PING OK - Packet loss = 0%, RTA = 0.48 ms
[1700103600] CURRENT HOST STATE: Host-10.0.0.124;UP;HARD;1;PING OK - Packet loss = 0%, RTA = 0.59 ms
[1700103600] CURRENT HOST STATE: Internet;UP;HARD;1;PING OK - Packet loss = 16%, RTA = 36.36 ms
[1700103600] CURRENT HOST STATE: Pasmar;UP;HARD;1;PING OK - Packet loss = 0%, RTA = 6.87 ms
[1700103600] CURRENT HOST STATE: Qnap NAS;UP;HARD;1;PING OK - Packet loss = 0%, RTA = 0.28 ms
[1700103600] CURRENT HOST STATE: SRV01USER_cass.cl;UP;HARD;1;PING OK - Packet loss = 0%, RTA = 2.28 ms
[1700103600] CURRENT HOST STATE: SRV04AD01.cass.cl;UP;HARD;1;PING OK - Packet loss = 0%, RTA = 1.37 ms
[1700103600] CURRENT HOST STATE: SRV05AD02_cass.cl;UP;HARD;1;PING OK - Packet loss = 0%, RTA = 1.58 ms
[1700103600] CURRENT HOST STATE: SRV11VIBE_cass.cl;UP;HARD;1;PING OK - Packet loss = 0%, RTA = 0.68 ms
[1700103600] CURRENT HOST STATE: SRVAD1.cass.pmc;UP;HARD;1;PING OK - Packet loss = 0%, RTA = 1.75 ms
[1700103600] CURRENT HOST STATE: SRVAD2.cass.pmc;UP;HARD;1;PING OK - Packet loss = 0%, RTA = 1.45 ms
[1700103600] CURRENT HOST STATE: SRVADMIN.cass.pmc;UP;HARD;1;PING OK - Packet loss = 0%, RTA = 1.39 ms
[1700103600] CURRENT HOST STATE: SRVCONT.cass.cl;UP;HARD;1;PING OK - Packet loss = 0%, RTA = 2.68 ms
[1700103600] CURRENT HOST STATE: SRVDC01_cass.pmc;UP;HARD;1;PING OK - Packet loss = 0%, RTA = 1.44 ms
[1700103600] CURRENT HOST STATE: SRVDC1.cass.pmc;UP;HARD;1;PING OK - Packet loss = 0%, RTA = 1.65 ms
[1700103600] CURRENT HOST STATE: SRVDNS;UP;HARD;1;PING OK - Packet loss = 16%, RTA = 0.67 ms
[1700103600] CURRENT HOST STATE: SRVMFSD;DOWN;HARD;10;CRITICAL - Host Unreachable (10.0.2.12)
[1700103600] CURRENT HOST STATE: SRVWEB_cass.cl;UP;HARD;1;PING OK - Packet loss = 0%, RTA = 0.79 ms
[1700103600] CURRENT HOST STATE: SRV_Cfiler.cass.cl;UP;HARD;1;PING OK - Packet loss = 0%, RTA = 0.73 ms
[1700103600] CURRENT HOST STATE: SRV_GLPI;UP;HARD;1;PING OK - Packet loss = 0%, RTA = 0.68 ms
[1700103600] CURRENT HOST STATE: SRV_GXConsultores;UP;HARD;1;PING OK - Packet loss = 0%, RTA = 0.90 ms
[1700103600] CURRENT HOST STATE: SRV_Oraculo_cass.cl;UP;HARD;1;PING OK - Packet loss = 37%, RTA = 0.74 ms
[1700103600] CURRENT HOST STATE: SRV_SOS2021.cass.cl;UP;HARD;1;PING OK - Packet loss = 0%, RTA = 0.56 ms
[1700103600] CURRENT HOST STATE: SRV_SUM;UP;HARD;1;PING OK - Packet loss = 0%, RTA = 0.51 ms
[1700103600] CURRENT HOST STATE: SRV_Soporte;UP;HARD;1;PING OK - Packet loss = 0%, RTA = 2.16 ms
[1700103600] CURRENT HOST STATE: SRV_Soporte2;DOWN;HARD;10;CRITICAL - Host Unreachable (10.0.0.97)
[1700103600] CURRENT HOST STATE: SRV_chat.cass.cl;UP;HARD;1;PING OK - Packet loss = 0%, RTA = 0.62 ms
[1700103600] CURRENT HOST STATE: SRV_email.cass.cl;UP;HARD;1;PING OK - Packet loss = 0%, RTA = 0.92 ms
[1700103600] CURRENT HOST STATE: SRV_nagios;UP;HARD;1;PING OK - Packet loss = 0%, RTA = 0.08 ms
[1700103600] CURRENT HOST STATE: SRV_sync.cass.cl;UP;HARD;1;PING OK - Packet loss = 28%, RTA = 0.78 ms
[1700103600] CURRENT HOST STATE: Servidor Vcenter;UP;HARD;1;PING OK - Packet loss = 0%, RTA = 0.86 ms
[1700103600] CURRENT HOST STATE: Servidores CASS;UP;HARD;1;PING OK - Packet loss = 0%, RTA = 1.26 ms
[1700103600] CURRENT HOST STATE: Ups Principal;UP;HARD;1;PING OK - Packet loss = 70%, RTA = 1.36 ms
[1700103600] CURRENT HOST STATE: Veeam2023.cass.pmc;UP;HARD;1;PING OK - Packet loss = 0%, RTA = 1.97 ms
[1700103600] CURRENT HOST STATE: web_cass_cl;UP;HARD;1;PING OK - Packet loss = 0%, RTA = 0.56 ms
[1700103600] CURRENT SERVICE STATE: ADL Diagnostic;Ping;OK;HARD;1;PING OK - Packet loss = 58%, RTA = 44.58 ms
[1700103600] CURRENT SERVICE STATE: Blueshell;Ping;OK;HARD;1;PING OK - Packet loss = 0%, RTA = 10.68 ms
[1700103600] CURRENT SERVICE STATE: Clinica PV Movistar;Ping;OK;HARD;1;PING OK - Packet loss = 0%, RTA = 42.97 ms
[1700103600] CURRENT SERVICE STATE: Confe;Ping;CRITICAL;HARD;3;PING CRITICAL - Packet loss = 100%
[1700103600] CURRENT SERVICE STATE: Electric Works;Ping;OK;HARD;1;PING OK - Packet loss = 0%, RTA = 38.67 ms
[1700103600] CURRENT SERVICE STATE: Ext Telsur;Ping;OK;HARD;1;PING OK - Packet loss = 66%, RTA = 6.02 ms
[1700103600] CURRENT SERVICE STATE: FW ADL Diagnostic;Ping;OK;HARD;1;PING OK - Packet loss = 50%, RTA = 43.31 ms
[1700103600] CURRENT SERVICE STATE: FW Blueshell;Ping;OK;HARD;1;PING OK - Packet loss = 44%, RTA = 11.87 ms
[1700103600] CURRENT SERVICE STATE: FW Cass Entel;Ping;OK;HARD;1;PING OK - Packet loss = 0%, RTA = 46.13 ms
[1700103600] CURRENT SERVICE STATE: FW Cass Telsur;Ancho de Banda DMZ;OK;HARD;1;OK - Average IN: 3.57KB (0.00%), Average OUT: 5.73KB (0.00%)Total RX: 30.62GBytes, Total TX: 32.02GBytes
[1700103600] CURRENT SERVICE STATE: FW Cass Telsur;Ancho de Banda LAN;OK;HARD;1;OK - Average IN: 1.52KB (0.00%), Average OUT: 3.37KB (0.00%)Total RX: 499.95GBytes, Total TX: 4072.21GBytes
[1700103600] CURRENT SERVICE STATE: FW Cass Telsur;Ancho de Banda WAN;OK;HARD;1;OK - Average IN: 13.57MB (10.86%), Average OUT: 5.10MB (4.08%)Total RX: 5256.03GBytes, Total TX: 6697.71GBytes
[1700103600] CURRENT SERVICE STATE: FW Cass Telsur;Estado Puerto DMZ;OK;HARD;1;OK: Interface eth2 (index 4) is up.
[1700103600] CURRENT SERVICE STATE: FW Cass Telsur;Estado Puerto LAN;OK;HARD;1;OK: Interface eth0 (index 2) is up.
[1700103600] CURRENT SERVICE STATE: FW Cass Telsur;Estado Puerto WAN;OK;HARD;1;OK: Interface eth1 (index 3) is up.
[1700103600] CURRENT SERVICE STATE: FW Cass Telsur;Estado TCP Sophos;OK;HARD;1;TCP OK - 0.000 second response time on 201.220.96.34 port 4444
[1700103600] CURRENT SERVICE STATE: FW Cass Telsur;Ping;OK;HARD;1;PING OK - Packet loss = 58%, RTA = 0.36 ms
[1700103600] CURRENT SERVICE STATE: FW Cass Telsur;Tiempo Activo;OK;HARD;1;SNMP OK - Timeticks: (259524520) 30 days, 0:54:05.20
[1700103600] CURRENT SERVICE STATE: FW Clinica PV Movistar;Ping;OK;HARD;1;PING OK - Packet loss = 0%, RTA = 50.43 ms
[1700103600] CURRENT SERVICE STATE: FW Confe;Ping;OK;HARD;1;PING OK - Packet loss = 0%, RTA = 62.28 ms
[1700103600] CURRENT SERVICE STATE: FW Electric Works;Ping;OK;HARD;1;PING OK - Packet loss = 0%, RTA = 38.91 ms
[1700103600] CURRENT SERVICE STATE: FW Gore Los Lagos;Ping;OK;HARD;1;PING OK - Packet loss = 0%, RTA = 14.90 ms
[1700103600] CURRENT SERVICE STATE: FW Pasmar;Ping;OK;HARD;1;PING OK - Packet loss = 0%, RTA = 9.56 ms
[1700103600] CURRENT SERVICE STATE: Gore Los Lagos;Ping;OK;HARD;1;PING OK - Packet loss = 0%, RTA = 6.84 ms
[1700103600] CURRENT SERVICE STATE: Host-10.0.0.120;Ping;OK;HARD;1;PING OK - Packet loss = 0%, RTA = 0.50 ms
[1700103600] CURRENT SERVICE STATE: Host-10.0.0.121;Ping;OK;HARD;1;PING OK - Packet loss = 0%, RTA = 0.47 ms
[1700103600] CURRENT SERVICE STATE: Pasmar;Ping;OK;HARD;1;PING OK - Packet loss = 0%, RTA = 5.31 ms
[1700103600] CURRENT SERVICE STATE: Qnap NAS;Almacenamiento;OK;HARD;1;OK: Total:50TB - Used:32TB - Free:17TB - Used Space: 65%
[1700103600] CURRENT SERVICE STATE: Qnap NAS;Estado;OK;HARD;1;Power Supply #1 - OK: GOOD
[1700103600] CURRENT SERVICE STATE: Qnap NAS;Memoria;OK;HARD;1;OK: Total:3830MB - Used:1331MB - Free:2499MB = 35%
[1700103600] CURRENT SERVICE STATE: Qnap NAS;Sysinfo;OK;HARD;1;NAS Cloud, Model TS-879U-RP, Firmware 4.3.6, Max HD number 8, No. Volume 1
[1700103600] CURRENT SERVICE STATE: Qnap NAS;Temperatura;OK;HARD;1;OK: Temperature=40C
[1700103600] CURRENT SERVICE STATE: Qnap NAS;Tiempo Activo;OK;HARD;1;SNMP OK - Timeticks: (19460747) 2 days, 6:03:27.47
[1700103600] CURRENT SERVICE STATE: SRV01USER_cass.cl;Actualizacion;CRITICAL;HARD;3;Updates: 4 critical, 0 optional
[1700103600] CURRENT SERVICE STATE: SRV01USER_cass.cl;Almacenamiento C;WARNING;HARD;3;c:\ - total: 119.40 Gb - used: 95.94 Gb (80%) - free 23.46 Gb (20%)
[1700103600] CURRENT SERVICE STATE: SRV01USER_cass.cl;Almacenamiento U;OK;HARD;1;u:\ - total: 1023.98 Gb - used: 233.92 Gb (23%) - free 790.06 Gb (77%)
[1700103600] CURRENT SERVICE STATE: SRV01USER_cass.cl;CPU;OK;HARD;1;CPU Load 3% (5 min average)
[1700103600] CURRENT SERVICE STATE: SRV01USER_cass.cl;Memoria;OK;HARD;1;Memory usage: total:23935.22 MB - used: 11102.43 MB (46%) - free: 12832.79 MB (54%)
[1700103600] CURRENT SERVICE STATE: SRV01USER_cass.cl;Ping;OK;HARD;1;PING OK - Packet loss = 0%, RTA = 2.55 ms
[1700103600] CURRENT SERVICE STATE: SRV01USER_cass.cl;Tiempo Activo;OK;HARD;1;System Uptime - 5 day(s) 4 hour(s) 44 minute(s)
[1700103600] CURRENT SERVICE STATE: SRV04AD01.cass.cl;Ping;OK;HARD;1;PING OK - Packet loss = 0%, RTA = 1.11 ms
[1700103600] CURRENT SERVICE STATE: SRV05AD02_cass.cl;Ping;OK;HARD;1;PING OK - Packet loss = 0%, RTA = 1.62 ms
[1700103600] CURRENT SERVICE STATE: SRV11VIBE_cass.cl;Actualizacion;CRITICAL;HARD;3;Updates CRITICAL : discontinued OS Release SLE 15.1: At least one of your Repositories might be out of date. Please run "zypper refresh" as root to update it.  2 security update(s): 1 recommended update(s):  2 package update(s):
[1700103600] CURRENT SERVICE STATE: SRV11VIBE_cass.cl;Almacenamiento /;OK;HARD;1;DISK OK - free space: /var/tmp 78618 MiB (85.79% inode=-):
[1700103600] CURRENT SERVICE STATE: SRV11VIBE_cass.cl;CPU;OK;HARD;1;OK - load average per CPU: 0.02, 0.02, 0.02
[1700103600] CURRENT SERVICE STATE: SRV11VIBE_cass.cl;Memoria;OK;HARD;1;[MEMORY] Total: 7693 MB - Used: 5014 MB - 65% [SWAP] Total: 7944 MB - Used: 1179 MB - 14%
[1700103600] CURRENT SERVICE STATE: SRV11VIBE_cass.cl;Ping;OK;HARD;1;PING OK - Packet loss = 0%, RTA = 0.74 ms
[1700103600] CURRENT SERVICE STATE: SRV11VIBE_cass.cl;Proceso Vibe;OK;HARD;1;PROCS OK: 0 processes with command name 'vibe'
[1700103600] CURRENT SERVICE STATE: SRV11VIBE_cass.cl;Procesos;OK;HARD;1;PROCS OK: 326 processes
[1700103600] CURRENT SERVICE STATE: SRV11VIBE_cass.cl;Procesos Zombies;OK;HARD;1;PROCS OK: 0 processes with STATE = Z
[1700103600] CURRENT SERVICE STATE: SRV11VIBE_cass.cl;Puerto HTTP;OK;HARD;1;TCP OK - 0.001 second response time on 10.0.2.13 port 80
[1700103600] CURRENT SERVICE STATE: SRV11VIBE_cass.cl;Puerto HTTPS;OK;HARD;1;TCP OK - 0.000 second response time on 10.0.2.13 port 443
[1700103600] CURRENT SERVICE STATE: SRV11VIBE_cass.cl;Servicio Vibe;OK;HARD;1;OK: Service vibe is running!
[1700103600] CURRENT SERVICE STATE: SRV11VIBE_cass.cl;Tiempo Activo;CRITICAL;HARD;3;Uptime CRITICAL: 208 day(s) 13 hour(s) 13 minute(s)
[1700103600] CURRENT SERVICE STATE: SRV11VIBE_cass.cl;Usuarios Login;OK;HARD;1;USERS OK - 2 users currently logged in
[1700103600] CURRENT SERVICE STATE: SRVAD1.cass.pmc;Ping;OK;HARD;1;PING OK - Packet loss = 0%, RTA = 1.50 ms
[1700103600] CURRENT SERVICE STATE: SRVAD2.cass.pmc;Ping;OK;HARD;1;PING OK - Packet loss = 0%, RTA = 1.70 ms
[1700103600] CURRENT SERVICE STATE: SRVADMIN.cass.pmc;Actualizacion;CRITICAL;HARD;3;Updates: 2 critical, 0 optional
[1700103600] CURRENT SERVICE STATE: SRVADMIN.cass.pmc;Almacenamiento;OK;HARD;1;c:\ - total: 299.66 Gb - used: 168.43 Gb (56%) - free 131.23 Gb (44%)
[1700103600] CURRENT SERVICE STATE: SRVADMIN.cass.pmc;CPU;OK;HARD;1;CPU Load 0% (5 min average)
[1700103600] CURRENT SERVICE STATE: SRVADMIN.cass.pmc;Memoria;OK;HARD;1;Memory usage: total:20475.60 MB - used: 6632.37 MB (32%) - free: 13843.22 MB (68%)
[1700103600] CURRENT SERVICE STATE: SRVADMIN.cass.pmc;Ping;OK;HARD;1;PING OK - Packet loss = 0%, RTA = 1.54 ms
[1700103600] CURRENT SERVICE STATE: SRVADMIN.cass.pmc;Tiempo Activo;OK;HARD;1;System Uptime - 5 day(s) 14 hour(s) 51 minute(s)
[1700103600] CURRENT SERVICE STATE: SRVCONT.cass.cl;Actualizacion;CRITICAL;HARD;3;Updates: 4 critical, 0 optional
[1700103600] CURRENT SERVICE STATE: SRVCONT.cass.cl;Almacenamiento;OK;HARD;1;c:\ - total: 299.33 Gb - used: 42.29 Gb (14%) - free 257.04 Gb (86%)
[1700103600] CURRENT SERVICE STATE: SRVCONT.cass.cl;CPU;OK;HARD;1;CPU Load 6% (5 min average)
[1700103600] CURRENT SERVICE STATE: SRVCONT.cass.cl;Memoria;OK;HARD;1;Memory usage: total:14143.13 MB - used: 3631.43 MB (26%) - free: 10511.70 MB (74%)
[1700103600] CURRENT SERVICE STATE: SRVCONT.cass.cl;Ping;OK;HARD;1;PING OK - Packet loss = 0%, RTA = 3.68 ms
[1700103600] CURRENT SERVICE STATE: SRVCONT.cass.cl;Tiempo Activo;OK;HARD;1;System Uptime - 6 day(s) 5 hour(s) 2 minute(s)
[1700103600] CURRENT SERVICE STATE: SRVDC1.cass.pmc;Ping;OK;HARD;1;PING OK - Packet loss = 0%, RTA = 1.42 ms
[1700103600] CURRENT SERVICE STATE: SRVDNS;Ping;OK;HARD;1;PING OK - Packet loss = 0%, RTA = 0.61 ms
[1700103600] CURRENT SERVICE STATE: SRVMFSD;Ping;CRITICAL;HARD;3;CRITICAL - Host Unreachable (10.0.2.12)
[1700103600] CURRENT SERVICE STATE: SRVWEB_cass.cl;Ping;OK;HARD;1;PING OK - Packet loss = 0%, RTA = 0.94 ms
[1700103600] CURRENT SERVICE STATE: SRV_Cfiler.cass.cl;Actualizacion;OK;HARD;1;Updates OK : no updates available
[1700103600] CURRENT SERVICE STATE: SRV_Cfiler.cass.cl;Almacenamiento /;OK;HARD;1;DISK OK - free space: / 2442388 MB (72% inode=-):
[1700103600] CURRENT SERVICE STATE: SRV_Cfiler.cass.cl;CPU;OK;HARD;1;OK - load average: 0.06, 0.10, 0.12
[1700103600] CURRENT SERVICE STATE: SRV_Cfiler.cass.cl;Http;OK;HARD;1;TCP OK - 0.000 second response time on port 80
[1700103600] CURRENT SERVICE STATE: SRV_Cfiler.cass.cl;Https;OK;HARD;1;TCP OK - 0.000 second response time on port 443
[1700103600] CURRENT SERVICE STATE: SRV_Cfiler.cass.cl;Memoria;OK;HARD;1;[MEMORY] Total: 3893 MB - Used: 1126 MB - 28% [SWAP] Total: 2047 MB - Used: 546 MB - 26%
[1700103600] CURRENT SERVICE STATE: SRV_Cfiler.cass.cl;Procesos;OK;HARD;1;PROCS OK: 309 processes
[1700103600] CURRENT SERVICE STATE: SRV_Cfiler.cass.cl;Procesos Zombies;OK;HARD;1;PROCS OK: 0 processes with STATE = Z
[1700103600] CURRENT SERVICE STATE: SRV_Cfiler.cass.cl;Procs Apache;OK;HARD;1;PROCS OK: 11 processes with args 'apache2'
[1700103600] CURRENT SERVICE STATE: SRV_Cfiler.cass.cl;Serv Apache;OK;HARD;1;OK: Service apache is running!
[1700103600] CURRENT SERVICE STATE: SRV_Cfiler.cass.cl;Servicio General;OK;HARD;1;PING OK - Packet loss = 0%, RTA = 0.62 ms
[1700103600] CURRENT SERVICE STATE: SRV_Cfiler.cass.cl;Tiempo Activo;CRITICAL;HARD;3;Uptime CRITICAL: 211 day(s) 1 hour(s) 3 minute(s)
[1700103600] CURRENT SERVICE STATE: SRV_Cfiler.cass.cl;Usuarios Login;OK;HARD;1;USERS OK - 1 users currently logged in
[1700103600] CURRENT SERVICE STATE: SRV_Oraculo_cass.cl;Ping;OK;HARD;1;PING OK - Packet loss = 44%, RTA = 1.06 ms
[1700103600] CURRENT SERVICE STATE: SRV_SOS2021.cass.cl;Actualizacion;OK;HARD;1;Updates OK : no updates available
[1700103600] CURRENT SERVICE STATE: SRV_SOS2021.cass.cl;Almacenamiento /;OK;HARD;1;DISK OK - free space: /var/tmp 118385 MiB (91.11% inode=-):
[1700103600] CURRENT SERVICE STATE: SRV_SOS2021.cass.cl;CPU;OK;HARD;1;OK - load average per CPU: 0.01, 0.01, 0.01
[1700103600] CURRENT SERVICE STATE: SRV_SOS2021.cass.cl;Memoria;OK;HARD;1;[MEMORY] Total: 7946 MB - Used: 1579 MB - 19% [SWAP] Total: 10239 MB - Used: 1 MB - 0%
[1700103600] CURRENT SERVICE STATE: SRV_SOS2021.cass.cl;Ping;OK;HARD;1;PING OK - Packet loss = 0%, RTA = 0.49 ms
[1700103600] CURRENT SERVICE STATE: SRV_SOS2021.cass.cl;Procesos;OK;HARD;1;PROCS OK: 325 processes
[1700103600] CURRENT SERVICE STATE: SRV_SOS2021.cass.cl;Procesos Zombies;OK;HARD;1;PROCS OK: 0 processes with STATE = Z
[1700103600] CURRENT SERVICE STATE: SRV_SOS2021.cass.cl;Tiempo Activo;OK;HARD;1;Uptime OK: 238 day(s) 10 hour(s) 36 minute(s)
[1700103600] CURRENT SERVICE STATE: SRV_SOS2021.cass.cl;Usuarios Login;OK;HARD;1;USERS OK - 0 users currently logged in
[1700103600] CURRENT SERVICE STATE: SRV_SUM;Ping;OK;HARD;1;PING OK - Packet loss = 0%, RTA = 0.62 ms
[1700103600] CURRENT SERVICE STATE: SRV_chat.cass.cl;Actualizacion;OK;HARD;1;Updates OK : no updates available
[1700103600] CURRENT SERVICE STATE: SRV_chat.cass.cl;Almacenamiento /;OK;HARD;1;DISK OK - free space: /var/tmp 958148 MiB (91.58% inode=-):
[1700103600] CURRENT SERVICE STATE: SRV_chat.cass.cl;CPU;OK;HARD;1;OK - load average per CPU: 0.07, 0.07, 0.06
[1700103600] CURRENT SERVICE STATE: SRV_chat.cass.cl;Memoria;OK;HARD;1;[MEMORY] Total: 7919 MB - Used: 4256 MB - 53% [SWAP] Total: 2048 MB - Used: 338 MB - 16%
[1700103600] CURRENT SERVICE STATE: SRV_chat.cass.cl;Ping;OK;HARD;1;PING OK - Packet loss = 0%, RTA = 0.57 ms
[1700103600] CURRENT SERVICE STATE: SRV_chat.cass.cl;Proceso Docker;OK;HARD;1;PROCS OK: 0 processes with command name 'docker'
[1700103600] CURRENT SERVICE STATE: SRV_chat.cass.cl;Proceso Nginx;OK;HARD;1;PROCS OK: 3 processes with command name 'nginx'
[1700103600] CURRENT SERVICE STATE: SRV_chat.cass.cl;Procesos;OK;HARD;1;PROCS OK: 325 processes
[1700103600] CURRENT SERVICE STATE: SRV_chat.cass.cl;Procesos Zombies;OK;HARD;1;PROCS OK: 1 process with STATE = Z
[1700103600] CURRENT SERVICE STATE: SRV_chat.cass.cl;Puerto Contenedor;OK;HARD;1;TCP OK - 0.001 second response time on port 8000
[1700103600] CURRENT SERVICE STATE: SRV_chat.cass.cl;Puerto HTTP;OK;HARD;1;TCP OK - 0.000 second response time on port 80
[1700103600] CURRENT SERVICE STATE: SRV_chat.cass.cl;Puerto HTTPS;OK;HARD;1;TCP OK - 0.000 second response time on port 443
[1700103600] CURRENT SERVICE STATE: SRV_chat.cass.cl;Puerto Portainer;OK;HARD;1;TCP OK - 0.000 second response time on port 9443
[1700103600] CURRENT SERVICE STATE: SRV_chat.cass.cl;Servicio Docker;OK;HARD;1;OK: Service docker is running!
[1700103600] CURRENT SERVICE STATE: SRV_chat.cass.cl;Servicio Nginx;OK;HARD;1;OK: Service nginx is running!
[1700103600] CURRENT SERVICE STATE: SRV_chat.cass.cl;Usuarios Login;OK;HARD;1;USERS OK - 2 users currently logged in
[1700103600] CURRENT SERVICE STATE: SRV_email.cass.cl;Actualizacion;OK;HARD;1;Updates OK : no updates available
[1700103600] CURRENT SERVICE STATE: SRV_email.cass.cl;Almacenamiento /;OK;HARD;1;DISK OK - free space: /var/tmp 476343 MiB (94.02% inode=-):
[1700103600] CURRENT SERVICE STATE: SRV_email.cass.cl;Almacenamiento Mail;OK;HARD;1;DISK OK - free space: /mail 1795335 MiB (91.68% inode=99%):
[1700103600] CURRENT SERVICE STATE: SRV_email.cass.cl;Almacenamiento Mail2;OK;HARD;1;DISK OK - free space: /mail2 476206 MiB (99.78% inode=100%):
[1700103600] CURRENT SERVICE STATE: SRV_email.cass.cl;CPU;OK;HARD;1;OK - load average per CPU: 0.02, 0.01, 0.01
[1700103600] CURRENT SERVICE STATE: SRV_email.cass.cl;Correo Pop;OK;HARD;1;POP OK - 0.000 second response time on 10.0.2.25 port 110 [+OK GroupWise POP3 server ready]
[1700103600] CURRENT SERVICE STATE: SRV_email.cass.cl;Correo Smtp;OK;HARD;1;SMTP OK - 0.003 sec. response time
[1700103600] CURRENT SERVICE STATE: SRV_email.cass.cl;Memoria;OK;HARD;1;[MEMORY] Total: 11939 MB - Used: 2520 MB - 21% [SWAP] Total: 2048 MB - Used: 359 MB - 17%
[1700103600] CURRENT SERVICE STATE: SRV_email.cass.cl;Ping;OK;HARD;1;PING OK - Packet loss = 70%, RTA = 0.83 ms
[1700103600] CURRENT SERVICE STATE: SRV_email.cass.cl;Procesos;OK;HARD;1;PROCS OK: 297 processes
[1700103600] CURRENT SERVICE STATE: SRV_email.cass.cl;Procesos Zombies;OK;HARD;1;PROCS OK: 0 processes with STATE = Z
[1700103600] CURRENT SERVICE STATE: SRV_email.cass.cl;Tiempo Activo;OK;HARD;1;Uptime OK: 65 day(s) 10 hour(s) 46 minute(s)
[1700103600] CURRENT SERVICE STATE: SRV_email.cass.cl;Usuarios Login;OK;HARD;1;USERS OK - 1 users currently logged in
[1700103600] CURRENT SERVICE STATE: SRV_nagios;Actualizacion;OK;HARD;1;YUM OK: 0 Updates Available
[1700103600] CURRENT SERVICE STATE: SRV_nagios;CPU;OK;HARD;1;OK - load average: 0.35, 0.26, 0.15
[1700103600] CURRENT SERVICE STATE: SRV_nagios;Memoria;OK;HARD;1;[MEMORY] Total: 7740 MB - Used: 701 MB - 9% [SWAP] Total: 7935 MB - Used: 0 MB - 0%
[1700103600] CURRENT SERVICE STATE: SRV_nagios;PING;OK;HARD;1;PING OK - Packet loss = 0%, RTA = 0.10 ms
[1700103600] CURRENT SERVICE STATE: SRV_nagios;Procesos;OK;HARD;1;PROCS OK: 83 processes with STATE = RSZDT
[1700103600] CURRENT SERVICE STATE: SRV_nagios;Usarios Login;OK;HARD;1;USERS OK - 0 users currently logged in
[1700103600] CURRENT SERVICE STATE: SRV_sync.cass.cl;Ping;OK;HARD;1;PING OK - Packet loss = 0%, RTA = 0.77 ms
[1700103600] CURRENT SERVICE STATE: Servidor Vcenter;Ping;OK;HARD;1;PING OK - Packet loss = 0%, RTA = 0.56 ms
[1700103600] CURRENT SERVICE STATE: Servidores CASS;Ancho de Banda GE/1/0/3;OK;HARD;1;OK - Average IN: 6.73KB (0.01%), Average OUT: 6.51KB (0.01%)Total RX: 63711.19GBytes, Total TX: 141306.60GBytes
[1700103600] CURRENT SERVICE STATE: Servidores CASS;Estado Puerto 3;OK;HARD;1;OK: Interface GigabitEthernet1/0/3 (index 3) is up.
[1700103600] CURRENT SERVICE STATE: Servidores CASS;Estado Puerto 80;OK;HARD;1;TCP OK - 0.002 second response time on 10.0.0.17 port 80
[1700103600] CURRENT SERVICE STATE: Servidores CASS;Ping;OK;HARD;1;PING OK - Packet loss = 0%, RTA = 2.12 ms
[1700103600] CURRENT SERVICE STATE: Servidores CASS;Tiempo Activo;OK;HARD;1;SNMP OK - Timeticks: (2060231978) 238 days, 10:51:59.78
[1700103600] CURRENT SERVICE STATE: Ups Principal;Carga;OK;HARD;1;OK: Estimated battery charge 100%, approximately 0 minutes runtime remaining.
[1700103600] CURRENT SERVICE STATE: Ups Principal;Estado;OK;HARD;1;OK: Battery Status Normal.
[1700103600] CURRENT SERVICE STATE: Ups Principal;Ping;OK;HARD;1;PING OK - Packet loss = 0%, RTA = 0.64 ms
[1700103600] CURRENT SERVICE STATE: Ups Principal;Temperatura;OK;HARD;1;OK: Battery Temperature is 27 degrees C (80.6 degrees F).
[1700103600] CURRENT SERVICE STATE: Ups Principal;Tiempo Activo;OK;HARD;1;SNMP OK - Timeticks: (474638184) 54 days, 22:26:21.84
[1700103600] CURRENT SERVICE STATE: Veeam2023.cass.pmc;Actualizacion;CRITICAL;HARD;3;Updates: 4 critical, 0 optional
[1700103600] CURRENT SERVICE STATE: Veeam2023.cass.pmc;Almacenamiento;OK;HARD;1;c:\ - total: 99.33 Gb - used: 84.31 Gb (85%) - free 15.02 Gb (15%)
[1700103600] CURRENT SERVICE STATE: Veeam2023.cass.pmc;CPU;OK;HARD;1;CPU Load 26% (5 min average)
[1700103600] CURRENT SERVICE STATE: Veeam2023.cass.pmc;Memoria;OK;HARD;1;Memory usage: total:28159.25 MB - used: 17907.79 MB (64%) - free: 10251.47 MB (36%)
[1700103600] CURRENT SERVICE STATE: Veeam2023.cass.pmc;Ping;OK;HARD;1;PING OK - Packet loss = 0%, RTA = 2.12 ms
[1700103600] CURRENT SERVICE STATE: Veeam2023.cass.pmc;Tiempo Activo;OK;HARD;1;System Uptime - 16 day(s) 12 hour(s) 31 minute(s)
[1700103600] CURRENT SERVICE STATE: web_cass_cl;Certificado;WARNING;HARD;3;SSL WARNING - Certificate '*.cass.cl' expires in 40 day(s) (2023-12-26 20:59 -0300/-03).
[1700103600] CURRENT SERVICE STATE: web_cass_cl;HTTP;OK;HARD;1;HTTP OK: HTTP/1.1 302 Found - 1071 bytes in 0.183 second response time
[1700105002] Auto-save of retention data completed successfully.
[1700108602] Auto-save of retention data completed successfully.
[1700112202] Auto-save of retention data completed successfully.
[1700114577] SERVICE ALERT: SRVADMIN.cass.pmc;Actualizacion;UNKNOWN;HARD;3;The command (check_updates) returned an invalid return code: 255
[1700114638] SERVICE ALERT: SRVADMIN.cass.pmc;Actualizacion;CRITICAL;HARD;3;Updates: 2 critical, 0 optional
[1700115802] Auto-save of retention data completed successfully.
[1700119402] Auto-save of retention data completed successfully.
[1700123002] Auto-save of retention data completed successfully.
[1700123084] SERVICE ALERT: SRV_chat.cass.cl;Actualizacion;CRITICAL;SOFT;1;CHECK_NRPE STATE CRITICAL: Socket timeout after 30 seconds.
[1700123084] SERVICE ALERT: SRV_SOS2021.cass.cl;Actualizacion;CRITICAL;SOFT;1;CHECK_NRPE STATE CRITICAL: Socket timeout after 30 seconds.
[1700123084] SERVICE ALERT: SRV_Cfiler.cass.cl;Actualizacion;CRITICAL;SOFT;1;CHECK_NRPE STATE CRITICAL: Socket timeout after 30 seconds.
[1700123086] SERVICE ALERT: SRV_email.cass.cl;Actualizacion;CRITICAL;SOFT;1;CHECK_NRPE STATE CRITICAL: Socket timeout after 30 seconds.
[1700123218] SERVICE ALERT: SRV_SOS2021.cass.cl;Actualizacion;OK;SOFT;2;Updates OK : no updates available
[1700123218] SERVICE ALERT: SRV_chat.cass.cl;Actualizacion;OK;SOFT;2;Updates OK : no updates available
[1700123219] SERVICE ALERT: SRV_Cfiler.cass.cl;Actualizacion;OK;SOFT;2;Updates OK : no updates available
[1700123221] SERVICE ALERT: SRV_email.cass.cl;Actualizacion;OK;SOFT;2;Updates OK : no updates available
[1700123401] SERVICE ALERT: SRV_chat.cass.cl;Actualizacion;UNKNOWN;SOFT;1;CHECK_NRPE: Receive header underflow - only 0 bytes received (4 expected).
[1700123402] SERVICE ALERT: SRV_email.cass.cl;Actualizacion;UNKNOWN;SOFT;1;CHECK_NRPE: Receive header underflow - only 0 bytes received (4 expected).
[1700123402] SERVICE ALERT: SRV_Cfiler.cass.cl;Actualizacion;UNKNOWN;SOFT;1;CHECK_NRPE: Receive header underflow - only 0 bytes received (4 expected).
[1700123402] SERVICE ALERT: SRV_SOS2021.cass.cl;Actualizacion;UNKNOWN;SOFT;1;CHECK_NRPE: Receive header underflow - only 0 bytes received (4 expected).
[1700123535] SERVICE ALERT: SRV_chat.cass.cl;Actualizacion;OK;SOFT;2;Updates OK : no updates available
[1700123535] SERVICE ALERT: SRV_SOS2021.cass.cl;Actualizacion;OK;SOFT;2;Updates OK : no updates available
[1700123536] SERVICE ALERT: SRV_Cfiler.cass.cl;Actualizacion;OK;SOFT;2;Updates OK : no updates available
[1700123536] SERVICE ALERT: SRV_email.cass.cl;Actualizacion;OK;SOFT;2;Updates OK : no updates available
[1700126602] Auto-save of retention data completed successfully.
[1700130202] Auto-save of retention data completed successfully.
[1700133802] Auto-save of retention data completed successfully.
[1700135006] SERVICE ALERT: FW Cass Telsur;Ancho de Banda DMZ;CRITICAL;SOFT;1;(No output on stdout) stderr:
[1700135039] SERVICE ALERT: FW Cass Telsur;Estado Puerto WAN;WARNING;SOFT;1;WARNING: SNMP error: No response from remote host "201.220.96.34"
[1700135127] SERVICE ALERT: FW Cass Telsur;Ancho de Banda DMZ;OK;SOFT;2;OK - Average IN: 4.80KB (0.00%), Average OUT: 6.24KB (0.00%)Total RX: 30.86GBytes, Total TX: 32.28GBytes
[1700135159] SERVICE ALERT: FW Cass Telsur;Estado Puerto WAN;OK;SOFT;2;OK: Interface eth1 (index 3) is up.
[1700137402] Auto-save of retention data completed successfully.
[1700140267] SERVICE ALERT: FW Cass Telsur;Estado Puerto DMZ;WARNING;SOFT;1;WARNING: SNMP error: No response from remote host "201.220.96.34"
[1700140387] SERVICE ALERT: FW Cass Telsur;Estado Puerto DMZ;OK;SOFT;2;OK: Interface eth2 (index 4) is up.
[1700141002] Auto-save of retention data completed successfully.
[1700142718] SERVICE ALERT: FW Cass Telsur;Ancho de Banda LAN;CRITICAL;SOFT;1;(No output on stdout) stderr:
[1700142838] SERVICE ALERT: FW Cass Telsur;Ancho de Banda LAN;OK;SOFT;2;OK - Average IN: 78.90KB (0.06%), Average OUT: 592.95KB (0.47%)Total RX: 535.12GBytes, Total TX: 4081.47GBytes
[1700144602] Auto-save of retention data completed successfully.
[1700146717] SERVICE ALERT: FW Cass Telsur;Ancho de Banda DMZ;CRITICAL;SOFT;1;(No output on stdout) stderr:
[1700146843] SERVICE ALERT: FW Cass Telsur;Ancho de Banda DMZ;OK;SOFT;2;OK - Average IN: 19.67KB (0.02%), Average OUT: 19.56KB (0.02%)Total RX: 31.13GBytes, Total TX: 32.52GBytes
[1700146929] SERVICE ALERT: FW Cass Telsur;Estado Puerto WAN;WARNING;SOFT;1;WARNING: SNMP error: No response from remote host "201.220.96.34"
[1700147050] SERVICE ALERT: FW Cass Telsur;Estado Puerto WAN;OK;SOFT;2;OK: Interface eth1 (index 3) is up.
[1700148202] Auto-save of retention data completed successfully.
[1700148437] SERVICE ALERT: FW Cass Telsur;Estado Puerto DMZ;WARNING;SOFT;1;WARNING: SNMP error: No response from remote host "201.220.96.34"
[1700148440] SERVICE ALERT: FW Cass Telsur;Estado Puerto WAN;WARNING;SOFT;1;WARNING: SNMP error: No response from remote host "201.220.96.34"
[1700148558] SERVICE ALERT: FW Cass Telsur;Estado Puerto DMZ;OK;SOFT;2;OK: Interface eth2 (index 4) is up.
[1700148560] SERVICE ALERT: FW Cass Telsur;Estado Puerto WAN;OK;SOFT;2;OK: Interface eth1 (index 3) is up.
[1700150603] SERVICE ALERT: FW Cass Telsur;Ancho de Banda WAN;CRITICAL;SOFT;1;(No output on stdout) stderr:
[1700150723] SERVICE ALERT: FW Cass Telsur;Ancho de Banda WAN;OK;SOFT;2;OK - Average IN: 342.55B (0.00%), Average OUT: 183.58B (0.00%)Total RX: 5469.52GBytes, Total TX: 6867.74GBytes
[1700151413] SERVICE ALERT: FW Cass Telsur;Ancho de Banda DMZ;CRITICAL;SOFT;1;(No output on stdout) stderr:
[1700151533] SERVICE ALERT: FW Cass Telsur;Ancho de Banda DMZ;OK;SOFT;2;OK - Average IN: 23.87KB (0.02%), Average OUT: 602.06KB (0.48%)Total RX: 31.24GBytes, Total TX: 33.53GBytes
[1700151802] Auto-save of retention data completed successfully.
[1700151868] SERVICE ALERT: FW Cass Telsur;Estado Puerto DMZ;WARNING;SOFT;1;WARNING: SNMP error: No response from remote host "201.220.96.34"
[1700151988] SERVICE ALERT: FW Cass Telsur;Estado Puerto DMZ;OK;SOFT;2;OK: Interface eth2 (index 4) is up.
[1700153892] SERVICE ALERT: SRV_nagios;Actualizacion;CRITICAL;SOFT;1;YUM CRITICAL: 4 Updates Available
[1700153955] SERVICE ALERT: SRV_nagios;Actualizacion;CRITICAL;SOFT;2;YUM CRITICAL: 4 Updates Available
[1700154018] SERVICE ALERT: SRV_nagios;Actualizacion;CRITICAL;SOFT;3;YUM CRITICAL: 4 Updates Available
[1700154080] SERVICE ALERT: SRV_nagios;Actualizacion;CRITICAL;HARD;4;YUM CRITICAL: 4 Updates Available
[1700155402] Auto-save of retention data completed successfully.
[1700156229] SERVICE ALERT: FW Cass Telsur;Ancho de Banda LAN;UNKNOWN;SOFT;1;UNKNOWN: Improper interface status, status received: DNE - No response from remote host "201.220.96.34"
[1700156349] SERVICE ALERT: FW Cass Telsur;Ancho de Banda LAN;OK;SOFT;2;OK - Average IN: 48.73KB (0.04%), Average OUT: 720.65KB (0.58%)Total RX: 536.11GBytes, Total TX: 4090.96GBytes
[1700156599] SERVICE ALERT: FW Cass Telsur;Ancho de Banda LAN;CRITICAL;SOFT;1;(No output on stdout) stderr:
[1700156719] SERVICE ALERT: FW Cass Telsur;Ancho de Banda LAN;OK;SOFT;2;OK - Average IN: 49.37KB (0.04%), Average OUT: 803.49KB (0.64%)Total RX: 536.13GBytes, Total TX: 4091.26GBytes
[1700157401] SERVICE ALERT: FW Cass Telsur;Estado Puerto LAN;WARNING;SOFT;1;WARNING: SNMP error: No response from remote host "201.220.96.34"
[1700157521] SERVICE ALERT: FW Cass Telsur;Estado Puerto LAN;OK;SOFT;2;OK: Interface eth0 (index 2) is up.
[1700158201] SERVICE ALERT: SRVDNS;Ping;WARNING;SOFT;1;PING WARNING - Packet loss = 82%, RTA = 1.03 ms
[1700158351] SERVICE ALERT: SRVDNS;Ping;WARNING;SOFT;2;PING WARNING - Packet loss = 90%, RTA = 0.70 ms
[1700158351] wproc: Core Worker 25164: job 4167603 (pid=3730) timed out. Killing it
[1700158351] wproc: CHECK job 4167603 from worker Core Worker 25164 timed out after 30.01s
[1700158351] wproc:   host=SRVDNS; service=(null);
[1700158351] wproc:   early_timeout=1; exited_ok=0; wait_status=0; error_code=62;
[1700158351] Warning: Check of host 'SRVDNS' timed out after 30.01 seconds
[1700158351] HOST ALERT: SRVDNS;DOWN;SOFT;1;(Host check timed out after 30.01 seconds)
[1700158351] wproc: Core Worker 25164: job 4167603 (pid=3730): Dormant child reaped
[1700158415] HOST ALERT: SRVDNS;UP;SOFT;1;PING OK - Packet loss = 0%, RTA = 0.78 ms
[1700158496] SERVICE NOTIFICATION: nagiosadmin;SRVDNS;Ping;WARNING;notify-service-by-email;PING WARNING - Packet loss = 80%, RTA = 1.01 ms
[1700158496] SERVICE NOTIFICATION: andresnavarro;SRVDNS;Ping;WARNING;notify-service-by-email;PING WARNING - Packet loss = 80%, RTA = 1.01 ms
[1700158496] SERVICE NOTIFICATION: soporteti;SRVDNS;Ping;WARNING;notify-service-by-telegram;PING WARNING - Packet loss = 80%, RTA = 1.01 ms
[1700158496] SERVICE NOTIFICATION: soporteti;SRVDNS;Ping;WARNING;notify-service-by-email;PING WARNING - Packet loss = 80%, RTA = 1.01 ms
[1700158496] SERVICE NOTIFICATION: carlosstange;SRVDNS;Ping;WARNING;notify-service-by-telegram;PING WARNING - Packet loss = 80%, RTA = 1.01 ms
[1700158496] SERVICE NOTIFICATION: carlosstange;SRVDNS;Ping;WARNING;notify-service-by-email;PING WARNING - Packet loss = 80%, RTA = 1.01 ms
[1700158496] SERVICE ALERT: SRVDNS;Ping;WARNING;HARD;3;PING WARNING - Packet loss = 80%, RTA = 1.01 ms
[1700158586] SERVICE NOTIFICATION: nagiosadmin;SRVDNS;Ping;CRITICAL;notify-service-by-email;PING CRITICAL - Packet loss = 100%
[1700158586] SERVICE NOTIFICATION: andresnavarro;SRVDNS;Ping;CRITICAL;notify-service-by-email;PING CRITICAL - Packet loss = 100%
[1700158586] SERVICE NOTIFICATION: soporteti;SRVDNS;Ping;CRITICAL;notify-service-by-telegram;PING CRITICAL - Packet loss = 100%
[1700158586] SERVICE NOTIFICATION: soporteti;SRVDNS;Ping;CRITICAL;notify-service-by-email;PING CRITICAL - Packet loss = 100%
[1700158586] SERVICE NOTIFICATION: carlosstange;SRVDNS;Ping;CRITICAL;notify-service-by-telegram;PING CRITICAL - Packet loss = 100%
[1700158586] SERVICE NOTIFICATION: carlosstange;SRVDNS;Ping;CRITICAL;notify-service-by-email;PING CRITICAL - Packet loss = 100%
[1700158586] SERVICE ALERT: SRVDNS;Ping;CRITICAL;HARD;3;PING CRITICAL - Packet loss = 100%
[1700158650] SERVICE ALERT: FW Cass Telsur;Estado Puerto WAN;WARNING;SOFT;1;WARNING: SNMP error: No response from remote host "201.220.96.34"
[1700158654] SERVICE NOTIFICATION: nagiosadmin;SRVDNS;Ping;OK;notify-service-by-email;PING OK - Packet loss = 44%, RTA = 1.15 ms
[1700158654] SERVICE NOTIFICATION: andresnavarro;SRVDNS;Ping;OK;notify-service-by-email;PING OK - Packet loss = 44%, RTA = 1.15 ms
[1700158654] SERVICE NOTIFICATION: soporteti;SRVDNS;Ping;OK;notify-service-by-telegram;PING OK - Packet loss = 44%, RTA = 1.15 ms
[1700158654] SERVICE NOTIFICATION: soporteti;SRVDNS;Ping;OK;notify-service-by-email;PING OK - Packet loss = 44%, RTA = 1.15 ms
[1700158654] SERVICE NOTIFICATION: carlosstange;SRVDNS;Ping;OK;notify-service-by-telegram;PING OK - Packet loss = 44%, RTA = 1.15 ms
[1700158654] SERVICE NOTIFICATION: carlosstange;SRVDNS;Ping;OK;notify-service-by-email;PING OK - Packet loss = 44%, RTA = 1.15 ms
[1700158654] SERVICE ALERT: SRVDNS;Ping;OK;HARD;1;PING OK - Packet loss = 44%, RTA = 1.15 ms
[1700158770] SERVICE ALERT: FW Cass Telsur;Estado Puerto WAN;OK;SOFT;2;OK: Interface eth1 (index 3) is up.
[1700158796] wproc: Core Worker 25162: job 4168000 (pid=7544) timed out. Killing it
[1700158796] wproc: CHECK job 4168000 from worker Core Worker 25162 timed out after 30.01s
[1700158796] wproc:   host=SRVDNS; service=(null);
[1700158796] wproc:   early_timeout=1; exited_ok=0; wait_status=0; error_code=62;
[1700158796] wproc:   stdout line 01: PING CRITICAL - Packet loss = 100%|rta=5000.000000ms;3000.000000;5000.000000;0.000000 pl=100%;80;100;0
[1700158796] Warning: Check of host 'SRVDNS' timed out after 30.01 seconds
[1700158796] HOST ALERT: SRVDNS;DOWN;SOFT;1;(Host check timed out after 30.01 seconds)
[1700158796] wproc: Core Worker 25162: job 4168000 (pid=7544): Dormant child reaped
[1700158846] HOST FLAPPING ALERT: SRVDNS;STARTED; Host appears to have started flapping (21.2% change > 20.0% threshold)
[1700158846] HOST ALERT: SRVDNS;UP;SOFT;1;PING OK - Packet loss = 66%, RTA = 1.07 ms
[1700158916] SERVICE ALERT: SRVDNS;Ping;WARNING;SOFT;1;PING WARNING - Packet loss = 86%, RTA = 0.80 ms
[1700158922] wproc: Core Worker 25165: job 4168106 (pid=8613) timed out. Killing it
[1700158922] wproc: CHECK job 4168106 from worker Core Worker 25165 timed out after 30.01s
[1700158922] wproc:   host=SRVDNS; service=(null);
[1700158922] wproc:   early_timeout=1; exited_ok=0; wait_status=0; error_code=62;
[1700158922] Warning: Check of host 'SRVDNS' timed out after 30.01 seconds
[1700158922] HOST ALERT: SRVDNS;DOWN;SOFT;1;(Host check timed out after 30.01 seconds)
[1700158922] wproc: Core Worker 25165: job 4168106 (pid=8613): Dormant child reaped
[1700159002] Auto-save of retention data completed successfully.
[1700159006] wproc: Core Worker 25162: job 4168163 (pid=9186) timed out. Killing it
[1700159006] wproc: CHECK job 4168163 from worker Core Worker 25162 timed out after 30.01s
[1700159006] wproc:   host=SRVDNS; service=(null);
[1700159006] wproc:   early_timeout=1; exited_ok=0; wait_status=0; error_code=62;
[1700159006] Warning: Check of host 'SRVDNS' timed out after 30.01 seconds
[1700159006] HOST ALERT: SRVDNS;DOWN;SOFT;2;(Host check timed out after 30.01 seconds)
[1700159006] wproc: Core Worker 25162: job 4168163 (pid=9186): Dormant child reaped
[1700159065] SERVICE FLAPPING ALERT: SRVDNS;Ping;STARTED; Service appears to have started flapping (23.0% change >= 20.0% threshold)
[1700159065] SERVICE ALERT: SRVDNS;Ping;WARNING;HARD;3;PING WARNING - Packet loss = 83%, RTA = 1.26 ms
[1700159096] wproc: Core Worker 25165: job 4168253 (pid=10009) timed out. Killing it
[1700159096] wproc: CHECK job 4168253 from worker Core Worker 25165 timed out after 30.01s
[1700159096] wproc:   host=SRVDNS; service=(null);
[1700159096] wproc:   early_timeout=1; exited_ok=0; wait_status=0; error_code=62;
[1700159096] Warning: Check of host 'SRVDNS' timed out after 30.01 seconds
[1700159096] HOST ALERT: SRVDNS;DOWN;SOFT;3;(Host check timed out after 30.01 seconds)
[1700159096] wproc: Core Worker 25165: job 4168253 (pid=10009): Dormant child reaped
[1700159126] SERVICE ALERT: SRVDNS;Ping;CRITICAL;HARD;3;PING CRITICAL - Packet loss = 100%
[1700159168] SERVICE ALERT: SRVDNS;Ping;OK;HARD;1;PING OK - Packet loss = 61%, RTA = 1.22 ms
[1700159186] wproc: Core Worker 25165: job 4168315 (pid=10638) timed out. Killing it
[1700159186] wproc: CHECK job 4168315 from worker Core Worker 25165 timed out after 30.01s
[1700159186] wproc:   host=SRVDNS; service=(null);
[1700159186] wproc:   early_timeout=1; exited_ok=0; wait_status=0; error_code=62;
[1700159186] Warning: Check of host 'SRVDNS' timed out after 30.01 seconds
[1700159186] HOST ALERT: SRVDNS;DOWN;SOFT;4;(Host check timed out after 30.01 seconds)
[1700159186] wproc: Core Worker 25165: job 4168315 (pid=10638): Dormant child reaped
[1700159240] SERVICE ALERT: SRVDNS;Ping;WARNING;HARD;1;PING WARNING - Packet loss = 80%, RTA = 1.35 ms
[1700159242] HOST ALERT: SRVDNS;UP;SOFT;1;PING OK - Packet loss = 66%, RTA = 0.97 ms
[1700159291] SERVICE ALERT: SRVDNS;Ping;OK;HARD;1;PING OK - Packet loss = 68%, RTA = 1.21 ms
[1700159378] wproc: Core Worker 25162: job 4168474 (pid=12175) timed out. Killing it
[1700159378] wproc: CHECK job 4168474 from worker Core Worker 25162 timed out after 30.01s
[1700159378] wproc:   host=SRVDNS; service=(null);
[1700159378] wproc:   early_timeout=1; exited_ok=0; wait_status=0; error_code=62;
[1700159378] Warning: Check of host 'SRVDNS' timed out after 30.01 seconds
[1700159378] HOST ALERT: SRVDNS;DOWN;SOFT;1;(Host check timed out after 30.01 seconds)
[1700159378] wproc: Core Worker 25162: job 4168474 (pid=12175): Dormant child reaped
[1700159426] SERVICE ALERT: SRVDNS;Ping;WARNING;HARD;1;PING WARNING - Packet loss = 93%, RTA = 0.97 ms
[1700159438] HOST ALERT: SRVDNS;DOWN;SOFT;2;CRITICAL - Host Unreachable (10.0.2.30)
[1700159456] SERVICE ALERT: SRVDNS;Ping;CRITICAL;HARD;3;CRITICAL - Host Unreachable (10.0.2.30)
[1700159499] HOST ALERT: SRVDNS;DOWN;SOFT;3;CRITICAL - Host Unreachable (10.0.2.30)
[1700159561] HOST ALERT: SRVDNS;DOWN;SOFT;4;CRITICAL - Host Unreachable (10.0.2.30)
[1700159622] HOST ALERT: SRVDNS;DOWN;SOFT;5;CRITICAL - Host Unreachable (10.0.2.30)
[1700159682] HOST ALERT: SRVDNS;DOWN;SOFT;6;CRITICAL - Host Unreachable (10.0.2.30)
[1700159742] HOST ALERT: SRVDNS;DOWN;SOFT;7;CRITICAL - Host Unreachable (10.0.2.30)
[1700159803] HOST ALERT: SRVDNS;DOWN;SOFT;8;CRITICAL - Host Unreachable (10.0.2.30)
[1700159863] HOST FLAPPING ALERT: SRVDNS;STOPPED; Host appears to have stopped flapping (4.1% change < 5.0% threshold)
[1700159863] HOST ALERT: SRVDNS;DOWN;SOFT;9;CRITICAL - Host Unreachable (10.0.2.30)
[1700159923] HOST NOTIFICATION: nagiosadmin;SRVDNS;DOWN;notify-host-by-email;CRITICAL - Host Unreachable (10.0.2.30)
[1700159923] HOST NOTIFICATION: andresnavarro;SRVDNS;DOWN;notify-host-by-email;CRITICAL - Host Unreachable (10.0.2.30)
[1700159923] HOST NOTIFICATION: soporteti;SRVDNS;DOWN;notify-host-by-telegram;CRITICAL - Host Unreachable (10.0.2.30)
[1700159923] HOST NOTIFICATION: soporteti;SRVDNS;DOWN;notify-host-by-email;CRITICAL - Host Unreachable (10.0.2.30)
[1700159923] HOST NOTIFICATION: carlosstange;SRVDNS;DOWN;notify-host-by-telegram;CRITICAL - Host Unreachable (10.0.2.30)
[1700159923] HOST NOTIFICATION: carlosstange;SRVDNS;DOWN;notify-host-by-email;CRITICAL - Host Unreachable (10.0.2.30)
[1700159923] HOST ALERT: SRVDNS;DOWN;HARD;10;CRITICAL - Host Unreachable (10.0.2.30)
[1700160506] SERVICE ALERT: SRVDNS;Ping;WARNING;HARD;3;PING WARNING - Packet loss = 96%, RTA = 0.96 ms
[1700160509] SERVICE ALERT: FW Cass Telsur;Ancho de Banda LAN;CRITICAL;SOFT;1;(No output on stdout) stderr:
[1700160542] HOST NOTIFICATION: nagiosadmin;SRVDNS;UP;notify-host-by-email;PING OK - Packet loss = 75%, RTA = 1.10 ms
[1700160542] HOST NOTIFICATION: andresnavarro;SRVDNS;UP;notify-host-by-email;PING OK - Packet loss = 75%, RTA = 1.10 ms
[1700160542] HOST NOTIFICATION: soporteti;SRVDNS;UP;notify-host-by-telegram;PING OK - Packet loss = 75%, RTA = 1.10 ms
[1700160542] HOST NOTIFICATION: soporteti;SRVDNS;UP;notify-host-by-email;PING OK - Packet loss = 75%, RTA = 1.10 ms
[1700160542] HOST NOTIFICATION: carlosstange;SRVDNS;UP;notify-host-by-telegram;PING OK - Packet loss = 75%, RTA = 1.10 ms
[1700160542] HOST NOTIFICATION: carlosstange;SRVDNS;UP;notify-host-by-email;PING OK - Packet loss = 75%, RTA = 1.10 ms
[1700160542] HOST ALERT: SRVDNS;UP;HARD;1;PING OK - Packet loss = 75%, RTA = 1.10 ms
[1700160584] HOST ALERT: SRVDNS;DOWN;SOFT;1;CRITICAL - Host Unreachable (10.0.2.30)
[1700160599] SERVICE ALERT: SRVDNS;Ping;CRITICAL;HARD;3;CRITICAL - Host Unreachable (10.0.2.30)
[1700160644] SERVICE ALERT: FW Cass Telsur;Ancho de Banda LAN;OK;SOFT;2;(No output on stdout) stderr:
[1700160644] HOST ALERT: SRVDNS;DOWN;SOFT;2;CRITICAL - Host Unreachable (10.0.2.30)
[1700160705] HOST ALERT: SRVDNS;DOWN;SOFT;3;CRITICAL - Host Unreachable (10.0.2.30)
[1700160767] HOST ALERT: SRVDNS;DOWN;SOFT;4;CRITICAL - Host Unreachable (10.0.2.30)
[1700160827] HOST ALERT: SRVDNS;DOWN;SOFT;5;CRITICAL - Host Unreachable (10.0.2.30)
[1700160888] HOST ALERT: SRVDNS;DOWN;SOFT;6;CRITICAL - Host Unreachable (10.0.2.30)
[1700160950] HOST ALERT: SRVDNS;DOWN;SOFT;7;CRITICAL - Host Unreachable (10.0.2.30)
[1700161014] HOST ALERT: SRVDNS;UP;SOFT;1;PING OK - Packet loss = 0%, RTA = 1.09 ms
[1700161020] SERVICE ALERT: SRVDNS;Ping;OK;HARD;1;PING OK - Packet loss = 0%, RTA = 0.90 ms
[1700161383] SERVICE ALERT: FW Cass Telsur;Ancho de Banda DMZ;CRITICAL;SOFT;1;(No output on stdout) stderr:
[1700161503] SERVICE ALERT: FW Cass Telsur;Ancho de Banda DMZ;OK;SOFT;2;OK - Average IN: 17.70KB (0.01%), Average OUT: 12.10KB (0.01%)Total RX: 31.40GBytes, Total TX: 33.97GBytes
[1700161800] SERVICE FLAPPING ALERT: SRVDNS;Ping;STOPPED; Service appears to have stopped flapping (4.5% change < 5.0% threshold)
[1700162602] Auto-save of retention data completed successfully.
[1700163913] SERVICE ALERT: FW Cass Telsur;Ancho de Banda DMZ;UNKNOWN;SOFT;1;UNKNOWN: Improper interface status, status received: DNE - No response from remote host "201.220.96.34"
[1700164043] SERVICE ALERT: FW Cass Telsur;Ancho de Banda DMZ;OK;SOFT;2;OK - Average IN: 10.48KB (0.01%), Average OUT: 15.09KB (0.01%)Total RX: 31.45GBytes, Total TX: 34.01GBytes
[1700165680] SERVICE ALERT: FW Cass Telsur;Estado Puerto WAN;WARNING;SOFT;1;WARNING: SNMP error: No response from remote host "201.220.96.34"
[1700165794] SERVICE ALERT: FW Cass Telsur;Ancho de Banda WAN;CRITICAL;SOFT;1;(No output on stdout) stderr:
[1700165800] SERVICE ALERT: FW Cass Telsur;Estado Puerto WAN;OK;SOFT;2;OK: Interface eth1 (index 3) is up.
[1700165858] SERVICE ALERT: FW Cass Telsur;Estado Puerto DMZ;WARNING;SOFT;1;WARNING: SNMP error: No response from remote host "201.220.96.34"
[1700165924] SERVICE ALERT: FW Cass Telsur;Ancho de Banda WAN;OK;SOFT;2;OK - Average IN: 306.54B (0.00%), Average OUT: 101.50B (0.00%)Total RX: 5470.90GBytes, Total TX: 6878.25GBytes
[1700165978] SERVICE ALERT: FW Cass Telsur;Estado Puerto DMZ;OK;SOFT;2;OK: Interface eth2 (index 4) is up.
[1700166202] Auto-save of retention data completed successfully.
[1700166470] SERVICE ALERT: FW Cass Telsur;Estado Puerto WAN;WARNING;SOFT;1;WARNING: SNMP error: No response from remote host "201.220.96.34"
[1700166472] SERVICE ALERT: FW Cass Telsur;Estado Puerto LAN;WARNING;SOFT;1;WARNING: SNMP error: No response from remote host "201.220.96.34"
[1700166592] SERVICE ALERT: FW Cass Telsur;Estado Puerto LAN;OK;SOFT;2;OK: Interface eth0 (index 2) is up.
[1700166595] SERVICE ALERT: FW Cass Telsur;Estado Puerto WAN;OK;SOFT;2;OK: Interface eth1 (index 3) is up.
[1700166774] SERVICE ALERT: FW Cass Telsur;Ancho de Banda LAN;CRITICAL;SOFT;1;(No output on stdout) stderr:
[1700166894] SERVICE ALERT: FW Cass Telsur;Ancho de Banda LAN;OK;SOFT;2;OK - Average IN: 98.88KB (0.08%), Average OUT: 860.62KB (0.69%)Total RX: 536.84GBytes, Total TX: 4098.90GBytes
[1700167653] SERVICE ALERT: FW Cass Telsur;Ancho de Banda DMZ;CRITICAL;SOFT;1;(No output on stdout) stderr:
[1700167742] SERVICE ALERT: FW Cass Telsur;Estado Puerto LAN;WARNING;SOFT;1;WARNING: SNMP error: No response from remote host "201.220.96.34"
[1700167744] SERVICE ALERT: FW Cass Telsur;Ancho de Banda LAN;CRITICAL;SOFT;1;(No output on stdout) stderr:
[1700167788] SERVICE ALERT: FW Cass Telsur;Ancho de Banda DMZ;OK;SOFT;2;(No output on stdout) stderr:
[1700167872] SERVICE ALERT: FW Cass Telsur;Estado Puerto LAN;WARNING;SOFT;2;WARNING: SNMP error: No response from remote host "201.220.96.34"
[1700167874] SERVICE ALERT: FW Cass Telsur;Ancho de Banda LAN;CRITICAL;SOFT;2;(No output on stdout) stderr:
[1700167925] SERVICE ALERT: FW Cass Telsur;Estado Puerto WAN;WARNING;SOFT;1;WARNING: SNMP error: No response from remote host "201.220.96.34"
[1700167978] SERVICE ALERT: FW Cass Telsur;Ancho de Banda DMZ;CRITICAL;SOFT;1;(No output on stdout) stderr:
[1700168003] SERVICE NOTIFICATION: nagiosadmin;FW Cass Telsur;Estado Puerto LAN;WARNING;notify-service-by-email;WARNING: SNMP error: No response from remote host "201.220.96.34"
[1700168003] SERVICE NOTIFICATION: andresnavarro;FW Cass Telsur;Estado Puerto LAN;WARNING;notify-service-by-email;WARNING: SNMP error: No response from remote host "201.220.96.34"
[1700168003] SERVICE NOTIFICATION: soporteti;FW Cass Telsur;Estado Puerto LAN;WARNING;notify-service-by-telegram;WARNING: SNMP error: No response from remote host "201.220.96.34"
[1700168003] SERVICE NOTIFICATION: soporteti;FW Cass Telsur;Estado Puerto LAN;WARNING;notify-service-by-email;WARNING: SNMP error: No response from remote host "201.220.96.34"
[1700168003] SERVICE NOTIFICATION: carlosstange;FW Cass Telsur;Estado Puerto LAN;WARNING;notify-service-by-telegram;WARNING: SNMP error: No response from remote host "201.220.96.34"
[1700168003] SERVICE NOTIFICATION: carlosstange;FW Cass Telsur;Estado Puerto LAN;WARNING;notify-service-by-email;WARNING: SNMP error: No response from remote host "201.220.96.34"
[1700168003] SERVICE ALERT: FW Cass Telsur;Estado Puerto LAN;WARNING;HARD;3;WARNING: SNMP error: No response from remote host "201.220.96.34"
[1700168009] SERVICE ALERT: FW Cass Telsur;Ancho de Banda LAN;OK;SOFT;3;(No output on stdout) stderr:
[1700168025] SERVICE ALERT: SRV_SOS2021.cass.cl;Actualizacion;CRITICAL;SOFT;1;CHECK_NRPE STATE CRITICAL: Socket timeout after 30 seconds.
[1700168034] SERVICE ALERT: FW Cass Telsur;Ancho de Banda WAN;CRITICAL;SOFT;1;(No output on stdout) stderr:
[1700168045] SERVICE ALERT: FW Cass Telsur;Estado Puerto WAN;OK;SOFT;2;OK: Interface eth1 (index 3) is up.
[1700168068] SERVICE NOTIFICATION: nagiosadmin;FW Cass Telsur;Estado Puerto LAN;OK;notify-service-by-email;OK: Interface eth0 (index 2) is up.
[1700168068] SERVICE NOTIFICATION: andresnavarro;FW Cass Telsur;Estado Puerto LAN;OK;notify-service-by-email;OK: Interface eth0 (index 2) is up.
[1700168068] SERVICE NOTIFICATION: soporteti;FW Cass Telsur;Estado Puerto LAN;OK;notify-service-by-telegram;OK: Interface eth0 (index 2) is up.
[1700168068] SERVICE NOTIFICATION: soporteti;FW Cass Telsur;Estado Puerto LAN;OK;notify-service-by-email;OK: Interface eth0 (index 2) is up.
[1700168068] SERVICE NOTIFICATION: carlosstange;FW Cass Telsur;Estado Puerto LAN;OK;notify-service-by-telegram;OK: Interface eth0 (index 2) is up.
[1700168068] SERVICE NOTIFICATION: carlosstange;FW Cass Telsur;Estado Puerto LAN;OK;notify-service-by-email;OK: Interface eth0 (index 2) is up.
[1700168068] SERVICE ALERT: FW Cass Telsur;Estado Puerto LAN;OK;HARD;1;OK: Interface eth0 (index 2) is up.
[1700168113] SERVICE ALERT: FW Cass Telsur;Ancho de Banda DMZ;OK;SOFT;2;(No output on stdout) stderr:
[1700168163] SERVICE ALERT: SRV_SOS2021.cass.cl;Actualizacion;OK;SOFT;2;Updates OK : no updates available
[1700168169] SERVICE ALERT: FW Cass Telsur;Ancho de Banda WAN;OK;SOFT;2;(No output on stdout) stderr:
[1700168243] SERVICE ALERT: FW Cass Telsur;Ancho de Banda DMZ;CRITICAL;SOFT;1;(No output on stdout) stderr:
[1700168373] SERVICE ALERT: FW Cass Telsur;Ancho de Banda DMZ;CRITICAL;SOFT;2;(No output on stdout) stderr:
[1700168380] SERVICE ALERT: FW Cass Telsur;Ancho de Banda LAN;CRITICAL;SOFT;1;(No output on stdout) stderr:
[1700168388] SERVICE ALERT: FW Cass Telsur;Estado Puerto DMZ;WARNING;SOFT;1;WARNING: SNMP error: No response from remote host "201.220.96.34"
[1700168433] SERVICE ALERT: FW Cass Telsur;Estado Puerto LAN;WARNING;SOFT;1;WARNING: SNMP error: No response from remote host "201.220.96.34"
[1700168508] SERVICE ALERT: FW Cass Telsur;Estado Puerto DMZ;OK;SOFT;2;OK: Interface eth2 (index 4) is up.
[1700168508] SERVICE ALERT: FW Cass Telsur;Ancho de Banda DMZ;OK;SOFT;3;(No output on stdout) stderr:
[1700168515] SERVICE ALERT: FW Cass Telsur;Ancho de Banda LAN;OK;SOFT;2;(No output on stdout) stderr:
[1700168564] SERVICE ALERT: FW Cass Telsur;Estado Puerto LAN;WARNING;SOFT;2;WARNING: SNMP error: No response from remote host "201.220.96.34"
[1700168599] SERVICE ALERT: FW Cass Telsur;Ancho de Banda WAN;CRITICAL;SOFT;1;(No output on stdout) stderr:
[1700168684] SERVICE ALERT: FW Cass Telsur;Estado Puerto LAN;OK;SOFT;3;OK: Interface eth0 (index 2) is up.
[1700168734] SERVICE ALERT: FW Cass Telsur;Ancho de Banda WAN;OK;SOFT;2;(No output on stdout) stderr:
[1700168818] SERVICE ALERT: FW Cass Telsur;Ancho de Banda DMZ;CRITICAL;SOFT;1;(No output on stdout) stderr:
[1700168818] SERVICE ALERT: FW Cass Telsur;Estado Puerto DMZ;WARNING;SOFT;1;WARNING: SNMP error: No response from remote host "201.220.96.34"
[1700168885] SERVICE ALERT: FW Cass Telsur;Ancho de Banda LAN;CRITICAL;SOFT;1;(No output on stdout) stderr:
[1700168924] SERVICE ALERT: FW Cass Telsur;Ancho de Banda WAN;CRITICAL;SOFT;1;(No output on stdout) stderr:
[1700168944] SERVICE ALERT: FW Cass Telsur;Estado Puerto DMZ;OK;SOFT;2;OK: Interface eth2 (index 4) is up.
[1700168948] SERVICE ALERT: FW Cass Telsur;Ancho de Banda DMZ;CRITICAL;SOFT;2;(No output on stdout) stderr:
[1700168955] SERVICE ALERT: FW Cass Telsur;Estado Puerto WAN;WARNING;SOFT;1;WARNING: SNMP error: No response from remote host "201.220.96.34"
[1700168985] SERVICE ALERT: SRV_chat.cass.cl;Actualizacion;CRITICAL;SOFT;1;CHECK_NRPE STATE CRITICAL: Socket timeout after 30 seconds.
[1700169016] SERVICE ALERT: FW Cass Telsur;Ancho de Banda LAN;CRITICAL;SOFT;2;(No output on stdout) stderr:
[1700169059] SERVICE ALERT: FW Cass Telsur;Ancho de Banda WAN;OK;SOFT;2;(No output on stdout) stderr:
[1700169073] SERVICE ALERT: FW Cass Telsur;Ancho de Banda DMZ;OK;SOFT;3;OK - Average IN: 12.17KB (0.01%), Average OUT: 16.50KB (0.01%)Total RX: 31.63GBytes, Total TX: 34.14GBytes
[1700169076] SERVICE ALERT: FW Cass Telsur;Estado Puerto WAN;OK;SOFT;2;OK: Interface eth1 (index 3) is up.
[1700169117] SERVICE ALERT: SRV_chat.cass.cl;Actualizacion;OK;SOFT;2;Updates OK : no updates available
[1700169136] SERVICE ALERT: FW Cass Telsur;Ancho de Banda LAN;OK;SOFT;3;OK - Average IN: 108.52KB (0.09%), Average OUT: 784.40KB (0.63%)Total RX: 537.08GBytes, Total TX: 4100.86GBytes
[1700169503] SERVICE ALERT: FW Cass Telsur;Ancho de Banda DMZ;CRITICAL;SOFT;1;(No output on stdout) stderr:
[1700169602] SERVICE ALERT: SRV_chat.cass.cl;Actualizacion;UNKNOWN;SOFT;1;CHECK_NRPE: Receive header underflow - only 0 bytes received (4 expected).
[1700169626] SERVICE ALERT: FW Cass Telsur;Estado Puerto WAN;WARNING;SOFT;1;WARNING: SNMP error: No response from remote host "201.220.96.34"
[1700169638] SERVICE ALERT: FW Cass Telsur;Ancho de Banda DMZ;OK;SOFT;2;(No output on stdout) stderr:
[1700169674] SERVICE ALERT: FW Cass Telsur;Estado Puerto DMZ;WARNING;SOFT;1;WARNING: SNMP error: No response from remote host "201.220.96.34"
[1700169686] SERVICE ALERT: FW Cass Telsur;Ancho de Banda LAN;CRITICAL;SOFT;1;(No output on stdout) stderr:
[1700169729] SERVICE ALERT: FW Cass Telsur;Ancho de Banda WAN;CRITICAL;SOFT;1;(No output on stdout) stderr:
[1700169735] SERVICE ALERT: SRV_chat.cass.cl;Actualizacion;OK;SOFT;2;Updates OK : no updates available
[1700169752] SERVICE ALERT: FW Cass Telsur;Estado Puerto WAN;OK;SOFT;2;OK: Interface eth1 (index 3) is up.
[1700169768] SERVICE ALERT: FW Cass Telsur;Ancho de Banda DMZ;CRITICAL;SOFT;1;(No output on stdout) stderr:
[1700169794] SERVICE ALERT: FW Cass Telsur;Estado Puerto DMZ;OK;SOFT;2;OK: Interface eth2 (index 4) is up.
[1700169802] Auto-save of retention data completed successfully.
[1700169816] SERVICE ALERT: FW Cass Telsur;Ancho de Banda LAN;OK;SOFT;2;OK - Average IN: 92.17KB (0.07%), Average OUT: 602.09KB (0.48%)Total RX: 537.13GBytes, Total TX: 4101.25GBytes
[1700169859] SERVICE ALERT: FW Cass Telsur;Ancho de Banda WAN;CRITICAL;SOFT;2;(No output on stdout) stderr:
[1700169898] SERVICE ALERT: FW Cass Telsur;Ancho de Banda DMZ;CRITICAL;SOFT;2;(No output on stdout) stderr:
[1700169979] SERVICE ALERT: FW Cass Telsur;Ancho de Banda WAN;OK;SOFT;3;OK - Average IN: 264.38B (0.00%), Average OUT: 87.11B (0.00%)Total RX: 5470.91GBytes, Total TX: 6878.25GBytes
[1700170034] SERVICE ALERT: FW Cass Telsur;Ancho de Banda DMZ;OK;SOFT;3;(No output on stdout) stderr:
[1700170109] SERVICE ALERT: FW Cass Telsur;Ancho de Banda WAN;CRITICAL;SOFT;1;(No output on stdout) stderr:
[1700170126] SERVICE ALERT: FW Cass Telsur;Ancho de Banda LAN;CRITICAL;SOFT;1;(No output on stdout) stderr:
[1700170234] SERVICE ALERT: FW Cass Telsur;Ancho de Banda WAN;OK;SOFT;2;OK - Average IN: 259.55B (0.00%), Average OUT: 86.43B (0.00%)Total RX: 5470.91GBytes, Total TX: 6878.25GBytes
[1700170246] SERVICE ALERT: FW Cass Telsur;Ancho de Banda LAN;OK;SOFT;2;OK - Average IN: 63.20KB (0.05%), Average OUT: 555.43KB (0.44%)Total RX: 537.17GBytes, Total TX: 4101.50GBytes
[1700173402] Auto-save of retention data completed successfully.
[1700177002] Auto-save of retention data completed successfully.
[1700180602] Auto-save of retention data completed successfully.
[1700183133] SERVICE ALERT: SRV_SOS2021.cass.cl;Actualizacion;CRITICAL;SOFT;1;CHECK_NRPE STATE CRITICAL: Socket timeout after 30 seconds.
[1700183146] SERVICE ALERT: SRV_email.cass.cl;Actualizacion;CRITICAL;SOFT;1;CHECK_NRPE STATE CRITICAL: Socket timeout after 30 seconds.
[1700183146] SERVICE ALERT: SRV_Cfiler.cass.cl;Actualizacion;CRITICAL;SOFT;1;CHECK_NRPE STATE CRITICAL: Socket timeout after 30 seconds.
[1700183264] SERVICE ALERT: Servidores CASS;Ancho de Banda GE/1/0/3;WARNING;SOFT;1;WARNING - OUT bandwidth (85.30%) too high
[1700183265] SERVICE ALERT: SRV_SOS2021.cass.cl;Actualizacion;OK;SOFT;2;Updates OK : no updates available
[1700183272] SERVICE ALERT: SRV_Cfiler.cass.cl;Actualizacion;OK;SOFT;2;Updates OK : no updates available
[1700183277] SERVICE ALERT: SRV_email.cass.cl;Actualizacion;OK;SOFT;2;Updates OK : no updates available
[1700183384] SERVICE ALERT: Servidores CASS;Ancho de Banda GE/1/0/3;OK;SOFT;2;OK - Average IN: 38.14MB (30.51%), Average OUT: 105.51MB (84.41%)Total RX: 63857.76GBytes, Total TX: 141515.03GBytes
[1700183401] SERVICE ALERT: SRV_email.cass.cl;Actualizacion;UNKNOWN;SOFT;1;CHECK_NRPE: Receive header underflow - only 0 bytes received (4 expected).
[1700183533] SERVICE ALERT: SRV_email.cass.cl;Actualizacion;OK;SOFT;2;Updates OK : no updates available
[1700184001] SERVICE ALERT: SRV_Cfiler.cass.cl;Actualizacion;UNKNOWN;SOFT;1;CHECK_NRPE: Receive header underflow - only 0 bytes received (4 expected).
[1700184134] SERVICE ALERT: SRV_Cfiler.cass.cl;Actualizacion;OK;SOFT;2;Updates OK : no updates available
[1700184202] Auto-save of retention data completed successfully.
[1700184975] SERVICE ALERT: SRV_SOS2021.cass.cl;Actualizacion;CRITICAL;SOFT;1;CHECK_NRPE STATE CRITICAL: Socket timeout after 30 seconds.
[1700185003] SERVICE ALERT: SRV_email.cass.cl;Actualizacion;CRITICAL;SOFT;1;CHECK_NRPE STATE CRITICAL: Socket timeout after 30 seconds.
[1700185004] SERVICE ALERT: SRV_Cfiler.cass.cl;Actualizacion;CRITICAL;SOFT;1;CHECK_NRPE STATE CRITICAL: Socket timeout after 30 seconds.
[1700185005] SERVICE ALERT: SRV_chat.cass.cl;Actualizacion;CRITICAL;SOFT;1;CHECK_NRPE STATE CRITICAL: Socket timeout after 30 seconds.
[1700185107] SERVICE ALERT: SRV_SOS2021.cass.cl;Actualizacion;OK;SOFT;2;Updates OK : no updates available
[1700185135] SERVICE ALERT: SRV_email.cass.cl;Actualizacion;OK;SOFT;2;Updates OK : no updates available
[1700185137] SERVICE ALERT: SRV_Cfiler.cass.cl;Actualizacion;OK;SOFT;2;Updates OK : no updates available
[1700185137] SERVICE ALERT: SRV_chat.cass.cl;Actualizacion;OK;SOFT;2;Updates OK : no updates available
[1700185801] SERVICE ALERT: SRV_email.cass.cl;Actualizacion;UNKNOWN;SOFT;1;CHECK_NRPE: Receive header underflow - only 0 bytes received (4 expected).
[1700185802] SERVICE ALERT: SRV_Cfiler.cass.cl;Actualizacion;UNKNOWN;SOFT;1;CHECK_NRPE: Receive header underflow - only 0 bytes received (4 expected).
[1700185802] SERVICE ALERT: SRV_chat.cass.cl;Actualizacion;UNKNOWN;SOFT;1;CHECK_NRPE: Receive header underflow - only 0 bytes received (4 expected).
[1700185933] SERVICE ALERT: SRV_email.cass.cl;Actualizacion;OK;SOFT;2;Updates OK : no updates available
[1700185934] SERVICE ALERT: SRV_chat.cass.cl;Actualizacion;OK;SOFT;2;Updates OK : no updates available
[1700185934] SERVICE ALERT: SRV_Cfiler.cass.cl;Actualizacion;OK;SOFT;2;Updates OK : no updates available
[1700186997] SERVICE ALERT: SRV_SOS2021.cass.cl;Actualizacion;CRITICAL;SOFT;1;CHECK_NRPE STATE CRITICAL: Socket timeout after 30 seconds.
[1700187129] SERVICE ALERT: SRV_SOS2021.cass.cl;Actualizacion;OK;SOFT;2;Updates OK : no updates available
[1700187270] SERVICE ALERT: Veeam2023.cass.pmc;Actualizacion;UNKNOWN;HARD;3;CHECK_NRPE: Receive header underflow - only 0 bytes received (4 expected).
[1700187341] SERVICE ALERT: Veeam2023.cass.pmc;Actualizacion;CRITICAL;HARD;3;Updates: 4 critical, 0 optional
[1700187802] Auto-save of retention data completed successfully.
