[1693627200] LOG ROTATION: DAILY
[1693627200] LOG VERSION: 2.0
[1693627200] CURRENT HOST STATE: ADL Diagnostic;UP;HARD;1;PING OK - Packet loss = 0%, RTA = 38.42 ms
[1693627200] CURRENT HOST STATE: Blueshell;UP;HARD;1;PING OK - Packet loss = 0%, RTA = 5.98 ms
[1693627200] CURRENT HOST STATE: Cass Entel;UP;HARD;1;PING OK - Packet loss = 0%, RTA = 0.38 ms
[1693627200] CURRENT HOST STATE: Cass Telsur;UP;HARD;1;PING OK - Packet loss = 0%, RTA = 1.97 ms
[1693627200] CURRENT HOST STATE: Clinica PV Movistar;UP;HARD;1;PING OK - Packet loss = 44%, RTA = 35.48 ms
[1693627200] CURRENT HOST STATE: Clinica PV Telsur;UP;HARD;1;PING OK - Packet loss = 0%, RTA = 4.59 ms
[1693627200] CURRENT HOST STATE: Confe;UP;HARD;1;PING OK - Packet loss = 0%, RTA = 41.37 ms
[1693627200] CURRENT HOST STATE: Electric Works;UP;HARD;1;PING OK - Packet loss = 0%, RTA = 38.36 ms
[1693627200] CURRENT HOST STATE: Ext Entel;UP;HARD;1;PING OK - Packet loss = 0%, RTA = 0.38 ms
[1693627200] CURRENT HOST STATE: Ext Telsur;UP;HARD;1;PING OK - Packet loss = 16%, RTA = 2.58 ms
[1693627200] CURRENT HOST STATE: FW ADL Diagnostic;UP;HARD;1;PING OK - Packet loss = 0%, RTA = 41.58 ms
[1693627200] CURRENT HOST STATE: FW Blueshell;UP;HARD;1;PING OK - Packet loss = 0%, RTA = 3.96 ms
[1693627200] CURRENT HOST STATE: FW Cass Entel;UP;HARD;1;PING OK - Packet loss = 0%, RTA = 38.39 ms
[1693627200] CURRENT HOST STATE: FW Cass Telsur;UP;HARD;1;PING OK - Packet loss = 0%, RTA = 0.45 ms
[1693627200] CURRENT HOST STATE: FW Clinica PV Movistar;UP;HARD;1;PING OK - Packet loss = 0%, RTA = 36.82 ms
[1693627200] CURRENT HOST STATE: FW Clinica PV Telsur;UP;HARD;1;PING OK - Packet loss = 0%, RTA = 2.25 ms
[1693627200] CURRENT HOST STATE: FW Confe;UP;HARD;1;PING OK - Packet loss = 0%, RTA = 47.09 ms
[1693627200] CURRENT HOST STATE: FW Electric Works;UP;HARD;1;PING OK - Packet loss = 0%, RTA = 38.21 ms
[1693627200] CURRENT HOST STATE: FW Gore Los Lagos;UP;HARD;1;PING OK - Packet loss = 0%, RTA = 3.67 ms
[1693627200] CURRENT HOST STATE: FW Pasmar;UP;HARD;1;PING OK - Packet loss = 0%, RTA = 6.78 ms
[1693627200] CURRENT HOST STATE: Gore Los Lagos;UP;HARD;1;PING OK - Packet loss = 0%, RTA = 3.10 ms
[1693627200] CURRENT HOST STATE: Host-10.0.0.120;UP;HARD;1;PING OK - Packet loss = 0%, RTA = 0.93 ms
[1693627200] CURRENT HOST STATE: Host-10.0.0.121;UP;HARD;1;PING OK - Packet loss = 0%, RTA = 0.52 ms
[1693627200] CURRENT HOST STATE: Internet;UP;HARD;1;PING OK - Packet loss = 28%, RTA = 24.75 ms
[1693627200] CURRENT HOST STATE: Pasmar;UP;HARD;1;PING OK - Packet loss = 0%, RTA = 3.34 ms
[1693627200] CURRENT HOST STATE: Qnap NAS;UP;HARD;1;PING OK - Packet loss = 0%, RTA = 0.30 ms
[1693627200] CURRENT HOST STATE: SRV01USER_cass.cl;UP;HARD;1;PING OK - Packet loss = 0%, RTA = 1.96 ms
[1693627200] CURRENT HOST STATE: SRV04AD01.cass.cl;UP;HARD;1;PING OK - Packet loss = 0%, RTA = 1.76 ms
[1693627200] CURRENT HOST STATE: SRV05AD02_cass.cl;UP;HARD;1;PING OK - Packet loss = 0%, RTA = 1.62 ms
[1693627200] CURRENT HOST STATE: SRV11VIBE_cass.cl;UP;HARD;1;PING OK - Packet loss = 28%, RTA = 0.79 ms
[1693627200] CURRENT HOST STATE: SRV12WEB_cass.cl;UP;HARD;1;PING OK - Packet loss = 0%, RTA = 0.80 ms
[1693627200] CURRENT HOST STATE: SRVAD1.cass.pmc;UP;HARD;1;PING OK - Packet loss = 0%, RTA = 2.28 ms
[1693627200] CURRENT HOST STATE: SRVAD2.cass.pmc;UP;HARD;1;PING OK - Packet loss = 0%, RTA = 1.58 ms
[1693627200] CURRENT HOST STATE: SRVADMIN.cass.pmc;UP;HARD;1;PING OK - Packet loss = 0%, RTA = 1.79 ms
[1693627200] CURRENT HOST STATE: SRVCONT.cass.cl;UP;HARD;1;PING OK - Packet loss = 0%, RTA = 3.39 ms
[1693627200] CURRENT HOST STATE: SRVDC1.cass.pmc;UP;HARD;1;PING OK - Packet loss = 0%, RTA = 1.81 ms
[1693627200] CURRENT HOST STATE: SRVDNS;UP;HARD;1;PING OK - Packet loss = 0%, RTA = 0.80 ms
[1693627200] CURRENT HOST STATE: SRVMFSD;UP;HARD;1;PING OK - Packet loss = 0%, RTA = 0.77 ms
[1693627200] CURRENT HOST STATE: SRV_Cfiler.cass.cl;UP;HARD;1;PING OK - Packet loss = 0%, RTA = 0.74 ms
[1693627200] CURRENT HOST STATE: SRV_Oraculo_cass.cl;DOWN;HARD;10;CRITICAL - Host Unreachable (10.0.2.6)
[1693627200] CURRENT HOST STATE: SRV_SOS2021.cass.cl;UP;HARD;1;PING OK - Packet loss = 0%, RTA = 0.50 ms
[1693627200] CURRENT HOST STATE: SRV_SUM;UP;HARD;1;PING OK - Packet loss = 0%, RTA = 0.68 ms
[1693627200] CURRENT HOST STATE: SRV_chat.cass.cl;UP;HARD;1;PING OK - Packet loss = 0%, RTA = 1.69 ms
[1693627200] CURRENT HOST STATE: SRV_email.cass.cl;UP;HARD;1;PING OK - Packet loss = 0%, RTA = 1.00 ms
[1693627200] CURRENT HOST STATE: SRV_nagios;UP;HARD;1;PING OK - Packet loss = 0%, RTA = 0.07 ms
[1693627200] CURRENT HOST STATE: SRV_sync.cass.cl;UP;HARD;1;PING OK - Packet loss = 0%, RTA = 0.80 ms
[1693627200] CURRENT HOST STATE: Servidor Vcenter;UP;HARD;1;PING OK - Packet loss = 0%, RTA = 0.67 ms
[1693627200] CURRENT HOST STATE: Servidores CASS;UP;HARD;1;PING OK - Packet loss = 0%, RTA = 3.63 ms
[1693627200] CURRENT HOST STATE: Ups Principal;UP;HARD;1;PING OK - Packet loss = 0%, RTA = 0.66 ms
[1693627200] CURRENT HOST STATE: Veeam2023.cass.pmc;UP;HARD;1;PING OK - Packet loss = 0%, RTA = 1.92 ms
[1693627200] CURRENT HOST STATE: web_cass_cl;UP;HARD;1;PING OK - Packet loss = 0%, RTA = 1.17 ms
[1693627200] CURRENT SERVICE STATE: ADL Diagnostic;Ping;OK;HARD;1;PING OK - Packet loss = 0%, RTA = 39.38 ms
[1693627200] CURRENT SERVICE STATE: Blueshell;Ping;OK;HARD;1;PING OK - Packet loss = 0%, RTA = 5.66 ms
[1693627200] CURRENT SERVICE STATE: Clinica PV Movistar;Ping;OK;HARD;1;PING OK - Packet loss = 37%, RTA = 35.11 ms
[1693627200] CURRENT SERVICE STATE: Confe;Ping;CRITICAL;HARD;1;PING CRITICAL - Packet loss = 100%
[1693627200] CURRENT SERVICE STATE: Electric Works;Ping;OK;HARD;1;PING OK - Packet loss = 28%, RTA = 38.39 ms
[1693627200] CURRENT SERVICE STATE: Ext Telsur;Ping;OK;HARD;1;PING OK - Packet loss = 0%, RTA = 3.57 ms
[1693627200] CURRENT SERVICE STATE: FW ADL Diagnostic;Ping;OK;HARD;1;PING OK - Packet loss = 0%, RTA = 38.32 ms
[1693627200] CURRENT SERVICE STATE: FW Blueshell;Ping;OK;HARD;1;PING OK - Packet loss = 0%, RTA = 10.16 ms
[1693627200] CURRENT SERVICE STATE: FW Cass Entel;Ping;OK;HARD;1;PING OK - Packet loss = 0%, RTA = 37.67 ms
[1693627200] CURRENT SERVICE STATE: FW Cass Telsur;Ancho de Banda DMZ;OK;HARD;1;OK - Average IN: 2.80KB (0.00%), Average OUT: 4.19KB (0.00%)Total RX: 36.52GBytes, Total TX: 36.93GBytes
[1693627200] CURRENT SERVICE STATE: FW Cass Telsur;Ancho de Banda LAN;OK;HARD;1;OK - Average IN: 855.17B (0.00%), Average OUT: 826.67B (0.00%)Total RX: 639.90GBytes, Total TX: 665.33GBytes
[1693627200] CURRENT SERVICE STATE: FW Cass Telsur;Ancho de Banda WAN;OK;HARD;1;OK - Average IN: 10.16MB (8.12%), Average OUT: 2.31MB (1.85%)Total RX: 9749.31GBytes, Total TX: 6053.82GBytes
[1693627200] CURRENT SERVICE STATE: FW Cass Telsur;Estado Puerto DMZ;OK;HARD;1;OK: Interface eth2 (index 4) is up.
[1693627200] CURRENT SERVICE STATE: FW Cass Telsur;Estado Puerto LAN;OK;HARD;1;OK: Interface eth0 (index 2) is up.
[1693627200] CURRENT SERVICE STATE: FW Cass Telsur;Estado Puerto WAN;OK;HARD;1;OK: Interface eth1 (index 3) is up.
[1693627200] CURRENT SERVICE STATE: FW Cass Telsur;Estado TCP Sophos;OK;HARD;1;TCP OK - 0.000 second response time on 201.220.96.34 port 4444
[1693627200] CURRENT SERVICE STATE: FW Cass Telsur;Ping;OK;HARD;1;PING OK - Packet loss = 0%, RTA = 0.44 ms
[1693627200] CURRENT SERVICE STATE: FW Cass Telsur;Tiempo Activo;OK;HARD;1;SNMP OK - Timeticks: (14114735) 1 day, 15:12:27.35
[1693627200] CURRENT SERVICE STATE: FW Clinica PV Movistar;Ping;OK;HARD;1;PING OK - Packet loss = 0%, RTA = 37.90 ms
[1693627200] CURRENT SERVICE STATE: FW Confe;Ping;OK;HARD;1;PING OK - Packet loss = 0%, RTA = 44.98 ms
[1693627200] CURRENT SERVICE STATE: FW Electric Works;Ping;OK;HARD;1;PING OK - Packet loss = 0%, RTA = 35.38 ms
[1693627200] CURRENT SERVICE STATE: FW Gore Los Lagos;Ping;OK;HARD;1;PING OK - Packet loss = 0%, RTA = 6.45 ms
[1693627200] CURRENT SERVICE STATE: FW Pasmar;Ping;OK;HARD;1;PING OK - Packet loss = 0%, RTA = 4.02 ms
[1693627200] CURRENT SERVICE STATE: Gore Los Lagos;Ping;OK;HARD;1;PING OK - Packet loss = 0%, RTA = 3.48 ms
[1693627200] CURRENT SERVICE STATE: Host-10.0.0.120;Ping;OK;HARD;1;PING OK - Packet loss = 0%, RTA = 0.47 ms
[1693627200] CURRENT SERVICE STATE: Host-10.0.0.121;Ping;OK;HARD;1;PING OK - Packet loss = 0%, RTA = 0.49 ms
[1693627200] CURRENT SERVICE STATE: Pasmar;Ping;OK;HARD;1;PING OK - Packet loss = 44%, RTA = 2.90 ms
[1693627200] CURRENT SERVICE STATE: Qnap NAS;Almacenamiento;OK;HARD;1;OK: Total:50TB - Used:28TB - Free:21TB - Used Space: 56%
[1693627200] CURRENT SERVICE STATE: Qnap NAS;Estado;OK;HARD;1;Power Supply #1 - OK: GOOD
[1693627200] CURRENT SERVICE STATE: Qnap NAS;Memoria;OK;HARD;1;OK: Total:3830MB - Used:1363MB - Free:2467MB = 36%
[1693627200] CURRENT SERVICE STATE: Qnap NAS;Sysinfo;OK;HARD;1;NAS Cloud, Model TS-879U-RP, Firmware 4.3.6, Max HD number 8, No. Volume 1
[1693627200] CURRENT SERVICE STATE: Qnap NAS;Temperatura;OK;HARD;1;OK: Temperature=38C
[1693627200] CURRENT SERVICE STATE: Qnap NAS;Tiempo Activo;OK;HARD;1;SNMP OK - Timeticks: (333703360) 38 days, 14:57:13.60
[1693627200] CURRENT SERVICE STATE: SRV01USER_cass.cl;Actualizacion;CRITICAL;HARD;3;Updates: 11 critical, 0 optional
[1693627200] CURRENT SERVICE STATE: SRV01USER_cass.cl;Almacenamiento C;WARNING;HARD;3;c:\ - total: 119.40 Gb - used: 100.73 Gb (84%) - free 18.67 Gb (16%)
[1693627200] CURRENT SERVICE STATE: SRV01USER_cass.cl;Almacenamiento U;OK;HARD;1;u:\ - total: 1023.98 Gb - used: 181.80 Gb (18%) - free 842.19 Gb (82%)
[1693627200] CURRENT SERVICE STATE: SRV01USER_cass.cl;CPU;OK;HARD;1;CPU Load 2% (5 min average)
[1693627200] CURRENT SERVICE STATE: SRV01USER_cass.cl;Memoria;OK;HARD;1;Memory usage: total:29969.14 MB - used: 18705.20 MB (62%) - free: 11263.94 MB (38%)
[1693627200] CURRENT SERVICE STATE: SRV01USER_cass.cl;Ping;OK;HARD;1;PING OK - Packet loss = 0%, RTA = 2.22 ms
[1693627200] CURRENT SERVICE STATE: SRV01USER_cass.cl;Tiempo Activo;OK;HARD;1;System Uptime - 45 day(s) 4 hour(s) 7 minute(s)
[1693627200] CURRENT SERVICE STATE: SRV04AD01.cass.cl;Ping;OK;HARD;1;PING OK - Packet loss = 0%, RTA = 1.63 ms
[1693627200] CURRENT SERVICE STATE: SRV05AD02_cass.cl;Ping;OK;HARD;1;PING OK - Packet loss = 0%, RTA = 2.12 ms
[1693627200] CURRENT SERVICE STATE: SRV11VIBE_cass.cl;Actualizacion;CRITICAL;HARD;3;Updates CRITICAL : discontinued OS Release SLE 15.1: At least one of your Repositories might be out of date. Please run "zypper refresh" as root to update it.  2 security update(s): 1 recommended update(s):  2 package update(s):
[1693627200] CURRENT SERVICE STATE: SRV11VIBE_cass.cl;Almacenamiento /;OK;HARD;1;DISK OK - free space: /var/tmp 78639 MiB (85.82% inode=-):
[1693627200] CURRENT SERVICE STATE: SRV11VIBE_cass.cl;CPU;OK;HARD;1;OK - load average per CPU: 0.00, 0.01, 0.01
[1693627200] CURRENT SERVICE STATE: SRV11VIBE_cass.cl;Memoria;OK;HARD;1;[MEMORY] Total: 7693 MB - Used: 4996 MB - 64% [SWAP] Total: 7944 MB - Used: 507 MB - 6%
[1693627200] CURRENT SERVICE STATE: SRV11VIBE_cass.cl;Ping;OK;HARD;1;PING OK - Packet loss = 0%, RTA = 0.86 ms
[1693627200] CURRENT SERVICE STATE: SRV11VIBE_cass.cl;Proceso Vibe;OK;HARD;1;PROCS OK: 0 processes with command name 'vibe'
[1693627200] CURRENT SERVICE STATE: SRV11VIBE_cass.cl;Procesos;OK;HARD;1;PROCS OK: 322 processes
[1693627200] CURRENT SERVICE STATE: SRV11VIBE_cass.cl;Procesos Zombies;OK;HARD;1;PROCS OK: 0 processes with STATE = Z
[1693627200] CURRENT SERVICE STATE: SRV11VIBE_cass.cl;Puerto HTTP;OK;HARD;1;TCP OK - 0.001 second response time on 10.0.2.13 port 80
[1693627200] CURRENT SERVICE STATE: SRV11VIBE_cass.cl;Puerto HTTPS;OK;HARD;1;TCP OK - 0.001 second response time on 10.0.2.13 port 443
[1693627200] CURRENT SERVICE STATE: SRV11VIBE_cass.cl;Servicio Vibe;OK;HARD;1;OK: Service vibe is running!
[1693627200] CURRENT SERVICE STATE: SRV11VIBE_cass.cl;Tiempo Activo;WARNING;HARD;3;Uptime WARNING: 133 day(s) 14 hour(s) 15 minute(s)
[1693627200] CURRENT SERVICE STATE: SRV11VIBE_cass.cl;Usuarios Login;OK;HARD;1;USERS OK - 2 users currently logged in
[1693627200] CURRENT SERVICE STATE: SRV12WEB_cass.cl;Ping;OK;HARD;1;PING OK - Packet loss = 50%, RTA = 0.91 ms
[1693627200] CURRENT SERVICE STATE: SRVAD1.cass.pmc;Ping;OK;HARD;1;PING OK - Packet loss = 0%, RTA = 1.91 ms
[1693627200] CURRENT SERVICE STATE: SRVAD2.cass.pmc;Ping;OK;HARD;1;PING OK - Packet loss = 0%, RTA = 1.43 ms
[1693627200] CURRENT SERVICE STATE: SRVADMIN.cass.pmc;Actualizacion;CRITICAL;HARD;3;Updates: 4 critical, 0 optional
[1693627200] CURRENT SERVICE STATE: SRVADMIN.cass.pmc;Almacenamiento;OK;HARD;1;c:\ - total: 299.66 Gb - used: 165.84 Gb (55%) - free 133.82 Gb (45%)
[1693627200] CURRENT SERVICE STATE: SRVADMIN.cass.pmc;CPU;OK;HARD;1;CPU Load 0% (5 min average)
[1693627200] CURRENT SERVICE STATE: SRVADMIN.cass.pmc;Memoria;OK;HARD;1;Memory usage: total:18079.09 MB - used: 13768.16 MB (76%) - free: 4310.94 MB (24%)
[1693627200] CURRENT SERVICE STATE: SRVADMIN.cass.pmc;Ping;OK;HARD;1;PING OK - Packet loss = 0%, RTA = 1.59 ms
[1693627200] CURRENT SERVICE STATE: SRVADMIN.cass.pmc;Tiempo Activo;OK;HARD;1;System Uptime - 45 day(s) 3 hour(s) 15 minute(s)
[1693627200] CURRENT SERVICE STATE: SRVCONT.cass.cl;Actualizacion;CRITICAL;HARD;3;Updates: 4 critical, 0 optional
[1693627200] CURRENT SERVICE STATE: SRVCONT.cass.cl;Almacenamiento;OK;HARD;1;c:\ - total: 299.33 Gb - used: 42.09 Gb (14%) - free 257.24 Gb (86%)
[1693627200] CURRENT SERVICE STATE: SRVCONT.cass.cl;CPU;OK;HARD;1;CPU Load 2% (5 min average)
[1693627200] CURRENT SERVICE STATE: SRVCONT.cass.cl;Memoria;OK;HARD;1;Memory usage: total:14143.13 MB - used: 4057.61 MB (29%) - free: 10085.53 MB (71%)
[1693627200] CURRENT SERVICE STATE: SRVCONT.cass.cl;Ping;OK;HARD;1;PING OK - Packet loss = 0%, RTA = 3.43 ms
[1693627200] CURRENT SERVICE STATE: SRVCONT.cass.cl;Tiempo Activo;OK;HARD;1;System Uptime - 45 day(s) 3 hour(s) 18 minute(s)
[1693627200] CURRENT SERVICE STATE: SRVDC1.cass.pmc;Ping;OK;HARD;1;PING OK - Packet loss = 0%, RTA = 1.79 ms
[1693627200] CURRENT SERVICE STATE: SRVDNS;Ping;OK;HARD;1;PING OK - Packet loss = 0%, RTA = 0.98 ms
[1693627200] CURRENT SERVICE STATE: SRVMFSD;Ping;OK;HARD;1;PING OK - Packet loss = 0%, RTA = 0.81 ms
[1693627200] CURRENT SERVICE STATE: SRV_Cfiler.cass.cl;Actualizacion;OK;HARD;1;Updates OK : no updates available
[1693627200] CURRENT SERVICE STATE: SRV_Cfiler.cass.cl;Almacenamiento /;OK;HARD;1;DISK OK - free space: / 2466218 MB (73% inode=-):
[1693627200] CURRENT SERVICE STATE: SRV_Cfiler.cass.cl;CPU;OK;HARD;1;OK - load average: 0.10, 0.13, 0.11
[1693627200] CURRENT SERVICE STATE: SRV_Cfiler.cass.cl;Http;OK;HARD;1;TCP OK - 0.000 second response time on port 80
[1693627200] CURRENT SERVICE STATE: SRV_Cfiler.cass.cl;Https;OK;HARD;1;TCP OK - 0.000 second response time on port 443
[1693627200] CURRENT SERVICE STATE: SRV_Cfiler.cass.cl;Memoria;OK;HARD;1;[MEMORY] Total: 3893 MB - Used: 1021 MB - 26% [SWAP] Total: 2047 MB - Used: 416 MB - 20%
[1693627200] CURRENT SERVICE STATE: SRV_Cfiler.cass.cl;Procesos;OK;HARD;1;PROCS OK: 302 processes
[1693627200] CURRENT SERVICE STATE: SRV_Cfiler.cass.cl;Procesos Zombies;OK;HARD;1;PROCS OK: 0 processes with STATE = Z
[1693627200] CURRENT SERVICE STATE: SRV_Cfiler.cass.cl;Procs Apache;OK;HARD;1;PROCS OK: 11 processes with args 'apache2'
[1693627200] CURRENT SERVICE STATE: SRV_Cfiler.cass.cl;Serv Apache;OK;HARD;1;OK: Service apache is running!
[1693627200] CURRENT SERVICE STATE: SRV_Cfiler.cass.cl;Servicio General;OK;HARD;1;PING OK - Packet loss = 0%, RTA = 0.96 ms
[1693627200] CURRENT SERVICE STATE: SRV_Cfiler.cass.cl;Tiempo Activo;WARNING;HARD;3;Uptime WARNING: 136 day(s) 2 hour(s) 3 minute(s)
[1693627200] CURRENT SERVICE STATE: SRV_Cfiler.cass.cl;Usuarios Login;OK;HARD;1;USERS OK - 1 users currently logged in
[1693627200] CURRENT SERVICE STATE: SRV_Oraculo_cass.cl;Ping;CRITICAL;HARD;1;CRITICAL - Host Unreachable (10.0.2.6)
[1693627200] CURRENT SERVICE STATE: SRV_SOS2021.cass.cl;Actualizacion;OK;HARD;1;Updates OK : no updates available
[1693627200] CURRENT SERVICE STATE: SRV_SOS2021.cass.cl;Almacenamiento /;OK;HARD;1;DISK OK - free space: /var/tmp 118432 MiB (91.15% inode=-):
[1693627200] CURRENT SERVICE STATE: SRV_SOS2021.cass.cl;CPU;OK;HARD;1;OK - load average per CPU: 0.02, 0.01, 0.01
[1693627200] CURRENT SERVICE STATE: SRV_SOS2021.cass.cl;Memoria;OK;HARD;1;[MEMORY] Total: 7946 MB - Used: 1578 MB - 19% [SWAP] Total: 10239 MB - Used: 0 MB - 0%
[1693627200] CURRENT SERVICE STATE: SRV_SOS2021.cass.cl;Ping;OK;HARD;1;PING OK - Packet loss = 0%, RTA = 0.62 ms
[1693627200] CURRENT SERVICE STATE: SRV_SOS2021.cass.cl;Procesos;OK;HARD;1;PROCS OK: 308 processes
[1693627200] CURRENT SERVICE STATE: SRV_SOS2021.cass.cl;Procesos Zombies;OK;HARD;1;PROCS OK: 0 processes with STATE = Z
[1693627200] CURRENT SERVICE STATE: SRV_SOS2021.cass.cl;Tiempo Activo;OK;HARD;1;Uptime OK: 163 day(s) 11 hour(s) 36 minute(s)
[1693627200] CURRENT SERVICE STATE: SRV_SOS2021.cass.cl;Usuarios Login;OK;HARD;1;USERS OK - 0 users currently logged in
[1693627200] CURRENT SERVICE STATE: SRV_SUM;Ping;OK;HARD;1;PING OK - Packet loss = 0%, RTA = 0.70 ms
[1693627200] CURRENT SERVICE STATE: SRV_chat.cass.cl;Actualizacion;OK;HARD;1;Updates OK : no updates available
[1693627200] CURRENT SERVICE STATE: SRV_chat.cass.cl;Almacenamiento /;OK;HARD;1;DISK OK - free space: /var/tmp 971965 MiB (93.00% inode=-):
[1693627200] CURRENT SERVICE STATE: SRV_chat.cass.cl;CPU;OK;HARD;1;OK - load average per CPU: 0.20, 0.09, 0.06
[1693627200] CURRENT SERVICE STATE: SRV_chat.cass.cl;Memoria;OK;HARD;1;[MEMORY] Total: 7919 MB - Used: 3529 MB - 44% [SWAP] Total: 2048 MB - Used: 1094 MB - 53%
[1693627200] CURRENT SERVICE STATE: SRV_chat.cass.cl;Ping;OK;HARD;1;PING OK - Packet loss = 0%, RTA = 0.50 ms
[1693627200] CURRENT SERVICE STATE: SRV_chat.cass.cl;Proceso Docker;OK;HARD;1;PROCS OK: 0 processes with command name 'docker'
[1693627200] CURRENT SERVICE STATE: SRV_chat.cass.cl;Proceso Nginx;OK;HARD;1;PROCS OK: 3 processes with command name 'nginx'
[1693627200] CURRENT SERVICE STATE: SRV_chat.cass.cl;Procesos;OK;HARD;1;PROCS OK: 302 processes
[1693627200] CURRENT SERVICE STATE: SRV_chat.cass.cl;Procesos Zombies;OK;HARD;1;PROCS OK: 1 process with STATE = Z
[1693627200] CURRENT SERVICE STATE: SRV_chat.cass.cl;Puerto Contenedor;OK;HARD;1;TCP OK - 0.000 second response time on port 8000
[1693627200] CURRENT SERVICE STATE: SRV_chat.cass.cl;Puerto HTTP;OK;HARD;1;TCP OK - 0.000 second response time on port 80
[1693627200] CURRENT SERVICE STATE: SRV_chat.cass.cl;Puerto HTTPS;OK;HARD;1;TCP OK - 0.000 second response time on port 443
[1693627200] CURRENT SERVICE STATE: SRV_chat.cass.cl;Puerto Portainer;OK;HARD;1;TCP OK - 0.000 second response time on port 9443
[1693627200] CURRENT SERVICE STATE: SRV_chat.cass.cl;Servicio Docker;OK;HARD;1;OK: Service docker is running!
[1693627200] CURRENT SERVICE STATE: SRV_chat.cass.cl;Servicio Nginx;OK;HARD;1;OK: Service nginx is running!
[1693627200] CURRENT SERVICE STATE: SRV_chat.cass.cl;Usuarios Login;OK;HARD;1;USERS OK - 2 users currently logged in
[1693627200] CURRENT SERVICE STATE: SRV_email.cass.cl;Actualizacion;OK;HARD;1;Updates OK : no updates available
[1693627200] CURRENT SERVICE STATE: SRV_email.cass.cl;Almacenamiento /;OK;HARD;1;DISK OK - free space: /var/tmp 476370 MiB (94.03% inode=-):
[1693627200] CURRENT SERVICE STATE: SRV_email.cass.cl;Almacenamiento Mail;OK;HARD;1;DISK OK - free space: /mail 1805584 MiB (92.20% inode=99%):
[1693627200] CURRENT SERVICE STATE: SRV_email.cass.cl;Almacenamiento Mail2;OK;HARD;1;DISK OK - free space: /mail2 476484 MiB (99.83% inode=100%):
[1693627200] CURRENT SERVICE STATE: SRV_email.cass.cl;CPU;OK;HARD;1;OK - load average per CPU: 0.01, 0.01, 0.01
[1693627200] CURRENT SERVICE STATE: SRV_email.cass.cl;Correo Pop;OK;HARD;1;POP OK - 0.001 second response time on 10.0.2.25 port 110 [+OK GroupWise POP3 server ready]
[1693627200] CURRENT SERVICE STATE: SRV_email.cass.cl;Correo Smtp;OK;HARD;1;SMTP OK - 0.004 sec. response time
[1693627200] CURRENT SERVICE STATE: SRV_email.cass.cl;Memoria;OK;HARD;1;[MEMORY] Total: 11939 MB - Used: 2853 MB - 23% [SWAP] Total: 2048 MB - Used: 539 MB - 26%
[1693627200] CURRENT SERVICE STATE: SRV_email.cass.cl;Ping;OK;HARD;1;PING OK - Packet loss = 37%, RTA = 0.95 ms
[1693627200] CURRENT SERVICE STATE: SRV_email.cass.cl;Procesos;OK;HARD;1;PROCS OK: 309 processes
[1693627200] CURRENT SERVICE STATE: SRV_email.cass.cl;Procesos Zombies;OK;HARD;1;PROCS OK: 0 processes with STATE = Z
[1693627200] CURRENT SERVICE STATE: SRV_email.cass.cl;Tiempo Activo;OK;HARD;1;Uptime OK: 148 day(s) 10 hour(s) 46 minute(s)
[1693627200] CURRENT SERVICE STATE: SRV_email.cass.cl;Usuarios Login;OK;HARD;1;USERS OK - 1 users currently logged in
[1693627200] CURRENT SERVICE STATE: SRV_nagios;Actualizacion;OK;HARD;1;YUM OK: 0 Updates Available
[1693627200] CURRENT SERVICE STATE: SRV_nagios;CPU;OK;HARD;1;OK - load average: 0.03, 0.07, 0.05
[1693627200] CURRENT SERVICE STATE: SRV_nagios;Memoria;OK;HARD;1;[MEMORY] Total: 7740 MB - Used: 751 MB - 9% [SWAP] Total: 7935 MB - Used: 0 MB - 0%
[1693627200] CURRENT SERVICE STATE: SRV_nagios;PING;OK;HARD;1;PING OK - Packet loss = 0%, RTA = 0.08 ms
[1693627200] CURRENT SERVICE STATE: SRV_nagios;Procesos;OK;HARD;1;PROCS OK: 55 processes with STATE = RSZDT
[1693627200] CURRENT SERVICE STATE: SRV_nagios;Usarios Login;OK;HARD;1;USERS OK - 0 users currently logged in
[1693627200] CURRENT SERVICE STATE: SRV_sync.cass.cl;Ping;OK;HARD;1;PING OK - Packet loss = 0%, RTA = 0.98 ms
[1693627200] CURRENT SERVICE STATE: Servidor Vcenter;Ping;OK;HARD;1;PING OK - Packet loss = 0%, RTA = 0.58 ms
[1693627200] CURRENT SERVICE STATE: Servidores CASS;Ancho de Banda GE/1/0/3;OK;HARD;1;OK - Average IN: 7.44KB (0.01%), Average OUT: 9.05KB (0.01%)Total RX: 38380.27GBytes, Total TX: 85283.80GBytes
[1693627200] CURRENT SERVICE STATE: Servidores CASS;Estado Puerto 3;OK;HARD;1;OK: Interface GigabitEthernet1/0/3 (index 3) is up.
[1693627200] CURRENT SERVICE STATE: Servidores CASS;Estado Puerto 80;OK;HARD;1;TCP OK - 0.002 second response time on 10.0.0.17 port 80
[1693627200] CURRENT SERVICE STATE: Servidores CASS;Ping;OK;HARD;1;PING OK - Packet loss = 0%, RTA = 1.22 ms
[1693627200] CURRENT SERVICE STATE: Servidores CASS;Tiempo Activo;OK;HARD;1;SNMP OK - Timeticks: (1412596161) 163 days, 11:52:41.61
[1693627200] CURRENT SERVICE STATE: Ups Principal;Carga;OK;HARD;1;OK: Estimated battery charge 98%, approximately 0 minutes runtime remaining.
[1693627200] CURRENT SERVICE STATE: Ups Principal;Estado;OK;HARD;1;OK: Battery Status Normal.
[1693627200] CURRENT SERVICE STATE: Ups Principal;Ping;OK;HARD;1;PING OK - Packet loss = 0%, RTA = 0.67 ms
[1693627200] CURRENT SERVICE STATE: Ups Principal;Temperatura;OK;HARD;1;OK: Battery Temperature is 23 degrees C (73.4 degrees F).
[1693627200] CURRENT SERVICE STATE: Ups Principal;Tiempo Activo;OK;HARD;1;SNMP OK - Timeticks: (38344704) 4 days, 10:30:47.04
[1693627200] CURRENT SERVICE STATE: Veeam2023.cass.pmc;Actualizacion;CRITICAL;HARD;3;Updates: 4 critical, 0 optional
[1693627200] CURRENT SERVICE STATE: Veeam2023.cass.pmc;Almacenamiento;OK;HARD;1;c:\ - total: 99.33 Gb - used: 76.14 Gb (77%) - free 23.19 Gb (23%)
[1693627200] CURRENT SERVICE STATE: Veeam2023.cass.pmc;CPU;OK;HARD;1;CPU Load 13% (5 min average)
[1693627200] CURRENT SERVICE STATE: Veeam2023.cass.pmc;Memoria;OK;HARD;1;Memory usage: total:28159.25 MB - used: 13245.23 MB (47%) - free: 14914.03 MB (53%)
[1693627200] CURRENT SERVICE STATE: Veeam2023.cass.pmc;Ping;OK;HARD;1;PING OK - Packet loss = 0%, RTA = 1.88 ms
[1693627200] CURRENT SERVICE STATE: Veeam2023.cass.pmc;Tiempo Activo;OK;HARD;1;System Uptime - 4 day(s) 13 hour(s) 51 minute(s)
[1693627200] CURRENT SERVICE STATE: web_cass_cl;Certificado;OK;HARD;1;SSL OK - Certificate '*.cass.cl' will expire in 115 days on 2023-12-26 20:59 -0300/-03.
[1693627200] CURRENT SERVICE STATE: web_cass_cl;HTTP;OK;HARD;1;HTTP OK: HTTP/1.1 302 Found - 1079 bytes in 0.186 second response time
[1693630231] Auto-save of retention data completed successfully.
[1693630802] SERVICE ALERT: SRV_chat.cass.cl;Procesos;UNKNOWN;SOFT;1;CHECK_NRPE: Receive header underflow - only 0 bytes received (4 expected).
[1693630802] SERVICE ALERT: SRV_chat.cass.cl;Servicio Nginx;CRITICAL;SOFT;1;(No output on stdout) stderr: connect to address 10.0.0.92 port 5666: Connection refused
[1693630802] SERVICE ALERT: SRV_chat.cass.cl;Puerto HTTPS;CRITICAL;SOFT;1;(No output on stdout) stderr: connect to address 10.0.0.92 port 5666: Connection refused
[1693630922] SERVICE ALERT: SRV_chat.cass.cl;Servicio Nginx;OK;SOFT;2;OK: Service nginx is running!
[1693630922] SERVICE ALERT: SRV_chat.cass.cl;Puerto HTTPS;OK;SOFT;2;TCP OK - 0.000 second response time on port 443
[1693630922] SERVICE ALERT: SRV_chat.cass.cl;Procesos;OK;SOFT;2;PROCS OK: 305 processes
[1693633831] Auto-save of retention data completed successfully.
[1693637431] Auto-save of retention data completed successfully.
[1693638602] SERVICE ALERT: SRV_Cfiler.cass.cl;Procesos;UNKNOWN;SOFT;1;CHECK_NRPE: Receive header underflow - only 0 bytes received (4 expected).
[1693638722] SERVICE ALERT: SRV_Cfiler.cass.cl;Procesos;OK;SOFT;2;PROCS OK: 303 processes
[1693641031] Auto-save of retention data completed successfully.
[1693644631] Auto-save of retention data completed successfully.
[1693648201] SERVICE ALERT: SRV_Cfiler.cass.cl;Actualizacion;UNKNOWN;SOFT;1;CHECK_NRPE: Receive header underflow - only 0 bytes received (4 expected).
[1693648231] Auto-save of retention data completed successfully.
[1693648333] SERVICE ALERT: SRV_Cfiler.cass.cl;Actualizacion;OK;SOFT;2;Updates OK : no updates available
[1693651831] Auto-save of retention data completed successfully.
[1693655402] SERVICE ALERT: SRV_chat.cass.cl;Puerto HTTP;CRITICAL;SOFT;1;(No output on stdout) stderr: connect to address 10.0.0.92 port 5666: Connection refused
[1693655402] SERVICE ALERT: SRV_chat.cass.cl;Puerto HTTPS;CRITICAL;SOFT;1;(No output on stdout) stderr: connect to address 10.0.0.92 port 5666: Connection refused
[1693655431] Auto-save of retention data completed successfully.
[1693655522] SERVICE ALERT: SRV_chat.cass.cl;Puerto HTTP;OK;SOFT;2;TCP OK - 0.000 second response time on port 80
[1693655522] SERVICE ALERT: SRV_chat.cass.cl;Puerto HTTPS;OK;SOFT;2;TCP OK - 0.000 second response time on port 443
[1693658401] SERVICE ALERT: SRV_chat.cass.cl;Procesos;CRITICAL;SOFT;1;(No output on stdout) stderr: connect to address 10.0.0.92 port 5666: Connection refused
[1693658521] SERVICE ALERT: SRV_chat.cass.cl;Procesos;OK;SOFT;2;PROCS OK: 302 processes
[1693659002] SERVICE ALERT: SRV_Cfiler.cass.cl;Procesos;UNKNOWN;SOFT;1;CHECK_NRPE: Receive header underflow - only 0 bytes received (4 expected).
[1693659031] Auto-save of retention data completed successfully.
[1693659122] SERVICE ALERT: SRV_Cfiler.cass.cl;Procesos;OK;SOFT;2;PROCS OK: 303 processes
[1693662001] SERVICE ALERT: SRV_chat.cass.cl;Procesos;UNKNOWN;SOFT;1;CHECK_NRPE: Receive header underflow - only 0 bytes received (4 expected).
[1693662122] SERVICE ALERT: SRV_chat.cass.cl;Procesos;OK;SOFT;2;PROCS OK: 302 processes
[1693662631] Auto-save of retention data completed successfully.
[1693666231] Auto-save of retention data completed successfully.
[1693669831] Auto-save of retention data completed successfully.
[1693671001] SERVICE ALERT: SRV_chat.cass.cl;Procesos Zombies;UNKNOWN;SOFT;1;CHECK_NRPE: Receive header underflow - only 0 bytes received (4 expected).
[1693671121] SERVICE ALERT: SRV_chat.cass.cl;Procesos Zombies;OK;SOFT;2;PROCS OK: 1 process with STATE = Z
[1693673431] Auto-save of retention data completed successfully.
[1693676401] SERVICE ALERT: SRV_chat.cass.cl;Proceso Nginx;UNKNOWN;SOFT;1;CHECK_NRPE: Receive header underflow - only 0 bytes received (4 expected).
[1693676521] SERVICE ALERT: SRV_chat.cass.cl;Proceso Nginx;OK;SOFT;2;PROCS OK: 3 processes with command name 'nginx'
[1693677031] Auto-save of retention data completed successfully.
[1693677982] SERVICE ALERT: SRVADMIN.cass.pmc;Actualizacion;UNKNOWN;HARD;3;The command (check_updates) returned an invalid return code: 255
[1693678044] SERVICE ALERT: SRVADMIN.cass.pmc;Actualizacion;CRITICAL;HARD;3;Updates: 4 critical, 0 optional
[1693679401] SERVICE ALERT: SRV_chat.cass.cl;Proceso Nginx;UNKNOWN;SOFT;1;CHECK_NRPE: Receive header underflow - only 0 bytes received (4 expected).
[1693679521] SERVICE ALERT: SRV_chat.cass.cl;Proceso Nginx;OK;SOFT;2;PROCS OK: 3 processes with command name 'nginx'
[1693680631] Auto-save of retention data completed successfully.
[1693684231] Auto-save of retention data completed successfully.
[1693684801] SERVICE ALERT: SRV_chat.cass.cl;Procesos Zombies;UNKNOWN;SOFT;1;CHECK_NRPE: Receive header underflow - only 0 bytes received (4 expected).
[1693684921] SERVICE ALERT: SRV_chat.cass.cl;Procesos Zombies;OK;SOFT;2;PROCS OK: 1 process with STATE = Z
[1693685401] SERVICE ALERT: SRV_chat.cass.cl;Servicio Nginx;CRITICAL;SOFT;1;(No output on stdout) stderr: connect to address 10.0.0.92 port 5666: Connection refused
[1693685521] SERVICE ALERT: SRV_chat.cass.cl;Servicio Nginx;OK;SOFT;2;OK: Service nginx is running!
[1693687801] SERVICE ALERT: SRV_chat.cass.cl;Procesos Zombies;UNKNOWN;SOFT;1;CHECK_NRPE: Receive header underflow - only 0 bytes received (4 expected).
[1693687831] Auto-save of retention data completed successfully.
[1693687921] SERVICE ALERT: SRV_chat.cass.cl;Procesos Zombies;OK;SOFT;2;PROCS OK: 1 process with STATE = Z
[1693689601] SERVICE ALERT: SRV_chat.cass.cl;Proceso Nginx;UNKNOWN;SOFT;1;CHECK_NRPE: Receive header underflow - only 0 bytes received (4 expected).
[1693689721] SERVICE ALERT: SRV_chat.cass.cl;Proceso Nginx;OK;SOFT;2;PROCS OK: 3 processes with command name 'nginx'
[1693691431] Auto-save of retention data completed successfully.
[1693692601] SERVICE ALERT: SRV_chat.cass.cl;Servicio Nginx;CRITICAL;SOFT;1;CHECK_NRPE: Error - Could not connect to 10.0.0.92: Connection reset by peer
[1693692721] SERVICE ALERT: SRV_chat.cass.cl;Servicio Nginx;OK;SOFT;2;OK: Service nginx is running!
[1693695031] Auto-save of retention data completed successfully.
[1693695824] SERVICE ALERT: SRV_email.cass.cl;Actualizacion;CRITICAL;SOFT;1;CHECK_NRPE STATE CRITICAL: Socket timeout after 30 seconds.
[1693695824] SERVICE ALERT: SRV_SOS2021.cass.cl;Actualizacion;CRITICAL;SOFT;1;CHECK_NRPE STATE CRITICAL: Socket timeout after 30 seconds.
[1693695883] SERVICE ALERT: SRV_chat.cass.cl;Actualizacion;CRITICAL;SOFT;1;CHECK_NRPE STATE CRITICAL: Socket timeout after 30 seconds.
[1693695959] SERVICE ALERT: SRV_SOS2021.cass.cl;Actualizacion;OK;SOFT;2;Updates OK : no updates available
[1693695961] SERVICE ALERT: SRV_email.cass.cl;Actualizacion;OK;SOFT;2;Updates OK : no updates available
[1693696015] SERVICE ALERT: SRV_chat.cass.cl;Actualizacion;OK;SOFT;2;Updates OK : no updates available
[1693696201] SERVICE ALERT: SRV_chat.cass.cl;Proceso Nginx;CRITICAL;SOFT;1;(No output on stdout) stderr: connect to address 10.0.0.92 port 5666: Connection refused
[1693696201] SERVICE ALERT: SRV_chat.cass.cl;Actualizacion;UNKNOWN;SOFT;1;CHECK_NRPE: Receive header underflow - only 0 bytes received (4 expected).
[1693696201] SERVICE ALERT: SRV_email.cass.cl;Actualizacion;UNKNOWN;SOFT;1;CHECK_NRPE: Receive header underflow - only 0 bytes received (4 expected).
[1693696202] SERVICE ALERT: SRV_SOS2021.cass.cl;Actualizacion;UNKNOWN;SOFT;1;CHECK_NRPE: Receive header underflow - only 0 bytes received (4 expected).
[1693696321] SERVICE ALERT: SRV_chat.cass.cl;Proceso Nginx;OK;SOFT;2;PROCS OK: 3 processes with command name 'nginx'
[1693696334] SERVICE ALERT: SRV_SOS2021.cass.cl;Actualizacion;OK;SOFT;2;Updates OK : no updates available
[1693696334] SERVICE ALERT: SRV_email.cass.cl;Actualizacion;OK;SOFT;2;Updates OK : no updates available
[1693696334] SERVICE ALERT: SRV_chat.cass.cl;Actualizacion;OK;SOFT;2;Updates OK : no updates available
[1693698601] SERVICE ALERT: SRV_chat.cass.cl;Proceso Nginx;UNKNOWN;SOFT;1;CHECK_NRPE: Receive header underflow - only 0 bytes received (4 expected).
[1693698601] SERVICE ALERT: SRV_chat.cass.cl;Puerto HTTPS;CRITICAL;SOFT;1;CHECK_NRPE: Error - Could not connect to 10.0.0.92: Connection reset by peer
[1693698601] SERVICE ALERT: SRV_chat.cass.cl;Puerto HTTP;UNKNOWN;SOFT;1;CHECK_NRPE: Receive header underflow - only 0 bytes received (4 expected).
[1693698631] Auto-save of retention data completed successfully.
[1693698721] SERVICE ALERT: SRV_chat.cass.cl;Puerto HTTPS;OK;SOFT;2;TCP OK - 0.000 second response time on port 443
[1693698721] SERVICE ALERT: SRV_chat.cass.cl;Puerto HTTP;OK;SOFT;2;TCP OK - 0.000 second response time on port 80
[1693698721] SERVICE ALERT: SRV_chat.cass.cl;Proceso Nginx;OK;SOFT;2;PROCS OK: 3 processes with command name 'nginx'
[1693699201] SERVICE ALERT: SRV_chat.cass.cl;Servicio Nginx;UNKNOWN;SOFT;1;CHECK_NRPE: Receive header underflow - only 0 bytes received (4 expected).
[1693699321] SERVICE ALERT: SRV_chat.cass.cl;Servicio Nginx;OK;SOFT;2;OK: Service nginx is running!
[1693699801] SERVICE ALERT: SRV_chat.cass.cl;Puerto HTTPS;UNKNOWN;SOFT;1;CHECK_NRPE: Receive header underflow - only 0 bytes received (4 expected).
[1693699801] SERVICE ALERT: SRV_chat.cass.cl;Puerto HTTP;UNKNOWN;SOFT;1;CHECK_NRPE: Receive header underflow - only 0 bytes received (4 expected).
[1693699921] SERVICE ALERT: SRV_chat.cass.cl;Puerto HTTPS;OK;SOFT;2;TCP OK - 0.000 second response time on port 443
[1693699921] SERVICE ALERT: SRV_chat.cass.cl;Puerto HTTP;OK;SOFT;2;TCP OK - 0.000 second response time on port 80
[1693700402] SERVICE ALERT: SRV_chat.cass.cl;Procesos;UNKNOWN;SOFT;1;CHECK_NRPE: Receive header underflow - only 0 bytes received (4 expected).
[1693700522] SERVICE ALERT: SRV_chat.cass.cl;Procesos;OK;SOFT;2;PROCS OK: 303 processes
[1693702231] Auto-save of retention data completed successfully.
[1693704601] SERVICE ALERT: SRV_chat.cass.cl;Servicio Nginx;CRITICAL;SOFT;1;(No output on stdout) stderr: connect to address 10.0.0.92 port 5666: Connection refused
[1693704721] SERVICE ALERT: SRV_chat.cass.cl;Servicio Nginx;OK;SOFT;2;OK: Service nginx is running!
[1693705831] Auto-save of retention data completed successfully.
[1693706401] SERVICE ALERT: SRV_chat.cass.cl;Puerto HTTPS;UNKNOWN;SOFT;1;CHECK_NRPE: Receive header underflow - only 0 bytes received (4 expected).
[1693706521] SERVICE ALERT: SRV_chat.cass.cl;Puerto HTTPS;OK;SOFT;2;TCP OK - 0.000 second response time on port 443
[1693707001] SERVICE ALERT: SRV_chat.cass.cl;Puerto HTTPS;CRITICAL;SOFT;1;(No output on stdout) stderr: connect to address 10.0.0.92 port 5666: Connection refused
[1693707121] SERVICE ALERT: SRV_chat.cass.cl;Puerto HTTPS;OK;SOFT;2;TCP OK - 0.000 second response time on port 443
[1693707601] SERVICE ALERT: SRV_chat.cass.cl;Puerto HTTP;CRITICAL;SOFT;1;(No output on stdout) stderr: connect to address 10.0.0.92 port 5666: Connection refused
[1693707721] SERVICE ALERT: SRV_chat.cass.cl;Puerto HTTP;OK;SOFT;2;TCP OK - 0.000 second response time on port 80
[1693708801] SERVICE ALERT: SRV_chat.cass.cl;Puerto HTTP;CRITICAL;SOFT;1;(No output on stdout) stderr: connect to address 10.0.0.92 port 5666: Connection refused
[1693708921] SERVICE ALERT: SRV_chat.cass.cl;Puerto HTTP;OK;SOFT;2;TCP OK - 0.000 second response time on port 80
[1693709431] Auto-save of retention data completed successfully.
[1693711201] SERVICE ALERT: SRV_chat.cass.cl;Puerto HTTP;CRITICAL;SOFT;1;(No output on stdout) stderr: connect to address 10.0.0.92 port 5666: Connection refused
[1693711321] SERVICE ALERT: SRV_chat.cass.cl;Puerto HTTP;OK;SOFT;2;TCP OK - 0.000 second response time on port 80
[1693712401] SERVICE ALERT: SRV_chat.cass.cl;Puerto HTTP;CRITICAL;SOFT;1;(No output on stdout) stderr: connect to address 10.0.0.92 port 5666: Connection refused
[1693712521] SERVICE ALERT: SRV_chat.cass.cl;Puerto HTTP;OK;SOFT;2;TCP OK - 0.000 second response time on port 80
[1693713031] Auto-save of retention data completed successfully.
