[1717214400] LOG ROTATION: DAILY
[1717214400] LOG VERSION: 2.0
[1717214400] CURRENT HOST STATE: ADL Diagnostic;UP;HARD;1;PING OK - Packet loss = 0%, RTA = 61.62 ms
[1717214400] CURRENT HOST STATE: Blueshell;UP;HARD;1;PING OK - Packet loss = 0%, RTA = 22.63 ms
[1717214400] CURRENT HOST STATE: Cass Entel;UP;HARD;1;PING OK - Packet loss = 0%, RTA = 0.42 ms
[1717214400] CURRENT HOST STATE: Cass Telsur;UP;HARD;1;PING OK - Packet loss = 0%, RTA = 1.63 ms
[1717214400] CURRENT HOST STATE: Clinica PV Movistar;UP;HARD;1;PING OK - Packet loss = 0%, RTA = 56.91 ms
[1717214400] CURRENT HOST STATE: Clinica PV Telsur;UP;HARD;1;PING OK - Packet loss = 0%, RTA = 25.90 ms
[1717214400] CURRENT HOST STATE: Confe;UP;HARD;1;PING OK - Packet loss = 0%, RTA = 60.80 ms
[1717214400] CURRENT HOST STATE: Electric Works;UP;HARD;1;PING OK - Packet loss = 0%, RTA = 56.65 ms
[1717214400] CURRENT HOST STATE: Exper03.exxperience.cl;UP;HARD;1;PING OK - Packet loss = 0%, RTA = 2.14 ms
[1717214400] CURRENT HOST STATE: Ext Entel;UP;HARD;1;PING OK - Packet loss = 0%, RTA = 0.41 ms
[1717214400] CURRENT HOST STATE: Ext Telsur;UP;HARD;1;PING OK - Packet loss = 28%, RTA = 2.14 ms
[1717214400] CURRENT HOST STATE: FW ADL Diagnostic;UP;HARD;1;PING OK - Packet loss = 0%, RTA = 56.21 ms
[1717214400] CURRENT HOST STATE: FW Blueshell;UP;HARD;1;PING OK - Packet loss = 0%, RTA = 28.36 ms
[1717214400] CURRENT HOST STATE: FW Cass Entel;UP;HARD;1;PING OK - Packet loss = 16%, RTA = 51.97 ms
[1717214400] CURRENT HOST STATE: FW Cass Telsur;UP;HARD;1;PING OK - Packet loss = 16%, RTA = 0.34 ms
[1717214400] CURRENT HOST STATE: FW Clinica PV Movistar;UP;HARD;1;PING OK - Packet loss = 0%, RTA = 57.77 ms
[1717214400] CURRENT HOST STATE: FW Clinica PV Telsur;UP;HARD;1;PING OK - Packet loss = 0%, RTA = 25.83 ms
[1717214400] CURRENT HOST STATE: FW Confe;UP;HARD;1;PING OK - Packet loss = 0%, RTA = 61.18 ms
[1717214400] CURRENT HOST STATE: FW Electric Works;UP;HARD;1;PING OK - Packet loss = 0%, RTA = 55.03 ms
[1717214400] CURRENT HOST STATE: FW Gore Los Lagos;UP;HARD;1;PING OK - Packet loss = 58%, RTA = 23.36 ms
[1717214400] CURRENT HOST STATE: FW OyC;UP;HARD;1;PING OK - Packet loss = 0%, RTA = 69.11 ms
[1717214400] CURRENT HOST STATE: FW Pasmar;UP;HARD;1;PING OK - Packet loss = 28%, RTA = 24.45 ms
[1717214400] CURRENT HOST STATE: Gore Los Lagos;UP;HARD;1;PING OK - Packet loss = 0%, RTA = 22.56 ms
[1717214400] CURRENT HOST STATE: Host-10.0.0.120;UP;HARD;1;PING OK - Packet loss = 0%, RTA = 0.61 ms
[1717214400] CURRENT HOST STATE: Host-10.0.0.121;UP;HARD;1;PING OK - Packet loss = 0%, RTA = 0.53 ms
[1717214400] CURRENT HOST STATE: Host-10.0.0.124;UP;HARD;1;PING OK - Packet loss = 0%, RTA = 0.66 ms
[1717214400] CURRENT HOST STATE: Internet;UP;HARD;1;PING OK - Packet loss = 0%, RTA = 44.72 ms
[1717214400] CURRENT HOST STATE: OyC Entel;UP;HARD;1;PING OK - Packet loss = 0%, RTA = 67.37 ms
[1717214400] CURRENT HOST STATE: OyC Teledata;UP;HARD;1;PING OK - Packet loss = 0%, RTA = 66.99 ms
[1717214400] CURRENT HOST STATE: Pasmar;UP;HARD;1;PING OK - Packet loss = 0%, RTA = 19.09 ms
[1717214400] CURRENT HOST STATE: Qnap NAS;UP;HARD;1;PING OK - Packet loss = 0%, RTA = 0.28 ms
[1717214400] CURRENT HOST STATE: SRV01USER_cass.cl;UP;HARD;1;PING OK - Packet loss = 0%, RTA = 2.58 ms
[1717214400] CURRENT HOST STATE: SRV04AD01.cass.cl;UP;HARD;1;PING OK - Packet loss = 0%, RTA = 1.20 ms
[1717214400] CURRENT HOST STATE: SRV05AD02_cass.cl;UP;HARD;1;PING OK - Packet loss = 0%, RTA = 1.49 ms
[1717214400] CURRENT HOST STATE: SRV05AD2_cass.pmc;UP;HARD;1;PING OK - Packet loss = 0%, RTA = 1.64 ms
[1717214400] CURRENT HOST STATE: SRV11VIBE_cass.cl;UP;HARD;1;PING OK - Packet loss = 50%, RTA = 0.72 ms
[1717214400] CURRENT HOST STATE: SRVAD1.cass.pmc;UP;HARD;1;PING OK - Packet loss = 0%, RTA = 2.13 ms
[1717214400] CURRENT HOST STATE: SRVAD2.cass.pmc;UP;HARD;1;PING OK - Packet loss = 0%, RTA = 1.72 ms
[1717214400] CURRENT HOST STATE: SRVADMIN.cass.pmc;UP;HARD;1;PING OK - Packet loss = 0%, RTA = 1.57 ms
[1717214400] CURRENT HOST STATE: SRVCONT.cass.cl;UP;HARD;1;PING OK - Packet loss = 0%, RTA = 4.23 ms
[1717214400] CURRENT HOST STATE: SRVDC01_cass.pmc;UP;HARD;1;PING OK - Packet loss = 0%, RTA = 1.10 ms
[1717214400] CURRENT HOST STATE: SRVDC1.cass.pmc;UP;HARD;1;PING OK - Packet loss = 0%, RTA = 1.63 ms
[1717214400] CURRENT HOST STATE: SRVDNS;UP;HARD;1;PING OK - Packet loss = 37%, RTA = 0.86 ms
[1717214400] CURRENT HOST STATE: SRVWEB_cass.cl;UP;HARD;1;PING OK - Packet loss = 0%, RTA = 1.09 ms
[1717214400] CURRENT HOST STATE: SRV_Cfiler.cass.cl;UP;HARD;1;PING OK - Packet loss = 0%, RTA = 0.68 ms
[1717214400] CURRENT HOST STATE: SRV_GLPI;UP;HARD;1;PING OK - Packet loss = 0%, RTA = 0.80 ms
[1717214400] CURRENT HOST STATE: SRV_GXConsultores;UP;HARD;1;PING OK - Packet loss = 0%, RTA = 0.91 ms
[1717214400] CURRENT HOST STATE: SRV_Oraculo_cass.cl;UP;HARD;1;PING OK - Packet loss = 44%, RTA = 0.75 ms
[1717214400] CURRENT HOST STATE: SRV_Prometheus;UP;HARD;1;PING OK - Packet loss = 0%, RTA = 0.75 ms
[1717214400] CURRENT HOST STATE: SRV_SOS2021.cass.cl;UP;HARD;1;PING OK - Packet loss = 0%, RTA = 0.63 ms
[1717214400] CURRENT HOST STATE: SRV_SUM;UP;HARD;1;PING OK - Packet loss = 0%, RTA = 0.65 ms
[1717214400] CURRENT HOST STATE: SRV_Sharepoint;DOWN;HARD;10;CRITICAL - Host Unreachable (10.0.0.89)
[1717214400] CURRENT HOST STATE: SRV_Soporte;UP;HARD;1;PING OK - Packet loss = 0%, RTA = 2.30 ms
[1717214400] CURRENT HOST STATE: SRV_VeeamOne;DOWN;HARD;10;CRITICAL - Host Unreachable (10.0.0.101)
[1717214400] CURRENT HOST STATE: SRV_chat.cass.cl;UP;HARD;1;PING OK - Packet loss = 0%, RTA = 0.59 ms
[1717214400] CURRENT HOST STATE: SRV_email.cass.cl;UP;HARD;1;PING OK - Packet loss = 0%, RTA = 0.91 ms
[1717214400] CURRENT HOST STATE: SRV_nagios;UP;HARD;1;PING OK - Packet loss = 0%, RTA = 0.09 ms
[1717214400] CURRENT HOST STATE: SRV_sync.cass.cl;UP;HARD;1;PING OK - Packet loss = 0%, RTA = 0.81 ms
[1717214400] CURRENT HOST STATE: Servidor Vcenter;UP;HARD;1;PING OK - Packet loss = 0%, RTA = 1.00 ms
[1717214400] CURRENT HOST STATE: Servidores CASS;DOWN;HARD;10;CRITICAL - Host Unreachable (10.0.0.17)
[1717214400] CURRENT HOST STATE: Ups Principal;UNREACHABLE;HARD;10;CRITICAL - Host Unreachable (192.168.10.19)
[1717214400] CURRENT HOST STATE: Veeam2023.cass.pmc;UP;HARD;1;PING OK - Packet loss = 0%, RTA = 3.00 ms
[1717214400] CURRENT HOST STATE: web_cass_cl;UP;HARD;1;PING OK - Packet loss = 0%, RTA = 0.46 ms
[1717214400] CURRENT SERVICE STATE: ADL Diagnostic;Ping;OK;HARD;1;PING OK - Packet loss = 0%, RTA = 60.70 ms
[1717214400] CURRENT SERVICE STATE: Blueshell;Ping;OK;HARD;1;PING OK - Packet loss = 0%, RTA = 26.13 ms
[1717214400] CURRENT SERVICE STATE: Clinica PV Movistar;Ping;OK;HARD;1;PING OK - Packet loss = 16%, RTA = 52.71 ms
[1717214400] CURRENT SERVICE STATE: Confe;Ping;OK;HARD;1;PING OK - Packet loss = 0%, RTA = 59.51 ms
[1717214400] CURRENT SERVICE STATE: Electric Works;Ping;OK;HARD;1;PING OK - Packet loss = 0%, RTA = 58.65 ms
[1717214400] CURRENT SERVICE STATE: Ext Telsur;Ping;OK;HARD;1;PING OK - Packet loss = 0%, RTA = 1.87 ms
[1717214400] CURRENT SERVICE STATE: FW ADL Diagnostic;Ping;OK;HARD;1;PING OK - Packet loss = 0%, RTA = 57.55 ms
[1717214400] CURRENT SERVICE STATE: FW Blueshell;Ping;OK;HARD;1;PING OK - Packet loss = 0%, RTA = 22.46 ms
[1717214400] CURRENT SERVICE STATE: FW Cass Entel;Ping;OK;HARD;1;PING OK - Packet loss = 28%, RTA = 56.87 ms
[1717214400] CURRENT SERVICE STATE: FW Cass Telsur;Ancho de Banda DMZ;OK;HARD;1;OK - Average IN: 7.94KB (0.01%), Average OUT: 4.93KB (0.00%)Total RX: 4.47GBytes, Total TX: 2.80GBytes
[1717214400] CURRENT SERVICE STATE: FW Cass Telsur;Ancho de Banda LAN;OK;HARD;1;OK - Average IN: 816.30B (0.00%), Average OUT: 1.67KB (0.00%)Total RX: 84.11GBytes, Total TX: 92.22GBytes
[1717214400] CURRENT SERVICE STATE: FW Cass Telsur;Ancho de Banda WAN;OK;HARD;1;OK - Average IN: 225.14KB (0.18%), Average OUT: 12.21MB (9.77%)Total RX: 338.91GBytes, Total TX: 852.11GBytes
[1717214400] CURRENT SERVICE STATE: FW Cass Telsur;Estado Puerto DMZ;OK;HARD;1;OK: Interface eth2 (index 4) is up.
[1717214400] CURRENT SERVICE STATE: FW Cass Telsur;Estado Puerto LAN;OK;HARD;1;OK: Interface eth0 (index 2) is up.
[1717214400] CURRENT SERVICE STATE: FW Cass Telsur;Estado Puerto WAN;OK;HARD;1;OK: Interface eth1 (index 3) is up.
[1717214400] CURRENT SERVICE STATE: FW Cass Telsur;Estado TCP Sophos;OK;HARD;1;TCP OK - 0.000 second response time on 201.220.96.34 port 4444
[1717214400] CURRENT SERVICE STATE: FW Cass Telsur;Ping;OK;HARD;1;PING OK - Packet loss = 0%, RTA = 0.34 ms
[1717214400] CURRENT SERVICE STATE: FW Cass Telsur;Tiempo Activo;OK;HARD;1;SNMP OK - Timeticks: (28307080) 3 days, 6:37:50.80
[1717214400] CURRENT SERVICE STATE: FW Clinica PV Movistar;Ping;OK;HARD;1;PING OK - Packet loss = 0%, RTA = 57.15 ms
[1717214400] CURRENT SERVICE STATE: FW Confe;Ping;OK;HARD;1;PING OK - Packet loss = 0%, RTA = 53.58 ms
[1717214400] CURRENT SERVICE STATE: FW Electric Works;Ping;OK;HARD;1;PING OK - Packet loss = 28%, RTA = 57.01 ms
[1717214400] CURRENT SERVICE STATE: FW Gore Los Lagos;Ping;OK;HARD;1;PING OK - Packet loss = 0%, RTA = 26.45 ms
[1717214400] CURRENT SERVICE STATE: FW Pasmar;Ping;OK;HARD;1;PING OK - Packet loss = 16%, RTA = 22.33 ms
[1717214400] CURRENT SERVICE STATE: Gore Los Lagos;Ping;OK;HARD;1;PING OK - Packet loss = 16%, RTA = 23.43 ms
[1717214400] CURRENT SERVICE STATE: Host-10.0.0.120;Ping;OK;HARD;1;PING OK - Packet loss = 0%, RTA = 0.47 ms
[1717214400] CURRENT SERVICE STATE: Host-10.0.0.121;Ping;OK;HARD;1;PING OK - Packet loss = 0%, RTA = 0.47 ms
[1717214400] CURRENT SERVICE STATE: Pasmar;Ping;OK;HARD;1;PING OK - Packet loss = 16%, RTA = 25.74 ms
[1717214400] CURRENT SERVICE STATE: Qnap NAS;Almacenamiento;OK;HARD;1;OK: Total:50TB - Used:36TB - Free:13TB - Used Space: 72%
[1717214400] CURRENT SERVICE STATE: Qnap NAS;Estado;OK;HARD;1;Power Supply #1 - OK: GOOD
[1717214400] CURRENT SERVICE STATE: Qnap NAS;Memoria;OK;HARD;1;OK: Total:3830MB - Used:1289MB - Free:2541MB = 34%
[1717214400] CURRENT SERVICE STATE: Qnap NAS;Sysinfo;OK;HARD;1;NAS Cloud, Model TS-879U-RP, Firmware 4.3.6, Max HD number 8, No. Volume 2
[1717214400] CURRENT SERVICE STATE: Qnap NAS;Temperatura;OK;HARD;1;OK: Temperature=35C
[1717214400] CURRENT SERVICE STATE: Qnap NAS;Tiempo Activo;OK;HARD;1;SNMP OK - Timeticks: (117259060) 13 days, 13:43:10.60
[1717214400] CURRENT SERVICE STATE: SRV01USER_cass.cl;Actualizacion;CRITICAL;HARD;3;Updates: 2 critical, 0 optional
[1717214400] CURRENT SERVICE STATE: SRV01USER_cass.cl;Almacenamiento C;WARNING;HARD;3;c:\ - total: 119.40 Gb - used: 101.84 Gb (85%) - free 17.56 Gb (15%)
[1717214400] CURRENT SERVICE STATE: SRV01USER_cass.cl;Almacenamiento U;OK;HARD;1;u:\ - total: 1023.98 Gb - used: 228.16 Gb (22%) - free 795.82 Gb (78%)
[1717214400] CURRENT SERVICE STATE: SRV01USER_cass.cl;CPU;OK;HARD;1;CPU Load 2% (5 min average)
[1717214400] CURRENT SERVICE STATE: SRV01USER_cass.cl;Memoria;OK;HARD;1;Memory usage: total:23551.21 MB - used: 11139.69 MB (47%) - free: 12411.53 MB (53%)
[1717214400] CURRENT SERVICE STATE: SRV01USER_cass.cl;Ping;OK;HARD;1;PING OK - Packet loss = 0%, RTA = 2.47 ms
[1717214400] CURRENT SERVICE STATE: SRV01USER_cass.cl;Tiempo Activo;OK;HARD;1;System Uptime - 1 day(s) 7 hour(s) 46 minute(s)
[1717214400] CURRENT SERVICE STATE: SRV04AD01.cass.cl;Ping;OK;HARD;1;PING OK - Packet loss = 0%, RTA = 1.27 ms
[1717214400] CURRENT SERVICE STATE: SRV05AD02_cass.cl;Ping;OK;HARD;1;PING OK - Packet loss = 0%, RTA = 1.76 ms
[1717214400] CURRENT SERVICE STATE: SRV11VIBE_cass.cl;Actualizacion;CRITICAL;HARD;3;Updates CRITICAL : discontinued OS Release SLE 15.1: At least one of your Repositories might be out of date. Please run "zypper refresh" as root to update it.  3 security update(s): 1 recommended update(s):  2 package update(s):
[1717214400] CURRENT SERVICE STATE: SRV11VIBE_cass.cl;Almacenamiento /;OK;HARD;1;DISK OK - free space: /var/tmp 78568 MiB (85.72% inode=-):
[1717214400] CURRENT SERVICE STATE: SRV11VIBE_cass.cl;CPU;OK;HARD;1;OK - load average per CPU: 0.01, 0.01, 0.00
[1717214400] CURRENT SERVICE STATE: SRV11VIBE_cass.cl;Memoria;OK;HARD;1;[MEMORY] Total: 7693 MB - Used: 2368 MB - 30% [SWAP] Total: 7944 MB - Used: 0 MB - 0%
[1717214400] CURRENT SERVICE STATE: SRV11VIBE_cass.cl;Ping;OK;HARD;1;PING OK - Packet loss = 0%, RTA = 1.04 ms
[1717214400] CURRENT SERVICE STATE: SRV11VIBE_cass.cl;Proceso Vibe;OK;HARD;1;PROCS OK: 0 processes with command name 'vibe'
[1717214400] CURRENT SERVICE STATE: SRV11VIBE_cass.cl;Procesos;OK;HARD;1;PROCS OK: 269 processes
[1717214400] CURRENT SERVICE STATE: SRV11VIBE_cass.cl;Procesos Zombies;OK;HARD;1;PROCS OK: 0 processes with STATE = Z
[1717214400] CURRENT SERVICE STATE: SRV11VIBE_cass.cl;Puerto HTTP;OK;HARD;1;TCP OK - 0.000 second response time on 10.0.2.13 port 80
[1717214400] CURRENT SERVICE STATE: SRV11VIBE_cass.cl;Puerto HTTPS;OK;HARD;1;TCP OK - 0.000 second response time on 10.0.2.13 port 443
[1717214400] CURRENT SERVICE STATE: SRV11VIBE_cass.cl;Servicio Vibe;OK;HARD;1;OK: Service vibe is running!
[1717214400] CURRENT SERVICE STATE: SRV11VIBE_cass.cl;Tiempo Activo;OK;HARD;1;Uptime OK: 13 day(s) 14 hour(s) 23 minute(s)
[1717214400] CURRENT SERVICE STATE: SRV11VIBE_cass.cl;Usuarios Login;OK;HARD;1;USERS OK - 0 users currently logged in
[1717214400] CURRENT SERVICE STATE: SRVAD1.cass.pmc;Ping;OK;HARD;1;PING OK - Packet loss = 0%, RTA = 1.72 ms
[1717214400] CURRENT SERVICE STATE: SRVAD2.cass.pmc;Ping;OK;HARD;1;PING OK - Packet loss = 0%, RTA = 1.61 ms
[1717214400] CURRENT SERVICE STATE: SRVADMIN.cass.pmc;Actualizacion;OK;HARD;1;OK - no pending updates.
[1717214400] CURRENT SERVICE STATE: SRVADMIN.cass.pmc;Almacenamiento;OK;HARD;1;c:\ - total: 299.66 Gb - used: 162.84 Gb (54%) - free 136.82 Gb (46%)
[1717214400] CURRENT SERVICE STATE: SRVADMIN.cass.pmc;CPU;OK;HARD;1;CPU Load 1% (5 min average)
[1717214400] CURRENT SERVICE STATE: SRVADMIN.cass.pmc;Memoria;OK;HARD;1;Memory usage: total:16511.56 MB - used: 8775.97 MB (53%) - free: 7735.59 MB (47%)
[1717214400] CURRENT SERVICE STATE: SRVADMIN.cass.pmc;Ping;OK;HARD;1;PING OK - Packet loss = 0%, RTA = 1.78 ms
[1717214400] CURRENT SERVICE STATE: SRVADMIN.cass.pmc;Tiempo Activo;OK;HARD;1;System Uptime - 13 day(s) 13 hour(s) 25 minute(s)
[1717214400] CURRENT SERVICE STATE: SRVCONT.cass.cl;Actualizacion;OK;HARD;1;OK - no pending updates.
[1717214400] CURRENT SERVICE STATE: SRVCONT.cass.cl;Almacenamiento;OK;HARD;1;c:\ - total: 299.33 Gb - used: 60.23 Gb (20%) - free 239.10 Gb (80%)
[1717214400] CURRENT SERVICE STATE: SRVCONT.cass.cl;CPU;OK;HARD;1;CPU Load 3% (5 min average)
[1717214400] CURRENT SERVICE STATE: SRVCONT.cass.cl;Memoria;OK;HARD;1;Memory usage: total:13604.96 MB - used: 3283.62 MB (24%) - free: 10321.34 MB (76%)
[1717214400] CURRENT SERVICE STATE: SRVCONT.cass.cl;Ping;OK;HARD;1;PING OK - Packet loss = 0%, RTA = 4.17 ms
[1717214400] CURRENT SERVICE STATE: SRVCONT.cass.cl;Tiempo Activo;OK;HARD;1;System Uptime - 1 day(s) 0 hour(s) 19 minute(s)
[1717214400] CURRENT SERVICE STATE: SRVDC1.cass.pmc;Ping;OK;HARD;1;PING OK - Packet loss = 0%, RTA = 1.64 ms
[1717214400] CURRENT SERVICE STATE: SRVDNS;Ping;OK;HARD;1;PING OK - Packet loss = 0%, RTA = 0.69 ms
[1717214400] CURRENT SERVICE STATE: SRVWEB_cass.cl;Ping;OK;HARD;1;PING OK - Packet loss = 0%, RTA = 0.86 ms
[1717214400] CURRENT SERVICE STATE: SRV_Cfiler.cass.cl;Actualizacion;OK;HARD;1;Updates OK : no updates available
[1717214400] CURRENT SERVICE STATE: SRV_Cfiler.cass.cl;Almacenamiento /;CRITICAL;HARD;3;DISK CRITICAL - free space: / 0 MB (0% inode=-)]:
[1717214400] CURRENT SERVICE STATE: SRV_Cfiler.cass.cl;CPU;OK;HARD;1;OK - load average: 0.19, 0.16, 0.11
[1717214400] CURRENT SERVICE STATE: SRV_Cfiler.cass.cl;Http;OK;HARD;1;TCP OK - 0.000 second response time on port 80
[1717214400] CURRENT SERVICE STATE: SRV_Cfiler.cass.cl;Https;OK;HARD;1;TCP OK - 0.000 second response time on port 443
[1717214400] CURRENT SERVICE STATE: SRV_Cfiler.cass.cl;Memoria;OK;HARD;1;[MEMORY] Total: 3893 MB - Used: 1773 MB - 45% [SWAP] Total: 2047 MB - Used: 118 MB - 5%
[1717214400] CURRENT SERVICE STATE: SRV_Cfiler.cass.cl;Procesos;OK;HARD;1;PROCS OK: 334 processes
[1717214400] CURRENT SERVICE STATE: SRV_Cfiler.cass.cl;Procesos Zombies;OK;HARD;1;PROCS OK: 0 processes with STATE = Z
[1717214400] CURRENT SERVICE STATE: SRV_Cfiler.cass.cl;Procs Apache;OK;HARD;1;PROCS OK: 12 processes with args 'apache2'
[1717214400] CURRENT SERVICE STATE: SRV_Cfiler.cass.cl;Serv Apache;OK;HARD;1;OK: Service apache is running!
[1717214400] CURRENT SERVICE STATE: SRV_Cfiler.cass.cl;Servicio General;OK;HARD;1;PING OK - Packet loss = 0%, RTA = 0.75 ms
[1717214400] CURRENT SERVICE STATE: SRV_Cfiler.cass.cl;Tiempo Activo;OK;HARD;1;Uptime OK: 13 day(s) 13 hour(s) 14 minute(s)
[1717214400] CURRENT SERVICE STATE: SRV_Cfiler.cass.cl;Usuarios Login;OK;HARD;1;USERS OK - 1 users currently logged in
[1717214400] CURRENT SERVICE STATE: SRV_GLPI;Agentes;UNKNOWN;HARD;3;UNKNOWN: An error occured connecting to API. (Connection error: '[Errno 111] Connection refused')
[1717214400] CURRENT SERVICE STATE: SRV_GLPI;CPU;UNKNOWN;HARD;3;UNKNOWN: An error occured connecting to API. (Connection error: '[Errno 111] Connection refused')
[1717214400] CURRENT SERVICE STATE: SRV_GLPI;Http;OK;HARD;1;HTTP OK: HTTP/1.1 301 Moved Permanently - 364 bytes in 0.001 second response time
[1717214400] CURRENT SERVICE STATE: SRV_GLPI;Memoria;UNKNOWN;HARD;3;UNKNOWN: An error occured connecting to API. (Connection error: '[Errno 111] Connection refused')
[1717214400] CURRENT SERVICE STATE: SRV_GLPI;Usuarios Login;CRITICAL;HARD;3;(No output on stdout) stderr: connect to address 10.0.0.106 port 5666: Connection refused
[1717214400] CURRENT SERVICE STATE: SRV_Oraculo_cass.cl;Ping;OK;HARD;1;PING OK - Packet loss = 50%, RTA = 0.76 ms
[1717214400] CURRENT SERVICE STATE: SRV_SOS2021.cass.cl;Actualizacion;OK;HARD;1;Updates OK : no updates available
[1717214400] CURRENT SERVICE STATE: SRV_SOS2021.cass.cl;Almacenamiento /;OK;HARD;1;DISK OK - free space: /var/tmp 118324 MiB (91.06% inode=-):
[1717214400] CURRENT SERVICE STATE: SRV_SOS2021.cass.cl;CPU;OK;HARD;1;OK - load average per CPU: 0.01, 0.01, 0.01
[1717214400] CURRENT SERVICE STATE: SRV_SOS2021.cass.cl;Memoria;OK;HARD;1;[MEMORY] Total: 7946 MB - Used: 883 MB - 11% [SWAP] Total: 10239 MB - Used: 0 MB - 0%
[1717214400] CURRENT SERVICE STATE: SRV_SOS2021.cass.cl;Ping;OK;HARD;1;PING OK - Packet loss = 0%, RTA = 1.04 ms
[1717214400] CURRENT SERVICE STATE: SRV_SOS2021.cass.cl;Procesos;OK;HARD;1;PROCS OK: 309 processes
[1717214400] CURRENT SERVICE STATE: SRV_SOS2021.cass.cl;Procesos Zombies;OK;HARD;1;PROCS OK: 0 processes with STATE = Z
[1717214400] CURRENT SERVICE STATE: SRV_SOS2021.cass.cl;Tiempo Activo;OK;HARD;1;Uptime OK: 13 day(s) 14 hour(s) 5 minute(s)
[1717214400] CURRENT SERVICE STATE: SRV_SOS2021.cass.cl;Usuarios Login;OK;HARD;1;USERS OK - 0 users currently logged in
[1717214400] CURRENT SERVICE STATE: SRV_SUM;Ping;OK;HARD;1;PING OK - Packet loss = 0%, RTA = 0.90 ms
[1717214400] CURRENT SERVICE STATE: SRV_Soporte;Actualizacion;CRITICAL;HARD;3;Hay 7 actualizaciones pendientes.
[1717214400] CURRENT SERVICE STATE: SRV_Soporte;Agentes;OK;HARD;1;OK: Agent_version was ['3.0.1']
[1717214400] CURRENT SERVICE STATE: SRV_Soporte;CPU;OK;HARD;1;OK: Percent was 37.10 %
[1717214400] CURRENT SERVICE STATE: SRV_Soporte;Memoria;OK;HARD;1;OK: Memory usage was 40.90 % (Available: 10.16 GB, Total: 17.18 GB, Free: 10.16 GB, Used: 7.02 GB)
[1717214400] CURRENT SERVICE STATE: SRV_chat.cass.cl;Actualizacion;OK;HARD;1;Updates OK : no updates available
[1717214400] CURRENT SERVICE STATE: SRV_chat.cass.cl;Almacenamiento /;OK;HARD;1;DISK OK - free space: /var/tmp 925421 MiB (88.44% inode=-):
[1717214400] CURRENT SERVICE STATE: SRV_chat.cass.cl;CPU;OK;HARD;1;OK - load average per CPU: 0.20, 0.10, 0.09
[1717214400] CURRENT SERVICE STATE: SRV_chat.cass.cl;Memoria;OK;HARD;1;[MEMORY] Total: 7919 MB - Used: 4212 MB - 53% [SWAP] Total: 2048 MB - Used: 254 MB - 12%
[1717214400] CURRENT SERVICE STATE: SRV_chat.cass.cl;Ping;OK;HARD;1;PING OK - Packet loss = 0%, RTA = 0.96 ms
[1717214400] CURRENT SERVICE STATE: SRV_chat.cass.cl;Proceso Docker;OK;HARD;1;PROCS OK: 0 processes with command name 'docker'
[1717214400] CURRENT SERVICE STATE: SRV_chat.cass.cl;Proceso Nginx;OK;HARD;1;PROCS OK: 3 processes with command name 'nginx'
[1717214400] CURRENT SERVICE STATE: SRV_chat.cass.cl;Procesos;OK;HARD;1;PROCS OK: 321 processes
[1717214400] CURRENT SERVICE STATE: SRV_chat.cass.cl;Procesos Zombies;OK;HARD;1;PROCS OK: 0 processes with STATE = Z
[1717214400] CURRENT SERVICE STATE: SRV_chat.cass.cl;Puerto Contenedor;OK;HARD;1;TCP OK - 0.000 second response time on port 8000
[1717214400] CURRENT SERVICE STATE: SRV_chat.cass.cl;Puerto HTTP;OK;HARD;1;TCP OK - 0.000 second response time on port 80
[1717214400] CURRENT SERVICE STATE: SRV_chat.cass.cl;Puerto HTTPS;OK;HARD;1;TCP OK - 0.000 second response time on port 443
[1717214400] CURRENT SERVICE STATE: SRV_chat.cass.cl;Puerto Portainer;OK;HARD;1;TCP OK - 0.001 second response time on port 9443
[1717214400] CURRENT SERVICE STATE: SRV_chat.cass.cl;Servicio Docker;OK;HARD;1;OK: Service docker is running!
[1717214400] CURRENT SERVICE STATE: SRV_chat.cass.cl;Servicio Nginx;OK;HARD;1;OK: Service nginx is running!
[1717214400] CURRENT SERVICE STATE: SRV_chat.cass.cl;Usuarios Login;OK;HARD;1;USERS OK - 2 users currently logged in
[1717214400] CURRENT SERVICE STATE: SRV_email.cass.cl;Actualizacion;OK;HARD;1;Updates OK : no updates available
[1717214400] CURRENT SERVICE STATE: SRV_email.cass.cl;Almacenamiento /;OK;HARD;1;DISK OK - free space: /var/tmp 459139 MiB (90.60% inode=-):
[1717214400] CURRENT SERVICE STATE: SRV_email.cass.cl;Almacenamiento Mail;OK;HARD;1;DISK OK - free space: /mail 1759898 MiB (89.87% inode=99%):
[1717214400] CURRENT SERVICE STATE: SRV_email.cass.cl;Almacenamiento Mail2;OK;HARD;1;DISK OK - free space: /mail2 473866 MiB (99.29% inode=100%):
[1717214400] CURRENT SERVICE STATE: SRV_email.cass.cl;CPU;OK;HARD;1;OK - load average per CPU: 0.03, 0.04, 0.03
[1717214400] CURRENT SERVICE STATE: SRV_email.cass.cl;Correo Pop;OK;HARD;1;POP OK - 0.001 second response time on 10.0.2.25 port 110 [+OK GroupWise POP3 server ready]
[1717214400] CURRENT SERVICE STATE: SRV_email.cass.cl;Correo Smtp;OK;HARD;1;SMTP OK - 0.261 sec. response time
[1717214400] CURRENT SERVICE STATE: SRV_email.cass.cl;Memoria;OK;HARD;1;[MEMORY] Total: 11939 MB - Used: 2587 MB - 21% [SWAP] Total: 2048 MB - Used: 3 MB - 0%
[1717214400] CURRENT SERVICE STATE: SRV_email.cass.cl;Ping;OK;HARD;1;PING OK - Packet loss = 0%, RTA = 0.62 ms
[1717214400] CURRENT SERVICE STATE: SRV_email.cass.cl;Procesos;OK;HARD;1;PROCS OK: 303 processes
[1717214400] CURRENT SERVICE STATE: SRV_email.cass.cl;Procesos Zombies;OK;HARD;1;PROCS OK: 0 processes with STATE = Z
[1717214400] CURRENT SERVICE STATE: SRV_email.cass.cl;Tiempo Activo;OK;HARD;1;Uptime OK: 13 day(s) 14 hour(s) 14 minute(s)
[1717214400] CURRENT SERVICE STATE: SRV_email.cass.cl;Usuarios Login;OK;HARD;1;USERS OK - 0 users currently logged in
[1717214400] CURRENT SERVICE STATE: SRV_nagios;Actualizacion;CRITICAL;HARD;4;YUM CRITICAL: 4 Updates Available
[1717214400] CURRENT SERVICE STATE: SRV_nagios;CPU;OK;HARD;1;OK - load average: 0.11, 0.10, 0.08
[1717214400] CURRENT SERVICE STATE: SRV_nagios;Memoria;OK;HARD;1;[MEMORY] Total: 7740 MB - Used: 438 MB - 5% [SWAP] Total: 7935 MB - Used: 0 MB - 0%
[1717214400] CURRENT SERVICE STATE: SRV_nagios;PING;OK;HARD;1;PING OK - Packet loss = 0%, RTA = 0.08 ms
[1717214400] CURRENT SERVICE STATE: SRV_nagios;Procesos;OK;HARD;1;PROCS OK: 74 processes with STATE = RSZDT
[1717214400] CURRENT SERVICE STATE: SRV_nagios;Usarios Login;OK;HARD;1;USERS OK - 0 users currently logged in
[1717214400] CURRENT SERVICE STATE: SRV_sync.cass.cl;Ping;OK;HARD;1;PING OK - Packet loss = 0%, RTA = 0.69 ms
[1717214400] CURRENT SERVICE STATE: Servidor Vcenter;Ping;OK;HARD;1;PING OK - Packet loss = 0%, RTA = 0.63 ms
[1717214400] CURRENT SERVICE STATE: Servidores CASS;Estado Puerto 3;WARNING;HARD;1;WARNING: SNMP error: No response from remote host "10.0.0.17"
[1717214400] CURRENT SERVICE STATE: Servidores CASS;Estado Puerto 80;CRITICAL;HARD;1;connect to address 10.0.0.17 and port 80: No route to host
[1717214400] CURRENT SERVICE STATE: Servidores CASS;Ping;CRITICAL;HARD;1;CRITICAL - Host Unreachable (10.0.0.17)
[1717214400] CURRENT SERVICE STATE: Servidores CASS;Uptime;CRITICAL;HARD;1;CRITICAL - Plugin timed out while executing system call
[1717214400] CURRENT SERVICE STATE: Ups Principal;Carga;UNKNOWN;HARD;3;Plugin check_ups_snmp failure - snmpget command error.
[1717214400] CURRENT SERVICE STATE: Ups Principal;Estado;UNKNOWN;HARD;3;Plugin check_ups_snmp failure - snmpget command error.
[1717214400] CURRENT SERVICE STATE: Ups Principal;Ping;CRITICAL;HARD;3;CRITICAL - Host Unreachable (192.168.10.19)
[1717214400] CURRENT SERVICE STATE: Ups Principal;Temperatura;UNKNOWN;HARD;3;Plugin check_ups_snmp failure - snmpget command error.
[1717214400] CURRENT SERVICE STATE: Ups Principal;Tiempo Activo;CRITICAL;HARD;3;CRITICAL - Plugin timed out while executing system call
[1717214400] CURRENT SERVICE STATE: Veeam2023.cass.pmc;Actualizacion;CRITICAL;HARD;3;Updates: 3 critical, 0 optional
[1717214400] CURRENT SERVICE STATE: Veeam2023.cass.pmc;Almacenamiento;OK;HARD;1;c:\ - total: 99.33 Gb - used: 67.99 Gb (68%) - free 31.34 Gb (32%)
[1717214400] CURRENT SERVICE STATE: Veeam2023.cass.pmc;CPU;OK;HARD;1;CPU Load 10% (5 min average)
[1717214400] CURRENT SERVICE STATE: Veeam2023.cass.pmc;Memoria;OK;HARD;1;Memory usage: total:28159.25 MB - used: 15842.87 MB (56%) - free: 12316.39 MB (44%)
[1717214400] CURRENT SERVICE STATE: Veeam2023.cass.pmc;Ping;OK;HARD;1;PING OK - Packet loss = 0%, RTA = 2.89 ms
[1717214400] CURRENT SERVICE STATE: Veeam2023.cass.pmc;Tiempo Activo;OK;HARD;1;System Uptime - 2 day(s) 4 hour(s) 23 minute(s)
[1717214400] CURRENT SERVICE STATE: web_cass_cl;Certificado;OK;HARD;1;SSL OK - Certificate '*.cass.cl' will expire in 216 days on 2025-01-03 20:59 -0300/-03.
[1717214400] CURRENT SERVICE STATE: web_cass_cl;HTTP;OK;HARD;1;HTTP OK: HTTP/1.1 302 Found - 1071 bytes in 0.241 second response time
[1717214402] SERVICE ALERT: SRV_email.cass.cl;Procesos Zombies;CRITICAL;SOFT;1;(No output on stdout) stderr: connect to address 10.0.2.25 port 5666: Connection refused
[1717214440] SERVICE ALERT: SRV_email.cass.cl;Actualizacion;CRITICAL;SOFT;1;CHECK_NRPE STATE CRITICAL: Socket timeout after 30 seconds.
[1717214444] SERVICE ALERT: SRV_Cfiler.cass.cl;Actualizacion;CRITICAL;SOFT;1;CHECK_NRPE STATE CRITICAL: Socket timeout after 30 seconds.
[1717214444] SERVICE ALERT: SRV_chat.cass.cl;Actualizacion;CRITICAL;SOFT;1;CHECK_NRPE STATE CRITICAL: Socket timeout after 30 seconds.
[1717214469] SERVICE ALERT: web_cass_cl;HTTP;CRITICAL;SOFT;1;CRITICAL - Socket timeout
[1717214478] SERVICE ALERT: SRV_chat.cass.cl;CPU;CRITICAL;SOFT;1;CRITICAL - load average per CPU: 4.49, 1.42, 0.55
[1717214522] SERVICE ALERT: SRV_email.cass.cl;Usuarios Login;CRITICAL;SOFT;1;CHECK_NRPE STATE CRITICAL: Socket timeout after 30 seconds.
[1717214523] SERVICE ALERT: SRV_email.cass.cl;Procesos Zombies;OK;SOFT;2;PROCS OK: 0 processes with STATE = Z
[1717214576] SERVICE ALERT: SRV_Cfiler.cass.cl;Actualizacion;OK;SOFT;2;Updates OK : no updates available
[1717214577] SERVICE ALERT: SRV_chat.cass.cl;Actualizacion;OK;SOFT;2;Updates OK : no updates available
[1717214589] SERVICE ALERT: web_cass_cl;HTTP;OK;SOFT;2;HTTP OK: HTTP/1.1 302 Found - 1073 bytes in 0.199 second response time
[1717214590] SERVICE ALERT: SRV_email.cass.cl;Actualizacion;CRITICAL;SOFT;2;CHECK_NRPE STATE CRITICAL: Socket timeout after 30 seconds.
[1717214598] SERVICE ALERT: SRV_chat.cass.cl;CPU;CRITICAL;SOFT;2;CRITICAL - load average per CPU: 3.13, 2.35, 1.02
[1717214650] SERVICE ALERT: SRV_email.cass.cl;Usuarios Login;OK;SOFT;2;USERS OK - 0 users currently logged in
[1717214718] SERVICE ALERT: SRV_chat.cass.cl;CPU;WARNING;HARD;3;WARNING - load average per CPU: 1.05, 1.80, 0.98
[1717214722] SERVICE ALERT: SRV_email.cass.cl;Actualizacion;OK;SOFT;3;Updates OK : no updates available
[1717214778] SERVICE ALERT: SRV_chat.cass.cl;CPU;OK;HARD;1;OK - load average per CPU: 0.81, 1.59, 0.96
[1717215001] SERVICE ALERT: SRV_chat.cass.cl;Actualizacion;UNKNOWN;SOFT;1;CHECK_NRPE: Receive header underflow - only 0 bytes received (4 expected).
[1717215002] SERVICE ALERT: SRV_Cfiler.cass.cl;Actualizacion;UNKNOWN;SOFT;1;CHECK_NRPE: Receive header underflow - only 0 bytes received (4 expected).
[1717215134] SERVICE ALERT: SRV_Cfiler.cass.cl;Actualizacion;OK;SOFT;2;Updates OK : no updates available
[1717215135] SERVICE ALERT: SRV_chat.cass.cl;Actualizacion;OK;SOFT;2;Updates OK : no updates available
[1717215214] SERVICE ALERT: SRV_Soporte;CPU;WARNING;SOFT;1;WARNING: Percent was 67.40 %
[1717215335] SERVICE ALERT: SRV_Soporte;CPU;OK;SOFT;2;OK: Percent was 34.38 %
[1717216355] SERVICE ALERT: SRV_Soporte;CPU;WARNING;SOFT;1;WARNING: Percent was 67.40 %
[1717216476] SERVICE ALERT: SRV_Soporte;CPU;OK;SOFT;2;OK: Percent was 34.50 %
[1717217387] Auto-save of retention data completed successfully.
[1717218464] SERVICE ALERT: SRV_Cfiler.cass.cl;Actualizacion;CRITICAL;SOFT;1;CHECK_NRPE STATE CRITICAL: Socket timeout after 30 seconds.
[1717218465] SERVICE ALERT: SRV_chat.cass.cl;Actualizacion;CRITICAL;SOFT;1;CHECK_NRPE STATE CRITICAL: Socket timeout after 30 seconds.
[1717218472] SERVICE ALERT: SRV_email.cass.cl;Actualizacion;CRITICAL;SOFT;1;CHECK_NRPE STATE CRITICAL: Socket timeout after 30 seconds.
[1717218596] SERVICE ALERT: SRV_Cfiler.cass.cl;Actualizacion;OK;SOFT;2;Updates OK : no updates available
[1717218597] SERVICE ALERT: SRV_chat.cass.cl;Actualizacion;OK;SOFT;2;Updates OK : no updates available
[1717218602] SERVICE ALERT: SRV_email.cass.cl;Actualizacion;UNKNOWN;SOFT;2;CHECK_NRPE: Receive header underflow - only 0 bytes received (4 expected).
[1717218734] SERVICE ALERT: SRV_email.cass.cl;Actualizacion;OK;SOFT;3;Updates OK : no updates available
[1717219202] SERVICE ALERT: SRV_chat.cass.cl;Actualizacion;UNKNOWN;SOFT;1;CHECK_NRPE: Receive header underflow - only 0 bytes received (4 expected).
[1717219202] SERVICE ALERT: SRV_Cfiler.cass.cl;Actualizacion;UNKNOWN;SOFT;1;CHECK_NRPE: Receive header underflow - only 0 bytes received (4 expected).
[1717219334] SERVICE ALERT: SRV_chat.cass.cl;Actualizacion;OK;SOFT;2;Updates OK : no updates available
[1717219334] SERVICE ALERT: SRV_Cfiler.cass.cl;Actualizacion;OK;SOFT;2;Updates OK : no updates available
[1717219837] SERVICE ALERT: SRV_Soporte;CPU;WARNING;SOFT;1;WARNING: Percent was 60.60 %
[1717219958] SERVICE ALERT: SRV_Soporte;CPU;OK;SOFT;2;OK: Percent was 42.20 %
[1717220987] Auto-save of retention data completed successfully.
[1717221518] SERVICE ALERT: SRV_Soporte;CPU;WARNING;SOFT;1;WARNING: Percent was 66.38 %
[1717221639] SERVICE ALERT: SRV_Soporte;CPU;OK;SOFT;2;OK: Percent was 39.05 %
[1717222539] SERVICE ALERT: SRV_Soporte;CPU;CRITICAL;SOFT;1;CRITICAL: Percent was 74.22 %
[1717222660] SERVICE ALERT: SRV_Soporte;CPU;OK;SOFT;2;OK: Percent was 43.03 %
[1717223741] SERVICE ALERT: SRV_Soporte;CPU;CRITICAL;SOFT;1;CRITICAL: Percent was 71.33 %
[1717223861] SERVICE ALERT: SRV_Soporte;CPU;OK;SOFT;2;OK: Percent was 44.50 %
[1717224587] Auto-save of retention data completed successfully.
[1717225542] SERVICE ALERT: SRV_Soporte;CPU;WARNING;SOFT;1;WARNING: Percent was 63.28 %
[1717225663] SERVICE ALERT: SRV_Soporte;CPU;OK;SOFT;2;OK: Percent was 33.35 %
[1717227344] SERVICE ALERT: SRV_Soporte;CPU;WARNING;SOFT;1;WARNING: Percent was 65.12 %
[1717227465] SERVICE ALERT: SRV_Soporte;CPU;OK;SOFT;2;OK: Percent was 32.03 %
[1717228187] Auto-save of retention data completed successfully.
[1717228486] SERVICE ALERT: SRV_Soporte;CPU;WARNING;SOFT;1;WARNING: Percent was 62.85 %
[1717228607] SERVICE ALERT: SRV_Soporte;CPU;OK;SOFT;2;OK: Percent was 39.10 %
[1717231787] Auto-save of retention data completed successfully.
[1717232687] SERVICE ALERT: SRV_Soporte;CPU;WARNING;SOFT;1;WARNING: Percent was 61.70 %
[1717232808] SERVICE ALERT: SRV_Soporte;CPU;OK;SOFT;2;OK: Percent was 38.65 %
[1717233469] SERVICE ALERT: SRV_Soporte;CPU;WARNING;SOFT;1;WARNING: Percent was 63.30 %
[1717233590] SERVICE ALERT: SRV_Soporte;CPU;OK;SOFT;2;OK: Percent was 0.75 %
[1717234184] SERVICE ALERT: SRV_Cfiler.cass.cl;Actualizacion;CRITICAL;SOFT;1;CHECK_NRPE STATE CRITICAL: Socket timeout after 30 seconds.
[1717234184] SERVICE ALERT: SRV_chat.cass.cl;Actualizacion;CRITICAL;SOFT;1;CHECK_NRPE STATE CRITICAL: Socket timeout after 30 seconds.
[1717234185] SERVICE ALERT: SRV_email.cass.cl;Actualizacion;CRITICAL;SOFT;1;CHECK_NRPE STATE CRITICAL: Socket timeout after 30 seconds.
[1717234203] SERVICE ALERT: SRV_email.cass.cl;Procesos Zombies;CRITICAL;SOFT;1;(No output on stdout) stderr: connect to address 10.0.2.25 port 5666: Connection refused
[1717234204] SERVICE ALERT: SRV_email.cass.cl;Correo Smtp;CRITICAL;SOFT;1;(No output on stdout) stderr: connect to address 10.0.2.25 port 5666: Connection refused
[1717234205] SERVICE ALERT: SRV_chat.cass.cl;Puerto Contenedor;CRITICAL;SOFT;1;(No output on stdout) stderr: connect to address 10.0.0.92 port 5666: Connection refused
[1717234206] SERVICE ALERT: SRV_email.cass.cl;Almacenamiento Mail;CRITICAL;SOFT;1;(No output on stdout) stderr: connect to address 10.0.2.25 port 5666: Connection refused
[1717234207] SERVICE ALERT: SRV_email.cass.cl;Tiempo Activo;CRITICAL;SOFT;1;(No output on stdout) stderr: connect to address 10.0.2.25 port 5666: Connection refused
[1717234207] SERVICE ALERT: SRV_email.cass.cl;CPU;CRITICAL;SOFT;1;(No output on stdout) stderr: connect to address 10.0.2.25 port 5666: Connection refused
[1717234210] SERVICE ALERT: SRV_email.cass.cl;Usuarios Login;CRITICAL;SOFT;1;(No output on stdout) stderr: connect to address 10.0.2.25 port 5666: Connection refused
[1717234218] SERVICE ALERT: SRV_email.cass.cl;Almacenamiento /;CRITICAL;SOFT;1;(No output on stdout) stderr: connect to address 10.0.2.25 port 5666: Connection refused
[1717234223] SERVICE ALERT: SRV_email.cass.cl;Memoria;CRITICAL;SOFT;1;(No output on stdout) stderr: connect to address 10.0.2.25 port 5666: Connection refused
[1717234225] SERVICE ALERT: SRV_email.cass.cl;Correo Pop;CRITICAL;SOFT;1;(No output on stdout) stderr: connect to address 10.0.2.25 port 5666: Connection refused
[1717234227] SERVICE ALERT: SRV_email.cass.cl;Procesos;CRITICAL;SOFT;1;(No output on stdout) stderr: connect to address 10.0.2.25 port 5666: Connection refused
[1717234232] SERVICE ALERT: SRV_email.cass.cl;Almacenamiento Mail2;CRITICAL;SOFT;1;(No output on stdout) stderr: connect to address 10.0.2.25 port 5666: Connection refused
[1717234316] SERVICE ALERT: SRV_chat.cass.cl;Actualizacion;OK;SOFT;2;Updates OK : no updates available
[1717234316] SERVICE ALERT: SRV_Cfiler.cass.cl;Actualizacion;OK;SOFT;2;Updates OK : no updates available
[1717234317] SERVICE ALERT: SRV_email.cass.cl;Actualizacion;OK;SOFT;2;Updates OK : no updates available
[1717234324] SERVICE ALERT: SRV_email.cass.cl;Procesos Zombies;OK;SOFT;2;PROCS OK: 0 processes with STATE = Z
[1717234324] SERVICE ALERT: SRV_email.cass.cl;Correo Smtp;OK;SOFT;2;SMTP OK - 0.089 sec. response time
[1717234325] SERVICE ALERT: SRV_chat.cass.cl;Puerto Contenedor;OK;SOFT;2;TCP OK - 0.001 second response time on port 8000
[1717234326] SERVICE ALERT: SRV_email.cass.cl;Almacenamiento Mail;OK;SOFT;2;DISK OK - free space: /mail 1759909 MiB (89.87% inode=99%):
[1717234327] SERVICE ALERT: SRV_email.cass.cl;Tiempo Activo;OK;SOFT;2;Uptime OK: 13 day(s) 19 hour(s) 47 minute(s)
[1717234327] SERVICE ALERT: SRV_email.cass.cl;CPU;OK;SOFT;2;OK - load average per CPU: 0.17, 0.14, 0.14
[1717234330] SERVICE ALERT: SRV_email.cass.cl;Usuarios Login;OK;SOFT;2;USERS OK - 0 users currently logged in
[1717234338] SERVICE ALERT: SRV_email.cass.cl;Almacenamiento /;OK;SOFT;2;DISK OK - free space: /var/tmp 459410 MiB (90.65% inode=-):
[1717234343] SERVICE ALERT: SRV_email.cass.cl;Memoria;OK;SOFT;2;[MEMORY] Total: 11939 MB - Used: 2741 MB - 22% [SWAP] Total: 2048 MB - Used: 3 MB - 0%
[1717234345] SERVICE ALERT: SRV_email.cass.cl;Correo Pop;OK;SOFT;2;POP OK - 0.001 second response time on 10.0.2.25 port 110 [+OK GroupWise POP3 server ready]
[1717234347] SERVICE ALERT: SRV_email.cass.cl;Procesos;OK;SOFT;2;PROCS OK: 307 processes
[1717234352] SERVICE ALERT: SRV_email.cass.cl;Almacenamiento Mail2;OK;SOFT;2;DISK OK - free space: /mail2 473866 MiB (99.29% inode=100%):
[1717234802] SERVICE ALERT: SRV_email.cass.cl;Actualizacion;UNKNOWN;SOFT;1;CHECK_NRPE: Receive header underflow - only 0 bytes received (4 expected).
[1717234802] SERVICE ALERT: SRV_chat.cass.cl;Actualizacion;UNKNOWN;SOFT;1;CHECK_NRPE: Receive header underflow - only 0 bytes received (4 expected).
[1717234802] SERVICE ALERT: SRV_Cfiler.cass.cl;Actualizacion;UNKNOWN;SOFT;1;CHECK_NRPE: Receive header underflow - only 0 bytes received (4 expected).
[1717234933] SERVICE ALERT: SRV_chat.cass.cl;Actualizacion;OK;SOFT;2;Updates OK : no updates available
[1717234934] SERVICE ALERT: SRV_email.cass.cl;Actualizacion;OK;SOFT;2;Updates OK : no updates available
[1717234934] SERVICE ALERT: SRV_Cfiler.cass.cl;Actualizacion;OK;SOFT;2;Updates OK : no updates available
[1717235387] Auto-save of retention data completed successfully.
[1717236470] SERVICE ALERT: SRV_Soporte;CPU;WARNING;SOFT;1;WARNING: Percent was 60.60 %
[1717236591] SERVICE ALERT: SRV_Soporte;CPU;OK;SOFT;2;OK: Percent was 2.27 %
[1717236831] SERVICE ALERT: SRV_Soporte;CPU;WARNING;SOFT;1;WARNING: Percent was 68.97 %
[1717236952] SERVICE ALERT: SRV_Soporte;CPU;OK;SOFT;2;OK: Percent was 33.32 %
[1717238987] Auto-save of retention data completed successfully.
[1717239233] SERVICE ALERT: SRV_Soporte;CPU;WARNING;SOFT;1;WARNING: Percent was 66.12 %
[1717239353] SERVICE ALERT: SRV_Soporte;CPU;OK;SOFT;2;OK: Percent was 40.52 %
[1717240013] SERVICE ALERT: SRV_Soporte;CPU;WARNING;SOFT;1;WARNING: Percent was 67.17 %
[1717240134] SERVICE ALERT: SRV_Soporte;CPU;OK;SOFT;2;OK: Percent was 37.10 %
[1717241155] SERVICE ALERT: SRV_Soporte;CPU;CRITICAL;SOFT;1;CRITICAL: Percent was 74.25 %
[1717241276] SERVICE ALERT: SRV_Soporte;CPU;OK;SOFT;2;OK: Percent was 45.17 %
[1717242587] Auto-save of retention data completed successfully.
[1717243137] SERVICE ALERT: SRV_Soporte;CPU;CRITICAL;SOFT;1;CRITICAL: Percent was 72.70 %
[1717243258] SERVICE ALERT: SRV_Soporte;CPU;OK;SOFT;2;OK: Percent was 31.05 %
[1717243438] SERVICE ALERT: SRV_Soporte;CPU;CRITICAL;SOFT;1;CRITICAL: Percent was 77.35 %
[1717243559] SERVICE ALERT: SRV_Soporte;CPU;OK;SOFT;2;OK: Percent was 20.30 %
[1717244700] SERVICE ALERT: SRV_Soporte;CPU;WARNING;SOFT;1;WARNING: Percent was 60.60 %
[1717244820] SERVICE ALERT: SRV_Soporte;CPU;OK;SOFT;2;OK: Percent was 40.90 %
[1717244857] SERVICE ALERT: SRV_SOS2021.cass.cl;Actualizacion;CRITICAL;SOFT;1;CHECK_NRPE STATE CRITICAL: Socket timeout after 30 seconds.
[1717244863] SERVICE ALERT: SRV_chat.cass.cl;Actualizacion;CRITICAL;SOFT;1;CHECK_NRPE STATE CRITICAL: Socket timeout after 30 seconds.
[1717244864] SERVICE ALERT: SRV_email.cass.cl;Actualizacion;CRITICAL;SOFT;1;CHECK_NRPE STATE CRITICAL: Socket timeout after 30 seconds.
[1717244989] SERVICE ALERT: SRV_SOS2021.cass.cl;Actualizacion;OK;SOFT;2;Updates OK : no updates available
[1717244995] SERVICE ALERT: SRV_chat.cass.cl;Actualizacion;OK;SOFT;2;Updates OK : no updates available
[1717244999] SERVICE ALERT: SRV_email.cass.cl;Actualizacion;OK;SOFT;2;Updates OK : no updates available
[1717245594] SERVICE ALERT: SRV_SOS2021.cass.cl;Actualizacion;UNKNOWN;SOFT;1;CHECK_NRPE: Receive header underflow - only 0 bytes received (4 expected).
[1717245601] SERVICE ALERT: SRV_chat.cass.cl;Actualizacion;UNKNOWN;SOFT;1;CHECK_NRPE: Receive header underflow - only 0 bytes received (4 expected).
[1717245602] SERVICE ALERT: SRV_email.cass.cl;Actualizacion;UNKNOWN;SOFT;1;CHECK_NRPE: Receive header underflow - only 0 bytes received (4 expected).
[1717245725] SERVICE ALERT: SRV_SOS2021.cass.cl;Actualizacion;OK;SOFT;2;Updates OK : no updates available
[1717245733] SERVICE ALERT: SRV_chat.cass.cl;Actualizacion;OK;SOFT;2;Updates OK : no updates available
[1717245734] SERVICE ALERT: SRV_email.cass.cl;Actualizacion;OK;SOFT;2;Updates OK : no updates available
[1717246187] Auto-save of retention data completed successfully.
[1717247520] SERVICE ALERT: SRV_Soporte;CPU;WARNING;SOFT;1;WARNING: Percent was 64.65 %
[1717247641] SERVICE ALERT: SRV_Soporte;CPU;OK;SOFT;2;OK: Percent was 2.27 %
[1717249141] SERVICE ALERT: SRV_Soporte;CPU;WARNING;SOFT;1;WARNING: Percent was 67.65 %
[1717249262] SERVICE ALERT: SRV_Soporte;CPU;OK;SOFT;2;OK: Percent was 50.00 %
[1717249787] Auto-save of retention data completed successfully.
[1717250402] SERVICE ALERT: SRV_Soporte;CPU;CRITICAL;SOFT;1;CRITICAL: Percent was 78.23 %
[1717250523] SERVICE ALERT: SRV_Soporte;CPU;OK;SOFT;2;OK: Percent was 5.30 %
[1717250930] SERVICE ALERT: Veeam2023.cass.pmc;CPU;WARNING;SOFT;1;CPU Load 96% (5 min average)
[1717251050] SERVICE ALERT: Veeam2023.cass.pmc;CPU;WARNING;SOFT;2;CPU Load 99% (5 min average)
[1717251170] SERVICE NOTIFICATION: nagiosadmin;Veeam2023.cass.pmc;CPU;WARNING;notify-service-by-email;CPU Load 99% (5 min average)
[1717251170] SERVICE NOTIFICATION: andresnavarro;Veeam2023.cass.pmc;CPU;WARNING;notify-service-by-email;CPU Load 99% (5 min average)
[1717251170] SERVICE NOTIFICATION: soporteti;Veeam2023.cass.pmc;CPU;WARNING;notify-service-by-telegram;CPU Load 99% (5 min average)
[1717251170] SERVICE NOTIFICATION: soporteti;Veeam2023.cass.pmc;CPU;WARNING;notify-service-by-email;CPU Load 99% (5 min average)
[1717251170] SERVICE NOTIFICATION: carlosstange;Veeam2023.cass.pmc;CPU;WARNING;notify-service-by-telegram;CPU Load 99% (5 min average)
[1717251170] SERVICE NOTIFICATION: carlosstange;Veeam2023.cass.pmc;CPU;WARNING;notify-service-by-email;CPU Load 99% (5 min average)
[1717251170] SERVICE ALERT: Veeam2023.cass.pmc;CPU;WARNING;HARD;3;CPU Load 99% (5 min average)
[1717251350] SERVICE NOTIFICATION: nagiosadmin;Veeam2023.cass.pmc;CPU;OK;notify-service-by-email;CPU Load 84% (5 min average)
[1717251350] SERVICE NOTIFICATION: andresnavarro;Veeam2023.cass.pmc;CPU;OK;notify-service-by-email;CPU Load 84% (5 min average)
[1717251350] SERVICE NOTIFICATION: soporteti;Veeam2023.cass.pmc;CPU;OK;notify-service-by-telegram;CPU Load 84% (5 min average)
[1717251350] SERVICE NOTIFICATION: soporteti;Veeam2023.cass.pmc;CPU;OK;notify-service-by-email;CPU Load 84% (5 min average)
[1717251350] SERVICE NOTIFICATION: carlosstange;Veeam2023.cass.pmc;CPU;OK;notify-service-by-telegram;CPU Load 84% (5 min average)
[1717251350] SERVICE NOTIFICATION: carlosstange;Veeam2023.cass.pmc;CPU;OK;notify-service-by-email;CPU Load 84% (5 min average)
[1717251350] SERVICE ALERT: Veeam2023.cass.pmc;CPU;OK;HARD;1;CPU Load 84% (5 min average)
[1717251783] SERVICE ALERT: SRV_Soporte;CPU;WARNING;SOFT;1;WARNING: Percent was 68.93 %
[1717251904] SERVICE ALERT: SRV_Soporte;CPU;OK;SOFT;2;OK: Percent was 48.47 %
[1717253044] SERVICE ALERT: SRV_Soporte;CPU;WARNING;SOFT;1;WARNING: Percent was 61.38 %
[1717253165] SERVICE ALERT: SRV_Soporte;CPU;OK;SOFT;2;OK: Percent was 43.17 %
[1717253387] Auto-save of retention data completed successfully.
[1717253826] SERVICE ALERT: SRV_Soporte;CPU;WARNING;SOFT;1;WARNING: Percent was 64.08 %
[1717253947] SERVICE ALERT: SRV_Soporte;CPU;OK;SOFT;2;OK: Percent was 35.30 %
[1717254427] SERVICE ALERT: SRV_Soporte;CPU;WARNING;SOFT;1;WARNING: Percent was 68.20 %
[1717254548] SERVICE ALERT: SRV_Soporte;CPU;OK;SOFT;2;OK: Percent was 41.67 %
[1717256109] SERVICE ALERT: SRV_Soporte;CPU;WARNING;SOFT;1;WARNING: Percent was 64.83 %
[1717256230] SERVICE ALERT: SRV_Soporte;CPU;OK;SOFT;2;OK: Percent was 43.92 %
[1717256987] Auto-save of retention data completed successfully.
[1717259290] SERVICE ALERT: SRV_Soporte;CPU;WARNING;SOFT;1;WARNING: Percent was 63.27 %
[1717259411] SERVICE ALERT: SRV_Soporte;CPU;OK;SOFT;2;OK: Percent was 30.30 %
[1717260251] SERVICE ALERT: SRV_Soporte;CPU;WARNING;SOFT;1;WARNING: Percent was 62.90 %
[1717260372] SERVICE ALERT: SRV_Soporte;CPU;OK;SOFT;2;OK: Percent was 34.10 %
[1717260587] Auto-save of retention data completed successfully.
[1717261512] SERVICE ALERT: SRV_Soporte;CPU;WARNING;SOFT;1;WARNING: Percent was 64.40 %
[1717261633] SERVICE ALERT: SRV_Soporte;CPU;OK;SOFT;2;OK: Percent was 32.50 %
[1717262833] SERVICE ALERT: SRV_Soporte;CPU;WARNING;SOFT;1;WARNING: Percent was 62.88 %
[1717262954] SERVICE ALERT: SRV_Soporte;CPU;OK;SOFT;2;OK: Percent was 32.58 %
[1717264094] SERVICE ALERT: SRV_Soporte;CPU;WARNING;SOFT;1;WARNING: Percent was 64.65 %
[1717264187] Auto-save of retention data completed successfully.
[1717264215] SERVICE ALERT: SRV_Soporte;CPU;OK;SOFT;2;OK: Percent was 30.32 %
[1717265355] SERVICE ALERT: SRV_Soporte;CPU;WARNING;SOFT;1;WARNING: Percent was 67.95 %
[1717265476] SERVICE ALERT: SRV_Soporte;CPU;OK;SOFT;2;OK: Percent was 35.60 %
[1717266497] SERVICE ALERT: SRV_Soporte;CPU;WARNING;SOFT;1;WARNING: Percent was 64.95 %
[1717266618] SERVICE ALERT: SRV_Soporte;CPU;OK;SOFT;2;OK: Percent was 31.60 %
[1717267099] SERVICE ALERT: SRV_Soporte;CPU;WARNING;SOFT;1;WARNING: Percent was 68.67 %
[1717267220] SERVICE ALERT: SRV_Soporte;CPU;OK;SOFT;2;OK: Percent was 27.30 %
[1717267787] Auto-save of retention data completed successfully.
[1717271387] Auto-save of retention data completed successfully.
[1717271660] SERVICE ALERT: SRV_Soporte;CPU;WARNING;SOFT;1;WARNING: Percent was 69.50 %
[1717271781] SERVICE ALERT: SRV_Soporte;CPU;OK;SOFT;2;OK: Percent was 43.75 %
[1717272321] SERVICE ALERT: SRV_Soporte;CPU;WARNING;SOFT;1;WARNING: Percent was 60.50 %
[1717272442] SERVICE ALERT: SRV_Soporte;CPU;OK;SOFT;2;OK: Percent was 1.55 %
[1717273883] SERVICE ALERT: SRV_Soporte;CPU;WARNING;SOFT;1;WARNING: Percent was 63.98 %
[1717274003] SERVICE ALERT: SRV_Soporte;CPU;OK;SOFT;2;OK: Percent was 40.17 %
[1717274784] SERVICE ALERT: SRV_Soporte;CPU;WARNING;SOFT;1;WARNING: Percent was 60.95 %
[1717274905] SERVICE ALERT: SRV_Soporte;CPU;OK;SOFT;2;OK: Percent was 28.17 %
[1717274987] Auto-save of retention data completed successfully.
[1717277486] SERVICE ALERT: SRV_Soporte;CPU;WARNING;SOFT;1;WARNING: Percent was 63.00 %
[1717277607] SERVICE ALERT: SRV_Soporte;CPU;OK;SOFT;2;OK: Percent was 38.30 %
[1717278387] SERVICE ALERT: SRV_Soporte;CPU;CRITICAL;SOFT;1;CRITICAL: Percent was 75.00 %
[1717278508] SERVICE ALERT: SRV_Soporte;CPU;OK;SOFT;2;OK: Percent was 35.95 %
[1717278587] Auto-save of retention data completed successfully.
[1717279529] SERVICE ALERT: SRV_Soporte;CPU;WARNING;SOFT;1;WARNING: Percent was 62.20 %
[1717279650] SERVICE ALERT: SRV_Soporte;CPU;OK;SOFT;2;OK: Percent was 0.78 %
[1717282187] Auto-save of retention data completed successfully.
[1717284451] SERVICE ALERT: SRV_Soporte;CPU;WARNING;SOFT;1;WARNING: Percent was 62.50 %
[1717284572] SERVICE ALERT: SRV_Soporte;CPU;OK;SOFT;2;OK: Percent was 41.08 %
[1717285787] Auto-save of retention data completed successfully.
[1717286132] SERVICE ALERT: SRV_Soporte;CPU;WARNING;SOFT;1;WARNING: Percent was 69.28 %
[1717286253] SERVICE ALERT: SRV_Soporte;CPU;OK;SOFT;2;OK: Percent was 42.42 %
[1717287393] SERVICE ALERT: SRV_Soporte;CPU;WARNING;SOFT;1;WARNING: Percent was 60.55 %
[1717287514] SERVICE ALERT: SRV_Soporte;CPU;OK;SOFT;2;OK: Percent was 34.00 %
[1717288414] SERVICE ALERT: SRV_Soporte;CPU;WARNING;SOFT;1;WARNING: Percent was 63.10 %
[1717288535] SERVICE ALERT: SRV_Soporte;CPU;OK;SOFT;2;OK: Percent was 29.52 %
[1717289387] Auto-save of retention data completed successfully.
[1717289435] SERVICE ALERT: SRV_Soporte;CPU;CRITICAL;SOFT;1;CRITICAL: Percent was 70.35 %
[1717289556] SERVICE ALERT: SRV_Soporte;CPU;OK;SOFT;2;OK: Percent was 43.95 %
[1717290267] SERVICE ALERT: SRVCONT.cass.cl;Almacenamiento;CRITICAL;SOFT;1;connect to address 10.0.0.95 and port 12489: Connection refused
[1717290279] SERVICE ALERT: SRVCONT.cass.cl;CPU;CRITICAL;SOFT;1;connect to address 10.0.0.95 and port 12489: Connection refused
[1717290279] SERVICE ALERT: SRVCONT.cass.cl;Tiempo Activo;CRITICAL;SOFT;1;connect to address 10.0.0.95 and port 12489: Connection refused
[1717290337] SERVICE ALERT: SRV_Soporte;CPU;WARNING;SOFT;1;WARNING: Percent was 66.45 %
[1717290387] SERVICE ALERT: SRVCONT.cass.cl;Almacenamiento;OK;SOFT;2;c:\ - total: 299.33 Gb - used: 57.70 Gb (19%) - free 241.63 Gb (81%)
[1717290400] SERVICE ALERT: SRVCONT.cass.cl;CPU;OK;SOFT;2;CPU Load 7% (5 min average)
[1717290400] SERVICE ALERT: SRVCONT.cass.cl;Tiempo Activo;OK;SOFT;2;System Uptime - 0 day(s) 0 hour(s) 2 minute(s)
[1717290457] SERVICE ALERT: SRV_Soporte;CPU;OK;SOFT;2;OK: Percent was 28.90 %
[1717291957] SERVICE ALERT: SRV_Soporte;CPU;WARNING;SOFT;1;WARNING: Percent was 60.12 %
[1717292078] SERVICE ALERT: SRV_Soporte;CPU;OK;SOFT;2;OK: Percent was 17.20 %
[1717292987] Auto-save of retention data completed successfully.
[1717293458] SERVICE ALERT: SRV_Soporte;CPU;WARNING;SOFT;1;WARNING: Percent was 61.35 %
[1717293579] SERVICE ALERT: SRV_Soporte;CPU;OK;SOFT;2;OK: Percent was 50.25 %
[1717294719] SERVICE ALERT: SRV_Soporte;CPU;WARNING;SOFT;1;WARNING: Percent was 67.70 %
[1717294840] SERVICE ALERT: SRV_Soporte;CPU;OK;SOFT;2;OK: Percent was 46.30 %
[1717295980] SERVICE ALERT: SRV_Soporte;CPU;WARNING;SOFT;1;WARNING: Percent was 62.12 %
[1717296101] SERVICE ALERT: SRV_Soporte;CPU;OK;SOFT;2;OK: Percent was 3.65 %
[1717296587] Auto-save of retention data completed successfully.
[1717297182] SERVICE ALERT: SRV_Soporte;CPU;WARNING;SOFT;1;WARNING: Percent was 61.82 %
[1717297302] SERVICE ALERT: SRV_Soporte;CPU;OK;SOFT;2;OK: Percent was 37.25 %
[1717298983] SERVICE ALERT: SRV_Soporte;CPU;WARNING;SOFT;1;WARNING: Percent was 61.38 %
[1717299104] SERVICE ALERT: SRV_Soporte;CPU;OK;SOFT;2;OK: Percent was 35.60 %
[1717299981] SERVICE ALERT: SRVCONT.cass.cl;Actualizacion;CRITICAL;SOFT;1;CHECK_NRPE STATE CRITICAL: Socket timeout after 30 seconds.
[1717300102] SERVICE ALERT: SRVCONT.cass.cl;Actualizacion;OK;SOFT;2;OK - no pending updates.
[1717300187] Auto-save of retention data completed successfully.
[1717300365] SERVICE ALERT: SRV_Soporte;CPU;WARNING;SOFT;1;WARNING: Percent was 62.50 %
[1717300485] SERVICE ALERT: SRV_Soporte;CPU;OK;SOFT;2;OK: Percent was 33.35 %
