[1697943600] LOG ROTATION: DAILY
[1697943600] LOG VERSION: 2.0
[1697943600] CURRENT HOST STATE: ADL Diagnostic;UP;HARD;1;PING OK - Packet loss = 0%, RTA = 36.74 ms
[1697943600] CURRENT HOST STATE: Blueshell;UP;HARD;1;PING OK - Packet loss = 66%, RTA = 3.07 ms
[1697943600] CURRENT HOST STATE: Cass Entel;UP;HARD;1;PING OK - Packet loss = 66%, RTA = 0.56 ms
[1697943600] CURRENT HOST STATE: Cass Telsur;UP;HARD;1;PING OK - Packet loss = 28%, RTA = 0.99 ms
[1697943600] CURRENT HOST STATE: Clinica PV Movistar;UP;HARD;1;PING OK - Packet loss = 0%, RTA = 32.80 ms
[1697943600] CURRENT HOST STATE: Clinica PV Telsur;UP;HARD;1;PING OK - Packet loss = 0%, RTA = 1.41 ms
[1697943600] CURRENT HOST STATE: Confe;UP;HARD;1;PING OK - Packet loss = 0%, RTA = 40.16 ms
[1697943600] CURRENT HOST STATE: Electric Works;UP;HARD;1;PING OK - Packet loss = 0%, RTA = 34.65 ms
[1697943600] CURRENT HOST STATE: Exper03.exxperience.cl;UP;HARD;1;PING OK - Packet loss = 0%, RTA = 1.88 ms
[1697943600] CURRENT HOST STATE: Ext Entel;UP;HARD;1;PING OK - Packet loss = 50%, RTA = 0.47 ms
[1697943600] CURRENT HOST STATE: Ext Telsur;UP;HARD;1;PING OK - Packet loss = 0%, RTA = 1.17 ms
[1697943600] CURRENT HOST STATE: FW ADL Diagnostic;UP;HARD;1;PING OK - Packet loss = 66%, RTA = 35.45 ms
[1697943600] CURRENT HOST STATE: FW Blueshell;UP;HARD;1;PING OK - Packet loss = 0%, RTA = 3.06 ms
[1697943600] CURRENT HOST STATE: FW Cass Entel;UP;HARD;1;PING OK - Packet loss = 0%, RTA = 35.48 ms
[1697943600] CURRENT HOST STATE: FW Cass Telsur;UP;HARD;1;PING OK - Packet loss = 0%, RTA = 0.61 ms
[1697943600] CURRENT HOST STATE: FW Clinica PV Movistar;UP;HARD;1;PING OK - Packet loss = 0%, RTA = 36.06 ms
[1697943600] CURRENT HOST STATE: FW Clinica PV Telsur;UP;HARD;1;PING OK - Packet loss = 0%, RTA = 1.38 ms
[1697943600] CURRENT HOST STATE: FW Confe;UP;HARD;1;PING OK - Packet loss = 0%, RTA = 39.87 ms
[1697943600] CURRENT HOST STATE: FW Electric Works;UP;HARD;1;PING OK - Packet loss = 0%, RTA = 35.08 ms
[1697943600] CURRENT HOST STATE: FW Gore Los Lagos;UP;HARD;1;PING OK - Packet loss = 0%, RTA = 1.26 ms
[1697943600] CURRENT HOST STATE: FW Pasmar;UP;HARD;1;PING OK - Packet loss = 0%, RTA = 1.48 ms
[1697943600] CURRENT HOST STATE: Gore Los Lagos;UP;HARD;1;PING OK - Packet loss = 0%, RTA = 1.22 ms
[1697943600] CURRENT HOST STATE: Host-10.0.0.120;UP;HARD;1;PING OK - Packet loss = 0%, RTA = 0.75 ms
[1697943600] CURRENT HOST STATE: Host-10.0.0.121;UP;HARD;1;PING OK - Packet loss = 0%, RTA = 0.46 ms
[1697943600] CURRENT HOST STATE: Host-10.0.0.124;UP;HARD;1;PING OK - Packet loss = 0%, RTA = 0.68 ms
[1697943600] CURRENT HOST STATE: Internet;UP;HARD;1;PING OK - Packet loss = 0%, RTA = 19.10 ms
[1697943600] CURRENT HOST STATE: Pasmar;UP;HARD;1;PING OK - Packet loss = 0%, RTA = 1.44 ms
[1697943600] CURRENT HOST STATE: Qnap NAS;UP;HARD;1;PING OK - Packet loss = 0%, RTA = 0.31 ms
[1697943600] CURRENT HOST STATE: SRV01USER_cass.cl;UP;HARD;1;PING OK - Packet loss = 0%, RTA = 4.44 ms
[1697943600] CURRENT HOST STATE: SRV04AD01.cass.cl;UP;HARD;1;PING OK - Packet loss = 0%, RTA = 1.55 ms
[1697943600] CURRENT HOST STATE: SRV05AD02_cass.cl;UP;HARD;1;PING OK - Packet loss = 0%, RTA = 1.82 ms
[1697943600] CURRENT HOST STATE: SRV11VIBE_cass.cl;UP;HARD;1;PING OK - Packet loss = 0%, RTA = 1.23 ms
[1697943600] CURRENT HOST STATE: SRVAD1.cass.pmc;UP;HARD;1;PING OK - Packet loss = 0%, RTA = 1.69 ms
[1697943600] CURRENT HOST STATE: SRVAD2.cass.pmc;UP;HARD;1;PING OK - Packet loss = 0%, RTA = 1.52 ms
[1697943600] CURRENT HOST STATE: SRVADMIN.cass.pmc;UP;HARD;1;PING OK - Packet loss = 0%, RTA = 2.09 ms
[1697943600] CURRENT HOST STATE: SRVCONT.cass.cl;UP;HARD;1;PING OK - Packet loss = 0%, RTA = 2.23 ms
[1697943600] CURRENT HOST STATE: SRVDC01_cass.pmc;UP;HARD;1;PING OK - Packet loss = 0%, RTA = 1.74 ms
[1697943600] CURRENT HOST STATE: SRVDC1.cass.pmc;UP;HARD;1;PING OK - Packet loss = 0%, RTA = 1.64 ms
[1697943600] CURRENT HOST STATE: SRVDNS;UP;HARD;1;PING OK - Packet loss = 0%, RTA = 0.85 ms
[1697943600] CURRENT HOST STATE: SRVMFSD;UP;HARD;1;PING OK - Packet loss = 0%, RTA = 0.99 ms
[1697943600] CURRENT HOST STATE: SRVWEB_cass.cl;UP;HARD;1;PING OK - Packet loss = 0%, RTA = 1.03 ms
[1697943600] CURRENT HOST STATE: SRV_Cfiler.cass.cl;UP;HARD;1;PING OK - Packet loss = 0%, RTA = 0.65 ms
[1697943600] CURRENT HOST STATE: SRV_GLPI;UP;HARD;1;PING OK - Packet loss = 0%, RTA = 0.73 ms
[1697943600] CURRENT HOST STATE: SRV_GXConsultores;UP;HARD;1;PING OK - Packet loss = 0%, RTA = 1.33 ms
[1697943600] CURRENT HOST STATE: SRV_Oraculo_cass.cl;UP;HARD;1;PING OK - Packet loss = 0%, RTA = 1.09 ms
[1697943600] CURRENT HOST STATE: SRV_SOS2021.cass.cl;UP;HARD;1;PING OK - Packet loss = 0%, RTA = 0.70 ms
[1697943600] CURRENT HOST STATE: SRV_SUM;UP;HARD;1;PING OK - Packet loss = 0%, RTA = 0.62 ms
[1697943600] CURRENT HOST STATE: SRV_Soporte;UP;HARD;1;PING OK - Packet loss = 0%, RTA = 1.84 ms
[1697943600] CURRENT HOST STATE: SRV_Soporte2;DOWN;HARD;10;CRITICAL - Host Unreachable (10.0.0.97)
[1697943600] CURRENT HOST STATE: SRV_chat.cass.cl;UP;HARD;1;PING OK - Packet loss = 0%, RTA = 0.60 ms
[1697943600] CURRENT HOST STATE: SRV_email.cass.cl;UP;HARD;1;PING OK - Packet loss = 0%, RTA = 1.37 ms
[1697943600] CURRENT HOST STATE: SRV_nagios;UP;HARD;1;PING OK - Packet loss = 0%, RTA = 0.10 ms
[1697943600] CURRENT HOST STATE: SRV_sync.cass.cl;UP;HARD;1;PING OK - Packet loss = 64%, RTA = 1.19 ms
[1697943600] CURRENT HOST STATE: Servidor Vcenter;UP;HARD;1;PING OK - Packet loss = 0%, RTA = 0.48 ms
[1697943600] CURRENT HOST STATE: Servidores CASS;UP;HARD;1;PING OK - Packet loss = 0%, RTA = 1.22 ms
[1697943600] CURRENT HOST STATE: Ups Principal;UP;HARD;1;PING OK - Packet loss = 0%, RTA = 1.00 ms
[1697943600] CURRENT HOST STATE: Veeam2023.cass.pmc;UP;HARD;1;PING OK - Packet loss = 0%, RTA = 1.85 ms
[1697943600] CURRENT HOST STATE: web_cass_cl;UP;HARD;1;PING OK - Packet loss = 0%, RTA = 0.69 ms
[1697943600] CURRENT SERVICE STATE: ADL Diagnostic;Ping;OK;HARD;1;PING OK - Packet loss = 0%, RTA = 36.56 ms
[1697943600] CURRENT SERVICE STATE: Blueshell;Ping;OK;HARD;1;PING OK - Packet loss = 75%, RTA = 3.24 ms
[1697943600] CURRENT SERVICE STATE: Clinica PV Movistar;Ping;OK;HARD;1;PING OK - Packet loss = 0%, RTA = 32.64 ms
[1697943600] CURRENT SERVICE STATE: Confe;Ping;CRITICAL;HARD;3;PING CRITICAL - Packet loss = 100%
[1697943600] CURRENT SERVICE STATE: Electric Works;Ping;OK;HARD;1;PING OK - Packet loss = 66%, RTA = 34.77 ms
[1697943600] CURRENT SERVICE STATE: Ext Telsur;Ping;OK;HARD;1;PING OK - Packet loss = 70%, RTA = 1.11 ms
[1697943600] CURRENT SERVICE STATE: FW ADL Diagnostic;Ping;OK;HARD;1;PING OK - Packet loss = 58%, RTA = 35.51 ms
[1697943600] CURRENT SERVICE STATE: FW Blueshell;Ping;OK;HARD;1;PING OK - Packet loss = 0%, RTA = 3.68 ms
[1697943600] CURRENT SERVICE STATE: FW Cass Entel;Ping;OK;HARD;1;PING OK - Packet loss = 28%, RTA = 35.34 ms
[1697943600] CURRENT SERVICE STATE: FW Cass Telsur;Ancho de Banda DMZ;OK;HARD;1;OK - Average IN: 3.73KB (0.00%), Average OUT: 5.09KB (0.00%)Total RX: 5.23GBytes, Total TX: 4.71GBytes
[1697943600] CURRENT SERVICE STATE: FW Cass Telsur;Ancho de Banda LAN;OK;HARD;1;OK - Average IN: 946.20B (0.00%), Average OUT: 1.22KB (0.00%)Total RX: 28.96GBytes, Total TX: 89.96GBytes
[1697943600] CURRENT SERVICE STATE: FW Cass Telsur;Ancho de Banda WAN;OK;HARD;1;OK - Average IN: 44.73B (0.00%), Average OUT: 16.13B (0.00%)Total RX: 524.40GBytes, Total TX: 990.82GBytes
[1697943600] CURRENT SERVICE STATE: FW Cass Telsur;Estado Puerto DMZ;OK;HARD;1;OK: Interface eth2 (index 4) is up.
[1697943600] CURRENT SERVICE STATE: FW Cass Telsur;Estado Puerto LAN;OK;HARD;1;OK: Interface eth0 (index 2) is up.
[1697943600] CURRENT SERVICE STATE: FW Cass Telsur;Estado Puerto WAN;OK;HARD;1;OK: Interface eth1 (index 3) is up.
[1697943600] CURRENT SERVICE STATE: FW Cass Telsur;Estado TCP Sophos;OK;HARD;1;TCP OK - 0.000 second response time on 201.220.96.34 port 4444
[1697943600] CURRENT SERVICE STATE: FW Cass Telsur;Ping;OK;HARD;1;PING OK - Packet loss = 0%, RTA = 1.23 ms
[1697943600] CURRENT SERVICE STATE: FW Cass Telsur;Tiempo Activo;OK;HARD;1;SNMP OK - Timeticks: (43526319) 5 days, 0:54:23.19
[1697943600] CURRENT SERVICE STATE: FW Clinica PV Movistar;Ping;OK;HARD;1;PING OK - Packet loss = 73%, RTA = 36.05 ms
[1697943600] CURRENT SERVICE STATE: FW Confe;Ping;OK;HARD;1;PING OK - Packet loss = 0%, RTA = 40.24 ms
[1697943600] CURRENT SERVICE STATE: FW Electric Works;Ping;OK;HARD;1;PING OK - Packet loss = 70%, RTA = 34.98 ms
[1697943600] CURRENT SERVICE STATE: FW Gore Los Lagos;Ping;OK;HARD;1;PING OK - Packet loss = 54%, RTA = 1.07 ms
[1697943600] CURRENT SERVICE STATE: FW Pasmar;Ping;OK;HARD;1;PING OK - Packet loss = 44%, RTA = 1.26 ms
[1697943600] CURRENT SERVICE STATE: Gore Los Lagos;Ping;OK;HARD;1;PING OK - Packet loss = 0%, RTA = 1.30 ms
[1697943600] CURRENT SERVICE STATE: Host-10.0.0.120;Ping;OK;HARD;1;PING OK - Packet loss = 0%, RTA = 0.49 ms
[1697943600] CURRENT SERVICE STATE: Host-10.0.0.121;Ping;OK;HARD;1;PING OK - Packet loss = 0%, RTA = 0.52 ms
[1697943600] CURRENT SERVICE STATE: Pasmar;Ping;OK;HARD;1;PING OK - Packet loss = 44%, RTA = 1.21 ms
[1697943600] CURRENT SERVICE STATE: Qnap NAS;Almacenamiento;OK;HARD;1;OK: Total:50TB - Used:32TB - Free:17TB - Used Space: 64%
[1697943600] CURRENT SERVICE STATE: Qnap NAS;Estado;OK;HARD;1;Power Supply #1 - OK: GOOD
[1697943600] CURRENT SERVICE STATE: Qnap NAS;Memoria;OK;HARD;1;OK: Total:3830MB - Used:1214MB - Free:2616MB = 32%
[1697943600] CURRENT SERVICE STATE: Qnap NAS;Sysinfo;OK;HARD;1;NAS Cloud, Model TS-879U-RP, Firmware 4.3.6, Max HD number 8, No. Volume 1
[1697943600] CURRENT SERVICE STATE: Qnap NAS;Temperatura;OK;HARD;1;OK: Temperature=39C
[1697943600] CURRENT SERVICE STATE: Qnap NAS;Tiempo Activo;OK;HARD;1;SNMP OK - Timeticks: (765337019) 88 days, 13:56:10.19
[1697943600] CURRENT SERVICE STATE: SRV01USER_cass.cl;Actualizacion;CRITICAL;HARD;3;Updates: 2 critical, 1 optional
[1697943600] CURRENT SERVICE STATE: SRV01USER_cass.cl;Almacenamiento C;WARNING;HARD;3;c:\ - total: 119.40 Gb - used: 96.64 Gb (81%) - free 22.75 Gb (19%)
[1697943600] CURRENT SERVICE STATE: SRV01USER_cass.cl;Almacenamiento U;OK;HARD;1;u:\ - total: 1023.98 Gb - used: 198.95 Gb (19%) - free 825.04 Gb (81%)
[1697943600] CURRENT SERVICE STATE: SRV01USER_cass.cl;CPU;OK;HARD;1;CPU Load 3% (5 min average)
[1697943600] CURRENT SERVICE STATE: SRV01USER_cass.cl;Memoria;OK;HARD;1;Memory usage: total:28101.30 MB - used: 18349.98 MB (65%) - free: 9751.32 MB (35%)
[1697943600] CURRENT SERVICE STATE: SRV01USER_cass.cl;Ping;OK;HARD;1;PING OK - Packet loss = 0%, RTA = 2.67 ms
[1697943600] CURRENT SERVICE STATE: SRV01USER_cass.cl;Tiempo Activo;OK;HARD;1;System Uptime - 25 day(s) 23 hour(s) 44 minute(s)
[1697943600] CURRENT SERVICE STATE: SRV04AD01.cass.cl;Ping;OK;HARD;1;PING OK - Packet loss = 0%, RTA = 3.28 ms
[1697943600] CURRENT SERVICE STATE: SRV05AD02_cass.cl;Ping;OK;HARD;1;PING OK - Packet loss = 0%, RTA = 1.72 ms
[1697943600] CURRENT SERVICE STATE: SRV11VIBE_cass.cl;Actualizacion;CRITICAL;HARD;3;Updates CRITICAL : discontinued OS Release SLE 15.1: At least one of your Repositories might be out of date. Please run "zypper refresh" as root to update it.  2 security update(s): 1 recommended update(s):  2 package update(s):
[1697943600] CURRENT SERVICE STATE: SRV11VIBE_cass.cl;Almacenamiento /;OK;HARD;1;DISK OK - free space: /var/tmp 78634 MiB (85.82% inode=-):
[1697943600] CURRENT SERVICE STATE: SRV11VIBE_cass.cl;CPU;OK;HARD;1;OK - load average per CPU: 0.03, 0.01, 0.01
[1697943600] CURRENT SERVICE STATE: SRV11VIBE_cass.cl;Memoria;OK;HARD;1;[MEMORY] Total: 7693 MB - Used: 5025 MB - 65% [SWAP] Total: 7944 MB - Used: 1052 MB - 13%
[1697943600] CURRENT SERVICE STATE: SRV11VIBE_cass.cl;Ping;OK;HARD;1;PING OK - Packet loss = 0%, RTA = 1.35 ms
[1697943600] CURRENT SERVICE STATE: SRV11VIBE_cass.cl;Proceso Vibe;OK;HARD;1;PROCS OK: 0 processes with command name 'vibe'
[1697943600] CURRENT SERVICE STATE: SRV11VIBE_cass.cl;Procesos;OK;HARD;1;PROCS OK: 327 processes
[1697943600] CURRENT SERVICE STATE: SRV11VIBE_cass.cl;Procesos Zombies;OK;HARD;1;PROCS OK: 0 processes with STATE = Z
[1697943600] CURRENT SERVICE STATE: SRV11VIBE_cass.cl;Puerto HTTP;OK;HARD;1;TCP OK - 0.001 second response time on 10.0.2.13 port 80
[1697943600] CURRENT SERVICE STATE: SRV11VIBE_cass.cl;Puerto HTTPS;OK;HARD;1;TCP OK - 0.001 second response time on 10.0.2.13 port 443
[1697943600] CURRENT SERVICE STATE: SRV11VIBE_cass.cl;Servicio Vibe;OK;HARD;1;OK: Service vibe is running!
[1697943600] CURRENT SERVICE STATE: SRV11VIBE_cass.cl;Tiempo Activo;WARNING;HARD;3;Uptime WARNING: 183 day(s) 13 hour(s) 14 minute(s)
[1697943600] CURRENT SERVICE STATE: SRV11VIBE_cass.cl;Usuarios Login;OK;HARD;1;USERS OK - 2 users currently logged in
[1697943600] CURRENT SERVICE STATE: SRVAD1.cass.pmc;Ping;OK;HARD;1;PING OK - Packet loss = 0%, RTA = 1.92 ms
[1697943600] CURRENT SERVICE STATE: SRVAD2.cass.pmc;Ping;OK;HARD;1;PING OK - Packet loss = 0%, RTA = 1.76 ms
[1697943600] CURRENT SERVICE STATE: SRVADMIN.cass.pmc;Actualizacion;WARNING;HARD;3;updates installed, reboot required
[1697943600] CURRENT SERVICE STATE: SRVADMIN.cass.pmc;Almacenamiento;OK;HARD;1;c:\ - total: 299.66 Gb - used: 169.12 Gb (56%) - free 130.54 Gb (44%)
[1697943600] CURRENT SERVICE STATE: SRVADMIN.cass.pmc;CPU;OK;HARD;1;CPU Load 1% (5 min average)
[1697943600] CURRENT SERVICE STATE: SRVADMIN.cass.pmc;Memoria;OK;HARD;1;Memory usage: total:20287.43 MB - used: 16871.14 MB (83%) - free: 3416.28 MB (17%)
[1697943600] CURRENT SERVICE STATE: SRVADMIN.cass.pmc;Ping;OK;HARD;1;PING OK - Packet loss = 0%, RTA = 1.57 ms
[1697943600] CURRENT SERVICE STATE: SRVADMIN.cass.pmc;Tiempo Activo;OK;HARD;1;System Uptime - 95 day(s) 2 hour(s) 13 minute(s)
[1697943600] CURRENT SERVICE STATE: SRVCONT.cass.cl;Actualizacion;OK;HARD;1;OK - no pending updates.
[1697943600] CURRENT SERVICE STATE: SRVCONT.cass.cl;Almacenamiento;OK;HARD;1;c:\ - total: 299.33 Gb - used: 44.94 Gb (15%) - free 254.39 Gb (85%)
[1697943600] CURRENT SERVICE STATE: SRVCONT.cass.cl;CPU;OK;HARD;1;CPU Load 5% (5 min average)
[1697943600] CURRENT SERVICE STATE: SRVCONT.cass.cl;Memoria;OK;HARD;1;Memory usage: total:14143.13 MB - used: 3170.42 MB (22%) - free: 10972.72 MB (78%)
[1697943600] CURRENT SERVICE STATE: SRVCONT.cass.cl;Ping;OK;HARD;1;PING OK - Packet loss = 0%, RTA = 2.23 ms
[1697943600] CURRENT SERVICE STATE: SRVCONT.cass.cl;Tiempo Activo;OK;HARD;1;System Uptime - 11 day(s) 0 hour(s) 24 minute(s)
[1697943600] CURRENT SERVICE STATE: SRVDC1.cass.pmc;Ping;OK;HARD;1;PING OK - Packet loss = 0%, RTA = 1.69 ms
[1697943600] CURRENT SERVICE STATE: SRVDNS;Ping;OK;HARD;1;PING OK - Packet loss = 0%, RTA = 1.06 ms
[1697943600] CURRENT SERVICE STATE: SRVMFSD;Ping;OK;HARD;1;PING OK - Packet loss = 44%, RTA = 1.01 ms
[1697943600] CURRENT SERVICE STATE: SRVWEB_cass.cl;Ping;OK;HARD;1;PING OK - Packet loss = 0%, RTA = 1.11 ms
[1697943600] CURRENT SERVICE STATE: SRV_Cfiler.cass.cl;Actualizacion;OK;HARD;1;Updates OK : no updates available
[1697943600] CURRENT SERVICE STATE: SRV_Cfiler.cass.cl;Almacenamiento /;OK;HARD;1;DISK OK - free space: / 2453684 MB (73% inode=-):
[1697943600] CURRENT SERVICE STATE: SRV_Cfiler.cass.cl;CPU;OK;HARD;1;OK - load average: 0.13, 0.17, 0.16
[1697943600] CURRENT SERVICE STATE: SRV_Cfiler.cass.cl;Http;OK;HARD;1;TCP OK - 0.000 second response time on port 80
[1697943600] CURRENT SERVICE STATE: SRV_Cfiler.cass.cl;Https;OK;HARD;1;TCP OK - 0.000 second response time on port 443
[1697943600] CURRENT SERVICE STATE: SRV_Cfiler.cass.cl;Memoria;OK;HARD;1;[MEMORY] Total: 3893 MB - Used: 1175 MB - 30% [SWAP] Total: 2047 MB - Used: 495 MB - 24%
[1697943600] CURRENT SERVICE STATE: SRV_Cfiler.cass.cl;Procesos;OK;HARD;1;PROCS OK: 308 processes
[1697943600] CURRENT SERVICE STATE: SRV_Cfiler.cass.cl;Procesos Zombies;OK;HARD;1;PROCS OK: 0 processes with STATE = Z
[1697943600] CURRENT SERVICE STATE: SRV_Cfiler.cass.cl;Procs Apache;OK;HARD;1;PROCS OK: 11 processes with args 'apache2'
[1697943600] CURRENT SERVICE STATE: SRV_Cfiler.cass.cl;Serv Apache;OK;HARD;1;OK: Service apache is running!
[1697943600] CURRENT SERVICE STATE: SRV_Cfiler.cass.cl;Servicio General;OK;HARD;1;PING OK - Packet loss = 0%, RTA = 0.75 ms
[1697943600] CURRENT SERVICE STATE: SRV_Cfiler.cass.cl;Tiempo Activo;WARNING;HARD;3;Uptime WARNING: 186 day(s) 1 hour(s) 3 minute(s)
[1697943600] CURRENT SERVICE STATE: SRV_Cfiler.cass.cl;Usuarios Login;OK;HARD;1;USERS OK - 1 users currently logged in
[1697943600] CURRENT SERVICE STATE: SRV_Oraculo_cass.cl;Ping;OK;HARD;1;PING OK - Packet loss = 73%, RTA = 1.30 ms
[1697943600] CURRENT SERVICE STATE: SRV_SOS2021.cass.cl;Actualizacion;OK;HARD;1;Updates OK : no updates available
[1697943600] CURRENT SERVICE STATE: SRV_SOS2021.cass.cl;Almacenamiento /;OK;HARD;1;DISK OK - free space: /var/tmp 118404 MiB (91.13% inode=-):
[1697943600] CURRENT SERVICE STATE: SRV_SOS2021.cass.cl;CPU;OK;HARD;1;OK - load average per CPU: 0.01, 0.02, 0.01
[1697943600] CURRENT SERVICE STATE: SRV_SOS2021.cass.cl;Memoria;OK;HARD;1;[MEMORY] Total: 7946 MB - Used: 1554 MB - 19% [SWAP] Total: 10239 MB - Used: 1 MB - 0%
[1697943600] CURRENT SERVICE STATE: SRV_SOS2021.cass.cl;Ping;OK;HARD;1;PING OK - Packet loss = 0%, RTA = 0.58 ms
[1697943600] CURRENT SERVICE STATE: SRV_SOS2021.cass.cl;Procesos;OK;HARD;1;PROCS OK: 319 processes
[1697943600] CURRENT SERVICE STATE: SRV_SOS2021.cass.cl;Procesos Zombies;OK;HARD;1;PROCS OK: 0 processes with STATE = Z
[1697943600] CURRENT SERVICE STATE: SRV_SOS2021.cass.cl;Tiempo Activo;OK;HARD;1;Uptime OK: 213 day(s) 10 hour(s) 36 minute(s)
[1697943600] CURRENT SERVICE STATE: SRV_SOS2021.cass.cl;Usuarios Login;OK;HARD;1;USERS OK - 0 users currently logged in
[1697943600] CURRENT SERVICE STATE: SRV_SUM;Ping;OK;HARD;1;PING OK - Packet loss = 0%, RTA = 1.00 ms
[1697943600] CURRENT SERVICE STATE: SRV_chat.cass.cl;Actualizacion;OK;HARD;1;Updates OK : no updates available
[1697943600] CURRENT SERVICE STATE: SRV_chat.cass.cl;Almacenamiento /;OK;HARD;1;DISK OK - free space: /var/tmp 965749 MiB (92.38% inode=-):
[1697943600] CURRENT SERVICE STATE: SRV_chat.cass.cl;CPU;OK;HARD;1;OK - load average per CPU: 0.09, 0.10, 0.07
[1697943600] CURRENT SERVICE STATE: SRV_chat.cass.cl;Memoria;OK;HARD;1;[MEMORY] Total: 7919 MB - Used: 3408 MB - 43% [SWAP] Total: 2048 MB - Used: 1045 MB - 51%
[1697943600] CURRENT SERVICE STATE: SRV_chat.cass.cl;Ping;OK;HARD;1;PING OK - Packet loss = 0%, RTA = 0.46 ms
[1697943600] CURRENT SERVICE STATE: SRV_chat.cass.cl;Proceso Docker;OK;HARD;1;PROCS OK: 0 processes with command name 'docker'
[1697943600] CURRENT SERVICE STATE: SRV_chat.cass.cl;Proceso Nginx;OK;HARD;1;PROCS OK: 3 processes with command name 'nginx'
[1697943600] CURRENT SERVICE STATE: SRV_chat.cass.cl;Procesos;OK;HARD;1;PROCS OK: 310 processes
[1697943600] CURRENT SERVICE STATE: SRV_chat.cass.cl;Procesos Zombies;OK;HARD;1;PROCS OK: 1 process with STATE = Z
[1697943600] CURRENT SERVICE STATE: SRV_chat.cass.cl;Puerto Contenedor;OK;HARD;1;TCP OK - 0.000 second response time on port 8000
[1697943600] CURRENT SERVICE STATE: SRV_chat.cass.cl;Puerto HTTP;OK;HARD;1;TCP OK - 0.000 second response time on port 80
[1697943600] CURRENT SERVICE STATE: SRV_chat.cass.cl;Puerto HTTPS;OK;HARD;1;TCP OK - 0.000 second response time on port 443
[1697943600] CURRENT SERVICE STATE: SRV_chat.cass.cl;Puerto Portainer;OK;HARD;1;TCP OK - 0.000 second response time on port 9443
[1697943600] CURRENT SERVICE STATE: SRV_chat.cass.cl;Servicio Docker;OK;HARD;1;OK: Service docker is running!
[1697943600] CURRENT SERVICE STATE: SRV_chat.cass.cl;Servicio Nginx;OK;HARD;1;OK: Service nginx is running!
[1697943600] CURRENT SERVICE STATE: SRV_chat.cass.cl;Usuarios Login;OK;HARD;1;USERS OK - 2 users currently logged in
[1697943600] CURRENT SERVICE STATE: SRV_email.cass.cl;Actualizacion;OK;HARD;1;Updates OK : no updates available
[1697943600] CURRENT SERVICE STATE: SRV_email.cass.cl;Almacenamiento /;OK;HARD;1;DISK OK - free space: /var/tmp 476323 MiB (94.02% inode=-):
[1697943600] CURRENT SERVICE STATE: SRV_email.cass.cl;Almacenamiento Mail;OK;HARD;1;DISK OK - free space: /mail 1799294 MiB (91.88% inode=99%):
[1697943600] CURRENT SERVICE STATE: SRV_email.cass.cl;Almacenamiento Mail2;OK;HARD;1;DISK OK - free space: /mail2 476225 MiB (99.78% inode=100%):
[1697943600] CURRENT SERVICE STATE: SRV_email.cass.cl;CPU;OK;HARD;1;OK - load average per CPU: 0.01, 0.01, 0.01
[1697943600] CURRENT SERVICE STATE: SRV_email.cass.cl;Correo Pop;OK;HARD;1;POP OK - 0.000 second response time on 10.0.2.25 port 110 [+OK GroupWise POP3 server ready]
[1697943600] CURRENT SERVICE STATE: SRV_email.cass.cl;Correo Smtp;OK;HARD;1;SMTP OK - 0.012 sec. response time
[1697943600] CURRENT SERVICE STATE: SRV_email.cass.cl;Memoria;OK;HARD;1;[MEMORY] Total: 11939 MB - Used: 2382 MB - 19% [SWAP] Total: 2048 MB - Used: 233 MB - 11%
[1697943600] CURRENT SERVICE STATE: SRV_email.cass.cl;Ping;OK;HARD;1;PING OK - Packet loss = 50%, RTA = 1.01 ms
[1697943600] CURRENT SERVICE STATE: SRV_email.cass.cl;Procesos;OK;HARD;1;PROCS OK: 304 processes
[1697943600] CURRENT SERVICE STATE: SRV_email.cass.cl;Procesos Zombies;OK;HARD;1;PROCS OK: 0 processes with STATE = Z
[1697943600] CURRENT SERVICE STATE: SRV_email.cass.cl;Tiempo Activo;OK;HARD;1;Uptime OK: 40 day(s) 10 hour(s) 46 minute(s)
[1697943600] CURRENT SERVICE STATE: SRV_email.cass.cl;Usuarios Login;OK;HARD;1;USERS OK - 1 users currently logged in
[1697943600] CURRENT SERVICE STATE: SRV_nagios;Actualizacion;CRITICAL;HARD;4;YUM CRITICAL: 16 Updates Available
[1697943600] CURRENT SERVICE STATE: SRV_nagios;CPU;OK;HARD;1;OK - load average: 0.04, 0.05, 0.05
[1697943600] CURRENT SERVICE STATE: SRV_nagios;Memoria;OK;HARD;1;[MEMORY] Total: 7740 MB - Used: 627 MB - 8% [SWAP] Total: 7935 MB - Used: 0 MB - 0%
[1697943600] CURRENT SERVICE STATE: SRV_nagios;PING;OK;HARD;1;PING OK - Packet loss = 0%, RTA = 0.09 ms
[1697943600] CURRENT SERVICE STATE: SRV_nagios;Procesos;OK;HARD;1;PROCS OK: 113 processes with STATE = RSZDT
[1697943600] CURRENT SERVICE STATE: SRV_nagios;Usarios Login;OK;HARD;1;USERS OK - 0 users currently logged in
[1697943600] CURRENT SERVICE STATE: SRV_sync.cass.cl;Ping;OK;HARD;1;PING OK - Packet loss = 28%, RTA = 0.73 ms
[1697943600] CURRENT SERVICE STATE: Servidor Vcenter;Ping;OK;HARD;1;PING OK - Packet loss = 0%, RTA = 1.12 ms
[1697943600] CURRENT SERVICE STATE: Servidores CASS;Ancho de Banda GE/1/0/3;OK;HARD;1;OK - Average IN: 5.39KB (0.00%), Average OUT: 6.16KB (0.00%)Total RX: 53103.43GBytes, Total TX: 115959.65GBytes
[1697943600] CURRENT SERVICE STATE: Servidores CASS;Estado Puerto 3;OK;HARD;1;OK: Interface GigabitEthernet1/0/3 (index 3) is up.
[1697943600] CURRENT SERVICE STATE: Servidores CASS;Estado Puerto 80;OK;HARD;1;TCP OK - 0.002 second response time on 10.0.0.17 port 80
[1697943600] CURRENT SERVICE STATE: Servidores CASS;Ping;OK;HARD;1;PING OK - Packet loss = 0%, RTA = 1.27 ms
[1697943600] CURRENT SERVICE STATE: Servidores CASS;Tiempo Activo;OK;HARD;1;SNMP OK - Timeticks: (1844233402) 213 days, 10:52:14.02
[1697943600] CURRENT SERVICE STATE: Ups Principal;Carga;OK;HARD;1;OK: Estimated battery charge 98%, approximately 0 minutes runtime remaining.
[1697943600] CURRENT SERVICE STATE: Ups Principal;Estado;OK;HARD;1;OK: Battery Status Normal.
[1697943600] CURRENT SERVICE STATE: Ups Principal;Ping;OK;HARD;1;PING OK - Packet loss = 0%, RTA = 0.97 ms
[1697943600] CURRENT SERVICE STATE: Ups Principal;Temperatura;OK;HARD;1;OK: Battery Temperature is 27 degrees C (80.6 degrees F).
[1697943600] CURRENT SERVICE STATE: Ups Principal;Tiempo Activo;OK;HARD;1;SNMP OK - Timeticks: (258641608) 29 days, 22:26:56.08
[1697943600] CURRENT SERVICE STATE: Veeam2023.cass.pmc;Actualizacion;OK;HARD;1;OK - no pending updates.
[1697943600] CURRENT SERVICE STATE: Veeam2023.cass.pmc;Almacenamiento;OK;HARD;1;c:\ - total: 99.33 Gb - used: 75.92 Gb (76%) - free 23.41 Gb (24%)
[1697943600] CURRENT SERVICE STATE: Veeam2023.cass.pmc;CPU;OK;HARD;1;CPU Load 15% (5 min average)
[1697943600] CURRENT SERVICE STATE: Veeam2023.cass.pmc;Memoria;OK;HARD;1;Memory usage: total:28159.25 MB - used: 11452.87 MB (41%) - free: 16706.39 MB (59%)
[1697943600] CURRENT SERVICE STATE: Veeam2023.cass.pmc;Ping;OK;HARD;1;PING OK - Packet loss = 0%, RTA = 2.02 ms
[1697943600] CURRENT SERVICE STATE: Veeam2023.cass.pmc;Tiempo Activo;OK;HARD;1;System Uptime - 3 day(s) 7 hour(s) 29 minute(s)
[1697943600] CURRENT SERVICE STATE: web_cass_cl;Certificado;OK;HARD;1;SSL OK - Certificate '*.cass.cl' will expire in 65 days on 2023-12-26 20:59 -0300/-03.
[1697943600] CURRENT SERVICE STATE: web_cass_cl;HTTP;OK;HARD;1;HTTP OK: HTTP/1.1 302 Found - 1073 bytes in 0.162 second response time
[1697945002] Auto-save of retention data completed successfully.
[1697948602] Auto-save of retention data completed successfully.
[1697952202] Auto-save of retention data completed successfully.
[1697954444] SERVICE ALERT: FW Gore Los Lagos;Ping;CRITICAL;SOFT;1;PING CRITICAL - Packet loss = 100%
[1697954444] SERVICE ALERT: Gore Los Lagos;Ping;CRITICAL;SOFT;1;PING CRITICAL - Packet loss = 100%
[1697954454] wproc: Core Worker 25165: job 2302599 (pid=17391) timed out. Killing it
[1697954454] wproc: CHECK job 2302599 from worker Core Worker 25165 timed out after 30.01s
[1697954454] wproc:   host=FW Gore Los Lagos; service=(null);
[1697954454] wproc:   early_timeout=1; exited_ok=0; wait_status=0; error_code=62;
[1697954454] Warning: Check of host 'FW Gore Los Lagos' timed out after 30.01 seconds
[1697954454] HOST ALERT: FW Gore Los Lagos;DOWN;SOFT;1;(Host check timed out after 30.01 seconds)
[1697954454] wproc: Core Worker 25165: job 2302599 (pid=17391): Dormant child reaped
[1697954472] wproc: Core Worker 25163: job 2302607 (pid=17505) timed out. Killing it
[1697954472] wproc: CHECK job 2302607 from worker Core Worker 25163 timed out after 30.01s
[1697954472] wproc:   host=Gore Los Lagos; service=(null);
[1697954472] wproc:   early_timeout=1; exited_ok=0; wait_status=0; error_code=62;
[1697954472] Warning: Check of host 'Gore Los Lagos' timed out after 30.01 seconds
[1697954472] HOST ALERT: Gore Los Lagos;DOWN;SOFT;1;(Host check timed out after 30.01 seconds)
[1697954472] wproc: Core Worker 25163: job 2302607 (pid=17505): Dormant child reaped
[1697954476] HOST ALERT: FW Gore Los Lagos;UP;SOFT;1;PING OK - Packet loss = 0%, RTA = 5.53 ms
[1697954508] HOST ALERT: Gore Los Lagos;UP;SOFT;1;PING OK - Packet loss = 0%, RTA = 7.10 ms
[1697954568] SERVICE ALERT: FW Gore Los Lagos;Ping;OK;SOFT;2;PING OK - Packet loss = 0%, RTA = 6.24 ms
[1697954568] SERVICE ALERT: Gore Los Lagos;Ping;OK;SOFT;2;PING OK - Packet loss = 0%, RTA = 6.09 ms
[1697955802] Auto-save of retention data completed successfully.
[1697959402] Auto-save of retention data completed successfully.
[1697960317] SERVICE ALERT: SRV_Cfiler.cass.cl;Actualizacion;CRITICAL;SOFT;1;CHECK_NRPE STATE CRITICAL: Socket timeout after 30 seconds.
[1697960323] SERVICE ALERT: SRV_SOS2021.cass.cl;Actualizacion;CRITICAL;SOFT;1;CHECK_NRPE STATE CRITICAL: Socket timeout after 30 seconds.
[1697960323] SERVICE ALERT: SRV_email.cass.cl;Actualizacion;CRITICAL;SOFT;1;CHECK_NRPE STATE CRITICAL: Socket timeout after 30 seconds.
[1697960459] SERVICE ALERT: SRV_Cfiler.cass.cl;Actualizacion;OK;SOFT;2;Updates OK : no updates available
[1697960465] SERVICE ALERT: SRV_email.cass.cl;Actualizacion;OK;SOFT;2;Updates OK : no updates available
[1697960469] SERVICE ALERT: SRV_SOS2021.cass.cl;Actualizacion;OK;SOFT;2;Updates OK : no updates available
[1697960592] SERVICE ALERT: Veeam2023.cass.pmc;Actualizacion;CRITICAL;SOFT;1;Updates: 1 critical, 0 optional
[1697960718] SERVICE ALERT: Veeam2023.cass.pmc;Actualizacion;CRITICAL;SOFT;2;Updates: 1 critical, 0 optional
[1697960844] SERVICE ALERT: Veeam2023.cass.pmc;Actualizacion;CRITICAL;HARD;3;Updates: 1 critical, 0 optional
[1697961001] SERVICE ALERT: SRV_Cfiler.cass.cl;Actualizacion;UNKNOWN;SOFT;1;CHECK_NRPE: Receive header underflow - only 0 bytes received (4 expected).
[1697961135] SERVICE ALERT: SRV_Cfiler.cass.cl;Actualizacion;OK;SOFT;2;Updates OK : no updates available
[1697963002] Auto-save of retention data completed successfully.
[1697963499] SERVICE ALERT: SRV_SOS2021.cass.cl;Actualizacion;CRITICAL;SOFT;1;CHECK_NRPE STATE CRITICAL: Socket timeout after 30 seconds.
[1697963632] SERVICE ALERT: SRV_SOS2021.cass.cl;Actualizacion;OK;SOFT;2;Updates OK : no updates available
[1697964001] SERVICE ALERT: SRV_SOS2021.cass.cl;Actualizacion;UNKNOWN;SOFT;1;CHECK_NRPE: Receive header underflow - only 0 bytes received (4 expected).
[1697964136] SERVICE ALERT: SRV_SOS2021.cass.cl;Actualizacion;OK;SOFT;2;Updates OK : no updates available
[1697966602] Auto-save of retention data completed successfully.
[1697968895] SERVICE ALERT: SRV_email.cass.cl;Actualizacion;CRITICAL;SOFT;1;CHECK_NRPE STATE CRITICAL: Socket timeout after 30 seconds.
[1697968896] SERVICE ALERT: SRV_chat.cass.cl;Actualizacion;CRITICAL;SOFT;1;CHECK_NRPE STATE CRITICAL: Socket timeout after 30 seconds.
[1697968905] SERVICE ALERT: SRV_Cfiler.cass.cl;Actualizacion;CRITICAL;SOFT;1;CHECK_NRPE STATE CRITICAL: Socket timeout after 30 seconds.
[1697968906] SERVICE ALERT: SRV_SOS2021.cass.cl;Actualizacion;CRITICAL;SOFT;1;CHECK_NRPE STATE CRITICAL: Socket timeout after 30 seconds.
[1697969027] SERVICE ALERT: SRV_email.cass.cl;Actualizacion;OK;SOFT;2;Updates OK : no updates available
[1697969028] SERVICE ALERT: SRV_chat.cass.cl;Actualizacion;OK;SOFT;2;Updates OK : no updates available
[1697969038] SERVICE ALERT: SRV_Cfiler.cass.cl;Actualizacion;OK;SOFT;2;Updates OK : no updates available
[1697969039] SERVICE ALERT: SRV_SOS2021.cass.cl;Actualizacion;OK;SOFT;2;Updates OK : no updates available
[1697969401] SERVICE ALERT: SRV_Cfiler.cass.cl;Actualizacion;UNKNOWN;SOFT;1;CHECK_NRPE: Receive header underflow - only 0 bytes received (4 expected).
[1697969401] SERVICE ALERT: SRV_SOS2021.cass.cl;Actualizacion;UNKNOWN;SOFT;1;CHECK_NRPE: Receive header underflow - only 0 bytes received (4 expected).
[1697969533] SERVICE ALERT: SRV_Cfiler.cass.cl;Actualizacion;OK;SOFT;2;Updates OK : no updates available
[1697969533] SERVICE ALERT: SRV_SOS2021.cass.cl;Actualizacion;OK;SOFT;2;Updates OK : no updates available
[1697970202] Auto-save of retention data completed successfully.
[1697973802] Auto-save of retention data completed successfully.
[1697974201] SERVICE ALERT: SRV_chat.cass.cl;Actualizacion;UNKNOWN;SOFT;1;CHECK_NRPE: Receive header underflow - only 0 bytes received (4 expected).
[1697974333] SERVICE ALERT: SRV_chat.cass.cl;Actualizacion;OK;SOFT;2;Updates OK : no updates available
[1697976103] SERVICE ALERT: SRV_SOS2021.cass.cl;Actualizacion;CRITICAL;SOFT;1;CHECK_NRPE STATE CRITICAL: Socket timeout after 30 seconds.
[1697976235] SERVICE ALERT: SRV_SOS2021.cass.cl;Actualizacion;OK;SOFT;2;Updates OK : no updates available
[1697976601] SERVICE ALERT: SRV_SOS2021.cass.cl;Actualizacion;UNKNOWN;SOFT;1;CHECK_NRPE: Receive header underflow - only 0 bytes received (4 expected).
[1697976734] SERVICE ALERT: SRV_SOS2021.cass.cl;Actualizacion;OK;SOFT;2;Updates OK : no updates available
[1697977402] Auto-save of retention data completed successfully.
[1697981002] Auto-save of retention data completed successfully.
[1697984602] Auto-save of retention data completed successfully.
[1697988202] Auto-save of retention data completed successfully.
[1697990477] SERVICE ALERT: SRV_email.cass.cl;Actualizacion;CRITICAL;SOFT;1;CHECK_NRPE STATE CRITICAL: Socket timeout after 30 seconds.
[1697990503] SERVICE ALERT: SRV_Cfiler.cass.cl;Actualizacion;CRITICAL;SOFT;1;CHECK_NRPE STATE CRITICAL: Socket timeout after 30 seconds.
[1697990503] SERVICE ALERT: SRV_chat.cass.cl;Actualizacion;CRITICAL;SOFT;1;CHECK_NRPE STATE CRITICAL: Socket timeout after 30 seconds.
[1697990504] SERVICE ALERT: SRV_SOS2021.cass.cl;Actualizacion;CRITICAL;SOFT;1;CHECK_NRPE STATE CRITICAL: Socket timeout after 30 seconds.
[1697990609] SERVICE ALERT: SRV_email.cass.cl;Actualizacion;OK;SOFT;2;Updates OK : no updates available
[1697990637] SERVICE ALERT: SRV_SOS2021.cass.cl;Actualizacion;OK;SOFT;2;Updates OK : no updates available
[1697990637] SERVICE ALERT: SRV_Cfiler.cass.cl;Actualizacion;OK;SOFT;2;Updates OK : no updates available
[1697990637] SERVICE ALERT: SRV_chat.cass.cl;Actualizacion;OK;SOFT;2;Updates OK : no updates available
[1697991001] SERVICE ALERT: SRV_chat.cass.cl;Actualizacion;UNKNOWN;SOFT;1;CHECK_NRPE: Receive header underflow - only 0 bytes received (4 expected).
[1697991001] SERVICE ALERT: SRV_SOS2021.cass.cl;Actualizacion;UNKNOWN;SOFT;1;CHECK_NRPE: Receive header underflow - only 0 bytes received (4 expected).
[1697991001] SERVICE ALERT: SRV_Cfiler.cass.cl;Actualizacion;UNKNOWN;SOFT;1;CHECK_NRPE: Receive header underflow - only 0 bytes received (4 expected).
[1697991133] SERVICE ALERT: SRV_chat.cass.cl;Actualizacion;OK;SOFT;2;Updates OK : no updates available
[1697991133] SERVICE ALERT: SRV_Cfiler.cass.cl;Actualizacion;OK;SOFT;2;Updates OK : no updates available
[1697991133] SERVICE ALERT: SRV_SOS2021.cass.cl;Actualizacion;OK;SOFT;2;Updates OK : no updates available
[1697991802] Auto-save of retention data completed successfully.
[1697995402] Auto-save of retention data completed successfully.
[1697999002] Auto-save of retention data completed successfully.
[1697999459] SERVICE ALERT: SRV_email.cass.cl;Actualizacion;CRITICAL;SOFT;1;CHECK_NRPE STATE CRITICAL: Socket timeout after 30 seconds.
[1697999503] SERVICE ALERT: SRV_SOS2021.cass.cl;Actualizacion;CRITICAL;SOFT;1;CHECK_NRPE STATE CRITICAL: Socket timeout after 30 seconds.
[1697999592] SERVICE ALERT: SRV_email.cass.cl;Actualizacion;OK;SOFT;2;Updates OK : no updates available
[1697999635] SERVICE ALERT: SRV_SOS2021.cass.cl;Actualizacion;OK;SOFT;2;Updates OK : no updates available
[1698000001] SERVICE ALERT: SRV_SOS2021.cass.cl;Actualizacion;UNKNOWN;SOFT;1;CHECK_NRPE: Receive header underflow - only 0 bytes received (4 expected).
[1698000133] SERVICE ALERT: SRV_SOS2021.cass.cl;Actualizacion;OK;SOFT;2;Updates OK : no updates available
[1698001302] SERVICE ALERT: SRV_email.cass.cl;Actualizacion;CRITICAL;SOFT;1;CHECK_NRPE STATE CRITICAL: Socket timeout after 30 seconds.
[1698001303] SERVICE ALERT: SRV_SOS2021.cass.cl;Actualizacion;CRITICAL;SOFT;1;CHECK_NRPE STATE CRITICAL: Socket timeout after 30 seconds.
[1698001303] SERVICE ALERT: SRV_Cfiler.cass.cl;Actualizacion;CRITICAL;SOFT;1;CHECK_NRPE STATE CRITICAL: Socket timeout after 30 seconds.
[1698001303] SERVICE ALERT: SRV_chat.cass.cl;Actualizacion;CRITICAL;SOFT;1;CHECK_NRPE STATE CRITICAL: Socket timeout after 30 seconds.
[1698001434] SERVICE ALERT: SRV_email.cass.cl;Actualizacion;OK;SOFT;2;Updates OK : no updates available
[1698001435] SERVICE ALERT: SRV_Cfiler.cass.cl;Actualizacion;OK;SOFT;2;Updates OK : no updates available
[1698001436] SERVICE ALERT: SRV_SOS2021.cass.cl;Actualizacion;OK;SOFT;2;Updates OK : no updates available
[1698001436] SERVICE ALERT: SRV_chat.cass.cl;Actualizacion;OK;SOFT;2;Updates OK : no updates available
[1698001801] SERVICE ALERT: SRV_chat.cass.cl;Actualizacion;UNKNOWN;SOFT;1;CHECK_NRPE: Receive header underflow - only 0 bytes received (4 expected).
[1698001801] SERVICE ALERT: SRV_email.cass.cl;Actualizacion;UNKNOWN;SOFT;1;CHECK_NRPE: Receive header underflow - only 0 bytes received (4 expected).
[1698001802] SERVICE ALERT: SRV_SOS2021.cass.cl;Actualizacion;UNKNOWN;SOFT;1;CHECK_NRPE: Receive header underflow - only 0 bytes received (4 expected).
[1698001802] SERVICE ALERT: SRV_Cfiler.cass.cl;Actualizacion;UNKNOWN;SOFT;1;CHECK_NRPE: Receive header underflow - only 0 bytes received (4 expected).
[1698001933] SERVICE ALERT: SRV_chat.cass.cl;Actualizacion;OK;SOFT;2;Updates OK : no updates available
[1698001933] SERVICE ALERT: SRV_email.cass.cl;Actualizacion;OK;SOFT;2;Updates OK : no updates available
[1698001935] SERVICE ALERT: SRV_Cfiler.cass.cl;Actualizacion;OK;SOFT;2;Updates OK : no updates available
[1698001935] SERVICE ALERT: SRV_SOS2021.cass.cl;Actualizacion;OK;SOFT;2;Updates OK : no updates available
[1698002602] Auto-save of retention data completed successfully.
[1698003822] SERVICE ALERT: Veeam2023.cass.pmc;Actualizacion;OK;HARD;1;OK - no pending updates.
[1698004363] SERVICE ALERT: SRV_chat.cass.cl;Actualizacion;CRITICAL;SOFT;1;CHECK_NRPE STATE CRITICAL: Socket timeout after 30 seconds.
[1698004365] SERVICE ALERT: SRV_SOS2021.cass.cl;Actualizacion;CRITICAL;SOFT;1;CHECK_NRPE STATE CRITICAL: Socket timeout after 30 seconds.
[1698004495] SERVICE ALERT: SRV_chat.cass.cl;Actualizacion;OK;SOFT;2;Updates OK : no updates available
[1698004497] SERVICE ALERT: SRV_SOS2021.cass.cl;Actualizacion;OK;SOFT;2;Updates OK : no updates available
[1698004802] SERVICE ALERT: SRV_chat.cass.cl;Actualizacion;UNKNOWN;SOFT;1;CHECK_NRPE: Receive header underflow - only 0 bytes received (4 expected).
[1698004802] SERVICE ALERT: SRV_SOS2021.cass.cl;Actualizacion;UNKNOWN;SOFT;1;CHECK_NRPE: Receive header underflow - only 0 bytes received (4 expected).
[1698004937] SERVICE ALERT: SRV_chat.cass.cl;Actualizacion;OK;SOFT;2;Updates OK : no updates available
[1698004937] SERVICE ALERT: SRV_SOS2021.cass.cl;Actualizacion;OK;SOFT;2;Updates OK : no updates available
[1698006202] Auto-save of retention data completed successfully.
[1698008448] SERVICE ALERT: SRV_SOS2021.cass.cl;Actualizacion;CRITICAL;SOFT;1;CHECK_NRPE STATE CRITICAL: Socket timeout after 30 seconds.
[1698008563] SERVICE ALERT: SRV_email.cass.cl;Actualizacion;CRITICAL;SOFT;1;CHECK_NRPE STATE CRITICAL: Socket timeout after 30 seconds.
[1698008565] SERVICE ALERT: SRV_Cfiler.cass.cl;Actualizacion;CRITICAL;SOFT;1;CHECK_NRPE STATE CRITICAL: Socket timeout after 30 seconds.
[1698008567] SERVICE ALERT: SRV_chat.cass.cl;Actualizacion;CRITICAL;SOFT;1;CHECK_NRPE STATE CRITICAL: Socket timeout after 30 seconds.
[1698008587] SERVICE ALERT: SRV_SOS2021.cass.cl;Actualizacion;OK;SOFT;2;Updates OK : no updates available
[1698008695] SERVICE ALERT: SRV_email.cass.cl;Actualizacion;OK;SOFT;2;Updates OK : no updates available
[1698008697] SERVICE ALERT: SRV_Cfiler.cass.cl;Actualizacion;OK;SOFT;2;Updates OK : no updates available
[1698008699] SERVICE ALERT: SRV_chat.cass.cl;Actualizacion;OK;SOFT;2;Updates OK : no updates available
[1698009001] SERVICE ALERT: SRV_Cfiler.cass.cl;Actualizacion;UNKNOWN;SOFT;1;CHECK_NRPE: Receive header underflow - only 0 bytes received (4 expected).
[1698009001] SERVICE ALERT: SRV_chat.cass.cl;Actualizacion;UNKNOWN;SOFT;1;CHECK_NRPE: Receive header underflow - only 0 bytes received (4 expected).
[1698009002] SERVICE ALERT: SRV_email.cass.cl;Actualizacion;UNKNOWN;SOFT;1;CHECK_NRPE: Receive header underflow - only 0 bytes received (4 expected).
[1698009133] SERVICE ALERT: SRV_chat.cass.cl;Actualizacion;OK;SOFT;2;Updates OK : no updates available
[1698009134] SERVICE ALERT: SRV_email.cass.cl;Actualizacion;OK;SOFT;2;Updates OK : no updates available
[1698009134] SERVICE ALERT: SRV_Cfiler.cass.cl;Actualizacion;OK;SOFT;2;Updates OK : no updates available
[1698009802] Auto-save of retention data completed successfully.
[1698010537] SERVICE ALERT: SRV_SOS2021.cass.cl;Actualizacion;CRITICAL;SOFT;1;CHECK_NRPE STATE CRITICAL: Socket timeout after 30 seconds.
[1698010673] SERVICE ALERT: SRV_SOS2021.cass.cl;Actualizacion;OK;SOFT;2;Updates OK : no updates available
[1698010802] SERVICE ALERT: SRV_SOS2021.cass.cl;Actualizacion;UNKNOWN;SOFT;1;CHECK_NRPE: Receive header underflow - only 0 bytes received (4 expected).
[1698010933] SERVICE ALERT: SRV_SOS2021.cass.cl;Actualizacion;OK;SOFT;2;Updates OK : no updates available
[1698012523] SERVICE ALERT: SRV_SOS2021.cass.cl;Actualizacion;CRITICAL;SOFT;1;CHECK_NRPE STATE CRITICAL: Socket timeout after 30 seconds.
[1698012669] SERVICE ALERT: SRV_SOS2021.cass.cl;Actualizacion;OK;SOFT;2;Updates OK : no updates available
[1698013402] Auto-save of retention data completed successfully.
[1698017002] Auto-save of retention data completed successfully.
[1698020602] Auto-save of retention data completed successfully.
[1698020739] SERVICE ALERT: SRV_SOS2021.cass.cl;Actualizacion;CRITICAL;SOFT;1;CHECK_NRPE STATE CRITICAL: Socket timeout after 30 seconds.
[1698020743] SERVICE ALERT: SRV_chat.cass.cl;Actualizacion;CRITICAL;SOFT;1;CHECK_NRPE STATE CRITICAL: Socket timeout after 30 seconds.
[1698020871] SERVICE ALERT: SRV_SOS2021.cass.cl;Actualizacion;OK;SOFT;2;Updates OK : no updates available
[1698020875] SERVICE ALERT: SRV_chat.cass.cl;Actualizacion;OK;SOFT;2;Updates OK : no updates available
[1698021001] SERVICE ALERT: SRV_SOS2021.cass.cl;Actualizacion;UNKNOWN;SOFT;1;CHECK_NRPE: Receive header underflow - only 0 bytes received (4 expected).
[1698021001] SERVICE ALERT: SRV_chat.cass.cl;Actualizacion;UNKNOWN;SOFT;1;CHECK_NRPE: Receive header underflow - only 0 bytes received (4 expected).
[1698021134] SERVICE ALERT: SRV_SOS2021.cass.cl;Actualizacion;OK;SOFT;2;Updates OK : no updates available
[1698021134] SERVICE ALERT: SRV_chat.cass.cl;Actualizacion;OK;SOFT;2;Updates OK : no updates available
[1698021464] SERVICE ALERT: SRV_Cfiler.cass.cl;Actualizacion;CRITICAL;SOFT;1;CHECK_NRPE STATE CRITICAL: Socket timeout after 30 seconds.
[1698021464] SERVICE ALERT: SRV_chat.cass.cl;Actualizacion;CRITICAL;SOFT;1;CHECK_NRPE STATE CRITICAL: Socket timeout after 30 seconds.
[1698021464] SERVICE ALERT: SRV_SOS2021.cass.cl;Actualizacion;CRITICAL;SOFT;1;CHECK_NRPE STATE CRITICAL: Socket timeout after 30 seconds.
[1698021464] SERVICE ALERT: SRV_email.cass.cl;Actualizacion;CRITICAL;SOFT;1;CHECK_NRPE STATE CRITICAL: Socket timeout after 30 seconds.
[1698021596] SERVICE ALERT: SRV_Cfiler.cass.cl;Actualizacion;OK;SOFT;2;Updates OK : no updates available
[1698021597] SERVICE ALERT: SRV_email.cass.cl;Actualizacion;OK;SOFT;2;Updates OK : no updates available
[1698021597] SERVICE ALERT: SRV_SOS2021.cass.cl;Actualizacion;OK;SOFT;2;Updates OK : no updates available
[1698021597] SERVICE ALERT: SRV_chat.cass.cl;Actualizacion;OK;SOFT;2;Updates OK : no updates available
[1698022201] SERVICE ALERT: SRV_chat.cass.cl;Actualizacion;UNKNOWN;SOFT;1;CHECK_NRPE: Receive header underflow - only 0 bytes received (4 expected).
[1698022201] SERVICE ALERT: SRV_email.cass.cl;Actualizacion;UNKNOWN;SOFT;1;CHECK_NRPE: Receive header underflow - only 0 bytes received (4 expected).
[1698022202] SERVICE ALERT: SRV_SOS2021.cass.cl;Actualizacion;UNKNOWN;SOFT;1;CHECK_NRPE: Receive header underflow - only 0 bytes received (4 expected).
[1698022203] SERVICE ALERT: SRV_Cfiler.cass.cl;Actualizacion;UNKNOWN;SOFT;1;CHECK_NRPE: Receive header underflow - only 0 bytes received (4 expected).
[1698022333] SERVICE ALERT: SRV_email.cass.cl;Actualizacion;OK;SOFT;2;Updates OK : no updates available
[1698022334] SERVICE ALERT: SRV_chat.cass.cl;Actualizacion;OK;SOFT;2;Updates OK : no updates available
[1698022334] SERVICE ALERT: SRV_SOS2021.cass.cl;Actualizacion;OK;SOFT;2;Updates OK : no updates available
[1698022335] SERVICE ALERT: SRV_Cfiler.cass.cl;Actualizacion;OK;SOFT;2;Updates OK : no updates available
[1698024202] Auto-save of retention data completed successfully.
[1698026564] SERVICE ALERT: SRV_chat.cass.cl;Actualizacion;CRITICAL;SOFT;1;CHECK_NRPE STATE CRITICAL: Socket timeout after 30 seconds.
[1698026565] SERVICE ALERT: SRV_Cfiler.cass.cl;Actualizacion;CRITICAL;SOFT;1;CHECK_NRPE STATE CRITICAL: Socket timeout after 30 seconds.
[1698026696] SERVICE ALERT: SRV_chat.cass.cl;Actualizacion;OK;SOFT;2;Updates OK : no updates available
[1698026697] SERVICE ALERT: SRV_Cfiler.cass.cl;Actualizacion;OK;SOFT;2;Updates OK : no updates available
[1698027001] SERVICE ALERT: SRV_chat.cass.cl;Actualizacion;UNKNOWN;SOFT;1;CHECK_NRPE: Receive header underflow - only 0 bytes received (4 expected).
[1698027001] SERVICE ALERT: SRV_Cfiler.cass.cl;Actualizacion;UNKNOWN;SOFT;1;CHECK_NRPE: Receive header underflow - only 0 bytes received (4 expected).
[1698027134] SERVICE ALERT: SRV_Cfiler.cass.cl;Actualizacion;OK;SOFT;2;Updates OK : no updates available
[1698027135] SERVICE ALERT: SRV_chat.cass.cl;Actualizacion;OK;SOFT;2;Updates OK : no updates available
[1698027802] Auto-save of retention data completed successfully.
