[1715140800] LOG ROTATION: DAILY
[1715140800] LOG VERSION: 2.0
[1715140800] CURRENT HOST STATE: ADL Diagnostic;UP;HARD;1;PING OK - Packet loss = 0%, RTA = 35.41 ms
[1715140800] CURRENT HOST STATE: Blueshell;UP;HARD;1;PING OK - Packet loss = 0%, RTA = 3.18 ms
[1715140800] CURRENT HOST STATE: Cass Entel;UP;HARD;1;PING OK - Packet loss = 0%, RTA = 0.59 ms
[1715140800] CURRENT HOST STATE: Cass Telsur;UP;HARD;1;PING OK - Packet loss = 0%, RTA = 1.13 ms
[1715140800] CURRENT HOST STATE: Clinica PV Movistar;UP;HARD;1;PING OK - Packet loss = 0%, RTA = 32.19 ms
[1715140800] CURRENT HOST STATE: Clinica PV Telsur;UP;HARD;1;PING OK - Packet loss = 0%, RTA = 1.36 ms
[1715140800] CURRENT HOST STATE: Confe;UP;HARD;1;PING OK - Packet loss = 0%, RTA = 39.10 ms
[1715140800] CURRENT HOST STATE: Electric Works;UP;HARD;1;PING OK - Packet loss = 0%, RTA = 32.31 ms
[1715140800] CURRENT HOST STATE: Exper03.exxperience.cl;UP;HARD;1;PING OK - Packet loss = 0%, RTA = 1.86 ms
[1715140800] CURRENT HOST STATE: Ext Entel;UP;HARD;1;PING OK - Packet loss = 0%, RTA = 0.60 ms
[1715140800] CURRENT HOST STATE: Ext Telsur;UP;HARD;1;PING OK - Packet loss = 0%, RTA = 1.05 ms
[1715140800] CURRENT HOST STATE: FW ADL Diagnostic;UP;HARD;1;PING OK - Packet loss = 0%, RTA = 34.03 ms
[1715140800] CURRENT HOST STATE: FW Blueshell;UP;HARD;1;PING OK - Packet loss = 0%, RTA = 3.25 ms
[1715140800] CURRENT HOST STATE: FW Cass Entel;UP;HARD;1;PING OK - Packet loss = 0%, RTA = 33.92 ms
[1715140800] CURRENT HOST STATE: FW Cass Telsur;UP;HARD;1;PING OK - Packet loss = 0%, RTA = 0.66 ms
[1715140800] CURRENT HOST STATE: FW Clinica PV Movistar;UP;HARD;1;PING OK - Packet loss = 0%, RTA = 34.51 ms
[1715140800] CURRENT HOST STATE: FW Clinica PV Telsur;UP;HARD;1;PING OK - Packet loss = 16%, RTA = 1.52 ms
[1715140800] CURRENT HOST STATE: FW Confe;UP;HARD;1;PING OK - Packet loss = 0%, RTA = 38.70 ms
[1715140800] CURRENT HOST STATE: FW Electric Works;UP;HARD;1;PING OK - Packet loss = 0%, RTA = 34.51 ms
[1715140800] CURRENT HOST STATE: FW Gore Los Lagos;UP;HARD;1;PING OK - Packet loss = 0%, RTA = 0.97 ms
[1715140800] CURRENT HOST STATE: FW OyC;UP;HARD;1;PING OK - Packet loss = 0%, RTA = 43.45 ms
[1715140800] CURRENT HOST STATE: FW Pasmar;UP;HARD;1;PING OK - Packet loss = 0%, RTA = 1.19 ms
[1715140800] CURRENT HOST STATE: Gore Los Lagos;UP;HARD;1;PING OK - Packet loss = 0%, RTA = 1.35 ms
[1715140800] CURRENT HOST STATE: Host-10.0.0.120;UP;HARD;1;PING OK - Packet loss = 0%, RTA = 0.50 ms
[1715140800] CURRENT HOST STATE: Host-10.0.0.121;UP;HARD;1;PING OK - Packet loss = 0%, RTA = 0.49 ms
[1715140800] CURRENT HOST STATE: Host-10.0.0.124;UP;HARD;1;PING OK - Packet loss = 0%, RTA = 0.50 ms
[1715140800] CURRENT HOST STATE: Internet;UP;HARD;1;PING OK - Packet loss = 0%, RTA = 18.57 ms
[1715140800] CURRENT HOST STATE: OyC Entel;UP;HARD;1;PING OK - Packet loss = 0%, RTA = 39.38 ms
[1715140800] CURRENT HOST STATE: OyC Teledata;UP;HARD;1;PING OK - Packet loss = 0%, RTA = 43.27 ms
[1715140800] CURRENT HOST STATE: Pasmar;UP;HARD;1;PING OK - Packet loss = 0%, RTA = 0.89 ms
[1715140800] CURRENT HOST STATE: Qnap NAS;UP;HARD;1;PING OK - Packet loss = 0%, RTA = 1.59 ms
[1715140800] CURRENT HOST STATE: SRV01USER_cass.cl;UP;HARD;1;PING OK - Packet loss = 0%, RTA = 2.44 ms
[1715140800] CURRENT HOST STATE: SRV04AD01.cass.cl;UP;HARD;1;PING OK - Packet loss = 0%, RTA = 1.09 ms
[1715140800] CURRENT HOST STATE: SRV05AD02_cass.cl;UP;HARD;1;PING OK - Packet loss = 0%, RTA = 1.35 ms
[1715140800] CURRENT HOST STATE: SRV05AD2_cass.pmc;UP;HARD;1;PING OK - Packet loss = 0%, RTA = 1.75 ms
[1715140800] CURRENT HOST STATE: SRV11VIBE_cass.cl;UP;HARD;1;PING OK - Packet loss = 0%, RTA = 1.28 ms
[1715140800] CURRENT HOST STATE: SRVAD1.cass.pmc;UP;HARD;1;PING OK - Packet loss = 0%, RTA = 1.86 ms
[1715140800] CURRENT HOST STATE: SRVAD2.cass.pmc;UP;HARD;1;PING OK - Packet loss = 0%, RTA = 1.53 ms
[1715140800] CURRENT HOST STATE: SRVADMIN.cass.pmc;UP;HARD;1;PING OK - Packet loss = 0%, RTA = 2.18 ms
[1715140800] CURRENT HOST STATE: SRVCONT.cass.cl;UP;HARD;1;PING OK - Packet loss = 0%, RTA = 3.64 ms
[1715140800] CURRENT HOST STATE: SRVDC01_cass.pmc;UP;HARD;1;PING OK - Packet loss = 0%, RTA = 1.45 ms
[1715140800] CURRENT HOST STATE: SRVDC1.cass.pmc;UP;HARD;1;PING OK - Packet loss = 0%, RTA = 1.28 ms
[1715140800] CURRENT HOST STATE: SRVDNS;UP;HARD;1;PING OK - Packet loss = 0%, RTA = 1.39 ms
[1715140800] CURRENT HOST STATE: SRVWEB_cass.cl;UP;HARD;1;PING OK - Packet loss = 0%, RTA = 1.30 ms
[1715140800] CURRENT HOST STATE: SRV_Cfiler.cass.cl;UP;HARD;1;PING OK - Packet loss = 0%, RTA = 0.62 ms
[1715140800] CURRENT HOST STATE: SRV_GLPI;UP;HARD;1;PING OK - Packet loss = 0%, RTA = 0.59 ms
[1715140800] CURRENT HOST STATE: SRV_GXConsultores;UP;HARD;1;PING OK - Packet loss = 0%, RTA = 1.10 ms
[1715140800] CURRENT HOST STATE: SRV_Oraculo_cass.cl;UP;HARD;1;PING OK - Packet loss = 0%, RTA = 1.30 ms
[1715140800] CURRENT HOST STATE: SRV_Prometheus;UP;HARD;1;PING OK - Packet loss = 0%, RTA = 0.71 ms
[1715140800] CURRENT HOST STATE: SRV_SOS2021.cass.cl;UP;HARD;1;PING OK - Packet loss = 0%, RTA = 0.63 ms
[1715140800] CURRENT HOST STATE: SRV_SUM;UP;HARD;1;PING OK - Packet loss = 0%, RTA = 1.44 ms
[1715140800] CURRENT HOST STATE: SRV_Sharepoint;UP;HARD;1;PING OK - Packet loss = 0%, RTA = 1.27 ms
[1715140800] CURRENT HOST STATE: SRV_Soporte;UP;HARD;1;PING OK - Packet loss = 0%, RTA = 3.03 ms
[1715140800] CURRENT HOST STATE: SRV_VeeamOne;DOWN;HARD;10;CRITICAL - Host Unreachable (10.0.0.101)
[1715140800] CURRENT HOST STATE: SRV_chat.cass.cl;UP;HARD;1;PING OK - Packet loss = 0%, RTA = 0.53 ms
[1715140800] CURRENT HOST STATE: SRV_email.cass.cl;UP;HARD;1;PING OK - Packet loss = 0%, RTA = 1.15 ms
[1715140800] CURRENT HOST STATE: SRV_nagios;UP;HARD;1;PING OK - Packet loss = 0%, RTA = 0.09 ms
[1715140800] CURRENT HOST STATE: SRV_sync.cass.cl;UP;HARD;1;PING OK - Packet loss = 0%, RTA = 1.17 ms
[1715140800] CURRENT HOST STATE: Servidor Vcenter;UP;HARD;1;PING OK - Packet loss = 0%, RTA = 0.59 ms
[1715140800] CURRENT HOST STATE: Servidores CASS;UP;HARD;1;PING OK - Packet loss = 0%, RTA = 1.23 ms
[1715140800] CURRENT HOST STATE: Ups Principal;DOWN;HARD;10;CRITICAL - Host Unreachable (192.168.10.19)
[1715140800] CURRENT HOST STATE: Veeam2023.cass.pmc;UP;HARD;1;PING OK - Packet loss = 0%, RTA = 2.37 ms
[1715140800] CURRENT HOST STATE: web_cass_cl;UP;HARD;1;PING OK - Packet loss = 0%, RTA = 0.63 ms
[1715140800] CURRENT SERVICE STATE: ADL Diagnostic;Ping;OK;HARD;1;PING OK - Packet loss = 0%, RTA = 35.55 ms
[1715140800] CURRENT SERVICE STATE: Blueshell;Ping;OK;HARD;1;PING OK - Packet loss = 0%, RTA = 3.22 ms
[1715140800] CURRENT SERVICE STATE: Clinica PV Movistar;Ping;OK;HARD;1;PING OK - Packet loss = 0%, RTA = 31.66 ms
[1715140800] CURRENT SERVICE STATE: Confe;Ping;OK;HARD;1;PING OK - Packet loss = 0%, RTA = 59.51 ms
[1715140800] CURRENT SERVICE STATE: Electric Works;Ping;OK;HARD;1;PING OK - Packet loss = 0%, RTA = 32.24 ms
[1715140800] CURRENT SERVICE STATE: Ext Telsur;Ping;OK;HARD;1;PING OK - Packet loss = 0%, RTA = 1.28 ms
[1715140800] CURRENT SERVICE STATE: FW ADL Diagnostic;Ping;OK;HARD;1;PING OK - Packet loss = 0%, RTA = 33.90 ms
[1715140800] CURRENT SERVICE STATE: FW Blueshell;Ping;OK;HARD;1;PING OK - Packet loss = 0%, RTA = 3.19 ms
[1715140800] CURRENT SERVICE STATE: FW Cass Entel;Ping;OK;HARD;1;PING OK - Packet loss = 0%, RTA = 34.03 ms
[1715140800] CURRENT SERVICE STATE: FW Cass Telsur;Ancho de Banda DMZ;OK;HARD;1;OK - Average IN: 8.13KB (0.01%), Average OUT: 5.36KB (0.00%)Total RX: 30.48GBytes, Total TX: 19.76GBytes
[1715140800] CURRENT SERVICE STATE: FW Cass Telsur;Ancho de Banda LAN;OK;HARD;1;OK - Average IN: 560.70B (0.00%), Average OUT: 1.25KB (0.00%)Total RX: 459.70GBytes, Total TX: 642.91GBytes
[1715140800] CURRENT SERVICE STATE: FW Cass Telsur;Ancho de Banda WAN;OK;HARD;1;OK - Average IN: 40.12B (0.00%), Average OUT: 11.18B (0.00%)Total RX: 4157.94GBytes, Total TX: 5246.41GBytes
[1715140800] CURRENT SERVICE STATE: FW Cass Telsur;Estado Puerto DMZ;OK;HARD;1;OK: Interface eth2 (index 4) is up.
[1715140800] CURRENT SERVICE STATE: FW Cass Telsur;Estado Puerto LAN;OK;HARD;1;OK: Interface eth0 (index 2) is up.
[1715140800] CURRENT SERVICE STATE: FW Cass Telsur;Estado Puerto WAN;OK;HARD;1;OK: Interface eth1 (index 3) is up.
[1715140800] CURRENT SERVICE STATE: FW Cass Telsur;Estado TCP Sophos;OK;HARD;1;TCP OK - 0.001 second response time on 201.220.96.34 port 4444
[1715140800] CURRENT SERVICE STATE: FW Cass Telsur;Ping;OK;HARD;1;PING OK - Packet loss = 16%, RTA = 0.66 ms
[1715140800] CURRENT SERVICE STATE: FW Cass Telsur;Tiempo Activo;OK;HARD;1;SNMP OK - Timeticks: (190403335) 22 days, 0:53:53.35
[1715140800] CURRENT SERVICE STATE: FW Clinica PV Movistar;Ping;OK;HARD;1;PING OK - Packet loss = 37%, RTA = 34.46 ms
[1715140800] CURRENT SERVICE STATE: FW Confe;Ping;OK;HARD;1;PING OK - Packet loss = 0%, RTA = 38.62 ms
[1715140800] CURRENT SERVICE STATE: FW Electric Works;Ping;OK;HARD;1;PING OK - Packet loss = 0%, RTA = 33.94 ms
[1715140800] CURRENT SERVICE STATE: FW Gore Los Lagos;Ping;OK;HARD;1;PING OK - Packet loss = 0%, RTA = 1.33 ms
[1715140800] CURRENT SERVICE STATE: FW Pasmar;Ping;OK;HARD;1;PING OK - Packet loss = 0%, RTA = 1.18 ms
[1715140800] CURRENT SERVICE STATE: Gore Los Lagos;Ping;OK;HARD;1;PING OK - Packet loss = 0%, RTA = 1.25 ms
[1715140800] CURRENT SERVICE STATE: Host-10.0.0.120;Ping;OK;HARD;1;PING OK - Packet loss = 0%, RTA = 0.42 ms
[1715140800] CURRENT SERVICE STATE: Host-10.0.0.121;Ping;OK;HARD;1;PING OK - Packet loss = 0%, RTA = 0.49 ms
[1715140800] CURRENT SERVICE STATE: Pasmar;Ping;OK;HARD;1;PING OK - Packet loss = 0%, RTA = 1.12 ms
[1715140800] CURRENT SERVICE STATE: Qnap NAS;Almacenamiento;OK;HARD;1;OK: Total:50TB - Used:36TB - Free:14TB - Used Space: 71%
[1715140800] CURRENT SERVICE STATE: Qnap NAS;Estado;OK;HARD;1;Power Supply #1 - OK: GOOD
[1715140800] CURRENT SERVICE STATE: Qnap NAS;Memoria;OK;HARD;1;OK: Total:3830MB - Used:1244MB - Free:2586MB = 33%
[1715140800] CURRENT SERVICE STATE: Qnap NAS;Sysinfo;OK;HARD;1;NAS Cloud, Model TS-879U-RP, Firmware 4.3.6, Max HD number 8, No. Volume 2
[1715140800] CURRENT SERVICE STATE: Qnap NAS;Temperatura;OK;HARD;1;OK: Temperature=36C
[1715140800] CURRENT SERVICE STATE: Qnap NAS;Tiempo Activo;OK;HARD;1;SNMP OK - Timeticks: (359158778) 41 days, 13:39:47.78
[1715140800] CURRENT SERVICE STATE: SRV01USER_cass.cl;Actualizacion;CRITICAL;HARD;3;Updates: 1 critical, 0 optional
[1715140800] CURRENT SERVICE STATE: SRV01USER_cass.cl;Almacenamiento C;WARNING;HARD;3;c:\ - total: 119.40 Gb - used: 101.13 Gb (85%) - free 18.27 Gb (15%)
[1715140800] CURRENT SERVICE STATE: SRV01USER_cass.cl;Almacenamiento U;OK;HARD;1;u:\ - total: 1023.98 Gb - used: 227.66 Gb (22%) - free 796.32 Gb (78%)
[1715140800] CURRENT SERVICE STATE: SRV01USER_cass.cl;CPU;OK;HARD;1;CPU Load 2% (5 min average)
[1715140800] CURRENT SERVICE STATE: SRV01USER_cass.cl;Memoria;OK;HARD;1;Memory usage: total:23551.21 MB - used: 9196.12 MB (39%) - free: 14355.10 MB (61%)
[1715140800] CURRENT SERVICE STATE: SRV01USER_cass.cl;Ping;OK;HARD;1;PING OK - Packet loss = 0%, RTA = 2.12 ms
[1715140800] CURRENT SERVICE STATE: SRV01USER_cass.cl;Tiempo Activo;OK;HARD;1;System Uptime - 2 day(s) 15 hour(s) 51 minute(s)
[1715140800] CURRENT SERVICE STATE: SRV04AD01.cass.cl;Ping;OK;HARD;1;PING OK - Packet loss = 0%, RTA = 1.24 ms
[1715140800] CURRENT SERVICE STATE: SRV05AD02_cass.cl;Ping;OK;HARD;1;PING OK - Packet loss = 0%, RTA = 1.28 ms
[1715140800] CURRENT SERVICE STATE: SRV11VIBE_cass.cl;Actualizacion;CRITICAL;HARD;3;Updates CRITICAL : discontinued OS Release SLE 15.1: At least one of your Repositories might be out of date. Please run "zypper refresh" as root to update it.  3 security update(s): 1 recommended update(s):  2 package update(s):
[1715140800] CURRENT SERVICE STATE: SRV11VIBE_cass.cl;Almacenamiento /;OK;HARD;1;DISK OK - free space: /var/tmp 78572 MiB (85.72% inode=-):
[1715140800] CURRENT SERVICE STATE: SRV11VIBE_cass.cl;CPU;OK;HARD;1;OK - load average per CPU: 0.02, 0.01, 0.01
[1715140800] CURRENT SERVICE STATE: SRV11VIBE_cass.cl;Memoria;OK;HARD;1;[MEMORY] Total: 7693 MB - Used: 4491 MB - 58% [SWAP] Total: 7944 MB - Used: 145 MB - 1%
[1715140800] CURRENT SERVICE STATE: SRV11VIBE_cass.cl;Ping;OK;HARD;1;PING OK - Packet loss = 0%, RTA = 1.22 ms
[1715140800] CURRENT SERVICE STATE: SRV11VIBE_cass.cl;Proceso Vibe;OK;HARD;1;PROCS OK: 0 processes with command name 'vibe'
[1715140800] CURRENT SERVICE STATE: SRV11VIBE_cass.cl;Procesos;OK;HARD;1;PROCS OK: 309 processes
[1715140800] CURRENT SERVICE STATE: SRV11VIBE_cass.cl;Procesos Zombies;OK;HARD;1;PROCS OK: 0 processes with STATE = Z
[1715140800] CURRENT SERVICE STATE: SRV11VIBE_cass.cl;Puerto HTTP;OK;HARD;1;TCP OK - 0.001 second response time on 10.0.2.13 port 80
[1715140800] CURRENT SERVICE STATE: SRV11VIBE_cass.cl;Puerto HTTPS;OK;HARD;1;TCP OK - 0.001 second response time on 10.0.2.13 port 443
[1715140800] CURRENT SERVICE STATE: SRV11VIBE_cass.cl;Servicio Vibe;OK;HARD;1;OK: Service vibe is running!
[1715140800] CURRENT SERVICE STATE: SRV11VIBE_cass.cl;Tiempo Activo;OK;HARD;1;Uptime OK: 60 day(s) 9 hour(s) 19 minute(s)
[1715140800] CURRENT SERVICE STATE: SRV11VIBE_cass.cl;Usuarios Login;OK;HARD;1;USERS OK - 2 users currently logged in
[1715140800] CURRENT SERVICE STATE: SRVAD1.cass.pmc;Ping;OK;HARD;1;PING OK - Packet loss = 0%, RTA = 1.97 ms
[1715140800] CURRENT SERVICE STATE: SRVAD2.cass.pmc;Ping;OK;HARD;1;PING OK - Packet loss = 0%, RTA = 1.66 ms
[1715140800] CURRENT SERVICE STATE: SRVADMIN.cass.pmc;Actualizacion;WARNING;HARD;3;updates installed, reboot required
[1715140800] CURRENT SERVICE STATE: SRVADMIN.cass.pmc;Almacenamiento;OK;HARD;1;c:\ - total: 299.66 Gb - used: 162.71 Gb (54%) - free 136.94 Gb (46%)
[1715140800] CURRENT SERVICE STATE: SRVADMIN.cass.pmc;CPU;OK;HARD;1;CPU Load 1% (5 min average)
[1715140800] CURRENT SERVICE STATE: SRVADMIN.cass.pmc;Memoria;OK;HARD;1;Memory usage: total:16511.56 MB - used: 7174.66 MB (43%) - free: 9336.91 MB (57%)
[1715140800] CURRENT SERVICE STATE: SRVADMIN.cass.pmc;Ping;OK;HARD;1;PING OK - Packet loss = 0%, RTA = 1.75 ms
[1715140800] CURRENT SERVICE STATE: SRVADMIN.cass.pmc;Tiempo Activo;OK;HARD;1;System Uptime - 8 day(s) 5 hour(s) 5 minute(s)
[1715140800] CURRENT SERVICE STATE: SRVCONT.cass.cl;Actualizacion;OK;HARD;1;OK - no pending updates.
[1715140800] CURRENT SERVICE STATE: SRVCONT.cass.cl;Almacenamiento;OK;HARD;1;c:\ - total: 299.33 Gb - used: 55.98 Gb (19%) - free 243.35 Gb (81%)
[1715140800] CURRENT SERVICE STATE: SRVCONT.cass.cl;CPU;OK;HARD;1;CPU Load 6% (5 min average)
[1715140800] CURRENT SERVICE STATE: SRVCONT.cass.cl;Memoria;OK;HARD;1;Memory usage: total:14644.82 MB - used: 3685.61 MB (25%) - free: 10959.21 MB (75%)
[1715140800] CURRENT SERVICE STATE: SRVCONT.cass.cl;Ping;OK;HARD;1;PING OK - Packet loss = 0%, RTA = 3.91 ms
[1715140800] CURRENT SERVICE STATE: SRVCONT.cass.cl;Tiempo Activo;OK;HARD;1;System Uptime - 8 day(s) 5 hour(s) 2 minute(s)
[1715140800] CURRENT SERVICE STATE: SRVDC1.cass.pmc;Ping;OK;HARD;1;PING OK - Packet loss = 0%, RTA = 1.19 ms
[1715140800] CURRENT SERVICE STATE: SRVDNS;Ping;OK;HARD;1;PING OK - Packet loss = 0%, RTA = 1.18 ms
[1715140800] CURRENT SERVICE STATE: SRVWEB_cass.cl;Ping;OK;HARD;1;PING OK - Packet loss = 0%, RTA = 1.05 ms
[1715140800] CURRENT SERVICE STATE: SRV_Cfiler.cass.cl;Actualizacion;OK;HARD;1;Updates OK : no updates available
[1715140800] CURRENT SERVICE STATE: SRV_Cfiler.cass.cl;Almacenamiento /;CRITICAL;HARD;3;DISK CRITICAL - free space: / 0 MB (0% inode=-)]:
[1715140800] CURRENT SERVICE STATE: SRV_Cfiler.cass.cl;CPU;OK;HARD;1;OK - load average: 0.12, 0.12, 0.09
[1715140800] CURRENT SERVICE STATE: SRV_Cfiler.cass.cl;Http;OK;HARD;1;TCP OK - 0.000 second response time on port 80
[1715140800] CURRENT SERVICE STATE: SRV_Cfiler.cass.cl;Https;OK;HARD;1;TCP OK - 0.000 second response time on port 443
[1715140800] CURRENT SERVICE STATE: SRV_Cfiler.cass.cl;Memoria;OK;HARD;1;[MEMORY] Total: 3893 MB - Used: 1238 MB - 31% [SWAP] Total: 2047 MB - Used: 231 MB - 11%
[1715140800] CURRENT SERVICE STATE: SRV_Cfiler.cass.cl;Procesos;OK;HARD;1;PROCS OK: 321 processes
[1715140800] CURRENT SERVICE STATE: SRV_Cfiler.cass.cl;Procesos Zombies;OK;HARD;1;PROCS OK: 0 processes with STATE = Z
[1715140800] CURRENT SERVICE STATE: SRV_Cfiler.cass.cl;Procs Apache;OK;HARD;1;PROCS OK: 11 processes with args 'apache2'
[1715140800] CURRENT SERVICE STATE: SRV_Cfiler.cass.cl;Serv Apache;OK;HARD;1;OK: Service apache is running!
[1715140800] CURRENT SERVICE STATE: SRV_Cfiler.cass.cl;Servicio General;OK;HARD;1;PING OK - Packet loss = 0%, RTA = 0.93 ms
[1715140800] CURRENT SERVICE STATE: SRV_Cfiler.cass.cl;Tiempo Activo;OK;HARD;1;Uptime OK: 60 day(s) 16 hour(s) 23 minute(s)
[1715140800] CURRENT SERVICE STATE: SRV_Cfiler.cass.cl;Usuarios Login;OK;HARD;1;USERS OK - 2 users currently logged in
[1715140800] CURRENT SERVICE STATE: SRV_GLPI;Agentes;OK;HARD;1;OK: Agent_version was ['3.0.1']
[1715140800] CURRENT SERVICE STATE: SRV_GLPI;CPU;OK;HARD;1;OK: Percent was 0.00 %
[1715140800] CURRENT SERVICE STATE: SRV_GLPI;Http;OK;HARD;1;HTTP OK: HTTP/1.1 301 Moved Permanently - 364 bytes in 0.001 second response time
[1715140800] CURRENT SERVICE STATE: SRV_GLPI;Memoria;OK;HARD;1;OK: Memory usage was 14.60 % (Available: 14.34 GB, Total: 16.78 GB, Free: 1.19 GB, Used: 1.96 GB)
[1715140800] CURRENT SERVICE STATE: SRV_GLPI;Usuarios Login;OK;HARD;1;USERS OK - 1 users currently logged in
[1715140800] CURRENT SERVICE STATE: SRV_Oraculo_cass.cl;Ping;OK;HARD;1;PING OK - Packet loss = 0%, RTA = 1.09 ms
[1715140800] CURRENT SERVICE STATE: SRV_SOS2021.cass.cl;Actualizacion;OK;HARD;1;Updates OK : no updates available
[1715140800] CURRENT SERVICE STATE: SRV_SOS2021.cass.cl;Almacenamiento /;OK;HARD;1;DISK OK - free space: /var/tmp 118328 MiB (91.06% inode=-):
[1715140800] CURRENT SERVICE STATE: SRV_SOS2021.cass.cl;CPU;OK;HARD;1;OK - load average per CPU: 0.01, 0.01, 0.01
[1715140800] CURRENT SERVICE STATE: SRV_SOS2021.cass.cl;Memoria;OK;HARD;1;[MEMORY] Total: 7946 MB - Used: 1450 MB - 18% [SWAP] Total: 10239 MB - Used: 0 MB - 0%
[1715140800] CURRENT SERVICE STATE: SRV_SOS2021.cass.cl;Ping;OK;HARD;1;PING OK - Packet loss = 0%, RTA = 0.55 ms
[1715140800] CURRENT SERVICE STATE: SRV_SOS2021.cass.cl;Procesos;OK;HARD;1;PROCS OK: 317 processes
[1715140800] CURRENT SERVICE STATE: SRV_SOS2021.cass.cl;Procesos Zombies;OK;HARD;1;PROCS OK: 0 processes with STATE = Z
[1715140800] CURRENT SERVICE STATE: SRV_SOS2021.cass.cl;Tiempo Activo;OK;HARD;1;Uptime OK: 60 day(s) 16 hour(s) 34 minute(s)
[1715140800] CURRENT SERVICE STATE: SRV_SOS2021.cass.cl;Usuarios Login;OK;HARD;1;USERS OK - 0 users currently logged in
[1715140800] CURRENT SERVICE STATE: SRV_SUM;Ping;OK;HARD;1;PING OK - Packet loss = 0%, RTA = 0.63 ms
[1715140800] CURRENT SERVICE STATE: SRV_Soporte;Actualizacion;CRITICAL;HARD;3;Hay 5 actualizaciones pendientes.
[1715140800] CURRENT SERVICE STATE: SRV_Soporte;Agentes;OK;HARD;1;OK: Agent_version was ['3.0.1']
[1715140800] CURRENT SERVICE STATE: SRV_Soporte;CPU;OK;HARD;1;OK: Percent was 16.05 %
[1715140800] CURRENT SERVICE STATE: SRV_Soporte;Memoria;OK;HARD;1;OK: Memory usage was 39.60 % (Available: 10.37 GB, Total: 17.18 GB, Free: 10.37 GB, Used: 6.81 GB)
[1715140800] CURRENT SERVICE STATE: SRV_chat.cass.cl;Actualizacion;OK;HARD;1;Updates OK : no updates available
[1715140800] CURRENT SERVICE STATE: SRV_chat.cass.cl;Almacenamiento /;OK;HARD;1;DISK OK - free space: /var/tmp 927706 MiB (88.69% inode=-):
[1715140800] CURRENT SERVICE STATE: SRV_chat.cass.cl;CPU;OK;HARD;1;OK - load average per CPU: 0.17, 0.12, 0.09
[1715140800] CURRENT SERVICE STATE: SRV_chat.cass.cl;Memoria;OK;HARD;1;[MEMORY] Total: 7919 MB - Used: 3257 MB - 41% [SWAP] Total: 2048 MB - Used: 319 MB - 15%
[1715140800] CURRENT SERVICE STATE: SRV_chat.cass.cl;Ping;OK;HARD;1;PING OK - Packet loss = 0%, RTA = 0.50 ms
[1715140800] CURRENT SERVICE STATE: SRV_chat.cass.cl;Proceso Docker;OK;HARD;1;PROCS OK: 0 processes with command name 'docker'
[1715140800] CURRENT SERVICE STATE: SRV_chat.cass.cl;Proceso Nginx;OK;HARD;1;PROCS OK: 3 processes with command name 'nginx'
[1715140800] CURRENT SERVICE STATE: SRV_chat.cass.cl;Procesos;OK;HARD;1;PROCS OK: 280 processes
[1715140800] CURRENT SERVICE STATE: SRV_chat.cass.cl;Procesos Zombies;OK;HARD;1;PROCS OK: 0 processes with STATE = Z
[1715140800] CURRENT SERVICE STATE: SRV_chat.cass.cl;Puerto Contenedor;OK;HARD;1;TCP OK - 0.000 second response time on port 8000
[1715140800] CURRENT SERVICE STATE: SRV_chat.cass.cl;Puerto HTTP;OK;HARD;1;TCP OK - 0.000 second response time on port 80
[1715140800] CURRENT SERVICE STATE: SRV_chat.cass.cl;Puerto HTTPS;OK;HARD;1;TCP OK - 0.000 second response time on port 443
[1715140800] CURRENT SERVICE STATE: SRV_chat.cass.cl;Puerto Portainer;OK;HARD;1;TCP OK - 0.000 second response time on port 9443
[1715140800] CURRENT SERVICE STATE: SRV_chat.cass.cl;Servicio Docker;OK;HARD;1;OK: Service docker is running!
[1715140800] CURRENT SERVICE STATE: SRV_chat.cass.cl;Servicio Nginx;OK;HARD;1;OK: Service nginx is running!
[1715140800] CURRENT SERVICE STATE: SRV_chat.cass.cl;Usuarios Login;OK;HARD;1;USERS OK - 0 users currently logged in
[1715140800] CURRENT SERVICE STATE: SRV_email.cass.cl;Actualizacion;OK;HARD;1;Updates OK : no updates available
[1715140800] CURRENT SERVICE STATE: SRV_email.cass.cl;Almacenamiento /;OK;HARD;1;DISK OK - free space: /var/tmp 459201 MiB (90.61% inode=-):
[1715140800] CURRENT SERVICE STATE: SRV_email.cass.cl;Almacenamiento Mail;OK;HARD;1;DISK OK - free space: /mail 1780164 MiB (90.90% inode=99%):
[1715140800] CURRENT SERVICE STATE: SRV_email.cass.cl;Almacenamiento Mail2;OK;HARD;1;DISK OK - free space: /mail2 474104 MiB (99.34% inode=100%):
[1715140800] CURRENT SERVICE STATE: SRV_email.cass.cl;CPU;OK;HARD;1;OK - load average per CPU: 0.01, 0.02, 0.02
[1715140800] CURRENT SERVICE STATE: SRV_email.cass.cl;Correo Pop;OK;HARD;1;POP OK - 0.001 second response time on 10.0.2.25 port 110 [+OK GroupWise POP3 server ready]
[1715140800] CURRENT SERVICE STATE: SRV_email.cass.cl;Correo Smtp;OK;HARD;1;SMTP OK - 0.061 sec. response time
[1715140800] CURRENT SERVICE STATE: SRV_email.cass.cl;Memoria;OK;HARD;1;[MEMORY] Total: 11939 MB - Used: 3380 MB - 28% [SWAP] Total: 2048 MB - Used: 6 MB - 0%
[1715140800] CURRENT SERVICE STATE: SRV_email.cass.cl;Ping;OK;HARD;1;PING OK - Packet loss = 0%, RTA = 1.24 ms
[1715140800] CURRENT SERVICE STATE: SRV_email.cass.cl;Procesos;OK;HARD;1;PROCS OK: 300 processes
[1715140800] CURRENT SERVICE STATE: SRV_email.cass.cl;Procesos Zombies;OK;HARD;1;PROCS OK: 0 processes with STATE = Z
[1715140800] CURRENT SERVICE STATE: SRV_email.cass.cl;Tiempo Activo;OK;HARD;1;Uptime OK: 60 day(s) 16 hour(s) 37 minute(s)
[1715140800] CURRENT SERVICE STATE: SRV_email.cass.cl;Usuarios Login;OK;HARD;1;USERS OK - 0 users currently logged in
[1715140800] CURRENT SERVICE STATE: SRV_nagios;Actualizacion;OK;HARD;1;YUM OK: 0 Updates Available
[1715140800] CURRENT SERVICE STATE: SRV_nagios;CPU;OK;HARD;1;OK - load average: 0.03, 0.06, 0.05
[1715140800] CURRENT SERVICE STATE: SRV_nagios;Memoria;OK;HARD;1;[MEMORY] Total: 7740 MB - Used: 558 MB - 7% [SWAP] Total: 7935 MB - Used: 0 MB - 0%
[1715140800] CURRENT SERVICE STATE: SRV_nagios;PING;OK;HARD;1;PING OK - Packet loss = 0%, RTA = 0.08 ms
[1715140800] CURRENT SERVICE STATE: SRV_nagios;Procesos;OK;HARD;1;PROCS OK: 63 processes with STATE = RSZDT
[1715140800] CURRENT SERVICE STATE: SRV_nagios;Usarios Login;OK;HARD;1;USERS OK - 0 users currently logged in
[1715140800] CURRENT SERVICE STATE: SRV_sync.cass.cl;Ping;OK;HARD;1;PING OK - Packet loss = 0%, RTA = 1.09 ms
[1715140800] CURRENT SERVICE STATE: Servidor Vcenter;Ping;OK;HARD;1;PING OK - Packet loss = 0%, RTA = 0.61 ms
[1715140800] CURRENT SERVICE STATE: Servidores CASS;Ancho de Banda GE/1/0/3;OK;HARD;1;OK - Average IN: 11.75KB (0.01%), Average OUT: 6.14KB (0.00%)Total RX: 22834.13GBytes, Total TX: 56554.13GBytes
[1715140800] CURRENT SERVICE STATE: Servidores CASS;Estado Puerto 3;OK;HARD;1;OK: Interface GigabitEthernet1/0/3 (index 3) is up.
[1715140800] CURRENT SERVICE STATE: Servidores CASS;Estado Puerto 80;OK;HARD;1;TCP OK - 0.002 second response time on 10.0.0.17 port 80
[1715140800] CURRENT SERVICE STATE: Servidores CASS;Ping;OK;HARD;1;PING OK - Packet loss = 0%, RTA = 1.19 ms
[1715140800] CURRENT SERVICE STATE: Servidores CASS;Tiempo Activo;OK;HARD;1;SNMP OK - Timeticks: (524461843) 60 days, 16:50:18.43
[1715140800] CURRENT SERVICE STATE: Ups Principal;Carga;UNKNOWN;HARD;3;Plugin check_ups_snmp failure - snmpget command error.
[1715140800] CURRENT SERVICE STATE: Ups Principal;Estado;UNKNOWN;HARD;3;Plugin check_ups_snmp failure - snmpget command error.
[1715140800] CURRENT SERVICE STATE: Ups Principal;Ping;CRITICAL;HARD;3;CRITICAL - Host Unreachable (192.168.10.19)
[1715140800] CURRENT SERVICE STATE: Ups Principal;Temperatura;UNKNOWN;HARD;3;Plugin check_ups_snmp failure - snmpget command error.
[1715140800] CURRENT SERVICE STATE: Ups Principal;Tiempo Activo;CRITICAL;HARD;3;CRITICAL - Plugin timed out while executing system call
[1715140800] CURRENT SERVICE STATE: Veeam2023.cass.pmc;Actualizacion;CRITICAL;HARD;3;Updates: 2 critical, 0 optional
[1715140800] CURRENT SERVICE STATE: Veeam2023.cass.pmc;Almacenamiento;OK;HARD;1;c:\ - total: 99.33 Gb - used: 65.74 Gb (66%) - free 33.58 Gb (34%)
[1715140800] CURRENT SERVICE STATE: Veeam2023.cass.pmc;CPU;OK;HARD;1;CPU Load 10% (5 min average)
[1715140800] CURRENT SERVICE STATE: Veeam2023.cass.pmc;Memoria;OK;HARD;1;Memory usage: total:28159.25 MB - used: 16237.69 MB (58%) - free: 11921.57 MB (42%)
[1715140800] CURRENT SERVICE STATE: Veeam2023.cass.pmc;Ping;OK;HARD;1;PING OK - Packet loss = 0%, RTA = 2.98 ms
[1715140800] CURRENT SERVICE STATE: Veeam2023.cass.pmc;Tiempo Activo;OK;HARD;1;System Uptime - 5 day(s) 0 hour(s) 29 minute(s)
[1715140800] CURRENT SERVICE STATE: web_cass_cl;Certificado;OK;HARD;1;SSL OK - Certificate '*.cass.cl' will expire in 240 days on 2025-01-03 20:59 -0300/-03.
[1715140800] CURRENT SERVICE STATE: web_cass_cl;HTTP;OK;HARD;1;HTTP OK: HTTP/1.1 302 Found - 1069 bytes in 0.184 second response time
[1715141997] SERVICE ALERT: SRV_Soporte;CPU;WARNING;SOFT;1;WARNING: Percent was 65.90 %
[1715142117] SERVICE ALERT: SRV_Soporte;CPU;OK;SOFT;2;OK: Percent was 9.38 %
[1715142648] Auto-save of retention data completed successfully.
[1715143137] SERVICE ALERT: SRV_Soporte;CPU;WARNING;SOFT;1;WARNING: Percent was 61.37 %
[1715143258] SERVICE ALERT: SRV_Soporte;CPU;OK;SOFT;2;OK: Percent was 7.00 %
[1715144579] SERVICE ALERT: SRV_Soporte;CPU;WARNING;SOFT;1;WARNING: Percent was 65.90 %
[1715144699] SERVICE ALERT: SRV_Soporte;CPU;OK;SOFT;2;OK: Percent was 3.90 %
[1715145960] SERVICE ALERT: SRV_Soporte;CPU;WARNING;SOFT;1;WARNING: Percent was 69.15 %
[1715146080] SERVICE ALERT: SRV_Soporte;CPU;OK;SOFT;2;OK: Percent was 9.10 %
[1715146248] Auto-save of retention data completed successfully.
[1715146800] SERVICE ALERT: SRV_Soporte;CPU;CRITICAL;SOFT;1;CRITICAL: Percent was 81.05 %
[1715146921] SERVICE ALERT: SRV_Soporte;CPU;OK;SOFT;2;OK: Percent was 8.35 %
[1715147822] SERVICE ALERT: SRV_Soporte;CPU;WARNING;SOFT;1;WARNING: Percent was 65.15 %
[1715147942] SERVICE ALERT: SRV_Soporte;CPU;OK;SOFT;2;OK: Percent was 6.22 %
[1715149467] SERVICE ALERT: SRV_GLPI;CPU;WARNING;SOFT;1;WARNING: Percent was 69.85 %
[1715149503] SERVICE ALERT: SRV_Soporte;CPU;CRITICAL;SOFT;1;CRITICAL: Percent was 74.22 %
[1715149588] SERVICE ALERT: SRV_GLPI;CPU;OK;SOFT;2;OK: Percent was 0.00 %
[1715149623] SERVICE ALERT: SRV_Soporte;CPU;OK;SOFT;2;OK: Percent was 57.10 %
[1715149848] Auto-save of retention data completed successfully.
[1715150524] SERVICE ALERT: SRV_Soporte;CPU;WARNING;SOFT;1;WARNING: Percent was 61.75 %
[1715150644] SERVICE ALERT: SRV_Soporte;CPU;OK;SOFT;2;OK: Percent was 3.10 %
[1715151664] SERVICE ALERT: SRV_Soporte;CPU;WARNING;SOFT;1;WARNING: Percent was 62.90 %
[1715151785] SERVICE ALERT: SRV_Soporte;CPU;OK;SOFT;2;OK: Percent was 14.85 %
[1715152925] SERVICE ALERT: SRV_Soporte;CPU;WARNING;SOFT;1;WARNING: Percent was 60.95 %
[1715153046] SERVICE ALERT: SRV_Soporte;CPU;OK;SOFT;2;OK: Percent was 17.17 %
[1715153448] Auto-save of retention data completed successfully.
[1715154045] SERVICE ALERT: SRV_Cfiler.cass.cl;Actualizacion;CRITICAL;SOFT;1;CHECK_NRPE STATE CRITICAL: Socket timeout after 30 seconds.
[1715154045] SERVICE ALERT: SRV_email.cass.cl;Actualizacion;CRITICAL;SOFT;1;CHECK_NRPE STATE CRITICAL: Socket timeout after 30 seconds.
[1715154045] SERVICE ALERT: SRV_chat.cass.cl;Actualizacion;CRITICAL;SOFT;1;CHECK_NRPE STATE CRITICAL: Socket timeout after 30 seconds.
[1715154057] SERVICE ALERT: SRV_SOS2021.cass.cl;Actualizacion;CRITICAL;SOFT;1;CHECK_NRPE STATE CRITICAL: Socket timeout after 30 seconds.
[1715154189] SERVICE ALERT: SRV_SOS2021.cass.cl;Actualizacion;OK;SOFT;2;Updates OK : no updates available
[1715154192] SERVICE ALERT: SRV_email.cass.cl;Actualizacion;OK;SOFT;2;Updates OK : no updates available
[1715154192] SERVICE ALERT: SRV_Cfiler.cass.cl;Actualizacion;OK;SOFT;2;Updates OK : no updates available
[1715154193] SERVICE ALERT: SRV_chat.cass.cl;Actualizacion;OK;SOFT;2;Updates OK : no updates available
[1715154306] SERVICE ALERT: SRV_Soporte;CPU;WARNING;SOFT;1;WARNING: Percent was 62.35 %
[1715154427] SERVICE ALERT: SRV_Soporte;CPU;OK;SOFT;2;OK: Percent was 31.82 %
[1715155327] SERVICE ALERT: SRV_Soporte;CPU;WARNING;SOFT;1;WARNING: Percent was 62.88 %
[1715155448] SERVICE ALERT: SRV_Soporte;CPU;OK;SOFT;2;OK: Percent was 31.62 %
[1715156588] SERVICE ALERT: SRV_Soporte;CPU;WARNING;SOFT;1;WARNING: Percent was 64.82 %
[1715156709] SERVICE ALERT: SRV_Soporte;CPU;OK;SOFT;2;OK: Percent was 33.65 %
[1715157048] Auto-save of retention data completed successfully.
[1715157730] SERVICE ALERT: SRV_Soporte;CPU;WARNING;SOFT;1;WARNING: Percent was 63.28 %
[1715157851] SERVICE ALERT: SRV_Soporte;CPU;OK;SOFT;2;OK: Percent was 6.05 %
[1715160012] SERVICE ALERT: SRV_Soporte;CPU;WARNING;SOFT;1;WARNING: Percent was 62.12 %
[1715160132] SERVICE ALERT: SRV_Soporte;CPU;OK;SOFT;2;OK: Percent was 18.95 %
[1715160222] SERVICE ALERT: SRV_nagios;Actualizacion;CRITICAL;SOFT;1;YUM CRITICAL: Yum nagios plugin has self terminated after exceeding the timeout (30 seconds)
[1715160284] SERVICE ALERT: SRV_nagios;Actualizacion;OK;SOFT;2;YUM OK: 0 Updates Available
[1715160648] Auto-save of retention data completed successfully.
[1715161633] SERVICE ALERT: SRV_Soporte;CPU;WARNING;SOFT;1;WARNING: Percent was 60.62 %
[1715161754] SERVICE ALERT: SRV_Soporte;CPU;OK;SOFT;2;OK: Percent was 44.52 %
[1715163615] SERVICE ALERT: SRV_Soporte;CPU;WARNING;SOFT;1;WARNING: Percent was 63.65 %
[1715163736] SERVICE ALERT: SRV_Soporte;CPU;OK;SOFT;2;OK: Percent was 12.62 %
[1715164248] Auto-save of retention data completed successfully.
[1715166617] SERVICE ALERT: SRV_Soporte;CPU;WARNING;SOFT;1;WARNING: Percent was 63.22 %
[1715166738] SERVICE ALERT: SRV_Soporte;CPU;OK;SOFT;2;OK: Percent was 41.12 %
[1715167848] Auto-save of retention data completed successfully.
[1715169079] SERVICE ALERT: SRV_Soporte;CPU;WARNING;SOFT;1;WARNING: Percent was 64.38 %
[1715169199] SERVICE ALERT: SRV_Soporte;CPU;OK;SOFT;2;OK: Percent was 44.70 %
[1715170520] SERVICE ALERT: SRV_Soporte;CPU;CRITICAL;SOFT;1;CRITICAL: Percent was 72.20 %
[1715170641] SERVICE ALERT: SRV_Soporte;CPU;OK;SOFT;2;OK: Percent was 9.55 %
[1715171448] Auto-save of retention data completed successfully.
[1715172562] SERVICE ALERT: SRV_Soporte;CPU;WARNING;SOFT;1;WARNING: Percent was 62.90 %
[1715172682] SERVICE ALERT: SRV_Soporte;CPU;WARNING;SOFT;2;WARNING: Percent was 62.88 %
[1715172803] SERVICE ALERT: SRV_Soporte;CPU;OK;SOFT;3;OK: Percent was 0.75 %
[1715172858] SERVICE ALERT: FW Cass Telsur;Estado Puerto WAN;WARNING;SOFT;1;WARNING: SNMP error: No response from remote host "201.220.96.34"
[1715172978] SERVICE ALERT: FW Cass Telsur;Estado Puerto WAN;OK;SOFT;2;OK: Interface eth1 (index 3) is up.
[1715172995] SERVICE ALERT: FW Cass Telsur;Ancho de Banda WAN;CRITICAL;SOFT;1;(No output on stdout) stderr:
[1715173115] SERVICE ALERT: FW Cass Telsur;Ancho de Banda WAN;OK;SOFT;2;OK - Average IN: 304.92B (0.00%), Average OUT: 100.76B (0.00%)Total RX: 4271.90GBytes, Total TX: 5386.88GBytes
[1715174844] SERVICE ALERT: SRV_Soporte;CPU;WARNING;SOFT;1;WARNING: Percent was 60.95 %
[1715174964] SERVICE ALERT: SRV_Soporte;CPU;OK;SOFT;2;OK: Percent was 43.18 %
[1715175048] Auto-save of retention data completed successfully.
[1715176224] SERVICE ALERT: SRV_Soporte;CPU;WARNING;SOFT;1;WARNING: Percent was 60.15 %
[1715176345] SERVICE ALERT: SRV_Soporte;CPU;OK;SOFT;2;OK: Percent was 47.80 %
[1715178026] SERVICE ALERT: SRV_Soporte;CPU;WARNING;SOFT;1;WARNING: Percent was 68.95 %
[1715178147] SERVICE ALERT: SRV_Soporte;CPU;OK;SOFT;2;OK: Percent was 6.82 %
[1715178313] SERVICE ALERT: FW Cass Telsur;Ancho de Banda LAN;CRITICAL;SOFT;1;(No output on stdout) stderr:
[1715178329] SERVICE ALERT: SRV_Soporte;CPU;CRITICAL;SOFT;1;CRITICAL: Percent was 73.48 %
[1715178433] SERVICE ALERT: FW Cass Telsur;Ancho de Banda LAN;OK;SOFT;2;OK - Average IN: 2.83MB (2.27%), Average OUT: 1.94MB (1.55%)Total RX: 462.17GBytes, Total TX: 659.90GBytes
[1715178449] SERVICE ALERT: SRV_Soporte;CPU;OK;SOFT;2;OK: Percent was 41.17 %
[1715178648] Auto-save of retention data completed successfully.
[1715180310] SERVICE ALERT: SRV_Soporte;CPU;CRITICAL;SOFT;1;CRITICAL: Percent was 73.47 %
[1715180385] SERVICE ALERT: FW Cass Telsur;Ancho de Banda WAN;CRITICAL;SOFT;1;(No output on stdout) stderr:
[1715180430] SERVICE ALERT: SRV_Soporte;CPU;OK;SOFT;2;OK: Percent was 39.40 %
[1715180505] SERVICE ALERT: FW Cass Telsur;Ancho de Banda WAN;OK;SOFT;2;OK - Average IN: 340.78B (0.00%), Average OUT: 119.12B (0.00%)Total RX: 4272.41GBytes, Total TX: 5387.21GBytes
[1715181251] SERVICE ALERT: FW Cass Telsur;Ancho de Banda DMZ;CRITICAL;SOFT;1;(No output on stdout) stderr:
[1715181296] SERVICE ALERT: FW Cass Telsur;Ancho de Banda WAN;CRITICAL;SOFT;1;CRITICAL - IN bandwidth (207850589346.62%) too high
[1715181296] SERVICE ALERT: FW Cass Telsur;Estado Puerto DMZ;WARNING;SOFT;1;WARNING: SNMP error: No response from remote host "201.220.96.34"
[1715181372] SERVICE ALERT: FW Cass Telsur;Ancho de Banda DMZ;OK;SOFT;2;OK - Average IN: 16.42KB (0.01%), Average OUT: 12.58KB (0.01%)Total RX: 31.05GBytes, Total TX: 20.14GBytes
[1715181426] SERVICE ALERT: FW Cass Telsur;Estado Puerto DMZ;WARNING;SOFT;2;WARNING: SNMP error: No response from remote host "201.220.96.34"
[1715181431] SERVICE ALERT: FW Cass Telsur;Ancho de Banda WAN;OK;SOFT;2;(No output on stdout) stderr:
[1715181546] SERVICE ALERT: FW Cass Telsur;Estado Puerto DMZ;OK;SOFT;3;OK: Interface eth2 (index 4) is up.
[1715181551] SERVICE ALERT: FW Cass Telsur;Ancho de Banda WAN;CRITICAL;SOFT;1;CRITICAL - IN bandwidth (13393.60%) too high
[1715181671] SERVICE ALERT: FW Cass Telsur;Ancho de Banda WAN;OK;SOFT;2;OK - Average IN: 193.47B (0.00%), Average OUT: 74.56B (0.00%)Total RX: 4272.42GBytes, Total TX: 5387.21GBytes
[1715181868] SERVICE ALERT: SRV_GLPI;CPU;CRITICAL;SOFT;1;CRITICAL: Percent was 71.40 %
[1715181973] SERVICE ALERT: FW Cass Telsur;Estado Puerto LAN;WARNING;SOFT;1;WARNING: SNMP error: No response from remote host "201.220.96.34"
[1715181975] SERVICE ALERT: SRV_nagios;Actualizacion;CRITICAL;SOFT;1;YUM CRITICAL: Yum nagios plugin has self terminated after exceeding the timeout (30 seconds)
[1715181988] SERVICE ALERT: FW Cass Telsur;Estado Puerto WAN;WARNING;SOFT;1;WARNING: SNMP error: No response from remote host "201.220.96.34"
[1715181989] SERVICE ALERT: SRV_GLPI;CPU;OK;SOFT;2;OK: Percent was 0.50 %
[1715182037] SERVICE ALERT: SRV_nagios;Actualizacion;OK;SOFT;2;YUM OK: 0 Updates Available
[1715182093] SERVICE ALERT: FW Cass Telsur;Estado Puerto LAN;OK;SOFT;2;OK: Interface eth0 (index 2) is up.
[1715182108] SERVICE ALERT: FW Cass Telsur;Estado Puerto WAN;OK;SOFT;2;OK: Interface eth1 (index 3) is up.
[1715182216] SERVICE ALERT: FW Cass Telsur;Estado Puerto DMZ;WARNING;SOFT;1;WARNING: SNMP error: No response from remote host "201.220.96.34"
[1715182238] SERVICE ALERT: FW Cass Telsur;Estado Puerto WAN;WARNING;SOFT;1;WARNING: SNMP error: No response from remote host "201.220.96.34"
[1715182248] Auto-save of retention data completed successfully.
[1715182336] SERVICE ALERT: FW Cass Telsur;Estado Puerto DMZ;OK;SOFT;2;OK: Interface eth2 (index 4) is up.
[1715182359] SERVICE ALERT: FW Cass Telsur;Estado Puerto WAN;OK;SOFT;2;OK: Interface eth1 (index 3) is up.
[1715182403] SERVICE ALERT: FW Cass Telsur;Estado Puerto LAN;WARNING;SOFT;1;WARNING: SNMP error: No response from remote host "201.220.96.34"
[1715182523] SERVICE ALERT: FW Cass Telsur;Estado Puerto LAN;OK;SOFT;2;OK: Interface eth0 (index 2) is up.
[1715183491] SERVICE ALERT: SRV_Soporte;CPU;CRITICAL;SOFT;1;CRITICAL: Percent was 99.22 %
[1715183611] SERVICE ALERT: SRV_Soporte;CPU;OK;SOFT;2;OK: Percent was 9.10 %
[1715184143] SERVICE ALERT: FW Cass Telsur;Ancho de Banda LAN;CRITICAL;SOFT;1;CRITICAL - OUT bandwidth (210819924565.10%) too high
[1715184263] SERVICE ALERT: FW Cass Telsur;Ancho de Banda LAN;CRITICAL;SOFT;2;CRITICAL - OUT bandwidth (4496.56%) too high
[1715184383] SERVICE ALERT: FW Cass Telsur;Ancho de Banda LAN;OK;SOFT;3;OK - Average IN: 175.46KB (0.14%), Average OUT: 539.57KB (0.43%)Total RX: 464.25GBytes, Total TX: 675.21GBytes
[1715184571] SERVICE ALERT: SRV_Soporte;CPU;WARNING;SOFT;1;WARNING: Percent was 66.67 %
[1715184692] SERVICE ALERT: SRV_Soporte;CPU;OK;SOFT;2;OK: Percent was 45.85 %
[1715185659] SERVICE ALERT: SRV_SOS2021.cass.cl;Actualizacion;CRITICAL;SOFT;1;CHECK_NRPE STATE CRITICAL: Socket timeout after 30 seconds.
[1715185662] SERVICE ALERT: SRV_Cfiler.cass.cl;Actualizacion;CRITICAL;SOFT;1;CHECK_NRPE STATE CRITICAL: Socket timeout after 30 seconds.
[1715185663] SERVICE ALERT: SRV_chat.cass.cl;Actualizacion;CRITICAL;SOFT;1;CHECK_NRPE STATE CRITICAL: Socket timeout after 30 seconds.
[1715185664] SERVICE ALERT: SRV_email.cass.cl;Actualizacion;CRITICAL;SOFT;1;CHECK_NRPE STATE CRITICAL: Socket timeout after 30 seconds.
[1715185791] SERVICE ALERT: SRV_SOS2021.cass.cl;Actualizacion;OK;SOFT;2;Updates OK : no updates available
[1715185794] SERVICE ALERT: SRV_Cfiler.cass.cl;Actualizacion;OK;SOFT;2;Updates OK : no updates available
[1715185796] SERVICE ALERT: SRV_email.cass.cl;Actualizacion;OK;SOFT;2;Updates OK : no updates available
[1715185796] SERVICE ALERT: SRV_chat.cass.cl;Actualizacion;OK;SOFT;2;Updates OK : no updates available
[1715185848] Auto-save of retention data completed successfully.
[1715185892] SERVICE ALERT: SRV_Soporte;CPU;CRITICAL;SOFT;1;CRITICAL: Percent was 98.45 %
[1715186013] SERVICE ALERT: SRV_Soporte;CPU;OK;SOFT;2;OK: Percent was 15.92 %
[1715186401] SERVICE ALERT: SRV_Cfiler.cass.cl;Actualizacion;UNKNOWN;SOFT;1;CHECK_NRPE: Receive header underflow - only 0 bytes received (4 expected).
[1715186401] SERVICE ALERT: SRV_chat.cass.cl;Actualizacion;UNKNOWN;SOFT;1;CHECK_NRPE: Receive header underflow - only 0 bytes received (4 expected).
[1715186402] SERVICE ALERT: SRV_email.cass.cl;Actualizacion;UNKNOWN;SOFT;1;CHECK_NRPE: Receive header underflow - only 0 bytes received (4 expected).
[1715186402] SERVICE ALERT: SRV_SOS2021.cass.cl;Actualizacion;UNKNOWN;SOFT;1;CHECK_NRPE: Receive header underflow - only 0 bytes received (4 expected).
[1715186535] SERVICE ALERT: SRV_Cfiler.cass.cl;Actualizacion;OK;SOFT;2;Updates OK : no updates available
[1715186537] SERVICE ALERT: SRV_email.cass.cl;Actualizacion;OK;SOFT;2;Updates OK : no updates available
[1715186537] SERVICE ALERT: SRV_SOS2021.cass.cl;Actualizacion;OK;SOFT;2;Updates OK : no updates available
[1715186537] SERVICE ALERT: SRV_chat.cass.cl;Actualizacion;OK;SOFT;2;Updates OK : no updates available
[1715187393] SERVICE ALERT: FW Cass Telsur;Ancho de Banda LAN;CRITICAL;SOFT;1;(No output on stdout) stderr:
[1715187513] SERVICE ALERT: FW Cass Telsur;Ancho de Banda LAN;OK;SOFT;2;OK - Average IN: 38.14KB (0.03%), Average OUT: 428.47KB (0.34%)Total RX: 464.75GBytes, Total TX: 683.47GBytes
[1715187574] SERVICE ALERT: SRV_Soporte;CPU;WARNING;SOFT;1;WARNING: Percent was 64.85 %
[1715187695] SERVICE ALERT: SRV_Soporte;CPU;OK;SOFT;2;OK: Percent was 8.60 %
[1715188822] SERVICE ALERT: FW Cass Telsur;Ancho de Banda DMZ;CRITICAL;SOFT;1;(No output on stdout) stderr:
[1715188942] SERVICE ALERT: FW Cass Telsur;Ancho de Banda DMZ;OK;SOFT;2;OK - Average IN: 37.92KB (0.03%), Average OUT: 21.78KB (0.02%)Total RX: 31.25GBytes, Total TX: 20.24GBytes
[1715189448] Auto-save of retention data completed successfully.
[1715190103] SERVICE ALERT: FW Cass Telsur;Ancho de Banda LAN;CRITICAL;SOFT;1;(No output on stdout) stderr:
[1715190223] SERVICE ALERT: FW Cass Telsur;Ancho de Banda LAN;OK;SOFT;2;OK - Average IN: 1.60MB (1.28%), Average OUT: 907.15KB (0.73%)Total RX: 478.87GBytes, Total TX: 684.50GBytes
[1715190396] SERVICE ALERT: SRV_Soporte;CPU;WARNING;SOFT;1;WARNING: Percent was 65.78 %
[1715190517] SERVICE ALERT: SRV_Soporte;CPU;OK;SOFT;2;OK: Percent was 44.12 %
[1715191298] SERVICE ALERT: SRV_Soporte;CPU;CRITICAL;SOFT;1;CRITICAL: Percent was 72.15 %
[1715191419] SERVICE ALERT: SRV_Soporte;CPU;OK;SOFT;2;OK: Percent was 45.85 %
[1715191826] SERVICE ALERT: FW Cass Telsur;Estado Puerto DMZ;WARNING;SOFT;1;WARNING: SNMP error: No response from remote host "201.220.96.34"
[1715191951] SERVICE ALERT: FW Cass Telsur;Estado Puerto DMZ;OK;SOFT;2;OK: Interface eth2 (index 4) is up.
[1715192072] SERVICE ALERT: FW Cass Telsur;Ancho de Banda DMZ;CRITICAL;SOFT;1;(No output on stdout) stderr:
[1715192073] SERVICE ALERT: FW Cass Telsur;Estado Puerto LAN;WARNING;SOFT;1;WARNING: SNMP error: No response from remote host "201.220.96.34"
[1715192192] SERVICE ALERT: FW Cass Telsur;Ancho de Banda DMZ;OK;SOFT;2;OK - Average IN: 26.14KB (0.02%), Average OUT: 147.40KB (0.12%)Total RX: 31.32GBytes, Total TX: 20.33GBytes
[1715192193] SERVICE ALERT: FW Cass Telsur;Estado Puerto LAN;OK;SOFT;2;OK: Interface eth0 (index 2) is up.
[1715193048] Auto-save of retention data completed successfully.
[1715193653] SERVICE ALERT: FW Cass Telsur;Ancho de Banda LAN;CRITICAL;SOFT;1;(No output on stdout) stderr:
[1715193741] SERVICE ALERT: FW Cass Telsur;Ancho de Banda WAN;CRITICAL;SOFT;1;(No output on stdout) stderr:
[1715193783] SERVICE ALERT: FW Cass Telsur;Ancho de Banda LAN;CRITICAL;SOFT;2;(No output on stdout) stderr:
[1715193861] SERVICE ALERT: FW Cass Telsur;Ancho de Banda WAN;OK;SOFT;2;OK - Average IN: 318.03B (0.00%), Average OUT: 108.85B (0.00%)Total RX: 4274.60GBytes, Total TX: 5391.61GBytes
[1715193903] SERVICE ALERT: FW Cass Telsur;Ancho de Banda LAN;OK;SOFT;3;OK - Average IN: 57.62KB (0.05%), Average OUT: 977.53KB (0.78%)Total RX: 479.36GBytes, Total TX: 688.73GBytes
[1715194360] SERVICE ALERT: SRV_Soporte;CPU;CRITICAL;SOFT;1;CRITICAL: Percent was 72.65 %
[1715194480] SERVICE ALERT: SRV_Soporte;CPU;OK;SOFT;2;OK: Percent was 3.02 %
[1715195261] SERVICE ALERT: SRV_Soporte;CPU;WARNING;SOFT;1;WARNING: Percent was 67.20 %
[1715195382] SERVICE ALERT: SRV_Soporte;CPU;OK;SOFT;2;OK: Percent was 18.10 %
[1715196648] Auto-save of retention data completed successfully.
[1715198322] SERVICE ALERT: SRV_Soporte;CPU;WARNING;SOFT;1;WARNING: Percent was 65.90 %
[1715198443] SERVICE ALERT: SRV_Soporte;CPU;OK;SOFT;2;OK: Percent was 9.85 %
[1715198743] SERVICE ALERT: SRV_Soporte;CPU;WARNING;SOFT;1;WARNING: Percent was 68.20 %
[1715198864] SERVICE ALERT: SRV_Soporte;CPU;OK;SOFT;2;OK: Percent was 27.75 %
[1715199765] SERVICE ALERT: SRV_Soporte;CPU;WARNING;SOFT;1;WARNING: Percent was 64.82 %
[1715199885] SERVICE ALERT: SRV_Soporte;CPU;OK;SOFT;2;OK: Percent was 45.45 %
[1715200248] Auto-save of retention data completed successfully.
[1715201501] SERVICE ALERT: FW Cass Telsur;Estado Puerto DMZ;WARNING;SOFT;1;WARNING: SNMP error: No response from remote host "201.220.96.34"
[1715201621] SERVICE ALERT: FW Cass Telsur;Estado Puerto DMZ;OK;SOFT;2;OK: Interface eth2 (index 4) is up.
[1715201745] SERVICE ALERT: SRV_Soporte;CPU;WARNING;SOFT;1;WARNING: Percent was 63.28 %
[1715201833] SERVICE ALERT: FW Cass Telsur;Ancho de Banda LAN;UNKNOWN;SOFT;1;UNKNOWN: Improper interface status, status received: DNE - No response from remote host "201.220.96.34"
[1715201862] SERVICE ALERT: FW Cass Telsur;Ancho de Banda DMZ;CRITICAL;SOFT;1;(No output on stdout) stderr:
[1715201866] SERVICE ALERT: SRV_Soporte;CPU;OK;SOFT;2;OK: Percent was 41.10 %
[1715201953] SERVICE ALERT: FW Cass Telsur;Ancho de Banda LAN;OK;SOFT;2;OK - Average IN: 128.53KB (0.10%), Average OUT: 822.62KB (0.66%)Total RX: 481.05GBytes, Total TX: 694.53GBytes
[1715201982] SERVICE ALERT: FW Cass Telsur;Ancho de Banda DMZ;OK;SOFT;2;OK - Average IN: 22.51KB (0.02%), Average OUT: 10.46KB (0.01%)Total RX: 31.59GBytes, Total TX: 20.46GBytes
[1715202263] SERVICE ALERT: FW Cass Telsur;Ancho de Banda LAN;UNKNOWN;SOFT;1;UNKNOWN: Improper interface status, status received: DNE - No response from remote host "201.220.96.34"
[1715202383] SERVICE ALERT: FW Cass Telsur;Ancho de Banda LAN;OK;SOFT;2;OK - Average IN: 290.07KB (0.23%), Average OUT: 11.86MB (9.49%)Total RX: 481.14GBytes, Total TX: 697.70GBytes
[1715203006] SERVICE ALERT: SRV_Soporte;CPU;WARNING;SOFT;1;WARNING: Percent was 66.15 %
[1715203113] SERVICE ALERT: FW Cass Telsur;Ancho de Banda LAN;CRITICAL;SOFT;1;CRITICAL - IN bandwidth (210819926809.03%) too high
[1715203127] SERVICE ALERT: SRV_Soporte;CPU;OK;SOFT;2;OK: Percent was 10.83 %
[1715203238] SERVICE ALERT: FW Cass Telsur;Ancho de Banda LAN;CRITICAL;SOFT;2;CRITICAL - IN bandwidth (3121.89%) too high
[1715203358] SERVICE ALERT: FW Cass Telsur;Ancho de Banda LAN;OK;SOFT;3;OK - Average IN: 63.46KB (0.05%), Average OUT: 571.10KB (0.46%)Total RX: 491.25GBytes, Total TX: 705.63GBytes
[1715203848] Auto-save of retention data completed successfully.
[1715204087] SERVICE ALERT: SRV_Soporte;CPU;WARNING;SOFT;1;WARNING: Percent was 60.12 %
[1715204190] SERVICE ALERT: FW Cass Telsur;Ancho de Banda WAN;CRITICAL;SOFT;1;(No output on stdout) stderr:
[1715204208] SERVICE ALERT: SRV_Soporte;CPU;OK;SOFT;2;OK: Percent was 6.07 %
[1715204310] SERVICE ALERT: FW Cass Telsur;Ancho de Banda WAN;OK;SOFT;2;OK - Average IN: 311.06B (0.00%), Average OUT: 104.71B (0.00%)Total RX: 4274.60GBytes, Total TX: 5391.62GBytes
[1715205648] SERVICE ALERT: SRV_Soporte;CPU;WARNING;SOFT;1;WARNING: Percent was 62.88 %
[1715205769] SERVICE ALERT: SRV_Soporte;CPU;OK;SOFT;2;OK: Percent was 8.35 %
[1715206910] SERVICE ALERT: SRV_Soporte;CPU;WARNING;SOFT;1;WARNING: Percent was 65.15 %
[1715207030] SERVICE ALERT: SRV_Soporte;CPU;OK;SOFT;2;OK: Percent was 16.65 %
[1715207448] Auto-save of retention data completed successfully.
[1715207930] SERVICE ALERT: SRV_Soporte;CPU;CRITICAL;SOFT;1;CRITICAL: Percent was 70.47 %
[1715208051] SERVICE ALERT: SRV_Soporte;CPU;OK;SOFT;2;OK: Percent was 48.02 %
[1715208951] SERVICE ALERT: SRV_Soporte;CPU;WARNING;SOFT;1;WARNING: Percent was 65.10 %
[1715209072] SERVICE ALERT: SRV_Soporte;CPU;OK;SOFT;2;OK: Percent was 39.83 %
[1715210212] SERVICE ALERT: SRV_Soporte;CPU;WARNING;SOFT;1;WARNING: Percent was 62.18 %
[1715210333] SERVICE ALERT: SRV_Soporte;CPU;OK;SOFT;2;OK: Percent was 43.17 %
[1715211048] Auto-save of retention data completed successfully.
[1715211714] SERVICE ALERT: SRV_Soporte;CPU;WARNING;SOFT;1;WARNING: Percent was 60.60 %
[1715211835] SERVICE ALERT: SRV_Soporte;CPU;OK;SOFT;2;OK: Percent was 53.93 %
[1715212796] SERVICE ALERT: SRV_Soporte;CPU;WARNING;SOFT;1;WARNING: Percent was 61.35 %
[1715212916] SERVICE ALERT: SRV_Soporte;CPU;OK;SOFT;2;OK: Percent was 53.70 %
[1715213517] SERVICE ALERT: SRV_Soporte;CPU;WARNING;SOFT;1;WARNING: Percent was 62.12 %
[1715213637] SERVICE ALERT: SRV_Soporte;CPU;OK;SOFT;2;OK: Percent was 37.88 %
[1715214149] SERVICE ALERT: SRV_GLPI;CPU;CRITICAL;SOFT;1;CRITICAL: Percent was 73.42 %
[1715214270] SERVICE ALERT: SRV_GLPI;CPU;OK;SOFT;2;OK: Percent was 2.00 %
[1715214648] Auto-save of retention data completed successfully.
[1715215798] SERVICE ALERT: SRV_Soporte;CPU;CRITICAL;SOFT;1;CRITICAL: Percent was 76.33 %
[1715215918] SERVICE ALERT: SRV_Soporte;CPU;OK;SOFT;2;OK: Percent was 38.62 %
[1715217178] SERVICE ALERT: SRV_Soporte;CPU;WARNING;SOFT;1;WARNING: Percent was 66.17 %
[1715217299] SERVICE ALERT: SRV_Soporte;CPU;OK;SOFT;2;OK: Percent was 44.73 %
[1715217899] SERVICE ALERT: SRV_Soporte;CPU;WARNING;SOFT;1;WARNING: Percent was 65.53 %
[1715218020] SERVICE ALERT: SRV_Soporte;CPU;WARNING;SOFT;2;WARNING: Percent was 69.95 %
[1715218141] SERVICE ALERT: SRV_Soporte;CPU;OK;SOFT;3;OK: Percent was 45.42 %
[1715218248] Auto-save of retention data completed successfully.
[1715219169] SERVICE ALERT: SRVCONT.cass.cl;Actualizacion;UNKNOWN;SOFT;1;CHECK_NRPE: Receive header underflow - only 0 bytes received (4 expected).
[1715219290] SERVICE ALERT: SRVCONT.cass.cl;Actualizacion;OK;SOFT;2;OK - no pending updates.
[1715219822] SERVICE ALERT: SRV_Soporte;CPU;WARNING;SOFT;1;WARNING: Percent was 65.90 %
[1715219943] SERVICE ALERT: SRV_Soporte;CPU;OK;SOFT;2;OK: Percent was 37.48 %
[1715220484] SERVICE ALERT: SRV_Soporte;CPU;WARNING;SOFT;1;WARNING: Percent was 66.15 %
[1715220605] SERVICE ALERT: SRV_Soporte;CPU;OK;SOFT;2;OK: Percent was 1.50 %
[1715221626] SERVICE ALERT: SRV_Soporte;CPU;WARNING;SOFT;1;WARNING: Percent was 60.60 %
[1715221747] SERVICE ALERT: SRV_Soporte;CPU;OK;SOFT;2;OK: Percent was 32.02 %
[1715221848] Auto-save of retention data completed successfully.
[1715223848] SERVICE ALERT: SRV_Soporte;CPU;WARNING;SOFT;1;WARNING: Percent was 64.85 %
[1715223969] SERVICE ALERT: SRV_Soporte;CPU;OK;SOFT;2;OK: Percent was 40.62 %
[1715225169] SERVICE ALERT: SRV_Soporte;CPU;WARNING;SOFT;1;WARNING: Percent was 67.78 %
[1715225290] SERVICE ALERT: SRV_Soporte;CPU;OK;SOFT;2;OK: Percent was 39.40 %
[1715225448] Auto-save of retention data completed successfully.
