[1679367600] LOG ROTATION: DAILY
[1679367600] LOG VERSION: 2.0
[1679367600] CURRENT HOST STATE: ADL Diagnostic;UP;HARD;1;PING OK - Packet loss = 0%, RTA = 36.60 ms
[1679367600] CURRENT HOST STATE: Blueshell;UP;HARD;1;PING OK - Packet loss = 28%, RTA = 4.85 ms
[1679367600] CURRENT HOST STATE: Cass Entel;UP;HARD;1;PING OK - Packet loss = 0%, RTA = 0.58 ms
[1679367600] CURRENT HOST STATE: Cass Telsur;UP;HARD;1;PING OK - Packet loss = 0%, RTA = 1.10 ms
[1679367600] CURRENT HOST STATE: Clinica PV Movistar;UP;HARD;1;PING OK - Packet loss = 0%, RTA = 32.28 ms
[1679367600] CURRENT HOST STATE: Clinica PV Telsur;UP;HARD;1;PING OK - Packet loss = 28%, RTA = 1.17 ms
[1679367600] CURRENT HOST STATE: Confe;UP;HARD;1;PING OK - Packet loss = 0%, RTA = 38.26 ms
[1679367600] CURRENT HOST STATE: Electric Works;UP;HARD;1;PING OK - Packet loss = 0%, RTA = 31.72 ms
[1679367600] CURRENT HOST STATE: Ext Entel;UP;HARD;1;PING OK - Packet loss = 0%, RTA = 0.53 ms
[1679367600] CURRENT HOST STATE: Ext Telsur;UP;HARD;1;PING OK - Packet loss = 0%, RTA = 1.10 ms
[1679367600] CURRENT HOST STATE: FW ADL Diagnostic;UP;HARD;1;PING OK - Packet loss = 28%, RTA = 35.17 ms
[1679367600] CURRENT HOST STATE: FW Blueshell;UP;HARD;1;PING OK - Packet loss = 0%, RTA = 2.92 ms
[1679367600] CURRENT HOST STATE: FW Cass Entel;UP;HARD;1;PING OK - Packet loss = 0%, RTA = 35.58 ms
[1679367600] CURRENT HOST STATE: FW Cass Telsur;UP;HARD;1;PING OK - Packet loss = 0%, RTA = 0.45 ms
[1679367600] CURRENT HOST STATE: FW Clinica PV Movistar;UP;HARD;1;PING OK - Packet loss = 0%, RTA = 34.17 ms
[1679367600] CURRENT HOST STATE: FW Clinica PV Telsur;UP;HARD;1;PING OK - Packet loss = 0%, RTA = 1.29 ms
[1679367600] CURRENT HOST STATE: FW Confe;UP;HARD;1;PING OK - Packet loss = 0%, RTA = 37.69 ms
[1679367600] CURRENT HOST STATE: FW Electric Works;UP;HARD;1;PING OK - Packet loss = 0%, RTA = 33.96 ms
[1679367600] CURRENT HOST STATE: FW Gore Los Lagos;UP;HARD;1;PING OK - Packet loss = 16%, RTA = 1.15 ms
[1679367600] CURRENT HOST STATE: FW Pasmar;UP;HARD;1;PING OK - Packet loss = 0%, RTA = 1.04 ms
[1679367600] CURRENT HOST STATE: Gore Los Lagos;UP;HARD;1;PING OK - Packet loss = 0%, RTA = 1.16 ms
[1679367600] CURRENT HOST STATE: Host-10.0.0.120;UP;HARD;1;PING OK - Packet loss = 0%, RTA = 0.46 ms
[1679367600] CURRENT HOST STATE: Host-10.0.0.121;UP;HARD;1;PING OK - Packet loss = 0%, RTA = 0.48 ms
[1679367600] CURRENT HOST STATE: Internet;UP;HARD;1;PING OK - Packet loss = 0%, RTA = 17.71 ms
[1679367600] CURRENT HOST STATE: Pasmar;UP;HARD;1;PING OK - Packet loss = 0%, RTA = 1.42 ms
[1679367600] CURRENT HOST STATE: Qnap NAS;UP;HARD;1;PING OK - Packet loss = 0%, RTA = 0.30 ms
[1679367600] CURRENT HOST STATE: SRV01USER_cass.cl;UP;HARD;1;PING OK - Packet loss = 0%, RTA = 1.51 ms
[1679367600] CURRENT HOST STATE: SRV04AD01.cass.cl;UP;HARD;1;PING OK - Packet loss = 0%, RTA = 1.32 ms
[1679367600] CURRENT HOST STATE: SRV05AD02_cass.cl;UP;HARD;1;PING OK - Packet loss = 0%, RTA = 1.34 ms
[1679367600] CURRENT HOST STATE: SRV11VIBE_cass.cl;UP;HARD;1;PING OK - Packet loss = 0%, RTA = 1.09 ms
[1679367600] CURRENT HOST STATE: SRV12WEB_cass.cl;UP;HARD;1;PING OK - Packet loss = 0%, RTA = 1.17 ms
[1679367600] CURRENT HOST STATE: SRVAD1.cass.pmc;UP;HARD;1;PING OK - Packet loss = 0%, RTA = 1.36 ms
[1679367600] CURRENT HOST STATE: SRVAD2.cass.pmc;UP;HARD;1;PING OK - Packet loss = 0%, RTA = 1.78 ms
[1679367600] CURRENT HOST STATE: SRVADMIN.cass.pmc;UP;HARD;1;PING OK - Packet loss = 0%, RTA = 1.14 ms
[1679367600] CURRENT HOST STATE: SRVCONT.cass.cl;UP;HARD;1;PING OK - Packet loss = 0%, RTA = 2.98 ms
[1679367600] CURRENT HOST STATE: SRVDC1.cass.pmc;UP;HARD;1;PING OK - Packet loss = 0%, RTA = 1.36 ms
[1679367600] CURRENT HOST STATE: SRVDNS;UP;HARD;1;PING OK - Packet loss = 0%, RTA = 0.81 ms
[1679367600] CURRENT HOST STATE: SRVMFSD;UP;HARD;1;PING OK - Packet loss = 0%, RTA = 1.06 ms
[1679367600] CURRENT HOST STATE: SRV_Cfiler.cass.cl;UP;HARD;1;PING OK - Packet loss = 0%, RTA = 0.62 ms
[1679367600] CURRENT HOST STATE: SRV_Oraculo_cass.cl;UP;HARD;1;PING OK - Packet loss = 0%, RTA = 0.75 ms
[1679367600] CURRENT HOST STATE: SRV_SOS2021.cass.cl;UP;HARD;1;PING OK - Packet loss = 0%, RTA = 0.46 ms
[1679367600] CURRENT HOST STATE: SRV_SUM;UP;HARD;1;PING OK - Packet loss = 0%, RTA = 0.51 ms
[1679367600] CURRENT HOST STATE: SRV_chat.cass.cl;UP;HARD;1;PING OK - Packet loss = 0%, RTA = 0.52 ms
[1679367600] CURRENT HOST STATE: SRV_email.cass.cl;UP;HARD;1;PING OK - Packet loss = 0%, RTA = 0.76 ms
[1679367600] CURRENT HOST STATE: SRV_nagios;UP;HARD;1;PING OK - Packet loss = 0%, RTA = 0.09 ms
[1679367600] CURRENT HOST STATE: SRV_sync.cass.cl;UP;HARD;1;PING OK - Packet loss = 0%, RTA = 1.11 ms
[1679367600] CURRENT HOST STATE: Servidor Vcenter;UP;HARD;1;PING OK - Packet loss = 0%, RTA = 0.48 ms
[1679367600] CURRENT HOST STATE: Servidores CASS;UP;HARD;1;PING OK - Packet loss = 0%, RTA = 1.25 ms
[1679367600] CURRENT HOST STATE: Ups Principal;UP;HARD;1;PING OK - Packet loss = 0%, RTA = 0.91 ms
[1679367600] CURRENT HOST STATE: Veeam2023.cass.pmc;UP;HARD;1;PING OK - Packet loss = 0%, RTA = 1.45 ms
[1679367600] CURRENT HOST STATE: web_cass_cl;UP;HARD;1;PING OK - Packet loss = 0%, RTA = 0.60 ms
[1679367600] CURRENT SERVICE STATE: ADL Diagnostic;Ping;OK;HARD;1;PING OK - Packet loss = 0%, RTA = 36.33 ms
[1679367600] CURRENT SERVICE STATE: Blueshell;Ping;OK;HARD;1;PING OK - Packet loss = 0%, RTA = 3.05 ms
[1679367600] CURRENT SERVICE STATE: Clinica PV Movistar;Ping;OK;HARD;1;PING OK - Packet loss = 0%, RTA = 32.34 ms
[1679367600] CURRENT SERVICE STATE: Confe;Ping;OK;HARD;1;PING OK - Packet loss = 0%, RTA = 38.25 ms
[1679367600] CURRENT SERVICE STATE: Electric Works;Ping;OK;HARD;1;PING OK - Packet loss = 0%, RTA = 31.74 ms
[1679367600] CURRENT SERVICE STATE: Ext Telsur;Ping;OK;HARD;1;PING OK - Packet loss = 0%, RTA = 0.93 ms
[1679367600] CURRENT SERVICE STATE: FW ADL Diagnostic;Ping;OK;HARD;1;PING OK - Packet loss = 0%, RTA = 34.74 ms
[1679367600] CURRENT SERVICE STATE: FW Blueshell;Ping;OK;HARD;1;PING OK - Packet loss = 0%, RTA = 3.14 ms
[1679367600] CURRENT SERVICE STATE: FW Cass Entel;Ping;OK;HARD;1;PING OK - Packet loss = 0%, RTA = 35.08 ms
[1679367600] CURRENT SERVICE STATE: FW Cass Telsur;Ancho de Banda DMZ;OK;HARD;1;OK - Average IN: 2.45KB (0.00%), Average OUT: 4.16KB (0.00%)Total RX: 69.85GBytes, Total TX: 50.24GBytes
[1679367600] CURRENT SERVICE STATE: FW Cass Telsur;Ancho de Banda LAN;OK;HARD;1;OK - Average IN: 1.03KB (0.00%), Average OUT: 1.19KB (0.00%)Total RX: 873.64GBytes, Total TX: 892.36GBytes
[1679367600] CURRENT SERVICE STATE: FW Cass Telsur;Ancho de Banda WAN;OK;HARD;1;OK - Average IN: 1.00B (0.00%), Average OUT: 0.70B (0.00%)Total RX: 17253.20GBytes, Total TX: 10092.94GBytes
[1679367600] CURRENT SERVICE STATE: FW Cass Telsur;Estado Puerto DMZ;OK;HARD;1;OK: Interface eth2 (index 4) is up.
[1679367600] CURRENT SERVICE STATE: FW Cass Telsur;Estado Puerto LAN;OK;HARD;1;OK: Interface eth0 (index 2) is up.
[1679367600] CURRENT SERVICE STATE: FW Cass Telsur;Estado Puerto WAN;OK;HARD;1;OK: Interface eth1 (index 3) is up.
[1679367600] CURRENT SERVICE STATE: FW Cass Telsur;Estado TCP Sophos;OK;HARD;1;TCP OK - 0.000 second response time on 201.220.96.34 port 4444
[1679367600] CURRENT SERVICE STATE: FW Cass Telsur;Ping;OK;HARD;1;PING OK - Packet loss = 0%, RTA = 0.55 ms
[1679367600] CURRENT SERVICE STATE: FW Cass Telsur;Tiempo Activo;OK;HARD;1;SNMP OK - Timeticks: (466536037) 53 days, 23:56:00.37
[1679367600] CURRENT SERVICE STATE: FW Clinica PV Movistar;Ping;OK;HARD;1;PING OK - Packet loss = 0%, RTA = 34.34 ms
[1679367600] CURRENT SERVICE STATE: FW Confe;Ping;OK;HARD;1;PING OK - Packet loss = 0%, RTA = 37.76 ms
[1679367600] CURRENT SERVICE STATE: FW Electric Works;Ping;OK;HARD;1;PING OK - Packet loss = 0%, RTA = 33.89 ms
[1679367600] CURRENT SERVICE STATE: FW Gore Los Lagos;Ping;OK;HARD;1;PING OK - Packet loss = 0%, RTA = 1.13 ms
[1679367600] CURRENT SERVICE STATE: FW Pasmar;Ping;OK;HARD;1;PING OK - Packet loss = 16%, RTA = 1.35 ms
[1679367600] CURRENT SERVICE STATE: Gore Los Lagos;Ping;OK;HARD;1;PING OK - Packet loss = 0%, RTA = 1.25 ms
[1679367600] CURRENT SERVICE STATE: Host-10.0.0.120;Ping;OK;HARD;1;PING OK - Packet loss = 0%, RTA = 0.46 ms
[1679367600] CURRENT SERVICE STATE: Host-10.0.0.121;Ping;OK;HARD;1;PING OK - Packet loss = 0%, RTA = 0.39 ms
[1679367600] CURRENT SERVICE STATE: Pasmar;Ping;OK;HARD;1;PING OK - Packet loss = 0%, RTA = 1.41 ms
[1679367600] CURRENT SERVICE STATE: Qnap NAS;Almacenamiento;OK;HARD;1;OK: Total:50TB - Used:35TB - Free:15TB - Used Space: 69%
[1679367600] CURRENT SERVICE STATE: Qnap NAS;Estado;OK;HARD;1;Power Supply #1 - OK: GOOD
[1679367600] CURRENT SERVICE STATE: Qnap NAS;Memoria;OK;HARD;1;OK: Total:3830MB - Used:1060MB - Free:2770MB = 28%
[1679367600] CURRENT SERVICE STATE: Qnap NAS;Sysinfo;OK;HARD;1;NAS Cloud, Model TS-879U-RP, Firmware 4.3.6, Max HD number 8, No. Volume 1
[1679367600] CURRENT SERVICE STATE: Qnap NAS;Temperatura;OK;HARD;1;OK: Temperature=35C
[1679367600] CURRENT SERVICE STATE: Qnap NAS;Tiempo Activo;OK;HARD;1;SNMP OK - Timeticks: (634543058) 73 days, 10:37:10.58
[1679367600] CURRENT SERVICE STATE: SRV01USER_cass.cl;Actualizacion;CRITICAL;HARD;3;Updates: 5 critical, 0 optional
[1679367600] CURRENT SERVICE STATE: SRV01USER_cass.cl;Almacenamiento C;OK;HARD;1;c:\ - total: 119.40 Gb - used: 87.80 Gb (74%) - free 31.60 Gb (26%)
[1679367600] CURRENT SERVICE STATE: SRV01USER_cass.cl;Almacenamiento U;OK;HARD;1;u:\ - total: 1023.98 Gb - used: 181.35 Gb (18%) - free 842.64 Gb (82%)
[1679367600] CURRENT SERVICE STATE: SRV01USER_cass.cl;CPU;OK;HARD;1;CPU Load 2% (5 min average)
[1679367600] CURRENT SERVICE STATE: SRV01USER_cass.cl;Memoria;OK;HARD;1;Memory usage: total:27922.76 MB - used: 15554.72 MB (56%) - free: 12368.04 MB (44%)
[1679367600] CURRENT SERVICE STATE: SRV01USER_cass.cl;Ping;OK;HARD;1;PING OK - Packet loss = 0%, RTA = 2.09 ms
[1679367600] CURRENT SERVICE STATE: SRV01USER_cass.cl;Tiempo Activo;OK;HARD;1;System Uptime - 31 day(s) 3 hour(s) 9 minute(s)
[1679367600] CURRENT SERVICE STATE: SRV04AD01.cass.cl;Ping;OK;HARD;1;PING OK - Packet loss = 0%, RTA = 1.37 ms
[1679367600] CURRENT SERVICE STATE: SRV05AD02_cass.cl;Ping;OK;HARD;1;PING OK - Packet loss = 0%, RTA = 1.31 ms
[1679367600] CURRENT SERVICE STATE: SRV11VIBE_cass.cl;Actualizacion;CRITICAL;HARD;3;Updates CRITICAL : discontinued OS Release SLE 15.1: no updates available
[1679367600] CURRENT SERVICE STATE: SRV11VIBE_cass.cl;Almacenamiento /;OK;HARD;1;DISK OK - free space: /var/tmp 78493 MiB (85.71% inode=-):
[1679367600] CURRENT SERVICE STATE: SRV11VIBE_cass.cl;CPU;OK;HARD;1;OK - load average per CPU: 0.00, 0.01, 0.00
[1679367600] CURRENT SERVICE STATE: SRV11VIBE_cass.cl;Memoria;OK;HARD;1;[MEMORY] Total: 7693 MB - Used: 2544 MB - 33% [SWAP] Total: 7944 MB - Used: 0 MB - 0%
[1679367600] CURRENT SERVICE STATE: SRV11VIBE_cass.cl;Ping;OK;HARD;1;PING OK - Packet loss = 0%, RTA = 1.02 ms
[1679367600] CURRENT SERVICE STATE: SRV11VIBE_cass.cl;Proceso Vibe;OK;HARD;1;PROCS OK: 0 processes with command name 'vibe'
[1679367600] CURRENT SERVICE STATE: SRV11VIBE_cass.cl;Procesos;OK;HARD;1;PROCS OK: 267 processes
[1679367600] CURRENT SERVICE STATE: SRV11VIBE_cass.cl;Procesos Zombies;OK;HARD;1;PROCS OK: 0 processes with STATE = Z
[1679367600] CURRENT SERVICE STATE: SRV11VIBE_cass.cl;Puerto HTTP;OK;HARD;1;TCP OK - 0.001 second response time on 10.0.2.13 port 80
[1679367600] CURRENT SERVICE STATE: SRV11VIBE_cass.cl;Puerto HTTPS;OK;HARD;1;TCP OK - 0.001 second response time on 10.0.2.13 port 443
[1679367600] CURRENT SERVICE STATE: SRV11VIBE_cass.cl;Servicio Vibe;OK;HARD;1;OK: Service vibe is running!
[1679367600] CURRENT SERVICE STATE: SRV11VIBE_cass.cl;Tiempo Activo;OK;HARD;1;Uptime OK: 60 day(s) 12 hour(s) 28 minute(s)
[1679367600] CURRENT SERVICE STATE: SRV11VIBE_cass.cl;Usuarios Login;OK;HARD;1;USERS OK - 0 users currently logged in
[1679367600] CURRENT SERVICE STATE: SRV12WEB_cass.cl;Ping;OK;HARD;1;PING OK - Packet loss = 44%, RTA = 1.00 ms
[1679367600] CURRENT SERVICE STATE: SRVAD1.cass.pmc;Ping;OK;HARD;1;PING OK - Packet loss = 0%, RTA = 0.97 ms
[1679367600] CURRENT SERVICE STATE: SRVAD2.cass.pmc;Ping;OK;HARD;1;PING OK - Packet loss = 0%, RTA = 1.24 ms
[1679367600] CURRENT SERVICE STATE: SRVADMIN.cass.pmc;Actualizacion;CRITICAL;HARD;3;Updates: 3 critical, 0 optional
[1679367600] CURRENT SERVICE STATE: SRVADMIN.cass.pmc;Almacenamiento;OK;HARD;1;c:\ - total: 299.66 Gb - used: 156.06 Gb (52%) - free 143.60 Gb (48%)
[1679367600] CURRENT SERVICE STATE: SRVADMIN.cass.pmc;CPU;OK;HARD;1;CPU Load 13% (5 min average)
[1679367600] CURRENT SERVICE STATE: SRVADMIN.cass.pmc;Memoria;OK;HARD;1;Memory usage: total:17693.55 MB - used: 15285.45 MB (86%) - free: 2408.10 MB (14%)
[1679367600] CURRENT SERVICE STATE: SRVADMIN.cass.pmc;Ping;OK;HARD;1;PING OK - Packet loss = 0%, RTA = 1.10 ms
[1679367600] CURRENT SERVICE STATE: SRVADMIN.cass.pmc;Tiempo Activo;OK;HARD;1;System Uptime - 32 day(s) 5 hour(s) 9 minute(s)
[1679367600] CURRENT SERVICE STATE: SRVCONT.cass.cl;Actualizacion;CRITICAL;HARD;3;Updates: 2 critical, 0 optional
[1679367600] CURRENT SERVICE STATE: SRVCONT.cass.cl;Almacenamiento;OK;HARD;1;c:\ - total: 299.33 Gb - used: 37.00 Gb (12%) - free 262.33 Gb (88%)
[1679367600] CURRENT SERVICE STATE: SRVCONT.cass.cl;CPU;OK;HARD;1;CPU Load 2% (5 min average)
[1679367600] CURRENT SERVICE STATE: SRVCONT.cass.cl;Memoria;OK;HARD;1;Memory usage: total:14143.13 MB - used: 4127.99 MB (29%) - free: 10015.14 MB (71%)
[1679367600] CURRENT SERVICE STATE: SRVCONT.cass.cl;Ping;OK;HARD;1;PING OK - Packet loss = 0%, RTA = 3.20 ms
[1679367600] CURRENT SERVICE STATE: SRVCONT.cass.cl;Tiempo Activo;OK;HARD;1;System Uptime - 31 day(s) 2 hour(s) 49 minute(s)
[1679367600] CURRENT SERVICE STATE: SRVDC1.cass.pmc;Ping;OK;HARD;1;PING OK - Packet loss = 0%, RTA = 1.20 ms
[1679367600] CURRENT SERVICE STATE: SRVDNS;Ping;OK;HARD;1;PING OK - Packet loss = 0%, RTA = 1.03 ms
[1679367600] CURRENT SERVICE STATE: SRVMFSD;Ping;OK;HARD;1;PING OK - Packet loss = 0%, RTA = 0.90 ms
[1679367600] CURRENT SERVICE STATE: SRV_Cfiler.cass.cl;Actualizacion;OK;HARD;1;Updates OK : no updates available
[1679367600] CURRENT SERVICE STATE: SRV_Cfiler.cass.cl;Almacenamiento /;OK;HARD;1;DISK OK - free space: / 2543008 MB (75% inode=-):
[1679367600] CURRENT SERVICE STATE: SRV_Cfiler.cass.cl;CPU;OK;HARD;1;OK - load average: 0.10, 0.10, 0.09
[1679367600] CURRENT SERVICE STATE: SRV_Cfiler.cass.cl;Http;OK;HARD;1;TCP OK - 0.000 second response time on port 80
[1679367600] CURRENT SERVICE STATE: SRV_Cfiler.cass.cl;Https;OK;HARD;1;TCP OK - 0.000 second response time on port 443
[1679367600] CURRENT SERVICE STATE: SRV_Cfiler.cass.cl;Memoria;OK;HARD;1;[MEMORY] Total: 3893 MB - Used: 1052 MB - 27% [SWAP] Total: 2047 MB - Used: 385 MB - 18%
[1679367600] CURRENT SERVICE STATE: SRV_Cfiler.cass.cl;Procesos;OK;HARD;1;PROCS OK: 306 processes
[1679367600] CURRENT SERVICE STATE: SRV_Cfiler.cass.cl;Procesos Zombies;OK;HARD;1;PROCS OK: 0 processes with STATE = Z
[1679367600] CURRENT SERVICE STATE: SRV_Cfiler.cass.cl;Procs Apache;OK;HARD;1;PROCS OK: 11 processes with args 'apache2'
[1679367600] CURRENT SERVICE STATE: SRV_Cfiler.cass.cl;Serv Apache;OK;HARD;1;OK: Service apache is running!
[1679367600] CURRENT SERVICE STATE: SRV_Cfiler.cass.cl;Servicio General;OK;HARD;1;PING OK - Packet loss = 0%, RTA = 0.59 ms
[1679367600] CURRENT SERVICE STATE: SRV_Cfiler.cass.cl;Tiempo Activo;OK;HARD;1;Uptime OK: 53 day(s) 9 hour(s) 56 minute(s)
[1679367600] CURRENT SERVICE STATE: SRV_Cfiler.cass.cl;Usuarios Login;OK;HARD;1;USERS OK - 1 users currently logged in
[1679367600] CURRENT SERVICE STATE: SRV_Oraculo_cass.cl;Ping;OK;HARD;1;PING OK - Packet loss = 0%, RTA = 0.75 ms
[1679367600] CURRENT SERVICE STATE: SRV_SOS2021.cass.cl;Actualizacion;OK;HARD;1;Updates OK : no updates available
[1679367600] CURRENT SERVICE STATE: SRV_SOS2021.cass.cl;Almacenamiento /;OK;HARD;1;DISK OK - free space: /var/tmp 118477 MiB (91.26% inode=-):
[1679367600] CURRENT SERVICE STATE: SRV_SOS2021.cass.cl;CPU;OK;HARD;1;OK - load average per CPU: 0.00, 0.01, 0.01
[1679367600] CURRENT SERVICE STATE: SRV_SOS2021.cass.cl;Memoria;OK;HARD;1;[MEMORY] Total: 7946 MB - Used: 899 MB - 11% [SWAP] Total: 10239 MB - Used: 0 MB - 0%
[1679367600] CURRENT SERVICE STATE: SRV_SOS2021.cass.cl;Ping;OK;HARD;1;PING OK - Packet loss = 0%, RTA = 0.46 ms
[1679367600] CURRENT SERVICE STATE: SRV_SOS2021.cass.cl;Procesos;OK;HARD;1;PROCS OK: 319 processes
[1679367600] CURRENT SERVICE STATE: SRV_SOS2021.cass.cl;Procesos Zombies;OK;HARD;1;PROCS OK: 0 processes with STATE = Z
[1679367600] CURRENT SERVICE STATE: SRV_SOS2021.cass.cl;Tiempo Activo;OK;HARD;1;Uptime OK: 38 day(s) 4 hour(s) 47 minute(s)
[1679367600] CURRENT SERVICE STATE: SRV_SOS2021.cass.cl;Usuarios Login;OK;HARD;1;USERS OK - 0 users currently logged in
[1679367600] CURRENT SERVICE STATE: SRV_SUM;Ping;OK;HARD;1;PING OK - Packet loss = 0%, RTA = 0.51 ms
[1679367600] CURRENT SERVICE STATE: SRV_chat.cass.cl;Actualizacion;OK;HARD;1;Updates OK : no updates available
[1679367600] CURRENT SERVICE STATE: SRV_chat.cass.cl;Almacenamiento /;UNKNOWN;HARD;3;DISK UNKNOWN - free space:
[1679367600] CURRENT SERVICE STATE: SRV_chat.cass.cl;CPU;OK;HARD;1;OK - load average per CPU: 0.09, 0.07, 0.06
[1679367600] CURRENT SERVICE STATE: SRV_chat.cass.cl;Memoria;OK;HARD;1;[MEMORY] Total: 7919 MB - Used: 2665 MB - 33% [SWAP] Total: 2048 MB - Used: 26 MB - 1%
[1679367600] CURRENT SERVICE STATE: SRV_chat.cass.cl;Ping;OK;HARD;1;PING OK - Packet loss = 0%, RTA = 0.60 ms
[1679367600] CURRENT SERVICE STATE: SRV_chat.cass.cl;Proceso Docker;OK;HARD;1;PROCS OK: 0 processes with command name 'docker'
[1679367600] CURRENT SERVICE STATE: SRV_chat.cass.cl;Proceso Nginx;OK;HARD;1;PROCS OK: 3 processes with command name 'nginx'
[1679367600] CURRENT SERVICE STATE: SRV_chat.cass.cl;Procesos;OK;HARD;1;PROCS OK: 298 processes
[1679367600] CURRENT SERVICE STATE: SRV_chat.cass.cl;Procesos Zombies;OK;HARD;1;PROCS OK: 0 processes with STATE = Z
[1679367600] CURRENT SERVICE STATE: SRV_chat.cass.cl;Puerto Chat;OK;HARD;1;TCP OK - 0.000 second response time on port 3000
[1679367600] CURRENT SERVICE STATE: SRV_chat.cass.cl;Puerto Contenedor;OK;HARD;1;TCP OK - 0.001 second response time on port 8000
[1679367600] CURRENT SERVICE STATE: SRV_chat.cass.cl;Puerto HTTP;OK;HARD;1;TCP OK - 0.000 second response time on port 80
[1679367600] CURRENT SERVICE STATE: SRV_chat.cass.cl;Puerto HTTPS;OK;HARD;1;TCP OK - 0.000 second response time on port 443
[1679367600] CURRENT SERVICE STATE: SRV_chat.cass.cl;Puerto Portainer;OK;HARD;1;TCP OK - 0.000 second response time on port 9443
[1679367600] CURRENT SERVICE STATE: SRV_chat.cass.cl;Servicio Docker;OK;HARD;1;OK: Service docker is running!
[1679367600] CURRENT SERVICE STATE: SRV_chat.cass.cl;Servicio Nginx;OK;HARD;1;OK: Service nginx is running!
[1679367600] CURRENT SERVICE STATE: SRV_chat.cass.cl;Usuarios Login;OK;HARD;1;USERS OK - 2 users currently logged in
[1679367600] CURRENT SERVICE STATE: SRV_email.cass.cl;Actualizacion;OK;HARD;1;Updates OK : no updates available
[1679367600] CURRENT SERVICE STATE: SRV_email.cass.cl;Almacenamiento /;OK;HARD;1;DISK OK - free space: /var/tmp 481614 MiB (95.05% inode=-):
[1679367600] CURRENT SERVICE STATE: SRV_email.cass.cl;Almacenamiento Mail;OK;HARD;1;DISK OK - free space: /mail 1825578 MiB (93.22% inode=99%):
[1679367600] CURRENT SERVICE STATE: SRV_email.cass.cl;Almacenamiento Mail2;OK;HARD;1;DISK OK - free space: /mail2 476735 MiB (99.89% inode=100%):
[1679367600] CURRENT SERVICE STATE: SRV_email.cass.cl;CPU;OK;HARD;1;OK - load average per CPU: 0.01, 0.01, 0.01
[1679367600] CURRENT SERVICE STATE: SRV_email.cass.cl;Correo Pop;OK;HARD;1;POP OK - 0.001 second response time on 10.0.2.25 port 110 [+OK GroupWise POP3 server ready]
[1679367600] CURRENT SERVICE STATE: SRV_email.cass.cl;Correo Smtp;OK;HARD;1;SMTP OK - 0.004 sec. response time
[1679367600] CURRENT SERVICE STATE: SRV_email.cass.cl;Memoria;OK;HARD;1;[MEMORY] Total: 11939 MB - Used: 1770 MB - 14% [SWAP] Total: 2048 MB - Used: 146 MB - 7%
[1679367600] CURRENT SERVICE STATE: SRV_email.cass.cl;Ping;OK;HARD;1;PING OK - Packet loss = 28%, RTA = 0.95 ms
[1679367600] CURRENT SERVICE STATE: SRV_email.cass.cl;Procesos;OK;HARD;1;PROCS OK: 299 processes
[1679367600] CURRENT SERVICE STATE: SRV_email.cass.cl;Procesos Zombies;OK;HARD;1;PROCS OK: 0 processes with STATE = Z
[1679367600] CURRENT SERVICE STATE: SRV_email.cass.cl;Tiempo Activo;OK;HARD;1;Uptime OK: 75 day(s) 15 hour(s) 1 minute(s)
[1679367600] CURRENT SERVICE STATE: SRV_email.cass.cl;Usuarios Login;OK;HARD;1;USERS OK - 0 users currently logged in
[1679367600] CURRENT SERVICE STATE: SRV_nagios;Actualizacion;OK;HARD;1;YUM OK: 0 Updates Available
[1679367600] CURRENT SERVICE STATE: SRV_nagios;Almacenamiento;OK;HARD;1;DISK OK - free space: / 46887 MiB (91.62% inode=100%):
[1679367600] CURRENT SERVICE STATE: SRV_nagios;CPU;OK;HARD;1;OK - load average: 0.05, 0.07, 0.05
[1679367600] CURRENT SERVICE STATE: SRV_nagios;Memoria;OK;HARD;1;[MEMORY] Total: 7740 MB - Used: 568 MB - 7% [SWAP] Total: 7935 MB - Used: 0 MB - 0%
[1679367600] CURRENT SERVICE STATE: SRV_nagios;PING;OK;HARD;1;PING OK - Packet loss = 0%, RTA = 0.09 ms
[1679367600] CURRENT SERVICE STATE: SRV_nagios;Procesos;OK;HARD;1;PROCS OK: 68 processes with STATE = RSZDT
[1679367600] CURRENT SERVICE STATE: SRV_nagios;Usarios Login;OK;HARD;1;USERS OK - 0 users currently logged in
[1679367600] CURRENT SERVICE STATE: SRV_sync.cass.cl;Ping;OK;HARD;1;PING OK - Packet loss = 0%, RTA = 1.01 ms
[1679367600] CURRENT SERVICE STATE: Servidor Vcenter;Ping;OK;HARD;1;PING OK - Packet loss = 0%, RTA = 0.74 ms
[1679367600] CURRENT SERVICE STATE: Servidores CASS;Ancho de Banda GE/1/0/3;OK;HARD;1;OK - Average IN: 11.73KB (0.01%), Average OUT: 12.30KB (0.01%)Total RX: 18003.44GBytes, Total TX: 29494.72GBytes
[1679367600] CURRENT SERVICE STATE: Servidores CASS;Estado Puerto 3;OK;HARD;1;OK: Interface GigabitEthernet1/0/3 (index 3) is up.
[1679367600] CURRENT SERVICE STATE: Servidores CASS;Estado Puerto 80;OK;HARD;1;TCP OK - 0.004 second response time on 10.0.0.17 port 80
[1679367600] CURRENT SERVICE STATE: Servidores CASS;Ping;OK;HARD;1;PING OK - Packet loss = 0%, RTA = 1.79 ms
[1679367600] CURRENT SERVICE STATE: Servidores CASS;Tiempo Activo;OK;HARD;1;SNMP OK - Timeticks: (659682373) 76 days, 8:27:03.73
[1679367600] CURRENT SERVICE STATE: Ups Principal;Carga;OK;HARD;1;OK: Estimated battery charge 98%, approximately 0 minutes runtime remaining.
[1679367600] CURRENT SERVICE STATE: Ups Principal;Estado;OK;HARD;1;OK: Battery Status Normal.
[1679367600] CURRENT SERVICE STATE: Ups Principal;Ping;OK;HARD;1;PING OK - Packet loss = 28%, RTA = 0.89 ms
[1679367600] CURRENT SERVICE STATE: Ups Principal;Temperatura;OK;HARD;1;OK: Battery Temperature is 25 degrees C (77.0 degrees F).
[1679367600] CURRENT SERVICE STATE: Ups Principal;Tiempo Activo;OK;HARD;1;SNMP OK - Timeticks: (210218714) 24 days, 7:56:27.14
[1679367600] CURRENT SERVICE STATE: Veeam2023.cass.pmc;Actualizacion;CRITICAL;HARD;3;Updates: 2 critical, 0 optional
[1679367600] CURRENT SERVICE STATE: Veeam2023.cass.pmc;Almacenamiento;OK;HARD;1;c:\ - total: 99.33 Gb - used: 68.98 Gb (69%) - free 30.35 Gb (31%)
[1679367600] CURRENT SERVICE STATE: Veeam2023.cass.pmc;CPU;OK;HARD;1;CPU Load 7% (5 min average)
[1679367600] CURRENT SERVICE STATE: Veeam2023.cass.pmc;Memoria;OK;HARD;1;Memory usage: total:18815.17 MB - used: 9980.61 MB (53%) - free: 8834.57 MB (47%)
[1679367600] CURRENT SERVICE STATE: Veeam2023.cass.pmc;Ping;OK;HARD;1;PING OK - Packet loss = 0%, RTA = 1.23 ms
[1679367600] CURRENT SERVICE STATE: Veeam2023.cass.pmc;Tiempo Activo;OK;HARD;1;System Uptime - 31 day(s) 0 hour(s) 6 minute(s)
[1679367600] CURRENT SERVICE STATE: web_cass_cl;Certificado;OK;HARD;1;SSL OK - Certificate '*.cass.cl' will expire in 280 days on 2023-12-26 20:59 -0300/-03.
[1679367600] CURRENT SERVICE STATE: web_cass_cl;HTTP;OK;HARD;1;HTTP OK: HTTP/1.1 302 Found - 1065 bytes in 0.171 second response time
[1679370443] Auto-save of retention data completed successfully.
[1679372695] SERVICE ALERT: SRV_Cfiler.cass.cl;Actualizacion;CRITICAL;SOFT;1;CHECK_NRPE STATE CRITICAL: Socket timeout after 30 seconds.
[1679372696] SERVICE ALERT: SRV_chat.cass.cl;Actualizacion;CRITICAL;SOFT;1;CHECK_NRPE STATE CRITICAL: Socket timeout after 30 seconds.
[1679372827] SERVICE ALERT: SRV_Cfiler.cass.cl;Actualizacion;OK;SOFT;2;Updates OK : no updates available
[1679372828] SERVICE ALERT: SRV_chat.cass.cl;Actualizacion;OK;SOFT;2;Updates OK : no updates available
[1679374043] Auto-save of retention data completed successfully.
[1679377643] Auto-save of retention data completed successfully.
[1679381243] Auto-save of retention data completed successfully.
[1679383112] SERVICE ALERT: SRV_SOS2021.cass.cl;Actualizacion;CRITICAL;SOFT;1;CHECK_NRPE STATE CRITICAL: Socket timeout after 30 seconds.
[1679383243] SERVICE ALERT: SRV_SOS2021.cass.cl;Actualizacion;OK;SOFT;2;Updates OK : no updates available
[1679384497] SERVICE ALERT: SRV_Cfiler.cass.cl;Actualizacion;CRITICAL;SOFT;1;CHECK_NRPE STATE CRITICAL: Socket timeout after 30 seconds.
[1679384498] SERVICE ALERT: SRV_chat.cass.cl;Actualizacion;CRITICAL;SOFT;1;CHECK_NRPE STATE CRITICAL: Socket timeout after 30 seconds.
[1679384632] SERVICE ALERT: SRV_Cfiler.cass.cl;Actualizacion;OK;SOFT;2;Updates OK : no updates available
[1679384637] SERVICE ALERT: SRV_chat.cass.cl;Actualizacion;OK;SOFT;2;Updates OK : no updates available
[1679384843] Auto-save of retention data completed successfully.
[1679388443] Auto-save of retention data completed successfully.
[1679392043] Auto-save of retention data completed successfully.
[1679395643] Auto-save of retention data completed successfully.
[1679398672] SERVICE ALERT: FW Cass Telsur;Estado Puerto DMZ;WARNING;SOFT;1;WARNING: SNMP error: No response from remote host "201.220.96.34"
[1679398740] SERVICE ALERT: FW Cass Telsur;Estado Puerto WAN;WARNING;SOFT;1;WARNING: SNMP error: No response from remote host "201.220.96.34"
[1679398740] SERVICE ALERT: FW Cass Telsur;Estado Puerto LAN;WARNING;SOFT;1;WARNING: SNMP error: No response from remote host "201.220.96.34"
[1679398792] SERVICE ALERT: FW Cass Telsur;Estado Puerto DMZ;OK;SOFT;2;OK: Interface eth2 (index 4) is up.
[1679398860] SERVICE ALERT: FW Cass Telsur;Estado Puerto WAN;OK;SOFT;2;OK: Interface eth1 (index 3) is up.
[1679398860] SERVICE ALERT: FW Cass Telsur;Estado Puerto LAN;OK;SOFT;2;OK: Interface eth0 (index 2) is up.
[1679399243] Auto-save of retention data completed successfully.
[1679399557] SERVICE ALERT: FW Cass Telsur;Ancho de Banda LAN;CRITICAL;SOFT;1;(No output on stdout) stderr:
[1679399678] SERVICE ALERT: FW Cass Telsur;Ancho de Banda LAN;OK;SOFT;2;OK - Average IN: 35.04KB (0.03%), Average OUT: 239.22KB (0.19%)Total RX: 873.78GBytes, Total TX: 893.93GBytes
[1679400073] SERVICE ALERT: FW Cass Telsur;Ancho de Banda WAN;CRITICAL;SOFT;1;(No output on stdout) stderr:
[1679400108] SERVICE ALERT: FW Cass Telsur;Ancho de Banda LAN;CRITICAL;SOFT;1;(No output on stdout) stderr:
[1679400208] SERVICE ALERT: FW Cass Telsur;Ancho de Banda WAN;OK;SOFT;2;(No output on stdout) stderr:
[1679400229] SERVICE ALERT: FW Cass Telsur;Ancho de Banda LAN;OK;SOFT;2;OK - Average IN: 58.22KB (0.05%), Average OUT: 470.89KB (0.38%)Total RX: 873.81GBytes, Total TX: 894.16GBytes
[1679400740] SERVICE NOTIFICATION: nagiosadmin;Veeam2023.cass.pmc;Actualizacion;WARNING;notify-service-by-email;updates installed, reboot required
[1679400740] SERVICE NOTIFICATION: andresnavarro;Veeam2023.cass.pmc;Actualizacion;WARNING;notify-service-by-email;updates installed, reboot required
[1679400740] SERVICE NOTIFICATION: soporteti;Veeam2023.cass.pmc;Actualizacion;WARNING;notify-service-by-telegram;updates installed, reboot required
[1679400740] SERVICE NOTIFICATION: soporteti;Veeam2023.cass.pmc;Actualizacion;WARNING;notify-service-by-email;updates installed, reboot required
[1679400740] SERVICE NOTIFICATION: carlosstange;Veeam2023.cass.pmc;Actualizacion;WARNING;notify-service-by-telegram;updates installed, reboot required
[1679400740] SERVICE NOTIFICATION: carlosstange;Veeam2023.cass.pmc;Actualizacion;WARNING;notify-service-by-email;updates installed, reboot required
[1679400740] SERVICE ALERT: Veeam2023.cass.pmc;Actualizacion;WARNING;HARD;3;updates installed, reboot required
[1679400963] EXTERNAL COMMAND: SCHEDULE_FORCED_SVC_CHECK;SRV_chat.cass.cl;Almacenamiento /;1679400962
[1679401011] Caught SIGTERM, shutting down...
[1679401011] Caught SIGTERM, shutting down...
[1679401011] Successfully shutdown... (PID=25011)
[1679401011] Nagios 4.4.9 starting... (PID=12895)
[1679401011] Local time is Tue Mar 21 09:16:51 -03 2023
[1679401011] LOG VERSION: 2.0
[1679401011] qh: Socket '/usr/local/nagios/var/rw/nagios.qh' successfully initialized
[1679401011] qh: core query handler registered
[1679401011] qh: echo service query handler registered
[1679401011] qh: help for the query handler registered
[1679401011] wproc: Successfully registered manager as @wproc with query handler
[1679401011] wproc: Registry request: name=Core Worker 12899;pid=12899
[1679401011] wproc: Registry request: name=Core Worker 12898;pid=12898
[1679401011] wproc: Registry request: name=Core Worker 12897;pid=12897
[1679401011] wproc: Registry request: name=Core Worker 12896;pid=12896
[1679401011] Warning: Duplicate definition found for service 'Ping' on host 'SRV_chat.cass.cl' (config file '/usr/local/nagios/etc/objects/linux_service.cfg', starting on line 220)
[1679401011] Warning: Duplicate definition found for service 'Ping' on host 'SRV11VIBE_cass.cl' (config file '/usr/local/nagios/etc/objects/linux_service.cfg', starting on line 56)
[1679401013] Successfully launched command file worker with pid 12900
[1679401031] EXTERNAL COMMAND: SCHEDULE_FORCED_SVC_CHECK;SRV_chat.cass.cl;Almacenamiento /;1679401028
[1679401035] EXTERNAL COMMAND: SCHEDULE_FORCED_SVC_CHECK;SRV_chat.cass.cl;Almacenamiento /;1679401033
[1679401041] EXTERNAL COMMAND: SCHEDULE_FORCED_SVC_CHECK;SRV_chat.cass.cl;Almacenamiento /;1679401038
[1679401227] SERVICE ALERT: SRV_SOS2021.cass.cl;Procesos;WARNING;SOFT;1;PROCS WARNING: 354 processes
[1679401347] SERVICE ALERT: SRV_SOS2021.cass.cl;Procesos;WARNING;SOFT;2;PROCS WARNING: 352 processes
[1679401363] Caught SIGTERM, shutting down...
[1679401363] Caught SIGTERM, shutting down...
[1679401363] Successfully shutdown... (PID=12895)
[1679401438] Nagios 4.4.9 starting... (PID=15822)
[1679401438] Local time is Tue Mar 21 09:23:58 -03 2023
[1679401438] LOG VERSION: 2.0
[1679401438] qh: Socket '/usr/local/nagios/var/rw/nagios.qh' successfully initialized
[1679401438] qh: core query handler registered
[1679401438] qh: echo service query handler registered
[1679401438] qh: help for the query handler registered
[1679401438] wproc: Successfully registered manager as @wproc with query handler
[1679401438] wproc: Registry request: name=Core Worker 15824;pid=15824
[1679401438] wproc: Registry request: name=Core Worker 15826;pid=15826
[1679401438] wproc: Registry request: name=Core Worker 15823;pid=15823
[1679401438] wproc: Registry request: name=Core Worker 15825;pid=15825
[1679401438] Warning: Duplicate definition found for service 'Ping' on host 'SRV_chat.cass.cl' (config file '/usr/local/nagios/etc/objects/linux_service.cfg', starting on line 220)
[1679401438] Warning: Duplicate definition found for service 'Ping' on host 'SRV11VIBE_cass.cl' (config file '/usr/local/nagios/etc/objects/linux_service.cfg', starting on line 56)
[1679401438] Successfully launched command file worker with pid 15827
[1679401458] EXTERNAL COMMAND: SCHEDULE_FORCED_SVC_CHECK;SRV_chat.cass.cl;Almacenamiento /;1679401456
[1679401463] EXTERNAL COMMAND: SCHEDULE_FORCED_SVC_CHECK;SRV_chat.cass.cl;Almacenamiento /;1679401462
[1679401467] SERVICE ALERT: SRV_SOS2021.cass.cl;Procesos;OK;SOFT;3;PROCS OK: 316 processes
[1679401468] EXTERNAL COMMAND: SCHEDULE_FORCED_SVC_CHECK;SRV_chat.cass.cl;Almacenamiento /;1679401467
[1679401569] EXTERNAL COMMAND: SCHEDULE_FORCED_SVC_CHECK;SRV_chat.cass.cl;Almacenamiento /;1679401568
[1679401574] EXTERNAL COMMAND: SCHEDULE_FORCED_SVC_CHECK;SRV_chat.cass.cl;Almacenamiento /;1679401573
[1679401578] EXTERNAL COMMAND: SCHEDULE_FORCED_SVC_CHECK;SRV_chat.cass.cl;Almacenamiento /;1679401577
[1679401582] EXTERNAL COMMAND: SCHEDULE_FORCED_SVC_CHECK;SRV_chat.cass.cl;Almacenamiento /;1679401581
[1679401935] Caught SIGTERM, shutting down...
[1679401935] Caught SIGTERM, shutting down...
[1679401935] Caught SIGTERM, shutting down...
[1679401935] Successfully shutdown... (PID=15822)
[1679402054] Nagios 4.4.9 starting... (PID=19840)
[1679402054] Local time is Tue Mar 21 09:34:14 -03 2023
[1679402054] LOG VERSION: 2.0
[1679402054] qh: Socket '/usr/local/nagios/var/rw/nagios.qh' successfully initialized
[1679402054] qh: core query handler registered
[1679402054] qh: echo service query handler registered
[1679402054] qh: help for the query handler registered
[1679402054] wproc: Successfully registered manager as @wproc with query handler
[1679402054] wproc: Registry request: name=Core Worker 19843;pid=19843
[1679402054] wproc: Registry request: name=Core Worker 19841;pid=19841
[1679402054] wproc: Registry request: name=Core Worker 19844;pid=19844
[1679402054] wproc: Registry request: name=Core Worker 19842;pid=19842
[1679402054] Warning: Duplicate definition found for service 'Ping' on host 'SRV_chat.cass.cl' (config file '/usr/local/nagios/etc/objects/linux_service.cfg', starting on line 220)
[1679402054] Warning: Duplicate definition found for service 'Ping' on host 'SRV11VIBE_cass.cl' (config file '/usr/local/nagios/etc/objects/linux_service.cfg', starting on line 56)
[1679402054] Successfully launched command file worker with pid 19845
[1679402068] EXTERNAL COMMAND: SCHEDULE_FORCED_SVC_CHECK;SRV_chat.cass.cl;Almacenamiento /;1679402067
[1679402073] EXTERNAL COMMAND: SCHEDULE_FORCED_SVC_CHECK;SRV_chat.cass.cl;Almacenamiento /;1679402072
[1679402078] EXTERNAL COMMAND: SCHEDULE_FORCED_SVC_CHECK;SRV_chat.cass.cl;Almacenamiento /;1679402077
[1679402163] Caught SIGTERM, shutting down...
[1679402163] Caught SIGTERM, shutting down...
[1679402163] Caught SIGTERM, shutting down...
[1679402163] Successfully shutdown... (PID=19840)
[1679402163] Nagios 4.4.9 starting... (PID=20594)
[1679402163] Local time is Tue Mar 21 09:36:03 -03 2023
[1679402163] LOG VERSION: 2.0
[1679402163] qh: Socket '/usr/local/nagios/var/rw/nagios.qh' successfully initialized
[1679402163] qh: core query handler registered
[1679402163] qh: echo service query handler registered
[1679402163] qh: help for the query handler registered
[1679402163] wproc: Successfully registered manager as @wproc with query handler
[1679402163] wproc: Registry request: name=Core Worker 20596;pid=20596
[1679402163] wproc: Registry request: name=Core Worker 20597;pid=20597
[1679402163] wproc: Registry request: name=Core Worker 20595;pid=20595
[1679402163] wproc: Registry request: name=Core Worker 20598;pid=20598
[1679402163] Warning: Duplicate definition found for service 'Ping' on host 'SRV_chat.cass.cl' (config file '/usr/local/nagios/etc/objects/linux_service.cfg', starting on line 220)
[1679402163] Warning: Duplicate definition found for service 'Ping' on host 'SRV11VIBE_cass.cl' (config file '/usr/local/nagios/etc/objects/linux_service.cfg', starting on line 56)
[1679402163] Successfully launched command file worker with pid 20599
[1679402182] EXTERNAL COMMAND: SCHEDULE_FORCED_SVC_CHECK;SRV_chat.cass.cl;Almacenamiento /;1679402181
[1679402186] EXTERNAL COMMAND: SCHEDULE_FORCED_SVC_CHECK;SRV_chat.cass.cl;Almacenamiento /;1679402184
[1679402191] EXTERNAL COMMAND: SCHEDULE_FORCED_SVC_CHECK;SRV_chat.cass.cl;Almacenamiento /;1679402189
[1679402361] Caught SIGTERM, shutting down...
[1679402361] Successfully shutdown... (PID=20594)
[1679402361] Nagios 4.4.9 starting... (PID=22357)
[1679402361] Local time is Tue Mar 21 09:39:21 -03 2023
[1679402361] LOG VERSION: 2.0
[1679402361] qh: Socket '/usr/local/nagios/var/rw/nagios.qh' successfully initialized
[1679402361] qh: core query handler registered
[1679402361] qh: echo service query handler registered
[1679402361] qh: help for the query handler registered
[1679402361] wproc: Successfully registered manager as @wproc with query handler
[1679402361] wproc: Registry request: name=Core Worker 22358;pid=22358
[1679402361] wproc: Registry request: name=Core Worker 22361;pid=22361
[1679402361] wproc: Registry request: name=Core Worker 22360;pid=22360
[1679402361] wproc: Registry request: name=Core Worker 22359;pid=22359
[1679402361] Warning: Duplicate definition found for service 'Ping' on host 'SRV_chat.cass.cl' (config file '/usr/local/nagios/etc/objects/linux_service.cfg', starting on line 220)
[1679402361] Warning: Duplicate definition found for service 'Ping' on host 'SRV11VIBE_cass.cl' (config file '/usr/local/nagios/etc/objects/linux_service.cfg', starting on line 56)
[1679402361] Successfully launched command file worker with pid 22362
[1679402462] EXTERNAL COMMAND: SCHEDULE_FORCED_SVC_CHECK;SRV_chat.cass.cl;Almacenamiento /;1679402461
[1679402462] SERVICE ALERT: SRV_chat.cass.cl;Almacenamiento /;OK;HARD;1;DISK OK - free space: /var/tmp 999925 MiB (95.61% inode=-):
[1679402467] EXTERNAL COMMAND: SCHEDULE_FORCED_SVC_CHECK;SRV_chat.cass.cl;Almacenamiento /;1679402465
[1679402479] EXTERNAL COMMAND: SCHEDULE_FORCED_SVC_CHECK;SRV_chat.cass.cl;Almacenamiento /;1679402478
[1679403831] SERVICE ALERT: SRV_email.cass.cl;Actualizacion;CRITICAL;SOFT;1;CHECK_NRPE STATE CRITICAL: Socket timeout after 30 seconds.
[1679403962] SERVICE ALERT: SRV_email.cass.cl;Actualizacion;OK;SOFT;2;Updates OK : no updates available
[1679405961] Auto-save of retention data completed successfully.
[1679406198] SERVICE ALERT: FW Cass Telsur;Ancho de Banda LAN;CRITICAL;SOFT;1;(No output on stdout) stderr:
[1679406318] SERVICE ALERT: FW Cass Telsur;Ancho de Banda LAN;OK;SOFT;2;OK - Average IN: 78.72KB (0.06%), Average OUT: 801.95KB (0.64%)Total RX: 885.23GBytes, Total TX: 898.37GBytes
[1679406444] SERVICE ALERT: FW Cass Telsur;Ancho de Banda WAN;CRITICAL;SOFT;1;(No output on stdout) stderr:
[1679406564] SERVICE ALERT: FW Cass Telsur;Ancho de Banda WAN;OK;SOFT;2;OK - Average IN: 9.85B (0.00%), Average OUT: 3.09B (0.00%)Total RX: 17316.36GBytes, Total TX: 10227.38GBytes
[1679406748] SERVICE ALERT: FW Cass Telsur;Ancho de Banda LAN;CRITICAL;SOFT;1;(No output on stdout) stderr:
[1679406868] SERVICE ALERT: FW Cass Telsur;Ancho de Banda LAN;OK;SOFT;2;OK - Average IN: 65.24KB (0.05%), Average OUT: 618.02KB (0.49%)Total RX: 885.27GBytes, Total TX: 898.67GBytes
[1679406962] SERVICE ALERT: FW Cass Telsur;Estado Puerto LAN;WARNING;SOFT;1;WARNING: SNMP error: No response from remote host "201.220.96.34"
[1679407082] SERVICE ALERT: FW Cass Telsur;Estado Puerto LAN;OK;SOFT;2;OK: Interface eth0 (index 2) is up.
[1679407200] SERVICE ALERT: FW Cass Telsur;Ancho de Banda DMZ;CRITICAL;SOFT;1;(No output on stdout) stderr:
[1679407234] SERVICE ALERT: FW Cass Telsur;Ancho de Banda WAN;CRITICAL;SOFT;1;(No output on stdout) stderr:
[1679407320] SERVICE ALERT: FW Cass Telsur;Ancho de Banda DMZ;OK;SOFT;2;OK - Average IN: 6.50KB (0.01%), Average OUT: 10.93KB (0.01%)Total RX: 70.36GBytes, Total TX: 50.49GBytes
[1679407334] SERVICE ALERT: SRV_Cfiler.cass.cl;Actualizacion;CRITICAL;SOFT;1;CHECK_NRPE STATE CRITICAL: Socket timeout after 30 seconds.
[1679407354] SERVICE ALERT: FW Cass Telsur;Ancho de Banda WAN;OK;SOFT;2;OK - Average IN: 8.39B (0.00%), Average OUT: 6.35B (0.00%)Total RX: 17316.36GBytes, Total TX: 10227.38GBytes
[1679407473] SERVICE ALERT: SRV_Cfiler.cass.cl;Actualizacion;OK;SOFT;2;Updates OK : no updates available
[1679409070] SERVICE ALERT: FW Cass Telsur;Ancho de Banda DMZ;CRITICAL;SOFT;1;(No output on stdout) stderr:
[1679409139] SERVICE ALERT: FW Cass Telsur;Estado Puerto WAN;WARNING;SOFT;1;WARNING: SNMP error: No response from remote host "201.220.96.34"
[1679409190] SERVICE ALERT: FW Cass Telsur;Ancho de Banda DMZ;OK;SOFT;2;OK - Average IN: 42.92KB (0.03%), Average OUT: 9.23KB (0.01%)Total RX: 70.40GBytes, Total TX: 50.51GBytes
[1679409260] SERVICE ALERT: FW Cass Telsur;Estado Puerto WAN;OK;SOFT;2;OK: Interface eth1 (index 3) is up.
[1679409561] Auto-save of retention data completed successfully.
[1679410958] SERVICE ALERT: FW Cass Telsur;Ancho de Banda LAN;CRITICAL;SOFT;1;(No output on stdout) stderr:
[1679411078] SERVICE ALERT: FW Cass Telsur;Ancho de Banda LAN;OK;SOFT;2;OK - Average IN: 53.85KB (0.04%), Average OUT: 552.00KB (0.44%)Total RX: 885.57GBytes, Total TX: 900.45GBytes
[1679411505] wproc: Core Worker 22361: job 7531 (pid=30664) timed out. Killing it
[1679411505] wproc: CHECK job 7531 from worker Core Worker 22361 timed out after 30.01s
[1679411505] wproc:   host=Veeam2023.cass.pmc; service=(null);
[1679411505] wproc:   early_timeout=1; exited_ok=0; wait_status=0; error_code=62;
[1679411505] Warning: Check of host 'Veeam2023.cass.pmc' timed out after 30.01 seconds
[1679411505] HOST ALERT: Veeam2023.cass.pmc;DOWN;SOFT;1;(Host check timed out after 30.01 seconds)
[1679411505] wproc: Core Worker 22361: job 7531 (pid=30664): Dormant child reaped
[1679411523] SERVICE ALERT: Veeam2023.cass.pmc;Ping;CRITICAL;HARD;1;CRITICAL - Host Unreachable (10.0.0.83)
[1679411526] SERVICE ALERT: Veeam2023.cass.pmc;Actualizacion;CRITICAL;HARD;3;(No output on stdout) stderr: connect to address 10.0.0.83 port 5666: No route to host
[1679411526] SERVICE ALERT: Veeam2023.cass.pmc;Tiempo Activo;CRITICAL;HARD;1;connect to address 10.0.0.83 and port 12489: No route to host
[1679411530] SERVICE ALERT: Veeam2023.cass.pmc;Almacenamiento;CRITICAL;HARD;1;connect to address 10.0.0.83 and port 12489: No route to host
[1679411538] SERVICE ALERT: Veeam2023.cass.pmc;Memoria;CRITICAL;HARD;1;connect to address 10.0.0.83 and port 12489: No route to host
[1679411538] SERVICE ALERT: Veeam2023.cass.pmc;CPU;CRITICAL;HARD;1;connect to address 10.0.0.83 and port 12489: No route to host
[1679411568] HOST ALERT: Veeam2023.cass.pmc;DOWN;SOFT;2;CRITICAL - Host Unreachable (10.0.0.83)
[1679411631] HOST ALERT: Veeam2023.cass.pmc;DOWN;SOFT;3;CRITICAL - Host Unreachable (10.0.0.83)
[1679411691] HOST ALERT: Veeam2023.cass.pmc;DOWN;SOFT;4;CRITICAL - Host Unreachable (10.0.0.83)
[1679411751] HOST ALERT: Veeam2023.cass.pmc;DOWN;SOFT;5;CRITICAL - Host Unreachable (10.0.0.83)
[1679411811] HOST ALERT: Veeam2023.cass.pmc;DOWN;SOFT;6;CRITICAL - Host Unreachable (10.0.0.83)
[1679411871] HOST ALERT: Veeam2023.cass.pmc;DOWN;SOFT;7;CRITICAL - Host Unreachable (10.0.0.83)
[1679411931] HOST ALERT: Veeam2023.cass.pmc;DOWN;SOFT;8;CRITICAL - Host Unreachable (10.0.0.83)
[1679411994] HOST ALERT: Veeam2023.cass.pmc;DOWN;SOFT;9;CRITICAL - Host Unreachable (10.0.0.83)
[1679412054] HOST NOTIFICATION: nagiosadmin;Veeam2023.cass.pmc;DOWN;notify-host-by-email;CRITICAL - Host Unreachable (10.0.0.83)
[1679412054] HOST NOTIFICATION: andresnavarro;Veeam2023.cass.pmc;DOWN;notify-host-by-email;CRITICAL - Host Unreachable (10.0.0.83)
[1679412054] HOST NOTIFICATION: soporteti;Veeam2023.cass.pmc;DOWN;notify-host-by-telegram;CRITICAL - Host Unreachable (10.0.0.83)
[1679412054] HOST NOTIFICATION: soporteti;Veeam2023.cass.pmc;DOWN;notify-host-by-email;CRITICAL - Host Unreachable (10.0.0.83)
[1679412054] HOST NOTIFICATION: carlosstange;Veeam2023.cass.pmc;DOWN;notify-host-by-telegram;CRITICAL - Host Unreachable (10.0.0.83)
[1679412054] HOST NOTIFICATION: carlosstange;Veeam2023.cass.pmc;DOWN;notify-host-by-email;CRITICAL - Host Unreachable (10.0.0.83)
[1679412054] HOST ALERT: Veeam2023.cass.pmc;DOWN;HARD;10;CRITICAL - Host Unreachable (10.0.0.83)
[1679412472] SERVICE ALERT: Veeam2023.cass.pmc;Ping;OK;HARD;1;PING OK - Packet loss = 0%, RTA = 0.69 ms
[1679412476] HOST NOTIFICATION: nagiosadmin;Veeam2023.cass.pmc;UP;notify-host-by-email;PING OK - Packet loss = 0%, RTA = 0.74 ms
[1679412476] HOST NOTIFICATION: andresnavarro;Veeam2023.cass.pmc;UP;notify-host-by-email;PING OK - Packet loss = 0%, RTA = 0.74 ms
[1679412476] HOST NOTIFICATION: soporteti;Veeam2023.cass.pmc;UP;notify-host-by-telegram;PING OK - Packet loss = 0%, RTA = 0.74 ms
[1679412476] HOST NOTIFICATION: soporteti;Veeam2023.cass.pmc;UP;notify-host-by-email;PING OK - Packet loss = 0%, RTA = 0.74 ms
[1679412476] HOST NOTIFICATION: carlosstange;Veeam2023.cass.pmc;UP;notify-host-by-telegram;PING OK - Packet loss = 0%, RTA = 0.74 ms
[1679412476] HOST NOTIFICATION: carlosstange;Veeam2023.cass.pmc;UP;notify-host-by-email;PING OK - Packet loss = 0%, RTA = 0.74 ms
[1679412476] HOST ALERT: Veeam2023.cass.pmc;UP;HARD;1;PING OK - Packet loss = 0%, RTA = 0.74 ms
[1679412486] SERVICE ALERT: Veeam2023.cass.pmc;Almacenamiento;OK;HARD;1;c:\ - total: 99.33 Gb - used: 68.89 Gb (69%) - free 30.44 Gb (31%)
[1679412486] SERVICE ALERT: Veeam2023.cass.pmc;Tiempo Activo;OK;HARD;1;System Uptime - 0 day(s) 0 hour(s) 0 minute(s)
[1679412495] SERVICE ALERT: Veeam2023.cass.pmc;CPU;OK;HARD;1;CPU Load 0% (5 min average)
[1679412495] SERVICE ALERT: Veeam2023.cass.pmc;Memoria;OK;HARD;1;Memory usage: total:18815.17 MB - used: 1884.01 MB (10%) - free: 16931.16 MB (90%)
[1679412498] SERVICE NOTIFICATION: nagiosadmin;Veeam2023.cass.pmc;Actualizacion;CRITICAL;notify-service-by-email;CHECK_NRPE STATE CRITICAL: Socket timeout after 30 seconds.
[1679412498] SERVICE NOTIFICATION: andresnavarro;Veeam2023.cass.pmc;Actualizacion;CRITICAL;notify-service-by-email;CHECK_NRPE STATE CRITICAL: Socket timeout after 30 seconds.
[1679412498] SERVICE NOTIFICATION: soporteti;Veeam2023.cass.pmc;Actualizacion;CRITICAL;notify-service-by-telegram;CHECK_NRPE STATE CRITICAL: Socket timeout after 30 seconds.
[1679412498] SERVICE NOTIFICATION: soporteti;Veeam2023.cass.pmc;Actualizacion;CRITICAL;notify-service-by-email;CHECK_NRPE STATE CRITICAL: Socket timeout after 30 seconds.
[1679412498] SERVICE NOTIFICATION: carlosstange;Veeam2023.cass.pmc;Actualizacion;CRITICAL;notify-service-by-telegram;CHECK_NRPE STATE CRITICAL: Socket timeout after 30 seconds.
[1679412498] SERVICE NOTIFICATION: carlosstange;Veeam2023.cass.pmc;Actualizacion;CRITICAL;notify-service-by-email;CHECK_NRPE STATE CRITICAL: Socket timeout after 30 seconds.
[1679412558] SERVICE NOTIFICATION: nagiosadmin;Veeam2023.cass.pmc;Actualizacion;UNKNOWN;notify-service-by-email;CHECK_NRPE: Receive header underflow - only 0 bytes received (4 expected).
[1679412558] SERVICE NOTIFICATION: soporteti;Veeam2023.cass.pmc;Actualizacion;UNKNOWN;notify-service-by-telegram;CHECK_NRPE: Receive header underflow - only 0 bytes received (4 expected).
[1679412558] SERVICE NOTIFICATION: soporteti;Veeam2023.cass.pmc;Actualizacion;UNKNOWN;notify-service-by-email;CHECK_NRPE: Receive header underflow - only 0 bytes received (4 expected).
[1679412558] SERVICE NOTIFICATION: carlosstange;Veeam2023.cass.pmc;Actualizacion;UNKNOWN;notify-service-by-telegram;CHECK_NRPE: Receive header underflow - only 0 bytes received (4 expected).
[1679412558] SERVICE NOTIFICATION: carlosstange;Veeam2023.cass.pmc;Actualizacion;UNKNOWN;notify-service-by-email;CHECK_NRPE: Receive header underflow - only 0 bytes received (4 expected).
[1679412558] SERVICE ALERT: Veeam2023.cass.pmc;Actualizacion;UNKNOWN;HARD;3;CHECK_NRPE: Receive header underflow - only 0 bytes received (4 expected).
[1679412620] SERVICE NOTIFICATION: nagiosadmin;Veeam2023.cass.pmc;Actualizacion;CRITICAL;notify-service-by-email;Updates: 1 critical, 0 optional
[1679412620] SERVICE NOTIFICATION: andresnavarro;Veeam2023.cass.pmc;Actualizacion;CRITICAL;notify-service-by-email;Updates: 1 critical, 0 optional
[1679412620] SERVICE NOTIFICATION: soporteti;Veeam2023.cass.pmc;Actualizacion;CRITICAL;notify-service-by-telegram;Updates: 1 critical, 0 optional
[1679412620] SERVICE NOTIFICATION: soporteti;Veeam2023.cass.pmc;Actualizacion;CRITICAL;notify-service-by-email;Updates: 1 critical, 0 optional
[1679412620] SERVICE NOTIFICATION: carlosstange;Veeam2023.cass.pmc;Actualizacion;CRITICAL;notify-service-by-telegram;Updates: 1 critical, 0 optional
[1679412620] SERVICE NOTIFICATION: carlosstange;Veeam2023.cass.pmc;Actualizacion;CRITICAL;notify-service-by-email;Updates: 1 critical, 0 optional
[1679412620] SERVICE ALERT: Veeam2023.cass.pmc;Actualizacion;CRITICAL;HARD;3;Updates: 1 critical, 0 optional
[1679412849] SERVICE ALERT: Veeam2023.cass.pmc;Almacenamiento;CRITICAL;SOFT;1;connect to address 10.0.0.83 and port 12489: No route to host
[1679412849] SERVICE ALERT: Veeam2023.cass.pmc;Tiempo Activo;CRITICAL;SOFT;1;connect to address 10.0.0.83 and port 12489: No route to host
[1679412849] SERVICE ALERT: Veeam2023.cass.pmc;Ping;CRITICAL;SOFT;1;CRITICAL - Host Unreachable (10.0.0.83)
[1679412852] HOST ALERT: Veeam2023.cass.pmc;DOWN;SOFT;1;CRITICAL - Host Unreachable (10.0.0.83)
[1679412858] SERVICE ALERT: Veeam2023.cass.pmc;CPU;CRITICAL;HARD;1;connect to address 10.0.0.83 and port 12489: No route to host
[1679412858] SERVICE ALERT: Veeam2023.cass.pmc;Memoria;CRITICAL;HARD;1;connect to address 10.0.0.83 and port 12489: No route to host
[1679412912] HOST ALERT: Veeam2023.cass.pmc;DOWN;SOFT;2;CRITICAL - Host Unreachable (10.0.0.83)
[1679412972] SERVICE ALERT: Veeam2023.cass.pmc;Almacenamiento;CRITICAL;HARD;3;connect to address 10.0.0.83 and port 12489: No route to host
[1679412972] SERVICE ALERT: Veeam2023.cass.pmc;Tiempo Activo;CRITICAL;HARD;3;connect to address 10.0.0.83 and port 12489: No route to host
[1679412972] SERVICE ALERT: Veeam2023.cass.pmc;Ping;CRITICAL;HARD;3;CRITICAL - Host Unreachable (10.0.0.83)
[1679412975] HOST ALERT: Veeam2023.cass.pmc;DOWN;SOFT;3;CRITICAL - Host Unreachable (10.0.0.83)
[1679413029] SERVICE ALERT: Veeam2023.cass.pmc;Tiempo Activo;OK;HARD;1;System Uptime - 0 day(s) 0 hour(s) 0 minute(s)
[1679413030] SERVICE ALERT: Veeam2023.cass.pmc;Almacenamiento;OK;HARD;1;c:\ - total: 99.33 Gb - used: 68.78 Gb (69%) - free 30.55 Gb (31%)
[1679413033] SERVICE ALERT: Veeam2023.cass.pmc;Ping;OK;HARD;1;PING OK - Packet loss = 0%, RTA = 1.22 ms
[1679413033] HOST ALERT: Veeam2023.cass.pmc;UP;SOFT;1;PING OK - Packet loss = 0%, RTA = 1.05 ms
[1679413035] SERVICE ALERT: Veeam2023.cass.pmc;CPU;OK;HARD;1;CPU Load 0% (5 min average)
[1679413035] SERVICE ALERT: Veeam2023.cass.pmc;Memoria;OK;HARD;1;Memory usage: total:18815.17 MB - used: 1797.56 MB (10%) - free: 17017.61 MB (90%)
[1679413161] Auto-save of retention data completed successfully.
[1679413784] SERVICE ALERT: FW Cass Telsur;Ancho de Banda WAN;CRITICAL;SOFT;1;(No output on stdout) stderr:
[1679413905] SERVICE ALERT: FW Cass Telsur;Ancho de Banda WAN;OK;SOFT;2;OK - Average IN: 10.27B (0.00%), Average OUT: 3.07B (0.00%)Total RX: 17316.36GBytes, Total TX: 10227.38GBytes
[1679416761] Auto-save of retention data completed successfully.
[1679420361] Auto-save of retention data completed successfully.
[1679423444] SERVICE ALERT: SRV_chat.cass.cl;Servicio Nginx;CRITICAL;SOFT;1;CRITICAL: Service nginx is not running!
[1679423444] SERVICE ALERT: SRV_chat.cass.cl;Puerto HTTP;CRITICAL;SOFT;1;connect to address 127.0.0.1 and port 80: Connection refused
[1679423462] SERVICE ALERT: SRV_chat.cass.cl;Puerto HTTPS;CRITICAL;SOFT;1;connect to address 127.0.0.1 and port 443: Connection refused
[1679423564] SERVICE ALERT: SRV_chat.cass.cl;Servicio Nginx;OK;SOFT;2;OK: Service nginx is running!
[1679423565] SERVICE ALERT: SRV_chat.cass.cl;Puerto HTTP;OK;SOFT;2;TCP OK - 0.000 second response time on port 80
[1679423582] SERVICE ALERT: SRV_chat.cass.cl;Puerto HTTPS;OK;SOFT;2;TCP OK - 0.000 second response time on port 443
[1679423961] Auto-save of retention data completed successfully.
[1679424644] SERVICE ALERT: SRV_chat.cass.cl;Servicio Nginx;CRITICAL;SOFT;1;CRITICAL: Service nginx is not running!
[1679424645] SERVICE ALERT: SRV_chat.cass.cl;Puerto HTTP;CRITICAL;SOFT;1;connect to address 127.0.0.1 and port 80: Connection refused
[1679424662] SERVICE ALERT: SRV_chat.cass.cl;Puerto HTTPS;CRITICAL;SOFT;1;connect to address 127.0.0.1 and port 443: Connection refused
[1679424764] SERVICE ALERT: SRV_chat.cass.cl;Servicio Nginx;CRITICAL;SOFT;2;CRITICAL: Service nginx is not running!
[1679424765] SERVICE ALERT: SRV_chat.cass.cl;Puerto HTTP;CRITICAL;SOFT;2;connect to address 127.0.0.1 and port 80: Connection refused
[1679424782] SERVICE ALERT: SRV_chat.cass.cl;Puerto HTTPS;CRITICAL;SOFT;2;connect to address 127.0.0.1 and port 443: Connection refused
[1679424885] SERVICE NOTIFICATION: nagiosadmin;SRV_chat.cass.cl;Servicio Nginx;CRITICAL;notify-service-by-email;CRITICAL: Service nginx is not running!
[1679424885] SERVICE NOTIFICATION: andresnavarro;SRV_chat.cass.cl;Servicio Nginx;CRITICAL;notify-service-by-email;CRITICAL: Service nginx is not running!
[1679424885] SERVICE NOTIFICATION: soporteti;SRV_chat.cass.cl;Servicio Nginx;CRITICAL;notify-service-by-telegram;CRITICAL: Service nginx is not running!
[1679424885] SERVICE NOTIFICATION: soporteti;SRV_chat.cass.cl;Servicio Nginx;CRITICAL;notify-service-by-email;CRITICAL: Service nginx is not running!
[1679424885] SERVICE NOTIFICATION: carlosstange;SRV_chat.cass.cl;Servicio Nginx;CRITICAL;notify-service-by-telegram;CRITICAL: Service nginx is not running!
[1679424885] SERVICE NOTIFICATION: carlosstange;SRV_chat.cass.cl;Servicio Nginx;CRITICAL;notify-service-by-email;CRITICAL: Service nginx is not running!
[1679424885] SERVICE ALERT: SRV_chat.cass.cl;Servicio Nginx;CRITICAL;HARD;3;CRITICAL: Service nginx is not running!
[1679424885] SERVICE NOTIFICATION: nagiosadmin;SRV_chat.cass.cl;Puerto HTTP;CRITICAL;notify-service-by-email;connect to address 127.0.0.1 and port 80: Connection refused
[1679424885] SERVICE NOTIFICATION: andresnavarro;SRV_chat.cass.cl;Puerto HTTP;CRITICAL;notify-service-by-email;connect to address 127.0.0.1 and port 80: Connection refused
[1679424885] SERVICE NOTIFICATION: soporteti;SRV_chat.cass.cl;Puerto HTTP;CRITICAL;notify-service-by-telegram;connect to address 127.0.0.1 and port 80: Connection refused
[1679424885] SERVICE NOTIFICATION: soporteti;SRV_chat.cass.cl;Puerto HTTP;CRITICAL;notify-service-by-email;connect to address 127.0.0.1 and port 80: Connection refused
[1679424885] SERVICE NOTIFICATION: carlosstange;SRV_chat.cass.cl;Puerto HTTP;CRITICAL;notify-service-by-telegram;connect to address 127.0.0.1 and port 80: Connection refused
[1679424885] SERVICE NOTIFICATION: carlosstange;SRV_chat.cass.cl;Puerto HTTP;CRITICAL;notify-service-by-email;connect to address 127.0.0.1 and port 80: Connection refused
[1679424885] SERVICE ALERT: SRV_chat.cass.cl;Puerto HTTP;CRITICAL;HARD;3;connect to address 127.0.0.1 and port 80: Connection refused
[1679424902] SERVICE NOTIFICATION: nagiosadmin;SRV_chat.cass.cl;Puerto HTTPS;CRITICAL;notify-service-by-email;connect to address 127.0.0.1 and port 443: Connection refused
[1679424902] SERVICE NOTIFICATION: andresnavarro;SRV_chat.cass.cl;Puerto HTTPS;CRITICAL;notify-service-by-email;connect to address 127.0.0.1 and port 443: Connection refused
[1679424902] SERVICE NOTIFICATION: soporteti;SRV_chat.cass.cl;Puerto HTTPS;CRITICAL;notify-service-by-telegram;connect to address 127.0.0.1 and port 443: Connection refused
[1679424902] SERVICE NOTIFICATION: soporteti;SRV_chat.cass.cl;Puerto HTTPS;CRITICAL;notify-service-by-email;connect to address 127.0.0.1 and port 443: Connection refused
[1679424902] SERVICE NOTIFICATION: carlosstange;SRV_chat.cass.cl;Puerto HTTPS;CRITICAL;notify-service-by-telegram;connect to address 127.0.0.1 and port 443: Connection refused
[1679424902] SERVICE NOTIFICATION: carlosstange;SRV_chat.cass.cl;Puerto HTTPS;CRITICAL;notify-service-by-email;connect to address 127.0.0.1 and port 443: Connection refused
[1679424902] SERVICE ALERT: SRV_chat.cass.cl;Puerto HTTPS;CRITICAL;HARD;3;connect to address 127.0.0.1 and port 443: Connection refused
[1679425322] SERVICE NOTIFICATION: nagiosadmin;SRV_chat.cass.cl;Puerto HTTPS;OK;notify-service-by-email;TCP OK - 0.000 second response time on port 443
[1679425322] SERVICE NOTIFICATION: andresnavarro;SRV_chat.cass.cl;Puerto HTTPS;OK;notify-service-by-email;TCP OK - 0.000 second response time on port 443
[1679425322] SERVICE NOTIFICATION: soporteti;SRV_chat.cass.cl;Puerto HTTPS;OK;notify-service-by-telegram;TCP OK - 0.000 second response time on port 443
[1679425322] SERVICE NOTIFICATION: soporteti;SRV_chat.cass.cl;Puerto HTTPS;OK;notify-service-by-email;TCP OK - 0.000 second response time on port 443
[1679425322] SERVICE NOTIFICATION: carlosstange;SRV_chat.cass.cl;Puerto HTTPS;OK;notify-service-by-telegram;TCP OK - 0.000 second response time on port 443
[1679425322] SERVICE NOTIFICATION: carlosstange;SRV_chat.cass.cl;Puerto HTTPS;OK;notify-service-by-email;TCP OK - 0.000 second response time on port 443
[1679425322] SERVICE ALERT: SRV_chat.cass.cl;Puerto HTTPS;OK;HARD;1;TCP OK - 0.000 second response time on port 443
[1679425365] SERVICE NOTIFICATION: nagiosadmin;SRV_chat.cass.cl;Puerto HTTP;OK;notify-service-by-email;TCP OK - 0.000 second response time on port 80
[1679425365] SERVICE NOTIFICATION: andresnavarro;SRV_chat.cass.cl;Puerto HTTP;OK;notify-service-by-email;TCP OK - 0.000 second response time on port 80
[1679425365] SERVICE NOTIFICATION: soporteti;SRV_chat.cass.cl;Puerto HTTP;OK;notify-service-by-telegram;TCP OK - 0.000 second response time on port 80
[1679425365] SERVICE NOTIFICATION: soporteti;SRV_chat.cass.cl;Puerto HTTP;OK;notify-service-by-email;TCP OK - 0.000 second response time on port 80
[1679425365] SERVICE NOTIFICATION: carlosstange;SRV_chat.cass.cl;Puerto HTTP;OK;notify-service-by-telegram;TCP OK - 0.000 second response time on port 80
[1679425365] SERVICE NOTIFICATION: carlosstange;SRV_chat.cass.cl;Puerto HTTP;OK;notify-service-by-email;TCP OK - 0.000 second response time on port 80
[1679425365] SERVICE ALERT: SRV_chat.cass.cl;Puerto HTTP;OK;HARD;1;TCP OK - 0.000 second response time on port 80
[1679425365] SERVICE NOTIFICATION: nagiosadmin;SRV_chat.cass.cl;Servicio Nginx;OK;notify-service-by-email;OK: Service nginx is running!
[1679425365] SERVICE NOTIFICATION: andresnavarro;SRV_chat.cass.cl;Servicio Nginx;OK;notify-service-by-email;OK: Service nginx is running!
[1679425365] SERVICE NOTIFICATION: soporteti;SRV_chat.cass.cl;Servicio Nginx;OK;notify-service-by-telegram;OK: Service nginx is running!
[1679425365] SERVICE NOTIFICATION: soporteti;SRV_chat.cass.cl;Servicio Nginx;OK;notify-service-by-email;OK: Service nginx is running!
[1679425365] SERVICE NOTIFICATION: carlosstange;SRV_chat.cass.cl;Servicio Nginx;OK;notify-service-by-telegram;OK: Service nginx is running!
[1679425365] SERVICE NOTIFICATION: carlosstange;SRV_chat.cass.cl;Servicio Nginx;OK;notify-service-by-email;OK: Service nginx is running!
[1679425365] SERVICE ALERT: SRV_chat.cass.cl;Servicio Nginx;OK;HARD;1;OK: Service nginx is running!
[1679425425] SERVICE ALERT: SRV_chat.cass.cl;Puerto HTTP;CRITICAL;SOFT;1;connect to address 127.0.0.1 and port 80: Connection refused
[1679425425] SERVICE ALERT: SRV_chat.cass.cl;Servicio Nginx;CRITICAL;SOFT;1;CRITICAL: Service nginx is not running!
[1679425442] SERVICE ALERT: SRV_chat.cass.cl;Puerto HTTPS;CRITICAL;SOFT;1;connect to address 127.0.0.1 and port 443: Connection refused
[1679425479] SERVICE ALERT: FW Clinica PV Movistar;Ping;CRITICAL;SOFT;1;PING CRITICAL - Packet loss = 100%
[1679425501] wproc: Core Worker 22358: job 19107 (pid=13542) timed out. Killing it
[1679425501] wproc: CHECK job 19107 from worker Core Worker 22358 timed out after 30.01s
[1679425501] wproc:   host=FW Clinica PV Movistar; service=(null);
[1679425501] wproc:   early_timeout=1; exited_ok=0; wait_status=0; error_code=62;
[1679425501] Warning: Check of host 'FW Clinica PV Movistar' timed out after 30.01 seconds
[1679425501] HOST ALERT: FW Clinica PV Movistar;DOWN;SOFT;1;(Host check timed out after 30.01 seconds)
[1679425501] wproc: Core Worker 22358: job 19107 (pid=13542): Dormant child reaped
[1679425503] wproc: Core Worker 22360: job 19108 (pid=13557) timed out. Killing it
[1679425503] wproc: CHECK job 19108 from worker Core Worker 22360 timed out after 30.01s
[1679425503] wproc:   host=FW Clinica PV Telsur; service=(null);
[1679425503] wproc:   early_timeout=1; exited_ok=0; wait_status=0; error_code=62;
[1679425503] Warning: Check of host 'FW Clinica PV Telsur' timed out after 30.01 seconds
[1679425503] HOST ALERT: FW Clinica PV Telsur;DOWN;SOFT;1;(Host check timed out after 30.01 seconds)
[1679425503] wproc: Core Worker 22360: job 19108 (pid=13557): Dormant child reaped
[1679425545] SERVICE ALERT: SRV_chat.cass.cl;Puerto HTTP;OK;SOFT;2;TCP OK - 0.000 second response time on port 80
[1679425545] SERVICE ALERT: SRV_chat.cass.cl;Servicio Nginx;OK;SOFT;2;OK: Service nginx is running!
[1679425548] HOST ALERT: FW Clinica PV Movistar;UP;SOFT;1;PING OK - Packet loss = 50%, RTA = 34.20 ms
[1679425562] SERVICE ALERT: SRV_chat.cass.cl;Puerto HTTPS;OK;SOFT;2;TCP OK - 0.000 second response time on port 443
[1679425567] HOST ALERT: FW Clinica PV Telsur;UP;SOFT;1;PING OK - Packet loss = 0%, RTA = 1.37 ms
[1679425603] SERVICE ALERT: FW Clinica PV Movistar;Ping;OK;SOFT;2;PING OK - Packet loss = 0%, RTA = 42.26 ms
[1679427561] Auto-save of retention data completed successfully.
[1679428245] SERVICE ALERT: SRV_chat.cass.cl;Servicio Nginx;CRITICAL;SOFT;1;CRITICAL: Service nginx is not running!
[1679428245] SERVICE ALERT: SRV_chat.cass.cl;Puerto HTTP;CRITICAL;SOFT;1;connect to address 127.0.0.1 and port 80: Connection refused
[1679428262] SERVICE ALERT: SRV_chat.cass.cl;Puerto HTTPS;CRITICAL;SOFT;1;connect to address 127.0.0.1 and port 443: Connection refused
[1679428274] SERVICE ALERT: SRV_chat.cass.cl;Puerto Chat;CRITICAL;SOFT;1;connect to address 127.0.0.1 and port 3000: Connection refused
[1679428365] SERVICE ALERT: SRV_chat.cass.cl;Servicio Nginx;CRITICAL;SOFT;2;CRITICAL: Service nginx is not running!
[1679428365] SERVICE ALERT: SRV_chat.cass.cl;Puerto HTTP;CRITICAL;SOFT;2;connect to address 127.0.0.1 and port 80: Connection refused
[1679428382] SERVICE ALERT: SRV_chat.cass.cl;Puerto HTTPS;CRITICAL;SOFT;2;connect to address 127.0.0.1 and port 443: Connection refused
[1679428394] SERVICE ALERT: SRV_chat.cass.cl;Puerto Chat;CRITICAL;SOFT;2;connect to address 127.0.0.1 and port 3000: Connection refused
[1679428485] SERVICE ALERT: SRV_chat.cass.cl;Servicio Nginx;OK;SOFT;3;OK: Service nginx is running!
[1679428485] SERVICE ALERT: SRV_chat.cass.cl;Puerto HTTP;OK;SOFT;3;TCP OK - 0.000 second response time on port 80
[1679428502] SERVICE ALERT: SRV_chat.cass.cl;Puerto HTTPS;OK;SOFT;3;TCP OK - 0.000 second response time on port 443
[1679428515] SERVICE NOTIFICATION: nagiosadmin;SRV_chat.cass.cl;Puerto Chat;CRITICAL;notify-service-by-email;connect to address 127.0.0.1 and port 3000: Connection refused
[1679428515] SERVICE NOTIFICATION: andresnavarro;SRV_chat.cass.cl;Puerto Chat;CRITICAL;notify-service-by-email;connect to address 127.0.0.1 and port 3000: Connection refused
[1679428515] SERVICE NOTIFICATION: soporteti;SRV_chat.cass.cl;Puerto Chat;CRITICAL;notify-service-by-telegram;connect to address 127.0.0.1 and port 3000: Connection refused
[1679428515] SERVICE NOTIFICATION: soporteti;SRV_chat.cass.cl;Puerto Chat;CRITICAL;notify-service-by-email;connect to address 127.0.0.1 and port 3000: Connection refused
[1679428515] SERVICE NOTIFICATION: carlosstange;SRV_chat.cass.cl;Puerto Chat;CRITICAL;notify-service-by-telegram;connect to address 127.0.0.1 and port 3000: Connection refused
[1679428515] SERVICE NOTIFICATION: carlosstange;SRV_chat.cass.cl;Puerto Chat;CRITICAL;notify-service-by-email;connect to address 127.0.0.1 and port 3000: Connection refused
[1679428515] SERVICE ALERT: SRV_chat.cass.cl;Puerto Chat;CRITICAL;HARD;3;connect to address 127.0.0.1 and port 3000: Connection refused
[1679429995] SERVICE ALERT: FW Cass Telsur;Ancho de Banda WAN;CRITICAL;SOFT;1;(No output on stdout) stderr:
[1679430063] SERVICE ALERT: SRV_Cfiler.cass.cl;Actualizacion;CRITICAL;SOFT;1;CHECK_NRPE STATE CRITICAL: Socket timeout after 30 seconds.
[1679430068] SERVICE ALERT: SRV_chat.cass.cl;Actualizacion;CRITICAL;SOFT;1;CHECK_NRPE STATE CRITICAL: Socket timeout after 30 seconds.
[1679430125] SERVICE ALERT: FW Cass Telsur;Ancho de Banda WAN;OK;SOFT;2;OK - Average IN: 9.17B (0.00%), Average OUT: 5.90B (0.00%)Total RX: 17318.08GBytes, Total TX: 10229.72GBytes
[1679430195] SERVICE ALERT: SRV_Cfiler.cass.cl;Actualizacion;OK;SOFT;2;Updates OK : no updates available
[1679430200] SERVICE ALERT: SRV_chat.cass.cl;Actualizacion;OK;SOFT;2;Updates OK : no updates available
[1679431161] Auto-save of retention data completed successfully.
[1679432055] SERVICE ALERT: FW Cass Telsur;Ancho de Banda WAN;CRITICAL;SOFT;1;(No output on stdout) stderr:
[1679432115] SERVICE NOTIFICATION: nagiosadmin;SRV_chat.cass.cl;Puerto Chat;CRITICAL;notify-service-by-email;connect to address 127.0.0.1 and port 3000: Connection refused
[1679432115] SERVICE NOTIFICATION: andresnavarro;SRV_chat.cass.cl;Puerto Chat;CRITICAL;notify-service-by-email;connect to address 127.0.0.1 and port 3000: Connection refused
[1679432115] SERVICE NOTIFICATION: soporteti;SRV_chat.cass.cl;Puerto Chat;CRITICAL;notify-service-by-telegram;connect to address 127.0.0.1 and port 3000: Connection refused
[1679432115] SERVICE NOTIFICATION: soporteti;SRV_chat.cass.cl;Puerto Chat;CRITICAL;notify-service-by-email;connect to address 127.0.0.1 and port 3000: Connection refused
[1679432115] SERVICE NOTIFICATION: carlosstange;SRV_chat.cass.cl;Puerto Chat;CRITICAL;notify-service-by-telegram;connect to address 127.0.0.1 and port 3000: Connection refused
[1679432115] SERVICE NOTIFICATION: carlosstange;SRV_chat.cass.cl;Puerto Chat;CRITICAL;notify-service-by-email;connect to address 127.0.0.1 and port 3000: Connection refused
[1679432175] SERVICE ALERT: FW Cass Telsur;Ancho de Banda WAN;OK;SOFT;2;OK - Average IN: 10.94B (0.00%), Average OUT: 6.21B (0.00%)Total RX: 17318.08GBytes, Total TX: 10229.72GBytes
[1679433163] SERVICE ALERT: FW Cass Telsur;Estado Puerto DMZ;WARNING;SOFT;1;WARNING: SNMP error: No response from remote host "201.220.96.34"
[1679433283] SERVICE ALERT: FW Cass Telsur;Estado Puerto DMZ;OK;SOFT;2;OK: Interface eth2 (index 4) is up.
[1679433866] SERVICE ALERT: FW Cass Telsur;Ancho de Banda WAN;CRITICAL;SOFT;1;(No output on stdout) stderr:
[1679433893] SERVICE ALERT: FW Cass Telsur;Estado Puerto DMZ;WARNING;SOFT;1;WARNING: SNMP error: No response from remote host "201.220.96.34"
[1679433986] SERVICE ALERT: FW Cass Telsur;Ancho de Banda WAN;OK;SOFT;2;OK - Average IN: 14.44B (0.00%), Average OUT: 7.23B (0.00%)Total RX: 17318.08GBytes, Total TX: 10229.72GBytes
[1679434013] SERVICE ALERT: FW Cass Telsur;Estado Puerto DMZ;OK;SOFT;2;OK: Interface eth2 (index 4) is up.
[1679434050] SERVICE ALERT: FW Cass Telsur;Estado Puerto WAN;WARNING;SOFT;1;WARNING: SNMP error: No response from remote host "201.220.96.34"
[1679434171] SERVICE ALERT: FW Cass Telsur;Estado Puerto WAN;OK;SOFT;2;OK: Interface eth1 (index 3) is up.
[1679434232] SERVICE ALERT: SRV_email.cass.cl;Actualizacion;CRITICAL;SOFT;1;CHECK_NRPE STATE CRITICAL: Socket timeout after 30 seconds.
[1679434237] SERVICE ALERT: SRV_SOS2021.cass.cl;Actualizacion;CRITICAL;SOFT;1;CHECK_NRPE STATE CRITICAL: Socket timeout after 30 seconds.
[1679434245] SERVICE ALERT: SRV_Cfiler.cass.cl;Actualizacion;CRITICAL;SOFT;1;CHECK_NRPE STATE CRITICAL: Socket timeout after 30 seconds.
[1679434250] SERVICE ALERT: SRV_chat.cass.cl;Actualizacion;CRITICAL;SOFT;1;CHECK_NRPE STATE CRITICAL: Socket timeout after 30 seconds.
[1679434377] SERVICE ALERT: SRV_Cfiler.cass.cl;Actualizacion;OK;SOFT;2;Updates OK : no updates available
[1679434382] SERVICE ALERT: SRV_chat.cass.cl;Actualizacion;OK;SOFT;2;Updates OK : no updates available
[1679434382] SERVICE ALERT: SRV_email.cass.cl;Actualizacion;CRITICAL;SOFT;2;CHECK_NRPE STATE CRITICAL: Socket timeout after 30 seconds.
[1679434387] SERVICE ALERT: SRV_SOS2021.cass.cl;Actualizacion;CRITICAL;SOFT;2;CHECK_NRPE STATE CRITICAL: Socket timeout after 30 seconds.
[1679434517] SERVICE ALERT: SRV_email.cass.cl;Actualizacion;OK;SOFT;3;Updates OK : no updates available
[1679434524] SERVICE ALERT: SRV_SOS2021.cass.cl;Actualizacion;OK;SOFT;3;Updates OK : no updates available
[1679434532] SERVICE ALERT: SRV_chat.cass.cl;Actualizacion;CRITICAL;SOFT;1;CHECK_NRPE STATE CRITICAL: Socket timeout after 30 seconds.
[1679434674] SERVICE ALERT: SRV_SOS2021.cass.cl;Actualizacion;CRITICAL;SOFT;1;CHECK_NRPE STATE CRITICAL: Socket timeout after 30 seconds.
[1679434677] SERVICE ALERT: SRV_chat.cass.cl;Actualizacion;OK;SOFT;2;Updates OK : no updates available
[1679434761] Auto-save of retention data completed successfully.
[1679434787] SERVICE ALERT: SRV_email.cass.cl;Actualizacion;CRITICAL;SOFT;1;CHECK_NRPE STATE CRITICAL: Socket timeout after 30 seconds.
[1679434806] SERVICE ALERT: SRV_SOS2021.cass.cl;Actualizacion;OK;SOFT;2;Updates OK : no updates available
[1679434887] SERVICE ALERT: SRV_Cfiler.cass.cl;Actualizacion;CRITICAL;SOFT;1;CHECK_NRPE STATE CRITICAL: Socket timeout after 30 seconds.
[1679434933] SERVICE ALERT: SRV_email.cass.cl;Actualizacion;OK;SOFT;2;Updates OK : no updates available
[1679434947] SERVICE ALERT: SRV_chat.cass.cl;Actualizacion;CRITICAL;SOFT;1;CHECK_NRPE STATE CRITICAL: Socket timeout after 30 seconds.
[1679435037] SERVICE ALERT: SRV_Cfiler.cass.cl;Actualizacion;CRITICAL;SOFT;2;CHECK_NRPE STATE CRITICAL: Socket timeout after 30 seconds.
[1679435084] SERVICE ALERT: SRV_email.cass.cl;Actualizacion;CRITICAL;SOFT;1;CHECK_NRPE STATE CRITICAL: Socket timeout after 30 seconds.
[1679435097] SERVICE ALERT: SRV_chat.cass.cl;Actualizacion;CRITICAL;SOFT;2;CHECK_NRPE STATE CRITICAL: Socket timeout after 30 seconds.
[1679435184] SERVICE ALERT: SRV_Cfiler.cass.cl;Actualizacion;OK;SOFT;3;Updates OK : no updates available
[1679435196] SERVICE ALERT: SRV_SOS2021.cass.cl;Actualizacion;CRITICAL;SOFT;1;CHECK_NRPE STATE CRITICAL: Socket timeout after 30 seconds.
[1679435217] SERVICE ALERT: SRV_email.cass.cl;Actualizacion;OK;SOFT;2;Updates OK : no updates available
[1679435241] SERVICE ALERT: SRV_chat.cass.cl;Actualizacion;OK;SOFT;3;Updates OK : no updates available
[1679435327] SERVICE ALERT: SRV_SOS2021.cass.cl;Actualizacion;OK;SOFT;2;Updates OK : no updates available
[1679435335] SERVICE ALERT: SRV_Cfiler.cass.cl;Actualizacion;CRITICAL;SOFT;1;CHECK_NRPE STATE CRITICAL: Socket timeout after 30 seconds.
[1679435367] SERVICE ALERT: SRV_email.cass.cl;Actualizacion;CRITICAL;SOFT;1;CHECK_NRPE STATE CRITICAL: Socket timeout after 30 seconds.
[1679435478] SERVICE ALERT: SRV_SOS2021.cass.cl;Actualizacion;CRITICAL;SOFT;1;CHECK_NRPE STATE CRITICAL: Socket timeout after 30 seconds.
[1679435485] SERVICE ALERT: SRV_Cfiler.cass.cl;Actualizacion;CRITICAL;SOFT;2;CHECK_NRPE STATE CRITICAL: Socket timeout after 30 seconds.
[1679435517] SERVICE ALERT: SRV_email.cass.cl;Actualizacion;CRITICAL;SOFT;2;CHECK_NRPE STATE CRITICAL: Socket timeout after 30 seconds.
[1679435610] SERVICE ALERT: SRV_SOS2021.cass.cl;Actualizacion;OK;SOFT;2;Updates OK : no updates available
[1679435630] SERVICE ALERT: SRV_Cfiler.cass.cl;Actualizacion;OK;SOFT;3;Updates OK : no updates available
[1679435649] SERVICE ALERT: SRV_email.cass.cl;Actualizacion;OK;SOFT;3;Updates OK : no updates available
[1679435715] SERVICE NOTIFICATION: nagiosadmin;SRV_chat.cass.cl;Puerto Chat;CRITICAL;notify-service-by-email;connect to address 127.0.0.1 and port 3000: Connection refused
[1679435715] SERVICE NOTIFICATION: andresnavarro;SRV_chat.cass.cl;Puerto Chat;CRITICAL;notify-service-by-email;connect to address 127.0.0.1 and port 3000: Connection refused
[1679435715] SERVICE NOTIFICATION: soporteti;SRV_chat.cass.cl;Puerto Chat;CRITICAL;notify-service-by-telegram;connect to address 127.0.0.1 and port 3000: Connection refused
[1679435715] SERVICE NOTIFICATION: soporteti;SRV_chat.cass.cl;Puerto Chat;CRITICAL;notify-service-by-email;connect to address 127.0.0.1 and port 3000: Connection refused
[1679435715] SERVICE NOTIFICATION: carlosstange;SRV_chat.cass.cl;Puerto Chat;CRITICAL;notify-service-by-telegram;connect to address 127.0.0.1 and port 3000: Connection refused
[1679435715] SERVICE NOTIFICATION: carlosstange;SRV_chat.cass.cl;Puerto Chat;CRITICAL;notify-service-by-email;connect to address 127.0.0.1 and port 3000: Connection refused
[1679436240] SERVICE ALERT: SRV_SOS2021.cass.cl;Actualizacion;CRITICAL;SOFT;1;CHECK_NRPE STATE CRITICAL: Socket timeout after 30 seconds.
[1679436381] SERVICE ALERT: SRV_SOS2021.cass.cl;Actualizacion;OK;SOFT;2;Updates OK : no updates available
[1679436400] SERVICE ALERT: SRV_email.cass.cl;Actualizacion;CRITICAL;SOFT;1;CHECK_NRPE STATE CRITICAL: Socket timeout after 30 seconds.
[1679436539] SERVICE ALERT: SRV_email.cass.cl;Actualizacion;OK;SOFT;2;Updates OK : no updates available
[1679436689] SERVICE ALERT: SRV_email.cass.cl;Actualizacion;CRITICAL;SOFT;1;CHECK_NRPE STATE CRITICAL: Socket timeout after 30 seconds.
[1679436771] SERVICE ALERT: SRV_chat.cass.cl;Actualizacion;CRITICAL;SOFT;1;CHECK_NRPE STATE CRITICAL: Socket timeout after 30 seconds.
[1679436824] SERVICE ALERT: SRV_email.cass.cl;Actualizacion;OK;SOFT;2;Updates OK : no updates available
[1679436903] SERVICE ALERT: SRV_chat.cass.cl;Actualizacion;OK;SOFT;2;Updates OK : no updates available
[1679438361] Auto-save of retention data completed successfully.
[1679439315] SERVICE NOTIFICATION: nagiosadmin;SRV_chat.cass.cl;Puerto Chat;CRITICAL;notify-service-by-email;connect to address 127.0.0.1 and port 3000: Connection refused
[1679439315] SERVICE NOTIFICATION: andresnavarro;SRV_chat.cass.cl;Puerto Chat;CRITICAL;notify-service-by-email;connect to address 127.0.0.1 and port 3000: Connection refused
[1679439315] SERVICE NOTIFICATION: soporteti;SRV_chat.cass.cl;Puerto Chat;CRITICAL;notify-service-by-telegram;connect to address 127.0.0.1 and port 3000: Connection refused
[1679439315] SERVICE NOTIFICATION: soporteti;SRV_chat.cass.cl;Puerto Chat;CRITICAL;notify-service-by-email;connect to address 127.0.0.1 and port 3000: Connection refused
[1679439315] SERVICE NOTIFICATION: carlosstange;SRV_chat.cass.cl;Puerto Chat;CRITICAL;notify-service-by-telegram;connect to address 127.0.0.1 and port 3000: Connection refused
[1679439315] SERVICE NOTIFICATION: carlosstange;SRV_chat.cass.cl;Puerto Chat;CRITICAL;notify-service-by-email;connect to address 127.0.0.1 and port 3000: Connection refused
[1679441496] SERVICE ALERT: SRV_nagios;Actualizacion;CRITICAL;SOFT;1;YUM CRITICAL: 6 Updates Available
[1679441558] SERVICE ALERT: SRV_nagios;Actualizacion;CRITICAL;SOFT;2;YUM CRITICAL: 6 Updates Available
[1679441620] SERVICE ALERT: SRV_nagios;Actualizacion;CRITICAL;SOFT;3;YUM CRITICAL: 6 Updates Available
[1679441682] SERVICE ALERT: SRV_nagios;Actualizacion;CRITICAL;HARD;4;YUM CRITICAL: 6 Updates Available
[1679441961] Auto-save of retention data completed successfully.
[1679442194] SERVICE ALERT: SRV_email.cass.cl;Actualizacion;CRITICAL;SOFT;1;CHECK_NRPE STATE CRITICAL: Socket timeout after 30 seconds.
[1679442291] SERVICE ALERT: SRV_SOS2021.cass.cl;Actualizacion;CRITICAL;SOFT;1;CHECK_NRPE STATE CRITICAL: Socket timeout after 30 seconds.
[1679442336] SERVICE ALERT: SRV_email.cass.cl;Actualizacion;OK;SOFT;2;Updates OK : no updates available
[1679442423] SERVICE ALERT: SRV_SOS2021.cass.cl;Actualizacion;OK;SOFT;2;Updates OK : no updates available
[1679442453] SERVICE ALERT: SRV_chat.cass.cl;Actualizacion;CRITICAL;SOFT;1;CHECK_NRPE STATE CRITICAL: Socket timeout after 30 seconds.
[1679442547] SERVICE ALERT: SRV_email.cass.cl;Actualizacion;CRITICAL;SOFT;1;CHECK_NRPE STATE CRITICAL: Socket timeout after 30 seconds.
[1679442586] SERVICE ALERT: SRV_chat.cass.cl;Actualizacion;OK;SOFT;2;Updates OK : no updates available
[1679442693] SERVICE ALERT: SRV_SOS2021.cass.cl;Actualizacion;CRITICAL;SOFT;1;CHECK_NRPE STATE CRITICAL: Socket timeout after 30 seconds.
[1679442697] SERVICE ALERT: SRV_email.cass.cl;Actualizacion;CRITICAL;SOFT;2;CHECK_NRPE STATE CRITICAL: Socket timeout after 30 seconds.
[1679442796] SERVICE ALERT: SRV_chat.cass.cl;Actualizacion;CRITICAL;SOFT;1;CHECK_NRPE STATE CRITICAL: Socket timeout after 30 seconds.
[1679442825] SERVICE ALERT: SRV_SOS2021.cass.cl;Actualizacion;OK;SOFT;2;Updates OK : no updates available
[1679442847] SERVICE NOTIFICATION: nagiosadmin;SRV_email.cass.cl;Actualizacion;CRITICAL;notify-service-by-email;CHECK_NRPE STATE CRITICAL: Socket timeout after 30 seconds.
[1679442847] SERVICE NOTIFICATION: andresnavarro;SRV_email.cass.cl;Actualizacion;CRITICAL;notify-service-by-email;CHECK_NRPE STATE CRITICAL: Socket timeout after 30 seconds.
[1679442847] SERVICE NOTIFICATION: soporteti;SRV_email.cass.cl;Actualizacion;CRITICAL;notify-service-by-telegram;CHECK_NRPE STATE CRITICAL: Socket timeout after 30 seconds.
[1679442847] SERVICE NOTIFICATION: soporteti;SRV_email.cass.cl;Actualizacion;CRITICAL;notify-service-by-email;CHECK_NRPE STATE CRITICAL: Socket timeout after 30 seconds.
[1679442847] SERVICE NOTIFICATION: carlosstange;SRV_email.cass.cl;Actualizacion;CRITICAL;notify-service-by-telegram;CHECK_NRPE STATE CRITICAL: Socket timeout after 30 seconds.
[1679442847] SERVICE NOTIFICATION: carlosstange;SRV_email.cass.cl;Actualizacion;CRITICAL;notify-service-by-email;CHECK_NRPE STATE CRITICAL: Socket timeout after 30 seconds.
[1679442847] SERVICE ALERT: SRV_email.cass.cl;Actualizacion;CRITICAL;HARD;3;CHECK_NRPE STATE CRITICAL: Socket timeout after 30 seconds.
[1679442860] SERVICE ALERT: SRV_Cfiler.cass.cl;Actualizacion;CRITICAL;SOFT;1;CHECK_NRPE STATE CRITICAL: Socket timeout after 30 seconds.
[1679442915] SERVICE NOTIFICATION: nagiosadmin;SRV_chat.cass.cl;Puerto Chat;CRITICAL;notify-service-by-email;connect to address 127.0.0.1 and port 3000: Connection refused
[1679442915] SERVICE NOTIFICATION: andresnavarro;SRV_chat.cass.cl;Puerto Chat;CRITICAL;notify-service-by-email;connect to address 127.0.0.1 and port 3000: Connection refused
[1679442915] SERVICE NOTIFICATION: soporteti;SRV_chat.cass.cl;Puerto Chat;CRITICAL;notify-service-by-telegram;connect to address 127.0.0.1 and port 3000: Connection refused
[1679442915] SERVICE NOTIFICATION: soporteti;SRV_chat.cass.cl;Puerto Chat;CRITICAL;notify-service-by-email;connect to address 127.0.0.1 and port 3000: Connection refused
[1679442915] SERVICE NOTIFICATION: carlosstange;SRV_chat.cass.cl;Puerto Chat;CRITICAL;notify-service-by-telegram;connect to address 127.0.0.1 and port 3000: Connection refused
[1679442915] SERVICE NOTIFICATION: carlosstange;SRV_chat.cass.cl;Puerto Chat;CRITICAL;notify-service-by-email;connect to address 127.0.0.1 and port 3000: Connection refused
[1679442919] SERVICE NOTIFICATION: nagiosadmin;SRV_email.cass.cl;Actualizacion;OK;notify-service-by-email;Updates OK : no updates available
[1679442919] SERVICE NOTIFICATION: andresnavarro;SRV_email.cass.cl;Actualizacion;OK;notify-service-by-email;Updates OK : no updates available
[1679442919] SERVICE NOTIFICATION: soporteti;SRV_email.cass.cl;Actualizacion;OK;notify-service-by-telegram;Updates OK : no updates available
[1679442919] SERVICE NOTIFICATION: soporteti;SRV_email.cass.cl;Actualizacion;OK;notify-service-by-email;Updates OK : no updates available
[1679442919] SERVICE NOTIFICATION: carlosstange;SRV_email.cass.cl;Actualizacion;OK;notify-service-by-telegram;Updates OK : no updates available
[1679442919] SERVICE NOTIFICATION: carlosstange;SRV_email.cass.cl;Actualizacion;OK;notify-service-by-email;Updates OK : no updates available
[1679442919] SERVICE ALERT: SRV_email.cass.cl;Actualizacion;OK;HARD;1;Updates OK : no updates available
[1679442928] SERVICE ALERT: SRV_chat.cass.cl;Actualizacion;OK;SOFT;2;Updates OK : no updates available
[1679442997] SERVICE ALERT: SRV_email.cass.cl;Actualizacion;CRITICAL;SOFT;1;CHECK_NRPE STATE CRITICAL: Socket timeout after 30 seconds.
[1679443010] SERVICE ALERT: SRV_Cfiler.cass.cl;Actualizacion;CRITICAL;SOFT;2;CHECK_NRPE STATE CRITICAL: Socket timeout after 30 seconds.
[1679443035] SERVICE ALERT: SRV_SOS2021.cass.cl;Actualizacion;CRITICAL;SOFT;1;CHECK_NRPE STATE CRITICAL: Socket timeout after 30 seconds.
[1679443078] SERVICE ALERT: SRV_chat.cass.cl;Actualizacion;CRITICAL;SOFT;1;CHECK_NRPE STATE CRITICAL: Socket timeout after 30 seconds.
[1679443147] SERVICE ALERT: SRV_email.cass.cl;Actualizacion;CRITICAL;SOFT;2;CHECK_NRPE STATE CRITICAL: Socket timeout after 30 seconds.
[1679443158] SERVICE ALERT: SRV_Cfiler.cass.cl;Actualizacion;OK;SOFT;3;Updates OK : no updates available
[1679443180] SERVICE ALERT: SRV_SOS2021.cass.cl;Actualizacion;OK;SOFT;2;Updates OK : no updates available
[1679443215] SERVICE ALERT: SRV_chat.cass.cl;Actualizacion;OK;SOFT;2;Updates OK : no updates available
[1679443282] SERVICE ALERT: SRV_email.cass.cl;Actualizacion;OK;SOFT;3;Updates OK : no updates available
[1679443365] SERVICE ALERT: SRV_chat.cass.cl;Actualizacion;CRITICAL;SOFT;1;CHECK_NRPE STATE CRITICAL: Socket timeout after 30 seconds.
[1679443368] SERVICE ALERT: SRV_Cfiler.cass.cl;Actualizacion;CRITICAL;SOFT;1;CHECK_NRPE STATE CRITICAL: Socket timeout after 30 seconds.
[1679443390] SERVICE ALERT: SRV_SOS2021.cass.cl;Actualizacion;CRITICAL;SOFT;1;CHECK_NRPE STATE CRITICAL: Socket timeout after 30 seconds.
[1679443432] SERVICE ALERT: SRV_email.cass.cl;Actualizacion;CRITICAL;SOFT;1;CHECK_NRPE STATE CRITICAL: Socket timeout after 30 seconds.
[1679443506] SERVICE ALERT: SRV_Cfiler.cass.cl;Actualizacion;OK;SOFT;2;Updates OK : no updates available
[1679443515] SERVICE ALERT: SRV_chat.cass.cl;Actualizacion;CRITICAL;SOFT;2;CHECK_NRPE STATE CRITICAL: Socket timeout after 30 seconds.
[1679443522] SERVICE ALERT: SRV_SOS2021.cass.cl;Actualizacion;OK;SOFT;2;Updates OK : no updates available
[1679443533] wproc: Core Worker 22361: job 33991 (pid=28235) timed out. Killing it
[1679443533] wproc: CHECK job 33991 from worker Core Worker 22361 timed out after 30.01s
[1679443533] wproc:   host=FW Clinica PV Telsur; service=(null);
[1679443533] wproc:   early_timeout=1; exited_ok=0; wait_status=0; error_code=62;
[1679443533] Warning: Check of host 'FW Clinica PV Telsur' timed out after 30.01 seconds
[1679443533] HOST ALERT: FW Clinica PV Telsur;DOWN;SOFT;1;(Host check timed out after 30.01 seconds)
[1679443534] wproc: Core Worker 22361: job 33991 (pid=28235): Dormant child reaped
[1679443569] wproc: Core Worker 22359: job 34023 (pid=28571) timed out. Killing it
[1679443569] wproc: CHECK job 34023 from worker Core Worker 22359 timed out after 30.01s
[1679443569] wproc:   host=FW Clinica PV Movistar; service=(null);
[1679443569] wproc:   early_timeout=1; exited_ok=0; wait_status=0; error_code=62;
[1679443569] Warning: Check of host 'FW Clinica PV Movistar' timed out after 30.01 seconds
[1679443569] HOST ALERT: FW Clinica PV Movistar;DOWN;SOFT;1;(Host check timed out after 30.01 seconds)
[1679443569] wproc: Core Worker 22359: job 34023 (pid=28571): Dormant child reaped
[1679443573] SERVICE ALERT: FW Clinica PV Movistar;Ping;CRITICAL;HARD;1;PING CRITICAL - Packet loss = 100%
[1679443580] SERVICE ALERT: SRV_email.cass.cl;Actualizacion;OK;SOFT;2;Updates OK : no updates available
[1679443623] wproc: Core Worker 22360: job 34067 (pid=28997) timed out. Killing it
[1679443623] wproc: CHECK job 34067 from worker Core Worker 22360 timed out after 30.01s
[1679443623] wproc:   host=FW Clinica PV Telsur; service=(null);
[1679443623] wproc:   early_timeout=1; exited_ok=0; wait_status=0; error_code=62;
[1679443623] Warning: Check of host 'FW Clinica PV Telsur' timed out after 30.01 seconds
[1679443623] HOST ALERT: FW Clinica PV Telsur;DOWN;SOFT;2;(Host check timed out after 30.01 seconds)
[1679443624] wproc: Core Worker 22360: job 34067 (pid=28997): Dormant child reaped
[1679443651] SERVICE ALERT: SRV_chat.cass.cl;Actualizacion;OK;SOFT;3;Updates OK : no updates available
[1679443659] wproc: Core Worker 22361: job 34093 (pid=29212) timed out. Killing it
[1679443659] wproc: CHECK job 34093 from worker Core Worker 22361 timed out after 30.01s
[1679443659] wproc:   host=FW Clinica PV Movistar; service=(null);
[1679443659] wproc:   early_timeout=1; exited_ok=0; wait_status=0; error_code=62;
[1679443659] Warning: Check of host 'FW Clinica PV Movistar' timed out after 30.01 seconds
[1679443659] HOST ALERT: FW Clinica PV Movistar;DOWN;SOFT;2;(Host check timed out after 30.01 seconds)
[1679443659] wproc: Core Worker 22361: job 34093 (pid=29212): Dormant child reaped
[1679443669] SERVICE ALERT: FW Clinica PV Movistar;Ping;OK;HARD;1;PING OK - Packet loss = 28%, RTA = 35.74 ms
[1679443673] HOST ALERT: FW Clinica PV Movistar;UP;SOFT;1;PING OK - Packet loss = 0%, RTA = 35.58 ms
[1679443687] HOST ALERT: FW Clinica PV Telsur;UP;SOFT;1;PING OK - Packet loss = 0%, RTA = 1.28 ms
[1679443716] SERVICE ALERT: SRV_Cfiler.cass.cl;Actualizacion;CRITICAL;SOFT;1;CHECK_NRPE STATE CRITICAL: Socket timeout after 30 seconds.
[1679443733] SERVICE ALERT: SRV_SOS2021.cass.cl;Actualizacion;CRITICAL;SOFT;1;CHECK_NRPE STATE CRITICAL: Socket timeout after 30 seconds.
[1679443850] SERVICE ALERT: SRV_email.cass.cl;Actualizacion;CRITICAL;SOFT;1;CHECK_NRPE STATE CRITICAL: Socket timeout after 30 seconds.
[1679443850] SERVICE ALERT: SRV_Cfiler.cass.cl;Actualizacion;OK;SOFT;2;Updates OK : no updates available
[1679443864] SERVICE ALERT: SRV_SOS2021.cass.cl;Actualizacion;OK;SOFT;2;Updates OK : no updates available
[1679443921] SERVICE ALERT: SRV_chat.cass.cl;Actualizacion;CRITICAL;SOFT;1;CHECK_NRPE STATE CRITICAL: Socket timeout after 30 seconds.
[1679443988] SERVICE ALERT: SRV_email.cass.cl;Actualizacion;OK;SOFT;2;Updates OK : no updates available
[1679444054] SERVICE ALERT: SRV_chat.cass.cl;Actualizacion;OK;SOFT;2;Updates OK : no updates available
[1679444264] SERVICE ALERT: SRV_chat.cass.cl;Actualizacion;CRITICAL;SOFT;1;CHECK_NRPE STATE CRITICAL: Socket timeout after 30 seconds.
[1679444360] SERVICE ALERT: SRV_Cfiler.cass.cl;Actualizacion;CRITICAL;SOFT;1;CHECK_NRPE STATE CRITICAL: Socket timeout after 30 seconds.
[1679444374] SERVICE ALERT: SRV_SOS2021.cass.cl;Actualizacion;CRITICAL;SOFT;1;CHECK_NRPE STATE CRITICAL: Socket timeout after 30 seconds.
[1679444378] SERVICE ALERT: SRV_email.cass.cl;Actualizacion;CRITICAL;SOFT;1;CHECK_NRPE STATE CRITICAL: Socket timeout after 30 seconds.
[1679444398] SERVICE ALERT: SRV_chat.cass.cl;Actualizacion;OK;SOFT;2;Updates OK : no updates available
[1679444498] SERVICE ALERT: SRV_Cfiler.cass.cl;Actualizacion;OK;SOFT;2;Updates OK : no updates available
[1679444512] SERVICE ALERT: SRV_SOS2021.cass.cl;Actualizacion;OK;SOFT;2;Updates OK : no updates available
[1679444515] SERVICE ALERT: SRV_email.cass.cl;Actualizacion;OK;SOFT;2;Updates OK : no updates available
[1679444768] SERVICE ALERT: SRV_Cfiler.cass.cl;Actualizacion;CRITICAL;SOFT;1;CHECK_NRPE STATE CRITICAL: Socket timeout after 30 seconds.
[1679444903] SERVICE ALERT: SRV01USER_cass.cl;Actualizacion;UNKNOWN;HARD;3;CHECK_NRPE: Receive header underflow - only 0 bytes received (4 expected).
[1679444918] SERVICE ALERT: SRV_Cfiler.cass.cl;Actualizacion;CRITICAL;SOFT;2;CHECK_NRPE STATE CRITICAL: Socket timeout after 30 seconds.
[1679444966] SERVICE ALERT: SRV01USER_cass.cl;Actualizacion;CRITICAL;HARD;3;Updates: 5 critical, 0 optional
[1679445028] SERVICE ALERT: SRV_chat.cass.cl;Actualizacion;CRITICAL;SOFT;1;CHECK_NRPE STATE CRITICAL: Socket timeout after 30 seconds.
[1679445055] SERVICE ALERT: SRV_Cfiler.cass.cl;Actualizacion;OK;SOFT;3;Updates OK : no updates available
[1679445160] SERVICE ALERT: SRV_chat.cass.cl;Actualizacion;OK;SOFT;2;Updates OK : no updates available
[1679445561] Auto-save of retention data completed successfully.
[1679445682] SERVICE ALERT: SRV_SOS2021.cass.cl;Actualizacion;CRITICAL;SOFT;1;CHECK_NRPE STATE CRITICAL: Socket timeout after 30 seconds.
[1679445816] SERVICE ALERT: SRV_SOS2021.cass.cl;Actualizacion;OK;SOFT;2;Updates OK : no updates available
[1679445985] SERVICE ALERT: SRV_email.cass.cl;Actualizacion;CRITICAL;SOFT;1;CHECK_NRPE STATE CRITICAL: Socket timeout after 30 seconds.
[1679445986] SERVICE ALERT: SRV_Cfiler.cass.cl;Actualizacion;CRITICAL;SOFT;1;CHECK_NRPE STATE CRITICAL: Socket timeout after 30 seconds.
[1679446120] SERVICE ALERT: SRV_Cfiler.cass.cl;Actualizacion;OK;SOFT;2;Updates OK : no updates available
[1679446122] SERVICE ALERT: SRV_email.cass.cl;Actualizacion;OK;SOFT;2;Updates OK : no updates available
[1679446515] SERVICE NOTIFICATION: nagiosadmin;SRV_chat.cass.cl;Puerto Chat;CRITICAL;notify-service-by-email;connect to address 127.0.0.1 and port 3000: Connection refused
[1679446515] SERVICE NOTIFICATION: andresnavarro;SRV_chat.cass.cl;Puerto Chat;CRITICAL;notify-service-by-email;connect to address 127.0.0.1 and port 3000: Connection refused
[1679446515] SERVICE NOTIFICATION: soporteti;SRV_chat.cass.cl;Puerto Chat;CRITICAL;notify-service-by-telegram;connect to address 127.0.0.1 and port 3000: Connection refused
[1679446515] SERVICE NOTIFICATION: soporteti;SRV_chat.cass.cl;Puerto Chat;CRITICAL;notify-service-by-email;connect to address 127.0.0.1 and port 3000: Connection refused
[1679446515] SERVICE NOTIFICATION: carlosstange;SRV_chat.cass.cl;Puerto Chat;CRITICAL;notify-service-by-telegram;connect to address 127.0.0.1 and port 3000: Connection refused
[1679446515] SERVICE NOTIFICATION: carlosstange;SRV_chat.cass.cl;Puerto Chat;CRITICAL;notify-service-by-email;connect to address 127.0.0.1 and port 3000: Connection refused
[1679446990] SERVICE ALERT: SRV_chat.cass.cl;Actualizacion;CRITICAL;SOFT;1;CHECK_NRPE STATE CRITICAL: Socket timeout after 30 seconds.
[1679447052] SERVICE ALERT: SRV_email.cass.cl;Actualizacion;CRITICAL;SOFT;1;CHECK_NRPE STATE CRITICAL: Socket timeout after 30 seconds.
[1679447127] SERVICE ALERT: SRV_chat.cass.cl;Actualizacion;OK;SOFT;2;Updates OK : no updates available
[1679447188] SERVICE ALERT: SRV_email.cass.cl;Actualizacion;OK;SOFT;2;Updates OK : no updates available
[1679447226] SERVICE ALERT: SRV_SOS2021.cass.cl;Actualizacion;CRITICAL;SOFT;1;CHECK_NRPE STATE CRITICAL: Socket timeout after 30 seconds.
[1679447375] SERVICE ALERT: SRV_SOS2021.cass.cl;Actualizacion;OK;SOFT;2;Updates OK : no updates available
[1679447457] SERVICE ALERT: SRV_chat.cass.cl;Actualizacion;CRITICAL;SOFT;1;CHECK_NRPE STATE CRITICAL: Socket timeout after 30 seconds.
[1679447590] SERVICE ALERT: SRV_chat.cass.cl;Actualizacion;OK;SOFT;2;Updates OK : no updates available
[1679448340] SERVICE ALERT: SRV_chat.cass.cl;Actualizacion;CRITICAL;SOFT;1;CHECK_NRPE STATE CRITICAL: Socket timeout after 30 seconds.
[1679448477] SERVICE ALERT: SRV_chat.cass.cl;Actualizacion;OK;SOFT;2;Updates OK : no updates available
[1679448598] SERVICE ALERT: SRV_email.cass.cl;Actualizacion;CRITICAL;SOFT;1;CHECK_NRPE STATE CRITICAL: Socket timeout after 30 seconds.
[1679448605] SERVICE ALERT: SRV_SOS2021.cass.cl;Actualizacion;CRITICAL;SOFT;1;CHECK_NRPE STATE CRITICAL: Socket timeout after 30 seconds.
[1679448736] SERVICE ALERT: SRV_email.cass.cl;Actualizacion;OK;SOFT;2;Updates OK : no updates available
[1679448738] SERVICE ALERT: SRV_SOS2021.cass.cl;Actualizacion;OK;SOFT;2;Updates OK : no updates available
[1679449161] Auto-save of retention data completed successfully.
[1679449486] SERVICE ALERT: SRV_email.cass.cl;Actualizacion;CRITICAL;SOFT;1;CHECK_NRPE STATE CRITICAL: Socket timeout after 30 seconds.
[1679449617] SERVICE ALERT: SRV_email.cass.cl;Actualizacion;OK;SOFT;2;Updates OK : no updates available
[1679450116] SERVICE NOTIFICATION: nagiosadmin;SRV_chat.cass.cl;Puerto Chat;CRITICAL;notify-service-by-email;connect to address 127.0.0.1 and port 3000: Connection refused
[1679450116] SERVICE NOTIFICATION: andresnavarro;SRV_chat.cass.cl;Puerto Chat;CRITICAL;notify-service-by-email;connect to address 127.0.0.1 and port 3000: Connection refused
[1679450116] SERVICE NOTIFICATION: soporteti;SRV_chat.cass.cl;Puerto Chat;CRITICAL;notify-service-by-telegram;connect to address 127.0.0.1 and port 3000: Connection refused
[1679450116] SERVICE NOTIFICATION: soporteti;SRV_chat.cass.cl;Puerto Chat;CRITICAL;notify-service-by-email;connect to address 127.0.0.1 and port 3000: Connection refused
[1679450116] SERVICE NOTIFICATION: carlosstange;SRV_chat.cass.cl;Puerto Chat;CRITICAL;notify-service-by-telegram;connect to address 127.0.0.1 and port 3000: Connection refused
[1679450116] SERVICE NOTIFICATION: carlosstange;SRV_chat.cass.cl;Puerto Chat;CRITICAL;notify-service-by-email;connect to address 127.0.0.1 and port 3000: Connection refused
[1679450770] SERVICE ALERT: SRV_Cfiler.cass.cl;Actualizacion;CRITICAL;SOFT;1;CHECK_NRPE STATE CRITICAL: Socket timeout after 30 seconds.
[1679450787] SERVICE ALERT: SRV_chat.cass.cl;Actualizacion;CRITICAL;SOFT;1;CHECK_NRPE STATE CRITICAL: Socket timeout after 30 seconds.
[1679450868] SERVICE ALERT: SRV_SOS2021.cass.cl;Actualizacion;CRITICAL;SOFT;1;CHECK_NRPE STATE CRITICAL: Socket timeout after 30 seconds.
[1679450918] SERVICE ALERT: SRV_Cfiler.cass.cl;Actualizacion;OK;SOFT;2;Updates OK : no updates available
[1679450930] SERVICE ALERT: SRV_chat.cass.cl;Actualizacion;OK;SOFT;2;Updates OK : no updates available
[1679451004] SERVICE ALERT: SRV_SOS2021.cass.cl;Actualizacion;OK;SOFT;2;Updates OK : no updates available
[1679451080] SERVICE ALERT: SRV_chat.cass.cl;Actualizacion;CRITICAL;SOFT;1;CHECK_NRPE STATE CRITICAL: Socket timeout after 30 seconds.
[1679451087] SERVICE ALERT: SRV_email.cass.cl;Actualizacion;CRITICAL;SOFT;1;CHECK_NRPE STATE CRITICAL: Socket timeout after 30 seconds.
[1679451230] SERVICE ALERT: SRV_chat.cass.cl;Actualizacion;CRITICAL;SOFT;2;CHECK_NRPE STATE CRITICAL: Socket timeout after 30 seconds.
[1679451231] SERVICE ALERT: SRV_email.cass.cl;Actualizacion;OK;SOFT;2;Updates OK : no updates available
[1679451364] SERVICE ALERT: SRV_chat.cass.cl;Actualizacion;OK;SOFT;3;Updates OK : no updates available
[1679452028] SERVICE ALERT: SRV_Cfiler.cass.cl;Actualizacion;CRITICAL;SOFT;1;CHECK_NRPE STATE CRITICAL: Socket timeout after 30 seconds.
[1679452162] SERVICE ALERT: SRV_Cfiler.cass.cl;Actualizacion;OK;SOFT;2;Updates OK : no updates available
[1679452761] Auto-save of retention data completed successfully.
[1679453001] SERVICE ALERT: SRV_email.cass.cl;Actualizacion;CRITICAL;SOFT;1;CHECK_NRPE STATE CRITICAL: Socket timeout after 30 seconds.
[1679453133] SERVICE ALERT: SRV_email.cass.cl;Actualizacion;OK;SOFT;2;Updates OK : no updates available
[1679453194] SERVICE ALERT: SRV_chat.cass.cl;Actualizacion;CRITICAL;SOFT;1;CHECK_NRPE STATE CRITICAL: Socket timeout after 30 seconds.
[1679453327] SERVICE ALERT: SRV_chat.cass.cl;Actualizacion;OK;SOFT;2;Updates OK : no updates available
[1679453452] SERVICE ALERT: SRV_Cfiler.cass.cl;Actualizacion;CRITICAL;SOFT;1;CHECK_NRPE STATE CRITICAL: Socket timeout after 30 seconds.
[1679453477] SERVICE ALERT: SRV_chat.cass.cl;Actualizacion;CRITICAL;SOFT;1;CHECK_NRPE STATE CRITICAL: Socket timeout after 30 seconds.
[1679453588] SERVICE ALERT: SRV_Cfiler.cass.cl;Actualizacion;OK;SOFT;2;Updates OK : no updates available
[1679453613] SERVICE ALERT: SRV_chat.cass.cl;Actualizacion;OK;SOFT;2;Updates OK : no updates available
[1679453703] SERVICE ALERT: SRV_email.cass.cl;Actualizacion;CRITICAL;SOFT;1;CHECK_NRPE STATE CRITICAL: Socket timeout after 30 seconds.
[1679453775] SERVICE NOTIFICATION: nagiosadmin;SRV_chat.cass.cl;Puerto Chat;CRITICAL;notify-service-by-email;connect to address 127.0.0.1 and port 3000: Connection refused
[1679453775] SERVICE NOTIFICATION: andresnavarro;SRV_chat.cass.cl;Puerto Chat;CRITICAL;notify-service-by-email;connect to address 127.0.0.1 and port 3000: Connection refused
[1679453775] SERVICE NOTIFICATION: soporteti;SRV_chat.cass.cl;Puerto Chat;CRITICAL;notify-service-by-telegram;connect to address 127.0.0.1 and port 3000: Connection refused
[1679453775] SERVICE NOTIFICATION: soporteti;SRV_chat.cass.cl;Puerto Chat;CRITICAL;notify-service-by-email;connect to address 127.0.0.1 and port 3000: Connection refused
[1679453775] SERVICE NOTIFICATION: carlosstange;SRV_chat.cass.cl;Puerto Chat;CRITICAL;notify-service-by-telegram;connect to address 127.0.0.1 and port 3000: Connection refused
[1679453775] SERVICE NOTIFICATION: carlosstange;SRV_chat.cass.cl;Puerto Chat;CRITICAL;notify-service-by-email;connect to address 127.0.0.1 and port 3000: Connection refused
[1679453835] SERVICE ALERT: SRV_email.cass.cl;Actualizacion;OK;SOFT;2;Updates OK : no updates available
