-------------------------------------------------------------------
01.02.2023 13:01:29  :    ------------ START posting to 370022700 ------------
01.02.2023 13:01:31  :    ERROR with Telegram chat: 370022700.
01.02.2023 13:01:31  :    Message was NOT sent to telegram 370022700
Text: Notify%3A+NOTIFICATIONTYPE+%0A+Host%3A+HOSTNAME+%0A+Service%3A+SERVICEDESC+%0A+Date%3A+SHORTDATETIME+%0A+Info%3A+SERVICEOUTPUT
-------------------------------------------------------------------
01.02.2023 13:28:50  :    ------------ START posting to 370022700 ------------
01.02.2023 13:28:52  :    ERROR with Telegram chat: 370022700.
01.02.2023 13:28:52  :    Message was NOT sent to telegram 370022700
Text: Notify%3A+NOTIFICATIONTYPE+%0A+Host%3A+HOSTNAME+%0A+Service%3A+SERVICEDESC+%0A+Date%3A+SHORTDATETIME+%0A+Info%3A+SERVICEOUTPUT
-------------------------------------------------------------------
01.02.2023 13:33:02  :    ------------ START posting to 850681875 ------------
01.02.2023 13:33:03  :    ERROR with Telegram chat: 850681875.
01.02.2023 13:33:03  :    Message was NOT sent to telegram 850681875
Text: Notify%3A+NOTIFICATIONTYPE+%0A+Host%3A+HOSTNAME+%0A+Service%3A+SERVICEDESC+%0A+Date%3A+SHORTDATETIME+%0A+Info%3A+SERVICEOUTPUT
-------------------------------------------------------------------
01.02.2023 13:33:40  :    ------------ START posting to -850681875 ------------
01.02.2023 13:33:41  :    ERROR with Telegram chat: -850681875.
01.02.2023 13:33:41  :    Message was NOT sent to telegram -850681875
Text: Notify%3A+NOTIFICATIONTYPE+%0A+Host%3A+HOSTNAME+%0A+Service%3A+SERVICEDESC+%0A+Date%3A+SHORTDATETIME+%0A+Info%3A+SERVICEOUTPUT
-------------------------------------------------------------------
01.02.2023 13:33:51  :    ------------ START posting to -850681875 ------------
01.02.2023 13:33:53  :    Message was SENT to telegram -850681875
Text: Notify%3A+NOTIFICATIONTYPE+%0A+Host%3A+HOSTNAME+%0A+Service%3A+SERVICEDESC+%0A+Date%3A+SHORTDATETIME+%0A+Info%3A+SERVICEOUTPUT
01.02.2023 13:33:53  :    ------------ END posting to -850681875 ------------
-------------------------------------------------------------------
01.02.2023 13:34:08  :    ------------ START posting to -850681875 ------------
01.02.2023 13:34:09  :    Message was SENT to telegram -850681875
Text: Notify%3A+NOTIFICATIONTYPE+%0A+Host%3A+HOSTNAME+%0A+Service%3A+SERVICEDESC+%0A+Date%3A+SHORTDATETIME+%0A+Info%3A+SERVICEOUTPUT
01.02.2023 13:34:09  :    ------------ END posting to -850681875 ------------
-------------------------------------------------------------------
01.02.2023 13:39:14  :    ------------ START posting to -850681875 ------------
01.02.2023 13:39:15  :    Message was SENT to telegram -850681875
Text: Notify%3A+NOTIFICATIONTYPE+%0A+Host%3A+HOSTNAME+%0A+Service%3A+SERVICEDESC+%0A+Date%3A+SHORTDATETIME+%0A+Info%3A+SERVICEOUTPUT
01.02.2023 13:39:15  :    ------------ END posting to -850681875 ------------
